<?xml version="1.0" encoding="UTF-8"?>
<robot generator="Robot 7.2.2 (Python 3.10.12 on linux)" generated="2025-04-29T11:46:27.564960" rpa="false" schemaversion="5">
<suite id="s1" name="Text Editor Tests" source="/home/nguyenvh/Sync/3a/stage_stet/projet_dho/robot-report-generator/tests/text_editor_tests.robot">
<test id="s1-t1" name="Create And Save New Document" line="9">
<kw name="Open Text Editor" owner="text_editor_keywords" type="SETUP">
<kw name="Open Browser" owner="SeleniumLibrary">
<msg time="2025-04-29T11:46:27.706796" level="INFO">Opening browser 'chrome' to base url 'http://localhost:3000'.</msg>
<arg>${app.url}</arg>
<arg>chrome</arg>
<doc>Opens a new browser instance to the optional ``url``.</doc>
<status status="PASS" start="2025-04-29T11:46:27.706282" elapsed="0.716280"/>
</kw>
<kw name="Click Element" owner="SeleniumLibrary">
<msg time="2025-04-29T11:46:28.423798" level="INFO">Clicking element 'xpath=//button[contains(text(), 'Text Editor')]'.</msg>
<arg>${selectors.header.text_editor_button}</arg>
<doc>Click the element identified by ``locator``.</doc>
<status status="PASS" start="2025-04-29T11:46:28.422894" elapsed="0.111977"/>
</kw>
<kw name="Wait Until Page Contains Element" owner="SeleniumLibrary">
<arg>${selectors.text_editor.filename_input}</arg>
<arg>${timeouts.page_load}</arg>
<doc>Waits until the element ``locator`` appears on the current page.</doc>
<status status="PASS" start="2025-04-29T11:46:28.535164" elapsed="0.008415"/>
</kw>
<kw name="Log" owner="BuiltIn">
<msg time="2025-04-29T11:46:28.544006" level="INFO">Opened Text Editor</msg>
<arg>Opened Text Editor</arg>
<doc>Logs the given message with the given level.</doc>
<status status="PASS" start="2025-04-29T11:46:28.543826" elapsed="0.000236"/>
</kw>
<status status="PASS" start="2025-04-29T11:46:27.705481" elapsed="0.838659"/>
</kw>
<kw name="Create And Save Document" owner="text_editor_keywords">
<kw name="Set File Name" owner="text_editor_keywords">
<kw name="Input Text" owner="SeleniumLibrary">
<msg time="2025-04-29T11:46:28.545823" level="INFO">Typing text 'test_document.txt' into text field 'css=input[type='text']'.</msg>
<arg>${selectors.text_editor.filename_input}</arg>
<arg>${filename}</arg>
<doc>Types the given ``text`` into the text field identified by ``locator``.</doc>
<status status="PASS" start="2025-04-29T11:46:28.545446" elapsed="0.079866"/>
</kw>
<arg>${filename}</arg>
<status status="PASS" start="2025-04-29T11:46:28.545224" elapsed="0.080279"/>
</kw>
<kw name="Set Content" owner="text_editor_keywords">
<kw name="Input Text" owner="SeleniumLibrary">
<msg time="2025-04-29T11:46:28.627029" level="INFO">Typing text 'This is a test document content' into text field 'css=textarea'.</msg>
<arg>${selectors.text_editor.content_textarea}</arg>
<arg>${content}</arg>
<doc>Types the given ``text`` into the text field identified by ``locator``.</doc>
<status status="PASS" start="2025-04-29T11:46:28.626294" elapsed="0.086572"/>
</kw>
<arg>${content}</arg>
<status status="PASS" start="2025-04-29T11:46:28.625789" elapsed="0.087277"/>
</kw>
<kw name="Save Document" owner="text_editor_keywords">
<kw name="Get Editor Content" owner="text_editor_keywords">
<kw name="Get Value" owner="SeleniumLibrary">
<msg time="2025-04-29T11:46:28.724202" level="INFO">${content} = This is a test document content</msg>
<var>${content}</var>
<arg>${selectors.text_editor.content_textarea}</arg>
<doc>Returns the value attribute of the element identified by ``locator``.</doc>
<status status="PASS" start="2025-04-29T11:46:28.714175" elapsed="0.010081"/>
</kw>
<return>
<value>${content}</value>
<status status="PASS" start="2025-04-29T11:46:28.724351" elapsed="0.000068"/>
</return>
<msg time="2025-04-29T11:46:28.724568" level="INFO">${content} = This is a test document content</msg>
<var>${content}</var>
<status status="PASS" start="2025-04-29T11:46:28.713829" elapsed="0.010765"/>
</kw>
<kw name="Get File Name" owner="text_editor_keywords">
<kw name="Get Value" owner="SeleniumLibrary">
<msg time="2025-04-29T11:46:28.732499" level="INFO">${filename} = test_document.txt</msg>
<var>${filename}</var>
<arg>${selectors.text_editor.filename_input}</arg>
<doc>Returns the value attribute of the element identified by ``locator``.</doc>
<status status="PASS" start="2025-04-29T11:46:28.725118" elapsed="0.007427"/>
</kw>
<return>
<value>${filename}</value>
<status status="PASS" start="2025-04-29T11:46:28.732640" elapsed="0.000048"/>
</return>
<msg time="2025-04-29T11:46:28.732823" level="INFO">${filename} = test_document.txt</msg>
<var>${filename}</var>
<status status="PASS" start="2025-04-29T11:46:28.724774" elapsed="0.008072"/>
</kw>
<kw name="Click Button" owner="SeleniumLibrary">
<msg time="2025-04-29T11:46:28.733368" level="INFO">Clicking button 'xpath=//button[contains(., 'Save')]'.</msg>
<arg>${selectors.text_editor.save_button}</arg>
<doc>Clicks the button identified by ``locator``.</doc>
<status status="PASS" start="2025-04-29T11:46:28.732965" elapsed="0.049694"/>
</kw>
<kw name="Wait Until Element Is Visible" owner="SeleniumLibrary">
<msg time="2025-04-29T11:46:28.895275" level="INFO" html="true">&lt;/td&gt;&lt;/tr&gt;&lt;tr&gt;&lt;td colspan="3"&gt;&lt;a href="selenium-screenshot-11.png"&gt;&lt;img src="selenium-screenshot-11.png" width="800px"&gt;&lt;/a&gt;</msg>
<msg time="2025-04-29T11:46:28.895650" level="FAIL">InvalidSelectorException: Message: invalid selector: An invalid or illegal selector was specified
  (Session info: chrome=135.0.7049.114); For documentation on this error, please visit: https://www.selenium.dev/documentation/webdriver/troubleshooting/errors#invalid-selector-exception
Stacktrace:
#0 0x62cd576c075a &lt;unknown&gt;
#1 0x62cd571734b0 &lt;unknown&gt;
#2 0x62cd5717a0b6 &lt;unknown&gt;
#3 0x62cd5717c928 &lt;unknown&gt;
#4 0x62cd5717c9b3 &lt;unknown&gt;
#5 0x62cd571c43e5 &lt;unknown&gt;
#6 0x62cd571c4ba1 &lt;unknown&gt;
#7 0x62cd57213231 &lt;unknown&gt;
#8 0x62cd571ea5bd &lt;unknown&gt;
#9 0x62cd572105e0 &lt;unknown&gt;
#10 0x62cd571ea363 &lt;unknown&gt;
#11 0x62cd571b6d63 &lt;unknown&gt;
#12 0x62cd571b79c1 &lt;unknown&gt;
#13 0x62cd57685a6b &lt;unknown&gt;
#14 0x62cd57689951 &lt;unknown&gt;
#15 0x62cd5766db62 &lt;unknown&gt;
#16 0x62cd5768a4c4 &lt;unknown&gt;
#17 0x62cd5765213f &lt;unknown&gt;
#18 0x62cd576ae6f8 &lt;unknown&gt;
#19 0x62cd576ae8d6 &lt;unknown&gt;
#20 0x62cd576bf5a6 &lt;unknown&gt;
#21 0x79efcc294ac3 &lt;unknown&gt;
</msg>
<arg>${selectors.text_editor.save_success_message}</arg>
<arg>${timeouts.element_visible}</arg>
<doc>Waits until the element ``locator`` is visible.</doc>
<status status="FAIL" start="2025-04-29T11:46:28.782980" elapsed="0.113529">InvalidSelectorException: Message: invalid selector: An invalid or illegal selector was specified
  (Session info: chrome=135.0.7049.114); For documentation on this error, please visit: https://www.selenium.dev/documentation/webdriver/troubleshooting/errors#invalid-selector-exception
Stacktrace:
#0 0x62cd576c075a &lt;unknown&gt;
#1 0x62cd571734b0 &lt;unknown&gt;
#2 0x62cd5717a0b6 &lt;unknown&gt;
#3 0x62cd5717c928 &lt;unknown&gt;
#4 0x62cd5717c9b3 &lt;unknown&gt;
#5 0x62cd571c43e5 &lt;unknown&gt;
#6 0x62cd571c4ba1 &lt;unknown&gt;
#7 0x62cd57213231 &lt;unknown&gt;
#8 0x62cd571ea5bd &lt;unknown&gt;
#9 0x62cd572105e0 &lt;unknown&gt;
#10 0x62cd571ea363 &lt;unknown&gt;
#11 0x62cd571b6d63 &lt;unknown&gt;
#12 0x62cd571b79c1 &lt;unknown&gt;
#13 0x62cd57685a6b &lt;unknown&gt;
#14 0x62cd57689951 &lt;unknown&gt;
#15 0x62cd5766db62 &lt;unknown&gt;
#16 0x62cd5768a4c4 &lt;unknown&gt;
#17 0x62cd5765213f &lt;unknown&gt;
#18 0x62cd576ae6f8 &lt;unknown&gt;
#19 0x62cd576ae8d6 &lt;unknown&gt;
#20 0x62cd576bf5a6 &lt;unknown&gt;
#21 0x79efcc294ac3 &lt;unknown&gt;
</status>
</kw>
<kw name="Sleep" owner="BuiltIn">
<arg>2s</arg>
<doc>Pauses the test executed for the given time.</doc>
<status status="NOT RUN" start="2025-04-29T11:46:28.896794" elapsed="0.000052"/>
</kw>
<doc>Saves the document and verifies the download was triggered</doc>
<status status="FAIL" start="2025-04-29T11:46:28.713374" elapsed="0.183599">InvalidSelectorException: Message: invalid selector: An invalid or illegal selector was specified
  (Session info: chrome=135.0.7049.114); For documentation on this error, please visit: https://www.selenium.dev/documentation/webdriver/troubleshooting/errors#invalid-selector-exception
Stacktrace:
#0 0x62cd576c075a &lt;unknown&gt;
#1 0x62cd571734b0 &lt;unknown&gt;
#2 0x62cd5717a0b6 &lt;unknown&gt;
#3 0x62cd5717c928 &lt;unknown&gt;
#4 0x62cd5717c9b3 &lt;unknown&gt;
#5 0x62cd571c43e5 &lt;unknown&gt;
#6 0x62cd571c4ba1 &lt;unknown&gt;
#7 0x62cd57213231 &lt;unknown&gt;
#8 0x62cd571ea5bd &lt;unknown&gt;
#9 0x62cd572105e0 &lt;unknown&gt;
#10 0x62cd571ea363 &lt;unknown&gt;
#11 0x62cd571b6d63 &lt;unknown&gt;
#12 0x62cd571b79c1 &lt;unknown&gt;
#13 0x62cd57685a6b &lt;unknown&gt;
#14 0x62cd57689951 &lt;unknown&gt;
#15 0x62cd5766db62 &lt;unknown&gt;
#16 0x62cd5768a4c4 &lt;unknown&gt;
#17 0x62cd5765213f &lt;unknown&gt;
#18 0x62cd576ae6f8 &lt;unknown&gt;
#19 0x62cd576ae8d6 &lt;unknown&gt;
#20 0x62cd576bf5a6 &lt;unknown&gt;
#21 0x79efcc294ac3 &lt;unknown&gt;
</status>
</kw>
<arg>${test_data.text_editor.test_document.filename}</arg>
<arg>${test_data.text_editor.test_document.content}</arg>
<status status="FAIL" start="2025-04-29T11:46:28.544405" elapsed="0.352788">InvalidSelectorException: Message: invalid selector: An invalid or illegal selector was specified
  (Session info: chrome=135.0.7049.114); For documentation on this error, please visit: https://www.selenium.dev/documentation/webdriver/troubleshooting/errors#invalid-selector-exception
Stacktrace:
#0 0x62cd576c075a &lt;unknown&gt;
#1 0x62cd571734b0 &lt;unknown&gt;
#2 0x62cd5717a0b6 &lt;unknown&gt;
#3 0x62cd5717c928 &lt;unknown&gt;
#4 0x62cd5717c9b3 &lt;unknown&gt;
#5 0x62cd571c43e5 &lt;unknown&gt;
#6 0x62cd571c4ba1 &lt;unknown&gt;
#7 0x62cd57213231 &lt;unknown&gt;
#8 0x62cd571ea5bd &lt;unknown&gt;
#9 0x62cd572105e0 &lt;unknown&gt;
#10 0x62cd571ea363 &lt;unknown&gt;
#11 0x62cd571b6d63 &lt;unknown&gt;
#12 0x62cd571b79c1 &lt;unknown&gt;
#13 0x62cd57685a6b &lt;unknown&gt;
#14 0x62cd57689951 &lt;unknown&gt;
#15 0x62cd5766db62 &lt;unknown&gt;
#16 0x62cd5768a4c4 &lt;unknown&gt;
#17 0x62cd5765213f &lt;unknown&gt;
#18 0x62cd576ae6f8 &lt;unknown&gt;
#19 0x62cd576ae8d6 &lt;unknown&gt;
#20 0x62cd576bf5a6 &lt;unknown&gt;
#21 0x79efcc294ac3 &lt;unknown&gt;
</status>
</kw>
<kw name="Verify File Name Is" owner="text_editor_keywords">
<arg>${test_data.text_editor.test_document.filename}</arg>
<status status="NOT RUN" start="2025-04-29T11:46:28.897493" elapsed="0.000051"/>
</kw>
<kw name="Verify Content Is" owner="text_editor_keywords">
<arg>${test_data.text_editor.test_document.content}</arg>
<status status="NOT RUN" start="2025-04-29T11:46:28.897738" elapsed="0.000039"/>
</kw>
<kw name="Close Text Editor Application" owner="text_editor_keywords" type="TEARDOWN">
<kw name="Close Browser" owner="SeleniumLibrary">
<doc>Closes the current browser.</doc>
<status status="PASS" start="2025-04-29T11:46:28.898414" elapsed="0.055708"/>
</kw>
<status status="PASS" start="2025-04-29T11:46:28.898086" elapsed="0.056179"/>
</kw>
<doc>Test creating and saving a new document</doc>
<status status="FAIL" start="2025-04-29T11:46:27.704433" elapsed="1.249946">InvalidSelectorException: Message: invalid selector: An invalid or illegal selector was specified
  (Session info: chrome=135.0.7049.114); For documentation on this error, please visit: https://www.selenium.dev/documentation/webdriver/troubleshooting/errors#invalid-selector-exception
Stacktrace:
#0 0x62cd576c075a &lt;unknown&gt;
#1 0x62cd571734b0 &lt;unknown&gt;
#2 0x62cd5717a0b6 &lt;unknown&gt;
#3 0x62cd5717c928 &lt;unknown&gt;
#4 0x62cd5717c9b3 &lt;unknown&gt;
#5 0x62cd571c43e5 &lt;unknown&gt;
#6 0x62cd571c4ba1 &lt;unknown&gt;
#7 0x62cd57213231 &lt;unknown&gt;
#8 0x62cd571ea5bd &lt;unknown&gt;
#9 0x62cd572105e0 &lt;unknown&gt;
#10 0x62cd571ea363 &lt;unknown&gt;
#11 0x62cd571b6d63 &lt;unknown&gt;
#12 0x62cd571b79c1 &lt;unknown&gt;
#13 0x62cd57685a6b &lt;unknown&gt;
#14 0x62cd57689951 &lt;unknown&gt;
#15 0x62cd5766db62 &lt;unknown&gt;
#16 0x62cd5768a4c4 &lt;unknown&gt;
#17 0x62cd5765213f &lt;unknown&gt;
#18 0x62cd576ae6f8 &lt;unknown&gt;
#19 0x62cd576ae8d6 &lt;unknown&gt;
#20 0x62cd576bf5a6 &lt;unknown&gt;
#21 0x79efcc294ac3 &lt;unknown&gt;
</status>
</test>
<test id="s1-t2" name="Edit Existing Document" line="15">
<kw name="Open Text Editor" owner="text_editor_keywords" type="SETUP">
<kw name="Open Browser" owner="SeleniumLibrary">
<msg time="2025-04-29T11:46:28.955768" level="INFO">Opening browser 'chrome' to base url 'http://localhost:3000'.</msg>
<arg>${app.url}</arg>
<arg>chrome</arg>
<doc>Opens a new browser instance to the optional ``url``.</doc>
<status status="PASS" start="2025-04-29T11:46:28.955336" elapsed="0.704965"/>
</kw>
<kw name="Click Element" owner="SeleniumLibrary">
<msg time="2025-04-29T11:46:29.661389" level="INFO">Clicking element 'xpath=//button[contains(text(), 'Text Editor')]'.</msg>
<arg>${selectors.header.text_editor_button}</arg>
<doc>Click the element identified by ``locator``.</doc>
<status status="PASS" start="2025-04-29T11:46:29.660606" elapsed="0.101388"/>
</kw>
<kw name="Wait Until Page Contains Element" owner="SeleniumLibrary">
<arg>${selectors.text_editor.filename_input}</arg>
<arg>${timeouts.page_load}</arg>
<doc>Waits until the element ``locator`` appears on the current page.</doc>
<status status="PASS" start="2025-04-29T11:46:29.762226" elapsed="0.008096"/>
</kw>
<kw name="Log" owner="BuiltIn">
<msg time="2025-04-29T11:46:29.770740" level="INFO">Opened Text Editor</msg>
<arg>Opened Text Editor</arg>
<doc>Logs the given message with the given level.</doc>
<status status="PASS" start="2025-04-29T11:46:29.770556" elapsed="0.000237"/>
</kw>
<status status="PASS" start="2025-04-29T11:46:28.955086" elapsed="0.815781"/>
</kw>
<kw name="Create And Save Document" owner="text_editor_keywords">
<kw name="Set File Name" owner="text_editor_keywords">
<kw name="Input Text" owner="SeleniumLibrary">
<msg time="2025-04-29T11:46:29.772758" level="INFO">Typing text 'editable_document.txt' into text field 'css=input[type='text']'.</msg>
<arg>${selectors.text_editor.filename_input}</arg>
<arg>${filename}</arg>
<doc>Types the given ``text`` into the text field identified by ``locator``.</doc>
<status status="PASS" start="2025-04-29T11:46:29.772356" elapsed="0.086380"/>
</kw>
<arg>${filename}</arg>
<status status="PASS" start="2025-04-29T11:46:29.772066" elapsed="0.086894"/>
</kw>
<kw name="Set Content" owner="text_editor_keywords">
<kw name="Input Text" owner="SeleniumLibrary">
<msg time="2025-04-29T11:46:29.860175" level="INFO">Typing text 'Initial content' into text field 'css=textarea'.</msg>
<arg>${selectors.text_editor.content_textarea}</arg>
<arg>${content}</arg>
<doc>Types the given ``text`` into the text field identified by ``locator``.</doc>
<status status="PASS" start="2025-04-29T11:46:29.859644" elapsed="0.063605"/>
</kw>
<arg>${content}</arg>
<status status="PASS" start="2025-04-29T11:46:29.859255" elapsed="0.064205"/>
</kw>
<kw name="Save Document" owner="text_editor_keywords">
<kw name="Get Editor Content" owner="text_editor_keywords">
<kw name="Get Value" owner="SeleniumLibrary">
<msg time="2025-04-29T11:46:29.934571" level="INFO">${content} = Initial content</msg>
<var>${content}</var>
<arg>${selectors.text_editor.content_textarea}</arg>
<doc>Returns the value attribute of the element identified by ``locator``.</doc>
<status status="PASS" start="2025-04-29T11:46:29.924590" elapsed="0.010039"/>
</kw>
<return>
<value>${content}</value>
<status status="PASS" start="2025-04-29T11:46:29.934730" elapsed="0.000055"/>
</return>
<msg time="2025-04-29T11:46:29.934929" level="INFO">${content} = Initial content</msg>
<var>${content}</var>
<status status="PASS" start="2025-04-29T11:46:29.924273" elapsed="0.010679"/>
</kw>
<kw name="Get File Name" owner="text_editor_keywords">
<kw name="Get Value" owner="SeleniumLibrary">
<msg time="2025-04-29T11:46:29.944474" level="INFO">${filename} = editable_document.txt</msg>
<var>${filename}</var>
<arg>${selectors.text_editor.filename_input}</arg>
<doc>Returns the value attribute of the element identified by ``locator``.</doc>
<status status="PASS" start="2025-04-29T11:46:29.935393" elapsed="0.009131"/>
</kw>
<return>
<value>${filename}</value>
<status status="PASS" start="2025-04-29T11:46:29.944671" elapsed="0.000081"/>
</return>
<msg time="2025-04-29T11:46:29.944953" level="INFO">${filename} = editable_document.txt</msg>
<var>${filename}</var>
<status status="PASS" start="2025-04-29T11:46:29.935119" elapsed="0.009865"/>
</kw>
<kw name="Click Button" owner="SeleniumLibrary">
<msg time="2025-04-29T11:46:29.945608" level="INFO">Clicking button 'xpath=//button[contains(., 'Save')]'.</msg>
<arg>${selectors.text_editor.save_button}</arg>
<doc>Clicks the button identified by ``locator``.</doc>
<status status="PASS" start="2025-04-29T11:46:29.945138" elapsed="0.055984"/>
</kw>
<kw name="Wait Until Element Is Visible" owner="SeleniumLibrary">
<msg time="2025-04-29T11:46:30.141950" level="INFO" html="true">&lt;/td&gt;&lt;/tr&gt;&lt;tr&gt;&lt;td colspan="3"&gt;&lt;a href="selenium-screenshot-12.png"&gt;&lt;img src="selenium-screenshot-12.png" width="800px"&gt;&lt;/a&gt;</msg>
<msg time="2025-04-29T11:46:30.142120" level="FAIL">InvalidSelectorException: Message: invalid selector: An invalid or illegal selector was specified
  (Session info: chrome=135.0.7049.114); For documentation on this error, please visit: https://www.selenium.dev/documentation/webdriver/troubleshooting/errors#invalid-selector-exception
Stacktrace:
#0 0x5975529d975a &lt;unknown&gt;
#1 0x59755248c4b0 &lt;unknown&gt;
#2 0x5975524930b6 &lt;unknown&gt;
#3 0x597552495928 &lt;unknown&gt;
#4 0x5975524959b3 &lt;unknown&gt;
#5 0x5975524dd3e5 &lt;unknown&gt;
#6 0x5975524ddba1 &lt;unknown&gt;
#7 0x59755252c231 &lt;unknown&gt;
#8 0x5975525035bd &lt;unknown&gt;
#9 0x5975525295e0 &lt;unknown&gt;
#10 0x597552503363 &lt;unknown&gt;
#11 0x5975524cfd63 &lt;unknown&gt;
#12 0x5975524d09c1 &lt;unknown&gt;
#13 0x59755299ea6b &lt;unknown&gt;
#14 0x5975529a2951 &lt;unknown&gt;
#15 0x597552986b62 &lt;unknown&gt;
#16 0x5975529a34c4 &lt;unknown&gt;
#17 0x59755296b13f &lt;unknown&gt;
#18 0x5975529c76f8 &lt;unknown&gt;
#19 0x5975529c78d6 &lt;unknown&gt;
#20 0x5975529d85a6 &lt;unknown&gt;
#21 0x79a93de94ac3 &lt;unknown&gt;
</msg>
<arg>${selectors.text_editor.save_success_message}</arg>
<arg>${timeouts.element_visible}</arg>
<doc>Waits until the element ``locator`` is visible.</doc>
<status status="FAIL" start="2025-04-29T11:46:30.001418" elapsed="0.140888">InvalidSelectorException: Message: invalid selector: An invalid or illegal selector was specified
  (Session info: chrome=135.0.7049.114); For documentation on this error, please visit: https://www.selenium.dev/documentation/webdriver/troubleshooting/errors#invalid-selector-exception
Stacktrace:
#0 0x5975529d975a &lt;unknown&gt;
#1 0x59755248c4b0 &lt;unknown&gt;
#2 0x5975524930b6 &lt;unknown&gt;
#3 0x597552495928 &lt;unknown&gt;
#4 0x5975524959b3 &lt;unknown&gt;
#5 0x5975524dd3e5 &lt;unknown&gt;
#6 0x5975524ddba1 &lt;unknown&gt;
#7 0x59755252c231 &lt;unknown&gt;
#8 0x5975525035bd &lt;unknown&gt;
#9 0x5975525295e0 &lt;unknown&gt;
#10 0x597552503363 &lt;unknown&gt;
#11 0x5975524cfd63 &lt;unknown&gt;
#12 0x5975524d09c1 &lt;unknown&gt;
#13 0x59755299ea6b &lt;unknown&gt;
#14 0x5975529a2951 &lt;unknown&gt;
#15 0x597552986b62 &lt;unknown&gt;
#16 0x5975529a34c4 &lt;unknown&gt;
#17 0x59755296b13f &lt;unknown&gt;
#18 0x5975529c76f8 &lt;unknown&gt;
#19 0x5975529c78d6 &lt;unknown&gt;
#20 0x5975529d85a6 &lt;unknown&gt;
#21 0x79a93de94ac3 &lt;unknown&gt;
</status>
</kw>
<kw name="Sleep" owner="BuiltIn">
<arg>2s</arg>
<doc>Pauses the test executed for the given time.</doc>
<status status="NOT RUN" start="2025-04-29T11:46:30.142516" elapsed="0.000035"/>
</kw>
<doc>Saves the document and verifies the download was triggered</doc>
<status status="FAIL" start="2025-04-29T11:46:29.923788" elapsed="0.218869">InvalidSelectorException: Message: invalid selector: An invalid or illegal selector was specified
  (Session info: chrome=135.0.7049.114); For documentation on this error, please visit: https://www.selenium.dev/documentation/webdriver/troubleshooting/errors#invalid-selector-exception
Stacktrace:
#0 0x5975529d975a &lt;unknown&gt;
#1 0x59755248c4b0 &lt;unknown&gt;
#2 0x5975524930b6 &lt;unknown&gt;
#3 0x597552495928 &lt;unknown&gt;
#4 0x5975524959b3 &lt;unknown&gt;
#5 0x5975524dd3e5 &lt;unknown&gt;
#6 0x5975524ddba1 &lt;unknown&gt;
#7 0x59755252c231 &lt;unknown&gt;
#8 0x5975525035bd &lt;unknown&gt;
#9 0x5975525295e0 &lt;unknown&gt;
#10 0x597552503363 &lt;unknown&gt;
#11 0x5975524cfd63 &lt;unknown&gt;
#12 0x5975524d09c1 &lt;unknown&gt;
#13 0x59755299ea6b &lt;unknown&gt;
#14 0x5975529a2951 &lt;unknown&gt;
#15 0x597552986b62 &lt;unknown&gt;
#16 0x5975529a34c4 &lt;unknown&gt;
#17 0x59755296b13f &lt;unknown&gt;
#18 0x5975529c76f8 &lt;unknown&gt;
#19 0x5975529c78d6 &lt;unknown&gt;
#20 0x5975529d85a6 &lt;unknown&gt;
#21 0x79a93de94ac3 &lt;unknown&gt;
</status>
</kw>
<arg>${test_data.text_editor.editable_document.filename}</arg>
<arg>${test_data.text_editor.editable_document.initial_content}</arg>
<status status="FAIL" start="2025-04-29T11:46:29.771073" elapsed="0.371682">InvalidSelectorException: Message: invalid selector: An invalid or illegal selector was specified
  (Session info: chrome=135.0.7049.114); For documentation on this error, please visit: https://www.selenium.dev/documentation/webdriver/troubleshooting/errors#invalid-selector-exception
Stacktrace:
#0 0x5975529d975a &lt;unknown&gt;
#1 0x59755248c4b0 &lt;unknown&gt;
#2 0x5975524930b6 &lt;unknown&gt;
#3 0x597552495928 &lt;unknown&gt;
#4 0x5975524959b3 &lt;unknown&gt;
#5 0x5975524dd3e5 &lt;unknown&gt;
#6 0x5975524ddba1 &lt;unknown&gt;
#7 0x59755252c231 &lt;unknown&gt;
#8 0x5975525035bd &lt;unknown&gt;
#9 0x5975525295e0 &lt;unknown&gt;
#10 0x597552503363 &lt;unknown&gt;
#11 0x5975524cfd63 &lt;unknown&gt;
#12 0x5975524d09c1 &lt;unknown&gt;
#13 0x59755299ea6b &lt;unknown&gt;
#14 0x5975529a2951 &lt;unknown&gt;
#15 0x597552986b62 &lt;unknown&gt;
#16 0x5975529a34c4 &lt;unknown&gt;
#17 0x59755296b13f &lt;unknown&gt;
#18 0x5975529c76f8 &lt;unknown&gt;
#19 0x5975529c78d6 &lt;unknown&gt;
#20 0x5975529d85a6 &lt;unknown&gt;
#21 0x79a93de94ac3 &lt;unknown&gt;
</status>
</kw>
<kw name="Set Content" owner="text_editor_keywords">
<arg>${test_data.text_editor.editable_document.updated_content}</arg>
<status status="NOT RUN" start="2025-04-29T11:46:30.142962" elapsed="0.000033"/>
</kw>
<kw name="Save Document" owner="text_editor_keywords">
<doc>Saves the document and verifies the download was triggered</doc>
<status status="NOT RUN" start="2025-04-29T11:46:30.143193" elapsed="0.000034"/>
</kw>
<kw name="Verify Content Is" owner="text_editor_keywords">
<arg>${test_data.text_editor.editable_document.updated_content}</arg>
<status status="NOT RUN" start="2025-04-29T11:46:30.143343" elapsed="0.000023"/>
</kw>
<kw name="Close Text Editor Application" owner="text_editor_keywords" type="TEARDOWN">
<kw name="Close Browser" owner="SeleniumLibrary">
<doc>Closes the current browser.</doc>
<status status="PASS" start="2025-04-29T11:46:30.143832" elapsed="0.057644"/>
</kw>
<status status="PASS" start="2025-04-29T11:46:30.143579" elapsed="0.058030"/>
</kw>
<doc>Test editing an existing document</doc>
<status status="FAIL" start="2025-04-29T11:46:28.954697" elapsed="1.247013">InvalidSelectorException: Message: invalid selector: An invalid or illegal selector was specified
  (Session info: chrome=135.0.7049.114); For documentation on this error, please visit: https://www.selenium.dev/documentation/webdriver/troubleshooting/errors#invalid-selector-exception
Stacktrace:
#0 0x5975529d975a &lt;unknown&gt;
#1 0x59755248c4b0 &lt;unknown&gt;
#2 0x5975524930b6 &lt;unknown&gt;
#3 0x597552495928 &lt;unknown&gt;
#4 0x5975524959b3 &lt;unknown&gt;
#5 0x5975524dd3e5 &lt;unknown&gt;
#6 0x5975524ddba1 &lt;unknown&gt;
#7 0x59755252c231 &lt;unknown&gt;
#8 0x5975525035bd &lt;unknown&gt;
#9 0x5975525295e0 &lt;unknown&gt;
#10 0x597552503363 &lt;unknown&gt;
#11 0x5975524cfd63 &lt;unknown&gt;
#12 0x5975524d09c1 &lt;unknown&gt;
#13 0x59755299ea6b &lt;unknown&gt;
#14 0x5975529a2951 &lt;unknown&gt;
#15 0x597552986b62 &lt;unknown&gt;
#16 0x5975529a34c4 &lt;unknown&gt;
#17 0x59755296b13f &lt;unknown&gt;
#18 0x5975529c76f8 &lt;unknown&gt;
#19 0x5975529c78d6 &lt;unknown&gt;
#20 0x5975529d85a6 &lt;unknown&gt;
#21 0x79a93de94ac3 &lt;unknown&gt;
</status>
</test>
<test id="s1-t3" name="Clear Editor Content" line="22">
<kw name="Open Text Editor" owner="text_editor_keywords" type="SETUP">
<kw name="Open Browser" owner="SeleniumLibrary">
<msg time="2025-04-29T11:46:30.203794" level="INFO">Opening browser 'chrome' to base url 'http://localhost:3000'.</msg>
<arg>${app.url}</arg>
<arg>chrome</arg>
<doc>Opens a new browser instance to the optional ``url``.</doc>
<status status="PASS" start="2025-04-29T11:46:30.202991" elapsed="0.726345"/>
</kw>
<kw name="Click Element" owner="SeleniumLibrary">
<msg time="2025-04-29T11:46:30.930026" level="INFO">Clicking element 'xpath=//button[contains(text(), 'Text Editor')]'.</msg>
<arg>${selectors.header.text_editor_button}</arg>
<doc>Click the element identified by ``locator``.</doc>
<status status="PASS" start="2025-04-29T11:46:30.929544" elapsed="0.113503"/>
</kw>
<kw name="Wait Until Page Contains Element" owner="SeleniumLibrary">
<arg>${selectors.text_editor.filename_input}</arg>
<arg>${timeouts.page_load}</arg>
<doc>Waits until the element ``locator`` appears on the current page.</doc>
<status status="PASS" start="2025-04-29T11:46:31.043248" elapsed="0.007793"/>
</kw>
<kw name="Log" owner="BuiltIn">
<msg time="2025-04-29T11:46:31.051391" level="INFO">Opened Text Editor</msg>
<arg>Opened Text Editor</arg>
<doc>Logs the given message with the given level.</doc>
<status status="PASS" start="2025-04-29T11:46:31.051240" elapsed="0.000198"/>
</kw>
<status status="PASS" start="2025-04-29T11:46:30.202642" elapsed="0.848862"/>
</kw>
<kw name="Set Content" owner="text_editor_keywords">
<kw name="Input Text" owner="SeleniumLibrary">
<msg time="2025-04-29T11:46:31.052498" level="INFO">Typing text 'Some test content' into text field 'css=textarea'.</msg>
<arg>${selectors.text_editor.content_textarea}</arg>
<arg>${content}</arg>
<doc>Types the given ``text`` into the text field identified by ``locator``.</doc>
<status status="PASS" start="2025-04-29T11:46:31.051959" elapsed="0.079145"/>
</kw>
<arg>Some test content</arg>
<status status="PASS" start="2025-04-29T11:46:31.051696" elapsed="0.079536"/>
</kw>
<kw name="Clear Editor" owner="text_editor_keywords">
<kw name="Click Button" owner="SeleniumLibrary">
<msg time="2025-04-29T11:46:31.132194" level="INFO">Clicking button 'xpath=//button[contains(., 'Clear')]'.</msg>
<arg>${selectors.text_editor.clear_button}</arg>
<doc>Clicks the button identified by ``locator``.</doc>
<status status="PASS" start="2025-04-29T11:46:31.131751" elapsed="0.052204"/>
</kw>
<kw name="Wait Until Element Is Visible" owner="SeleniumLibrary">
<msg time="2025-04-29T11:46:31.250908" level="INFO" html="true">&lt;/td&gt;&lt;/tr&gt;&lt;tr&gt;&lt;td colspan="3"&gt;&lt;a href="selenium-screenshot-13.png"&gt;&lt;img src="selenium-screenshot-13.png" width="800px"&gt;&lt;/a&gt;</msg>
<msg time="2025-04-29T11:46:31.251102" level="FAIL">InvalidSelectorException: Message: invalid selector: An invalid or illegal selector was specified
  (Session info: chrome=135.0.7049.114); For documentation on this error, please visit: https://www.selenium.dev/documentation/webdriver/troubleshooting/errors#invalid-selector-exception
Stacktrace:
#0 0x59f45484275a &lt;unknown&gt;
#1 0x59f4542f54b0 &lt;unknown&gt;
#2 0x59f4542fc0b6 &lt;unknown&gt;
#3 0x59f4542fe928 &lt;unknown&gt;
#4 0x59f4542fe9b3 &lt;unknown&gt;
#5 0x59f4543463e5 &lt;unknown&gt;
#6 0x59f454346ba1 &lt;unknown&gt;
#7 0x59f454395231 &lt;unknown&gt;
#8 0x59f45436c5bd &lt;unknown&gt;
#9 0x59f4543925e0 &lt;unknown&gt;
#10 0x59f45436c363 &lt;unknown&gt;
#11 0x59f454338d63 &lt;unknown&gt;
#12 0x59f4543399c1 &lt;unknown&gt;
#13 0x59f454807a6b &lt;unknown&gt;
#14 0x59f45480b951 &lt;unknown&gt;
#15 0x59f4547efb62 &lt;unknown&gt;
#16 0x59f45480c4c4 &lt;unknown&gt;
#17 0x59f4547d413f &lt;unknown&gt;
#18 0x59f4548306f8 &lt;unknown&gt;
#19 0x59f4548308d6 &lt;unknown&gt;
#20 0x59f4548415a6 &lt;unknown&gt;
#21 0x796408a94ac3 &lt;unknown&gt;
</msg>
<arg>${selectors.text_editor.clear_success_message}</arg>
<arg>${timeouts.element_visible}</arg>
<doc>Waits until the element ``locator`` is visible.</doc>
<status status="FAIL" start="2025-04-29T11:46:31.184270" elapsed="0.067007">InvalidSelectorException: Message: invalid selector: An invalid or illegal selector was specified
  (Session info: chrome=135.0.7049.114); For documentation on this error, please visit: https://www.selenium.dev/documentation/webdriver/troubleshooting/errors#invalid-selector-exception
Stacktrace:
#0 0x59f45484275a &lt;unknown&gt;
#1 0x59f4542f54b0 &lt;unknown&gt;
#2 0x59f4542fc0b6 &lt;unknown&gt;
#3 0x59f4542fe928 &lt;unknown&gt;
#4 0x59f4542fe9b3 &lt;unknown&gt;
#5 0x59f4543463e5 &lt;unknown&gt;
#6 0x59f454346ba1 &lt;unknown&gt;
#7 0x59f454395231 &lt;unknown&gt;
#8 0x59f45436c5bd &lt;unknown&gt;
#9 0x59f4543925e0 &lt;unknown&gt;
#10 0x59f45436c363 &lt;unknown&gt;
#11 0x59f454338d63 &lt;unknown&gt;
#12 0x59f4543399c1 &lt;unknown&gt;
#13 0x59f454807a6b &lt;unknown&gt;
#14 0x59f45480b951 &lt;unknown&gt;
#15 0x59f4547efb62 &lt;unknown&gt;
#16 0x59f45480c4c4 &lt;unknown&gt;
#17 0x59f4547d413f &lt;unknown&gt;
#18 0x59f4548306f8 &lt;unknown&gt;
#19 0x59f4548308d6 &lt;unknown&gt;
#20 0x59f4548415a6 &lt;unknown&gt;
#21 0x796408a94ac3 &lt;unknown&gt;
</status>
</kw>
<doc>Clears the editor content</doc>
<status status="FAIL" start="2025-04-29T11:46:31.131462" elapsed="0.119965">InvalidSelectorException: Message: invalid selector: An invalid or illegal selector was specified
  (Session info: chrome=135.0.7049.114); For documentation on this error, please visit: https://www.selenium.dev/documentation/webdriver/troubleshooting/errors#invalid-selector-exception
Stacktrace:
#0 0x59f45484275a &lt;unknown&gt;
#1 0x59f4542f54b0 &lt;unknown&gt;
#2 0x59f4542fc0b6 &lt;unknown&gt;
#3 0x59f4542fe928 &lt;unknown&gt;
#4 0x59f4542fe9b3 &lt;unknown&gt;
#5 0x59f4543463e5 &lt;unknown&gt;
#6 0x59f454346ba1 &lt;unknown&gt;
#7 0x59f454395231 &lt;unknown&gt;
#8 0x59f45436c5bd &lt;unknown&gt;
#9 0x59f4543925e0 &lt;unknown&gt;
#10 0x59f45436c363 &lt;unknown&gt;
#11 0x59f454338d63 &lt;unknown&gt;
#12 0x59f4543399c1 &lt;unknown&gt;
#13 0x59f454807a6b &lt;unknown&gt;
#14 0x59f45480b951 &lt;unknown&gt;
#15 0x59f4547efb62 &lt;unknown&gt;
#16 0x59f45480c4c4 &lt;unknown&gt;
#17 0x59f4547d413f &lt;unknown&gt;
#18 0x59f4548306f8 &lt;unknown&gt;
#19 0x59f4548308d6 &lt;unknown&gt;
#20 0x59f4548415a6 &lt;unknown&gt;
#21 0x796408a94ac3 &lt;unknown&gt;
</status>
</kw>
<kw name="Verify Editor Is Cleared" owner="text_editor_keywords">
<status status="NOT RUN" start="2025-04-29T11:46:31.251695" elapsed="0.000056"/>
</kw>
<kw name="Close Text Editor Application" owner="text_editor_keywords" type="TEARDOWN">
<kw name="Close Browser" owner="SeleniumLibrary">
<doc>Closes the current browser.</doc>
<status status="PASS" start="2025-04-29T11:46:31.252233" elapsed="0.056870"/>
</kw>
<status status="PASS" start="2025-04-29T11:46:31.251986" elapsed="0.057257"/>
</kw>
<doc>Test clearing the editor content</doc>
<status status="FAIL" start="2025-04-29T11:46:30.202148" elapsed="1.107195">InvalidSelectorException: Message: invalid selector: An invalid or illegal selector was specified
  (Session info: chrome=135.0.7049.114); For documentation on this error, please visit: https://www.selenium.dev/documentation/webdriver/troubleshooting/errors#invalid-selector-exception
Stacktrace:
#0 0x59f45484275a &lt;unknown&gt;
#1 0x59f4542f54b0 &lt;unknown&gt;
#2 0x59f4542fc0b6 &lt;unknown&gt;
#3 0x59f4542fe928 &lt;unknown&gt;
#4 0x59f4542fe9b3 &lt;unknown&gt;
#5 0x59f4543463e5 &lt;unknown&gt;
#6 0x59f454346ba1 &lt;unknown&gt;
#7 0x59f454395231 &lt;unknown&gt;
#8 0x59f45436c5bd &lt;unknown&gt;
#9 0x59f4543925e0 &lt;unknown&gt;
#10 0x59f45436c363 &lt;unknown&gt;
#11 0x59f454338d63 &lt;unknown&gt;
#12 0x59f4543399c1 &lt;unknown&gt;
#13 0x59f454807a6b &lt;unknown&gt;
#14 0x59f45480b951 &lt;unknown&gt;
#15 0x59f4547efb62 &lt;unknown&gt;
#16 0x59f45480c4c4 &lt;unknown&gt;
#17 0x59f4547d413f &lt;unknown&gt;
#18 0x59f4548306f8 &lt;unknown&gt;
#19 0x59f4548308d6 &lt;unknown&gt;
#20 0x59f4548415a6 &lt;unknown&gt;
#21 0x796408a94ac3 &lt;unknown&gt;
</status>
</test>
<test id="s1-t4" name="Clear Empty Editor" line="28">
<kw name="Open Text Editor" owner="text_editor_keywords" type="SETUP">
<kw name="Open Browser" owner="SeleniumLibrary">
<msg time="2025-04-29T11:46:31.310776" level="INFO">Opening browser 'chrome' to base url 'http://localhost:3000'.</msg>
<arg>${app.url}</arg>
<arg>chrome</arg>
<doc>Opens a new browser instance to the optional ``url``.</doc>
<status status="PASS" start="2025-04-29T11:46:31.310342" elapsed="0.775027"/>
</kw>
<kw name="Click Element" owner="SeleniumLibrary">
<msg time="2025-04-29T11:46:32.086397" level="INFO">Clicking element 'xpath=//button[contains(text(), 'Text Editor')]'.</msg>
<arg>${selectors.header.text_editor_button}</arg>
<doc>Click the element identified by ``locator``.</doc>
<status status="PASS" start="2025-04-29T11:46:32.085611" elapsed="0.135604"/>
</kw>
<kw name="Wait Until Page Contains Element" owner="SeleniumLibrary">
<arg>${selectors.text_editor.filename_input}</arg>
<arg>${timeouts.page_load}</arg>
<doc>Waits until the element ``locator`` appears on the current page.</doc>
<status status="PASS" start="2025-04-29T11:46:32.221451" elapsed="0.007978"/>
</kw>
<kw name="Log" owner="BuiltIn">
<msg time="2025-04-29T11:46:32.229784" level="INFO">Opened Text Editor</msg>
<arg>Opened Text Editor</arg>
<doc>Logs the given message with the given level.</doc>
<status status="PASS" start="2025-04-29T11:46:32.229626" elapsed="0.000211"/>
</kw>
<status status="PASS" start="2025-04-29T11:46:31.310085" elapsed="0.919823"/>
</kw>
<kw name="Clear Editor" owner="text_editor_keywords">
<kw name="Click Button" owner="SeleniumLibrary">
<msg time="2025-04-29T11:46:32.230922" level="INFO">Clicking button 'xpath=//button[contains(., 'Clear')]'.</msg>
<arg>${selectors.text_editor.clear_button}</arg>
<doc>Clicks the button identified by ``locator``.</doc>
<status status="PASS" start="2025-04-29T11:46:32.230445" elapsed="0.052140"/>
</kw>
<kw name="Wait Until Element Is Visible" owner="SeleniumLibrary">
<msg time="2025-04-29T11:46:32.367066" level="INFO" html="true">&lt;/td&gt;&lt;/tr&gt;&lt;tr&gt;&lt;td colspan="3"&gt;&lt;a href="selenium-screenshot-14.png"&gt;&lt;img src="selenium-screenshot-14.png" width="800px"&gt;&lt;/a&gt;</msg>
<msg time="2025-04-29T11:46:32.367245" level="FAIL">InvalidSelectorException: Message: invalid selector: An invalid or illegal selector was specified
  (Session info: chrome=135.0.7049.114); For documentation on this error, please visit: https://www.selenium.dev/documentation/webdriver/troubleshooting/errors#invalid-selector-exception
Stacktrace:
#0 0x59478274575a &lt;unknown&gt;
#1 0x5947821f84b0 &lt;unknown&gt;
#2 0x5947821ff0b6 &lt;unknown&gt;
#3 0x594782201928 &lt;unknown&gt;
#4 0x5947822019b3 &lt;unknown&gt;
#5 0x5947822493e5 &lt;unknown&gt;
#6 0x594782249ba1 &lt;unknown&gt;
#7 0x594782298231 &lt;unknown&gt;
#8 0x59478226f5bd &lt;unknown&gt;
#9 0x5947822955e0 &lt;unknown&gt;
#10 0x59478226f363 &lt;unknown&gt;
#11 0x59478223bd63 &lt;unknown&gt;
#12 0x59478223c9c1 &lt;unknown&gt;
#13 0x59478270aa6b &lt;unknown&gt;
#14 0x59478270e951 &lt;unknown&gt;
#15 0x5947826f2b62 &lt;unknown&gt;
#16 0x59478270f4c4 &lt;unknown&gt;
#17 0x5947826d713f &lt;unknown&gt;
#18 0x5947827336f8 &lt;unknown&gt;
#19 0x5947827338d6 &lt;unknown&gt;
#20 0x5947827445a6 &lt;unknown&gt;
#21 0x708a8e694ac3 &lt;unknown&gt;
</msg>
<arg>${selectors.text_editor.clear_success_message}</arg>
<arg>${timeouts.element_visible}</arg>
<doc>Waits until the element ``locator`` is visible.</doc>
<status status="FAIL" start="2025-04-29T11:46:32.282826" elapsed="0.084597">InvalidSelectorException: Message: invalid selector: An invalid or illegal selector was specified
  (Session info: chrome=135.0.7049.114); For documentation on this error, please visit: https://www.selenium.dev/documentation/webdriver/troubleshooting/errors#invalid-selector-exception
Stacktrace:
#0 0x59478274575a &lt;unknown&gt;
#1 0x5947821f84b0 &lt;unknown&gt;
#2 0x5947821ff0b6 &lt;unknown&gt;
#3 0x594782201928 &lt;unknown&gt;
#4 0x5947822019b3 &lt;unknown&gt;
#5 0x5947822493e5 &lt;unknown&gt;
#6 0x594782249ba1 &lt;unknown&gt;
#7 0x594782298231 &lt;unknown&gt;
#8 0x59478226f5bd &lt;unknown&gt;
#9 0x5947822955e0 &lt;unknown&gt;
#10 0x59478226f363 &lt;unknown&gt;
#11 0x59478223bd63 &lt;unknown&gt;
#12 0x59478223c9c1 &lt;unknown&gt;
#13 0x59478270aa6b &lt;unknown&gt;
#14 0x59478270e951 &lt;unknown&gt;
#15 0x5947826f2b62 &lt;unknown&gt;
#16 0x59478270f4c4 &lt;unknown&gt;
#17 0x5947826d713f &lt;unknown&gt;
#18 0x5947827336f8 &lt;unknown&gt;
#19 0x5947827338d6 &lt;unknown&gt;
#20 0x5947827445a6 &lt;unknown&gt;
#21 0x708a8e694ac3 &lt;unknown&gt;
</status>
</kw>
<doc>Clears the editor content</doc>
<status status="FAIL" start="2025-04-29T11:46:32.230167" elapsed="0.137421">InvalidSelectorException: Message: invalid selector: An invalid or illegal selector was specified
  (Session info: chrome=135.0.7049.114); For documentation on this error, please visit: https://www.selenium.dev/documentation/webdriver/troubleshooting/errors#invalid-selector-exception
Stacktrace:
#0 0x59478274575a &lt;unknown&gt;
#1 0x5947821f84b0 &lt;unknown&gt;
#2 0x5947821ff0b6 &lt;unknown&gt;
#3 0x594782201928 &lt;unknown&gt;
#4 0x5947822019b3 &lt;unknown&gt;
#5 0x5947822493e5 &lt;unknown&gt;
#6 0x594782249ba1 &lt;unknown&gt;
#7 0x594782298231 &lt;unknown&gt;
#8 0x59478226f5bd &lt;unknown&gt;
#9 0x5947822955e0 &lt;unknown&gt;
#10 0x59478226f363 &lt;unknown&gt;
#11 0x59478223bd63 &lt;unknown&gt;
#12 0x59478223c9c1 &lt;unknown&gt;
#13 0x59478270aa6b &lt;unknown&gt;
#14 0x59478270e951 &lt;unknown&gt;
#15 0x5947826f2b62 &lt;unknown&gt;
#16 0x59478270f4c4 &lt;unknown&gt;
#17 0x5947826d713f &lt;unknown&gt;
#18 0x5947827336f8 &lt;unknown&gt;
#19 0x5947827338d6 &lt;unknown&gt;
#20 0x5947827445a6 &lt;unknown&gt;
#21 0x708a8e694ac3 &lt;unknown&gt;
</status>
</kw>
<kw name="Verify Editor Is Cleared" owner="text_editor_keywords">
<status status="NOT RUN" start="2025-04-29T11:46:32.367840" elapsed="0.000040"/>
</kw>
<kw name="Close Text Editor Application" owner="text_editor_keywords" type="TEARDOWN">
<kw name="Close Browser" owner="SeleniumLibrary">
<doc>Closes the current browser.</doc>
<status status="PASS" start="2025-04-29T11:46:32.368354" elapsed="0.056944"/>
</kw>
<status status="PASS" start="2025-04-29T11:46:32.368112" elapsed="0.057318"/>
</kw>
<doc>Test clearing an empty editor</doc>
<status status="FAIL" start="2025-04-29T11:46:31.309703" elapsed="1.115821">InvalidSelectorException: Message: invalid selector: An invalid or illegal selector was specified
  (Session info: chrome=135.0.7049.114); For documentation on this error, please visit: https://www.selenium.dev/documentation/webdriver/troubleshooting/errors#invalid-selector-exception
Stacktrace:
#0 0x59478274575a &lt;unknown&gt;
#1 0x5947821f84b0 &lt;unknown&gt;
#2 0x5947821ff0b6 &lt;unknown&gt;
#3 0x594782201928 &lt;unknown&gt;
#4 0x5947822019b3 &lt;unknown&gt;
#5 0x5947822493e5 &lt;unknown&gt;
#6 0x594782249ba1 &lt;unknown&gt;
#7 0x594782298231 &lt;unknown&gt;
#8 0x59478226f5bd &lt;unknown&gt;
#9 0x5947822955e0 &lt;unknown&gt;
#10 0x59478226f363 &lt;unknown&gt;
#11 0x59478223bd63 &lt;unknown&gt;
#12 0x59478223c9c1 &lt;unknown&gt;
#13 0x59478270aa6b &lt;unknown&gt;
#14 0x59478270e951 &lt;unknown&gt;
#15 0x5947826f2b62 &lt;unknown&gt;
#16 0x59478270f4c4 &lt;unknown&gt;
#17 0x5947826d713f &lt;unknown&gt;
#18 0x5947827336f8 &lt;unknown&gt;
#19 0x5947827338d6 &lt;unknown&gt;
#20 0x5947827445a6 &lt;unknown&gt;
#21 0x708a8e694ac3 &lt;unknown&gt;
</status>
</test>
<test id="s1-t5" name="Clear And Save Document" line="33">
<kw name="Open Text Editor" owner="text_editor_keywords" type="SETUP">
<kw name="Open Browser" owner="SeleniumLibrary">
<msg time="2025-04-29T11:46:32.427010" level="INFO">Opening browser 'chrome' to base url 'http://localhost:3000'.</msg>
<arg>${app.url}</arg>
<arg>chrome</arg>
<doc>Opens a new browser instance to the optional ``url``.</doc>
<status status="PASS" start="2025-04-29T11:46:32.426565" elapsed="0.749235"/>
</kw>
<kw name="Click Element" owner="SeleniumLibrary">
<msg time="2025-04-29T11:46:33.176529" level="INFO">Clicking element 'xpath=//button[contains(text(), 'Text Editor')]'.</msg>
<arg>${selectors.header.text_editor_button}</arg>
<doc>Click the element identified by ``locator``.</doc>
<status status="PASS" start="2025-04-29T11:46:33.176024" elapsed="0.112054"/>
</kw>
<kw name="Wait Until Page Contains Element" owner="SeleniumLibrary">
<arg>${selectors.text_editor.filename_input}</arg>
<arg>${timeouts.page_load}</arg>
<doc>Waits until the element ``locator`` appears on the current page.</doc>
<status status="PASS" start="2025-04-29T11:46:33.288384" elapsed="0.007954"/>
</kw>
<kw name="Log" owner="BuiltIn">
<msg time="2025-04-29T11:46:33.296890" level="INFO">Opened Text Editor</msg>
<arg>Opened Text Editor</arg>
<doc>Logs the given message with the given level.</doc>
<status status="PASS" start="2025-04-29T11:46:33.296587" elapsed="0.000423"/>
</kw>
<status status="PASS" start="2025-04-29T11:46:32.426316" elapsed="0.870910"/>
</kw>
<kw name="Set Content" owner="text_editor_keywords">
<kw name="Input Text" owner="SeleniumLibrary">
<msg time="2025-04-29T11:46:33.298572" level="INFO">Typing text 'Initial content' into text field 'css=textarea'.</msg>
<arg>${selectors.text_editor.content_textarea}</arg>
<arg>${content}</arg>
<doc>Types the given ``text`` into the text field identified by ``locator``.</doc>
<status status="PASS" start="2025-04-29T11:46:33.298089" elapsed="0.092338"/>
</kw>
<arg>Initial content</arg>
<status status="PASS" start="2025-04-29T11:46:33.297698" elapsed="0.092869"/>
</kw>
<kw name="Clear Editor" owner="text_editor_keywords">
<kw name="Click Button" owner="SeleniumLibrary">
<msg time="2025-04-29T11:46:33.391594" level="INFO">Clicking button 'xpath=//button[contains(., 'Clear')]'.</msg>
<arg>${selectors.text_editor.clear_button}</arg>
<doc>Clicks the button identified by ``locator``.</doc>
<status status="PASS" start="2025-04-29T11:46:33.391176" elapsed="0.052408"/>
</kw>
<kw name="Wait Until Element Is Visible" owner="SeleniumLibrary">
<msg time="2025-04-29T11:46:33.536599" level="INFO" html="true">&lt;/td&gt;&lt;/tr&gt;&lt;tr&gt;&lt;td colspan="3"&gt;&lt;a href="selenium-screenshot-15.png"&gt;&lt;img src="selenium-screenshot-15.png" width="800px"&gt;&lt;/a&gt;</msg>
<msg time="2025-04-29T11:46:33.537055" level="FAIL">InvalidSelectorException: Message: invalid selector: An invalid or illegal selector was specified
  (Session info: chrome=135.0.7049.114); For documentation on this error, please visit: https://www.selenium.dev/documentation/webdriver/troubleshooting/errors#invalid-selector-exception
Stacktrace:
#0 0x62ffa42f775a &lt;unknown&gt;
#1 0x62ffa3daa4b0 &lt;unknown&gt;
#2 0x62ffa3db10b6 &lt;unknown&gt;
#3 0x62ffa3db3928 &lt;unknown&gt;
#4 0x62ffa3db39b3 &lt;unknown&gt;
#5 0x62ffa3dfb3e5 &lt;unknown&gt;
#6 0x62ffa3dfbba1 &lt;unknown&gt;
#7 0x62ffa3e4a231 &lt;unknown&gt;
#8 0x62ffa3e215bd &lt;unknown&gt;
#9 0x62ffa3e475e0 &lt;unknown&gt;
#10 0x62ffa3e21363 &lt;unknown&gt;
#11 0x62ffa3dedd63 &lt;unknown&gt;
#12 0x62ffa3dee9c1 &lt;unknown&gt;
#13 0x62ffa42bca6b &lt;unknown&gt;
#14 0x62ffa42c0951 &lt;unknown&gt;
#15 0x62ffa42a4b62 &lt;unknown&gt;
#16 0x62ffa42c14c4 &lt;unknown&gt;
#17 0x62ffa428913f &lt;unknown&gt;
#18 0x62ffa42e56f8 &lt;unknown&gt;
#19 0x62ffa42e58d6 &lt;unknown&gt;
#20 0x62ffa42f65a6 &lt;unknown&gt;
#21 0x7fde0a894ac3 &lt;unknown&gt;
</msg>
<arg>${selectors.text_editor.clear_success_message}</arg>
<arg>${timeouts.element_visible}</arg>
<doc>Waits until the element ``locator`` is visible.</doc>
<status status="FAIL" start="2025-04-29T11:46:33.443872" elapsed="0.093490">InvalidSelectorException: Message: invalid selector: An invalid or illegal selector was specified
  (Session info: chrome=135.0.7049.114); For documentation on this error, please visit: https://www.selenium.dev/documentation/webdriver/troubleshooting/errors#invalid-selector-exception
Stacktrace:
#0 0x62ffa42f775a &lt;unknown&gt;
#1 0x62ffa3daa4b0 &lt;unknown&gt;
#2 0x62ffa3db10b6 &lt;unknown&gt;
#3 0x62ffa3db3928 &lt;unknown&gt;
#4 0x62ffa3db39b3 &lt;unknown&gt;
#5 0x62ffa3dfb3e5 &lt;unknown&gt;
#6 0x62ffa3dfbba1 &lt;unknown&gt;
#7 0x62ffa3e4a231 &lt;unknown&gt;
#8 0x62ffa3e215bd &lt;unknown&gt;
#9 0x62ffa3e475e0 &lt;unknown&gt;
#10 0x62ffa3e21363 &lt;unknown&gt;
#11 0x62ffa3dedd63 &lt;unknown&gt;
#12 0x62ffa3dee9c1 &lt;unknown&gt;
#13 0x62ffa42bca6b &lt;unknown&gt;
#14 0x62ffa42c0951 &lt;unknown&gt;
#15 0x62ffa42a4b62 &lt;unknown&gt;
#16 0x62ffa42c14c4 &lt;unknown&gt;
#17 0x62ffa428913f &lt;unknown&gt;
#18 0x62ffa42e56f8 &lt;unknown&gt;
#19 0x62ffa42e58d6 &lt;unknown&gt;
#20 0x62ffa42f65a6 &lt;unknown&gt;
#21 0x7fde0a894ac3 &lt;unknown&gt;
</status>
</kw>
<doc>Clears the editor content</doc>
<status status="FAIL" start="2025-04-29T11:46:33.390890" elapsed="0.146703">InvalidSelectorException: Message: invalid selector: An invalid or illegal selector was specified
  (Session info: chrome=135.0.7049.114); For documentation on this error, please visit: https://www.selenium.dev/documentation/webdriver/troubleshooting/errors#invalid-selector-exception
Stacktrace:
#0 0x62ffa42f775a &lt;unknown&gt;
#1 0x62ffa3daa4b0 &lt;unknown&gt;
#2 0x62ffa3db10b6 &lt;unknown&gt;
#3 0x62ffa3db3928 &lt;unknown&gt;
#4 0x62ffa3db39b3 &lt;unknown&gt;
#5 0x62ffa3dfb3e5 &lt;unknown&gt;
#6 0x62ffa3dfbba1 &lt;unknown&gt;
#7 0x62ffa3e4a231 &lt;unknown&gt;
#8 0x62ffa3e215bd &lt;unknown&gt;
#9 0x62ffa3e475e0 &lt;unknown&gt;
#10 0x62ffa3e21363 &lt;unknown&gt;
#11 0x62ffa3dedd63 &lt;unknown&gt;
#12 0x62ffa3dee9c1 &lt;unknown&gt;
#13 0x62ffa42bca6b &lt;unknown&gt;
#14 0x62ffa42c0951 &lt;unknown&gt;
#15 0x62ffa42a4b62 &lt;unknown&gt;
#16 0x62ffa42c14c4 &lt;unknown&gt;
#17 0x62ffa428913f &lt;unknown&gt;
#18 0x62ffa42e56f8 &lt;unknown&gt;
#19 0x62ffa42e58d6 &lt;unknown&gt;
#20 0x62ffa42f65a6 &lt;unknown&gt;
#21 0x7fde0a894ac3 &lt;unknown&gt;
</status>
</kw>
<kw name="Verify Editor Is Cleared" owner="text_editor_keywords">
<status status="NOT RUN" start="2025-04-29T11:46:33.537979" elapsed="0.000054"/>
</kw>
<kw name="Save Document" owner="text_editor_keywords">
<doc>Saves the document and verifies the download was triggered</doc>
<status status="NOT RUN" start="2025-04-29T11:46:33.538256" elapsed="0.000035"/>
</kw>
<kw name="Verify Content Is" owner="text_editor_keywords">
<arg>${EMPTY}</arg>
<status status="NOT RUN" start="2025-04-29T11:46:33.538433" elapsed="0.000032"/>
</kw>
<kw name="Close Text Editor Application" owner="text_editor_keywords" type="TEARDOWN">
<kw name="Close Browser" owner="SeleniumLibrary">
<doc>Closes the current browser.</doc>
<status status="PASS" start="2025-04-29T11:46:33.539072" elapsed="0.056338"/>
</kw>
<status status="PASS" start="2025-04-29T11:46:33.538769" elapsed="0.056877"/>
</kw>
<doc>Test clearing and then saving a document</doc>
<status status="FAIL" start="2025-04-29T11:46:32.425940" elapsed="1.169841">InvalidSelectorException: Message: invalid selector: An invalid or illegal selector was specified
  (Session info: chrome=135.0.7049.114); For documentation on this error, please visit: https://www.selenium.dev/documentation/webdriver/troubleshooting/errors#invalid-selector-exception
Stacktrace:
#0 0x62ffa42f775a &lt;unknown&gt;
#1 0x62ffa3daa4b0 &lt;unknown&gt;
#2 0x62ffa3db10b6 &lt;unknown&gt;
#3 0x62ffa3db3928 &lt;unknown&gt;
#4 0x62ffa3db39b3 &lt;unknown&gt;
#5 0x62ffa3dfb3e5 &lt;unknown&gt;
#6 0x62ffa3dfbba1 &lt;unknown&gt;
#7 0x62ffa3e4a231 &lt;unknown&gt;
#8 0x62ffa3e215bd &lt;unknown&gt;
#9 0x62ffa3e475e0 &lt;unknown&gt;
#10 0x62ffa3e21363 &lt;unknown&gt;
#11 0x62ffa3dedd63 &lt;unknown&gt;
#12 0x62ffa3dee9c1 &lt;unknown&gt;
#13 0x62ffa42bca6b &lt;unknown&gt;
#14 0x62ffa42c0951 &lt;unknown&gt;
#15 0x62ffa42a4b62 &lt;unknown&gt;
#16 0x62ffa42c14c4 &lt;unknown&gt;
#17 0x62ffa428913f &lt;unknown&gt;
#18 0x62ffa42e56f8 &lt;unknown&gt;
#19 0x62ffa42e58d6 &lt;unknown&gt;
#20 0x62ffa42f65a6 &lt;unknown&gt;
#21 0x7fde0a894ac3 &lt;unknown&gt;
</status>
</test>
<test id="s1-t6" name="Save Document With Special Characters" line="41">
<kw name="Open Text Editor" owner="text_editor_keywords" type="SETUP">
<kw name="Open Browser" owner="SeleniumLibrary">
<msg time="2025-04-29T11:46:33.597167" level="INFO">Opening browser 'chrome' to base url 'http://localhost:3000'.</msg>
<arg>${app.url}</arg>
<arg>chrome</arg>
<doc>Opens a new browser instance to the optional ``url``.</doc>
<status status="PASS" start="2025-04-29T11:46:33.596707" elapsed="0.707969"/>
</kw>
<kw name="Click Element" owner="SeleniumLibrary">
<msg time="2025-04-29T11:46:34.305536" level="INFO">Clicking element 'xpath=//button[contains(text(), 'Text Editor')]'.</msg>
<arg>${selectors.header.text_editor_button}</arg>
<doc>Click the element identified by ``locator``.</doc>
<status status="PASS" start="2025-04-29T11:46:34.304907" elapsed="0.112064"/>
</kw>
<kw name="Wait Until Page Contains Element" owner="SeleniumLibrary">
<arg>${selectors.text_editor.filename_input}</arg>
<arg>${timeouts.page_load}</arg>
<doc>Waits until the element ``locator`` appears on the current page.</doc>
<status status="PASS" start="2025-04-29T11:46:34.417217" elapsed="0.008733"/>
</kw>
<kw name="Log" owner="BuiltIn">
<msg time="2025-04-29T11:46:34.426299" level="INFO">Opened Text Editor</msg>
<arg>Opened Text Editor</arg>
<doc>Logs the given message with the given level.</doc>
<status status="PASS" start="2025-04-29T11:46:34.426149" elapsed="0.000199"/>
</kw>
<status status="PASS" start="2025-04-29T11:46:33.596459" elapsed="0.829964"/>
</kw>
<kw name="Set Variable" owner="BuiltIn">
<msg time="2025-04-29T11:46:34.426777" level="INFO">${special_content} = Content with special chars: !@#$%^&amp;*()_+</msg>
<var>${special_content}</var>
<arg>Content with special chars: !@#$%^&amp;*()_+</arg>
<doc>Returns the given values which can then be assigned to a variables.</doc>
<status status="PASS" start="2025-04-29T11:46:34.426615" elapsed="0.000189"/>
</kw>
<kw name="Create And Save Document" owner="text_editor_keywords">
<kw name="Set File Name" owner="text_editor_keywords">
<kw name="Input Text" owner="SeleniumLibrary">
<msg time="2025-04-29T11:46:34.427943" level="INFO">Typing text 'special_chars.txt' into text field 'css=input[type='text']'.</msg>
<arg>${selectors.text_editor.filename_input}</arg>
<arg>${filename}</arg>
<doc>Types the given ``text`` into the text field identified by ``locator``.</doc>
<status status="PASS" start="2025-04-29T11:46:34.427476" elapsed="0.086158"/>
</kw>
<arg>${filename}</arg>
<status status="PASS" start="2025-04-29T11:46:34.427255" elapsed="0.086558"/>
</kw>
<kw name="Set Content" owner="text_editor_keywords">
<kw name="Input Text" owner="SeleniumLibrary">
<msg time="2025-04-29T11:46:34.515130" level="INFO">Typing text 'Content with special chars: !@#$%^&amp;*()_+' into text field 'css=textarea'.</msg>
<arg>${selectors.text_editor.content_textarea}</arg>
<arg>${content}</arg>
<doc>Types the given ``text`` into the text field identified by ``locator``.</doc>
<status status="PASS" start="2025-04-29T11:46:34.514476" elapsed="0.111644"/>
</kw>
<arg>${content}</arg>
<status status="PASS" start="2025-04-29T11:46:34.514038" elapsed="0.112206"/>
</kw>
<kw name="Save Document" owner="text_editor_keywords">
<kw name="Get Editor Content" owner="text_editor_keywords">
<kw name="Get Value" owner="SeleniumLibrary">
<msg time="2025-04-29T11:46:34.637988" level="INFO">${content} = Content with special chars: !@#$%^&amp;*()_+</msg>
<var>${content}</var>
<arg>${selectors.text_editor.content_textarea}</arg>
<doc>Returns the value attribute of the element identified by ``locator``.</doc>
<status status="PASS" start="2025-04-29T11:46:34.626935" elapsed="0.011111"/>
</kw>
<return>
<value>${content}</value>
<status status="PASS" start="2025-04-29T11:46:34.638148" elapsed="0.000053"/>
</return>
<msg time="2025-04-29T11:46:34.638370" level="INFO">${content} = Content with special chars: !@#$%^&amp;*()_+</msg>
<var>${content}</var>
<status status="PASS" start="2025-04-29T11:46:34.626730" elapsed="0.011666"/>
</kw>
<kw name="Get File Name" owner="text_editor_keywords">
<kw name="Get Value" owner="SeleniumLibrary">
<msg time="2025-04-29T11:46:34.647803" level="INFO">${filename} = special_chars.txt</msg>
<var>${filename}</var>
<arg>${selectors.text_editor.filename_input}</arg>
<doc>Returns the value attribute of the element identified by ``locator``.</doc>
<status status="PASS" start="2025-04-29T11:46:34.638844" elapsed="0.009014"/>
</kw>
<return>
<value>${filename}</value>
<status status="PASS" start="2025-04-29T11:46:34.647957" elapsed="0.000061"/>
</return>
<msg time="2025-04-29T11:46:34.648154" level="INFO">${filename} = special_chars.txt</msg>
<var>${filename}</var>
<status status="PASS" start="2025-04-29T11:46:34.638577" elapsed="0.009601"/>
</kw>
<kw name="Click Button" owner="SeleniumLibrary">
<msg time="2025-04-29T11:46:34.648798" level="INFO">Clicking button 'xpath=//button[contains(., 'Save')]'.</msg>
<arg>${selectors.text_editor.save_button}</arg>
<doc>Clicks the button identified by ``locator``.</doc>
<status status="PASS" start="2025-04-29T11:46:34.648306" elapsed="0.052271"/>
</kw>
<kw name="Wait Until Element Is Visible" owner="SeleniumLibrary">
<msg time="2025-04-29T11:46:34.808087" level="INFO" html="true">&lt;/td&gt;&lt;/tr&gt;&lt;tr&gt;&lt;td colspan="3"&gt;&lt;a href="selenium-screenshot-16.png"&gt;&lt;img src="selenium-screenshot-16.png" width="800px"&gt;&lt;/a&gt;</msg>
<msg time="2025-04-29T11:46:34.808401" level="FAIL">InvalidSelectorException: Message: invalid selector: An invalid or illegal selector was specified
  (Session info: chrome=135.0.7049.114); For documentation on this error, please visit: https://www.selenium.dev/documentation/webdriver/troubleshooting/errors#invalid-selector-exception
Stacktrace:
#0 0x578d815c575a &lt;unknown&gt;
#1 0x578d810784b0 &lt;unknown&gt;
#2 0x578d8107f0b6 &lt;unknown&gt;
#3 0x578d81081928 &lt;unknown&gt;
#4 0x578d810819b3 &lt;unknown&gt;
#5 0x578d810c93e5 &lt;unknown&gt;
#6 0x578d810c9ba1 &lt;unknown&gt;
#7 0x578d81118231 &lt;unknown&gt;
#8 0x578d810ef5bd &lt;unknown&gt;
#9 0x578d811155e0 &lt;unknown&gt;
#10 0x578d810ef363 &lt;unknown&gt;
#11 0x578d810bbd63 &lt;unknown&gt;
#12 0x578d810bc9c1 &lt;unknown&gt;
#13 0x578d8158aa6b &lt;unknown&gt;
#14 0x578d8158e951 &lt;unknown&gt;
#15 0x578d81572b62 &lt;unknown&gt;
#16 0x578d8158f4c4 &lt;unknown&gt;
#17 0x578d8155713f &lt;unknown&gt;
#18 0x578d815b36f8 &lt;unknown&gt;
#19 0x578d815b38d6 &lt;unknown&gt;
#20 0x578d815c45a6 &lt;unknown&gt;
#21 0x7ca4d0494ac3 &lt;unknown&gt;
</msg>
<arg>${selectors.text_editor.save_success_message}</arg>
<arg>${timeouts.element_visible}</arg>
<doc>Waits until the element ``locator`` is visible.</doc>
<status status="FAIL" start="2025-04-29T11:46:34.700784" elapsed="0.107942">InvalidSelectorException: Message: invalid selector: An invalid or illegal selector was specified
  (Session info: chrome=135.0.7049.114); For documentation on this error, please visit: https://www.selenium.dev/documentation/webdriver/troubleshooting/errors#invalid-selector-exception
Stacktrace:
#0 0x578d815c575a &lt;unknown&gt;
#1 0x578d810784b0 &lt;unknown&gt;
#2 0x578d8107f0b6 &lt;unknown&gt;
#3 0x578d81081928 &lt;unknown&gt;
#4 0x578d810819b3 &lt;unknown&gt;
#5 0x578d810c93e5 &lt;unknown&gt;
#6 0x578d810c9ba1 &lt;unknown&gt;
#7 0x578d81118231 &lt;unknown&gt;
#8 0x578d810ef5bd &lt;unknown&gt;
#9 0x578d811155e0 &lt;unknown&gt;
#10 0x578d810ef363 &lt;unknown&gt;
#11 0x578d810bbd63 &lt;unknown&gt;
#12 0x578d810bc9c1 &lt;unknown&gt;
#13 0x578d8158aa6b &lt;unknown&gt;
#14 0x578d8158e951 &lt;unknown&gt;
#15 0x578d81572b62 &lt;unknown&gt;
#16 0x578d8158f4c4 &lt;unknown&gt;
#17 0x578d8155713f &lt;unknown&gt;
#18 0x578d815b36f8 &lt;unknown&gt;
#19 0x578d815b38d6 &lt;unknown&gt;
#20 0x578d815c45a6 &lt;unknown&gt;
#21 0x7ca4d0494ac3 &lt;unknown&gt;
</status>
</kw>
<kw name="Sleep" owner="BuiltIn">
<arg>2s</arg>
<doc>Pauses the test executed for the given time.</doc>
<status status="NOT RUN" start="2025-04-29T11:46:34.809359" elapsed="0.000073"/>
</kw>
<doc>Saves the document and verifies the download was triggered</doc>
<status status="FAIL" start="2025-04-29T11:46:34.626429" elapsed="0.183206">InvalidSelectorException: Message: invalid selector: An invalid or illegal selector was specified
  (Session info: chrome=135.0.7049.114); For documentation on this error, please visit: https://www.selenium.dev/documentation/webdriver/troubleshooting/errors#invalid-selector-exception
Stacktrace:
#0 0x578d815c575a &lt;unknown&gt;
#1 0x578d810784b0 &lt;unknown&gt;
#2 0x578d8107f0b6 &lt;unknown&gt;
#3 0x578d81081928 &lt;unknown&gt;
#4 0x578d810819b3 &lt;unknown&gt;
#5 0x578d810c93e5 &lt;unknown&gt;
#6 0x578d810c9ba1 &lt;unknown&gt;
#7 0x578d81118231 &lt;unknown&gt;
#8 0x578d810ef5bd &lt;unknown&gt;
#9 0x578d811155e0 &lt;unknown&gt;
#10 0x578d810ef363 &lt;unknown&gt;
#11 0x578d810bbd63 &lt;unknown&gt;
#12 0x578d810bc9c1 &lt;unknown&gt;
#13 0x578d8158aa6b &lt;unknown&gt;
#14 0x578d8158e951 &lt;unknown&gt;
#15 0x578d81572b62 &lt;unknown&gt;
#16 0x578d8158f4c4 &lt;unknown&gt;
#17 0x578d8155713f &lt;unknown&gt;
#18 0x578d815b36f8 &lt;unknown&gt;
#19 0x578d815b38d6 &lt;unknown&gt;
#20 0x578d815c45a6 &lt;unknown&gt;
#21 0x7ca4d0494ac3 &lt;unknown&gt;
</status>
</kw>
<arg>special_chars.txt</arg>
<arg>${special_content}</arg>
<status status="FAIL" start="2025-04-29T11:46:34.426967" elapsed="0.382791">InvalidSelectorException: Message: invalid selector: An invalid or illegal selector was specified
  (Session info: chrome=135.0.7049.114); For documentation on this error, please visit: https://www.selenium.dev/documentation/webdriver/troubleshooting/errors#invalid-selector-exception
Stacktrace:
#0 0x578d815c575a &lt;unknown&gt;
#1 0x578d810784b0 &lt;unknown&gt;
#2 0x578d8107f0b6 &lt;unknown&gt;
#3 0x578d81081928 &lt;unknown&gt;
#4 0x578d810819b3 &lt;unknown&gt;
#5 0x578d810c93e5 &lt;unknown&gt;
#6 0x578d810c9ba1 &lt;unknown&gt;
#7 0x578d81118231 &lt;unknown&gt;
#8 0x578d810ef5bd &lt;unknown&gt;
#9 0x578d811155e0 &lt;unknown&gt;
#10 0x578d810ef363 &lt;unknown&gt;
#11 0x578d810bbd63 &lt;unknown&gt;
#12 0x578d810bc9c1 &lt;unknown&gt;
#13 0x578d8158aa6b &lt;unknown&gt;
#14 0x578d8158e951 &lt;unknown&gt;
#15 0x578d81572b62 &lt;unknown&gt;
#16 0x578d8158f4c4 &lt;unknown&gt;
#17 0x578d8155713f &lt;unknown&gt;
#18 0x578d815b36f8 &lt;unknown&gt;
#19 0x578d815b38d6 &lt;unknown&gt;
#20 0x578d815c45a6 &lt;unknown&gt;
#21 0x7ca4d0494ac3 &lt;unknown&gt;
</status>
</kw>
<kw name="Verify Content Is" owner="text_editor_keywords">
<arg>${special_content}</arg>
<status status="NOT RUN" start="2025-04-29T11:46:34.810023" elapsed="0.000050"/>
</kw>
<kw name="Close Text Editor Application" owner="text_editor_keywords" type="TEARDOWN">
<kw name="Close Browser" owner="SeleniumLibrary">
<doc>Closes the current browser.</doc>
<status status="PASS" start="2025-04-29T11:46:34.810637" elapsed="0.056244"/>
</kw>
<status status="PASS" start="2025-04-29T11:46:34.810351" elapsed="0.056682"/>
</kw>
<doc>Test saving document with special characters</doc>
<status status="FAIL" start="2025-04-29T11:46:33.596064" elapsed="1.271080">InvalidSelectorException: Message: invalid selector: An invalid or illegal selector was specified
  (Session info: chrome=135.0.7049.114); For documentation on this error, please visit: https://www.selenium.dev/documentation/webdriver/troubleshooting/errors#invalid-selector-exception
Stacktrace:
#0 0x578d815c575a &lt;unknown&gt;
#1 0x578d810784b0 &lt;unknown&gt;
#2 0x578d8107f0b6 &lt;unknown&gt;
#3 0x578d81081928 &lt;unknown&gt;
#4 0x578d810819b3 &lt;unknown&gt;
#5 0x578d810c93e5 &lt;unknown&gt;
#6 0x578d810c9ba1 &lt;unknown&gt;
#7 0x578d81118231 &lt;unknown&gt;
#8 0x578d810ef5bd &lt;unknown&gt;
#9 0x578d811155e0 &lt;unknown&gt;
#10 0x578d810ef363 &lt;unknown&gt;
#11 0x578d810bbd63 &lt;unknown&gt;
#12 0x578d810bc9c1 &lt;unknown&gt;
#13 0x578d8158aa6b &lt;unknown&gt;
#14 0x578d8158e951 &lt;unknown&gt;
#15 0x578d81572b62 &lt;unknown&gt;
#16 0x578d8158f4c4 &lt;unknown&gt;
#17 0x578d8155713f &lt;unknown&gt;
#18 0x578d815b36f8 &lt;unknown&gt;
#19 0x578d815b38d6 &lt;unknown&gt;
#20 0x578d815c45a6 &lt;unknown&gt;
#21 0x7ca4d0494ac3 &lt;unknown&gt;
</status>
</test>
<test id="s1-t7" name="Save Document With Long Content" line="47">
<kw name="Open Text Editor" owner="text_editor_keywords" type="SETUP">
<kw name="Open Browser" owner="SeleniumLibrary">
<msg time="2025-04-29T11:46:34.868549" level="INFO">Opening browser 'chrome' to base url 'http://localhost:3000'.</msg>
<arg>${app.url}</arg>
<arg>chrome</arg>
<doc>Opens a new browser instance to the optional ``url``.</doc>
<status status="PASS" start="2025-04-29T11:46:34.868129" elapsed="0.760747"/>
</kw>
<kw name="Click Element" owner="SeleniumLibrary">
<msg time="2025-04-29T11:46:35.629751" level="INFO">Clicking element 'xpath=//button[contains(text(), 'Text Editor')]'.</msg>
<arg>${selectors.header.text_editor_button}</arg>
<doc>Click the element identified by ``locator``.</doc>
<status status="PASS" start="2025-04-29T11:46:35.629079" elapsed="0.109626"/>
</kw>
<kw name="Wait Until Page Contains Element" owner="SeleniumLibrary">
<arg>${selectors.text_editor.filename_input}</arg>
<arg>${timeouts.page_load}</arg>
<doc>Waits until the element ``locator`` appears on the current page.</doc>
<status status="PASS" start="2025-04-29T11:46:35.738953" elapsed="0.007969"/>
</kw>
<kw name="Log" owner="BuiltIn">
<msg time="2025-04-29T11:46:35.747297" level="INFO">Opened Text Editor</msg>
<arg>Opened Text Editor</arg>
<doc>Logs the given message with the given level.</doc>
<status status="PASS" start="2025-04-29T11:46:35.747136" elapsed="0.000210"/>
</kw>
<status status="PASS" start="2025-04-29T11:46:34.867877" elapsed="0.879539"/>
</kw>
<kw name="Set Variable" owner="BuiltIn">
<msg time="2025-04-29T11:46:35.747802" level="INFO">${long_content} = This is a very long content that spans multiple lines.
Line 2
Line 3
Line 4
Line 5</msg>
<var>${long_content}</var>
<arg>This is a very long content that spans multiple lines.\nLine 2\nLine 3\nLine 4\nLine 5</arg>
<doc>Returns the given values which can then be assigned to a variables.</doc>
<status status="PASS" start="2025-04-29T11:46:35.747574" elapsed="0.000287"/>
</kw>
<kw name="Create And Save Document" owner="text_editor_keywords">
<kw name="Set File Name" owner="text_editor_keywords">
<kw name="Input Text" owner="SeleniumLibrary">
<msg time="2025-04-29T11:46:35.749584" level="INFO">Typing text 'long_content.txt' into text field 'css=input[type='text']'.</msg>
<arg>${selectors.text_editor.filename_input}</arg>
<arg>${filename}</arg>
<doc>Types the given ``text`` into the text field identified by ``locator``.</doc>
<status status="PASS" start="2025-04-29T11:46:35.748986" elapsed="0.084447"/>
</kw>
<arg>${filename}</arg>
<status status="PASS" start="2025-04-29T11:46:35.748559" elapsed="0.085033"/>
</kw>
<kw name="Set Content" owner="text_editor_keywords">
<kw name="Input Text" owner="SeleniumLibrary">
<msg time="2025-04-29T11:46:35.835060" level="INFO">Typing text 'This is a very long content that spans multiple lines.
Line 2
Line 3
Line 4
Line 5' into text field 'css=textarea'.</msg>
<arg>${selectors.text_editor.content_textarea}</arg>
<arg>${content}</arg>
<doc>Types the given ``text`` into the text field identified by ``locator``.</doc>
<status status="PASS" start="2025-04-29T11:46:35.834416" elapsed="0.178850"/>
</kw>
<arg>${content}</arg>
<status status="PASS" start="2025-04-29T11:46:35.833860" elapsed="0.179563"/>
</kw>
<kw name="Save Document" owner="text_editor_keywords">
<kw name="Get Editor Content" owner="text_editor_keywords">
<kw name="Get Value" owner="SeleniumLibrary">
<msg time="2025-04-29T11:46:36.025235" level="INFO">${content} = This is a very long content that spans multiple lines.
Line 2
Line 3
Line 4
Line 5</msg>
<var>${content}</var>
<arg>${selectors.text_editor.content_textarea}</arg>
<doc>Returns the value attribute of the element identified by ``locator``.</doc>
<status status="PASS" start="2025-04-29T11:46:36.015332" elapsed="0.009952"/>
</kw>
<return>
<value>${content}</value>
<status status="PASS" start="2025-04-29T11:46:36.025376" elapsed="0.000053"/>
</return>
<msg time="2025-04-29T11:46:36.025566" level="INFO">${content} = This is a very long content that spans multiple lines.
Line 2
Line 3
Line 4
Line 5</msg>
<var>${content}</var>
<status status="PASS" start="2025-04-29T11:46:36.014765" elapsed="0.010826"/>
</kw>
<kw name="Get File Name" owner="text_editor_keywords">
<kw name="Get Value" owner="SeleniumLibrary">
<msg time="2025-04-29T11:46:36.034918" level="INFO">${filename} = long_content.txt</msg>
<var>${filename}</var>
<arg>${selectors.text_editor.filename_input}</arg>
<doc>Returns the value attribute of the element identified by ``locator``.</doc>
<status status="PASS" start="2025-04-29T11:46:36.026057" elapsed="0.008918"/>
</kw>
<return>
<value>${filename}</value>
<status status="PASS" start="2025-04-29T11:46:36.035072" elapsed="0.000052"/>
</return>
<msg time="2025-04-29T11:46:36.035265" level="INFO">${filename} = long_content.txt</msg>
<var>${filename}</var>
<status status="PASS" start="2025-04-29T11:46:36.025764" elapsed="0.009526"/>
</kw>
<kw name="Click Button" owner="SeleniumLibrary">
<msg time="2025-04-29T11:46:36.035880" level="INFO">Clicking button 'xpath=//button[contains(., 'Save')]'.</msg>
<arg>${selectors.text_editor.save_button}</arg>
<doc>Clicks the button identified by ``locator``.</doc>
<status status="PASS" start="2025-04-29T11:46:36.035415" elapsed="0.064115"/>
</kw>
<kw name="Wait Until Element Is Visible" owner="SeleniumLibrary">
<msg time="2025-04-29T11:46:36.211512" level="INFO" html="true">&lt;/td&gt;&lt;/tr&gt;&lt;tr&gt;&lt;td colspan="3"&gt;&lt;a href="selenium-screenshot-17.png"&gt;&lt;img src="selenium-screenshot-17.png" width="800px"&gt;&lt;/a&gt;</msg>
<msg time="2025-04-29T11:46:36.211800" level="FAIL">InvalidSelectorException: Message: invalid selector: An invalid or illegal selector was specified
  (Session info: chrome=135.0.7049.114); For documentation on this error, please visit: https://www.selenium.dev/documentation/webdriver/troubleshooting/errors#invalid-selector-exception
Stacktrace:
#0 0x6539351f275a &lt;unknown&gt;
#1 0x653934ca54b0 &lt;unknown&gt;
#2 0x653934cac0b6 &lt;unknown&gt;
#3 0x653934cae928 &lt;unknown&gt;
#4 0x653934cae9b3 &lt;unknown&gt;
#5 0x653934cf63e5 &lt;unknown&gt;
#6 0x653934cf6ba1 &lt;unknown&gt;
#7 0x653934d45231 &lt;unknown&gt;
#8 0x653934d1c5bd &lt;unknown&gt;
#9 0x653934d425e0 &lt;unknown&gt;
#10 0x653934d1c363 &lt;unknown&gt;
#11 0x653934ce8d63 &lt;unknown&gt;
#12 0x653934ce99c1 &lt;unknown&gt;
#13 0x6539351b7a6b &lt;unknown&gt;
#14 0x6539351bb951 &lt;unknown&gt;
#15 0x65393519fb62 &lt;unknown&gt;
#16 0x6539351bc4c4 &lt;unknown&gt;
#17 0x65393518413f &lt;unknown&gt;
#18 0x6539351e06f8 &lt;unknown&gt;
#19 0x6539351e08d6 &lt;unknown&gt;
#20 0x6539351f15a6 &lt;unknown&gt;
#21 0x7834f7094ac3 &lt;unknown&gt;
</msg>
<arg>${selectors.text_editor.save_success_message}</arg>
<arg>${timeouts.element_visible}</arg>
<doc>Waits until the element ``locator`` is visible.</doc>
<status status="FAIL" start="2025-04-29T11:46:36.099746" elapsed="0.112363">InvalidSelectorException: Message: invalid selector: An invalid or illegal selector was specified
  (Session info: chrome=135.0.7049.114); For documentation on this error, please visit: https://www.selenium.dev/documentation/webdriver/troubleshooting/errors#invalid-selector-exception
Stacktrace:
#0 0x6539351f275a &lt;unknown&gt;
#1 0x653934ca54b0 &lt;unknown&gt;
#2 0x653934cac0b6 &lt;unknown&gt;
#3 0x653934cae928 &lt;unknown&gt;
#4 0x653934cae9b3 &lt;unknown&gt;
#5 0x653934cf63e5 &lt;unknown&gt;
#6 0x653934cf6ba1 &lt;unknown&gt;
#7 0x653934d45231 &lt;unknown&gt;
#8 0x653934d1c5bd &lt;unknown&gt;
#9 0x653934d425e0 &lt;unknown&gt;
#10 0x653934d1c363 &lt;unknown&gt;
#11 0x653934ce8d63 &lt;unknown&gt;
#12 0x653934ce99c1 &lt;unknown&gt;
#13 0x6539351b7a6b &lt;unknown&gt;
#14 0x6539351bb951 &lt;unknown&gt;
#15 0x65393519fb62 &lt;unknown&gt;
#16 0x6539351bc4c4 &lt;unknown&gt;
#17 0x65393518413f &lt;unknown&gt;
#18 0x6539351e06f8 &lt;unknown&gt;
#19 0x6539351e08d6 &lt;unknown&gt;
#20 0x6539351f15a6 &lt;unknown&gt;
#21 0x7834f7094ac3 &lt;unknown&gt;
</status>
</kw>
<kw name="Sleep" owner="BuiltIn">
<arg>2s</arg>
<doc>Pauses the test executed for the given time.</doc>
<status status="NOT RUN" start="2025-04-29T11:46:36.212413" elapsed="0.000072"/>
</kw>
<doc>Saves the document and verifies the download was triggered</doc>
<status status="FAIL" start="2025-04-29T11:46:36.014274" elapsed="0.198390">InvalidSelectorException: Message: invalid selector: An invalid or illegal selector was specified
  (Session info: chrome=135.0.7049.114); For documentation on this error, please visit: https://www.selenium.dev/documentation/webdriver/troubleshooting/errors#invalid-selector-exception
Stacktrace:
#0 0x6539351f275a &lt;unknown&gt;
#1 0x653934ca54b0 &lt;unknown&gt;
#2 0x653934cac0b6 &lt;unknown&gt;
#3 0x653934cae928 &lt;unknown&gt;
#4 0x653934cae9b3 &lt;unknown&gt;
#5 0x653934cf63e5 &lt;unknown&gt;
#6 0x653934cf6ba1 &lt;unknown&gt;
#7 0x653934d45231 &lt;unknown&gt;
#8 0x653934d1c5bd &lt;unknown&gt;
#9 0x653934d425e0 &lt;unknown&gt;
#10 0x653934d1c363 &lt;unknown&gt;
#11 0x653934ce8d63 &lt;unknown&gt;
#12 0x653934ce99c1 &lt;unknown&gt;
#13 0x6539351b7a6b &lt;unknown&gt;
#14 0x6539351bb951 &lt;unknown&gt;
#15 0x65393519fb62 &lt;unknown&gt;
#16 0x6539351bc4c4 &lt;unknown&gt;
#17 0x65393518413f &lt;unknown&gt;
#18 0x6539351e06f8 &lt;unknown&gt;
#19 0x6539351e08d6 &lt;unknown&gt;
#20 0x6539351f15a6 &lt;unknown&gt;
#21 0x7834f7094ac3 &lt;unknown&gt;
</status>
</kw>
<arg>long_content.txt</arg>
<arg>${long_content}</arg>
<status status="FAIL" start="2025-04-29T11:46:35.748078" elapsed="0.464744">InvalidSelectorException: Message: invalid selector: An invalid or illegal selector was specified
  (Session info: chrome=135.0.7049.114); For documentation on this error, please visit: https://www.selenium.dev/documentation/webdriver/troubleshooting/errors#invalid-selector-exception
Stacktrace:
#0 0x6539351f275a &lt;unknown&gt;
#1 0x653934ca54b0 &lt;unknown&gt;
#2 0x653934cac0b6 &lt;unknown&gt;
#3 0x653934cae928 &lt;unknown&gt;
#4 0x653934cae9b3 &lt;unknown&gt;
#5 0x653934cf63e5 &lt;unknown&gt;
#6 0x653934cf6ba1 &lt;unknown&gt;
#7 0x653934d45231 &lt;unknown&gt;
#8 0x653934d1c5bd &lt;unknown&gt;
#9 0x653934d425e0 &lt;unknown&gt;
#10 0x653934d1c363 &lt;unknown&gt;
#11 0x653934ce8d63 &lt;unknown&gt;
#12 0x653934ce99c1 &lt;unknown&gt;
#13 0x6539351b7a6b &lt;unknown&gt;
#14 0x6539351bb951 &lt;unknown&gt;
#15 0x65393519fb62 &lt;unknown&gt;
#16 0x6539351bc4c4 &lt;unknown&gt;
#17 0x65393518413f &lt;unknown&gt;
#18 0x6539351e06f8 &lt;unknown&gt;
#19 0x6539351e08d6 &lt;unknown&gt;
#20 0x6539351f15a6 &lt;unknown&gt;
#21 0x7834f7094ac3 &lt;unknown&gt;
</status>
</kw>
<kw name="Verify Content Is" owner="text_editor_keywords">
<arg>${long_content}</arg>
<status status="NOT RUN" start="2025-04-29T11:46:36.213143" elapsed="0.000054"/>
</kw>
<kw name="Close Text Editor Application" owner="text_editor_keywords" type="TEARDOWN">
<kw name="Close Browser" owner="SeleniumLibrary">
<doc>Closes the current browser.</doc>
<status status="PASS" start="2025-04-29T11:46:36.213954" elapsed="0.056151"/>
</kw>
<status status="PASS" start="2025-04-29T11:46:36.213524" elapsed="0.056727"/>
</kw>
<doc>Test saving document with long content</doc>
<status status="FAIL" start="2025-04-29T11:46:34.867481" elapsed="1.402937">InvalidSelectorException: Message: invalid selector: An invalid or illegal selector was specified
  (Session info: chrome=135.0.7049.114); For documentation on this error, please visit: https://www.selenium.dev/documentation/webdriver/troubleshooting/errors#invalid-selector-exception
Stacktrace:
#0 0x6539351f275a &lt;unknown&gt;
#1 0x653934ca54b0 &lt;unknown&gt;
#2 0x653934cac0b6 &lt;unknown&gt;
#3 0x653934cae928 &lt;unknown&gt;
#4 0x653934cae9b3 &lt;unknown&gt;
#5 0x653934cf63e5 &lt;unknown&gt;
#6 0x653934cf6ba1 &lt;unknown&gt;
#7 0x653934d45231 &lt;unknown&gt;
#8 0x653934d1c5bd &lt;unknown&gt;
#9 0x653934d425e0 &lt;unknown&gt;
#10 0x653934d1c363 &lt;unknown&gt;
#11 0x653934ce8d63 &lt;unknown&gt;
#12 0x653934ce99c1 &lt;unknown&gt;
#13 0x6539351b7a6b &lt;unknown&gt;
#14 0x6539351bb951 &lt;unknown&gt;
#15 0x65393519fb62 &lt;unknown&gt;
#16 0x6539351bc4c4 &lt;unknown&gt;
#17 0x65393518413f &lt;unknown&gt;
#18 0x6539351e06f8 &lt;unknown&gt;
#19 0x6539351e08d6 &lt;unknown&gt;
#20 0x6539351f15a6 &lt;unknown&gt;
#21 0x7834f7094ac3 &lt;unknown&gt;
</status>
</test>
<test id="s1-t8" name="Save Document With Empty Content" line="53">
<kw name="Open Text Editor" owner="text_editor_keywords" type="SETUP">
<kw name="Open Browser" owner="SeleniumLibrary">
<msg time="2025-04-29T11:46:36.272980" level="INFO">Opening browser 'chrome' to base url 'http://localhost:3000'.</msg>
<arg>${app.url}</arg>
<arg>chrome</arg>
<doc>Opens a new browser instance to the optional ``url``.</doc>
<status status="PASS" start="2025-04-29T11:46:36.271880" elapsed="0.745991"/>
</kw>
<kw name="Click Element" owner="SeleniumLibrary">
<msg time="2025-04-29T11:46:37.018611" level="INFO">Clicking element 'xpath=//button[contains(text(), 'Text Editor')]'.</msg>
<arg>${selectors.header.text_editor_button}</arg>
<doc>Click the element identified by ``locator``.</doc>
<status status="PASS" start="2025-04-29T11:46:37.018109" elapsed="0.113377"/>
</kw>
<kw name="Wait Until Page Contains Element" owner="SeleniumLibrary">
<arg>${selectors.text_editor.filename_input}</arg>
<arg>${timeouts.page_load}</arg>
<doc>Waits until the element ``locator`` appears on the current page.</doc>
<status status="PASS" start="2025-04-29T11:46:37.131709" elapsed="0.008211"/>
</kw>
<kw name="Log" owner="BuiltIn">
<msg time="2025-04-29T11:46:37.140263" level="INFO">Opened Text Editor</msg>
<arg>Opened Text Editor</arg>
<doc>Logs the given message with the given level.</doc>
<status status="PASS" start="2025-04-29T11:46:37.140114" elapsed="0.000195"/>
</kw>
<status status="PASS" start="2025-04-29T11:46:36.271526" elapsed="0.868847"/>
</kw>
<kw name="Create And Save Document" owner="text_editor_keywords">
<kw name="Set File Name" owner="text_editor_keywords">
<kw name="Input Text" owner="SeleniumLibrary">
<msg time="2025-04-29T11:46:37.141740" level="INFO">Typing text 'empty_content.txt' into text field 'css=input[type='text']'.</msg>
<arg>${selectors.text_editor.filename_input}</arg>
<arg>${filename}</arg>
<doc>Types the given ``text`` into the text field identified by ``locator``.</doc>
<status status="PASS" start="2025-04-29T11:46:37.141345" elapsed="0.085417"/>
</kw>
<arg>${filename}</arg>
<status status="PASS" start="2025-04-29T11:46:37.141065" elapsed="0.085908"/>
</kw>
<kw name="Set Content" owner="text_editor_keywords">
<kw name="Input Text" owner="SeleniumLibrary">
<msg time="2025-04-29T11:46:37.228459" level="INFO">Typing text '' into text field 'css=textarea'.</msg>
<arg>${selectors.text_editor.content_textarea}</arg>
<arg>${content}</arg>
<doc>Types the given ``text`` into the text field identified by ``locator``.</doc>
<status status="PASS" start="2025-04-29T11:46:37.227735" elapsed="0.039691"/>
</kw>
<arg>${content}</arg>
<status status="PASS" start="2025-04-29T11:46:37.227164" elapsed="0.040387"/>
</kw>
<kw name="Save Document" owner="text_editor_keywords">
<kw name="Get Editor Content" owner="text_editor_keywords">
<kw name="Get Value" owner="SeleniumLibrary">
<msg time="2025-04-29T11:46:37.277238" level="INFO">${content} = </msg>
<var>${content}</var>
<arg>${selectors.text_editor.content_textarea}</arg>
<doc>Returns the value attribute of the element identified by ``locator``.</doc>
<status status="PASS" start="2025-04-29T11:46:37.268204" elapsed="0.009088"/>
</kw>
<return>
<value>${content}</value>
<status status="PASS" start="2025-04-29T11:46:37.277382" elapsed="0.000053"/>
</return>
<msg time="2025-04-29T11:46:37.277579" level="INFO">${content} = </msg>
<var>${content}</var>
<status status="PASS" start="2025-04-29T11:46:37.268020" elapsed="0.009583"/>
</kw>
<kw name="Get File Name" owner="text_editor_keywords">
<kw name="Get Value" owner="SeleniumLibrary">
<msg time="2025-04-29T11:46:37.288036" level="INFO">${filename} = empty_content.txt</msg>
<var>${filename}</var>
<arg>${selectors.text_editor.filename_input}</arg>
<doc>Returns the value attribute of the element identified by ``locator``.</doc>
<status status="PASS" start="2025-04-29T11:46:37.278065" elapsed="0.010032"/>
</kw>
<return>
<value>${filename}</value>
<status status="PASS" start="2025-04-29T11:46:37.288188" elapsed="0.000052"/>
</return>
<msg time="2025-04-29T11:46:37.288387" level="INFO">${filename} = empty_content.txt</msg>
<var>${filename}</var>
<status status="PASS" start="2025-04-29T11:46:37.277782" elapsed="0.010630"/>
</kw>
<kw name="Click Button" owner="SeleniumLibrary">
<msg time="2025-04-29T11:46:37.289055" level="INFO">Clicking button 'xpath=//button[contains(., 'Save')]'.</msg>
<arg>${selectors.text_editor.save_button}</arg>
<doc>Clicks the button identified by ``locator``.</doc>
<status status="PASS" start="2025-04-29T11:46:37.288557" elapsed="0.050317"/>
</kw>
<kw name="Wait Until Element Is Visible" owner="SeleniumLibrary">
<msg time="2025-04-29T11:46:37.441377" level="INFO" html="true">&lt;/td&gt;&lt;/tr&gt;&lt;tr&gt;&lt;td colspan="3"&gt;&lt;a href="selenium-screenshot-18.png"&gt;&lt;img src="selenium-screenshot-18.png" width="800px"&gt;&lt;/a&gt;</msg>
<msg time="2025-04-29T11:46:37.441636" level="FAIL">InvalidSelectorException: Message: invalid selector: An invalid or illegal selector was specified
  (Session info: chrome=135.0.7049.114); For documentation on this error, please visit: https://www.selenium.dev/documentation/webdriver/troubleshooting/errors#invalid-selector-exception
Stacktrace:
#0 0x5fb62975775a &lt;unknown&gt;
#1 0x5fb62920a4b0 &lt;unknown&gt;
#2 0x5fb6292110b6 &lt;unknown&gt;
#3 0x5fb629213928 &lt;unknown&gt;
#4 0x5fb6292139b3 &lt;unknown&gt;
#5 0x5fb62925b3e5 &lt;unknown&gt;
#6 0x5fb62925bba1 &lt;unknown&gt;
#7 0x5fb6292aa231 &lt;unknown&gt;
#8 0x5fb6292815bd &lt;unknown&gt;
#9 0x5fb6292a75e0 &lt;unknown&gt;
#10 0x5fb629281363 &lt;unknown&gt;
#11 0x5fb62924dd63 &lt;unknown&gt;
#12 0x5fb62924e9c1 &lt;unknown&gt;
#13 0x5fb62971ca6b &lt;unknown&gt;
#14 0x5fb629720951 &lt;unknown&gt;
#15 0x5fb629704b62 &lt;unknown&gt;
#16 0x5fb6297214c4 &lt;unknown&gt;
#17 0x5fb6296e913f &lt;unknown&gt;
#18 0x5fb6297456f8 &lt;unknown&gt;
#19 0x5fb6297458d6 &lt;unknown&gt;
#20 0x5fb6297565a6 &lt;unknown&gt;
#21 0x756bbfc94ac3 &lt;unknown&gt;
</msg>
<arg>${selectors.text_editor.save_success_message}</arg>
<arg>${timeouts.element_visible}</arg>
<doc>Waits until the element ``locator`` is visible.</doc>
<status status="FAIL" start="2025-04-29T11:46:37.339128" elapsed="0.102815">InvalidSelectorException: Message: invalid selector: An invalid or illegal selector was specified
  (Session info: chrome=135.0.7049.114); For documentation on this error, please visit: https://www.selenium.dev/documentation/webdriver/troubleshooting/errors#invalid-selector-exception
Stacktrace:
#0 0x5fb62975775a &lt;unknown&gt;
#1 0x5fb62920a4b0 &lt;unknown&gt;
#2 0x5fb6292110b6 &lt;unknown&gt;
#3 0x5fb629213928 &lt;unknown&gt;
#4 0x5fb6292139b3 &lt;unknown&gt;
#5 0x5fb62925b3e5 &lt;unknown&gt;
#6 0x5fb62925bba1 &lt;unknown&gt;
#7 0x5fb6292aa231 &lt;unknown&gt;
#8 0x5fb6292815bd &lt;unknown&gt;
#9 0x5fb6292a75e0 &lt;unknown&gt;
#10 0x5fb629281363 &lt;unknown&gt;
#11 0x5fb62924dd63 &lt;unknown&gt;
#12 0x5fb62924e9c1 &lt;unknown&gt;
#13 0x5fb62971ca6b &lt;unknown&gt;
#14 0x5fb629720951 &lt;unknown&gt;
#15 0x5fb629704b62 &lt;unknown&gt;
#16 0x5fb6297214c4 &lt;unknown&gt;
#17 0x5fb6296e913f &lt;unknown&gt;
#18 0x5fb6297456f8 &lt;unknown&gt;
#19 0x5fb6297458d6 &lt;unknown&gt;
#20 0x5fb6297565a6 &lt;unknown&gt;
#21 0x756bbfc94ac3 &lt;unknown&gt;
</status>
</kw>
<kw name="Sleep" owner="BuiltIn">
<arg>2s</arg>
<doc>Pauses the test executed for the given time.</doc>
<status status="NOT RUN" start="2025-04-29T11:46:37.442317" elapsed="0.000063"/>
</kw>
<doc>Saves the document and verifies the download was triggered</doc>
<status status="FAIL" start="2025-04-29T11:46:37.267751" elapsed="0.174818">InvalidSelectorException: Message: invalid selector: An invalid or illegal selector was specified
  (Session info: chrome=135.0.7049.114); For documentation on this error, please visit: https://www.selenium.dev/documentation/webdriver/troubleshooting/errors#invalid-selector-exception
Stacktrace:
#0 0x5fb62975775a &lt;unknown&gt;
#1 0x5fb62920a4b0 &lt;unknown&gt;
#2 0x5fb6292110b6 &lt;unknown&gt;
#3 0x5fb629213928 &lt;unknown&gt;
#4 0x5fb6292139b3 &lt;unknown&gt;
#5 0x5fb62925b3e5 &lt;unknown&gt;
#6 0x5fb62925bba1 &lt;unknown&gt;
#7 0x5fb6292aa231 &lt;unknown&gt;
#8 0x5fb6292815bd &lt;unknown&gt;
#9 0x5fb6292a75e0 &lt;unknown&gt;
#10 0x5fb629281363 &lt;unknown&gt;
#11 0x5fb62924dd63 &lt;unknown&gt;
#12 0x5fb62924e9c1 &lt;unknown&gt;
#13 0x5fb62971ca6b &lt;unknown&gt;
#14 0x5fb629720951 &lt;unknown&gt;
#15 0x5fb629704b62 &lt;unknown&gt;
#16 0x5fb6297214c4 &lt;unknown&gt;
#17 0x5fb6296e913f &lt;unknown&gt;
#18 0x5fb6297456f8 &lt;unknown&gt;
#19 0x5fb6297458d6 &lt;unknown&gt;
#20 0x5fb6297565a6 &lt;unknown&gt;
#21 0x756bbfc94ac3 &lt;unknown&gt;
</status>
</kw>
<arg>empty_content.txt</arg>
<arg>${EMPTY}</arg>
<status status="FAIL" start="2025-04-29T11:46:37.140561" elapsed="0.302163">InvalidSelectorException: Message: invalid selector: An invalid or illegal selector was specified
  (Session info: chrome=135.0.7049.114); For documentation on this error, please visit: https://www.selenium.dev/documentation/webdriver/troubleshooting/errors#invalid-selector-exception
Stacktrace:
#0 0x5fb62975775a &lt;unknown&gt;
#1 0x5fb62920a4b0 &lt;unknown&gt;
#2 0x5fb6292110b6 &lt;unknown&gt;
#3 0x5fb629213928 &lt;unknown&gt;
#4 0x5fb6292139b3 &lt;unknown&gt;
#5 0x5fb62925b3e5 &lt;unknown&gt;
#6 0x5fb62925bba1 &lt;unknown&gt;
#7 0x5fb6292aa231 &lt;unknown&gt;
#8 0x5fb6292815bd &lt;unknown&gt;
#9 0x5fb6292a75e0 &lt;unknown&gt;
#10 0x5fb629281363 &lt;unknown&gt;
#11 0x5fb62924dd63 &lt;unknown&gt;
#12 0x5fb62924e9c1 &lt;unknown&gt;
#13 0x5fb62971ca6b &lt;unknown&gt;
#14 0x5fb629720951 &lt;unknown&gt;
#15 0x5fb629704b62 &lt;unknown&gt;
#16 0x5fb6297214c4 &lt;unknown&gt;
#17 0x5fb6296e913f &lt;unknown&gt;
#18 0x5fb6297456f8 &lt;unknown&gt;
#19 0x5fb6297458d6 &lt;unknown&gt;
#20 0x5fb6297565a6 &lt;unknown&gt;
#21 0x756bbfc94ac3 &lt;unknown&gt;
</status>
</kw>
<kw name="Verify Content Is" owner="text_editor_keywords">
<arg>${EMPTY}</arg>
<status status="NOT RUN" start="2025-04-29T11:46:37.443114" elapsed="0.000062"/>
</kw>
<kw name="Close Text Editor Application" owner="text_editor_keywords" type="TEARDOWN">
<kw name="Close Browser" owner="SeleniumLibrary">
<doc>Closes the current browser.</doc>
<status status="PASS" start="2025-04-29T11:46:37.443993" elapsed="0.056825"/>
</kw>
<status status="PASS" start="2025-04-29T11:46:37.443574" elapsed="0.057375"/>
</kw>
<doc>Test saving document with empty content</doc>
<status status="FAIL" start="2025-04-29T11:46:36.270975" elapsed="1.230071">InvalidSelectorException: Message: invalid selector: An invalid or illegal selector was specified
  (Session info: chrome=135.0.7049.114); For documentation on this error, please visit: https://www.selenium.dev/documentation/webdriver/troubleshooting/errors#invalid-selector-exception
Stacktrace:
#0 0x5fb62975775a &lt;unknown&gt;
#1 0x5fb62920a4b0 &lt;unknown&gt;
#2 0x5fb6292110b6 &lt;unknown&gt;
#3 0x5fb629213928 &lt;unknown&gt;
#4 0x5fb6292139b3 &lt;unknown&gt;
#5 0x5fb62925b3e5 &lt;unknown&gt;
#6 0x5fb62925bba1 &lt;unknown&gt;
#7 0x5fb6292aa231 &lt;unknown&gt;
#8 0x5fb6292815bd &lt;unknown&gt;
#9 0x5fb6292a75e0 &lt;unknown&gt;
#10 0x5fb629281363 &lt;unknown&gt;
#11 0x5fb62924dd63 &lt;unknown&gt;
#12 0x5fb62924e9c1 &lt;unknown&gt;
#13 0x5fb62971ca6b &lt;unknown&gt;
#14 0x5fb629720951 &lt;unknown&gt;
#15 0x5fb629704b62 &lt;unknown&gt;
#16 0x5fb6297214c4 &lt;unknown&gt;
#17 0x5fb6296e913f &lt;unknown&gt;
#18 0x5fb6297456f8 &lt;unknown&gt;
#19 0x5fb6297458d6 &lt;unknown&gt;
#20 0x5fb6297565a6 &lt;unknown&gt;
#21 0x756bbfc94ac3 &lt;unknown&gt;
</status>
</test>
<test id="s1-t9" name="Save Document With Whitespace" line="58">
<kw name="Open Text Editor" owner="text_editor_keywords" type="SETUP">
<kw name="Open Browser" owner="SeleniumLibrary">
<msg time="2025-04-29T11:46:37.502929" level="INFO">Opening browser 'chrome' to base url 'http://localhost:3000'.</msg>
<arg>${app.url}</arg>
<arg>chrome</arg>
<doc>Opens a new browser instance to the optional ``url``.</doc>
<status status="PASS" start="2025-04-29T11:46:37.502309" elapsed="0.793955"/>
</kw>
<kw name="Click Element" owner="SeleniumLibrary">
<msg time="2025-04-29T11:46:38.297186" level="INFO">Clicking element 'xpath=//button[contains(text(), 'Text Editor')]'.</msg>
<arg>${selectors.header.text_editor_button}</arg>
<doc>Click the element identified by ``locator``.</doc>
<status status="PASS" start="2025-04-29T11:46:38.296569" elapsed="0.111600"/>
</kw>
<kw name="Wait Until Page Contains Element" owner="SeleniumLibrary">
<arg>${selectors.text_editor.filename_input}</arg>
<arg>${timeouts.page_load}</arg>
<doc>Waits until the element ``locator`` appears on the current page.</doc>
<status status="PASS" start="2025-04-29T11:46:38.408368" elapsed="0.008153"/>
</kw>
<kw name="Log" owner="BuiltIn">
<msg time="2025-04-29T11:46:38.416878" level="INFO">Opened Text Editor</msg>
<arg>Opened Text Editor</arg>
<doc>Logs the given message with the given level.</doc>
<status status="PASS" start="2025-04-29T11:46:38.416722" elapsed="0.000204"/>
</kw>
<status status="PASS" start="2025-04-29T11:46:37.502001" elapsed="0.915034"/>
</kw>
<kw name="Set Variable" owner="BuiltIn">
<msg time="2025-04-29T11:46:38.417423" level="INFO">${whitespace_content} = Content with multiple spaces</msg>
<var>${whitespace_content}</var>
<arg>Content with multiple spaces</arg>
<doc>Returns the given values which can then be assigned to a variables.</doc>
<status status="PASS" start="2025-04-29T11:46:38.417233" elapsed="0.000219"/>
</kw>
<kw name="Create And Save Document" owner="text_editor_keywords">
<kw name="Set File Name" owner="text_editor_keywords">
<kw name="Input Text" owner="SeleniumLibrary">
<msg time="2025-04-29T11:46:38.418593" level="INFO">Typing text 'whitespace.txt' into text field 'css=input[type='text']'.</msg>
<arg>${selectors.text_editor.filename_input}</arg>
<arg>${filename}</arg>
<doc>Types the given ``text`` into the text field identified by ``locator``.</doc>
<status status="PASS" start="2025-04-29T11:46:38.418155" elapsed="0.105529"/>
</kw>
<arg>${filename}</arg>
<status status="PASS" start="2025-04-29T11:46:38.417947" elapsed="0.106021"/>
</kw>
<kw name="Set Content" owner="text_editor_keywords">
<kw name="Input Text" owner="SeleniumLibrary">
<msg time="2025-04-29T11:46:38.525243" level="INFO">Typing text 'Content with multiple spaces' into text field 'css=textarea'.</msg>
<arg>${selectors.text_editor.content_textarea}</arg>
<arg>${content}</arg>
<doc>Types the given ``text`` into the text field identified by ``locator``.</doc>
<status status="PASS" start="2025-04-29T11:46:38.524630" elapsed="0.153241"/>
</kw>
<arg>${content}</arg>
<status status="PASS" start="2025-04-29T11:46:38.524236" elapsed="0.153834"/>
</kw>
<kw name="Save Document" owner="text_editor_keywords">
<kw name="Get Editor Content" owner="text_editor_keywords">
<kw name="Get Value" owner="SeleniumLibrary">
<msg time="2025-04-29T11:46:38.705286" level="INFO">${content} = Content with multiple spaces</msg>
<var>${content}</var>
<arg>${selectors.text_editor.content_textarea}</arg>
<doc>Returns the value attribute of the element identified by ``locator``.</doc>
<status status="PASS" start="2025-04-29T11:46:38.679243" elapsed="0.026119"/>
</kw>
<return>
<value>${content}</value>
<status status="PASS" start="2025-04-29T11:46:38.705474" elapsed="0.000059"/>
</return>
<msg time="2025-04-29T11:46:38.705684" level="INFO">${content} = Content with multiple spaces</msg>
<var>${content}</var>
<status status="PASS" start="2025-04-29T11:46:38.678906" elapsed="0.026816"/>
</kw>
<kw name="Get File Name" owner="text_editor_keywords">
<kw name="Get Value" owner="SeleniumLibrary">
<msg time="2025-04-29T11:46:38.716101" level="INFO">${filename} = whitespace.txt</msg>
<var>${filename}</var>
<arg>${selectors.text_editor.filename_input}</arg>
<doc>Returns the value attribute of the element identified by ``locator``.</doc>
<status status="PASS" start="2025-04-29T11:46:38.706182" elapsed="0.009968"/>
</kw>
<return>
<value>${filename}</value>
<status status="PASS" start="2025-04-29T11:46:38.716242" elapsed="0.000052"/>
</return>
<msg time="2025-04-29T11:46:38.716435" level="INFO">${filename} = whitespace.txt</msg>
<var>${filename}</var>
<status status="PASS" start="2025-04-29T11:46:38.705914" elapsed="0.010546"/>
</kw>
<kw name="Click Button" owner="SeleniumLibrary">
<msg time="2025-04-29T11:46:38.717016" level="INFO">Clicking button 'xpath=//button[contains(., 'Save')]'.</msg>
<arg>${selectors.text_editor.save_button}</arg>
<doc>Clicks the button identified by ``locator``.</doc>
<status status="PASS" start="2025-04-29T11:46:38.716588" elapsed="0.052474"/>
</kw>
<kw name="Wait Until Element Is Visible" owner="SeleniumLibrary">
<msg time="2025-04-29T11:46:38.857427" level="INFO" html="true">&lt;/td&gt;&lt;/tr&gt;&lt;tr&gt;&lt;td colspan="3"&gt;&lt;a href="selenium-screenshot-19.png"&gt;&lt;img src="selenium-screenshot-19.png" width="800px"&gt;&lt;/a&gt;</msg>
<msg time="2025-04-29T11:46:38.857632" level="FAIL">InvalidSelectorException: Message: invalid selector: An invalid or illegal selector was specified
  (Session info: chrome=135.0.7049.114); For documentation on this error, please visit: https://www.selenium.dev/documentation/webdriver/troubleshooting/errors#invalid-selector-exception
Stacktrace:
#0 0x61974447c75a &lt;unknown&gt;
#1 0x619743f2f4b0 &lt;unknown&gt;
#2 0x619743f360b6 &lt;unknown&gt;
#3 0x619743f38928 &lt;unknown&gt;
#4 0x619743f389b3 &lt;unknown&gt;
#5 0x619743f803e5 &lt;unknown&gt;
#6 0x619743f80ba1 &lt;unknown&gt;
#7 0x619743fcf231 &lt;unknown&gt;
#8 0x619743fa65bd &lt;unknown&gt;
#9 0x619743fcc5e0 &lt;unknown&gt;
#10 0x619743fa6363 &lt;unknown&gt;
#11 0x619743f72d63 &lt;unknown&gt;
#12 0x619743f739c1 &lt;unknown&gt;
#13 0x619744441a6b &lt;unknown&gt;
#14 0x619744445951 &lt;unknown&gt;
#15 0x619744429b62 &lt;unknown&gt;
#16 0x6197444464c4 &lt;unknown&gt;
#17 0x61974440e13f &lt;unknown&gt;
#18 0x61974446a6f8 &lt;unknown&gt;
#19 0x61974446a8d6 &lt;unknown&gt;
#20 0x61974447b5a6 &lt;unknown&gt;
#21 0x7fc136494ac3 &lt;unknown&gt;
</msg>
<arg>${selectors.text_editor.save_success_message}</arg>
<arg>${timeouts.element_visible}</arg>
<doc>Waits until the element ``locator`` is visible.</doc>
<status status="FAIL" start="2025-04-29T11:46:38.769435" elapsed="0.088380">InvalidSelectorException: Message: invalid selector: An invalid or illegal selector was specified
  (Session info: chrome=135.0.7049.114); For documentation on this error, please visit: https://www.selenium.dev/documentation/webdriver/troubleshooting/errors#invalid-selector-exception
Stacktrace:
#0 0x61974447c75a &lt;unknown&gt;
#1 0x619743f2f4b0 &lt;unknown&gt;
#2 0x619743f360b6 &lt;unknown&gt;
#3 0x619743f38928 &lt;unknown&gt;
#4 0x619743f389b3 &lt;unknown&gt;
#5 0x619743f803e5 &lt;unknown&gt;
#6 0x619743f80ba1 &lt;unknown&gt;
#7 0x619743fcf231 &lt;unknown&gt;
#8 0x619743fa65bd &lt;unknown&gt;
#9 0x619743fcc5e0 &lt;unknown&gt;
#10 0x619743fa6363 &lt;unknown&gt;
#11 0x619743f72d63 &lt;unknown&gt;
#12 0x619743f739c1 &lt;unknown&gt;
#13 0x619744441a6b &lt;unknown&gt;
#14 0x619744445951 &lt;unknown&gt;
#15 0x619744429b62 &lt;unknown&gt;
#16 0x6197444464c4 &lt;unknown&gt;
#17 0x61974440e13f &lt;unknown&gt;
#18 0x61974446a6f8 &lt;unknown&gt;
#19 0x61974446a8d6 &lt;unknown&gt;
#20 0x61974447b5a6 &lt;unknown&gt;
#21 0x7fc136494ac3 &lt;unknown&gt;
</status>
</kw>
<kw name="Sleep" owner="BuiltIn">
<arg>2s</arg>
<doc>Pauses the test executed for the given time.</doc>
<status status="NOT RUN" start="2025-04-29T11:46:38.858012" elapsed="0.000039"/>
</kw>
<doc>Saves the document and verifies the download was triggered</doc>
<status status="FAIL" start="2025-04-29T11:46:38.678372" elapsed="0.179793">InvalidSelectorException: Message: invalid selector: An invalid or illegal selector was specified
  (Session info: chrome=135.0.7049.114); For documentation on this error, please visit: https://www.selenium.dev/documentation/webdriver/troubleshooting/errors#invalid-selector-exception
Stacktrace:
#0 0x61974447c75a &lt;unknown&gt;
#1 0x619743f2f4b0 &lt;unknown&gt;
#2 0x619743f360b6 &lt;unknown&gt;
#3 0x619743f38928 &lt;unknown&gt;
#4 0x619743f389b3 &lt;unknown&gt;
#5 0x619743f803e5 &lt;unknown&gt;
#6 0x619743f80ba1 &lt;unknown&gt;
#7 0x619743fcf231 &lt;unknown&gt;
#8 0x619743fa65bd &lt;unknown&gt;
#9 0x619743fcc5e0 &lt;unknown&gt;
#10 0x619743fa6363 &lt;unknown&gt;
#11 0x619743f72d63 &lt;unknown&gt;
#12 0x619743f739c1 &lt;unknown&gt;
#13 0x619744441a6b &lt;unknown&gt;
#14 0x619744445951 &lt;unknown&gt;
#15 0x619744429b62 &lt;unknown&gt;
#16 0x6197444464c4 &lt;unknown&gt;
#17 0x61974440e13f &lt;unknown&gt;
#18 0x61974446a6f8 &lt;unknown&gt;
#19 0x61974446a8d6 &lt;unknown&gt;
#20 0x61974447b5a6 &lt;unknown&gt;
#21 0x7fc136494ac3 &lt;unknown&gt;
</status>
</kw>
<arg>whitespace.txt</arg>
<arg>${whitespace_content}</arg>
<status status="FAIL" start="2025-04-29T11:46:38.417657" elapsed="0.440594">InvalidSelectorException: Message: invalid selector: An invalid or illegal selector was specified
  (Session info: chrome=135.0.7049.114); For documentation on this error, please visit: https://www.selenium.dev/documentation/webdriver/troubleshooting/errors#invalid-selector-exception
Stacktrace:
#0 0x61974447c75a &lt;unknown&gt;
#1 0x619743f2f4b0 &lt;unknown&gt;
#2 0x619743f360b6 &lt;unknown&gt;
#3 0x619743f38928 &lt;unknown&gt;
#4 0x619743f389b3 &lt;unknown&gt;
#5 0x619743f803e5 &lt;unknown&gt;
#6 0x619743f80ba1 &lt;unknown&gt;
#7 0x619743fcf231 &lt;unknown&gt;
#8 0x619743fa65bd &lt;unknown&gt;
#9 0x619743fcc5e0 &lt;unknown&gt;
#10 0x619743fa6363 &lt;unknown&gt;
#11 0x619743f72d63 &lt;unknown&gt;
#12 0x619743f739c1 &lt;unknown&gt;
#13 0x619744441a6b &lt;unknown&gt;
#14 0x619744445951 &lt;unknown&gt;
#15 0x619744429b62 &lt;unknown&gt;
#16 0x6197444464c4 &lt;unknown&gt;
#17 0x61974440e13f &lt;unknown&gt;
#18 0x61974446a6f8 &lt;unknown&gt;
#19 0x61974446a8d6 &lt;unknown&gt;
#20 0x61974447b5a6 &lt;unknown&gt;
#21 0x7fc136494ac3 &lt;unknown&gt;
</status>
</kw>
<kw name="Verify Content Is" owner="text_editor_keywords">
<arg>${whitespace_content}</arg>
<status status="NOT RUN" start="2025-04-29T11:46:38.858446" elapsed="0.000037"/>
</kw>
<kw name="Close Text Editor Application" owner="text_editor_keywords" type="TEARDOWN">
<kw name="Close Browser" owner="SeleniumLibrary">
<doc>Closes the current browser.</doc>
<status status="PASS" start="2025-04-29T11:46:38.859028" elapsed="0.057276"/>
</kw>
<status status="PASS" start="2025-04-29T11:46:38.858786" elapsed="0.057653"/>
</kw>
<doc>Test saving document with whitespace</doc>
<status status="FAIL" start="2025-04-29T11:46:37.501524" elapsed="1.415013">InvalidSelectorException: Message: invalid selector: An invalid or illegal selector was specified
  (Session info: chrome=135.0.7049.114); For documentation on this error, please visit: https://www.selenium.dev/documentation/webdriver/troubleshooting/errors#invalid-selector-exception
Stacktrace:
#0 0x61974447c75a &lt;unknown&gt;
#1 0x619743f2f4b0 &lt;unknown&gt;
#2 0x619743f360b6 &lt;unknown&gt;
#3 0x619743f38928 &lt;unknown&gt;
#4 0x619743f389b3 &lt;unknown&gt;
#5 0x619743f803e5 &lt;unknown&gt;
#6 0x619743f80ba1 &lt;unknown&gt;
#7 0x619743fcf231 &lt;unknown&gt;
#8 0x619743fa65bd &lt;unknown&gt;
#9 0x619743fcc5e0 &lt;unknown&gt;
#10 0x619743fa6363 &lt;unknown&gt;
#11 0x619743f72d63 &lt;unknown&gt;
#12 0x619743f739c1 &lt;unknown&gt;
#13 0x619744441a6b &lt;unknown&gt;
#14 0x619744445951 &lt;unknown&gt;
#15 0x619744429b62 &lt;unknown&gt;
#16 0x6197444464c4 &lt;unknown&gt;
#17 0x61974440e13f &lt;unknown&gt;
#18 0x61974446a6f8 &lt;unknown&gt;
#19 0x61974446a8d6 &lt;unknown&gt;
#20 0x61974447b5a6 &lt;unknown&gt;
#21 0x7fc136494ac3 &lt;unknown&gt;
</status>
</test>
<test id="s1-t10" name="Save Document With Line Breaks" line="64">
<kw name="Open Text Editor" owner="text_editor_keywords" type="SETUP">
<kw name="Open Browser" owner="SeleniumLibrary">
<msg time="2025-04-29T11:46:38.918250" level="INFO">Opening browser 'chrome' to base url 'http://localhost:3000'.</msg>
<arg>${app.url}</arg>
<arg>chrome</arg>
<doc>Opens a new browser instance to the optional ``url``.</doc>
<status status="PASS" start="2025-04-29T11:46:38.917634" elapsed="0.724653"/>
</kw>
<kw name="Click Element" owner="SeleniumLibrary">
<msg time="2025-04-29T11:46:39.643419" level="INFO">Clicking element 'xpath=//button[contains(text(), 'Text Editor')]'.</msg>
<arg>${selectors.header.text_editor_button}</arg>
<doc>Click the element identified by ``locator``.</doc>
<status status="PASS" start="2025-04-29T11:46:39.642646" elapsed="0.102458"/>
</kw>
<kw name="Wait Until Page Contains Element" owner="SeleniumLibrary">
<arg>${selectors.text_editor.filename_input}</arg>
<arg>${timeouts.page_load}</arg>
<doc>Waits until the element ``locator`` appears on the current page.</doc>
<status status="PASS" start="2025-04-29T11:46:39.745325" elapsed="0.007551"/>
</kw>
<kw name="Log" owner="BuiltIn">
<msg time="2025-04-29T11:46:39.753236" level="INFO">Opened Text Editor</msg>
<arg>Opened Text Editor</arg>
<doc>Logs the given message with the given level.</doc>
<status status="PASS" start="2025-04-29T11:46:39.753081" elapsed="0.000201"/>
</kw>
<status status="PASS" start="2025-04-29T11:46:38.917382" elapsed="0.835973"/>
</kw>
<kw name="Set Variable" owner="BuiltIn">
<msg time="2025-04-29T11:46:39.753697" level="INFO">${line_break_content} = First line
Second line
Third line</msg>
<var>${line_break_content}</var>
<arg>First line\nSecond line\nThird line</arg>
<doc>Returns the given values which can then be assigned to a variables.</doc>
<status status="PASS" start="2025-04-29T11:46:39.753524" elapsed="0.000210"/>
</kw>
<kw name="Create And Save Document" owner="text_editor_keywords">
<kw name="Set File Name" owner="text_editor_keywords">
<kw name="Input Text" owner="SeleniumLibrary">
<msg time="2025-04-29T11:46:39.755209" level="INFO">Typing text 'line_breaks.txt' into text field 'css=input[type='text']'.</msg>
<arg>${selectors.text_editor.filename_input}</arg>
<arg>${filename}</arg>
<doc>Types the given ``text`` into the text field identified by ``locator``.</doc>
<status status="PASS" start="2025-04-29T11:46:39.754757" elapsed="0.077318"/>
</kw>
<arg>${filename}</arg>
<status status="PASS" start="2025-04-29T11:46:39.754412" elapsed="0.077791"/>
</kw>
<kw name="Set Content" owner="text_editor_keywords">
<kw name="Input Text" owner="SeleniumLibrary">
<msg time="2025-04-29T11:46:39.833184" level="INFO">Typing text 'First line
Second line
Third line' into text field 'css=textarea'.</msg>
<arg>${selectors.text_editor.content_textarea}</arg>
<arg>${content}</arg>
<doc>Types the given ``text`` into the text field identified by ``locator``.</doc>
<status status="PASS" start="2025-04-29T11:46:39.832672" elapsed="0.091639"/>
</kw>
<arg>${content}</arg>
<status status="PASS" start="2025-04-29T11:46:39.832371" elapsed="0.092087"/>
</kw>
<kw name="Save Document" owner="text_editor_keywords">
<kw name="Get Editor Content" owner="text_editor_keywords">
<kw name="Get Value" owner="SeleniumLibrary">
<msg time="2025-04-29T11:46:39.934423" level="INFO">${content} = First line
Second line
Third line</msg>
<var>${content}</var>
<arg>${selectors.text_editor.content_textarea}</arg>
<doc>Returns the value attribute of the element identified by ``locator``.</doc>
<status status="PASS" start="2025-04-29T11:46:39.925437" elapsed="0.009034"/>
</kw>
<return>
<value>${content}</value>
<status status="PASS" start="2025-04-29T11:46:39.934555" elapsed="0.000061"/>
</return>
<msg time="2025-04-29T11:46:39.934779" level="INFO">${content} = First line
Second line
Third line</msg>
<var>${content}</var>
<status status="PASS" start="2025-04-29T11:46:39.925173" elapsed="0.009632"/>
</kw>
<kw name="Get File Name" owner="text_editor_keywords">
<kw name="Get Value" owner="SeleniumLibrary">
<msg time="2025-04-29T11:46:39.944274" level="INFO">${filename} = line_breaks.txt</msg>
<var>${filename}</var>
<arg>${selectors.text_editor.filename_input}</arg>
<doc>Returns the value attribute of the element identified by ``locator``.</doc>
<status status="PASS" start="2025-04-29T11:46:39.935232" elapsed="0.009091"/>
</kw>
<return>
<value>${filename}</value>
<status status="PASS" start="2025-04-29T11:46:39.944408" elapsed="0.000056"/>
</return>
<msg time="2025-04-29T11:46:39.944615" level="INFO">${filename} = line_breaks.txt</msg>
<var>${filename}</var>
<status status="PASS" start="2025-04-29T11:46:39.934982" elapsed="0.009657"/>
</kw>
<kw name="Click Button" owner="SeleniumLibrary">
<msg time="2025-04-29T11:46:39.945220" level="INFO">Clicking button 'xpath=//button[contains(., 'Save')]'.</msg>
<arg>${selectors.text_editor.save_button}</arg>
<doc>Clicks the button identified by ``locator``.</doc>
<status status="PASS" start="2025-04-29T11:46:39.944796" elapsed="0.049791"/>
</kw>
<kw name="Wait Until Element Is Visible" owner="SeleniumLibrary">
<msg time="2025-04-29T11:46:40.067014" level="INFO" html="true">&lt;/td&gt;&lt;/tr&gt;&lt;tr&gt;&lt;td colspan="3"&gt;&lt;a href="selenium-screenshot-20.png"&gt;&lt;img src="selenium-screenshot-20.png" width="800px"&gt;&lt;/a&gt;</msg>
<msg time="2025-04-29T11:46:40.067254" level="FAIL">InvalidSelectorException: Message: invalid selector: An invalid or illegal selector was specified
  (Session info: chrome=135.0.7049.114); For documentation on this error, please visit: https://www.selenium.dev/documentation/webdriver/troubleshooting/errors#invalid-selector-exception
Stacktrace:
#0 0x63f9a34eb75a &lt;unknown&gt;
#1 0x63f9a2f9e4b0 &lt;unknown&gt;
#2 0x63f9a2fa50b6 &lt;unknown&gt;
#3 0x63f9a2fa7928 &lt;unknown&gt;
#4 0x63f9a2fa79b3 &lt;unknown&gt;
#5 0x63f9a2fef3e5 &lt;unknown&gt;
#6 0x63f9a2fefba1 &lt;unknown&gt;
#7 0x63f9a303e231 &lt;unknown&gt;
#8 0x63f9a30155bd &lt;unknown&gt;
#9 0x63f9a303b5e0 &lt;unknown&gt;
#10 0x63f9a3015363 &lt;unknown&gt;
#11 0x63f9a2fe1d63 &lt;unknown&gt;
#12 0x63f9a2fe29c1 &lt;unknown&gt;
#13 0x63f9a34b0a6b &lt;unknown&gt;
#14 0x63f9a34b4951 &lt;unknown&gt;
#15 0x63f9a3498b62 &lt;unknown&gt;
#16 0x63f9a34b54c4 &lt;unknown&gt;
#17 0x63f9a347d13f &lt;unknown&gt;
#18 0x63f9a34d96f8 &lt;unknown&gt;
#19 0x63f9a34d98d6 &lt;unknown&gt;
#20 0x63f9a34ea5a6 &lt;unknown&gt;
#21 0x780cb4e94ac3 &lt;unknown&gt;
</msg>
<arg>${selectors.text_editor.save_success_message}</arg>
<arg>${timeouts.element_visible}</arg>
<doc>Waits until the element ``locator`` is visible.</doc>
<status status="FAIL" start="2025-04-29T11:46:39.994942" elapsed="0.072532">InvalidSelectorException: Message: invalid selector: An invalid or illegal selector was specified
  (Session info: chrome=135.0.7049.114); For documentation on this error, please visit: https://www.selenium.dev/documentation/webdriver/troubleshooting/errors#invalid-selector-exception
Stacktrace:
#0 0x63f9a34eb75a &lt;unknown&gt;
#1 0x63f9a2f9e4b0 &lt;unknown&gt;
#2 0x63f9a2fa50b6 &lt;unknown&gt;
#3 0x63f9a2fa7928 &lt;unknown&gt;
#4 0x63f9a2fa79b3 &lt;unknown&gt;
#5 0x63f9a2fef3e5 &lt;unknown&gt;
#6 0x63f9a2fefba1 &lt;unknown&gt;
#7 0x63f9a303e231 &lt;unknown&gt;
#8 0x63f9a30155bd &lt;unknown&gt;
#9 0x63f9a303b5e0 &lt;unknown&gt;
#10 0x63f9a3015363 &lt;unknown&gt;
#11 0x63f9a2fe1d63 &lt;unknown&gt;
#12 0x63f9a2fe29c1 &lt;unknown&gt;
#13 0x63f9a34b0a6b &lt;unknown&gt;
#14 0x63f9a34b4951 &lt;unknown&gt;
#15 0x63f9a3498b62 &lt;unknown&gt;
#16 0x63f9a34b54c4 &lt;unknown&gt;
#17 0x63f9a347d13f &lt;unknown&gt;
#18 0x63f9a34d96f8 &lt;unknown&gt;
#19 0x63f9a34d98d6 &lt;unknown&gt;
#20 0x63f9a34ea5a6 &lt;unknown&gt;
#21 0x780cb4e94ac3 &lt;unknown&gt;
</status>
</kw>
<kw name="Sleep" owner="BuiltIn">
<arg>2s</arg>
<doc>Pauses the test executed for the given time.</doc>
<status status="NOT RUN" start="2025-04-29T11:46:40.067843" elapsed="0.000071"/>
</kw>
<doc>Saves the document and verifies the download was triggered</doc>
<status status="FAIL" start="2025-04-29T11:46:39.924669" elapsed="0.143432">InvalidSelectorException: Message: invalid selector: An invalid or illegal selector was specified
  (Session info: chrome=135.0.7049.114); For documentation on this error, please visit: https://www.selenium.dev/documentation/webdriver/troubleshooting/errors#invalid-selector-exception
Stacktrace:
#0 0x63f9a34eb75a &lt;unknown&gt;
#1 0x63f9a2f9e4b0 &lt;unknown&gt;
#2 0x63f9a2fa50b6 &lt;unknown&gt;
#3 0x63f9a2fa7928 &lt;unknown&gt;
#4 0x63f9a2fa79b3 &lt;unknown&gt;
#5 0x63f9a2fef3e5 &lt;unknown&gt;
#6 0x63f9a2fefba1 &lt;unknown&gt;
#7 0x63f9a303e231 &lt;unknown&gt;
#8 0x63f9a30155bd &lt;unknown&gt;
#9 0x63f9a303b5e0 &lt;unknown&gt;
#10 0x63f9a3015363 &lt;unknown&gt;
#11 0x63f9a2fe1d63 &lt;unknown&gt;
#12 0x63f9a2fe29c1 &lt;unknown&gt;
#13 0x63f9a34b0a6b &lt;unknown&gt;
#14 0x63f9a34b4951 &lt;unknown&gt;
#15 0x63f9a3498b62 &lt;unknown&gt;
#16 0x63f9a34b54c4 &lt;unknown&gt;
#17 0x63f9a347d13f &lt;unknown&gt;
#18 0x63f9a34d96f8 &lt;unknown&gt;
#19 0x63f9a34d98d6 &lt;unknown&gt;
#20 0x63f9a34ea5a6 &lt;unknown&gt;
#21 0x780cb4e94ac3 &lt;unknown&gt;
</status>
</kw>
<arg>line_breaks.txt</arg>
<arg>${line_break_content}</arg>
<status status="FAIL" start="2025-04-29T11:46:39.753944" elapsed="0.314300">InvalidSelectorException: Message: invalid selector: An invalid or illegal selector was specified
  (Session info: chrome=135.0.7049.114); For documentation on this error, please visit: https://www.selenium.dev/documentation/webdriver/troubleshooting/errors#invalid-selector-exception
Stacktrace:
#0 0x63f9a34eb75a &lt;unknown&gt;
#1 0x63f9a2f9e4b0 &lt;unknown&gt;
#2 0x63f9a2fa50b6 &lt;unknown&gt;
#3 0x63f9a2fa7928 &lt;unknown&gt;
#4 0x63f9a2fa79b3 &lt;unknown&gt;
#5 0x63f9a2fef3e5 &lt;unknown&gt;
#6 0x63f9a2fefba1 &lt;unknown&gt;
#7 0x63f9a303e231 &lt;unknown&gt;
#8 0x63f9a30155bd &lt;unknown&gt;
#9 0x63f9a303b5e0 &lt;unknown&gt;
#10 0x63f9a3015363 &lt;unknown&gt;
#11 0x63f9a2fe1d63 &lt;unknown&gt;
#12 0x63f9a2fe29c1 &lt;unknown&gt;
#13 0x63f9a34b0a6b &lt;unknown&gt;
#14 0x63f9a34b4951 &lt;unknown&gt;
#15 0x63f9a3498b62 &lt;unknown&gt;
#16 0x63f9a34b54c4 &lt;unknown&gt;
#17 0x63f9a347d13f &lt;unknown&gt;
#18 0x63f9a34d96f8 &lt;unknown&gt;
#19 0x63f9a34d98d6 &lt;unknown&gt;
#20 0x63f9a34ea5a6 &lt;unknown&gt;
#21 0x780cb4e94ac3 &lt;unknown&gt;
</status>
</kw>
<kw name="Verify Content Is" owner="text_editor_keywords">
<arg>${line_break_content}</arg>
<status status="NOT RUN" start="2025-04-29T11:46:40.068513" elapsed="0.000038"/>
</kw>
<kw name="Close Text Editor Application" owner="text_editor_keywords" type="TEARDOWN">
<kw name="Close Browser" owner="SeleniumLibrary">
<doc>Closes the current browser.</doc>
<status status="PASS" start="2025-04-29T11:46:40.069059" elapsed="0.064669"/>
</kw>
<status status="PASS" start="2025-04-29T11:46:40.068809" elapsed="0.065124"/>
</kw>
<doc>Test saving document with line breaks</doc>
<status status="FAIL" start="2025-04-29T11:46:38.916959" elapsed="1.217112">InvalidSelectorException: Message: invalid selector: An invalid or illegal selector was specified
  (Session info: chrome=135.0.7049.114); For documentation on this error, please visit: https://www.selenium.dev/documentation/webdriver/troubleshooting/errors#invalid-selector-exception
Stacktrace:
#0 0x63f9a34eb75a &lt;unknown&gt;
#1 0x63f9a2f9e4b0 &lt;unknown&gt;
#2 0x63f9a2fa50b6 &lt;unknown&gt;
#3 0x63f9a2fa7928 &lt;unknown&gt;
#4 0x63f9a2fa79b3 &lt;unknown&gt;
#5 0x63f9a2fef3e5 &lt;unknown&gt;
#6 0x63f9a2fefba1 &lt;unknown&gt;
#7 0x63f9a303e231 &lt;unknown&gt;
#8 0x63f9a30155bd &lt;unknown&gt;
#9 0x63f9a303b5e0 &lt;unknown&gt;
#10 0x63f9a3015363 &lt;unknown&gt;
#11 0x63f9a2fe1d63 &lt;unknown&gt;
#12 0x63f9a2fe29c1 &lt;unknown&gt;
#13 0x63f9a34b0a6b &lt;unknown&gt;
#14 0x63f9a34b4951 &lt;unknown&gt;
#15 0x63f9a3498b62 &lt;unknown&gt;
#16 0x63f9a34b54c4 &lt;unknown&gt;
#17 0x63f9a347d13f &lt;unknown&gt;
#18 0x63f9a34d96f8 &lt;unknown&gt;
#19 0x63f9a34d98d6 &lt;unknown&gt;
#20 0x63f9a34ea5a6 &lt;unknown&gt;
#21 0x780cb4e94ac3 &lt;unknown&gt;
</status>
</test>
<test id="s1-t11" name="Save Document With Unicode Characters" line="70">
<kw name="Open Text Editor" owner="text_editor_keywords" type="SETUP">
<kw name="Open Browser" owner="SeleniumLibrary">
<msg time="2025-04-29T11:46:40.135812" level="INFO">Opening browser 'chrome' to base url 'http://localhost:3000'.</msg>
<arg>${app.url}</arg>
<arg>chrome</arg>
<doc>Opens a new browser instance to the optional ``url``.</doc>
<status status="PASS" start="2025-04-29T11:46:40.135270" elapsed="0.762794"/>
</kw>
<kw name="Click Element" owner="SeleniumLibrary">
<msg time="2025-04-29T11:46:40.898744" level="INFO">Clicking element 'xpath=//button[contains(text(), 'Text Editor')]'.</msg>
<arg>${selectors.header.text_editor_button}</arg>
<doc>Click the element identified by ``locator``.</doc>
<status status="PASS" start="2025-04-29T11:46:40.898264" elapsed="0.107918"/>
</kw>
<kw name="Wait Until Page Contains Element" owner="SeleniumLibrary">
<arg>${selectors.text_editor.filename_input}</arg>
<arg>${timeouts.page_load}</arg>
<doc>Waits until the element ``locator`` appears on the current page.</doc>
<status status="PASS" start="2025-04-29T11:46:41.006380" elapsed="0.009694"/>
</kw>
<kw name="Log" owner="BuiltIn">
<msg time="2025-04-29T11:46:41.016442" level="INFO">Opened Text Editor</msg>
<arg>Opened Text Editor</arg>
<doc>Logs the given message with the given level.</doc>
<status status="PASS" start="2025-04-29T11:46:41.016288" elapsed="0.000203"/>
</kw>
<status status="PASS" start="2025-04-29T11:46:40.134870" elapsed="0.881690"/>
</kw>
<kw name="Set Variable" owner="BuiltIn">
<msg time="2025-04-29T11:46:41.016868" level="INFO">${unicode_content} = Unicode characters: </msg>
<var>${unicode_content}</var>
<arg>Unicode characters: </arg>
<doc>Returns the given values which can then be assigned to a variables.</doc>
<status status="PASS" start="2025-04-29T11:46:41.016720" elapsed="0.000176"/>
</kw>
<kw name="Create And Save Document" owner="text_editor_keywords">
<kw name="Set File Name" owner="text_editor_keywords">
<kw name="Input Text" owner="SeleniumLibrary">
<msg time="2025-04-29T11:46:41.017930" level="INFO">Typing text 'unicode.txt' into text field 'css=input[type='text']'.</msg>
<arg>${selectors.text_editor.filename_input}</arg>
<arg>${filename}</arg>
<doc>Types the given ``text`` into the text field identified by ``locator``.</doc>
<status status="PASS" start="2025-04-29T11:46:41.017523" elapsed="0.080955"/>
</kw>
<arg>${filename}</arg>
<status status="PASS" start="2025-04-29T11:46:41.017316" elapsed="0.081302"/>
</kw>
<kw name="Set Content" owner="text_editor_keywords">
<kw name="Input Text" owner="SeleniumLibrary">
<msg time="2025-04-29T11:46:41.099500" level="INFO">Typing text 'Unicode characters: ' into text field 'css=textarea'.</msg>
<arg>${selectors.text_editor.content_textarea}</arg>
<arg>${content}</arg>
<doc>Types the given ``text`` into the text field identified by ``locator``.</doc>
<status status="PASS" start="2025-04-29T11:46:41.099096" elapsed="0.095236"/>
</kw>
<arg>${content}</arg>
<status status="PASS" start="2025-04-29T11:46:41.098798" elapsed="0.095668"/>
</kw>
<kw name="Save Document" owner="text_editor_keywords">
<kw name="Get Editor Content" owner="text_editor_keywords">
<kw name="Get Value" owner="SeleniumLibrary">
<msg time="2025-04-29T11:46:41.204284" level="INFO">${content} = Unicode characters: </msg>
<var>${content}</var>
<arg>${selectors.text_editor.content_textarea}</arg>
<doc>Returns the value attribute of the element identified by ``locator``.</doc>
<status status="PASS" start="2025-04-29T11:46:41.195192" elapsed="0.009175"/>
</kw>
<return>
<value>${content}</value>
<status status="PASS" start="2025-04-29T11:46:41.204502" elapsed="0.000072"/>
</return>
<msg time="2025-04-29T11:46:41.204755" level="INFO">${content} = Unicode characters: </msg>
<var>${content}</var>
<status status="PASS" start="2025-04-29T11:46:41.194988" elapsed="0.009802"/>
</kw>
<kw name="Get File Name" owner="text_editor_keywords">
<kw name="Get Value" owner="SeleniumLibrary">
<msg time="2025-04-29T11:46:41.214120" level="INFO">${filename} = unicode.txt</msg>
<var>${filename}</var>
<arg>${selectors.text_editor.filename_input}</arg>
<doc>Returns the value attribute of the element identified by ``locator``.</doc>
<status status="PASS" start="2025-04-29T11:46:41.205345" elapsed="0.008821"/>
</kw>
<return>
<value>${filename}</value>
<status status="PASS" start="2025-04-29T11:46:41.214252" elapsed="0.000049"/>
</return>
<msg time="2025-04-29T11:46:41.214434" level="INFO">${filename} = unicode.txt</msg>
<var>${filename}</var>
<status status="PASS" start="2025-04-29T11:46:41.205038" elapsed="0.009420"/>
</kw>
<kw name="Click Button" owner="SeleniumLibrary">
<msg time="2025-04-29T11:46:41.215025" level="INFO">Clicking button 'xpath=//button[contains(., 'Save')]'.</msg>
<arg>${selectors.text_editor.save_button}</arg>
<doc>Clicks the button identified by ``locator``.</doc>
<status status="PASS" start="2025-04-29T11:46:41.214597" elapsed="0.064460"/>
</kw>
<kw name="Wait Until Element Is Visible" owner="SeleniumLibrary">
<msg time="2025-04-29T11:46:41.383060" level="INFO" html="true">&lt;/td&gt;&lt;/tr&gt;&lt;tr&gt;&lt;td colspan="3"&gt;&lt;a href="selenium-screenshot-21.png"&gt;&lt;img src="selenium-screenshot-21.png" width="800px"&gt;&lt;/a&gt;</msg>
<msg time="2025-04-29T11:46:41.383321" level="FAIL">InvalidSelectorException: Message: invalid selector: An invalid or illegal selector was specified
  (Session info: chrome=135.0.7049.114); For documentation on this error, please visit: https://www.selenium.dev/documentation/webdriver/troubleshooting/errors#invalid-selector-exception
Stacktrace:
#0 0x5f39994a275a &lt;unknown&gt;
#1 0x5f3998f554b0 &lt;unknown&gt;
#2 0x5f3998f5c0b6 &lt;unknown&gt;
#3 0x5f3998f5e928 &lt;unknown&gt;
#4 0x5f3998f5e9b3 &lt;unknown&gt;
#5 0x5f3998fa63e5 &lt;unknown&gt;
#6 0x5f3998fa6ba1 &lt;unknown&gt;
#7 0x5f3998ff5231 &lt;unknown&gt;
#8 0x5f3998fcc5bd &lt;unknown&gt;
#9 0x5f3998ff25e0 &lt;unknown&gt;
#10 0x5f3998fcc363 &lt;unknown&gt;
#11 0x5f3998f98d63 &lt;unknown&gt;
#12 0x5f3998f999c1 &lt;unknown&gt;
#13 0x5f3999467a6b &lt;unknown&gt;
#14 0x5f399946b951 &lt;unknown&gt;
#15 0x5f399944fb62 &lt;unknown&gt;
#16 0x5f399946c4c4 &lt;unknown&gt;
#17 0x5f399943413f &lt;unknown&gt;
#18 0x5f39994906f8 &lt;unknown&gt;
#19 0x5f39994908d6 &lt;unknown&gt;
#20 0x5f39994a15a6 &lt;unknown&gt;
#21 0x7660c4494ac3 &lt;unknown&gt;
</msg>
<arg>${selectors.text_editor.save_success_message}</arg>
<arg>${timeouts.element_visible}</arg>
<doc>Waits until the element ``locator`` is visible.</doc>
<status status="FAIL" start="2025-04-29T11:46:41.279399" elapsed="0.104212">InvalidSelectorException: Message: invalid selector: An invalid or illegal selector was specified
  (Session info: chrome=135.0.7049.114); For documentation on this error, please visit: https://www.selenium.dev/documentation/webdriver/troubleshooting/errors#invalid-selector-exception
Stacktrace:
#0 0x5f39994a275a &lt;unknown&gt;
#1 0x5f3998f554b0 &lt;unknown&gt;
#2 0x5f3998f5c0b6 &lt;unknown&gt;
#3 0x5f3998f5e928 &lt;unknown&gt;
#4 0x5f3998f5e9b3 &lt;unknown&gt;
#5 0x5f3998fa63e5 &lt;unknown&gt;
#6 0x5f3998fa6ba1 &lt;unknown&gt;
#7 0x5f3998ff5231 &lt;unknown&gt;
#8 0x5f3998fcc5bd &lt;unknown&gt;
#9 0x5f3998ff25e0 &lt;unknown&gt;
#10 0x5f3998fcc363 &lt;unknown&gt;
#11 0x5f3998f98d63 &lt;unknown&gt;
#12 0x5f3998f999c1 &lt;unknown&gt;
#13 0x5f3999467a6b &lt;unknown&gt;
#14 0x5f399946b951 &lt;unknown&gt;
#15 0x5f399944fb62 &lt;unknown&gt;
#16 0x5f399946c4c4 &lt;unknown&gt;
#17 0x5f399943413f &lt;unknown&gt;
#18 0x5f39994906f8 &lt;unknown&gt;
#19 0x5f39994908d6 &lt;unknown&gt;
#20 0x5f39994a15a6 &lt;unknown&gt;
#21 0x7660c4494ac3 &lt;unknown&gt;
</status>
</kw>
<kw name="Sleep" owner="BuiltIn">
<arg>2s</arg>
<doc>Pauses the test executed for the given time.</doc>
<status status="NOT RUN" start="2025-04-29T11:46:41.383835" elapsed="0.000040"/>
</kw>
<doc>Saves the document and verifies the download was triggered</doc>
<status status="FAIL" start="2025-04-29T11:46:41.194672" elapsed="0.189315">InvalidSelectorException: Message: invalid selector: An invalid or illegal selector was specified
  (Session info: chrome=135.0.7049.114); For documentation on this error, please visit: https://www.selenium.dev/documentation/webdriver/troubleshooting/errors#invalid-selector-exception
Stacktrace:
#0 0x5f39994a275a &lt;unknown&gt;
#1 0x5f3998f554b0 &lt;unknown&gt;
#2 0x5f3998f5c0b6 &lt;unknown&gt;
#3 0x5f3998f5e928 &lt;unknown&gt;
#4 0x5f3998f5e9b3 &lt;unknown&gt;
#5 0x5f3998fa63e5 &lt;unknown&gt;
#6 0x5f3998fa6ba1 &lt;unknown&gt;
#7 0x5f3998ff5231 &lt;unknown&gt;
#8 0x5f3998fcc5bd &lt;unknown&gt;
#9 0x5f3998ff25e0 &lt;unknown&gt;
#10 0x5f3998fcc363 &lt;unknown&gt;
#11 0x5f3998f98d63 &lt;unknown&gt;
#12 0x5f3998f999c1 &lt;unknown&gt;
#13 0x5f3999467a6b &lt;unknown&gt;
#14 0x5f399946b951 &lt;unknown&gt;
#15 0x5f399944fb62 &lt;unknown&gt;
#16 0x5f399946c4c4 &lt;unknown&gt;
#17 0x5f399943413f &lt;unknown&gt;
#18 0x5f39994906f8 &lt;unknown&gt;
#19 0x5f39994908d6 &lt;unknown&gt;
#20 0x5f39994a15a6 &lt;unknown&gt;
#21 0x7660c4494ac3 &lt;unknown&gt;
</status>
</kw>
<arg>unicode.txt</arg>
<arg>${unicode_content}</arg>
<status status="FAIL" start="2025-04-29T11:46:41.017055" elapsed="0.367018">InvalidSelectorException: Message: invalid selector: An invalid or illegal selector was specified
  (Session info: chrome=135.0.7049.114); For documentation on this error, please visit: https://www.selenium.dev/documentation/webdriver/troubleshooting/errors#invalid-selector-exception
Stacktrace:
#0 0x5f39994a275a &lt;unknown&gt;
#1 0x5f3998f554b0 &lt;unknown&gt;
#2 0x5f3998f5c0b6 &lt;unknown&gt;
#3 0x5f3998f5e928 &lt;unknown&gt;
#4 0x5f3998f5e9b3 &lt;unknown&gt;
#5 0x5f3998fa63e5 &lt;unknown&gt;
#6 0x5f3998fa6ba1 &lt;unknown&gt;
#7 0x5f3998ff5231 &lt;unknown&gt;
#8 0x5f3998fcc5bd &lt;unknown&gt;
#9 0x5f3998ff25e0 &lt;unknown&gt;
#10 0x5f3998fcc363 &lt;unknown&gt;
#11 0x5f3998f98d63 &lt;unknown&gt;
#12 0x5f3998f999c1 &lt;unknown&gt;
#13 0x5f3999467a6b &lt;unknown&gt;
#14 0x5f399946b951 &lt;unknown&gt;
#15 0x5f399944fb62 &lt;unknown&gt;
#16 0x5f399946c4c4 &lt;unknown&gt;
#17 0x5f399943413f &lt;unknown&gt;
#18 0x5f39994906f8 &lt;unknown&gt;
#19 0x5f39994908d6 &lt;unknown&gt;
#20 0x5f39994a15a6 &lt;unknown&gt;
#21 0x7660c4494ac3 &lt;unknown&gt;
</status>
</kw>
<kw name="Verify Content Is" owner="text_editor_keywords">
<arg>${unicode_content}</arg>
<status status="NOT RUN" start="2025-04-29T11:46:41.384284" elapsed="0.000033"/>
</kw>
<kw name="Close Text Editor Application" owner="text_editor_keywords" type="TEARDOWN">
<kw name="Close Browser" owner="SeleniumLibrary">
<doc>Closes the current browser.</doc>
<status status="PASS" start="2025-04-29T11:46:41.384933" elapsed="0.060563"/>
</kw>
<status status="PASS" start="2025-04-29T11:46:41.384571" elapsed="0.061233"/>
</kw>
<doc>Test saving document with unicode characters</doc>
<status status="FAIL" start="2025-04-29T11:46:40.134374" elapsed="1.311792">InvalidSelectorException: Message: invalid selector: An invalid or illegal selector was specified
  (Session info: chrome=135.0.7049.114); For documentation on this error, please visit: https://www.selenium.dev/documentation/webdriver/troubleshooting/errors#invalid-selector-exception
Stacktrace:
#0 0x5f39994a275a &lt;unknown&gt;
#1 0x5f3998f554b0 &lt;unknown&gt;
#2 0x5f3998f5c0b6 &lt;unknown&gt;
#3 0x5f3998f5e928 &lt;unknown&gt;
#4 0x5f3998f5e9b3 &lt;unknown&gt;
#5 0x5f3998fa63e5 &lt;unknown&gt;
#6 0x5f3998fa6ba1 &lt;unknown&gt;
#7 0x5f3998ff5231 &lt;unknown&gt;
#8 0x5f3998fcc5bd &lt;unknown&gt;
#9 0x5f3998ff25e0 &lt;unknown&gt;
#10 0x5f3998fcc363 &lt;unknown&gt;
#11 0x5f3998f98d63 &lt;unknown&gt;
#12 0x5f3998f999c1 &lt;unknown&gt;
#13 0x5f3999467a6b &lt;unknown&gt;
#14 0x5f399946b951 &lt;unknown&gt;
#15 0x5f399944fb62 &lt;unknown&gt;
#16 0x5f399946c4c4 &lt;unknown&gt;
#17 0x5f399943413f &lt;unknown&gt;
#18 0x5f39994906f8 &lt;unknown&gt;
#19 0x5f39994908d6 &lt;unknown&gt;
#20 0x5f39994a15a6 &lt;unknown&gt;
#21 0x7660c4494ac3 &lt;unknown&gt;
</status>
</test>
<test id="s1-t12" name="Save Document With HTML Content" line="76">
<kw name="Open Text Editor" owner="text_editor_keywords" type="SETUP">
<kw name="Open Browser" owner="SeleniumLibrary">
<msg time="2025-04-29T11:46:41.448630" level="INFO">Opening browser 'chrome' to base url 'http://localhost:3000'.</msg>
<arg>${app.url}</arg>
<arg>chrome</arg>
<doc>Opens a new browser instance to the optional ``url``.</doc>
<status status="PASS" start="2025-04-29T11:46:41.447906" elapsed="0.720112"/>
</kw>
<kw name="Click Element" owner="SeleniumLibrary">
<msg time="2025-04-29T11:46:42.169124" level="INFO">Clicking element 'xpath=//button[contains(text(), 'Text Editor')]'.</msg>
<arg>${selectors.header.text_editor_button}</arg>
<doc>Click the element identified by ``locator``.</doc>
<status status="PASS" start="2025-04-29T11:46:42.168221" elapsed="0.112901"/>
</kw>
<kw name="Wait Until Page Contains Element" owner="SeleniumLibrary">
<arg>${selectors.text_editor.filename_input}</arg>
<arg>${timeouts.page_load}</arg>
<doc>Waits until the element ``locator`` appears on the current page.</doc>
<status status="PASS" start="2025-04-29T11:46:42.281329" elapsed="0.010031"/>
</kw>
<kw name="Log" owner="BuiltIn">
<msg time="2025-04-29T11:46:42.291735" level="INFO">Opened Text Editor</msg>
<arg>Opened Text Editor</arg>
<doc>Logs the given message with the given level.</doc>
<status status="PASS" start="2025-04-29T11:46:42.291563" elapsed="0.000222"/>
</kw>
<status status="PASS" start="2025-04-29T11:46:41.447422" elapsed="0.844435"/>
</kw>
<kw name="Set Variable" owner="BuiltIn">
<msg time="2025-04-29T11:46:42.292200" level="INFO">${html_content} = &lt;html&gt;&lt;body&gt;&lt;h1&gt;Test&lt;/h1&gt;&lt;/body&gt;&lt;/html&gt;</msg>
<var>${html_content}</var>
<arg>&lt;html&gt;&lt;body&gt;&lt;h1&gt;Test&lt;/h1&gt;&lt;/body&gt;&lt;/html&gt;</arg>
<doc>Returns the given values which can then be assigned to a variables.</doc>
<status status="PASS" start="2025-04-29T11:46:42.292044" elapsed="0.000182"/>
</kw>
<kw name="Create And Save Document" owner="text_editor_keywords">
<kw name="Set File Name" owner="text_editor_keywords">
<kw name="Input Text" owner="SeleniumLibrary">
<msg time="2025-04-29T11:46:42.293494" level="INFO">Typing text 'html.txt' into text field 'css=input[type='text']'.</msg>
<arg>${selectors.text_editor.filename_input}</arg>
<arg>${filename}</arg>
<doc>Types the given ``text`` into the text field identified by ``locator``.</doc>
<status status="PASS" start="2025-04-29T11:46:42.293024" elapsed="0.072235"/>
</kw>
<arg>${filename}</arg>
<status status="PASS" start="2025-04-29T11:46:42.292762" elapsed="0.072622"/>
</kw>
<kw name="Set Content" owner="text_editor_keywords">
<kw name="Input Text" owner="SeleniumLibrary">
<msg time="2025-04-29T11:46:42.366347" level="INFO">Typing text '&lt;html&gt;&lt;body&gt;&lt;h1&gt;Test&lt;/h1&gt;&lt;/body&gt;&lt;/html&gt;' into text field 'css=textarea'.</msg>
<arg>${selectors.text_editor.content_textarea}</arg>
<arg>${content}</arg>
<doc>Types the given ``text`` into the text field identified by ``locator``.</doc>
<status status="PASS" start="2025-04-29T11:46:42.365896" elapsed="0.096550"/>
</kw>
<arg>${content}</arg>
<status status="PASS" start="2025-04-29T11:46:42.365559" elapsed="0.097026"/>
</kw>
<kw name="Save Document" owner="text_editor_keywords">
<kw name="Get Editor Content" owner="text_editor_keywords">
<kw name="Get Value" owner="SeleniumLibrary">
<msg time="2025-04-29T11:46:42.472786" level="INFO">${content} = &lt;html&gt;&lt;body&gt;&lt;h1&gt;Test&lt;/h1&gt;&lt;/body&gt;&lt;/html&gt;</msg>
<var>${content}</var>
<arg>${selectors.text_editor.content_textarea}</arg>
<doc>Returns the value attribute of the element identified by ``locator``.</doc>
<status status="PASS" start="2025-04-29T11:46:42.463247" elapsed="0.009632"/>
</kw>
<return>
<value>${content}</value>
<status status="PASS" start="2025-04-29T11:46:42.472996" elapsed="0.000062"/>
</return>
<msg time="2025-04-29T11:46:42.473254" level="INFO">${content} = &lt;html&gt;&lt;body&gt;&lt;h1&gt;Test&lt;/h1&gt;&lt;/body&gt;&lt;/html&gt;</msg>
<var>${content}</var>
<status status="PASS" start="2025-04-29T11:46:42.463064" elapsed="0.010220"/>
</kw>
<kw name="Get File Name" owner="text_editor_keywords">
<kw name="Get Value" owner="SeleniumLibrary">
<msg time="2025-04-29T11:46:42.482364" level="INFO">${filename} = html.txt</msg>
<var>${filename}</var>
<arg>${selectors.text_editor.filename_input}</arg>
<doc>Returns the value attribute of the element identified by ``locator``.</doc>
<status status="PASS" start="2025-04-29T11:46:42.473961" elapsed="0.008450"/>
</kw>
<return>
<value>${filename}</value>
<status status="PASS" start="2025-04-29T11:46:42.482497" elapsed="0.000048"/>
</return>
<msg time="2025-04-29T11:46:42.482674" level="INFO">${filename} = html.txt</msg>
<var>${filename}</var>
<status status="PASS" start="2025-04-29T11:46:42.473545" elapsed="0.009154"/>
</kw>
<kw name="Click Button" owner="SeleniumLibrary">
<msg time="2025-04-29T11:46:42.483241" level="INFO">Clicking button 'xpath=//button[contains(., 'Save')]'.</msg>
<arg>${selectors.text_editor.save_button}</arg>
<doc>Clicks the button identified by ``locator``.</doc>
<status status="PASS" start="2025-04-29T11:46:42.482829" elapsed="0.061568"/>
</kw>
<kw name="Wait Until Element Is Visible" owner="SeleniumLibrary">
<msg time="2025-04-29T11:46:42.637803" level="INFO" html="true">&lt;/td&gt;&lt;/tr&gt;&lt;tr&gt;&lt;td colspan="3"&gt;&lt;a href="selenium-screenshot-22.png"&gt;&lt;img src="selenium-screenshot-22.png" width="800px"&gt;&lt;/a&gt;</msg>
<msg time="2025-04-29T11:46:42.638077" level="FAIL">InvalidSelectorException: Message: invalid selector: An invalid or illegal selector was specified
  (Session info: chrome=135.0.7049.114); For documentation on this error, please visit: https://www.selenium.dev/documentation/webdriver/troubleshooting/errors#invalid-selector-exception
Stacktrace:
#0 0x5fe89430375a &lt;unknown&gt;
#1 0x5fe893db64b0 &lt;unknown&gt;
#2 0x5fe893dbd0b6 &lt;unknown&gt;
#3 0x5fe893dbf928 &lt;unknown&gt;
#4 0x5fe893dbf9b3 &lt;unknown&gt;
#5 0x5fe893e073e5 &lt;unknown&gt;
#6 0x5fe893e07ba1 &lt;unknown&gt;
#7 0x5fe893e56231 &lt;unknown&gt;
#8 0x5fe893e2d5bd &lt;unknown&gt;
#9 0x5fe893e535e0 &lt;unknown&gt;
#10 0x5fe893e2d363 &lt;unknown&gt;
#11 0x5fe893df9d63 &lt;unknown&gt;
#12 0x5fe893dfa9c1 &lt;unknown&gt;
#13 0x5fe8942c8a6b &lt;unknown&gt;
#14 0x5fe8942cc951 &lt;unknown&gt;
#15 0x5fe8942b0b62 &lt;unknown&gt;
#16 0x5fe8942cd4c4 &lt;unknown&gt;
#17 0x5fe89429513f &lt;unknown&gt;
#18 0x5fe8942f16f8 &lt;unknown&gt;
#19 0x5fe8942f18d6 &lt;unknown&gt;
#20 0x5fe8943025a6 &lt;unknown&gt;
#21 0x72a024694ac3 &lt;unknown&gt;
</msg>
<arg>${selectors.text_editor.save_success_message}</arg>
<arg>${timeouts.element_visible}</arg>
<doc>Waits until the element ``locator`` is visible.</doc>
<status status="FAIL" start="2025-04-29T11:46:42.544763" elapsed="0.093618">InvalidSelectorException: Message: invalid selector: An invalid or illegal selector was specified
  (Session info: chrome=135.0.7049.114); For documentation on this error, please visit: https://www.selenium.dev/documentation/webdriver/troubleshooting/errors#invalid-selector-exception
Stacktrace:
#0 0x5fe89430375a &lt;unknown&gt;
#1 0x5fe893db64b0 &lt;unknown&gt;
#2 0x5fe893dbd0b6 &lt;unknown&gt;
#3 0x5fe893dbf928 &lt;unknown&gt;
#4 0x5fe893dbf9b3 &lt;unknown&gt;
#5 0x5fe893e073e5 &lt;unknown&gt;
#6 0x5fe893e07ba1 &lt;unknown&gt;
#7 0x5fe893e56231 &lt;unknown&gt;
#8 0x5fe893e2d5bd &lt;unknown&gt;
#9 0x5fe893e535e0 &lt;unknown&gt;
#10 0x5fe893e2d363 &lt;unknown&gt;
#11 0x5fe893df9d63 &lt;unknown&gt;
#12 0x5fe893dfa9c1 &lt;unknown&gt;
#13 0x5fe8942c8a6b &lt;unknown&gt;
#14 0x5fe8942cc951 &lt;unknown&gt;
#15 0x5fe8942b0b62 &lt;unknown&gt;
#16 0x5fe8942cd4c4 &lt;unknown&gt;
#17 0x5fe89429513f &lt;unknown&gt;
#18 0x5fe8942f16f8 &lt;unknown&gt;
#19 0x5fe8942f18d6 &lt;unknown&gt;
#20 0x5fe8943025a6 &lt;unknown&gt;
#21 0x72a024694ac3 &lt;unknown&gt;
</status>
</kw>
<kw name="Sleep" owner="BuiltIn">
<arg>2s</arg>
<doc>Pauses the test executed for the given time.</doc>
<status status="NOT RUN" start="2025-04-29T11:46:42.638760" elapsed="0.000071"/>
</kw>
<doc>Saves the document and verifies the download was triggered</doc>
<status status="FAIL" start="2025-04-29T11:46:42.462789" elapsed="0.176227">InvalidSelectorException: Message: invalid selector: An invalid or illegal selector was specified
  (Session info: chrome=135.0.7049.114); For documentation on this error, please visit: https://www.selenium.dev/documentation/webdriver/troubleshooting/errors#invalid-selector-exception
Stacktrace:
#0 0x5fe89430375a &lt;unknown&gt;
#1 0x5fe893db64b0 &lt;unknown&gt;
#2 0x5fe893dbd0b6 &lt;unknown&gt;
#3 0x5fe893dbf928 &lt;unknown&gt;
#4 0x5fe893dbf9b3 &lt;unknown&gt;
#5 0x5fe893e073e5 &lt;unknown&gt;
#6 0x5fe893e07ba1 &lt;unknown&gt;
#7 0x5fe893e56231 &lt;unknown&gt;
#8 0x5fe893e2d5bd &lt;unknown&gt;
#9 0x5fe893e535e0 &lt;unknown&gt;
#10 0x5fe893e2d363 &lt;unknown&gt;
#11 0x5fe893df9d63 &lt;unknown&gt;
#12 0x5fe893dfa9c1 &lt;unknown&gt;
#13 0x5fe8942c8a6b &lt;unknown&gt;
#14 0x5fe8942cc951 &lt;unknown&gt;
#15 0x5fe8942b0b62 &lt;unknown&gt;
#16 0x5fe8942cd4c4 &lt;unknown&gt;
#17 0x5fe89429513f &lt;unknown&gt;
#18 0x5fe8942f16f8 &lt;unknown&gt;
#19 0x5fe8942f18d6 &lt;unknown&gt;
#20 0x5fe8943025a6 &lt;unknown&gt;
#21 0x72a024694ac3 &lt;unknown&gt;
</status>
</kw>
<arg>html.txt</arg>
<arg>${html_content}</arg>
<status status="FAIL" start="2025-04-29T11:46:42.292410" elapsed="0.346753">InvalidSelectorException: Message: invalid selector: An invalid or illegal selector was specified
  (Session info: chrome=135.0.7049.114); For documentation on this error, please visit: https://www.selenium.dev/documentation/webdriver/troubleshooting/errors#invalid-selector-exception
Stacktrace:
#0 0x5fe89430375a &lt;unknown&gt;
#1 0x5fe893db64b0 &lt;unknown&gt;
#2 0x5fe893dbd0b6 &lt;unknown&gt;
#3 0x5fe893dbf928 &lt;unknown&gt;
#4 0x5fe893dbf9b3 &lt;unknown&gt;
#5 0x5fe893e073e5 &lt;unknown&gt;
#6 0x5fe893e07ba1 &lt;unknown&gt;
#7 0x5fe893e56231 &lt;unknown&gt;
#8 0x5fe893e2d5bd &lt;unknown&gt;
#9 0x5fe893e535e0 &lt;unknown&gt;
#10 0x5fe893e2d363 &lt;unknown&gt;
#11 0x5fe893df9d63 &lt;unknown&gt;
#12 0x5fe893dfa9c1 &lt;unknown&gt;
#13 0x5fe8942c8a6b &lt;unknown&gt;
#14 0x5fe8942cc951 &lt;unknown&gt;
#15 0x5fe8942b0b62 &lt;unknown&gt;
#16 0x5fe8942cd4c4 &lt;unknown&gt;
#17 0x5fe89429513f &lt;unknown&gt;
#18 0x5fe8942f16f8 &lt;unknown&gt;
#19 0x5fe8942f18d6 &lt;unknown&gt;
#20 0x5fe8943025a6 &lt;unknown&gt;
#21 0x72a024694ac3 &lt;unknown&gt;
</status>
</kw>
<kw name="Verify Content Is" owner="text_editor_keywords">
<arg>${html_content}</arg>
<status status="NOT RUN" start="2025-04-29T11:46:42.639498" elapsed="0.000080"/>
</kw>
<kw name="Close Text Editor Application" owner="text_editor_keywords" type="TEARDOWN">
<kw name="Close Browser" owner="SeleniumLibrary">
<doc>Closes the current browser.</doc>
<status status="PASS" start="2025-04-29T11:46:42.640702" elapsed="0.056901"/>
</kw>
<status status="PASS" start="2025-04-29T11:46:42.640174" elapsed="0.057575"/>
</kw>
<doc>Test saving document with HTML content</doc>
<status status="FAIL" start="2025-04-29T11:46:41.446798" elapsed="1.251055">InvalidSelectorException: Message: invalid selector: An invalid or illegal selector was specified
  (Session info: chrome=135.0.7049.114); For documentation on this error, please visit: https://www.selenium.dev/documentation/webdriver/troubleshooting/errors#invalid-selector-exception
Stacktrace:
#0 0x5fe89430375a &lt;unknown&gt;
#1 0x5fe893db64b0 &lt;unknown&gt;
#2 0x5fe893dbd0b6 &lt;unknown&gt;
#3 0x5fe893dbf928 &lt;unknown&gt;
#4 0x5fe893dbf9b3 &lt;unknown&gt;
#5 0x5fe893e073e5 &lt;unknown&gt;
#6 0x5fe893e07ba1 &lt;unknown&gt;
#7 0x5fe893e56231 &lt;unknown&gt;
#8 0x5fe893e2d5bd &lt;unknown&gt;
#9 0x5fe893e535e0 &lt;unknown&gt;
#10 0x5fe893e2d363 &lt;unknown&gt;
#11 0x5fe893df9d63 &lt;unknown&gt;
#12 0x5fe893dfa9c1 &lt;unknown&gt;
#13 0x5fe8942c8a6b &lt;unknown&gt;
#14 0x5fe8942cc951 &lt;unknown&gt;
#15 0x5fe8942b0b62 &lt;unknown&gt;
#16 0x5fe8942cd4c4 &lt;unknown&gt;
#17 0x5fe89429513f &lt;unknown&gt;
#18 0x5fe8942f16f8 &lt;unknown&gt;
#19 0x5fe8942f18d6 &lt;unknown&gt;
#20 0x5fe8943025a6 &lt;unknown&gt;
#21 0x72a024694ac3 &lt;unknown&gt;
</status>
</test>
<test id="s1-t13" name="Save Document With JavaScript Content" line="82">
<kw name="Open Text Editor" owner="text_editor_keywords" type="SETUP">
<kw name="Open Browser" owner="SeleniumLibrary">
<msg time="2025-04-29T11:46:42.699231" level="INFO">Opening browser 'chrome' to base url 'http://localhost:3000'.</msg>
<arg>${app.url}</arg>
<arg>chrome</arg>
<doc>Opens a new browser instance to the optional ``url``.</doc>
<status status="PASS" start="2025-04-29T11:46:42.698804" elapsed="0.746749"/>
</kw>
<kw name="Click Element" owner="SeleniumLibrary">
<msg time="2025-04-29T11:46:43.446241" level="INFO">Clicking element 'xpath=//button[contains(text(), 'Text Editor')]'.</msg>
<arg>${selectors.header.text_editor_button}</arg>
<doc>Click the element identified by ``locator``.</doc>
<status status="PASS" start="2025-04-29T11:46:43.445770" elapsed="0.114680"/>
</kw>
<kw name="Wait Until Page Contains Element" owner="SeleniumLibrary">
<arg>${selectors.text_editor.filename_input}</arg>
<arg>${timeouts.page_load}</arg>
<doc>Waits until the element ``locator`` appears on the current page.</doc>
<status status="PASS" start="2025-04-29T11:46:43.560757" elapsed="0.008164"/>
</kw>
<kw name="Log" owner="BuiltIn">
<msg time="2025-04-29T11:46:43.569263" level="INFO">Opened Text Editor</msg>
<arg>Opened Text Editor</arg>
<doc>Logs the given message with the given level.</doc>
<status status="PASS" start="2025-04-29T11:46:43.569115" elapsed="0.000193"/>
</kw>
<status status="PASS" start="2025-04-29T11:46:42.698546" elapsed="0.870831"/>
</kw>
<kw name="Set Variable" owner="BuiltIn">
<msg time="2025-04-29T11:46:43.569688" level="INFO">${js_content} = function test() { console.log('test'); }</msg>
<var>${js_content}</var>
<arg>function test() { console.log('test'); }</arg>
<doc>Returns the given values which can then be assigned to a variables.</doc>
<status status="PASS" start="2025-04-29T11:46:43.569537" elapsed="0.000187"/>
</kw>
<kw name="Create And Save Document" owner="text_editor_keywords">
<kw name="Set File Name" owner="text_editor_keywords">
<kw name="Input Text" owner="SeleniumLibrary">
<msg time="2025-04-29T11:46:43.571304" level="INFO">Typing text 'script.js' into text field 'css=input[type='text']'.</msg>
<arg>${selectors.text_editor.filename_input}</arg>
<arg>${filename}</arg>
<doc>Types the given ``text`` into the text field identified by ``locator``.</doc>
<status status="PASS" start="2025-04-29T11:46:43.570882" elapsed="0.070216"/>
</kw>
<arg>${filename}</arg>
<status status="PASS" start="2025-04-29T11:46:43.570609" elapsed="0.070652"/>
</kw>
<kw name="Set Content" owner="text_editor_keywords">
<kw name="Input Text" owner="SeleniumLibrary">
<msg time="2025-04-29T11:46:43.642376" level="INFO">Typing text 'function test() { console.log('test'); }' into text field 'css=textarea'.</msg>
<arg>${selectors.text_editor.content_textarea}</arg>
<arg>${content}</arg>
<doc>Types the given ``text`` into the text field identified by ``locator``.</doc>
<status status="PASS" start="2025-04-29T11:46:43.641799" elapsed="0.108649"/>
</kw>
<arg>${content}</arg>
<status status="PASS" start="2025-04-29T11:46:43.641437" elapsed="0.109190"/>
</kw>
<kw name="Save Document" owner="text_editor_keywords">
<kw name="Get Editor Content" owner="text_editor_keywords">
<kw name="Get Value" owner="SeleniumLibrary">
<msg time="2025-04-29T11:46:43.763176" level="INFO">${content} = function test() { console.log('test'); }</msg>
<var>${content}</var>
<arg>${selectors.text_editor.content_textarea}</arg>
<doc>Returns the value attribute of the element identified by ``locator``.</doc>
<status status="PASS" start="2025-04-29T11:46:43.752124" elapsed="0.011100"/>
</kw>
<return>
<value>${content}</value>
<status status="PASS" start="2025-04-29T11:46:43.763311" elapsed="0.000049"/>
</return>
<msg time="2025-04-29T11:46:43.763493" level="INFO">${content} = function test() { console.log('test'); }</msg>
<var>${content}</var>
<status status="PASS" start="2025-04-29T11:46:43.751779" elapsed="0.011739"/>
</kw>
<kw name="Get File Name" owner="text_editor_keywords">
<kw name="Get Value" owner="SeleniumLibrary">
<msg time="2025-04-29T11:46:43.781077" level="INFO">${filename} = script.js</msg>
<var>${filename}</var>
<arg>${selectors.text_editor.filename_input}</arg>
<doc>Returns the value attribute of the element identified by ``locator``.</doc>
<status status="PASS" start="2025-04-29T11:46:43.763923" elapsed="0.017214"/>
</kw>
<return>
<value>${filename}</value>
<status status="PASS" start="2025-04-29T11:46:43.781225" elapsed="0.000050"/>
</return>
<msg time="2025-04-29T11:46:43.781411" level="INFO">${filename} = script.js</msg>
<var>${filename}</var>
<status status="PASS" start="2025-04-29T11:46:43.763681" elapsed="0.017754"/>
</kw>
<kw name="Click Button" owner="SeleniumLibrary">
<msg time="2025-04-29T11:46:43.781999" level="INFO">Clicking button 'xpath=//button[contains(., 'Save')]'.</msg>
<arg>${selectors.text_editor.save_button}</arg>
<doc>Clicks the button identified by ``locator``.</doc>
<status status="PASS" start="2025-04-29T11:46:43.781563" elapsed="0.051821"/>
</kw>
<kw name="Wait Until Element Is Visible" owner="SeleniumLibrary">
<msg time="2025-04-29T11:46:43.934960" level="INFO" html="true">&lt;/td&gt;&lt;/tr&gt;&lt;tr&gt;&lt;td colspan="3"&gt;&lt;a href="selenium-screenshot-23.png"&gt;&lt;img src="selenium-screenshot-23.png" width="800px"&gt;&lt;/a&gt;</msg>
<msg time="2025-04-29T11:46:43.935128" level="FAIL">InvalidSelectorException: Message: invalid selector: An invalid or illegal selector was specified
  (Session info: chrome=135.0.7049.114); For documentation on this error, please visit: https://www.selenium.dev/documentation/webdriver/troubleshooting/errors#invalid-selector-exception
Stacktrace:
#0 0x607dae87a75a &lt;unknown&gt;
#1 0x607dae32d4b0 &lt;unknown&gt;
#2 0x607dae3340b6 &lt;unknown&gt;
#3 0x607dae336928 &lt;unknown&gt;
#4 0x607dae3369b3 &lt;unknown&gt;
#5 0x607dae37e3e5 &lt;unknown&gt;
#6 0x607dae37eba1 &lt;unknown&gt;
#7 0x607dae3cd231 &lt;unknown&gt;
#8 0x607dae3a45bd &lt;unknown&gt;
#9 0x607dae3ca5e0 &lt;unknown&gt;
#10 0x607dae3a4363 &lt;unknown&gt;
#11 0x607dae370d63 &lt;unknown&gt;
#12 0x607dae3719c1 &lt;unknown&gt;
#13 0x607dae83fa6b &lt;unknown&gt;
#14 0x607dae843951 &lt;unknown&gt;
#15 0x607dae827b62 &lt;unknown&gt;
#16 0x607dae8444c4 &lt;unknown&gt;
#17 0x607dae80c13f &lt;unknown&gt;
#18 0x607dae8686f8 &lt;unknown&gt;
#19 0x607dae8688d6 &lt;unknown&gt;
#20 0x607dae8795a6 &lt;unknown&gt;
#21 0x7b1f4f094ac3 &lt;unknown&gt;
</msg>
<arg>${selectors.text_editor.save_success_message}</arg>
<arg>${timeouts.element_visible}</arg>
<doc>Waits until the element ``locator`` is visible.</doc>
<status status="FAIL" start="2025-04-29T11:46:43.833654" elapsed="0.101697">InvalidSelectorException: Message: invalid selector: An invalid or illegal selector was specified
  (Session info: chrome=135.0.7049.114); For documentation on this error, please visit: https://www.selenium.dev/documentation/webdriver/troubleshooting/errors#invalid-selector-exception
Stacktrace:
#0 0x607dae87a75a &lt;unknown&gt;
#1 0x607dae32d4b0 &lt;unknown&gt;
#2 0x607dae3340b6 &lt;unknown&gt;
#3 0x607dae336928 &lt;unknown&gt;
#4 0x607dae3369b3 &lt;unknown&gt;
#5 0x607dae37e3e5 &lt;unknown&gt;
#6 0x607dae37eba1 &lt;unknown&gt;
#7 0x607dae3cd231 &lt;unknown&gt;
#8 0x607dae3a45bd &lt;unknown&gt;
#9 0x607dae3ca5e0 &lt;unknown&gt;
#10 0x607dae3a4363 &lt;unknown&gt;
#11 0x607dae370d63 &lt;unknown&gt;
#12 0x607dae3719c1 &lt;unknown&gt;
#13 0x607dae83fa6b &lt;unknown&gt;
#14 0x607dae843951 &lt;unknown&gt;
#15 0x607dae827b62 &lt;unknown&gt;
#16 0x607dae8444c4 &lt;unknown&gt;
#17 0x607dae80c13f &lt;unknown&gt;
#18 0x607dae8686f8 &lt;unknown&gt;
#19 0x607dae8688d6 &lt;unknown&gt;
#20 0x607dae8795a6 &lt;unknown&gt;
#21 0x7b1f4f094ac3 &lt;unknown&gt;
</status>
</kw>
<kw name="Sleep" owner="BuiltIn">
<arg>2s</arg>
<doc>Pauses the test executed for the given time.</doc>
<status status="NOT RUN" start="2025-04-29T11:46:43.935548" elapsed="0.000037"/>
</kw>
<doc>Saves the document and verifies the download was triggered</doc>
<status status="FAIL" start="2025-04-29T11:46:43.750921" elapsed="0.184809">InvalidSelectorException: Message: invalid selector: An invalid or illegal selector was specified
  (Session info: chrome=135.0.7049.114); For documentation on this error, please visit: https://www.selenium.dev/documentation/webdriver/troubleshooting/errors#invalid-selector-exception
Stacktrace:
#0 0x607dae87a75a &lt;unknown&gt;
#1 0x607dae32d4b0 &lt;unknown&gt;
#2 0x607dae3340b6 &lt;unknown&gt;
#3 0x607dae336928 &lt;unknown&gt;
#4 0x607dae3369b3 &lt;unknown&gt;
#5 0x607dae37e3e5 &lt;unknown&gt;
#6 0x607dae37eba1 &lt;unknown&gt;
#7 0x607dae3cd231 &lt;unknown&gt;
#8 0x607dae3a45bd &lt;unknown&gt;
#9 0x607dae3ca5e0 &lt;unknown&gt;
#10 0x607dae3a4363 &lt;unknown&gt;
#11 0x607dae370d63 &lt;unknown&gt;
#12 0x607dae3719c1 &lt;unknown&gt;
#13 0x607dae83fa6b &lt;unknown&gt;
#14 0x607dae843951 &lt;unknown&gt;
#15 0x607dae827b62 &lt;unknown&gt;
#16 0x607dae8444c4 &lt;unknown&gt;
#17 0x607dae80c13f &lt;unknown&gt;
#18 0x607dae8686f8 &lt;unknown&gt;
#19 0x607dae8688d6 &lt;unknown&gt;
#20 0x607dae8795a6 &lt;unknown&gt;
#21 0x7b1f4f094ac3 &lt;unknown&gt;
</status>
</kw>
<arg>script.js</arg>
<arg>${js_content}</arg>
<status status="FAIL" start="2025-04-29T11:46:43.569899" elapsed="0.365991">InvalidSelectorException: Message: invalid selector: An invalid or illegal selector was specified
  (Session info: chrome=135.0.7049.114); For documentation on this error, please visit: https://www.selenium.dev/documentation/webdriver/troubleshooting/errors#invalid-selector-exception
Stacktrace:
#0 0x607dae87a75a &lt;unknown&gt;
#1 0x607dae32d4b0 &lt;unknown&gt;
#2 0x607dae3340b6 &lt;unknown&gt;
#3 0x607dae336928 &lt;unknown&gt;
#4 0x607dae3369b3 &lt;unknown&gt;
#5 0x607dae37e3e5 &lt;unknown&gt;
#6 0x607dae37eba1 &lt;unknown&gt;
#7 0x607dae3cd231 &lt;unknown&gt;
#8 0x607dae3a45bd &lt;unknown&gt;
#9 0x607dae3ca5e0 &lt;unknown&gt;
#10 0x607dae3a4363 &lt;unknown&gt;
#11 0x607dae370d63 &lt;unknown&gt;
#12 0x607dae3719c1 &lt;unknown&gt;
#13 0x607dae83fa6b &lt;unknown&gt;
#14 0x607dae843951 &lt;unknown&gt;
#15 0x607dae827b62 &lt;unknown&gt;
#16 0x607dae8444c4 &lt;unknown&gt;
#17 0x607dae80c13f &lt;unknown&gt;
#18 0x607dae8686f8 &lt;unknown&gt;
#19 0x607dae8688d6 &lt;unknown&gt;
#20 0x607dae8795a6 &lt;unknown&gt;
#21 0x7b1f4f094ac3 &lt;unknown&gt;
</status>
</kw>
<kw name="Verify Content Is" owner="text_editor_keywords">
<arg>${js_content}</arg>
<status status="NOT RUN" start="2025-04-29T11:46:43.936221" elapsed="0.000065"/>
</kw>
<kw name="Close Text Editor Application" owner="text_editor_keywords" type="TEARDOWN">
<kw name="Close Browser" owner="SeleniumLibrary">
<doc>Closes the current browser.</doc>
<status status="PASS" start="2025-04-29T11:46:43.937238" elapsed="0.057103"/>
</kw>
<status status="PASS" start="2025-04-29T11:46:43.936667" elapsed="0.057837"/>
</kw>
<doc>Test saving document with JavaScript content</doc>
<status status="FAIL" start="2025-04-29T11:46:42.698149" elapsed="1.296523">InvalidSelectorException: Message: invalid selector: An invalid or illegal selector was specified
  (Session info: chrome=135.0.7049.114); For documentation on this error, please visit: https://www.selenium.dev/documentation/webdriver/troubleshooting/errors#invalid-selector-exception
Stacktrace:
#0 0x607dae87a75a &lt;unknown&gt;
#1 0x607dae32d4b0 &lt;unknown&gt;
#2 0x607dae3340b6 &lt;unknown&gt;
#3 0x607dae336928 &lt;unknown&gt;
#4 0x607dae3369b3 &lt;unknown&gt;
#5 0x607dae37e3e5 &lt;unknown&gt;
#6 0x607dae37eba1 &lt;unknown&gt;
#7 0x607dae3cd231 &lt;unknown&gt;
#8 0x607dae3a45bd &lt;unknown&gt;
#9 0x607dae3ca5e0 &lt;unknown&gt;
#10 0x607dae3a4363 &lt;unknown&gt;
#11 0x607dae370d63 &lt;unknown&gt;
#12 0x607dae3719c1 &lt;unknown&gt;
#13 0x607dae83fa6b &lt;unknown&gt;
#14 0x607dae843951 &lt;unknown&gt;
#15 0x607dae827b62 &lt;unknown&gt;
#16 0x607dae8444c4 &lt;unknown&gt;
#17 0x607dae80c13f &lt;unknown&gt;
#18 0x607dae8686f8 &lt;unknown&gt;
#19 0x607dae8688d6 &lt;unknown&gt;
#20 0x607dae8795a6 &lt;unknown&gt;
#21 0x7b1f4f094ac3 &lt;unknown&gt;
</status>
</test>
<test id="s1-t14" name="Save Document With SQL Content" line="88">
<kw name="Open Text Editor" owner="text_editor_keywords" type="SETUP">
<kw name="Open Browser" owner="SeleniumLibrary">
<msg time="2025-04-29T11:46:43.996130" level="INFO">Opening browser 'chrome' to base url 'http://localhost:3000'.</msg>
<arg>${app.url}</arg>
<arg>chrome</arg>
<doc>Opens a new browser instance to the optional ``url``.</doc>
<status status="PASS" start="2025-04-29T11:46:43.995606" elapsed="0.744373"/>
</kw>
<kw name="Click Element" owner="SeleniumLibrary">
<msg time="2025-04-29T11:46:44.741235" level="INFO">Clicking element 'xpath=//button[contains(text(), 'Text Editor')]'.</msg>
<arg>${selectors.header.text_editor_button}</arg>
<doc>Click the element identified by ``locator``.</doc>
<status status="PASS" start="2025-04-29T11:46:44.740302" elapsed="0.115897"/>
</kw>
<kw name="Wait Until Page Contains Element" owner="SeleniumLibrary">
<arg>${selectors.text_editor.filename_input}</arg>
<arg>${timeouts.page_load}</arg>
<doc>Waits until the element ``locator`` appears on the current page.</doc>
<status status="PASS" start="2025-04-29T11:46:44.856484" elapsed="0.008369"/>
</kw>
<kw name="Log" owner="BuiltIn">
<msg time="2025-04-29T11:46:44.865293" level="INFO">Opened Text Editor</msg>
<arg>Opened Text Editor</arg>
<doc>Logs the given message with the given level.</doc>
<status status="PASS" start="2025-04-29T11:46:44.865095" elapsed="0.000254"/>
</kw>
<status status="PASS" start="2025-04-29T11:46:43.995358" elapsed="0.870075"/>
</kw>
<kw name="Set Variable" owner="BuiltIn">
<msg time="2025-04-29T11:46:44.865823" level="INFO">${sql_content} = SELECT * FROM users WHERE id = 1;</msg>
<var>${sql_content}</var>
<arg>SELECT * FROM users WHERE id = 1;</arg>
<doc>Returns the given values which can then be assigned to a variables.</doc>
<status status="PASS" start="2025-04-29T11:46:44.865623" elapsed="0.000243"/>
</kw>
<kw name="Create And Save Document" owner="text_editor_keywords">
<kw name="Set File Name" owner="text_editor_keywords">
<kw name="Input Text" owner="SeleniumLibrary">
<msg time="2025-04-29T11:46:44.867029" level="INFO">Typing text 'query.sql' into text field 'css=input[type='text']'.</msg>
<arg>${selectors.text_editor.filename_input}</arg>
<arg>${filename}</arg>
<doc>Types the given ``text`` into the text field identified by ``locator``.</doc>
<status status="PASS" start="2025-04-29T11:46:44.866592" elapsed="0.071099"/>
</kw>
<arg>${filename}</arg>
<status status="PASS" start="2025-04-29T11:46:44.866372" elapsed="0.071549"/>
</kw>
<kw name="Set Content" owner="text_editor_keywords">
<kw name="Input Text" owner="SeleniumLibrary">
<msg time="2025-04-29T11:46:44.939688" level="INFO">Typing text 'SELECT * FROM users WHERE id = 1;' into text field 'css=textarea'.</msg>
<arg>${selectors.text_editor.content_textarea}</arg>
<arg>${content}</arg>
<doc>Types the given ``text`` into the text field identified by ``locator``.</doc>
<status status="PASS" start="2025-04-29T11:46:44.938912" elapsed="0.089645"/>
</kw>
<arg>${content}</arg>
<status status="PASS" start="2025-04-29T11:46:44.938333" elapsed="0.090435"/>
</kw>
<kw name="Save Document" owner="text_editor_keywords">
<kw name="Get Editor Content" owner="text_editor_keywords">
<kw name="Get Value" owner="SeleniumLibrary">
<msg time="2025-04-29T11:46:45.039110" level="INFO">${content} = SELECT * FROM users WHERE id = 1;</msg>
<var>${content}</var>
<arg>${selectors.text_editor.content_textarea}</arg>
<doc>Returns the value attribute of the element identified by ``locator``.</doc>
<status status="PASS" start="2025-04-29T11:46:45.029461" elapsed="0.009713"/>
</kw>
<return>
<value>${content}</value>
<status status="PASS" start="2025-04-29T11:46:45.039292" elapsed="0.000063"/>
</return>
<msg time="2025-04-29T11:46:45.039513" level="INFO">${content} = SELECT * FROM users WHERE id = 1;</msg>
<var>${content}</var>
<status status="PASS" start="2025-04-29T11:46:45.029263" elapsed="0.010275"/>
</kw>
<kw name="Get File Name" owner="text_editor_keywords">
<kw name="Get Value" owner="SeleniumLibrary">
<msg time="2025-04-29T11:46:45.047353" level="INFO">${filename} = query.sql</msg>
<var>${filename}</var>
<arg>${selectors.text_editor.filename_input}</arg>
<doc>Returns the value attribute of the element identified by ``locator``.</doc>
<status status="PASS" start="2025-04-29T11:46:45.039979" elapsed="0.007422"/>
</kw>
<return>
<value>${filename}</value>
<status status="PASS" start="2025-04-29T11:46:45.047486" elapsed="0.000046"/>
</return>
<msg time="2025-04-29T11:46:45.047664" level="INFO">${filename} = query.sql</msg>
<var>${filename}</var>
<status status="PASS" start="2025-04-29T11:46:45.039710" elapsed="0.007977"/>
</kw>
<kw name="Click Button" owner="SeleniumLibrary">
<msg time="2025-04-29T11:46:45.048229" level="INFO">Clicking button 'xpath=//button[contains(., 'Save')]'.</msg>
<arg>${selectors.text_editor.save_button}</arg>
<doc>Clicks the button identified by ``locator``.</doc>
<status status="PASS" start="2025-04-29T11:46:45.047816" elapsed="0.052475"/>
</kw>
<kw name="Wait Until Element Is Visible" owner="SeleniumLibrary">
<msg time="2025-04-29T11:46:45.200697" level="INFO" html="true">&lt;/td&gt;&lt;/tr&gt;&lt;tr&gt;&lt;td colspan="3"&gt;&lt;a href="selenium-screenshot-24.png"&gt;&lt;img src="selenium-screenshot-24.png" width="800px"&gt;&lt;/a&gt;</msg>
<msg time="2025-04-29T11:46:45.200961" level="FAIL">InvalidSelectorException: Message: invalid selector: An invalid or illegal selector was specified
  (Session info: chrome=135.0.7049.114); For documentation on this error, please visit: https://www.selenium.dev/documentation/webdriver/troubleshooting/errors#invalid-selector-exception
Stacktrace:
#0 0x55c5f5fd375a &lt;unknown&gt;
#1 0x55c5f5a864b0 &lt;unknown&gt;
#2 0x55c5f5a8d0b6 &lt;unknown&gt;
#3 0x55c5f5a8f928 &lt;unknown&gt;
#4 0x55c5f5a8f9b3 &lt;unknown&gt;
#5 0x55c5f5ad73e5 &lt;unknown&gt;
#6 0x55c5f5ad7ba1 &lt;unknown&gt;
#7 0x55c5f5b26231 &lt;unknown&gt;
#8 0x55c5f5afd5bd &lt;unknown&gt;
#9 0x55c5f5b235e0 &lt;unknown&gt;
#10 0x55c5f5afd363 &lt;unknown&gt;
#11 0x55c5f5ac9d63 &lt;unknown&gt;
#12 0x55c5f5aca9c1 &lt;unknown&gt;
#13 0x55c5f5f98a6b &lt;unknown&gt;
#14 0x55c5f5f9c951 &lt;unknown&gt;
#15 0x55c5f5f80b62 &lt;unknown&gt;
#16 0x55c5f5f9d4c4 &lt;unknown&gt;
#17 0x55c5f5f6513f &lt;unknown&gt;
#18 0x55c5f5fc16f8 &lt;unknown&gt;
#19 0x55c5f5fc18d6 &lt;unknown&gt;
#20 0x55c5f5fd25a6 &lt;unknown&gt;
#21 0x7dd3f5894ac3 &lt;unknown&gt;
</msg>
<arg>${selectors.text_editor.save_success_message}</arg>
<arg>${timeouts.element_visible}</arg>
<doc>Waits until the element ``locator`` is visible.</doc>
<status status="FAIL" start="2025-04-29T11:46:45.100485" elapsed="0.100776">InvalidSelectorException: Message: invalid selector: An invalid or illegal selector was specified
  (Session info: chrome=135.0.7049.114); For documentation on this error, please visit: https://www.selenium.dev/documentation/webdriver/troubleshooting/errors#invalid-selector-exception
Stacktrace:
#0 0x55c5f5fd375a &lt;unknown&gt;
#1 0x55c5f5a864b0 &lt;unknown&gt;
#2 0x55c5f5a8d0b6 &lt;unknown&gt;
#3 0x55c5f5a8f928 &lt;unknown&gt;
#4 0x55c5f5a8f9b3 &lt;unknown&gt;
#5 0x55c5f5ad73e5 &lt;unknown&gt;
#6 0x55c5f5ad7ba1 &lt;unknown&gt;
#7 0x55c5f5b26231 &lt;unknown&gt;
#8 0x55c5f5afd5bd &lt;unknown&gt;
#9 0x55c5f5b235e0 &lt;unknown&gt;
#10 0x55c5f5afd363 &lt;unknown&gt;
#11 0x55c5f5ac9d63 &lt;unknown&gt;
#12 0x55c5f5aca9c1 &lt;unknown&gt;
#13 0x55c5f5f98a6b &lt;unknown&gt;
#14 0x55c5f5f9c951 &lt;unknown&gt;
#15 0x55c5f5f80b62 &lt;unknown&gt;
#16 0x55c5f5f9d4c4 &lt;unknown&gt;
#17 0x55c5f5f6513f &lt;unknown&gt;
#18 0x55c5f5fc16f8 &lt;unknown&gt;
#19 0x55c5f5fc18d6 &lt;unknown&gt;
#20 0x55c5f5fd25a6 &lt;unknown&gt;
#21 0x7dd3f5894ac3 &lt;unknown&gt;
</status>
</kw>
<kw name="Sleep" owner="BuiltIn">
<arg>2s</arg>
<doc>Pauses the test executed for the given time.</doc>
<status status="NOT RUN" start="2025-04-29T11:46:45.201651" elapsed="0.000076"/>
</kw>
<doc>Saves the document and verifies the download was triggered</doc>
<status status="FAIL" start="2025-04-29T11:46:45.028988" elapsed="0.172931">InvalidSelectorException: Message: invalid selector: An invalid or illegal selector was specified
  (Session info: chrome=135.0.7049.114); For documentation on this error, please visit: https://www.selenium.dev/documentation/webdriver/troubleshooting/errors#invalid-selector-exception
Stacktrace:
#0 0x55c5f5fd375a &lt;unknown&gt;
#1 0x55c5f5a864b0 &lt;unknown&gt;
#2 0x55c5f5a8d0b6 &lt;unknown&gt;
#3 0x55c5f5a8f928 &lt;unknown&gt;
#4 0x55c5f5a8f9b3 &lt;unknown&gt;
#5 0x55c5f5ad73e5 &lt;unknown&gt;
#6 0x55c5f5ad7ba1 &lt;unknown&gt;
#7 0x55c5f5b26231 &lt;unknown&gt;
#8 0x55c5f5afd5bd &lt;unknown&gt;
#9 0x55c5f5b235e0 &lt;unknown&gt;
#10 0x55c5f5afd363 &lt;unknown&gt;
#11 0x55c5f5ac9d63 &lt;unknown&gt;
#12 0x55c5f5aca9c1 &lt;unknown&gt;
#13 0x55c5f5f98a6b &lt;unknown&gt;
#14 0x55c5f5f9c951 &lt;unknown&gt;
#15 0x55c5f5f80b62 &lt;unknown&gt;
#16 0x55c5f5f9d4c4 &lt;unknown&gt;
#17 0x55c5f5f6513f &lt;unknown&gt;
#18 0x55c5f5fc16f8 &lt;unknown&gt;
#19 0x55c5f5fc18d6 &lt;unknown&gt;
#20 0x55c5f5fd25a6 &lt;unknown&gt;
#21 0x7dd3f5894ac3 &lt;unknown&gt;
</status>
</kw>
<arg>query.sql</arg>
<arg>${sql_content}</arg>
<status status="FAIL" start="2025-04-29T11:46:44.866066" elapsed="0.335997">InvalidSelectorException: Message: invalid selector: An invalid or illegal selector was specified
  (Session info: chrome=135.0.7049.114); For documentation on this error, please visit: https://www.selenium.dev/documentation/webdriver/troubleshooting/errors#invalid-selector-exception
Stacktrace:
#0 0x55c5f5fd375a &lt;unknown&gt;
#1 0x55c5f5a864b0 &lt;unknown&gt;
#2 0x55c5f5a8d0b6 &lt;unknown&gt;
#3 0x55c5f5a8f928 &lt;unknown&gt;
#4 0x55c5f5a8f9b3 &lt;unknown&gt;
#5 0x55c5f5ad73e5 &lt;unknown&gt;
#6 0x55c5f5ad7ba1 &lt;unknown&gt;
#7 0x55c5f5b26231 &lt;unknown&gt;
#8 0x55c5f5afd5bd &lt;unknown&gt;
#9 0x55c5f5b235e0 &lt;unknown&gt;
#10 0x55c5f5afd363 &lt;unknown&gt;
#11 0x55c5f5ac9d63 &lt;unknown&gt;
#12 0x55c5f5aca9c1 &lt;unknown&gt;
#13 0x55c5f5f98a6b &lt;unknown&gt;
#14 0x55c5f5f9c951 &lt;unknown&gt;
#15 0x55c5f5f80b62 &lt;unknown&gt;
#16 0x55c5f5f9d4c4 &lt;unknown&gt;
#17 0x55c5f5f6513f &lt;unknown&gt;
#18 0x55c5f5fc16f8 &lt;unknown&gt;
#19 0x55c5f5fc18d6 &lt;unknown&gt;
#20 0x55c5f5fd25a6 &lt;unknown&gt;
#21 0x7dd3f5894ac3 &lt;unknown&gt;
</status>
</kw>
<kw name="Verify Content Is" owner="text_editor_keywords">
<arg>${sql_content}</arg>
<status status="NOT RUN" start="2025-04-29T11:46:45.202451" elapsed="0.000064"/>
</kw>
<kw name="Close Text Editor Application" owner="text_editor_keywords" type="TEARDOWN">
<kw name="Close Browser" owner="SeleniumLibrary">
<doc>Closes the current browser.</doc>
<status status="PASS" start="2025-04-29T11:46:45.203301" elapsed="0.056807"/>
</kw>
<status status="PASS" start="2025-04-29T11:46:45.202907" elapsed="0.057365"/>
</kw>
<doc>Test saving document with SQL content</doc>
<status status="FAIL" start="2025-04-29T11:46:43.995002" elapsed="1.265375">InvalidSelectorException: Message: invalid selector: An invalid or illegal selector was specified
  (Session info: chrome=135.0.7049.114); For documentation on this error, please visit: https://www.selenium.dev/documentation/webdriver/troubleshooting/errors#invalid-selector-exception
Stacktrace:
#0 0x55c5f5fd375a &lt;unknown&gt;
#1 0x55c5f5a864b0 &lt;unknown&gt;
#2 0x55c5f5a8d0b6 &lt;unknown&gt;
#3 0x55c5f5a8f928 &lt;unknown&gt;
#4 0x55c5f5a8f9b3 &lt;unknown&gt;
#5 0x55c5f5ad73e5 &lt;unknown&gt;
#6 0x55c5f5ad7ba1 &lt;unknown&gt;
#7 0x55c5f5b26231 &lt;unknown&gt;
#8 0x55c5f5afd5bd &lt;unknown&gt;
#9 0x55c5f5b235e0 &lt;unknown&gt;
#10 0x55c5f5afd363 &lt;unknown&gt;
#11 0x55c5f5ac9d63 &lt;unknown&gt;
#12 0x55c5f5aca9c1 &lt;unknown&gt;
#13 0x55c5f5f98a6b &lt;unknown&gt;
#14 0x55c5f5f9c951 &lt;unknown&gt;
#15 0x55c5f5f80b62 &lt;unknown&gt;
#16 0x55c5f5f9d4c4 &lt;unknown&gt;
#17 0x55c5f5f6513f &lt;unknown&gt;
#18 0x55c5f5fc16f8 &lt;unknown&gt;
#19 0x55c5f5fc18d6 &lt;unknown&gt;
#20 0x55c5f5fd25a6 &lt;unknown&gt;
#21 0x7dd3f5894ac3 &lt;unknown&gt;
</status>
</test>
<test id="s1-t15" name="Save Document With Markdown Content" line="94">
<kw name="Open Text Editor" owner="text_editor_keywords" type="SETUP">
<kw name="Open Browser" owner="SeleniumLibrary">
<msg time="2025-04-29T11:46:45.262033" level="INFO">Opening browser 'chrome' to base url 'http://localhost:3000'.</msg>
<arg>${app.url}</arg>
<arg>chrome</arg>
<doc>Opens a new browser instance to the optional ``url``.</doc>
<status status="PASS" start="2025-04-29T11:46:45.261585" elapsed="0.733626"/>
</kw>
<kw name="Click Element" owner="SeleniumLibrary">
<msg time="2025-04-29T11:46:45.995929" level="INFO">Clicking element 'xpath=//button[contains(text(), 'Text Editor')]'.</msg>
<arg>${selectors.header.text_editor_button}</arg>
<doc>Click the element identified by ``locator``.</doc>
<status status="PASS" start="2025-04-29T11:46:45.995427" elapsed="0.111205"/>
</kw>
<kw name="Wait Until Page Contains Element" owner="SeleniumLibrary">
<arg>${selectors.text_editor.filename_input}</arg>
<arg>${timeouts.page_load}</arg>
<doc>Waits until the element ``locator`` appears on the current page.</doc>
<status status="PASS" start="2025-04-29T11:46:46.106896" elapsed="0.007624"/>
</kw>
<kw name="Log" owner="BuiltIn">
<msg time="2025-04-29T11:46:46.114873" level="INFO">Opened Text Editor</msg>
<arg>Opened Text Editor</arg>
<doc>Logs the given message with the given level.</doc>
<status status="PASS" start="2025-04-29T11:46:46.114712" elapsed="0.000207"/>
</kw>
<status status="PASS" start="2025-04-29T11:46:45.261192" elapsed="0.853793"/>
</kw>
<kw name="Set Variable" owner="BuiltIn">
<msg time="2025-04-29T11:46:46.115259" level="INFO">${markdown_content} = </msg>
<var>${markdown_content}</var>
<doc>Returns the given values which can then be assigned to a variables.</doc>
<status status="PASS" start="2025-04-29T11:46:46.115133" elapsed="0.000149"/>
</kw>
<kw name="Create And Save Document" owner="text_editor_keywords">
<kw name="Set File Name" owner="text_editor_keywords">
<kw name="Input Text" owner="SeleniumLibrary">
<msg time="2025-04-29T11:46:46.116327" level="INFO">Typing text 'markdown.md' into text field 'css=input[type='text']'.</msg>
<arg>${selectors.text_editor.filename_input}</arg>
<arg>${filename}</arg>
<doc>Types the given ``text`` into the text field identified by ``locator``.</doc>
<status status="PASS" start="2025-04-29T11:46:46.115923" elapsed="0.071081"/>
</kw>
<arg>${filename}</arg>
<status status="PASS" start="2025-04-29T11:46:46.115707" elapsed="0.071472"/>
</kw>
<kw name="Set Content" owner="text_editor_keywords">
<kw name="Input Text" owner="SeleniumLibrary">
<msg time="2025-04-29T11:46:46.188613" level="INFO">Typing text '' into text field 'css=textarea'.</msg>
<arg>${selectors.text_editor.content_textarea}</arg>
<arg>${content}</arg>
<doc>Types the given ``text`` into the text field identified by ``locator``.</doc>
<status status="PASS" start="2025-04-29T11:46:46.188043" elapsed="0.038037"/>
</kw>
<arg>${content}</arg>
<status status="PASS" start="2025-04-29T11:46:46.187437" elapsed="0.038920"/>
</kw>
<kw name="Save Document" owner="text_editor_keywords">
<kw name="Get Editor Content" owner="text_editor_keywords">
<kw name="Get Value" owner="SeleniumLibrary">
<msg time="2025-04-29T11:46:46.235044" level="INFO">${content} = </msg>
<var>${content}</var>
<arg>${selectors.text_editor.content_textarea}</arg>
<doc>Returns the value attribute of the element identified by ``locator``.</doc>
<status status="PASS" start="2025-04-29T11:46:46.227050" elapsed="0.008055"/>
</kw>
<return>
<value>${content}</value>
<status status="PASS" start="2025-04-29T11:46:46.235198" elapsed="0.000051"/>
</return>
<msg time="2025-04-29T11:46:46.235385" level="INFO">${content} = </msg>
<var>${content}</var>
<status status="PASS" start="2025-04-29T11:46:46.226858" elapsed="0.008550"/>
</kw>
<kw name="Get File Name" owner="text_editor_keywords">
<kw name="Get Value" owner="SeleniumLibrary">
<msg time="2025-04-29T11:46:46.251128" level="INFO">${filename} = markdown.md</msg>
<var>${filename}</var>
<arg>${selectors.text_editor.filename_input}</arg>
<doc>Returns the value attribute of the element identified by ``locator``.</doc>
<status status="PASS" start="2025-04-29T11:46:46.235803" elapsed="0.015372"/>
</kw>
<return>
<value>${filename}</value>
<status status="PASS" start="2025-04-29T11:46:46.251260" elapsed="0.000050"/>
</return>
<msg time="2025-04-29T11:46:46.251445" level="INFO">${filename} = markdown.md</msg>
<var>${filename}</var>
<status status="PASS" start="2025-04-29T11:46:46.235563" elapsed="0.015905"/>
</kw>
<kw name="Click Button" owner="SeleniumLibrary">
<msg time="2025-04-29T11:46:46.252037" level="INFO">Clicking button 'xpath=//button[contains(., 'Save')]'.</msg>
<arg>${selectors.text_editor.save_button}</arg>
<doc>Clicks the button identified by ``locator``.</doc>
<status status="PASS" start="2025-04-29T11:46:46.251589" elapsed="0.056613"/>
</kw>
<kw name="Wait Until Element Is Visible" owner="SeleniumLibrary">
<msg time="2025-04-29T11:46:46.430117" level="INFO" html="true">&lt;/td&gt;&lt;/tr&gt;&lt;tr&gt;&lt;td colspan="3"&gt;&lt;a href="selenium-screenshot-25.png"&gt;&lt;img src="selenium-screenshot-25.png" width="800px"&gt;&lt;/a&gt;</msg>
<msg time="2025-04-29T11:46:46.430374" level="FAIL">InvalidSelectorException: Message: invalid selector: An invalid or illegal selector was specified
  (Session info: chrome=135.0.7049.114); For documentation on this error, please visit: https://www.selenium.dev/documentation/webdriver/troubleshooting/errors#invalid-selector-exception
Stacktrace:
#0 0x642c5fda075a &lt;unknown&gt;
#1 0x642c5f8534b0 &lt;unknown&gt;
#2 0x642c5f85a0b6 &lt;unknown&gt;
#3 0x642c5f85c928 &lt;unknown&gt;
#4 0x642c5f85c9b3 &lt;unknown&gt;
#5 0x642c5f8a43e5 &lt;unknown&gt;
#6 0x642c5f8a4ba1 &lt;unknown&gt;
#7 0x642c5f8f3231 &lt;unknown&gt;
#8 0x642c5f8ca5bd &lt;unknown&gt;
#9 0x642c5f8f05e0 &lt;unknown&gt;
#10 0x642c5f8ca363 &lt;unknown&gt;
#11 0x642c5f896d63 &lt;unknown&gt;
#12 0x642c5f8979c1 &lt;unknown&gt;
#13 0x642c5fd65a6b &lt;unknown&gt;
#14 0x642c5fd69951 &lt;unknown&gt;
#15 0x642c5fd4db62 &lt;unknown&gt;
#16 0x642c5fd6a4c4 &lt;unknown&gt;
#17 0x642c5fd3213f &lt;unknown&gt;
#18 0x642c5fd8e6f8 &lt;unknown&gt;
#19 0x642c5fd8e8d6 &lt;unknown&gt;
#20 0x642c5fd9f5a6 &lt;unknown&gt;
#21 0x780513e94ac3 &lt;unknown&gt;
</msg>
<arg>${selectors.text_editor.save_success_message}</arg>
<arg>${timeouts.element_visible}</arg>
<doc>Waits until the element ``locator`` is visible.</doc>
<status status="FAIL" start="2025-04-29T11:46:46.308399" elapsed="0.122244">InvalidSelectorException: Message: invalid selector: An invalid or illegal selector was specified
  (Session info: chrome=135.0.7049.114); For documentation on this error, please visit: https://www.selenium.dev/documentation/webdriver/troubleshooting/errors#invalid-selector-exception
Stacktrace:
#0 0x642c5fda075a &lt;unknown&gt;
#1 0x642c5f8534b0 &lt;unknown&gt;
#2 0x642c5f85a0b6 &lt;unknown&gt;
#3 0x642c5f85c928 &lt;unknown&gt;
#4 0x642c5f85c9b3 &lt;unknown&gt;
#5 0x642c5f8a43e5 &lt;unknown&gt;
#6 0x642c5f8a4ba1 &lt;unknown&gt;
#7 0x642c5f8f3231 &lt;unknown&gt;
#8 0x642c5f8ca5bd &lt;unknown&gt;
#9 0x642c5f8f05e0 &lt;unknown&gt;
#10 0x642c5f8ca363 &lt;unknown&gt;
#11 0x642c5f896d63 &lt;unknown&gt;
#12 0x642c5f8979c1 &lt;unknown&gt;
#13 0x642c5fd65a6b &lt;unknown&gt;
#14 0x642c5fd69951 &lt;unknown&gt;
#15 0x642c5fd4db62 &lt;unknown&gt;
#16 0x642c5fd6a4c4 &lt;unknown&gt;
#17 0x642c5fd3213f &lt;unknown&gt;
#18 0x642c5fd8e6f8 &lt;unknown&gt;
#19 0x642c5fd8e8d6 &lt;unknown&gt;
#20 0x642c5fd9f5a6 &lt;unknown&gt;
#21 0x780513e94ac3 &lt;unknown&gt;
</status>
</kw>
<kw name="Sleep" owner="BuiltIn">
<arg>2s</arg>
<doc>Pauses the test executed for the given time.</doc>
<status status="NOT RUN" start="2025-04-29T11:46:46.430925" elapsed="0.000051"/>
</kw>
<doc>Saves the document and verifies the download was triggered</doc>
<status status="FAIL" start="2025-04-29T11:46:46.226570" elapsed="0.204563">InvalidSelectorException: Message: invalid selector: An invalid or illegal selector was specified
  (Session info: chrome=135.0.7049.114); For documentation on this error, please visit: https://www.selenium.dev/documentation/webdriver/troubleshooting/errors#invalid-selector-exception
Stacktrace:
#0 0x642c5fda075a &lt;unknown&gt;
#1 0x642c5f8534b0 &lt;unknown&gt;
#2 0x642c5f85a0b6 &lt;unknown&gt;
#3 0x642c5f85c928 &lt;unknown&gt;
#4 0x642c5f85c9b3 &lt;unknown&gt;
#5 0x642c5f8a43e5 &lt;unknown&gt;
#6 0x642c5f8a4ba1 &lt;unknown&gt;
#7 0x642c5f8f3231 &lt;unknown&gt;
#8 0x642c5f8ca5bd &lt;unknown&gt;
#9 0x642c5f8f05e0 &lt;unknown&gt;
#10 0x642c5f8ca363 &lt;unknown&gt;
#11 0x642c5f896d63 &lt;unknown&gt;
#12 0x642c5f8979c1 &lt;unknown&gt;
#13 0x642c5fd65a6b &lt;unknown&gt;
#14 0x642c5fd69951 &lt;unknown&gt;
#15 0x642c5fd4db62 &lt;unknown&gt;
#16 0x642c5fd6a4c4 &lt;unknown&gt;
#17 0x642c5fd3213f &lt;unknown&gt;
#18 0x642c5fd8e6f8 &lt;unknown&gt;
#19 0x642c5fd8e8d6 &lt;unknown&gt;
#20 0x642c5fd9f5a6 &lt;unknown&gt;
#21 0x780513e94ac3 &lt;unknown&gt;
</status>
</kw>
<arg>markdown.md</arg>
<arg>${markdown_content}</arg>
<status status="FAIL" start="2025-04-29T11:46:46.115426" elapsed="0.315852">InvalidSelectorException: Message: invalid selector: An invalid or illegal selector was specified
  (Session info: chrome=135.0.7049.114); For documentation on this error, please visit: https://www.selenium.dev/documentation/webdriver/troubleshooting/errors#invalid-selector-exception
Stacktrace:
#0 0x642c5fda075a &lt;unknown&gt;
#1 0x642c5f8534b0 &lt;unknown&gt;
#2 0x642c5f85a0b6 &lt;unknown&gt;
#3 0x642c5f85c928 &lt;unknown&gt;
#4 0x642c5f85c9b3 &lt;unknown&gt;
#5 0x642c5f8a43e5 &lt;unknown&gt;
#6 0x642c5f8a4ba1 &lt;unknown&gt;
#7 0x642c5f8f3231 &lt;unknown&gt;
#8 0x642c5f8ca5bd &lt;unknown&gt;
#9 0x642c5f8f05e0 &lt;unknown&gt;
#10 0x642c5f8ca363 &lt;unknown&gt;
#11 0x642c5f896d63 &lt;unknown&gt;
#12 0x642c5f8979c1 &lt;unknown&gt;
#13 0x642c5fd65a6b &lt;unknown&gt;
#14 0x642c5fd69951 &lt;unknown&gt;
#15 0x642c5fd4db62 &lt;unknown&gt;
#16 0x642c5fd6a4c4 &lt;unknown&gt;
#17 0x642c5fd3213f &lt;unknown&gt;
#18 0x642c5fd8e6f8 &lt;unknown&gt;
#19 0x642c5fd8e8d6 &lt;unknown&gt;
#20 0x642c5fd9f5a6 &lt;unknown&gt;
#21 0x780513e94ac3 &lt;unknown&gt;
</status>
</kw>
<kw name="Verify Content Is" owner="text_editor_keywords">
<arg>${markdown_content}</arg>
<status status="NOT RUN" start="2025-04-29T11:46:46.431592" elapsed="0.000059"/>
</kw>
<kw name="Close Text Editor Application" owner="text_editor_keywords" type="TEARDOWN">
<kw name="Close Browser" owner="SeleniumLibrary">
<doc>Closes the current browser.</doc>
<status status="PASS" start="2025-04-29T11:46:46.432284" elapsed="0.059535"/>
</kw>
<status status="PASS" start="2025-04-29T11:46:46.431993" elapsed="0.059975"/>
</kw>
<doc>Test saving document with Markdown content</doc>
<status status="FAIL" start="2025-04-29T11:46:45.260746" elapsed="1.231325">InvalidSelectorException: Message: invalid selector: An invalid or illegal selector was specified
  (Session info: chrome=135.0.7049.114); For documentation on this error, please visit: https://www.selenium.dev/documentation/webdriver/troubleshooting/errors#invalid-selector-exception
Stacktrace:
#0 0x642c5fda075a &lt;unknown&gt;
#1 0x642c5f8534b0 &lt;unknown&gt;
#2 0x642c5f85a0b6 &lt;unknown&gt;
#3 0x642c5f85c928 &lt;unknown&gt;
#4 0x642c5f85c9b3 &lt;unknown&gt;
#5 0x642c5f8a43e5 &lt;unknown&gt;
#6 0x642c5f8a4ba1 &lt;unknown&gt;
#7 0x642c5f8f3231 &lt;unknown&gt;
#8 0x642c5f8ca5bd &lt;unknown&gt;
#9 0x642c5f8f05e0 &lt;unknown&gt;
#10 0x642c5f8ca363 &lt;unknown&gt;
#11 0x642c5f896d63 &lt;unknown&gt;
#12 0x642c5f8979c1 &lt;unknown&gt;
#13 0x642c5fd65a6b &lt;unknown&gt;
#14 0x642c5fd69951 &lt;unknown&gt;
#15 0x642c5fd4db62 &lt;unknown&gt;
#16 0x642c5fd6a4c4 &lt;unknown&gt;
#17 0x642c5fd3213f &lt;unknown&gt;
#18 0x642c5fd8e6f8 &lt;unknown&gt;
#19 0x642c5fd8e8d6 &lt;unknown&gt;
#20 0x642c5fd9f5a6 &lt;unknown&gt;
#21 0x780513e94ac3 &lt;unknown&gt;
</status>
</test>
<test id="s1-t16" name="Save Document With JSON Content" line="100">
<kw name="Open Text Editor" owner="text_editor_keywords" type="SETUP">
<kw name="Open Browser" owner="SeleniumLibrary">
<msg time="2025-04-29T11:46:46.493999" level="INFO">Opening browser 'chrome' to base url 'http://localhost:3000'.</msg>
<arg>${app.url}</arg>
<arg>chrome</arg>
<doc>Opens a new browser instance to the optional ``url``.</doc>
<status status="PASS" start="2025-04-29T11:46:46.493316" elapsed="0.821849"/>
</kw>
<kw name="Click Element" owner="SeleniumLibrary">
<msg time="2025-04-29T11:46:47.315891" level="INFO">Clicking element 'xpath=//button[contains(text(), 'Text Editor')]'.</msg>
<arg>${selectors.header.text_editor_button}</arg>
<doc>Click the element identified by ``locator``.</doc>
<status status="PASS" start="2025-04-29T11:46:47.315401" elapsed="0.106696"/>
</kw>
<kw name="Wait Until Page Contains Element" owner="SeleniumLibrary">
<arg>${selectors.text_editor.filename_input}</arg>
<arg>${timeouts.page_load}</arg>
<doc>Waits until the element ``locator`` appears on the current page.</doc>
<status status="PASS" start="2025-04-29T11:46:47.422306" elapsed="0.007883"/>
</kw>
<kw name="Log" owner="BuiltIn">
<msg time="2025-04-29T11:46:47.430573" level="INFO">Opened Text Editor</msg>
<arg>Opened Text Editor</arg>
<doc>Logs the given message with the given level.</doc>
<status status="PASS" start="2025-04-29T11:46:47.430413" elapsed="0.000209"/>
</kw>
<status status="PASS" start="2025-04-29T11:46:46.492947" elapsed="0.937757"/>
</kw>
<kw name="Set Variable" owner="BuiltIn">
<msg time="2025-04-29T11:46:47.431086" level="INFO">${json_content} = {"name": "test", "value": 123}</msg>
<var>${json_content}</var>
<arg>{"name": "test", "value": 123}</arg>
<doc>Returns the given values which can then be assigned to a variables.</doc>
<status status="PASS" start="2025-04-29T11:46:47.430906" elapsed="0.000208"/>
</kw>
<kw name="Create And Save Document" owner="text_editor_keywords">
<kw name="Set File Name" owner="text_editor_keywords">
<kw name="Input Text" owner="SeleniumLibrary">
<msg time="2025-04-29T11:46:47.432220" level="INFO">Typing text 'data.json' into text field 'css=input[type='text']'.</msg>
<arg>${selectors.text_editor.filename_input}</arg>
<arg>${filename}</arg>
<doc>Types the given ``text`` into the text field identified by ``locator``.</doc>
<status status="PASS" start="2025-04-29T11:46:47.431820" elapsed="0.070117"/>
</kw>
<arg>${filename}</arg>
<status status="PASS" start="2025-04-29T11:46:47.431597" elapsed="0.070466"/>
</kw>
<kw name="Set Content" owner="text_editor_keywords">
<kw name="Input Text" owner="SeleniumLibrary">
<msg time="2025-04-29T11:46:47.503326" level="INFO">Typing text '{"name": "test", "value": 123}' into text field 'css=textarea'.</msg>
<arg>${selectors.text_editor.content_textarea}</arg>
<arg>${content}</arg>
<doc>Types the given ``text`` into the text field identified by ``locator``.</doc>
<status status="PASS" start="2025-04-29T11:46:47.502603" elapsed="0.089859"/>
</kw>
<arg>${content}</arg>
<status status="PASS" start="2025-04-29T11:46:47.502231" elapsed="0.090370"/>
</kw>
<kw name="Save Document" owner="text_editor_keywords">
<kw name="Get Editor Content" owner="text_editor_keywords">
<kw name="Get Value" owner="SeleniumLibrary">
<msg time="2025-04-29T11:46:47.601630" level="INFO">${content} = {"name": "test", "value": 123}</msg>
<var>${content}</var>
<arg>${selectors.text_editor.content_textarea}</arg>
<doc>Returns the value attribute of the element identified by ``locator``.</doc>
<status status="PASS" start="2025-04-29T11:46:47.593386" elapsed="0.008293"/>
</kw>
<return>
<value>${content}</value>
<status status="PASS" start="2025-04-29T11:46:47.601775" elapsed="0.000067"/>
</return>
<msg time="2025-04-29T11:46:47.602002" level="INFO">${content} = {"name": "test", "value": 123}</msg>
<var>${content}</var>
<status status="PASS" start="2025-04-29T11:46:47.593186" elapsed="0.008842"/>
</kw>
<kw name="Get File Name" owner="text_editor_keywords">
<kw name="Get Value" owner="SeleniumLibrary">
<msg time="2025-04-29T11:46:47.612075" level="INFO">${filename} = data.json</msg>
<var>${filename}</var>
<arg>${selectors.text_editor.filename_input}</arg>
<doc>Returns the value attribute of the element identified by ``locator``.</doc>
<status status="PASS" start="2025-04-29T11:46:47.602559" elapsed="0.009564"/>
</kw>
<return>
<value>${filename}</value>
<status status="PASS" start="2025-04-29T11:46:47.612210" elapsed="0.000050"/>
</return>
<msg time="2025-04-29T11:46:47.612393" level="INFO">${filename} = data.json</msg>
<var>${filename}</var>
<status status="PASS" start="2025-04-29T11:46:47.602201" elapsed="0.010216"/>
</kw>
<kw name="Click Button" owner="SeleniumLibrary">
<msg time="2025-04-29T11:46:47.613049" level="INFO">Clicking button 'xpath=//button[contains(., 'Save')]'.</msg>
<arg>${selectors.text_editor.save_button}</arg>
<doc>Clicks the button identified by ``locator``.</doc>
<status status="PASS" start="2025-04-29T11:46:47.612617" elapsed="0.054498"/>
</kw>
<kw name="Wait Until Element Is Visible" owner="SeleniumLibrary">
<msg time="2025-04-29T11:46:47.760398" level="INFO" html="true">&lt;/td&gt;&lt;/tr&gt;&lt;tr&gt;&lt;td colspan="3"&gt;&lt;a href="selenium-screenshot-26.png"&gt;&lt;img src="selenium-screenshot-26.png" width="800px"&gt;&lt;/a&gt;</msg>
<msg time="2025-04-29T11:46:47.760737" level="FAIL">InvalidSelectorException: Message: invalid selector: An invalid or illegal selector was specified
  (Session info: chrome=135.0.7049.114); For documentation on this error, please visit: https://www.selenium.dev/documentation/webdriver/troubleshooting/errors#invalid-selector-exception
Stacktrace:
#0 0x649d174ef75a &lt;unknown&gt;
#1 0x649d16fa24b0 &lt;unknown&gt;
#2 0x649d16fa90b6 &lt;unknown&gt;
#3 0x649d16fab928 &lt;unknown&gt;
#4 0x649d16fab9b3 &lt;unknown&gt;
#5 0x649d16ff33e5 &lt;unknown&gt;
#6 0x649d16ff3ba1 &lt;unknown&gt;
#7 0x649d17042231 &lt;unknown&gt;
#8 0x649d170195bd &lt;unknown&gt;
#9 0x649d1703f5e0 &lt;unknown&gt;
#10 0x649d17019363 &lt;unknown&gt;
#11 0x649d16fe5d63 &lt;unknown&gt;
#12 0x649d16fe69c1 &lt;unknown&gt;
#13 0x649d174b4a6b &lt;unknown&gt;
#14 0x649d174b8951 &lt;unknown&gt;
#15 0x649d1749cb62 &lt;unknown&gt;
#16 0x649d174b94c4 &lt;unknown&gt;
#17 0x649d1748113f &lt;unknown&gt;
#18 0x649d174dd6f8 &lt;unknown&gt;
#19 0x649d174dd8d6 &lt;unknown&gt;
#20 0x649d174ee5a6 &lt;unknown&gt;
#21 0x749cad694ac3 &lt;unknown&gt;
</msg>
<arg>${selectors.text_editor.save_success_message}</arg>
<arg>${timeouts.element_visible}</arg>
<doc>Waits until the element ``locator`` is visible.</doc>
<status status="FAIL" start="2025-04-29T11:46:47.667312" elapsed="0.093650">InvalidSelectorException: Message: invalid selector: An invalid or illegal selector was specified
  (Session info: chrome=135.0.7049.114); For documentation on this error, please visit: https://www.selenium.dev/documentation/webdriver/troubleshooting/errors#invalid-selector-exception
Stacktrace:
#0 0x649d174ef75a &lt;unknown&gt;
#1 0x649d16fa24b0 &lt;unknown&gt;
#2 0x649d16fa90b6 &lt;unknown&gt;
#3 0x649d16fab928 &lt;unknown&gt;
#4 0x649d16fab9b3 &lt;unknown&gt;
#5 0x649d16ff33e5 &lt;unknown&gt;
#6 0x649d16ff3ba1 &lt;unknown&gt;
#7 0x649d17042231 &lt;unknown&gt;
#8 0x649d170195bd &lt;unknown&gt;
#9 0x649d1703f5e0 &lt;unknown&gt;
#10 0x649d17019363 &lt;unknown&gt;
#11 0x649d16fe5d63 &lt;unknown&gt;
#12 0x649d16fe69c1 &lt;unknown&gt;
#13 0x649d174b4a6b &lt;unknown&gt;
#14 0x649d174b8951 &lt;unknown&gt;
#15 0x649d1749cb62 &lt;unknown&gt;
#16 0x649d174b94c4 &lt;unknown&gt;
#17 0x649d1748113f &lt;unknown&gt;
#18 0x649d174dd6f8 &lt;unknown&gt;
#19 0x649d174dd8d6 &lt;unknown&gt;
#20 0x649d174ee5a6 &lt;unknown&gt;
#21 0x749cad694ac3 &lt;unknown&gt;
</status>
</kw>
<kw name="Sleep" owner="BuiltIn">
<arg>2s</arg>
<doc>Pauses the test executed for the given time.</doc>
<status status="NOT RUN" start="2025-04-29T11:46:47.761296" elapsed="0.000066"/>
</kw>
<doc>Saves the document and verifies the download was triggered</doc>
<status status="FAIL" start="2025-04-29T11:46:47.592856" elapsed="0.168634">InvalidSelectorException: Message: invalid selector: An invalid or illegal selector was specified
  (Session info: chrome=135.0.7049.114); For documentation on this error, please visit: https://www.selenium.dev/documentation/webdriver/troubleshooting/errors#invalid-selector-exception
Stacktrace:
#0 0x649d174ef75a &lt;unknown&gt;
#1 0x649d16fa24b0 &lt;unknown&gt;
#2 0x649d16fa90b6 &lt;unknown&gt;
#3 0x649d16fab928 &lt;unknown&gt;
#4 0x649d16fab9b3 &lt;unknown&gt;
#5 0x649d16ff33e5 &lt;unknown&gt;
#6 0x649d16ff3ba1 &lt;unknown&gt;
#7 0x649d17042231 &lt;unknown&gt;
#8 0x649d170195bd &lt;unknown&gt;
#9 0x649d1703f5e0 &lt;unknown&gt;
#10 0x649d17019363 &lt;unknown&gt;
#11 0x649d16fe5d63 &lt;unknown&gt;
#12 0x649d16fe69c1 &lt;unknown&gt;
#13 0x649d174b4a6b &lt;unknown&gt;
#14 0x649d174b8951 &lt;unknown&gt;
#15 0x649d1749cb62 &lt;unknown&gt;
#16 0x649d174b94c4 &lt;unknown&gt;
#17 0x649d1748113f &lt;unknown&gt;
#18 0x649d174dd6f8 &lt;unknown&gt;
#19 0x649d174dd8d6 &lt;unknown&gt;
#20 0x649d174ee5a6 &lt;unknown&gt;
#21 0x749cad694ac3 &lt;unknown&gt;
</status>
</kw>
<arg>data.json</arg>
<arg>${json_content}</arg>
<status status="FAIL" start="2025-04-29T11:46:47.431310" elapsed="0.330267">InvalidSelectorException: Message: invalid selector: An invalid or illegal selector was specified
  (Session info: chrome=135.0.7049.114); For documentation on this error, please visit: https://www.selenium.dev/documentation/webdriver/troubleshooting/errors#invalid-selector-exception
Stacktrace:
#0 0x649d174ef75a &lt;unknown&gt;
#1 0x649d16fa24b0 &lt;unknown&gt;
#2 0x649d16fa90b6 &lt;unknown&gt;
#3 0x649d16fab928 &lt;unknown&gt;
#4 0x649d16fab9b3 &lt;unknown&gt;
#5 0x649d16ff33e5 &lt;unknown&gt;
#6 0x649d16ff3ba1 &lt;unknown&gt;
#7 0x649d17042231 &lt;unknown&gt;
#8 0x649d170195bd &lt;unknown&gt;
#9 0x649d1703f5e0 &lt;unknown&gt;
#10 0x649d17019363 &lt;unknown&gt;
#11 0x649d16fe5d63 &lt;unknown&gt;
#12 0x649d16fe69c1 &lt;unknown&gt;
#13 0x649d174b4a6b &lt;unknown&gt;
#14 0x649d174b8951 &lt;unknown&gt;
#15 0x649d1749cb62 &lt;unknown&gt;
#16 0x649d174b94c4 &lt;unknown&gt;
#17 0x649d1748113f &lt;unknown&gt;
#18 0x649d174dd6f8 &lt;unknown&gt;
#19 0x649d174dd8d6 &lt;unknown&gt;
#20 0x649d174ee5a6 &lt;unknown&gt;
#21 0x749cad694ac3 &lt;unknown&gt;
</status>
</kw>
<kw name="Verify Content Is" owner="text_editor_keywords">
<arg>${json_content}</arg>
<status status="NOT RUN" start="2025-04-29T11:46:47.761780" elapsed="0.000031"/>
</kw>
<kw name="Close Text Editor Application" owner="text_editor_keywords" type="TEARDOWN">
<kw name="Close Browser" owner="SeleniumLibrary">
<doc>Closes the current browser.</doc>
<status status="PASS" start="2025-04-29T11:46:47.762263" elapsed="0.062797"/>
</kw>
<status status="PASS" start="2025-04-29T11:46:47.762029" elapsed="0.063230"/>
</kw>
<doc>Test saving document with JSON content</doc>
<status status="FAIL" start="2025-04-29T11:46:46.492504" elapsed="1.333717">InvalidSelectorException: Message: invalid selector: An invalid or illegal selector was specified
  (Session info: chrome=135.0.7049.114); For documentation on this error, please visit: https://www.selenium.dev/documentation/webdriver/troubleshooting/errors#invalid-selector-exception
Stacktrace:
#0 0x649d174ef75a &lt;unknown&gt;
#1 0x649d16fa24b0 &lt;unknown&gt;
#2 0x649d16fa90b6 &lt;unknown&gt;
#3 0x649d16fab928 &lt;unknown&gt;
#4 0x649d16fab9b3 &lt;unknown&gt;
#5 0x649d16ff33e5 &lt;unknown&gt;
#6 0x649d16ff3ba1 &lt;unknown&gt;
#7 0x649d17042231 &lt;unknown&gt;
#8 0x649d170195bd &lt;unknown&gt;
#9 0x649d1703f5e0 &lt;unknown&gt;
#10 0x649d17019363 &lt;unknown&gt;
#11 0x649d16fe5d63 &lt;unknown&gt;
#12 0x649d16fe69c1 &lt;unknown&gt;
#13 0x649d174b4a6b &lt;unknown&gt;
#14 0x649d174b8951 &lt;unknown&gt;
#15 0x649d1749cb62 &lt;unknown&gt;
#16 0x649d174b94c4 &lt;unknown&gt;
#17 0x649d1748113f &lt;unknown&gt;
#18 0x649d174dd6f8 &lt;unknown&gt;
#19 0x649d174dd8d6 &lt;unknown&gt;
#20 0x649d174ee5a6 &lt;unknown&gt;
#21 0x749cad694ac3 &lt;unknown&gt;
</status>
</test>
<test id="s1-t17" name="Save Document With XML Content" line="106">
<kw name="Open Text Editor" owner="text_editor_keywords" type="SETUP">
<kw name="Open Browser" owner="SeleniumLibrary">
<msg time="2025-04-29T11:46:47.831666" level="INFO">Opening browser 'chrome' to base url 'http://localhost:3000'.</msg>
<arg>${app.url}</arg>
<arg>chrome</arg>
<doc>Opens a new browser instance to the optional ``url``.</doc>
<status status="PASS" start="2025-04-29T11:46:47.830964" elapsed="0.746801"/>
</kw>
<kw name="Click Element" owner="SeleniumLibrary">
<msg time="2025-04-29T11:46:48.578976" level="INFO">Clicking element 'xpath=//button[contains(text(), 'Text Editor')]'.</msg>
<arg>${selectors.header.text_editor_button}</arg>
<doc>Click the element identified by ``locator``.</doc>
<status status="PASS" start="2025-04-29T11:46:48.578128" elapsed="0.103624"/>
</kw>
<kw name="Wait Until Page Contains Element" owner="SeleniumLibrary">
<arg>${selectors.text_editor.filename_input}</arg>
<arg>${timeouts.page_load}</arg>
<doc>Waits until the element ``locator`` appears on the current page.</doc>
<status status="PASS" start="2025-04-29T11:46:48.681947" elapsed="0.009310"/>
</kw>
<kw name="Log" owner="BuiltIn">
<msg time="2025-04-29T11:46:48.691607" level="INFO">Opened Text Editor</msg>
<arg>Opened Text Editor</arg>
<doc>Logs the given message with the given level.</doc>
<status status="PASS" start="2025-04-29T11:46:48.691457" elapsed="0.000198"/>
</kw>
<status status="PASS" start="2025-04-29T11:46:47.830487" elapsed="0.861250"/>
</kw>
<kw name="Set Variable" owner="BuiltIn">
<msg time="2025-04-29T11:46:48.692051" level="INFO">${xml_content} = &lt;config&gt;&lt;setting&gt;value&lt;/setting&gt;&lt;/config&gt;</msg>
<var>${xml_content}</var>
<arg>&lt;config&gt;&lt;setting&gt;value&lt;/setting&gt;&lt;/config&gt;</arg>
<doc>Returns the given values which can then be assigned to a variables.</doc>
<status status="PASS" start="2025-04-29T11:46:48.691901" elapsed="0.000177"/>
</kw>
<kw name="Create And Save Document" owner="text_editor_keywords">
<kw name="Set File Name" owner="text_editor_keywords">
<kw name="Input Text" owner="SeleniumLibrary">
<msg time="2025-04-29T11:46:48.693271" level="INFO">Typing text 'config.xml' into text field 'css=input[type='text']'.</msg>
<arg>${selectors.text_editor.filename_input}</arg>
<arg>${filename}</arg>
<doc>Types the given ``text`` into the text field identified by ``locator``.</doc>
<status status="PASS" start="2025-04-29T11:46:48.692814" elapsed="0.074278"/>
</kw>
<arg>${filename}</arg>
<status status="PASS" start="2025-04-29T11:46:48.692556" elapsed="0.074667"/>
</kw>
<kw name="Set Content" owner="text_editor_keywords">
<kw name="Input Text" owner="SeleniumLibrary">
<msg time="2025-04-29T11:46:48.768202" level="INFO">Typing text '&lt;config&gt;&lt;setting&gt;value&lt;/setting&gt;&lt;/config&gt;' into text field 'css=textarea'.</msg>
<arg>${selectors.text_editor.content_textarea}</arg>
<arg>${content}</arg>
<doc>Types the given ``text`` into the text field identified by ``locator``.</doc>
<status status="PASS" start="2025-04-29T11:46:48.767747" elapsed="0.111471"/>
</kw>
<arg>${content}</arg>
<status status="PASS" start="2025-04-29T11:46:48.767401" elapsed="0.111960"/>
</kw>
<kw name="Save Document" owner="text_editor_keywords">
<kw name="Get Editor Content" owner="text_editor_keywords">
<kw name="Get Value" owner="SeleniumLibrary">
<msg time="2025-04-29T11:46:48.891554" level="INFO">${content} = &lt;config&gt;&lt;setting&gt;value&lt;/setting&gt;&lt;/config&gt;</msg>
<var>${content}</var>
<arg>${selectors.text_editor.content_textarea}</arg>
<doc>Returns the value attribute of the element identified by ``locator``.</doc>
<status status="PASS" start="2025-04-29T11:46:48.880209" elapsed="0.011395"/>
</kw>
<return>
<value>${content}</value>
<status status="PASS" start="2025-04-29T11:46:48.891688" elapsed="0.000058"/>
</return>
<msg time="2025-04-29T11:46:48.891882" level="INFO">${content} = &lt;config&gt;&lt;setting&gt;value&lt;/setting&gt;&lt;/config&gt;</msg>
<var>${content}</var>
<status status="PASS" start="2025-04-29T11:46:48.879855" elapsed="0.012052"/>
</kw>
<kw name="Get File Name" owner="text_editor_keywords">
<kw name="Get Value" owner="SeleniumLibrary">
<msg time="2025-04-29T11:46:48.909415" level="INFO">${filename} = config.xml</msg>
<var>${filename}</var>
<arg>${selectors.text_editor.filename_input}</arg>
<doc>Returns the value attribute of the element identified by ``locator``.</doc>
<status status="PASS" start="2025-04-29T11:46:48.892297" elapsed="0.017176"/>
</kw>
<return>
<value>${filename}</value>
<status status="PASS" start="2025-04-29T11:46:48.909561" elapsed="0.000051"/>
</return>
<msg time="2025-04-29T11:46:48.909758" level="INFO">${filename} = config.xml</msg>
<var>${filename}</var>
<status status="PASS" start="2025-04-29T11:46:48.892068" elapsed="0.017713"/>
</kw>
<kw name="Click Button" owner="SeleniumLibrary">
<msg time="2025-04-29T11:46:48.910340" level="INFO">Clicking button 'xpath=//button[contains(., 'Save')]'.</msg>
<arg>${selectors.text_editor.save_button}</arg>
<doc>Clicks the button identified by ``locator``.</doc>
<status status="PASS" start="2025-04-29T11:46:48.909911" elapsed="0.052834"/>
</kw>
<kw name="Wait Until Element Is Visible" owner="SeleniumLibrary">
<msg time="2025-04-29T11:46:49.034880" level="INFO" html="true">&lt;/td&gt;&lt;/tr&gt;&lt;tr&gt;&lt;td colspan="3"&gt;&lt;a href="selenium-screenshot-27.png"&gt;&lt;img src="selenium-screenshot-27.png" width="800px"&gt;&lt;/a&gt;</msg>
<msg time="2025-04-29T11:46:49.035141" level="FAIL">InvalidSelectorException: Message: invalid selector: An invalid or illegal selector was specified
  (Session info: chrome=135.0.7049.114); For documentation on this error, please visit: https://www.selenium.dev/documentation/webdriver/troubleshooting/errors#invalid-selector-exception
Stacktrace:
#0 0x64caad1f275a &lt;unknown&gt;
#1 0x64caacca54b0 &lt;unknown&gt;
#2 0x64caaccac0b6 &lt;unknown&gt;
#3 0x64caaccae928 &lt;unknown&gt;
#4 0x64caaccae9b3 &lt;unknown&gt;
#5 0x64caaccf63e5 &lt;unknown&gt;
#6 0x64caaccf6ba1 &lt;unknown&gt;
#7 0x64caacd45231 &lt;unknown&gt;
#8 0x64caacd1c5bd &lt;unknown&gt;
#9 0x64caacd425e0 &lt;unknown&gt;
#10 0x64caacd1c363 &lt;unknown&gt;
#11 0x64caacce8d63 &lt;unknown&gt;
#12 0x64caacce99c1 &lt;unknown&gt;
#13 0x64caad1b7a6b &lt;unknown&gt;
#14 0x64caad1bb951 &lt;unknown&gt;
#15 0x64caad19fb62 &lt;unknown&gt;
#16 0x64caad1bc4c4 &lt;unknown&gt;
#17 0x64caad18413f &lt;unknown&gt;
#18 0x64caad1e06f8 &lt;unknown&gt;
#19 0x64caad1e08d6 &lt;unknown&gt;
#20 0x64caad1f15a6 &lt;unknown&gt;
#21 0x7be075e94ac3 &lt;unknown&gt;
</msg>
<arg>${selectors.text_editor.save_success_message}</arg>
<arg>${timeouts.element_visible}</arg>
<doc>Waits until the element ``locator`` is visible.</doc>
<status status="FAIL" start="2025-04-29T11:46:48.963065" elapsed="0.072358">InvalidSelectorException: Message: invalid selector: An invalid or illegal selector was specified
  (Session info: chrome=135.0.7049.114); For documentation on this error, please visit: https://www.selenium.dev/documentation/webdriver/troubleshooting/errors#invalid-selector-exception
Stacktrace:
#0 0x64caad1f275a &lt;unknown&gt;
#1 0x64caacca54b0 &lt;unknown&gt;
#2 0x64caaccac0b6 &lt;unknown&gt;
#3 0x64caaccae928 &lt;unknown&gt;
#4 0x64caaccae9b3 &lt;unknown&gt;
#5 0x64caaccf63e5 &lt;unknown&gt;
#6 0x64caaccf6ba1 &lt;unknown&gt;
#7 0x64caacd45231 &lt;unknown&gt;
#8 0x64caacd1c5bd &lt;unknown&gt;
#9 0x64caacd425e0 &lt;unknown&gt;
#10 0x64caacd1c363 &lt;unknown&gt;
#11 0x64caacce8d63 &lt;unknown&gt;
#12 0x64caacce99c1 &lt;unknown&gt;
#13 0x64caad1b7a6b &lt;unknown&gt;
#14 0x64caad1bb951 &lt;unknown&gt;
#15 0x64caad19fb62 &lt;unknown&gt;
#16 0x64caad1bc4c4 &lt;unknown&gt;
#17 0x64caad18413f &lt;unknown&gt;
#18 0x64caad1e06f8 &lt;unknown&gt;
#19 0x64caad1e08d6 &lt;unknown&gt;
#20 0x64caad1f15a6 &lt;unknown&gt;
#21 0x7be075e94ac3 &lt;unknown&gt;
</status>
</kw>
<kw name="Sleep" owner="BuiltIn">
<arg>2s</arg>
<doc>Pauses the test executed for the given time.</doc>
<status status="NOT RUN" start="2025-04-29T11:46:49.035706" elapsed="0.000063"/>
</kw>
<doc>Saves the document and verifies the download was triggered</doc>
<status status="FAIL" start="2025-04-29T11:46:48.879556" elapsed="0.156408">InvalidSelectorException: Message: invalid selector: An invalid or illegal selector was specified
  (Session info: chrome=135.0.7049.114); For documentation on this error, please visit: https://www.selenium.dev/documentation/webdriver/troubleshooting/errors#invalid-selector-exception
Stacktrace:
#0 0x64caad1f275a &lt;unknown&gt;
#1 0x64caacca54b0 &lt;unknown&gt;
#2 0x64caaccac0b6 &lt;unknown&gt;
#3 0x64caaccae928 &lt;unknown&gt;
#4 0x64caaccae9b3 &lt;unknown&gt;
#5 0x64caaccf63e5 &lt;unknown&gt;
#6 0x64caaccf6ba1 &lt;unknown&gt;
#7 0x64caacd45231 &lt;unknown&gt;
#8 0x64caacd1c5bd &lt;unknown&gt;
#9 0x64caacd425e0 &lt;unknown&gt;
#10 0x64caacd1c363 &lt;unknown&gt;
#11 0x64caacce8d63 &lt;unknown&gt;
#12 0x64caacce99c1 &lt;unknown&gt;
#13 0x64caad1b7a6b &lt;unknown&gt;
#14 0x64caad1bb951 &lt;unknown&gt;
#15 0x64caad19fb62 &lt;unknown&gt;
#16 0x64caad1bc4c4 &lt;unknown&gt;
#17 0x64caad18413f &lt;unknown&gt;
#18 0x64caad1e06f8 &lt;unknown&gt;
#19 0x64caad1e08d6 &lt;unknown&gt;
#20 0x64caad1f15a6 &lt;unknown&gt;
#21 0x7be075e94ac3 &lt;unknown&gt;
</status>
</kw>
<arg>config.xml</arg>
<arg>${xml_content}</arg>
<status status="FAIL" start="2025-04-29T11:46:48.692235" elapsed="0.343891">InvalidSelectorException: Message: invalid selector: An invalid or illegal selector was specified
  (Session info: chrome=135.0.7049.114); For documentation on this error, please visit: https://www.selenium.dev/documentation/webdriver/troubleshooting/errors#invalid-selector-exception
Stacktrace:
#0 0x64caad1f275a &lt;unknown&gt;
#1 0x64caacca54b0 &lt;unknown&gt;
#2 0x64caaccac0b6 &lt;unknown&gt;
#3 0x64caaccae928 &lt;unknown&gt;
#4 0x64caaccae9b3 &lt;unknown&gt;
#5 0x64caaccf63e5 &lt;unknown&gt;
#6 0x64caaccf6ba1 &lt;unknown&gt;
#7 0x64caacd45231 &lt;unknown&gt;
#8 0x64caacd1c5bd &lt;unknown&gt;
#9 0x64caacd425e0 &lt;unknown&gt;
#10 0x64caacd1c363 &lt;unknown&gt;
#11 0x64caacce8d63 &lt;unknown&gt;
#12 0x64caacce99c1 &lt;unknown&gt;
#13 0x64caad1b7a6b &lt;unknown&gt;
#14 0x64caad1bb951 &lt;unknown&gt;
#15 0x64caad19fb62 &lt;unknown&gt;
#16 0x64caad1bc4c4 &lt;unknown&gt;
#17 0x64caad18413f &lt;unknown&gt;
#18 0x64caad1e06f8 &lt;unknown&gt;
#19 0x64caad1e08d6 &lt;unknown&gt;
#20 0x64caad1f15a6 &lt;unknown&gt;
#21 0x7be075e94ac3 &lt;unknown&gt;
</status>
</kw>
<kw name="Verify Content Is" owner="text_editor_keywords">
<arg>${xml_content}</arg>
<status status="NOT RUN" start="2025-04-29T11:46:49.036488" elapsed="0.000073"/>
</kw>
<kw name="Close Text Editor Application" owner="text_editor_keywords" type="TEARDOWN">
<kw name="Close Browser" owner="SeleniumLibrary">
<doc>Closes the current browser.</doc>
<status status="PASS" start="2025-04-29T11:46:49.037830" elapsed="0.057757"/>
</kw>
<status status="PASS" start="2025-04-29T11:46:49.037132" elapsed="0.058750"/>
</kw>
<doc>Test saving document with XML content</doc>
<status status="FAIL" start="2025-04-29T11:46:47.827149" elapsed="1.268888">InvalidSelectorException: Message: invalid selector: An invalid or illegal selector was specified
  (Session info: chrome=135.0.7049.114); For documentation on this error, please visit: https://www.selenium.dev/documentation/webdriver/troubleshooting/errors#invalid-selector-exception
Stacktrace:
#0 0x64caad1f275a &lt;unknown&gt;
#1 0x64caacca54b0 &lt;unknown&gt;
#2 0x64caaccac0b6 &lt;unknown&gt;
#3 0x64caaccae928 &lt;unknown&gt;
#4 0x64caaccae9b3 &lt;unknown&gt;
#5 0x64caaccf63e5 &lt;unknown&gt;
#6 0x64caaccf6ba1 &lt;unknown&gt;
#7 0x64caacd45231 &lt;unknown&gt;
#8 0x64caacd1c5bd &lt;unknown&gt;
#9 0x64caacd425e0 &lt;unknown&gt;
#10 0x64caacd1c363 &lt;unknown&gt;
#11 0x64caacce8d63 &lt;unknown&gt;
#12 0x64caacce99c1 &lt;unknown&gt;
#13 0x64caad1b7a6b &lt;unknown&gt;
#14 0x64caad1bb951 &lt;unknown&gt;
#15 0x64caad19fb62 &lt;unknown&gt;
#16 0x64caad1bc4c4 &lt;unknown&gt;
#17 0x64caad18413f &lt;unknown&gt;
#18 0x64caad1e06f8 &lt;unknown&gt;
#19 0x64caad1e08d6 &lt;unknown&gt;
#20 0x64caad1f15a6 &lt;unknown&gt;
#21 0x7be075e94ac3 &lt;unknown&gt;
</status>
</test>
<test id="s1-t18" name="Save Document With YAML Content" line="112">
<kw name="Open Text Editor" owner="text_editor_keywords" type="SETUP">
<kw name="Open Browser" owner="SeleniumLibrary">
<msg time="2025-04-29T11:46:49.097554" level="INFO">Opening browser 'chrome' to base url 'http://localhost:3000'.</msg>
<arg>${app.url}</arg>
<arg>chrome</arg>
<doc>Opens a new browser instance to the optional ``url``.</doc>
<status status="PASS" start="2025-04-29T11:46:49.097080" elapsed="0.715371"/>
</kw>
<kw name="Click Element" owner="SeleniumLibrary">
<msg time="2025-04-29T11:46:49.813652" level="INFO">Clicking element 'xpath=//button[contains(text(), 'Text Editor')]'.</msg>
<arg>${selectors.header.text_editor_button}</arg>
<doc>Click the element identified by ``locator``.</doc>
<status status="PASS" start="2025-04-29T11:46:49.812879" elapsed="0.109043"/>
</kw>
<kw name="Wait Until Page Contains Element" owner="SeleniumLibrary">
<arg>${selectors.text_editor.filename_input}</arg>
<arg>${timeouts.page_load}</arg>
<doc>Waits until the element ``locator`` appears on the current page.</doc>
<status status="PASS" start="2025-04-29T11:46:49.922166" elapsed="0.007490"/>
</kw>
<kw name="Log" owner="BuiltIn">
<msg time="2025-04-29T11:46:49.930005" level="INFO">Opened Text Editor</msg>
<arg>Opened Text Editor</arg>
<doc>Logs the given message with the given level.</doc>
<status status="PASS" start="2025-04-29T11:46:49.929859" elapsed="0.000191"/>
</kw>
<status status="PASS" start="2025-04-29T11:46:49.096824" elapsed="0.833293"/>
</kw>
<kw name="Catenate" owner="BuiltIn">
<msg time="2025-04-29T11:46:49.930441" level="INFO">${yaml_content} = key: value
list:
- item1
- item2</msg>
<var>${yaml_content}</var>
<arg>SEPARATOR=\n</arg>
<arg>key: value</arg>
<arg>list:</arg>
<arg>- item1</arg>
<arg>- item2</arg>
<doc>Catenates the given items together and returns the resulted string.</doc>
<status status="PASS" start="2025-04-29T11:46:49.930266" elapsed="0.000200"/>
</kw>
<kw name="Create And Save Document" owner="text_editor_keywords">
<kw name="Set File Name" owner="text_editor_keywords">
<kw name="Input Text" owner="SeleniumLibrary">
<msg time="2025-04-29T11:46:49.931523" level="INFO">Typing text 'config.yaml' into text field 'css=input[type='text']'.</msg>
<arg>${selectors.text_editor.filename_input}</arg>
<arg>${filename}</arg>
<doc>Types the given ``text`` into the text field identified by ``locator``.</doc>
<status status="PASS" start="2025-04-29T11:46:49.931139" elapsed="0.073751"/>
</kw>
<arg>${filename}</arg>
<status status="PASS" start="2025-04-29T11:46:49.930925" elapsed="0.074152"/>
</kw>
<kw name="Set Content" owner="text_editor_keywords">
<kw name="Input Text" owner="SeleniumLibrary">
<msg time="2025-04-29T11:46:50.006711" level="INFO">Typing text 'key: value
list:
- item1
- item2' into text field 'css=textarea'.</msg>
<arg>${selectors.text_editor.content_textarea}</arg>
<arg>${content}</arg>
<doc>Types the given ``text`` into the text field identified by ``locator``.</doc>
<status status="PASS" start="2025-04-29T11:46:50.005965" elapsed="0.083383"/>
</kw>
<arg>${content}</arg>
<status status="PASS" start="2025-04-29T11:46:50.005354" elapsed="0.084190"/>
</kw>
<kw name="Save Document" owner="text_editor_keywords">
<kw name="Get Editor Content" owner="text_editor_keywords">
<kw name="Get Value" owner="SeleniumLibrary">
<msg time="2025-04-29T11:46:50.101640" level="INFO">${content} = key: value
list:
- item1
- item2</msg>
<var>${content}</var>
<arg>${selectors.text_editor.content_textarea}</arg>
<doc>Returns the value attribute of the element identified by ``locator``.</doc>
<status status="PASS" start="2025-04-29T11:46:50.090726" elapsed="0.011002"/>
</kw>
<return>
<value>${content}</value>
<status status="PASS" start="2025-04-29T11:46:50.101870" elapsed="0.000091"/>
</return>
<msg time="2025-04-29T11:46:50.102205" level="INFO">${content} = key: value
list:
- item1
- item2</msg>
<var>${content}</var>
<status status="PASS" start="2025-04-29T11:46:50.090364" elapsed="0.011879"/>
</kw>
<kw name="Get File Name" owner="text_editor_keywords">
<kw name="Get Value" owner="SeleniumLibrary">
<msg time="2025-04-29T11:46:50.112576" level="INFO">${filename} = config.yaml</msg>
<var>${filename}</var>
<arg>${selectors.text_editor.filename_input}</arg>
<doc>Returns the value attribute of the element identified by ``locator``.</doc>
<status status="PASS" start="2025-04-29T11:46:50.102948" elapsed="0.009683"/>
</kw>
<return>
<value>${filename}</value>
<status status="PASS" start="2025-04-29T11:46:50.112736" elapsed="0.000059"/>
</return>
<msg time="2025-04-29T11:46:50.112935" level="INFO">${filename} = config.yaml</msg>
<var>${filename}</var>
<status status="PASS" start="2025-04-29T11:46:50.102514" elapsed="0.010445"/>
</kw>
<kw name="Click Button" owner="SeleniumLibrary">
<msg time="2025-04-29T11:46:50.113527" level="INFO">Clicking button 'xpath=//button[contains(., 'Save')]'.</msg>
<arg>${selectors.text_editor.save_button}</arg>
<doc>Clicks the button identified by ``locator``.</doc>
<status status="PASS" start="2025-04-29T11:46:50.113083" elapsed="0.056883"/>
</kw>
<kw name="Wait Until Element Is Visible" owner="SeleniumLibrary">
<msg time="2025-04-29T11:46:50.283741" level="INFO" html="true">&lt;/td&gt;&lt;/tr&gt;&lt;tr&gt;&lt;td colspan="3"&gt;&lt;a href="selenium-screenshot-28.png"&gt;&lt;img src="selenium-screenshot-28.png" width="800px"&gt;&lt;/a&gt;</msg>
<msg time="2025-04-29T11:46:50.283965" level="FAIL">InvalidSelectorException: Message: invalid selector: An invalid or illegal selector was specified
  (Session info: chrome=135.0.7049.114); For documentation on this error, please visit: https://www.selenium.dev/documentation/webdriver/troubleshooting/errors#invalid-selector-exception
Stacktrace:
#0 0x60165403375a &lt;unknown&gt;
#1 0x601653ae64b0 &lt;unknown&gt;
#2 0x601653aed0b6 &lt;unknown&gt;
#3 0x601653aef928 &lt;unknown&gt;
#4 0x601653aef9b3 &lt;unknown&gt;
#5 0x601653b373e5 &lt;unknown&gt;
#6 0x601653b37ba1 &lt;unknown&gt;
#7 0x601653b86231 &lt;unknown&gt;
#8 0x601653b5d5bd &lt;unknown&gt;
#9 0x601653b835e0 &lt;unknown&gt;
#10 0x601653b5d363 &lt;unknown&gt;
#11 0x601653b29d63 &lt;unknown&gt;
#12 0x601653b2a9c1 &lt;unknown&gt;
#13 0x601653ff8a6b &lt;unknown&gt;
#14 0x601653ffc951 &lt;unknown&gt;
#15 0x601653fe0b62 &lt;unknown&gt;
#16 0x601653ffd4c4 &lt;unknown&gt;
#17 0x601653fc513f &lt;unknown&gt;
#18 0x6016540216f8 &lt;unknown&gt;
#19 0x6016540218d6 &lt;unknown&gt;
#20 0x6016540325a6 &lt;unknown&gt;
#21 0x7bb78d894ac3 &lt;unknown&gt;
</msg>
<arg>${selectors.text_editor.save_success_message}</arg>
<arg>${timeouts.element_visible}</arg>
<doc>Waits until the element ``locator`` is visible.</doc>
<status status="FAIL" start="2025-04-29T11:46:50.170354" elapsed="0.113821">InvalidSelectorException: Message: invalid selector: An invalid or illegal selector was specified
  (Session info: chrome=135.0.7049.114); For documentation on this error, please visit: https://www.selenium.dev/documentation/webdriver/troubleshooting/errors#invalid-selector-exception
Stacktrace:
#0 0x60165403375a &lt;unknown&gt;
#1 0x601653ae64b0 &lt;unknown&gt;
#2 0x601653aed0b6 &lt;unknown&gt;
#3 0x601653aef928 &lt;unknown&gt;
#4 0x601653aef9b3 &lt;unknown&gt;
#5 0x601653b373e5 &lt;unknown&gt;
#6 0x601653b37ba1 &lt;unknown&gt;
#7 0x601653b86231 &lt;unknown&gt;
#8 0x601653b5d5bd &lt;unknown&gt;
#9 0x601653b835e0 &lt;unknown&gt;
#10 0x601653b5d363 &lt;unknown&gt;
#11 0x601653b29d63 &lt;unknown&gt;
#12 0x601653b2a9c1 &lt;unknown&gt;
#13 0x601653ff8a6b &lt;unknown&gt;
#14 0x601653ffc951 &lt;unknown&gt;
#15 0x601653fe0b62 &lt;unknown&gt;
#16 0x601653ffd4c4 &lt;unknown&gt;
#17 0x601653fc513f &lt;unknown&gt;
#18 0x6016540216f8 &lt;unknown&gt;
#19 0x6016540218d6 &lt;unknown&gt;
#20 0x6016540325a6 &lt;unknown&gt;
#21 0x7bb78d894ac3 &lt;unknown&gt;
</status>
</kw>
<kw name="Sleep" owner="BuiltIn">
<arg>2s</arg>
<doc>Pauses the test executed for the given time.</doc>
<status status="NOT RUN" start="2025-04-29T11:46:50.284506" elapsed="0.000068"/>
</kw>
<doc>Saves the document and verifies the download was triggered</doc>
<status status="FAIL" start="2025-04-29T11:46:50.089872" elapsed="0.194888">InvalidSelectorException: Message: invalid selector: An invalid or illegal selector was specified
  (Session info: chrome=135.0.7049.114); For documentation on this error, please visit: https://www.selenium.dev/documentation/webdriver/troubleshooting/errors#invalid-selector-exception
Stacktrace:
#0 0x60165403375a &lt;unknown&gt;
#1 0x601653ae64b0 &lt;unknown&gt;
#2 0x601653aed0b6 &lt;unknown&gt;
#3 0x601653aef928 &lt;unknown&gt;
#4 0x601653aef9b3 &lt;unknown&gt;
#5 0x601653b373e5 &lt;unknown&gt;
#6 0x601653b37ba1 &lt;unknown&gt;
#7 0x601653b86231 &lt;unknown&gt;
#8 0x601653b5d5bd &lt;unknown&gt;
#9 0x601653b835e0 &lt;unknown&gt;
#10 0x601653b5d363 &lt;unknown&gt;
#11 0x601653b29d63 &lt;unknown&gt;
#12 0x601653b2a9c1 &lt;unknown&gt;
#13 0x601653ff8a6b &lt;unknown&gt;
#14 0x601653ffc951 &lt;unknown&gt;
#15 0x601653fe0b62 &lt;unknown&gt;
#16 0x601653ffd4c4 &lt;unknown&gt;
#17 0x601653fc513f &lt;unknown&gt;
#18 0x6016540216f8 &lt;unknown&gt;
#19 0x6016540218d6 &lt;unknown&gt;
#20 0x6016540325a6 &lt;unknown&gt;
#21 0x7bb78d894ac3 &lt;unknown&gt;
</status>
</kw>
<arg>config.yaml</arg>
<arg>${yaml_content}</arg>
<status status="FAIL" start="2025-04-29T11:46:49.930637" elapsed="0.354271">InvalidSelectorException: Message: invalid selector: An invalid or illegal selector was specified
  (Session info: chrome=135.0.7049.114); For documentation on this error, please visit: https://www.selenium.dev/documentation/webdriver/troubleshooting/errors#invalid-selector-exception
Stacktrace:
#0 0x60165403375a &lt;unknown&gt;
#1 0x601653ae64b0 &lt;unknown&gt;
#2 0x601653aed0b6 &lt;unknown&gt;
#3 0x601653aef928 &lt;unknown&gt;
#4 0x601653aef9b3 &lt;unknown&gt;
#5 0x601653b373e5 &lt;unknown&gt;
#6 0x601653b37ba1 &lt;unknown&gt;
#7 0x601653b86231 &lt;unknown&gt;
#8 0x601653b5d5bd &lt;unknown&gt;
#9 0x601653b835e0 &lt;unknown&gt;
#10 0x601653b5d363 &lt;unknown&gt;
#11 0x601653b29d63 &lt;unknown&gt;
#12 0x601653b2a9c1 &lt;unknown&gt;
#13 0x601653ff8a6b &lt;unknown&gt;
#14 0x601653ffc951 &lt;unknown&gt;
#15 0x601653fe0b62 &lt;unknown&gt;
#16 0x601653ffd4c4 &lt;unknown&gt;
#17 0x601653fc513f &lt;unknown&gt;
#18 0x6016540216f8 &lt;unknown&gt;
#19 0x6016540218d6 &lt;unknown&gt;
#20 0x6016540325a6 &lt;unknown&gt;
#21 0x7bb78d894ac3 &lt;unknown&gt;
</status>
</kw>
<kw name="Verify Content Is" owner="text_editor_keywords">
<arg>${yaml_content}</arg>
<status status="NOT RUN" start="2025-04-29T11:46:50.285844" elapsed="0.000083"/>
</kw>
<kw name="Close Text Editor Application" owner="text_editor_keywords" type="TEARDOWN">
<kw name="Close Browser" owner="SeleniumLibrary">
<doc>Closes the current browser.</doc>
<status status="PASS" start="2025-04-29T11:46:50.286688" elapsed="0.056373"/>
</kw>
<status status="PASS" start="2025-04-29T11:46:50.286370" elapsed="0.056819"/>
</kw>
<doc>Test saving document with YAML content</doc>
<status status="FAIL" start="2025-04-29T11:46:49.096407" elapsed="1.246886">InvalidSelectorException: Message: invalid selector: An invalid or illegal selector was specified
  (Session info: chrome=135.0.7049.114); For documentation on this error, please visit: https://www.selenium.dev/documentation/webdriver/troubleshooting/errors#invalid-selector-exception
Stacktrace:
#0 0x60165403375a &lt;unknown&gt;
#1 0x601653ae64b0 &lt;unknown&gt;
#2 0x601653aed0b6 &lt;unknown&gt;
#3 0x601653aef928 &lt;unknown&gt;
#4 0x601653aef9b3 &lt;unknown&gt;
#5 0x601653b373e5 &lt;unknown&gt;
#6 0x601653b37ba1 &lt;unknown&gt;
#7 0x601653b86231 &lt;unknown&gt;
#8 0x601653b5d5bd &lt;unknown&gt;
#9 0x601653b835e0 &lt;unknown&gt;
#10 0x601653b5d363 &lt;unknown&gt;
#11 0x601653b29d63 &lt;unknown&gt;
#12 0x601653b2a9c1 &lt;unknown&gt;
#13 0x601653ff8a6b &lt;unknown&gt;
#14 0x601653ffc951 &lt;unknown&gt;
#15 0x601653fe0b62 &lt;unknown&gt;
#16 0x601653ffd4c4 &lt;unknown&gt;
#17 0x601653fc513f &lt;unknown&gt;
#18 0x6016540216f8 &lt;unknown&gt;
#19 0x6016540218d6 &lt;unknown&gt;
#20 0x6016540325a6 &lt;unknown&gt;
#21 0x7bb78d894ac3 &lt;unknown&gt;
</status>
</test>
<test id="s1-t19" name="Save Document With CSV Content" line="122">
<kw name="Open Text Editor" owner="text_editor_keywords" type="SETUP">
<kw name="Open Browser" owner="SeleniumLibrary">
<msg time="2025-04-29T11:46:50.344718" level="INFO">Opening browser 'chrome' to base url 'http://localhost:3000'.</msg>
<arg>${app.url}</arg>
<arg>chrome</arg>
<doc>Opens a new browser instance to the optional ``url``.</doc>
<status status="PASS" start="2025-04-29T11:46:50.344223" elapsed="0.773703"/>
</kw>
<kw name="Click Element" owner="SeleniumLibrary">
<msg time="2025-04-29T11:46:51.118885" level="INFO">Clicking element 'xpath=//button[contains(text(), 'Text Editor')]'.</msg>
<arg>${selectors.header.text_editor_button}</arg>
<doc>Click the element identified by ``locator``.</doc>
<status status="PASS" start="2025-04-29T11:46:51.118208" elapsed="0.106602"/>
</kw>
<kw name="Wait Until Page Contains Element" owner="SeleniumLibrary">
<arg>${selectors.text_editor.filename_input}</arg>
<arg>${timeouts.page_load}</arg>
<doc>Waits until the element ``locator`` appears on the current page.</doc>
<status status="PASS" start="2025-04-29T11:46:51.225011" elapsed="0.008765"/>
</kw>
<kw name="Log" owner="BuiltIn">
<msg time="2025-04-29T11:46:51.234144" level="INFO">Opened Text Editor</msg>
<arg>Opened Text Editor</arg>
<doc>Logs the given message with the given level.</doc>
<status status="PASS" start="2025-04-29T11:46:51.233988" elapsed="0.000202"/>
</kw>
<status status="PASS" start="2025-04-29T11:46:50.343958" elapsed="0.890299"/>
</kw>
<kw name="Set Variable" owner="BuiltIn">
<msg time="2025-04-29T11:46:51.234556" level="INFO">${csv_content} = name,age,email
John,30,john@example.com</msg>
<var>${csv_content}</var>
<arg>name,age,email\nJohn,30,john@example.com</arg>
<doc>Returns the given values which can then be assigned to a variables.</doc>
<status status="PASS" start="2025-04-29T11:46:51.234409" elapsed="0.000172"/>
</kw>
<kw name="Create And Save Document" owner="text_editor_keywords">
<kw name="Set File Name" owner="text_editor_keywords">
<kw name="Input Text" owner="SeleniumLibrary">
<msg time="2025-04-29T11:46:51.235719" level="INFO">Typing text 'data.csv' into text field 'css=input[type='text']'.</msg>
<arg>${selectors.text_editor.filename_input}</arg>
<arg>${filename}</arg>
<doc>Types the given ``text`` into the text field identified by ``locator``.</doc>
<status status="PASS" start="2025-04-29T11:46:51.235286" elapsed="0.077762"/>
</kw>
<arg>${filename}</arg>
<status status="PASS" start="2025-04-29T11:46:51.235078" elapsed="0.078109"/>
</kw>
<kw name="Set Content" owner="text_editor_keywords">
<kw name="Input Text" owner="SeleniumLibrary">
<msg time="2025-04-29T11:46:51.314903" level="INFO">Typing text 'name,age,email
John,30,john@example.com' into text field 'css=textarea'.</msg>
<arg>${selectors.text_editor.content_textarea}</arg>
<arg>${content}</arg>
<doc>Types the given ``text`` into the text field identified by ``locator``.</doc>
<status status="PASS" start="2025-04-29T11:46:51.313913" elapsed="0.137833"/>
</kw>
<arg>${content}</arg>
<status status="PASS" start="2025-04-29T11:46:51.313382" elapsed="0.138559"/>
</kw>
<kw name="Save Document" owner="text_editor_keywords">
<kw name="Get Editor Content" owner="text_editor_keywords">
<kw name="Get Value" owner="SeleniumLibrary">
<msg time="2025-04-29T11:46:51.462669" level="INFO">${content} = name,age,email
John,30,john@example.com</msg>
<var>${content}</var>
<arg>${selectors.text_editor.content_textarea}</arg>
<doc>Returns the value attribute of the element identified by ``locator``.</doc>
<status status="PASS" start="2025-04-29T11:46:51.453023" elapsed="0.009713"/>
</kw>
<return>
<value>${content}</value>
<status status="PASS" start="2025-04-29T11:46:51.462843" elapsed="0.000062"/>
</return>
<msg time="2025-04-29T11:46:51.463056" level="INFO">${content} = name,age,email
John,30,john@example.com</msg>
<var>${content}</var>
<status status="PASS" start="2025-04-29T11:46:51.452683" elapsed="0.010398"/>
</kw>
<kw name="Get File Name" owner="text_editor_keywords">
<kw name="Get Value" owner="SeleniumLibrary">
<msg time="2025-04-29T11:46:51.473268" level="INFO">${filename} = data.csv</msg>
<var>${filename}</var>
<arg>${selectors.text_editor.filename_input}</arg>
<doc>Returns the value attribute of the element identified by ``locator``.</doc>
<status status="PASS" start="2025-04-29T11:46:51.463483" elapsed="0.009834"/>
</kw>
<return>
<value>${filename}</value>
<status status="PASS" start="2025-04-29T11:46:51.473404" elapsed="0.000050"/>
</return>
<msg time="2025-04-29T11:46:51.473587" level="INFO">${filename} = data.csv</msg>
<var>${filename}</var>
<status status="PASS" start="2025-04-29T11:46:51.463247" elapsed="0.010365"/>
</kw>
<kw name="Click Button" owner="SeleniumLibrary">
<msg time="2025-04-29T11:46:51.474164" level="INFO">Clicking button 'xpath=//button[contains(., 'Save')]'.</msg>
<arg>${selectors.text_editor.save_button}</arg>
<doc>Clicks the button identified by ``locator``.</doc>
<status status="PASS" start="2025-04-29T11:46:51.473745" elapsed="0.059228"/>
</kw>
<kw name="Wait Until Element Is Visible" owner="SeleniumLibrary">
<msg time="2025-04-29T11:46:51.631967" level="INFO" html="true">&lt;/td&gt;&lt;/tr&gt;&lt;tr&gt;&lt;td colspan="3"&gt;&lt;a href="selenium-screenshot-29.png"&gt;&lt;img src="selenium-screenshot-29.png" width="800px"&gt;&lt;/a&gt;</msg>
<msg time="2025-04-29T11:46:51.632133" level="FAIL">InvalidSelectorException: Message: invalid selector: An invalid or illegal selector was specified
  (Session info: chrome=135.0.7049.114); For documentation on this error, please visit: https://www.selenium.dev/documentation/webdriver/troubleshooting/errors#invalid-selector-exception
Stacktrace:
#0 0x5f1ee631275a &lt;unknown&gt;
#1 0x5f1ee5dc54b0 &lt;unknown&gt;
#2 0x5f1ee5dcc0b6 &lt;unknown&gt;
#3 0x5f1ee5dce928 &lt;unknown&gt;
#4 0x5f1ee5dce9b3 &lt;unknown&gt;
#5 0x5f1ee5e163e5 &lt;unknown&gt;
#6 0x5f1ee5e16ba1 &lt;unknown&gt;
#7 0x5f1ee5e65231 &lt;unknown&gt;
#8 0x5f1ee5e3c5bd &lt;unknown&gt;
#9 0x5f1ee5e625e0 &lt;unknown&gt;
#10 0x5f1ee5e3c363 &lt;unknown&gt;
#11 0x5f1ee5e08d63 &lt;unknown&gt;
#12 0x5f1ee5e099c1 &lt;unknown&gt;
#13 0x5f1ee62d7a6b &lt;unknown&gt;
#14 0x5f1ee62db951 &lt;unknown&gt;
#15 0x5f1ee62bfb62 &lt;unknown&gt;
#16 0x5f1ee62dc4c4 &lt;unknown&gt;
#17 0x5f1ee62a413f &lt;unknown&gt;
#18 0x5f1ee63006f8 &lt;unknown&gt;
#19 0x5f1ee63008d6 &lt;unknown&gt;
#20 0x5f1ee63115a6 &lt;unknown&gt;
#21 0x78d31e094ac3 &lt;unknown&gt;
</msg>
<arg>${selectors.text_editor.save_success_message}</arg>
<arg>${timeouts.element_visible}</arg>
<doc>Waits until the element ``locator`` is visible.</doc>
<status status="FAIL" start="2025-04-29T11:46:51.533245" elapsed="0.099058">InvalidSelectorException: Message: invalid selector: An invalid or illegal selector was specified
  (Session info: chrome=135.0.7049.114); For documentation on this error, please visit: https://www.selenium.dev/documentation/webdriver/troubleshooting/errors#invalid-selector-exception
Stacktrace:
#0 0x5f1ee631275a &lt;unknown&gt;
#1 0x5f1ee5dc54b0 &lt;unknown&gt;
#2 0x5f1ee5dcc0b6 &lt;unknown&gt;
#3 0x5f1ee5dce928 &lt;unknown&gt;
#4 0x5f1ee5dce9b3 &lt;unknown&gt;
#5 0x5f1ee5e163e5 &lt;unknown&gt;
#6 0x5f1ee5e16ba1 &lt;unknown&gt;
#7 0x5f1ee5e65231 &lt;unknown&gt;
#8 0x5f1ee5e3c5bd &lt;unknown&gt;
#9 0x5f1ee5e625e0 &lt;unknown&gt;
#10 0x5f1ee5e3c363 &lt;unknown&gt;
#11 0x5f1ee5e08d63 &lt;unknown&gt;
#12 0x5f1ee5e099c1 &lt;unknown&gt;
#13 0x5f1ee62d7a6b &lt;unknown&gt;
#14 0x5f1ee62db951 &lt;unknown&gt;
#15 0x5f1ee62bfb62 &lt;unknown&gt;
#16 0x5f1ee62dc4c4 &lt;unknown&gt;
#17 0x5f1ee62a413f &lt;unknown&gt;
#18 0x5f1ee63006f8 &lt;unknown&gt;
#19 0x5f1ee63008d6 &lt;unknown&gt;
#20 0x5f1ee63115a6 &lt;unknown&gt;
#21 0x78d31e094ac3 &lt;unknown&gt;
</status>
</kw>
<kw name="Sleep" owner="BuiltIn">
<arg>2s</arg>
<doc>Pauses the test executed for the given time.</doc>
<status status="NOT RUN" start="2025-04-29T11:46:51.632566" elapsed="0.000069"/>
</kw>
<doc>Saves the document and verifies the download was triggered</doc>
<status status="FAIL" start="2025-04-29T11:46:51.452261" elapsed="0.180568">InvalidSelectorException: Message: invalid selector: An invalid or illegal selector was specified
  (Session info: chrome=135.0.7049.114); For documentation on this error, please visit: https://www.selenium.dev/documentation/webdriver/troubleshooting/errors#invalid-selector-exception
Stacktrace:
#0 0x5f1ee631275a &lt;unknown&gt;
#1 0x5f1ee5dc54b0 &lt;unknown&gt;
#2 0x5f1ee5dcc0b6 &lt;unknown&gt;
#3 0x5f1ee5dce928 &lt;unknown&gt;
#4 0x5f1ee5dce9b3 &lt;unknown&gt;
#5 0x5f1ee5e163e5 &lt;unknown&gt;
#6 0x5f1ee5e16ba1 &lt;unknown&gt;
#7 0x5f1ee5e65231 &lt;unknown&gt;
#8 0x5f1ee5e3c5bd &lt;unknown&gt;
#9 0x5f1ee5e625e0 &lt;unknown&gt;
#10 0x5f1ee5e3c363 &lt;unknown&gt;
#11 0x5f1ee5e08d63 &lt;unknown&gt;
#12 0x5f1ee5e099c1 &lt;unknown&gt;
#13 0x5f1ee62d7a6b &lt;unknown&gt;
#14 0x5f1ee62db951 &lt;unknown&gt;
#15 0x5f1ee62bfb62 &lt;unknown&gt;
#16 0x5f1ee62dc4c4 &lt;unknown&gt;
#17 0x5f1ee62a413f &lt;unknown&gt;
#18 0x5f1ee63006f8 &lt;unknown&gt;
#19 0x5f1ee63008d6 &lt;unknown&gt;
#20 0x5f1ee63115a6 &lt;unknown&gt;
#21 0x78d31e094ac3 &lt;unknown&gt;
</status>
</kw>
<arg>data.csv</arg>
<arg>${csv_content}</arg>
<status status="FAIL" start="2025-04-29T11:46:51.234761" elapsed="0.398201">InvalidSelectorException: Message: invalid selector: An invalid or illegal selector was specified
  (Session info: chrome=135.0.7049.114); For documentation on this error, please visit: https://www.selenium.dev/documentation/webdriver/troubleshooting/errors#invalid-selector-exception
Stacktrace:
#0 0x5f1ee631275a &lt;unknown&gt;
#1 0x5f1ee5dc54b0 &lt;unknown&gt;
#2 0x5f1ee5dcc0b6 &lt;unknown&gt;
#3 0x5f1ee5dce928 &lt;unknown&gt;
#4 0x5f1ee5dce9b3 &lt;unknown&gt;
#5 0x5f1ee5e163e5 &lt;unknown&gt;
#6 0x5f1ee5e16ba1 &lt;unknown&gt;
#7 0x5f1ee5e65231 &lt;unknown&gt;
#8 0x5f1ee5e3c5bd &lt;unknown&gt;
#9 0x5f1ee5e625e0 &lt;unknown&gt;
#10 0x5f1ee5e3c363 &lt;unknown&gt;
#11 0x5f1ee5e08d63 &lt;unknown&gt;
#12 0x5f1ee5e099c1 &lt;unknown&gt;
#13 0x5f1ee62d7a6b &lt;unknown&gt;
#14 0x5f1ee62db951 &lt;unknown&gt;
#15 0x5f1ee62bfb62 &lt;unknown&gt;
#16 0x5f1ee62dc4c4 &lt;unknown&gt;
#17 0x5f1ee62a413f &lt;unknown&gt;
#18 0x5f1ee63006f8 &lt;unknown&gt;
#19 0x5f1ee63008d6 &lt;unknown&gt;
#20 0x5f1ee63115a6 &lt;unknown&gt;
#21 0x78d31e094ac3 &lt;unknown&gt;
</status>
</kw>
<kw name="Verify Content Is" owner="text_editor_keywords">
<arg>${csv_content}</arg>
<status status="NOT RUN" start="2025-04-29T11:46:51.633249" elapsed="0.000057"/>
</kw>
<kw name="Close Text Editor Application" owner="text_editor_keywords" type="TEARDOWN">
<kw name="Close Browser" owner="SeleniumLibrary">
<doc>Closes the current browser.</doc>
<status status="PASS" start="2025-04-29T11:46:51.634071" elapsed="0.056769"/>
</kw>
<status status="PASS" start="2025-04-29T11:46:51.633656" elapsed="0.057313"/>
</kw>
<doc>Test saving document with CSV content</doc>
<status status="FAIL" start="2025-04-29T11:46:50.343573" elapsed="1.347553">InvalidSelectorException: Message: invalid selector: An invalid or illegal selector was specified
  (Session info: chrome=135.0.7049.114); For documentation on this error, please visit: https://www.selenium.dev/documentation/webdriver/troubleshooting/errors#invalid-selector-exception
Stacktrace:
#0 0x5f1ee631275a &lt;unknown&gt;
#1 0x5f1ee5dc54b0 &lt;unknown&gt;
#2 0x5f1ee5dcc0b6 &lt;unknown&gt;
#3 0x5f1ee5dce928 &lt;unknown&gt;
#4 0x5f1ee5dce9b3 &lt;unknown&gt;
#5 0x5f1ee5e163e5 &lt;unknown&gt;
#6 0x5f1ee5e16ba1 &lt;unknown&gt;
#7 0x5f1ee5e65231 &lt;unknown&gt;
#8 0x5f1ee5e3c5bd &lt;unknown&gt;
#9 0x5f1ee5e625e0 &lt;unknown&gt;
#10 0x5f1ee5e3c363 &lt;unknown&gt;
#11 0x5f1ee5e08d63 &lt;unknown&gt;
#12 0x5f1ee5e099c1 &lt;unknown&gt;
#13 0x5f1ee62d7a6b &lt;unknown&gt;
#14 0x5f1ee62db951 &lt;unknown&gt;
#15 0x5f1ee62bfb62 &lt;unknown&gt;
#16 0x5f1ee62dc4c4 &lt;unknown&gt;
#17 0x5f1ee62a413f &lt;unknown&gt;
#18 0x5f1ee63006f8 &lt;unknown&gt;
#19 0x5f1ee63008d6 &lt;unknown&gt;
#20 0x5f1ee63115a6 &lt;unknown&gt;
#21 0x78d31e094ac3 &lt;unknown&gt;
</status>
</test>
<test id="s1-t20" name="Save Document With Multiple Saves" line="128">
<kw name="Open Text Editor" owner="text_editor_keywords" type="SETUP">
<kw name="Open Browser" owner="SeleniumLibrary">
<msg time="2025-04-29T11:46:51.692612" level="INFO">Opening browser 'chrome' to base url 'http://localhost:3000'.</msg>
<arg>${app.url}</arg>
<arg>chrome</arg>
<doc>Opens a new browser instance to the optional ``url``.</doc>
<status status="PASS" start="2025-04-29T11:46:51.692176" elapsed="0.709594"/>
</kw>
<kw name="Click Element" owner="SeleniumLibrary">
<msg time="2025-04-29T11:46:52.402530" level="INFO">Clicking element 'xpath=//button[contains(text(), 'Text Editor')]'.</msg>
<arg>${selectors.header.text_editor_button}</arg>
<doc>Click the element identified by ``locator``.</doc>
<status status="PASS" start="2025-04-29T11:46:52.402014" elapsed="0.107583"/>
</kw>
<kw name="Wait Until Page Contains Element" owner="SeleniumLibrary">
<arg>${selectors.text_editor.filename_input}</arg>
<arg>${timeouts.page_load}</arg>
<doc>Waits until the element ``locator`` appears on the current page.</doc>
<status status="PASS" start="2025-04-29T11:46:52.509815" elapsed="0.007917"/>
</kw>
<kw name="Log" owner="BuiltIn">
<msg time="2025-04-29T11:46:52.518255" level="INFO">Opened Text Editor</msg>
<arg>Opened Text Editor</arg>
<doc>Logs the given message with the given level.</doc>
<status status="PASS" start="2025-04-29T11:46:52.518039" elapsed="0.000269"/>
</kw>
<status status="PASS" start="2025-04-29T11:46:51.691889" elapsed="0.826492"/>
</kw>
<kw name="Create And Save Document" owner="text_editor_keywords">
<kw name="Set File Name" owner="text_editor_keywords">
<kw name="Input Text" owner="SeleniumLibrary">
<msg time="2025-04-29T11:46:52.519666" level="INFO">Typing text 'multiple_saves.txt' into text field 'css=input[type='text']'.</msg>
<arg>${selectors.text_editor.filename_input}</arg>
<arg>${filename}</arg>
<doc>Types the given ``text`` into the text field identified by ``locator``.</doc>
<status status="PASS" start="2025-04-29T11:46:52.519175" elapsed="0.082842"/>
</kw>
<arg>${filename}</arg>
<status status="PASS" start="2025-04-29T11:46:52.518900" elapsed="0.083243"/>
</kw>
<kw name="Set Content" owner="text_editor_keywords">
<kw name="Input Text" owner="SeleniumLibrary">
<msg time="2025-04-29T11:46:52.603216" level="INFO">Typing text 'First save' into text field 'css=textarea'.</msg>
<arg>${selectors.text_editor.content_textarea}</arg>
<arg>${content}</arg>
<doc>Types the given ``text`` into the text field identified by ``locator``.</doc>
<status status="PASS" start="2025-04-29T11:46:52.602697" elapsed="0.058664"/>
</kw>
<arg>${content}</arg>
<status status="PASS" start="2025-04-29T11:46:52.602327" elapsed="0.059164"/>
</kw>
<kw name="Save Document" owner="text_editor_keywords">
<kw name="Get Editor Content" owner="text_editor_keywords">
<kw name="Get Value" owner="SeleniumLibrary">
<msg time="2025-04-29T11:46:52.671574" level="INFO">${content} = First save</msg>
<var>${content}</var>
<arg>${selectors.text_editor.content_textarea}</arg>
<doc>Returns the value attribute of the element identified by ``locator``.</doc>
<status status="PASS" start="2025-04-29T11:46:52.662162" elapsed="0.009462"/>
</kw>
<return>
<value>${content}</value>
<status status="PASS" start="2025-04-29T11:46:52.671712" elapsed="0.000072"/>
</return>
<msg time="2025-04-29T11:46:52.671944" level="INFO">${content} = First save</msg>
<var>${content}</var>
<status status="PASS" start="2025-04-29T11:46:52.661976" elapsed="0.009993"/>
</kw>
<kw name="Get File Name" owner="text_editor_keywords">
<kw name="Get Value" owner="SeleniumLibrary">
<msg time="2025-04-29T11:46:52.682328" level="INFO">${filename} = multiple_saves.txt</msg>
<var>${filename}</var>
<arg>${selectors.text_editor.filename_input}</arg>
<doc>Returns the value attribute of the element identified by ``locator``.</doc>
<status status="PASS" start="2025-04-29T11:46:52.672427" elapsed="0.009956"/>
</kw>
<return>
<value>${filename}</value>
<status status="PASS" start="2025-04-29T11:46:52.682485" elapsed="0.000076"/>
</return>
<msg time="2025-04-29T11:46:52.682745" level="INFO">${filename} = multiple_saves.txt</msg>
<var>${filename}</var>
<status status="PASS" start="2025-04-29T11:46:52.672154" elapsed="0.010617"/>
</kw>
<kw name="Click Button" owner="SeleniumLibrary">
<msg time="2025-04-29T11:46:52.683398" level="INFO">Clicking button 'xpath=//button[contains(., 'Save')]'.</msg>
<arg>${selectors.text_editor.save_button}</arg>
<doc>Clicks the button identified by ``locator``.</doc>
<status status="PASS" start="2025-04-29T11:46:52.682914" elapsed="0.054513"/>
</kw>
<kw name="Wait Until Element Is Visible" owner="SeleniumLibrary">
<msg time="2025-04-29T11:46:52.880760" level="INFO" html="true">&lt;/td&gt;&lt;/tr&gt;&lt;tr&gt;&lt;td colspan="3"&gt;&lt;a href="selenium-screenshot-30.png"&gt;&lt;img src="selenium-screenshot-30.png" width="800px"&gt;&lt;/a&gt;</msg>
<msg time="2025-04-29T11:46:52.881013" level="FAIL">InvalidSelectorException: Message: invalid selector: An invalid or illegal selector was specified
  (Session info: chrome=135.0.7049.114); For documentation on this error, please visit: https://www.selenium.dev/documentation/webdriver/troubleshooting/errors#invalid-selector-exception
Stacktrace:
#0 0x573f0f1d375a &lt;unknown&gt;
#1 0x573f0ec864b0 &lt;unknown&gt;
#2 0x573f0ec8d0b6 &lt;unknown&gt;
#3 0x573f0ec8f928 &lt;unknown&gt;
#4 0x573f0ec8f9b3 &lt;unknown&gt;
#5 0x573f0ecd73e5 &lt;unknown&gt;
#6 0x573f0ecd7ba1 &lt;unknown&gt;
#7 0x573f0ed26231 &lt;unknown&gt;
#8 0x573f0ecfd5bd &lt;unknown&gt;
#9 0x573f0ed235e0 &lt;unknown&gt;
#10 0x573f0ecfd363 &lt;unknown&gt;
#11 0x573f0ecc9d63 &lt;unknown&gt;
#12 0x573f0ecca9c1 &lt;unknown&gt;
#13 0x573f0f198a6b &lt;unknown&gt;
#14 0x573f0f19c951 &lt;unknown&gt;
#15 0x573f0f180b62 &lt;unknown&gt;
#16 0x573f0f19d4c4 &lt;unknown&gt;
#17 0x573f0f16513f &lt;unknown&gt;
#18 0x573f0f1c16f8 &lt;unknown&gt;
#19 0x573f0f1c18d6 &lt;unknown&gt;
#20 0x573f0f1d25a6 &lt;unknown&gt;
#21 0x739d2d494ac3 &lt;unknown&gt;
</msg>
<arg>${selectors.text_editor.save_success_message}</arg>
<arg>${timeouts.element_visible}</arg>
<doc>Waits until the element ``locator`` is visible.</doc>
<status status="FAIL" start="2025-04-29T11:46:52.737768" elapsed="0.143510">InvalidSelectorException: Message: invalid selector: An invalid or illegal selector was specified
  (Session info: chrome=135.0.7049.114); For documentation on this error, please visit: https://www.selenium.dev/documentation/webdriver/troubleshooting/errors#invalid-selector-exception
Stacktrace:
#0 0x573f0f1d375a &lt;unknown&gt;
#1 0x573f0ec864b0 &lt;unknown&gt;
#2 0x573f0ec8d0b6 &lt;unknown&gt;
#3 0x573f0ec8f928 &lt;unknown&gt;
#4 0x573f0ec8f9b3 &lt;unknown&gt;
#5 0x573f0ecd73e5 &lt;unknown&gt;
#6 0x573f0ecd7ba1 &lt;unknown&gt;
#7 0x573f0ed26231 &lt;unknown&gt;
#8 0x573f0ecfd5bd &lt;unknown&gt;
#9 0x573f0ed235e0 &lt;unknown&gt;
#10 0x573f0ecfd363 &lt;unknown&gt;
#11 0x573f0ecc9d63 &lt;unknown&gt;
#12 0x573f0ecca9c1 &lt;unknown&gt;
#13 0x573f0f198a6b &lt;unknown&gt;
#14 0x573f0f19c951 &lt;unknown&gt;
#15 0x573f0f180b62 &lt;unknown&gt;
#16 0x573f0f19d4c4 &lt;unknown&gt;
#17 0x573f0f16513f &lt;unknown&gt;
#18 0x573f0f1c16f8 &lt;unknown&gt;
#19 0x573f0f1c18d6 &lt;unknown&gt;
#20 0x573f0f1d25a6 &lt;unknown&gt;
#21 0x739d2d494ac3 &lt;unknown&gt;
</status>
</kw>
<kw name="Sleep" owner="BuiltIn">
<arg>2s</arg>
<doc>Pauses the test executed for the given time.</doc>
<status status="NOT RUN" start="2025-04-29T11:46:52.881612" elapsed="0.000061"/>
</kw>
<doc>Saves the document and verifies the download was triggered</doc>
<status status="FAIL" start="2025-04-29T11:46:52.661680" elapsed="0.220166">InvalidSelectorException: Message: invalid selector: An invalid or illegal selector was specified
  (Session info: chrome=135.0.7049.114); For documentation on this error, please visit: https://www.selenium.dev/documentation/webdriver/troubleshooting/errors#invalid-selector-exception
Stacktrace:
#0 0x573f0f1d375a &lt;unknown&gt;
#1 0x573f0ec864b0 &lt;unknown&gt;
#2 0x573f0ec8d0b6 &lt;unknown&gt;
#3 0x573f0ec8f928 &lt;unknown&gt;
#4 0x573f0ec8f9b3 &lt;unknown&gt;
#5 0x573f0ecd73e5 &lt;unknown&gt;
#6 0x573f0ecd7ba1 &lt;unknown&gt;
#7 0x573f0ed26231 &lt;unknown&gt;
#8 0x573f0ecfd5bd &lt;unknown&gt;
#9 0x573f0ed235e0 &lt;unknown&gt;
#10 0x573f0ecfd363 &lt;unknown&gt;
#11 0x573f0ecc9d63 &lt;unknown&gt;
#12 0x573f0ecca9c1 &lt;unknown&gt;
#13 0x573f0f198a6b &lt;unknown&gt;
#14 0x573f0f19c951 &lt;unknown&gt;
#15 0x573f0f180b62 &lt;unknown&gt;
#16 0x573f0f19d4c4 &lt;unknown&gt;
#17 0x573f0f16513f &lt;unknown&gt;
#18 0x573f0f1c16f8 &lt;unknown&gt;
#19 0x573f0f1c18d6 &lt;unknown&gt;
#20 0x573f0f1d25a6 &lt;unknown&gt;
#21 0x739d2d494ac3 &lt;unknown&gt;
</status>
</kw>
<arg>multiple_saves.txt</arg>
<arg>First save</arg>
<status status="FAIL" start="2025-04-29T11:46:52.518582" elapsed="0.363402">InvalidSelectorException: Message: invalid selector: An invalid or illegal selector was specified
  (Session info: chrome=135.0.7049.114); For documentation on this error, please visit: https://www.selenium.dev/documentation/webdriver/troubleshooting/errors#invalid-selector-exception
Stacktrace:
#0 0x573f0f1d375a &lt;unknown&gt;
#1 0x573f0ec864b0 &lt;unknown&gt;
#2 0x573f0ec8d0b6 &lt;unknown&gt;
#3 0x573f0ec8f928 &lt;unknown&gt;
#4 0x573f0ec8f9b3 &lt;unknown&gt;
#5 0x573f0ecd73e5 &lt;unknown&gt;
#6 0x573f0ecd7ba1 &lt;unknown&gt;
#7 0x573f0ed26231 &lt;unknown&gt;
#8 0x573f0ecfd5bd &lt;unknown&gt;
#9 0x573f0ed235e0 &lt;unknown&gt;
#10 0x573f0ecfd363 &lt;unknown&gt;
#11 0x573f0ecc9d63 &lt;unknown&gt;
#12 0x573f0ecca9c1 &lt;unknown&gt;
#13 0x573f0f198a6b &lt;unknown&gt;
#14 0x573f0f19c951 &lt;unknown&gt;
#15 0x573f0f180b62 &lt;unknown&gt;
#16 0x573f0f19d4c4 &lt;unknown&gt;
#17 0x573f0f16513f &lt;unknown&gt;
#18 0x573f0f1c16f8 &lt;unknown&gt;
#19 0x573f0f1c18d6 &lt;unknown&gt;
#20 0x573f0f1d25a6 &lt;unknown&gt;
#21 0x739d2d494ac3 &lt;unknown&gt;
</status>
</kw>
<kw name="Verify Content Is" owner="text_editor_keywords">
<arg>First save</arg>
<status status="NOT RUN" start="2025-04-29T11:46:52.889269" elapsed="0.000123"/>
</kw>
<kw name="Set Content" owner="text_editor_keywords">
<arg>Second save</arg>
<status status="NOT RUN" start="2025-04-29T11:46:52.889719" elapsed="0.000050"/>
</kw>
<kw name="Save Document" owner="text_editor_keywords">
<doc>Saves the document and verifies the download was triggered</doc>
<status status="NOT RUN" start="2025-04-29T11:46:52.889948" elapsed="0.000032"/>
</kw>
<kw name="Verify Content Is" owner="text_editor_keywords">
<arg>Second save</arg>
<status status="NOT RUN" start="2025-04-29T11:46:52.890112" elapsed="0.000026"/>
</kw>
<kw name="Set Content" owner="text_editor_keywords">
<arg>Third save</arg>
<status status="NOT RUN" start="2025-04-29T11:46:52.890250" elapsed="0.000028"/>
</kw>
<kw name="Save Document" owner="text_editor_keywords">
<doc>Saves the document and verifies the download was triggered</doc>
<status status="NOT RUN" start="2025-04-29T11:46:52.890437" elapsed="0.000032"/>
</kw>
<kw name="Verify Content Is" owner="text_editor_keywords">
<arg>Third save</arg>
<status status="NOT RUN" start="2025-04-29T11:46:52.890609" elapsed="0.000031"/>
</kw>
<kw name="Close Text Editor Application" owner="text_editor_keywords" type="TEARDOWN">
<kw name="Close Browser" owner="SeleniumLibrary">
<doc>Closes the current browser.</doc>
<status status="PASS" start="2025-04-29T11:46:52.891745" elapsed="0.056377"/>
</kw>
<status status="PASS" start="2025-04-29T11:46:52.891008" elapsed="0.057248"/>
</kw>
<doc>Test saving document multiple times</doc>
<status status="FAIL" start="2025-04-29T11:46:51.691510" elapsed="1.256852">InvalidSelectorException: Message: invalid selector: An invalid or illegal selector was specified
  (Session info: chrome=135.0.7049.114); For documentation on this error, please visit: https://www.selenium.dev/documentation/webdriver/troubleshooting/errors#invalid-selector-exception
Stacktrace:
#0 0x573f0f1d375a &lt;unknown&gt;
#1 0x573f0ec864b0 &lt;unknown&gt;
#2 0x573f0ec8d0b6 &lt;unknown&gt;
#3 0x573f0ec8f928 &lt;unknown&gt;
#4 0x573f0ec8f9b3 &lt;unknown&gt;
#5 0x573f0ecd73e5 &lt;unknown&gt;
#6 0x573f0ecd7ba1 &lt;unknown&gt;
#7 0x573f0ed26231 &lt;unknown&gt;
#8 0x573f0ecfd5bd &lt;unknown&gt;
#9 0x573f0ed235e0 &lt;unknown&gt;
#10 0x573f0ecfd363 &lt;unknown&gt;
#11 0x573f0ecc9d63 &lt;unknown&gt;
#12 0x573f0ecca9c1 &lt;unknown&gt;
#13 0x573f0f198a6b &lt;unknown&gt;
#14 0x573f0f19c951 &lt;unknown&gt;
#15 0x573f0f180b62 &lt;unknown&gt;
#16 0x573f0f19d4c4 &lt;unknown&gt;
#17 0x573f0f16513f &lt;unknown&gt;
#18 0x573f0f1c16f8 &lt;unknown&gt;
#19 0x573f0f1c18d6 &lt;unknown&gt;
#20 0x573f0f1d25a6 &lt;unknown&gt;
#21 0x739d2d494ac3 &lt;unknown&gt;
</status>
</test>
<status status="FAIL" start="2025-04-29T11:46:27.566213" elapsed="25.382632"/>
</suite>
<statistics>
<total>
<stat pass="0" fail="20" skip="0">All Tests</stat>
</total>
<tag>
</tag>
<suite>
<stat name="Text Editor Tests" id="s1" pass="0" fail="20" skip="0">Text Editor Tests</stat>
</suite>
</statistics>
<errors>
</errors>
</robot>
