<?xml version="1.0" encoding="UTF-8"?>
<robot generator="Robot 7.2.2 (Python 3.10.12 on linux)" generated="2025-04-29T11:46:27.564960" rpa="false" schemaversion="5">
<suite id="s1" name="Text Editor Tests" source="/home/nguyenvh/Sync/3a/stage_stet/projet_dho/robot-report-generator/tests/text_editor_tests.robot">
<test id="s1-t1" name="Create And Save New Document" line="9">
<kw name="Open Text Editor" owner="text_editor_keywords" type="SETUP">
<kw name="Open Browser" owner="SeleniumLibrary">
<msg time="2025-04-29T11:46:27.706796" level="INFO">Opening browser 'chrome' to base url 'http://localhost:3000'.</msg>
<arg>${app.url}</arg>
<arg>chrome</arg>
<doc>Opens a new browser instance to the optional ``url``.</doc>
<status status="PASS" start="2025-04-29T11:46:27.706282" elapsed="0.716280"/>
</kw>
<kw name="Click Element" owner="SeleniumLibrary">
<msg time="2025-04-29T11:46:28.423798" level="INFO">Clicking element 'xpath=//button[contains(text(), 'Text Editor')]'.</msg>
<arg>${selectors.header.text_editor_button}</arg>
<doc>Click the element identified by ``locator``.</doc>
<status status="PASS" start="2025-04-29T11:46:28.422894" elapsed="0.111977"/>
</kw>
<kw name="Wait Until Page Contains Element" owner="SeleniumLibrary">
<arg>${selectors.text_editor.filename_input}</arg>
<arg>${timeouts.page_load}</arg>
<doc>Waits until the element ``locator`` appears on the current page.</doc>
<status status="PASS" start="2025-04-29T11:46:28.535164" elapsed="0.008415"/>
</kw>
<kw name="Log" owner="BuiltIn">
<msg time="2025-04-29T11:46:28.544006" level="INFO">Opened Text Editor</msg>
<arg>Opened Text Editor</arg>
<doc>Logs the given message with the given level.</doc>
<status status="PASS" start="2025-04-29T11:46:28.543826" elapsed="0.000236"/>
</kw>
<status status="PASS" start="2025-04-29T11:46:27.705481" elapsed="0.838659"/>
</kw>
<kw name="Create And Save Document" owner="text_editor_keywords">
<kw name="Set File Name" owner="text_editor_keywords">
<kw name="Input Text" owner="SeleniumLibrary">
<msg time="2025-04-29T11:46:28.545823" level="INFO">Typing text 'test_document.txt' into text field 'css=input[type='text']'.</msg>
<arg>${selectors.text_editor.filename_input}</arg>
<arg>${filename}</arg>
<doc>Types the given ``text`` into the text field identified by ``locator``.</doc>
<status status="PASS" start="2025-04-29T11:46:28.545446" elapsed="0.079866"/>
</kw>
<arg>${filename}</arg>
<status status="PASS" start="2025-04-29T11:46:28.545224" elapsed="0.080279"/>
</kw>
<kw name="Set Content" owner="text_editor_keywords">
<kw name="Input Text" owner="SeleniumLibrary">
<msg time="2025-04-29T11:46:28.627029" level="INFO">Typing text 'This is a test document content' into text field 'css=textarea'.</msg>
<arg>${selectors.text_editor.content_textarea}</arg>
<arg>${content}</arg>
<doc>Types the given ``text`` into the text field identified by ``locator``.</doc>
<status status="PASS" start="2025-04-29T11:46:28.626294" elapsed="0.086572"/>
</kw>
<arg>${content}</arg>
<status status="PASS" start="2025-04-29T11:46:28.625789" elapsed="0.087277"/>
</kw>
<kw name="Save Document" owner="text_editor_keywords">
<kw name="Get Editor Content" owner="text_editor_keywords">
<kw name="Get Value" owner="SeleniumLibrary">
<msg time="2025-04-29T11:46:28.724202" level="INFO">${content} = This is a test document content</msg>
<var>${content}</var>
<arg>${selectors.text_editor.content_textarea}</arg>
<doc>Returns the value attribute of the element identified by ``locator``.</doc>
<status status="PASS" start="2025-04-29T11:46:28.714175" elapsed="0.010081"/>
</kw>
<return>
<value>${content}</value>
<status status="PASS" start="2025-04-29T11:46:28.724351" elapsed="0.000068"/>
</return>
<msg time="2025-04-29T11:46:28.724568" level="INFO">${content} = This is a test document content</msg>
<var>${content}</var>
<status status="PASS" start="2025-04-29T11:46:28.713829" elapsed="0.010765"/>
</kw>
<kw name="Get File Name" owner="text_editor_keywords">
<kw name="Get Value" owner="SeleniumLibrary">
<msg time="2025-04-29T11:46:28.732499" level="INFO">${filename} = test_document.txt</msg>
<var>${filename}</var>
<arg>${selectors.text_editor.filename_input}</arg>
<doc>Returns the value attribute of the element identified by ``locator``.</doc>
<status status="PASS" start="2025-04-29T11:46:28.725118" elapsed="0.007427"/>
</kw>
<return>
<value>${filename}</value>
<status status="PASS" start="2025-04-29T11:46:28.732640" elapsed="0.000048"/>
</return>
<msg time="2025-04-29T11:46:28.732823" level="INFO">${filename} = test_document.txt</msg>
<var>${filename}</var>
<status status="PASS" start="2025-04-29T11:46:28.724774" elapsed="0.008072"/>
</kw>
<kw name="Click Button" owner="SeleniumLibrary">
<msg time="2025-04-29T11:46:28.733368" level="INFO">Clicking button 'xpath=//button[contains(., 'Save')]'.</msg>
<arg>${selectors.text_editor.save_button}</arg>
<doc>Clicks the button identified by ``locator``.</doc>
<status status="PASS" start="2025-04-29T11:46:28.732965" elapsed="0.049694"/>
</kw>
<kw name="Wait Until Element Is Visible" owner="SeleniumLibrary">
<msg time="2025-04-29T11:46:28.895275" level="INFO" html="true">&lt;/td&gt;&lt;/tr&gt;&lt;tr&gt;&lt;td colspan="3"&gt;&lt;a href="selenium-screenshot-11.png"&gt;&lt;img src="selenium-screenshot-11.png" width="800px"&gt;&lt;/a&gt;</msg>
<msg time="2025-04-29T11:46:28.895650" level="FAIL">InvalidSelectorException: Message: invalid selector: An invalid or illegal selector was specified
  (Session info: chrome=135.0.7049.114); For documentation on this error, please visit: https://www.selenium.dev/documentation/webdriver/troubleshooting/errors#invalid-selector-exception
Stacktrace:
#0 0x62cd576c075a &lt;unknown&gt;
#1 0x62cd571734b0 &lt;unknown&gt;
#2 0x62cd5717a0b6 &lt;unknown&gt;
#3 0x62cd5717c928 &lt;unknown&gt;
#4 0x62cd5717c9b3 &lt;unknown&gt;
#5 0x62cd571c43e5 &lt;unknown&gt;
#6 0x62cd571c4ba1 &lt;unknown&gt;
#7 0x62cd57213231 &lt;unknown&gt;
#8 0x62cd571ea5bd &lt;unknown&gt;
#9 0x62cd572105e0 &lt;unknown&gt;
#10 0x62cd571ea363 &lt;unknown&gt;
#11 0x62cd571b6d63 &lt;unknown&gt;
#12 0x62cd571b79c1 &lt;unknown&gt;
#13 0x62cd57685a6b &lt;unknown&gt;
#14 0x62cd57689951 &lt;unknown&gt;
#15 0x62cd5766db62 &lt;unknown&gt;
#16 0x62cd5768a4c4 &lt;unknown&gt;
#17 0x62cd5765213f &lt;unknown&gt;
#18 0x62cd576ae6f8 &lt;unknown&gt;
#19 0x62cd576ae8d6 &lt;unknown&gt;
#20 0x62cd576bf5a6 &lt;unknown&gt;
#21 0x79efcc294ac3 &lt;unknown&gt;
</msg>
<arg>${selectors.text_editor.save_success_message}</arg>
<arg>${timeouts.element_visible}</arg>
<doc>Waits until the element ``locator`` is visible.</doc>
<status status="FAIL" start="2025-04-29T11:46:28.782980" elapsed="0.113529">InvalidSelectorException: Message: invalid selector: An invalid or illegal selector was specified
  (Session info: chrome=135.0.7049.114); For documentation on this error, please visit: https://www.selenium.dev/documentation/webdriver/troubleshooting/errors#invalid-selector-exception
Stacktrace:
#0 0x62cd576c075a &lt;unknown&gt;
#1 0x62cd571734b0 &lt;unknown&gt;
#2 0x62cd5717a0b6 &lt;unknown&gt;
#3 0x62cd5717c928 &lt;unknown&gt;
#4 0x62cd5717c9b3 &lt;unknown&gt;
#5 0x62cd571c43e5 &lt;unknown&gt;
#6 0x62cd571c4ba1 &lt;unknown&gt;
#7 0x62cd57213231 &lt;unknown&gt;
#8 0x62cd571ea5bd &lt;unknown&gt;
#9 0x62cd572105e0 &lt;unknown&gt;
#10 0x62cd571ea363 &lt;unknown&gt;
#11 0x62cd571b6d63 &lt;unknown&gt;
#12 0x62cd571b79c1 &lt;unknown&gt;
#13 0x62cd57685a6b &lt;unknown&gt;
#14 0x62cd57689951 &lt;unknown&gt;
#15 0x62cd5766db62 &lt;unknown&gt;
#16 0x62cd5768a4c4 &lt;unknown&gt;
#17 0x62cd5765213f &lt;unknown&gt;
#18 0x62cd576ae6f8 &lt;unknown&gt;
#19 0x62cd576ae8d6 &lt;unknown&gt;
#20 0x62cd576bf5a6 &lt;unknown&gt;
#21 0x79efcc294ac3 &lt;unknown&gt;
</status>
</kw>
<kw name="Sleep" owner="BuiltIn">
<arg>2s</arg>
<doc>Pauses the test executed for the given time.</doc>
<status status="NOT RUN" start="2025-04-29T11:46:28.896794" elapsed="0.000052"/>
</kw>
<doc>Saves the document and verifies the download was triggered</doc>
<status status="FAIL" start="2025-04-29T11:46:28.713374" elapsed="0.183599">InvalidSelectorException: Message: invalid selector: An invalid or illegal selector was specified
  (Session info: chrome=135.0.7049.114); For documentation on this error, please visit: https://www.selenium.dev/documentation/webdriver/troubleshooting/errors#invalid-selector-exception
Stacktrace:
#0 0x62cd576c075a &lt;unknown&gt;
#1 0x62cd571734b0 &lt;unknown&gt;
#2 0x62cd5717a0b6 &lt;unknown&gt;
#3 0x62cd5717c928 &lt;unknown&gt;
#4 0x62cd5717c9b3 &lt;unknown&gt;
#5 0x62cd571c43e5 &lt;unknown&gt;
#6 0x62cd571c4ba1 &lt;unknown&gt;
#7 0x62cd57213231 &lt;unknown&gt;
#8 0x62cd571ea5bd &lt;unknown&gt;
#9 0x62cd572105e0 &lt;unknown&gt;
#10 0x62cd571ea363 &lt;unknown&gt;
#11 0x62cd571b6d63 &lt;unknown&gt;
#12 0x62cd571b79c1 &lt;unknown&gt;
#13 0x62cd57685a6b &lt;unknown&gt;
#14 0x62cd57689951 &lt;unknown&gt;
#15 0x62cd5766db62 &lt;unknown&gt;
#16 0x62cd5768a4c4 &lt;unknown&gt;
#17 0x62cd5765213f &lt;unknown&gt;
#18 0x62cd576ae6f8 &lt;unknown&gt;
#19 0x62cd576ae8d6 &lt;unknown&gt;
#20 0x62cd576bf5a6 &lt;unknown&gt;
#21 0x79efcc294ac3 &lt;unknown&gt;
</status>
</kw>
<arg>${test_data.text_editor.test_document.filename}</arg>
<arg>${test_data.text_editor.test_document.content}</arg>
<status status="FAIL" start="2025-04-29T11:46:28.544405" elapsed="0.352788">InvalidSelectorException: Message: invalid selector: An invalid or illegal selector was specified
  (Session info: chrome=135.0.7049.114); For documentation on this error, please visit: https://www.selenium.dev/documentation/webdriver/troubleshooting/errors#invalid-selector-exception
Stacktrace:
#0 0x62cd576c075a &lt;unknown&gt;
#1 0x62cd571734b0 &lt;unknown&gt;
#2 0x62cd5717a0b6 &lt;unknown&gt;
#3 0x62cd5717c928 &lt;unknown&gt;
#4 0x62cd5717c9b3 &lt;unknown&gt;
#5 0x62cd571c43e5 &lt;unknown&gt;
#6 0x62cd571c4ba1 &lt;unknown&gt;
#7 0x62cd57213231 &lt;unknown&gt;
#8 0x62cd571ea5bd &lt;unknown&gt;
#9 0x62cd572105e0 &lt;unknown&gt;
#10 0x62cd571ea363 &lt;unknown&gt;
#11 0x62cd571b6d63 &lt;unknown&gt;
#12 0x62cd571b79c1 &lt;unknown&gt;
#13 0x62cd57685a6b &lt;unknown&gt;
#14 0x62cd57689951 &lt;unknown&gt;
#15 0x62cd5766db62 &lt;unknown&gt;
#16 0x62cd5768a4c4 &lt;unknown&gt;
#17 0x62cd5765213f &lt;unknown&gt;
#18 0x62cd576ae6f8 &lt;unknown&gt;
#19 0x62cd576ae8d6 &lt;unknown&gt;
#20 0x62cd576bf5a6 &lt;unknown&gt;
#21 0x79efcc294ac3 &lt;unknown&gt;
</status>
</kw>
<kw name="Verify File Name Is" owner="text_editor_keywords">
<arg>${test_data.text_editor.test_document.filename}</arg>
<status status="NOT RUN" start="2025-04-29T11:46:28.897493" elapsed="0.000051"/>
</kw>
<kw name="Verify Content Is" owner="text_editor_keywords">
<arg>${test_data.text_editor.test_document.content}</arg>
<status status="NOT RUN" start="2025-04-29T11:46:28.897738" elapsed="0.000039"/>
</kw>
<kw name="Close Text Editor Application" owner="text_editor_keywords" type="TEARDOWN">
<kw name="Close Browser" owner="SeleniumLibrary">
<doc>Closes the current browser.</doc>
<status status="PASS" start="2025-04-29T11:46:28.898414" elapsed="0.055708"/>
</kw>
<status status="PASS" start="2025-04-29T11:46:28.898086" elapsed="0.056179"/>
</kw>
<doc>Test creating and saving a new document</doc>
<status status="FAIL" start="2025-04-29T11:46:27.704433" elapsed="1.249946">InvalidSelectorException: Message: invalid selector: An invalid or illegal selector was specified
  (Session info: chrome=135.0.7049.114); For documentation on this error, please visit: https://www.selenium.dev/documentation/webdriver/troubleshooting/errors#invalid-selector-exception
Stacktrace:
#0 0x62cd576c075a &lt;unknown&gt;
#1 0x62cd571734b0 &lt;unknown&gt;
#2 0x62cd5717a0b6 &lt;unknown&gt;
#3 0x62cd5717c928 &lt;unknown&gt;
#4 0x62cd5717c9b3 &lt;unknown&gt;
#5 0x62cd571c43e5 &lt;unknown&gt;
#6 0x62cd571c4ba1 &lt;unknown&gt;
#7 0x62cd57213231 &lt;unknown&gt;
#8 0x62cd571ea5bd &lt;unknown&gt;
#9 0x62cd572105e0 &lt;unknown&gt;
#10 0x62cd571ea363 &lt;unknown&gt;
#11 0x62cd571b6d63 &lt;unknown&gt;
#12 0x62cd571b79c1 &lt;unknown&gt;
#13 0x62cd57685a6b &lt;unknown&gt;
#14 0x62cd57689951 &lt;unknown&gt;
#15 0x62cd5766db62 &lt;unknown&gt;
#16 0x62cd5768a4c4 &lt;unknown&gt;
#17 0x62cd5765213f &lt;unknown&gt;
#18 0x62cd576ae6f8 &lt;unknown&gt;
#19 0x62cd576ae8d6 &lt;unknown&gt;
#20 0x62cd576bf5a6 &lt;unknown&gt;
#21 0x79efcc294ac3 &lt;unknown&gt;
</status>
</test>
<test id="s1-t2" name="Edit Existing Document" line="15">
<kw name="Open Text Editor" owner="text_editor_keywords" type="SETUP">
<kw name="Open Browser" owner="SeleniumLibrary">
<msg time="2025-04-29T11:46:28.955768" level="INFO">Opening browser 'chrome' to base url 'http://localhost:3000'.</msg>
<arg>${app.url}</arg>
<arg>chrome</arg>
<doc>Opens a new browser instance to the optional ``url``.</doc>
<status status="PASS" start="2025-04-29T11:46:28.955336" elapsed="0.704965"/>
</kw>
<kw name="Click Element" owner="SeleniumLibrary">
<msg time="2025-04-29T11:46:29.661389" level="INFO">Clicking element 'xpath=//button[contains(text(), 'Text Editor')]'.</msg>
<arg>${selectors.header.text_editor_button}</arg>
<doc>Click the element identified by ``locator``.</doc>
<status status="PASS" start="2025-04-29T11:46:29.660606" elapsed="0.101388"/>
</kw>
<kw name="Wait Until Page Contains Element" owner="SeleniumLibrary">
<arg>${selectors.text_editor.filename_input}</arg>
<arg>${timeouts.page_load}</arg>
<doc>Waits until the element ``locator`` appears on the current page.</doc>
<status status="PASS" start="2025-04-29T11:46:29.762226" elapsed="0.008096"/>
</kw>
<kw name="Log" owner="BuiltIn">
<msg time="2025-04-29T11:46:29.770740" level="INFO">Opened Text Editor</msg>
<arg>Opened Text Editor</arg>
<doc>Logs the given message with the given level.</doc>
<status status="PASS" start="2025-04-29T11:46:29.770556" elapsed="0.000237"/>
</kw>
<status status="PASS" start="2025-04-29T11:46:28.955086" elapsed="0.815781"/>
</kw>
<kw name="Create And Save Document" owner="text_editor_keywords">
<kw name="Set File Name" owner="text_editor_keywords">
<kw name="Input Text" owner="SeleniumLibrary">
<msg time="2025-04-29T11:46:29.772758" level="INFO">Typing text 'editable_document.txt' into text field 'css=input[type='text']'.</msg>
<arg>${selectors.text_editor.filename_input}</arg>
<arg>${filename}</arg>
<doc>Types the given ``text`` into the text field identified by ``locator``.</doc>
<status status="PASS" start="2025-04-29T11:46:29.772356" elapsed="0.086380"/>
</kw>
<arg>${filename}</arg>
<status status="PASS" start="2025-04-29T11:46:29.772066" elapsed="0.086894"/>
</kw>
<kw name="Set Content" owner="text_editor_keywords">
<kw name="Input Text" owner="SeleniumLibrary">
<msg time="2025-04-29T11:46:29.860175" level="INFO">Typing text 'Initial content' into text field 'css=textarea'.</msg>
<arg>${selectors.text_editor.content_textarea}</arg>
<arg>${content}</arg>
<doc>Types the given ``text`` into the text field identified by ``locator``.</doc>
<status status="PASS" start="2025-04-29T11:46:29.859644" elapsed="0.063605"/>
</kw>
<arg>${content}</arg>
<status status="PASS" start="2025-04-29T11:46:29.859255" elapsed="0.064205"/>
</kw>
<kw name="Save Document" owner="text_editor_keywords">
<kw name="Get Editor Content" owner="text_editor_keywords">
<kw name="Get Value" owner="SeleniumLibrary">
<msg time="2025-04-29T11:46:29.934571" level="INFO">${content} = Initial content</msg>
<var>${content}</var>
<arg>${selectors.text_editor.content_textarea}</arg>
<doc>Returns the value attribute of the element identified by ``locator``.</doc>
<status status="PASS" start="2025-04-29T11:46:29.924590" elapsed="0.010039"/>
</kw>
<return>
<value>${content}</value>
<status status="PASS" start="2025-04-29T11:46:29.934730" elapsed="0.000055"/>
</return>
<msg time="2025-04-29T11:46:29.934929" level="INFO">${content} = Initial content</msg>
<var>${content}</var>
<status status="PASS" start="2025-04-29T11:46:29.924273" elapsed="0.010679"/>
</kw>
<kw name="Get File Name" owner="text_editor_keywords">
<kw name="Get Value" owner="SeleniumLibrary">
<msg time="2025-04-29T11:46:29.944474" level="INFO">${filename} = editable_document.txt</msg>
<var>${filename}</var>
<arg>${selectors.text_editor.filename_input}</arg>
<doc>Returns the value attribute of the element identified by ``locator``.</doc>
<status status="PASS" start="2025-04-29T11:46:29.935393" elapsed="0.009131"/>
</kw>
<return>
<value>${filename}</value>
<status status="PASS" start="2025-04-29T11:46:29.944671" elapsed="0.000081"/>
</return>
<msg time="2025-04-29T11:46:29.944953" level="INFO">${filename} = editable_document.txt</msg>
<var>${filename}</var>
<status status="PASS" start="2025-04-29T11:46:29.935119" elapsed="0.009865"/>
</kw>
<kw name="Click Button" owner="SeleniumLibrary">
<msg time="2025-04-29T11:46:29.945608" level="INFO">Clicking button 'xpath=//button[contains(., 'Save')]'.</msg>
<arg>${selectors.text_editor.save_button}</arg>
<doc>Clicks the button identified by ``locator``.</doc>
<status status="PASS" start="2025-04-29T11:46:29.945138" elapsed="0.055984"/>
</kw>
<kw name="Wait Until Element Is Visible" owner="SeleniumLibrary">
<msg time="2025-04-29T11:46:30.141950" level="INFO" html="true">&lt;/td&gt;&lt;/tr&gt;&lt;tr&gt;&lt;td colspan="3"&gt;&lt;a href="selenium-screenshot-12.png"&gt;&lt;img src="selenium-screenshot-12.png" width="800px"&gt;&lt;/a&gt;</msg>
<msg time="2025-04-29T11:46:30.142120" level="FAIL">InvalidSelectorException: Message: invalid selector: An invalid or illegal selector was specified
  (Session info: chrome=135.0.7049.114); For documentation on this error, please visit: https://www.selenium.dev/documentation/webdriver/troubleshooting/errors#invalid-selector-exception
Stacktrace:
#0 0x5975529d975a &lt;unknown&gt;
#1 0x59755248c4b0 &lt;unknown&gt;
#2 0x5975524930b6 &lt;unknown&gt;
#3 0x597552495928 &lt;unknown&gt;
#4 0x5975524959b3 &lt;unknown&gt;
#5 0x5975524dd3e5 &lt;unknown&gt;
#6 0x5975524ddba1 &lt;unknown&gt;
#7 0x59755252c231 &lt;unknown&gt;
#8 0x5975525035bd &lt;unknown&gt;
#9 0x5975525295e0 &lt;unknown&gt;
#10 0x597552503363 &lt;unknown&gt;
#11 0x5975524cfd63 &lt;unknown&gt;
#12 0x5975524d09c1 &lt;unknown&gt;
#13 0x59755299ea6b &lt;unknown&gt;
#14 0x5975529a2951 &lt;unknown&gt;
#15 0x597552986b62 &lt;unknown&gt;
#16 0x5975529a34c4 &lt;unknown&gt;
#17 0x59755296b13f &lt;unknown&gt;
#18 0x5975529c76f8 &lt;unknown&gt;
#19 0x5975529c78d6 &lt;unknown&gt;
#20 0x5975529d85a6 &lt;unknown&gt;
#21 0x79a93de94ac3 &lt;unknown&gt;
</msg>
<arg>${selectors.text_editor.save_success_message}</arg>
<arg>${timeouts.element_visible}</arg>
<doc>Waits until the element ``locator`` is visible.</doc>
<status status="FAIL" start="2025-04-29T11:46:30.001418" elapsed="0.140888">InvalidSelectorException: Message: invalid selector: An invalid or illegal selector was specified
  (Session info: chrome=135.0.7049.114); For documentation on this error, please visit: https://www.selenium.dev/documentation/webdriver/troubleshooting/errors#invalid-selector-exception
Stacktrace:
#0 0x5975529d975a &lt;unknown&gt;
#1 0x59755248c4b0 &lt;unknown&gt;
#2 0x5975524930b6 &lt;unknown&gt;
#3 0x597552495928 &lt;unknown&gt;
#4 0x5975524959b3 &lt;unknown&gt;
#5 0x5975524dd3e5 &lt;unknown&gt;
#6 0x5975524ddba1 &lt;unknown&gt;
#7 0x59755252c231 &lt;unknown&gt;
#8 0x5975525035bd &lt;unknown&gt;
#9 0x5975525295e0 &lt;unknown&gt;
#10 0x597552503363 &lt;unknown&gt;
#11 0x5975524cfd63 &lt;unknown&gt;
#12 0x5975524d09c1 &lt;unknown&gt;
#13 0x59755299ea6b &lt;unknown&gt;
#14 0x5975529a2951 &lt;unknown&gt;
#15 0x597552986b62 &lt;unknown&gt;
#16 0x5975529a34c4 &lt;unknown&gt;
#17 0x59755296b13f &lt;unknown&gt;
#18 0x5975529c76f8 &lt;unknown&gt;
#19 0x5975529c78d6 &lt;unknown&gt;
#20 0x5975529d85a6 &lt;unknown&gt;
#21 0x79a93de94ac3 &lt;unknown&gt;
</status>
</kw>
<kw name="Sleep" owner="BuiltIn">
<arg>2s</arg>
<doc>Pauses the test executed for the given time.</doc>
<status status="NOT RUN" start="2025-04-29T11:46:30.142516" elapsed="0.000035"/>
</kw>
<doc>Saves the document and verifies the download was triggered</doc>
<status status="FAIL" start="2025-04-29T11:46:29.923788" elapsed="0.218869">InvalidSelectorException: Message: invalid selector: An invalid or illegal selector was specified
  (Session info: chrome=135.0.7049.114); For documentation on this error, please visit: https://www.selenium.dev/documentation/webdriver/troubleshooting/errors#invalid-selector-exception
Stacktrace:
#0 0x5975529d975a &lt;unknown&gt;
#1 0x59755248c4b0 &lt;unknown&gt;
#2 0x5975524930b6 &lt;unknown&gt;
#3 0x597552495928 &lt;unknown&gt;
#4 0x5975524959b3 &lt;unknown&gt;
#5 0x5975524dd3e5 &lt;unknown&gt;
#6 0x5975524ddba1 &lt;unknown&gt;
#7 0x59755252c231 &lt;unknown&gt;
#8 0x5975525035bd &lt;unknown&gt;
#9 0x5975525295e0 &lt;unknown&gt;
#10 0x597552503363 &lt;unknown&gt;
#11 0x5975524cfd63 &lt;unknown&gt;
#12 0x5975524d09c1 &lt;unknown&gt;
#13 0x59755299ea6b &lt;unknown&gt;
#14 0x5975529a2951 &lt;unknown&gt;
#15 0x597552986b62 &lt;unknown&gt;
#16 0x5975529a34c4 &lt;unknown&gt;
#17 0x59755296b13f &lt;unknown&gt;
#18 0x5975529c76f8 &lt;unknown&gt;
#19 0x5975529c78d6 &lt;unknown&gt;
#20 0x5975529d85a6 &lt;unknown&gt;
#21 0x79a93de94ac3 &lt;unknown&gt;
</status>
</kw>
<arg>${test_data.text_editor.editable_document.filename}</arg>
<arg>${test_data.text_editor.editable_document.initial_content}</arg>
<status status="FAIL" start="2025-04-29T11:46:29.771073" elapsed="0.371682">InvalidSelectorException: Message: invalid selector: An invalid or illegal selector was specified
  (Session info: chrome=135.0.7049.114); For documentation on this error, please visit: https://www.selenium.dev/documentation/webdriver/troubleshooting/errors#invalid-selector-exception
Stacktrace:
#0 0x5975529d975a &lt;unknown&gt;
#1 0x59755248c4b0 &lt;unknown&gt;
#2 0x5975524930b6 &lt;unknown&gt;
#3 0x597552495928 &lt;unknown&gt;
#4 0x5975524959b3 &lt;unknown&gt;
#5 0x5975524dd3e5 &lt;unknown&gt;
#6 0x5975524ddba1 &lt;unknown&gt;
#7 0x59755252c231 &lt;unknown&gt;
#8 0x5975525035bd &lt;unknown&gt;
#9 0x5975525295e0 &lt;unknown&gt;
#10 0x597552503363 &lt;unknown&gt;
#11 0x5975524cfd63 &lt;unknown&gt;
#12 0x5975524d09c1 &lt;unknown&gt;
#13 0x59755299ea6b &lt;unknown&gt;
#14 0x5975529a2951 &lt;unknown&gt;
#15 0x597552986b62 &lt;unknown&gt;
#16 0x5975529a34c4 &lt;unknown&gt;
#17 0x59755296b13f &lt;unknown&gt;
#18 0x5975529c76f8 &lt;unknown&gt;
#19 0x5975529c78d6 &lt;unknown&gt;
#20 0x5975529d85a6 &lt;unknown&gt;
#21 0x79a93de94ac3 &lt;unknown&gt;
</status>
</kw>
<kw name="Set Content" owner="text_editor_keywords">
<arg>${test_data.text_editor.editable_document.updated_content}</arg>
<status status="NOT RUN" start="2025-04-29T11:46:30.142962" elapsed="0.000033"/>
</kw>
<kw name="Save Document" owner="text_editor_keywords">
<doc>Saves the document and verifies the download was triggered</doc>
<status status="NOT RUN" start="2025-04-29T11:46:30.143193" elapsed="0.000034"/>
</kw>
<kw name="Verify Content Is" owner="text_editor_keywords">
<arg>${test_data.text_editor.editable_document.updated_content}</arg>
<status status="NOT RUN" start="2025-04-29T11:46:30.143343" elapsed="0.000023"/>
</kw>
<kw name="Close Text Editor Application" owner="text_editor_keywords" type="TEARDOWN">
<kw name="Close Browser" owner="SeleniumLibrary">
<doc>Closes the current browser.</doc>
<status status="PASS" start="2025-04-29T11:46:30.143832" elapsed="0.057644"/>
</kw>
<status status="PASS" start="2025-04-29T11:46:30.143579" elapsed="0.058030"/>
</kw>
<doc>Test editing an existing document</doc>
<status status="FAIL" start="2025-04-29T11:46:28.954697" elapsed="1.247013">InvalidSelectorException: Message: invalid selector: An invalid or illegal selector was specified
  (Session info: chrome=135.0.7049.114); For documentation on this error, please visit: https://www.selenium.dev/documentation/webdriver/troubleshooting/errors#invalid-selector-exception
Stacktrace:
#0 0x5975529d975a &lt;unknown&gt;
#1 0x59755248c4b0 &lt;unknown&gt;
#2 0x5975524930b6 &lt;unknown&gt;
#3 0x597552495928 &lt;unknown&gt;
#4 0x5975524959b3 &lt;unknown&gt;
#5 0x5975524dd3e5 &lt;unknown&gt;
#6 0x5975524ddba1 &lt;unknown&gt;
#7 0x59755252c231 &lt;unknown&gt;
#8 0x5975525035bd &lt;unknown&gt;
#9 0x5975525295e0 &lt;unknown&gt;
#10 0x597552503363 &lt;unknown&gt;
#11 0x5975524cfd63 &lt;unknown&gt;
#12 0x5975524d09c1 &lt;unknown&gt;
#13 0x59755299ea6b &lt;unknown&gt;
#14 0x5975529a2951 &lt;unknown&gt;
#15 0x597552986b62 &lt;unknown&gt;
#16 0x5975529a34c4 &lt;unknown&gt;
#17 0x59755296b13f &lt;unknown&gt;
#18 0x5975529c76f8 &lt;unknown&gt;
#19 0x5975529c78d6 &lt;unknown&gt;
#20 0x5975529d85a6 &lt;unknown&gt;
#21 0x79a93de94ac3 &lt;unknown&gt;
</status>
</test>
<test id="s1-t3" name="Clear Editor Content" line="22">
<kw name="Open Text Editor" owner="text_editor_keywords" type="SETUP">
<kw name="Open Browser" owner="SeleniumLibrary">
<msg time="2025-04-29T11:46:30.203794" level="INFO">Opening browser 'chrome' to base url 'http://localhost:3000'.</msg>
<arg>${app.url}</arg>
<arg>chrome</arg>
<doc>Opens a new browser instance to the optional ``url``.</doc>
<status status="PASS" start="2025-04-29T11:46:30.202991" elapsed="0.726345"/>
</kw>
<kw name="Click Element" owner="SeleniumLibrary">
<msg time="2025-04-29T11:46:30.930026" level="INFO">Clicking element 'xpath=//button[contains(text(), 'Text Editor')]'.</msg>
<arg>${selectors.header.text_editor_button}</arg>
<doc>Click the element identified by ``locator``.</doc>
<status status="PASS" start="2025-04-29T11:46:30.929544" elapsed="0.113503"/>
</kw>
<kw name="Wait Until Page Contains Element" owner="SeleniumLibrary">
<arg>${selectors.text_editor.filename_input}</arg>
<arg>${timeouts.page_load}</arg>
<doc>Waits until the element ``locator`` appears on the current page.</doc>
<status status="PASS" start="2025-04-29T11:46:31.043248" elapsed="0.007793"/>
</kw>
<kw name="Log" owner="BuiltIn">
<msg time="2025-04-29T11:46:31.051391" level="INFO">Opened Text Editor</msg>
<arg>Opened Text Editor</arg>
<doc>Logs the given message with the given level.</doc>
<status status="PASS" start="2025-04-29T11:46:31.051240" elapsed="0.000198"/>
</kw>
<status status="PASS" start="2025-04-29T11:46:30.202642" elapsed="0.848862"/>
</kw>
<kw name="Set Content" owner="text_editor_keywords">
<kw name="Input Text" owner="SeleniumLibrary">
<msg time="2025-04-29T11:46:31.052498" level="INFO">Typing text 'Some test content' into text field 'css=textarea'.</msg>
<arg>${selectors.text_editor.content_textarea}</arg>
<arg>${content}</arg>
<doc>Types the given ``text`` into the text field identified by ``locator``.</doc>
<status status="PASS" start="2025-04-29T11:46:31.051959" elapsed="0.079145"/>
</kw>
<arg>Some test content</arg>
<status status="PASS" start="2025-04-29T11:46:31.051696" elapsed="0.079536"/>
</kw>
<kw name="Clear Editor" owner="text_editor_keywords">
<kw name="Click Button" owner="SeleniumLibrary">
<msg time="2025-04-29T11:46:31.132194" level="INFO">Clicking button 'xpath=//button[contains(., 'Clear')]'.</msg>
<arg>${selectors.text_editor.clear_button}</arg>
<doc>Clicks the button identified by ``locator``.</doc>
<status status="PASS" start="2025-04-29T11:46:31.131751" elapsed="0.052204"/>
</kw>
<kw name="Wait Until Element Is Visible" owner="SeleniumLibrary">
<msg time="2025-04-29T11:46:31.250908" level="INFO" html="true">&lt;/td&gt;&lt;/tr&gt;&lt;tr&gt;&lt;td colspan="3"&gt;&lt;a href="selenium-screenshot-13.png"&gt;&lt;img src="selenium-screenshot-13.png" width="800px"&gt;&lt;/a&gt;</msg>
<msg time="2025-04-29T11:46:31.251102" level="FAIL">InvalidSelectorException: Message: invalid selector: An invalid or illegal selector was specified
  (Session info: chrome=135.0.7049.114); For documentation on this error, please visit: https://www.selenium.dev/documentation/webdriver/troubleshooting/errors#invalid-selector-exception
Stacktrace:
#0 0x59f45484275a &lt;unknown&gt;
#1 0x59f4542f54b0 &lt;unknown&gt;
#2 0x59f4542fc0b6 &lt;unknown&gt;
#3 0x59f4542fe928 &lt;unknown&gt;
#4 0x59f4542fe9b3 &lt;unknown&gt;
#5 0x59f4543463e5 &lt;unknown&gt;
#6 0x59f454346ba1 &lt;unknown&gt;
#7 0x59f454395231 &lt;unknown&gt;
#8 0x59f45436c5bd &lt;unknown&gt;
#9 0x59f4543925e0 &lt;unknown&gt;
#10 0x59f45436c363 &lt;unknown&gt;
#11 0x59f454338d63 &lt;unknown&gt;
#12 0x59f4543399c1 &lt;unknown&gt;
#13 0x59f454807a6b &lt;unknown&gt;
#14 0x59f45480b951 &lt;unknown&gt;
#15 0x59f4547efb62 &lt;unknown&gt;
#16 0x59f45480c4c4 &lt;unknown&gt;
#17 0x59f4547d413f &lt;unknown&gt;
#18 0x59f4548306f8 &lt;unknown&gt;
#19 0x59f4548308d6 &lt;unknown&gt;
#20 0x59f4548415a6 &lt;unknown&gt;
#21 0x796408a94ac3 &lt;unknown&gt;
</msg>
<arg>${selectors.text_editor.clear_success_message}</arg>
<arg>${timeouts.element_visible}</arg>
<doc>Waits until the element ``locator`` is visible.</doc>
<status status="FAIL" start="2025-04-29T11:46:31.184270" elapsed="0.067007">InvalidSelectorException: Message: invalid selector: An invalid or illegal selector was specified
  (Session info: chrome=135.0.7049.114); For documentation on this error, please visit: https://www.selenium.dev/documentation/webdriver/troubleshooting/errors#invalid-selector-exception
Stacktrace:
#0 0x59f45484275a &lt;unknown&gt;
#1 0x59f4542f54b0 &lt;unknown&gt;
#2 0x59f4542fc0b6 &lt;unknown&gt;
#3 0x59f4542fe928 &lt;unknown&gt;
#4 0x59f4542fe9b3 &lt;unknown&gt;
#5 0x59f4543463e5 &lt;unknown&gt;
#6 0x59f454346ba1 &lt;unknown&gt;
#7 0x59f454395231 &lt;unknown&gt;
#8 0x59f45436c5bd &lt;unknown&gt;
#9 0x59f4543925e0 &lt;unknown&gt;
#10 0x59f45436c363 &lt;unknown&gt;
#11 0x59f454338d63 &lt;unknown&gt;
#12 0x59f4543399c1 &lt;unknown&gt;
#13 0x59f454807a6b &lt;unknown&gt;
#14 0x59f45480b951 &lt;unknown&gt;
#15 0x59f4547efb62 &lt;unknown&gt;
#16 0x59f45480c4c4 &lt;unknown&gt;
#17 0x59f4547d413f &lt;unknown&gt;
#18 0x59f4548306f8 &lt;unknown&gt;
#19 0x59f4548308d6 &lt;unknown&gt;
#20 0x59f4548415a6 &lt;unknown&gt;
#21 0x796408a94ac3 &lt;unknown&gt;
</status>
</kw>
<doc>Clears the editor content</doc>
<status status="FAIL" start="2025-04-29T11:46:31.131462" elapsed="0.119965">InvalidSelectorException: Message: invalid selector: An invalid or illegal selector was specified
  (Session info: chrome=135.0.7049.114); For documentation on this error, please visit: https://www.selenium.dev/documentation/webdriver/troubleshooting/errors#invalid-selector-exception
Stacktrace:
#0 0x59f45484275a &lt;unknown&gt;
#1 0x59f4542f54b0 &lt;unknown&gt;
#2 0x59f4542fc0b6 &lt;unknown&gt;
#3 0x59f4542fe928 &lt;unknown&gt;
#4 0x59f4542fe9b3 &lt;unknown&gt;
#5 0x59f4543463e5 &lt;unknown&gt;
#6 0x59f454346ba1 &lt;unknown&gt;
#7 0x59f454395231 &lt;unknown&gt;
#8 0x59f45436c5bd &lt;unknown&gt;
#9 0x59f4543925e0 &lt;unknown&gt;
#10 0x59f45436c363 &lt;unknown&gt;
#11 0x59f454338d63 &lt;unknown&gt;
#12 0x59f4543399c1 &lt;unknown&gt;
#13 0x59f454807a6b &lt;unknown&gt;
#14 0x59f45480b951 &lt;unknown&gt;
#15 0x59f4547efb62 &lt;unknown&gt;
#16 0x59f45480c4c4 &lt;unknown&gt;
#17 0x59f4547d413f &lt;unknown&gt;
#18 0x59f4548306f8 &lt;unknown&gt;
#19 0x59f4548308d6 &lt;unknown&gt;
#20 0x59f4548415a6 &lt;unknown&gt;
#21 0x796408a94ac3 &lt;unknown&gt;
</status>
</kw>
<kw name="Verify Editor Is Cleared" owner="text_editor_keywords">
<status status="NOT RUN" start="2025-04-29T11:46:31.251695" elapsed="0.000056"/>
</kw>
<kw name="Close Text Editor Application" owner="text_editor_keywords" type="TEARDOWN">
<kw name="Close Browser" owner="SeleniumLibrary">
<doc>Closes the current browser.</doc>
<status status="PASS" start="2025-04-29T11:46:31.252233" elapsed="0.056870"/>
</kw>
<status status="PASS" start="2025-04-29T11:46:31.251986" elapsed="0.057257"/>
</kw>
<doc>Test clearing the editor content</doc>
<status status="FAIL" start="2025-04-29T11:46:30.202148" elapsed="1.107195">InvalidSelectorException: Message: invalid selector: An invalid or illegal selector was specified
  (Session info: chrome=135.0.7049.114); For documentation on this error, please visit: https://www.selenium.dev/documentation/webdriver/troubleshooting/errors#invalid-selector-exception
Stacktrace:
#0 0x59f45484275a &lt;unknown&gt;
#1 0x59f4542f54b0 &lt;unknown&gt;
#2 0x59f4542fc0b6 &lt;unknown&gt;
#3 0x59f4542fe928 &lt;unknown&gt;
#4 0x59f4542fe9b3 &lt;unknown&gt;
#5 0x59f4543463e5 &lt;unknown&gt;
#6 0x59f454346ba1 &lt;unknown&gt;
#7 0x59f454395231 &lt;unknown&gt;
#8 0x59f45436c5bd &lt;unknown&gt;
#9 0x59f4543925e0 &lt;unknown&gt;
#10 0x59f45436c363 &lt;unknown&gt;
#11 0x59f454338d63 &lt;unknown&gt;
#12 0x59f4543399c1 &lt;unknown&gt;
#13 0x59f454807a6b &lt;unknown&gt;
#14 0x59f45480b951 &lt;unknown&gt;
#15 0x59f4547efb62 &lt;unknown&gt;
#16 0x59f45480c4c4 &lt;unknown&gt;
#17 0x59f4547d413f &lt;unknown&gt;
#18 0x59f4548306f8 &lt;unknown&gt;
#19 0x59f4548308d6 &lt;unknown&gt;
#20 0x59f4548415a6 &lt;unknown&gt;
#21 0x796408a94ac3 &lt;unknown&gt;
</status>
</test>
<test id="s1-t4" name="Clear Empty Editor" line="28">
<kw name="Open Text Editor" owner="text_editor_keywords" type="SETUP">
<kw name="Open Browser" owner="SeleniumLibrary">
<msg time="2025-04-29T11:46:31.310776" level="INFO">Opening browser 'chrome' to base url 'http://localhost:3000'.</msg>
<arg>${app.url}</arg>
<arg>chrome</arg>
<doc>Opens a new browser instance to the optional ``url``.</doc>
<status status="PASS" start="2025-04-29T11:46:31.310342" elapsed="0.775027"/>
</kw>
<kw name="Click Element" owner="SeleniumLibrary">
<msg time="2025-04-29T11:46:32.086397" level="INFO">Clicking element 'xpath=//button[contains(text(), 'Text Editor')]'.</msg>
<arg>${selectors.header.text_editor_button}</arg>
<doc>Click the element identified by ``locator``.</doc>
<status status="PASS" start="2025-04-29T11:46:32.085611" elapsed="0.135604"/>
</kw>
<kw name="Wait Until Page Contains Element" owner="SeleniumLibrary">
<arg>${selectors.text_editor.filename_input}</arg>
<arg>${timeouts.page_load}</arg>
<doc>Waits until the element ``locator`` appears on the current page.</doc>
<status status="PASS" start="2025-04-29T11:46:32.221451" elapsed="0.007978"/>
</kw>
<kw name="Log" owner="BuiltIn">
<msg time="2025-04-29T11:46:32.229784" level="INFO">Opened Text Editor</msg>
<arg>Opened Text Editor</arg>
<doc>Logs the given message with the given level.</doc>
<status status="PASS" start="2025-04-29T11:46:32.229626" elapsed="0.000211"/>
</kw>
<status status="PASS" start="2025-04-29T11:46:31.310085" elapsed="0.919823"/>
</kw>
<kw name="Clear Editor" owner="text_editor_keywords">
<kw name="Click Button" owner="SeleniumLibrary">
<msg time="2025-04-29T11:46:32.230922" level="INFO">Clicking button 'xpath=//button[contains(., 'Clear')]'.</msg>
<arg>${selectors.text_editor.clear_button}</arg>
<doc>Clicks the button identified by ``locator``.</doc>
<status status="PASS" start="2025-04-29T11:46:32.230445" elapsed="0.052140"/>
</kw>
<kw name="Wait Until Element Is Visible" owner="SeleniumLibrary">
<msg time="2025-04-29T11:46:32.367066" level="INFO" html="true">&lt;/td&gt;&lt;/tr&gt;&lt;tr&gt;&lt;td colspan="3"&gt;&lt;a href="selenium-screenshot-14.png"&gt;&lt;img src="selenium-screenshot-14.png" width="800px"&gt;&lt;/a&gt;</msg>
<msg time="2025-04-29T11:46:32.367245" level="FAIL">InvalidSelectorException: Message: invalid selector: An invalid or illegal selector was specified
  (Session info: chrome=135.0.7049.114); For documentation on this error, please visit: https://www.selenium.dev/documentation/webdriver/troubleshooting/errors#invalid-selector-exception
Stacktrace:
#0 0x59478274575a &lt;unknown&gt;
#1 0x5947821f84b0 &lt;unknown&gt;
#2 0x5947821ff0b6 &lt;unknown&gt;
#3 0x594782201928 &lt;unknown&gt;
#4 0x5947822019b3 &lt;unknown&gt;
#5 0x5947822493e5 &lt;unknown&gt;
#6 0x594782249ba1 &lt;unknown&gt;
#7 0x594782298231 &lt;unknown&gt;
#8 0x59478226f5bd &lt;unknown&gt;
#9 0x5947822955e0 &lt;unknown&gt;
#10 0x59478226f363 &lt;unknown&gt;
#11 0x59478223bd63 &lt;unknown&gt;
#12 0x59478223c9c1 &lt;unknown&gt;
#13 0x59478270aa6b &lt;unknown&gt;
#14 0x59478270e951 &lt;unknown&gt;
#15 0x5947826f2b62 &lt;unknown&gt;
#16 0x59478270f4c4 &lt;unknown&gt;
#17 0x5947826d713f &lt;unknown&gt;
#18 0x5947827336f8 &lt;unknown&gt;
#19 0x5947827338d6 &lt;unknown&gt;
#20 0x5947827445a6 &lt;unknown&gt;
#21 0x708a8e694ac3 &lt;unknown&gt;
</msg>
<arg>${selectors.text_editor.clear_success_message}</arg>
<arg>${timeouts.element_visible}</arg>
<doc>Waits until the element ``locator`` is visible.</doc>
<status status="FAIL" start="2025-04-29T11:46:32.282826" elapsed="0.084597">InvalidSelectorException: Message: invalid selector: An invalid or illegal selector was specified
  (Session info: chrome=135.0.7049.114); For documentation on this error, please visit: https://www.selenium.dev/documentation/webdriver/troubleshooting/errors#invalid-selector-exception
Stacktrace:
#0 0x59478274575a &lt;unknown&gt;
#1 0x5947821f84b0 &lt;unknown&gt;
#2 0x5947821ff0b6 &lt;unknown&gt;
#3 0x594782201928 &lt;unknown&gt;
#4 0x5947822019b3 &lt;unknown&gt;
#5 0x5947822493e5 &lt;unknown&gt;
#6 0x594782249ba1 &lt;unknown&gt;
#7 0x594782298231 &lt;unknown&gt;
#8 0x59478226f5bd &lt;unknown&gt;
#9 0x5947822955e0 &lt;unknown&gt;
#10 0x59478226f363 &lt;unknown&gt;
#11 0x59478223bd63 &lt;unknown&gt;
#12 0x59478223c9c1 &lt;unknown&gt;
#13 0x59478270aa6b &lt;unknown&gt;
#14 0x59478270e951 &lt;unknown&gt;
#15 0x5947826f2b62 &lt;unknown&gt;
#16 0x59478270f4c4 &lt;unknown&gt;
#17 0x5947826d713f &lt;unknown&gt;
#18 0x5947827336f8 &lt;unknown&gt;
#19 0x5947827338d6 &lt;unknown&gt;
#20 0x5947827445a6 &lt;unknown&gt;
#21 0x708a8e694ac3 &lt;unknown&gt;
</status>
</kw>
<doc>Clears the editor content</doc>
<status status="FAIL" start="2025-04-29T11:46:32.230167" elapsed="0.137421">InvalidSelectorException: Message: invalid selector: An invalid or illegal selector was specified
  (Session info: chrome=135.0.7049.114); For documentation on this error, please visit: https://www.selenium.dev/documentation/webdriver/troubleshooting/errors#invalid-selector-exception
Stacktrace:
#0 0x59478274575a &lt;unknown&gt;
#1 0x5947821f84b0 &lt;unknown&gt;
#2 0x5947821ff0b6 &lt;unknown&gt;
#3 0x594782201928 &lt;unknown&gt;
#4 0x5947822019b3 &lt;unknown&gt;
#5 0x5947822493e5 &lt;unknown&gt;
#6 0x594782249ba1 &lt;unknown&gt;
#7 0x594782298231 &lt;unknown&gt;
#8 0x59478226f5bd &lt;unknown&gt;
#9 0x5947822955e0 &lt;unknown&gt;
#10 0x59478226f363 &lt;unknown&gt;
#11 0x59478223bd63 &lt;unknown&gt;
#12 0x59478223c9c1 &lt;unknown&gt;
#13 0x59478270aa6b &lt;unknown&gt;
#14 0x59478270e951 &lt;unknown&gt;
#15 0x5947826f2b62 &lt;unknown&gt;
#16 0x59478270f4c4 &lt;unknown&gt;
#17 0x5947826d713f &lt;unknown&gt;
#18 0x5947827336f8 &lt;unknown&gt;
#19 0x5947827338d6 &lt;unknown&gt;
#20 0x5947827445a6 &lt;unknown&gt;
#21 0x708a8e694ac3 &lt;unknown&gt;
</status>
</kw>
<kw name="Verify Editor Is Cleared" owner="text_editor_keywords">
<status status="NOT RUN" start="2025-04-29T11:46:32.367840" elapsed="0.000040"/>
</kw>
<kw name="Close Text Editor Application" owner="text_editor_keywords" type="TEARDOWN">
<kw name="Close Browser" owner="SeleniumLibrary">
<doc>Closes the current browser.</doc>
<status status="PASS" start="2025-04-29T11:46:32.368354" elapsed="0.056944"/>
</kw>
<status status="PASS" start="2025-04-29T11:46:32.368112" elapsed="0.057318"/>
</kw>
<doc>Test clearing an empty editor</doc>
<status status="FAIL" start="2025-04-29T11:46:31.309703" elapsed="1.115821">InvalidSelectorException: Message: invalid selector: An invalid or illegal selector was specified
  (Session info: chrome=135.0.7049.114); For documentation on this error, please visit: https://www.selenium.dev/documentation/webdriver/troubleshooting/errors#invalid-selector-exception
Stacktrace:
#0 0x59478274575a &lt;unknown&gt;
#1 0x5947821f84b0 &lt;unknown&gt;
#2 0x5947821ff0b6 &lt;unknown&gt;
#3 0x594782201928 &lt;unknown&gt;
#4 0x5947822019b3 &lt;unknown&gt;
#5 0x5947822493e5 &lt;unknown&gt;
#6 0x594782249ba1 &lt;unknown&gt;
#7 0x594782298231 &lt;unknown&gt;
#8 0x59478226f5bd &lt;unknown&gt;
#9 0x5947822955e0 &lt;unknown&gt;
#10 0x59478226f363 &lt;unknown&gt;
#11 0x59478223bd63 &lt;unknown&gt;
#12 0x59478223c9c1 &lt;unknown&gt;
#13 0x59478270aa6b &lt;unknown&gt;
#14 0x59478270e951 &lt;unknown&gt;
#15 0x5947826f2b62 &lt;unknown&gt;
#16 0x59478270f4c4 &lt;unknown&gt;
#17 0x5947826d713f &lt;unknown&gt;
#18 0x5947827336f8 &lt;unknown&gt;
#19 0x5947827338d6 &lt;unknown&gt;
#20 0x5947827445a6 &lt;unknown&gt;
#21 0x708a8e694ac3 &lt;unknown&gt;
</status>
</test>
<test id="s1-t5" name="Clear And Save Document" line="33">
<kw name="Open Text Editor" owner="text_editor_keywords" type="SETUP">
<kw name="Open Browser" owner="SeleniumLibrary">
<msg time="2025-04-29T11:46:32.427010" level="INFO">Opening browser 'chrome' to base url 'http://localhost:3000'.</msg>
<arg>${app.url}</arg>
<arg>chrome</arg>
<doc>Opens a new browser instance to the optional ``url``.</doc>
<status status="PASS" start="2025-04-29T11:46:32.426565" elapsed="0.749235"/>
</kw>
<kw name="Click Element" owner="SeleniumLibrary">
<msg time="2025-04-29T11:46:33.176529" level="INFO">Clicking element 'xpath=//button[contains(text(), 'Text Editor')]'.</msg>
<arg>${selectors.header.text_editor_button}</arg>
<doc>Click the element identified by ``locator``.</doc>
<status status="PASS" start="2025-04-29T11:46:33.176024" elapsed="0.112054"/>
</kw>
<kw name="Wait Until Page Contains Element" owner="SeleniumLibrary">
<arg>${selectors.text_editor.filename_input}</arg>
<arg>${timeouts.page_load}</arg>
<doc>Waits until the element ``locator`` appears on the current page.</doc>
<status status="PASS" start="2025-04-29T11:46:33.288384" elapsed="0.007954"/>
</kw>
<kw name="Log" owner="BuiltIn">
<msg time="2025-04-29T11:46:33.296890" level="INFO">Opened Text Editor</msg>
<arg>Opened Text Editor</arg>
<doc>Logs the given message with the given level.</doc>
<status status="PASS" start="2025-04-29T11:46:33.296587" elapsed="0.000423"/>
</kw>
<status status="PASS" start="2025-04-29T11:46:32.426316" elapsed="0.870910"/>
</kw>
<kw name="Set Content" owner="text_editor_keywords">
<kw name="Input Text" owner="SeleniumLibrary">
<msg time="2025-04-29T11:46:33.298572" level="INFO">Typing text 'Initial content' into text field 'css=textarea'.</msg>
<arg>${selectors.text_editor.content_textarea}</arg>
<arg>${content}</arg>
<doc>Types the given ``text`` into the text field identified by ``locator``.</doc>
<status status="PASS" start="2025-04-29T11:46:33.298089" elapsed="0.092338"/>
</kw>
<arg>Initial content</arg>
<status status="PASS" start="2025-04-29T11:46:33.297698" elapsed="0.092869"/>
</kw>
<kw name="Clear Editor" owner="text_editor_keywords">
<kw name="Click Button" owner="SeleniumLibrary">
<msg time="2025-04-29T11:46:33.391594" level="INFO">Clicking button 'xpath=//button[contains(., 'Clear')]'.</msg>
<arg>${selectors.text_editor.clear_button}</arg>
<doc>Clicks the button identified by ``locator``.</doc>
<status status="PASS" start="2025-04-29T11:46:33.391176" elapsed="0.052408"/>
</kw>
<kw name="Wait Until Element Is Visible" owner="SeleniumLibrary">
<msg time="2025-04-29T11:46:33.536599" level="INFO" html="true">&lt;/td&gt;&lt;/tr&gt;&lt;tr&gt;&lt;td colspan="3"&gt;&lt;a href="selenium-screenshot-15.png"&gt;&lt;img src="selenium-screenshot-15.png" width="800px"&gt;&lt;/a&gt;</msg>
<msg time="2025-04-29T11:46:33.537055" level="FAIL">InvalidSelectorException: Message: invalid selector: An invalid or illegal selector was specified
  (Session info: chrome=135.0.7049.114); For documentation on this error, please visit: https://www.selenium.dev/documentation/webdriver/troubleshooting/errors#invalid-selector-exception
Stacktrace:
#0 0x62ffa42f775a &lt;unknown&gt;
#1 0x62ffa3daa4b0 &lt;unknown&gt;
#2 0x62ffa3db10b6 &lt;unknown&gt;
#3 0x62ffa3db3928 &lt;unknown&gt;
#4 0x62ffa3db39b3 &lt;unknown&gt;
#5 0x62ffa3dfb3e5 &lt;unknown&gt;
#6 0x62ffa3dfbba1 &lt;unknown&gt;
#7 0x62ffa3e4a231 &lt;unknown&gt;
#8 0x62ffa3e215bd &lt;unknown&gt;
#9 0x62ffa3e475e0 &lt;unknown&gt;
#10 0x62ffa3e21363 &lt;unknown&gt;
#11 0x62ffa3dedd63 &lt;unknown&gt;
#12 0x62ffa3dee9c1 &lt;unknown&gt;
#13 0x62ffa42bca6b &lt;unknown&gt;
#14 0x62ffa42c0951 &lt;unknown&gt;
#15 0x62ffa42a4b62 &lt;unknown&gt;
#16 0x62ffa42c14c4 &lt;unknown&gt;
#17 0x62ffa428913f &lt;unknown&gt;
#18 0x62ffa42e56f8 &lt;unknown&gt;
#19 0x62ffa42e58d6 &lt;unknown&gt;
#20 0x62ffa42f65a6 &lt;unknown&gt;
#21 0x7fde0a894ac3 &lt;unknown&gt;
</msg>
<arg>${selectors.text_editor.clear_success_message}</arg>
<arg>${timeouts.element_visible}</arg>
<doc>Waits until the element ``locator`` is visible.</doc>
<status status="FAIL" start="2025-04-29T11:46:33.443872" elapsed="0.093490">InvalidSelectorException: Message: invalid selector: An invalid or illegal selector was specified
  (Session info: chrome=135.0.7049.114); For documentation on this error, please visit: https://www.selenium.dev/documentation/webdriver/troubleshooting/errors#invalid-selector-exception
Stacktrace:
#0 0x62ffa42f775a &lt;unknown&gt;
#1 0x62ffa3daa4b0 &lt;unknown&gt;
#2 0x62ffa3db10b6 &lt;unknown&gt;
#3 0x62ffa3db3928 &lt;unknown&gt;
#4 0x62ffa3db39b3 &lt;unknown&gt;
#5 0x62ffa3dfb3e5 &lt;unknown&gt;
#6 0x62ffa3dfbba1 &lt;unknown&gt;
#7 0x62ffa3e4a231 &lt;unknown&gt;
#8 0x62ffa3e215bd &lt;unknown&gt;
#9 0x62ffa3e475e0 &lt;unknown&gt;
#10 0x62ffa3e21363 &lt;unknown&gt;
#11 0x62ffa3dedd63 &lt;unknown&gt;
#12 0x62ffa3dee9c1 &lt;unknown&gt;
#13 0x62ffa42bca6b &lt;unknown&gt;
#14 0x62ffa42c0951 &lt;unknown&gt;
#15 0x62ffa42a4b62 &lt;unknown&gt;
#16 0x62ffa42c14c4 &lt;unknown&gt;
#17 0x62ffa428913f &lt;unknown&gt;
#18 0x62ffa42e56f8 &lt;unknown&gt;
#19 0x62ffa42e58d6 &lt;unknown&gt;
#20 0x62ffa42f65a6 &lt;unknown&gt;
#21 0x7fde0a894ac3 &lt;unknown&gt;
</status>
</kw>
<doc>Clears the editor content</doc>
<status status="FAIL" start="2025-04-29T11:46:33.390890" elapsed="0.146703">InvalidSelectorException: Message: invalid selector: An invalid or illegal selector was specified
  (Session info: chrome=135.0.7049.114); For documentation on this error, please visit: https://www.selenium.dev/documentation/webdriver/troubleshooting/errors#invalid-selector-exception
Stacktrace:
#0 0x62ffa42f775a &lt;unknown&gt;
#1 0x62ffa3daa4b0 &lt;unknown&gt;
#2 0x62ffa3db10b6 &lt;unknown&gt;
#3 0x62ffa3db3928 &lt;unknown&gt;
#4 0x62ffa3db39b3 &lt;unknown&gt;
#5 0x62ffa3dfb3e5 &lt;unknown&gt;
#6 0x62ffa3dfbba1 &lt;unknown&gt;
#7 0x62ffa3e4a231 &lt;unknown&gt;
#8 0x62ffa3e215bd &lt;unknown&gt;
#9 0x62ffa3e475e0 &lt;unknown&gt;
#10 0x62ffa3e21363 &lt;unknown&gt;
#11 0x62ffa3dedd63 &lt;unknown&gt;
#12 0x62ffa3dee9c1 &lt;unknown&gt;
#13 0x62ffa42bca6b &lt;unknown&gt;
#14 0x62ffa42c0951 &lt;unknown&gt;
#15 0x62ffa42a4b62 &lt;unknown&gt;
#16 0x62ffa42c14c4 &lt;unknown&gt;
#17 0x62ffa428913f &lt;unknown&gt;
#18 0x62ffa42e56f8 &lt;unknown&gt;
#19 0x62ffa42e58d6 &lt;unknown&gt;
#20 0x62ffa42f65a6 &lt;unknown&gt;
#21 0x7fde0a894ac3 &lt;unknown&gt;
</status>
</kw>
<kw name="Verify Editor Is Cleared" owner="text_editor_keywords">
<status status="NOT RUN" start="2025-04-29T11:46:33.537979" elapsed="0.000054"/>
</kw>
<kw name="Save Document" owner="text_editor_keywords">
<doc>Saves the document and verifies the download was triggered</doc>
<status status="NOT RUN" start="2025-04-29T11:46:33.538256" elapsed="0.000035"/>
</kw>
<kw name="Verify Content Is" owner="text_editor_keywords">
<arg>${EMPTY}</arg>
<status status="NOT RUN" start="2025-04-29T11:46:33.538433" elapsed="0.000032"/>
</kw>
<kw name="Close Text Editor Application" owner="text_editor_keywords" type="TEARDOWN">
<kw name="Close Browser" owner="SeleniumLibrary">
<doc>Closes the current browser.</doc>
<status status="PASS" start="2025-04-29T11:46:33.539072" elapsed="0.056338"/>
</kw>
<status status="PASS" start="2025-04-29T11:46:33.538769" elapsed="0.056877"/>
</kw>
<doc>Test clearing and then saving a document</doc>
<status status="FAIL" start="2025-04-29T11:46:32.425940" elapsed="1.169841">InvalidSelectorException: Message: invalid selector: An invalid or illegal selector was specified
  (Session info: chrome=135.0.7049.114); For documentation on this error, please visit: https://www.selenium.dev/documentation/webdriver/troubleshooting/errors#invalid-selector-exception
Stacktrace:
#0 0x62ffa42f775a &lt;unknown&gt;
#1 0x62ffa3daa4b0 &lt;unknown&gt;
#2 0x62ffa3db10b6 &lt;unknown&gt;
#3 0x62ffa3db3928 &lt;unknown&gt;
#4 0x62ffa3db39b3 &lt;unknown&gt;
#5 0x62ffa3dfb3e5 &lt;unknown&gt;
#6 0x62ffa3dfbba1 &lt;unknown&gt;
#7 0x62ffa3e4a231 &lt;unknown&gt;
#8 0x62ffa3e215bd &lt;unknown&gt;
#9 0x62ffa3e475e0 &lt;unknown&gt;
#10 0x62ffa3e21363 &lt;unknown&gt;
#11 0x62ffa3dedd63 &lt;unknown&gt;
#12 0x62ffa3dee9c1 &lt;unknown&gt;
#13 0x62ffa42bca6b &lt;unknown&gt;
#14 0x62ffa42c0951 &lt;unknown&gt;
#15 0x62ffa42a4b62 &lt;unknown&gt;
#16 0x62ffa42c14c4 &lt;unknown&gt;
#17 0x62ffa428913f &lt;unknown&gt;
#18 0x62ffa42e56f8 &lt;unknown&gt;
#19 0x62ffa42e58d6 &lt;unknown&gt;
#20 0x62ffa42f65a6 &lt;unknown&gt;
#21 0x7fde0a894ac3 &lt;unknown&gt;
</status>
</test>
<test id="s1-t6" name="Save Document With Special Characters" line="41">
<kw name="Open Text Editor" owner="text_editor_keywords" type="SETUP">
<kw name="Open Browser" owner="SeleniumLibrary">
<msg time="2025-04-29T11:46:33.597167" level="INFO">Opening browser 'chrome' to base url 'http://localhost:3000'.</msg>
<arg>${app.url}</arg>
<arg>chrome</arg>
<doc>Opens a new browser instance to the optional ``url``.</doc>
<status status="PASS" start="2025-04-29T11:46:33.596707" elapsed="0.707969"/>
</kw>
<kw name="Click Element" owner="SeleniumLibrary">
<msg time="2025-04-29T11:46:34.305536" level="INFO">Clicking element 'xpath=//button[contains(text(), 'Text Editor')]'.</msg>
<arg>${selectors.header.text_editor_button}</arg>
<doc>Click the element identified by ``locator``.</doc>
<status status="PASS" start="2025-04-29T11:46:34.304907" elapsed="0.112064"/>
</kw>
<kw name="Wait Until Page Contains Element" owner="SeleniumLibrary">
<arg>${selectors.text_editor.filename_input}</arg>
<arg>${timeouts.page_load}</arg>
<doc>Waits until the element ``locator`` appears on the current page.</doc>
<status status="PASS" start="2025-04-29T11:46:34.417217" elapsed="0.008733"/>
</kw>
<kw name="Log" owner="BuiltIn">
<msg time="2025-04-29T11:46:34.426299" level="INFO">Opened Text Editor</msg>
<arg>Opened Text Editor</arg>
<doc>Logs the given message with the given level.</doc>
<status status="PASS" start="2025-04-29T11:46:34.426149" elapsed="0.000199"/>
</kw>
<status status="PASS" start="2025-04-29T11:46:33.596459" elapsed="0.829964"/>
</kw>
<kw name="Set Variable" owner="BuiltIn">
<msg time="2025-04-29T11:46:34.426777" level="INFO">${special_content} = Content with special chars: !@#$%^&amp;*()_+</msg>
<var>${special_content}</var>
<arg>Content with special chars: !@#$%^&amp;*()_+</arg>
<doc>Returns the given values which can then be assigned to a variables.</doc>
<status status="PASS" start="2025-04-29T11:46:34.426615" elapsed="0.000189"/>
</kw>
<kw name="Create And Save Document" owner="text_editor_keywords">
<kw name="Set File Name" owner="text_editor_keywords">
<kw name="Input Text" owner="SeleniumLibrary">
<msg time="2025-04-29T11:46:34.427943" level="INFO">Typing text 'special_chars.txt' into text field 'css=input[type='text']'.</msg>
<arg>${selectors.text_editor.filename_input}</arg>
<arg>${filename}</arg>
<doc>Types the given ``text`` into the text field identified by ``locator``.</doc>
<status status="PASS" start="2025-04-29T11:46:34.427476" elapsed="0.086158"/>
</kw>
<arg>${filename}</arg>
<status status="PASS" start="2025-04-29T11:46:34.427255" elapsed="0.086558"/>
</kw>
<kw name="Set Content" owner="text_editor_keywords">
<kw name="Input Text" owner="SeleniumLibrary">
<msg time="2025-04-29T11:46:34.515130" level="INFO">Typing text 'Content with special chars: !@#$%^&amp;*()_+' into text field 'css=textarea'.</msg>
<arg>${selectors.text_editor.content_textarea}</arg>
<arg>${content}</arg>
<doc>Types the given ``text`` into the text field identified by ``locator``.</doc>
<status status="PASS" start="2025-04-29T11:46:34.514476" elapsed="0.111644"/>
</kw>
<arg>${content}</arg>
<status status="PASS" start="2025-04-29T11:46:34.514038" elapsed="0.112206"/>
</kw>
<kw name="Save Document" owner="text_editor_keywords">
<kw name="Get Editor Content" owner="text_editor_keywords">
<kw name="Get Value" owner="SeleniumLibrary">
<msg time="2025-04-29T11:46:34.637988" level="INFO">${content} = Content with special chars: !@#$%^&amp;*()_+</msg>
<var>${content}</var>
<arg>${selectors.text_editor.content_textarea}</arg>
<doc>Returns the value attribute of the element identified by ``locator``.</doc>
<status status="PASS" start="2025-04-29T11:46:34.626935" elapsed="0.011111"/>
</kw>
<return>
<value>${content}</value>
<status status="PASS" start="2025-04-29T11:46:34.638148" elapsed="0.000053"/>
</return>
<msg time="2025-04-29T11:46:34.638370" level="INFO">${content} = Content with special chars: !@#$%^&amp;*()_+</msg>
<var>${content}</var>
<status status="PASS" start="2025-04-29T11:46:34.626730" elapsed="0.011666"/>
</kw>
<kw name="Get File Name" owner="text_editor_keywords">
<kw name="Get Value" owner="SeleniumLibrary">
<msg time="2025-04-29T11:46:34.647803" level="INFO">${filename} = special_chars.txt</msg>
<var>${filename}</var>
<arg>${selectors.text_editor.filename_input}</arg>
<doc>Returns the value attribute of the element identified by ``locator``.</doc>
<status status="PASS" start="2025-04-29T11:46:34.638844" elapsed="0.009014"/>
</kw>
<return>
<value>${filename}</value>
<status status="PASS" start="2025-04-29T11:46:34.647957" elapsed="0.000061"/>
</return>
<msg time="2025-04-29T11:46:34.648154" level="INFO">${filename} = special_chars.txt</msg>
<var>${filename}</var>
<status status="PASS" start="2025-04-29T11:46:34.638577" elapsed="0.009601"/>
</kw>
<kw name="Click Button" owner="SeleniumLibrary">
<msg time="2025-04-29T11:46:34.648798" level="INFO">Clicking button 'xpath=//button[contains(., 'Save')]'.</msg>
<arg>${selectors.text_editor.save_button}</arg>
<doc>Clicks the button identified by ``locator``.</doc>
<status status="PASS" start="2025-04-29T11:46:34.648306" elapsed="0.052271"/>
</kw>
<kw name="Wait Until Element Is Visible" owner="SeleniumLibrary">
<msg time="2025-04-29T11:46:34.808087" level="INFO" html="true">&lt;/td&gt;&lt;/tr&gt;&lt;tr&gt;&lt;td colspan="3"&gt;&lt;a href="selenium-screenshot-16.png"&gt;&lt;img src="selenium-screenshot-16.png" width="800px"&gt;&lt;/a&gt;</msg>
<msg time="2025-04-29T11:46:34.808401" level="FAIL">InvalidSelectorException: Message: invalid selector: An invalid or illegal selector was specified
  (Session info: chrome=135.0.7049.114); For documentation on this error, please visit: https://www.selenium.dev/documentation/webdriver/troubleshooting/errors#invalid-selector-exception
Stacktrace:
#0 0x578d815c575a &lt;unknown&gt;
#1 0x578d810784b0 &lt;unknown&gt;
#2 0x578d8107f0b6 &lt;unknown&gt;
#3 0x578d81081928 &lt;unknown&gt;
#4 0x578d810819b3 &lt;unknown&gt;
#5 0x578d810c93e5 &lt;unknown&gt;
#6 0x578d810c9ba1 &lt;unknown&gt;
#7 0x578d81118231 &lt;unknown&gt;
#8 0x578d810ef5bd &lt;unknown&gt;
#9 0x578d811155e0 &lt;unknown&gt;
#10 0x578d810ef363 &lt;unknown&gt;
#11 0x578d810bbd63 &lt;unknown&gt;
#12 0x578d810bc9c1 &lt;unknown&gt;
#13 0x578d8158aa6b &lt;unknown&gt;
#14 0x578d8158e951 &lt;unknown&gt;
#15 0x578d81572b62 &lt;unknown&gt;
#16 0x578d8158f4c4 &lt;unknown&gt;
#17 0x578d8155713f &lt;unknown&gt;
#18 0x578d815b36f8 &lt;unknown&gt;
#19 0x578d815b38d6 &lt;unknown&gt;
#20 0x578d815c45a6 &lt;unknown&gt;
#21 0x7ca4d0494ac3 &lt;unknown&gt;
</msg>
<arg>${selectors.text_editor.save_success_message}</arg>
<arg>${timeouts.element_visible}</arg>
<doc>Waits until the element ``locator`` is visible.</doc>
<status status="FAIL" start="2025-04-29T11:46:34.700784" elapsed="0.107942">InvalidSelectorException: Message: invalid selector: An invalid or illegal selector was specified
  (Session info: chrome=135.0.7049.114); For documentation on this error, please visit: https://www.selenium.dev/documentation/webdriver/troubleshooting/errors#invalid-selector-exception
Stacktrace:
#0 0x578d815c575a &lt;unknown&gt;
#1 0x578d810784b0 &lt;unknown&gt;
#2 0x578d8107f0b6 &lt;unknown&gt;
#3 0x578d81081928 &lt;unknown&gt;
#4 0x578d810819b3 &lt;unknown&gt;
#5 0x578d810c93e5 &lt;unknown&gt;
#6 0x578d810c9ba1 &lt;unknown&gt;
#7 0x578d81118231 &lt;unknown&gt;
#8 0x578d810ef5bd &lt;unknown&gt;
#9 0x578d811155e0 &lt;unknown&gt;
#10 0x578d810ef363 &lt;unknown&gt;
#11 0x578d810bbd63 &lt;unknown&gt;
#12 0x578d810bc9c1 &lt;unknown&gt;
#13 0x578d8158aa6b &lt;unknown&gt;
#14 0x578d8158e951 &lt;unknown&gt;
#15 0x578d81572b62 &lt;unknown&gt;
#16 0x578d8158f4c4 &lt;unknown&gt;
#17 0x578d8155713f &lt;unknown&gt;
#18 0x578d815b36f8 &lt;unknown&gt;
#19 0x578d815b38d6 &lt;unknown&gt;
#20 0x578d815c45a6 &lt;unknown&gt;
#21 0x7ca4d0494ac3 &lt;unknown&gt;
</status>
</kw>
<kw name="Sleep" owner="BuiltIn">
<arg>2s</arg>
<doc>Pauses the test executed for the given time.</doc>
<status status="NOT RUN" start="2025-04-29T11:46:34.809359" elapsed="0.000073"/>
</kw>
<doc>Saves the document and verifies the download was triggered</doc>
<status status="FAIL" start="2025-04-29T11:46:34.626429" elapsed="0.183206">InvalidSelectorException: Message: invalid selector: An invalid or illegal selector was specified
  (Session info: chrome=135.0.7049.114); For documentation on this error, please visit: https://www.selenium.dev/documentation/webdriver/troubleshooting/errors#invalid-selector-exception
Stacktrace:
#0 0x578d815c575a &lt;unknown&gt;
#1 0x578d810784b0 &lt;unknown&gt;
#2 0x578d8107f0b6 &lt;unknown&gt;
#3 0x578d81081928 &lt;unknown&gt;
#4 0x578d810819b3 &lt;unknown&gt;
#5 0x578d810c93e5 &lt;unknown&gt;
#6 0x578d810c9ba1 &lt;unknown&gt;
#7 0x578d81118231 &lt;unknown&gt;
#8 0x578d810ef5bd &lt;unknown&gt;
#9 0x578d811155e0 &lt;unknown&gt;
#10 0x578d810ef363 &lt;unknown&gt;
#11 0x578d810bbd63 &lt;unknown&gt;
#12 0x578d810bc9c1 &lt;unknown&gt;
#13 0x578d8158aa6b &lt;unknown&gt;
#14 0x578d8158e951 &lt;unknown&gt;
#15 0x578d81572b62 &lt;unknown&gt;
#16 0x578d8158f4c4 &lt;unknown&gt;
#17 0x578d8155713f &lt;unknown&gt;
#18 0x578d815b36f8 &lt;unknown&gt;
#19 0x578d815b38d6 &lt;unknown&gt;
#20 0x578d815c45a6 &lt;unknown&gt;
#21 0x7ca4d0494ac3 &lt;unknown&gt;
</status>
</kw>
<arg>special_chars.txt</arg>
<arg>${special_content}</arg>
<status status="FAIL" start="2025-04-29T11:46:34.426967" elapsed="0.382791">InvalidSelectorException: Message: invalid selector: An invalid or illegal selector was specified
  (Session info: chrome=135.0.7049.114); For documentation on this error, please visit: https://www.selenium.dev/documentation/webdriver/troubleshooting/errors#invalid-selector-exception
Stacktrace:
#0 0x578d815c575a &lt;unknown&gt;
#1 0x578d810784b0 &lt;unknown&gt;
#2 0x578d8107f0b6 &lt;unknown&gt;
#3 0x578d81081928 &lt;unknown&gt;
#4 0x578d810819b3 &lt;unknown&gt;
#5 0x578d810c93e5 &lt;unknown&gt;
#6 0x578d810c9ba1 &lt;unknown&gt;
#7 0x578d81118231 &lt;unknown&gt;
#8 0x578d810ef5bd &lt;unknown&gt;
#9 0x578d811155e0 &lt;unknown&gt;
#10 0x578d810ef363 &lt;unknown&gt;
#11 0x578d810bbd63 &lt;unknown&gt;
#12 0x578d810bc9c1 &lt;unknown&gt;
#13 0x578d8158aa6b &lt;unknown&gt;
#14 0x578d8158e951 &lt;unknown&gt;
#15 0x578d81572b62 &lt;unknown&gt;
#16 0x578d8158f4c4 &lt;unknown&gt;
#17 0x578d8155713f &lt;unknown&gt;
#18 0x578d815b36f8 &lt;unknown&gt;
#19 0x578d815b38d6 &lt;unknown&gt;
#20 0x578d815c45a6 &lt;unknown&gt;
#21 0x7ca4d0494ac3 &lt;unknown&gt;
</status>
</kw>
<kw name="Verify Content Is" owner="text_editor_keywords">
<arg>${special_content}</arg>
<status status="NOT RUN" start="2025-04-29T11:46:34.810023" elapsed="0.000050"/>
</kw>
<kw name="Close Text Editor Application" owner="text_editor_keywords" type="TEARDOWN">
<kw name="Close Browser" owner="SeleniumLibrary">
<doc>Closes the current browser.</doc>
<status status="PASS" start="2025-04-29T11:46:34.810637" elapsed="0.056244"/>
</kw>
<status status="PASS" start="2025-04-29T11:46:34.810351" elapsed="0.056682"/>
</kw>
<doc>Test saving document with special characters</doc>
<status status="FAIL" start="2025-04-29T11:46:33.596064" elapsed="1.271080">InvalidSelectorException: Message: invalid selector: An invalid or illegal selector was specified
  (Session info: chrome=135.0.7049.114); For documentation on this error, please visit: https://www.selenium.dev/documentation/webdriver/troubleshooting/errors#invalid-selector-exception
Stacktrace:
#0 0x578d815c575a &lt;unknown&gt;
#1 0x578d810784b0 &lt;unknown&gt;
#2 0x578d8107f0b6 &lt;unknown&gt;
#3 0x578d81081928 &lt;unknown&gt;
#4 0x578d810819b3 &lt;unknown&gt;
#5 0x578d810c93e5 &lt;unknown&gt;
#6 0x578d810c9ba1 &lt;unknown&gt;
#7 0x578d81118231 &lt;unknown&gt;
#8 0x578d810ef5bd &lt;unknown&gt;
#9 0x578d811155e0 &lt;unknown&gt;
#10 0x578d810ef363 &lt;unknown&gt;
#11 0x578d810bbd63 &lt;unknown&gt;
#12 0x578d810bc9c1 &lt;unknown&gt;
#13 0x578d8158aa6b &lt;unknown&gt;
#14 0x578d8158e951 &lt;unknown&gt;
#15 0x578d81572b62 &lt;unknown&gt;
#16 0x578d8158f4c4 &lt;unknown&gt;
#17 0x578d8155713f &lt;unknown&gt;
#18 0x578d815b36f8 &lt;unknown&gt;
#19 0x578d815b38d6 &lt;unknown&gt;
#20 0x578d815c45a6 &lt;unknown&gt;
#21 0x7ca4d0494ac3 &lt;unknown&gt;
</status>
</test>
<test id="s1-t7" name="Save Document With Long Content" line="47">
<kw name="Open Text Editor" owner="text_editor_keywords" type="SETUP">
<kw name="Open Browser" owner="SeleniumLibrary">
<msg time="2025-04-29T11:46:34.868549" level="INFO">Opening browser 'chrome' to base url 'http://localhost:3000'.</msg>
<arg>${app.url}</arg>
<arg>chrome</arg>
<doc>Opens a new browser instance to the optional ``url``.</doc>
<status status="PASS" start="2025-04-29T11:46:34.868129" elapsed="0.760747"/>
</kw>
<kw name="Click Element" owner="SeleniumLibrary">
<msg time="2025-04-29T11:46:35.629751" level="INFO">Clicking element 'xpath=//button[contains(text(), 'Text Editor')]'.</msg>
<arg>${selectors.header.text_editor_button}</arg>
<doc>Click the element identified by ``locator``.</doc>
<status status="PASS" start="2025-04-29T11:46:35.629079" elapsed="0.109626"/>
</kw>
<kw name="Wait Until Page Contains Element" owner="SeleniumLibrary">
<arg>${selectors.text_editor.filename_input}</arg>
<arg>${timeouts.page_load}</arg>
<doc>Waits until the element ``locator`` appears on the current page.</doc>
<status status="PASS" start="2025-04-29T11:46:35.738953" elapsed="0.007969"/>
</kw>
<kw name="Log" owner="BuiltIn">
<msg time="2025-04-29T11:46:35.747297" level="INFO">Opened Text Editor</msg>
<arg>Opened Text Editor</arg>
<doc>Logs the given message with the given level.</doc>
<status status="PASS" start="2025-04-29T11:46:35.747136" elapsed="0.000210"/>
</kw>
<status status="PASS" start="2025-04-29T11:46:34.867877" elapsed="0.879539"/>
</kw>
<kw name="Set Variable" owner="BuiltIn">
<msg time="2025-04-29T11:46:35.747802" level="INFO">${long_content} = This is a very long content that spans multiple lines.
Line 2
Line 3
Line 4
Line 5</msg>
<var>${long_content}</var>
<arg>This is a very long content that spans multiple lines.\nLine 2\nLine 3\nLine 4\nLine 5</arg>
<doc>Returns the given values which can then be assigned to a variables.</doc>
<status status="PASS" start="2025-04-29T11:46:35.747574" elapsed="0.000287"/>
</kw>
<kw name="Create And Save Document" owner="text_editor_keywords">
<kw name="Set File Name" owner="text_editor_keywords">
<kw name="Input Text" owner="SeleniumLibrary">
<msg time="2025-04-29T11:46:35.749584" level="INFO">Typing text 'long_content.txt' into text field 'css=input[type='text']'.</msg>
<arg>${selectors.text_editor.filename_input}</arg>
<arg>${filename}</arg>
<doc>Types the given ``text`` into the text field identified by ``locator``.</doc>
<status status="PASS" start="2025-04-29T11:46:35.748986" elapsed="0.084447"/>
</kw>
<arg>${filename}</arg>
<status status="PASS" start="2025-04-29T11:46:35.748559" elapsed="0.085033"/>
</kw>
<kw name="Set Content" owner="text_editor_keywords">
<kw name="Input Text" owner="SeleniumLibrary">
<msg time="2025-04-29T11:46:35.835060" level="INFO">Typing text 'This is a very long content that spans multiple lines.
Line 2
Line 3
Line 4
Line 5' into text field 'css=textarea'.</msg>
<arg>${selectors.text_editor.content_textarea}</arg>
<arg>${content}</arg>
<doc>Types the given ``text`` into the text field identified by ``locator``.</doc>
<status status="PASS" start="2025-04-29T11:46:35.834416" elapsed="0.178850"/>
</kw>
<arg>${content}</arg>
<status status="PASS" start="2025-04-29T11:46:35.833860" elapsed="0.179563"/>
</kw>
<kw name="Save Document" owner="text_editor_keywords">
<kw name="Get Editor Content" owner="text_editor_keywords">
<kw name="Get Value" owner="SeleniumLibrary">
<msg time="2025-04-29T11:46:36.025235" level="INFO">${content} = This is a very long content that spans multiple lines.
Line 2
Line 3
Line 4
Line 5</msg>
<var>${content}</var>
<arg>${selectors.text_editor.content_textarea}</arg>
<doc>Returns the value attribute of the element identified by ``locator``.</doc>
<status status="PASS" start="2025-04-29T11:46:36.015332" elapsed="0.009952"/>
</kw>
<return>
<value>${content}</value>
<status status="PASS" start="2025-04-29T11:46:36.025376" elapsed="0.000053"/>
</return>
<msg time="2025-04-29T11:46:36.025566" level="INFO">${content} = This is a very long content that spans multiple lines.
Line 2
Line 3
Line 4
Line 5</msg>
<var>${content}</var>
<status status="PASS" start="2025-04-29T11:46:36.014765" elapsed="0.010826"/>
</kw>
<kw name="Get File Name" owner="text_editor_keywords">
<kw name="Get Value" owner="SeleniumLibrary">
<msg time="2025-04-29T11:46:36.034918" level="INFO">${filename} = long_content.txt</msg>
<var>${filename}</var>
<arg>${selectors.text_editor.filename_input}</arg>
<doc>Returns the value attribute of the element identified by ``locator``.</doc>
<status status="PASS" start="2025-04-29T11:46:36.026057" elapsed="0.008918"/>
</kw>
<return>
<value>${filename}</value>
<status status="PASS" start="2025-04-29T11:46:36.035072" elapsed="0.000052"/>
</return>
<msg time="2025-04-29T11:46:36.035265" level="INFO">${filename} = long_content.txt</msg>
<var>${filename}</var>
<status status="PASS" start="2025-04-29T11:46:36.025764" elapsed="0.009526"/>
</kw>
<kw name="Click Button" owner="SeleniumLibrary">
<msg time="2025-04-29T11:46:36.035880" level="INFO">Clicking button 'xpath=//button[contains(., 'Save')]'.</msg>
<arg>${selectors.text_editor.save_button}</arg>
<doc>Clicks the button identified by ``locator``.</doc>
<status status="PASS" start="2025-04-29T11:46:36.035415" elapsed="0.064115"/>
</kw>
<kw name="Wait Until Element Is Visible" owner="SeleniumLibrary">
<msg time="2025-04-29T11:46:36.211512" level="INFO" html="true">&lt;/td&gt;&lt;/tr&gt;&lt;tr&gt;&lt;td colspan="3"&gt;&lt;a href="selenium-screenshot-17.png"&gt;&lt;img src="selenium-screenshot-17.png" width="800px"&gt;&lt;/a&gt;</msg>
<msg time="2025-04-29T11:46:36.211800" level="FAIL">InvalidSelectorException: Message: invalid selector: An invalid or illegal selector was specified
  (Session info: chrome=135.0.7049.114); For documentation on this error, please visit: https://www.selenium.dev/documentation/webdriver/troubleshooting/errors#invalid-selector-exception
Stacktrace:
#0 0x6539351f275a &lt;unknown&gt;
#1 0x653934ca54b0 &lt;unknown&gt;
#2 0x653934cac0b6 &lt;unknown&gt;
#3 0x653934cae928 &lt;unknown&gt;
#4 0x653934cae9b3 &lt;unknown&gt;
#5 0x653934cf63e5 &lt;unknown&gt;
#6 0x653934cf6ba1 &lt;unknown&gt;
#7 0x653934d45231 &lt;unknown&gt;
#8 0x653934d1c5bd &lt;unknown&gt;
#9 0x653934d425e0 &lt;unknown&gt;
#10 0x653934d1c363 &lt;unknown&gt;
#11 0x653934ce8d63 &lt;unknown&gt;
#12 0x653934ce99c1 &lt;unknown&gt;
#13 0x6539351b7a6b &lt;unknown&gt;
#14 0x6539351bb951 &lt;unknown&gt;
#15 0x65393519fb62 &lt;unknown&gt;
#16 0x6539351bc4c4 &lt;unknown&gt;
#17 0x65393518413f &lt;unknown&gt;
#18 0x6539351e06f8 &lt;unknown&gt;
#19 0x6539351e08d6 &lt;unknown&gt;
#20 0x6539351f15a6 &lt;unknown&gt;
#21 0x7834f7094ac3 &lt;unknown&gt;
</msg>
<arg>${selectors.text_editor.save_success_message}</arg>
<arg>${timeouts.element_visible}</arg>
<doc>Waits until the element ``locator`` is visible.</doc>
<status status="FAIL" start="2025-04-29T11:46:36.099746" elapsed="0.112363">InvalidSelectorException: Message: invalid selector: An invalid or illegal selector was specified
  (Session info: chrome=135.0.7049.114); For documentation on this error, please visit: https://www.selenium.dev/documentation/webdriver/troubleshooting/errors#invalid-selector-exception
Stacktrace:
#0 0x6539351f275a &lt;unknown&gt;
#1 0x653934ca54b0 &lt;unknown&gt;
#2 0x653934cac0b6 &lt;unknown&gt;
#3 0x653934cae928 &lt;unknown&gt;
#4 0x653934cae9b3 &lt;unknown&gt;
#5 0x653934cf63e5 &lt;unknown&gt;
#6 0x653934cf6ba1 &lt;unknown&gt;
#7 0x653934d45231 &lt;unknown&gt;
#8 0x653934d1c5bd &lt;unknown&gt;
#9 0x653934d425e0 &lt;unknown&gt;
#10 0x653934d1c363 &lt;unknown&gt;
#11 0x653934ce8d63 &lt;unknown&gt;
#12 0x653934ce99c1 &lt;unknown&gt;
#13 0x6539351b7a6b &lt;unknown&gt;
#14 0x6539351bb951 &lt;unknown&gt;
#15 0x65393519fb62 &lt;unknown&gt;
#16 0x6539351bc4c4 &lt;unknown&gt;
#17 0x65393518413f &lt;unknown&gt;
#18 0x6539351e06f8 &lt;unknown&gt;
#19 0x6539351e08d6 &lt;unknown&gt;
#20 0x6539351f15a6 &lt;unknown&gt;
#21 0x7834f7094ac3 &lt;unknown&gt;
</status>
</kw>
<kw name="Sleep" owner="BuiltIn">
<arg>2s</arg>
<doc>Pauses the test executed for the given time.</doc>
<status status="NOT RUN" start="2025-04-29T11:46:36.212413" elapsed="0.000072"/>
</kw>
<doc>Saves the document and verifies the download was triggered</doc>
<status status="FAIL" start="2025-04-29T11:46:36.014274" elapsed="0.198390">InvalidSelectorException: Message: invalid selector: An invalid or illegal selector was specified
  (Session info: chrome=135.0.7049.114); For documentation on this error, please visit: https://www.selenium.dev/documentation/webdriver/troubleshooting/errors#invalid-selector-exception
Stacktrace:
#0 0x6539351f275a &lt;unknown&gt;
#1 0x653934ca54b0 &lt;unknown&gt;
#2 0x653934cac0b6 &lt;unknown&gt;
#3 0x653934cae928 &lt;unknown&gt;
#4 0x653934cae9b3 &lt;unknown&gt;
#5 0x653934cf63e5 &lt;unknown&gt;
#6 0x653934cf6ba1 &lt;unknown&gt;
#7 0x653934d45231 &lt;unknown&gt;
#8 0x653934d1c5bd &lt;unknown&gt;
#9 0x653934d425e0 &lt;unknown&gt;
#10 0x653934d1c363 &lt;unknown&gt;
#11 0x653934ce8d63 &lt;unknown&gt;
#12 0x653934ce99c1 &lt;unknown&gt;
#13 0x6539351b7a6b &lt;unknown&gt;
#14 0x6539351bb951 &lt;unknown&gt;
#15 0x65393519fb62 &lt;unknown&gt;
#16 0x6539351bc4c4 &lt;unknown&gt;
#17 0x65393518413f &lt;unknown&gt;
#18 0x6539351e06f8 &lt;unknown&gt;
#19 0x6539351e08d6 &lt;unknown&gt;
#20 0x6539351f15a6 &lt;unknown&gt;
#21 0x7834f7094ac3 &lt;unknown&gt;
</status>
</kw>
<arg>long_content.txt</arg>
<arg>${long_content}</arg>
<status status="FAIL" start="2025-04-29T11:46:35.748078" elapsed="0.464744">InvalidSelectorException: Message: invalid selector: An invalid or illegal selector was specified
  (Session info: chrome=135.0.7049.114); For documentation on this error, please visit: https://www.selenium.dev/documentation/webdriver/troubleshooting/errors#invalid-selector-exception
Stacktrace:
#0 0x6539351f275a &lt;unknown&gt;
#1 0x653934ca54b0 &lt;unknown&gt;
#2 0x653934cac0b6 &lt;unknown&gt;
#3 0x653934cae928 &lt;unknown&gt;
#4 0x653934cae9b3 &lt;unknown&gt;
#5 0x653934cf63e5 &lt;unknown&gt;
#6 0x653934cf6ba1 &lt;unknown&gt;
#7 0x653934d45231 &lt;unknown&gt;
#8 0x653934d1c5bd &lt;unknown&gt;
#9 0x653934d425e0 &lt;unknown&gt;
#10 0x653934d1c363 &lt;unknown&gt;
#11 0x653934ce8d63 &lt;unknown&gt;
#12 0x653934ce99c1 &lt;unknown&gt;
#13 0x6539351b7a6b &lt;unknown&gt;
#14 0x6539351bb951 &lt;unknown&gt;
#15 0x65393519fb62 &lt;unknown&gt;
#16 0x6539351bc4c4 &lt;unknown&gt;
#17 0x65393518413f &lt;unknown&gt;
#18 0x6539351e06f8 &lt;unknown&gt;
#19 0x6539351e08d6 &lt;unknown&gt;
#20 0x6539351f15a6 &lt;unknown&gt;
#21 0x7834f7094ac3 &lt;unknown&gt;
</status>
</kw>
<kw name="Verify Content Is" owner="text_editor_keywords">
<arg>${long_content}</arg>
<status status="NOT RUN" start="2025-04-29T11:46:36.213143" elapsed="0.000054"/>
</kw>
<kw name="Close Text Editor Application" owner="text_editor_keywords" type="TEARDOWN">
<kw name="Close Browser" owner="SeleniumLibrary">
<doc>Closes the current browser.</doc>
<status status="PASS" start="2025-04-29T11:46:36.213954" elapsed="0.056151"/>
</kw>
<status status="PASS" start="2025-04-29T11:46:36.213524" elapsed="0.056727"/>
</kw>
<doc>Test saving document with long content</doc>
<status status="FAIL" start="2025-04-29T11:46:34.867481" elapsed="1.402937">InvalidSelectorException: Message: invalid selector: An invalid or illegal selector was specified
  (Session info: chrome=135.0.7049.114); For documentation on this error, please visit: https://www.selenium.dev/documentation/webdriver/troubleshooting/errors#invalid-selector-exception
Stacktrace:
#0 0x6539351f275a &lt;unknown&gt;
#1 0x653934ca54b0 &lt;unknown&gt;
#2 0x653934cac0b6 &lt;unknown&gt;
#3 0x653934cae928 &lt;unknown&gt;
#4 0x653934cae9b3 &lt;unknown&gt;
#5 0x653934cf63e5 &lt;unknown&gt;
#6 0x653934cf6ba1 &lt;unknown&gt;
#7 0x653934d45231 &lt;unknown&gt;
#8 0x653934d1c5bd &lt;unknown&gt;
#9 0x653934d425e0 &lt;unknown&gt;
#10 0x653934d1c363 &lt;unknown&gt;
#11 0x653934ce8d63 &lt;unknown&gt;
#12 0x653934ce99c1 &lt;unknown&gt;
#13 0x6539351b7a6b &lt;unknown&gt;
#14 0x6539351bb951 &lt;unknown&gt;
#15 0x65393519fb62 &lt;unknown&gt;
#16 0x6539351bc4c4 &lt;unknown&gt;
#17 0x65393518413f &lt;unknown&gt;
#18 0x6539351e06f8 &lt;unknown&gt;
#19 0x6539351e08d6 &lt;unknown&gt;
#20 0x6539351f15a6 &lt;unknown&gt;
#21 0x7834f7094ac3 &lt;unknown&gt;
</status>
</test>
<test id="s1-t8" name="Save Document With Empty Content" line="53">
<kw name="Open Text Editor" owner="text_editor_keywords" type="SETUP">
<kw name="Open Browser" owner="SeleniumLibrary">
<msg time="2025-04-29T11:46:36.272980" level="INFO">Opening browser 'chrome' to base url 'http://localhost:3000'.</msg>
<arg>${app.url}</arg>
<arg>chrome</arg>
<doc>Opens a new browser instance to the optional ``url``.</doc>
<status status="PASS" start="2025-04-29T11:46:36.271880" elapsed="0.745991"/>
</kw>
<kw name="Click Element" owner="SeleniumLibrary">
<msg time="2025-04-29T11:46:37.018611" level="INFO">Clicking element 'xpath=//button[contains(text(), 'Text Editor')]'.</msg>
<arg>${selectors.header.text_editor_button}</arg>
<doc>Click the element identified by ``locator``.</doc>
<status status="PASS" start="2025-04-29T11:46:37.018109" elapsed="0.113377"/>
</kw>
<kw name="Wait Until Page Contains Element" owner="SeleniumLibrary">
<arg>${selectors.text_editor.filename_input}</arg>
<arg>${timeouts.page_load}</arg>
<doc>Waits until the element ``locator`` appears on the current page.</doc>
<status status="PASS" start="2025-04-29T11:46:37.131709" elapsed="0.008211"/>
</kw>
<kw name="Log" owner="BuiltIn">
<msg time="2025-04-29T11:46:37.140263" level="INFO">Opened Text Editor</msg>
<arg>Opened Text Editor</arg>
<doc>Logs the given message with the given level.</doc>
<status status="PASS" start="2025-04-29T11:46:37.140114" elapsed="0.000195"/>
</kw>
<status status="PASS" start="2025-04-29T11:46:36.271526" elapsed="0.868847"/>
</kw>
<kw name="Create And Save Document" owner="text_editor_keywords">
<kw name="Set File Name" owner="text_editor_keywords">
<kw name="Input Text" owner="SeleniumLibrary">
<msg time="2025-04-29T11:46:37.141740" level="INFO">Typing text 'empty_content.txt' into text field 'css=input[type='text']'.</msg>
<arg>${selectors.text_editor.filename_input}</arg>
<arg>${filename}</arg>
<doc>Types the given ``text`` into the text field identified by ``locator``.</doc>
<status status="PASS" start="2025-04-29T11:46:37.141345" elapsed="0.085417"/>
</kw>
<arg>${filename}</arg>
<status status="PASS" start="2025-04-29T11:46:37.141065" elapsed="0.085908"/>
</kw>
<kw name="Set Content" owner="text_editor_keywords">
<kw name="Input Text" owner="SeleniumLibrary">
<msg time="2025-04-29T11:46:37.228459" level="INFO">Typing text '' into text field 'css=textarea'.</msg>
<arg>${selectors.text_editor.content_textarea}</arg>
<arg>${content}</arg>
<doc>Types the given ``text`` into the text field identified by ``locator``.</doc>
<status status="PASS" start="2025-04-29T11:46:37.227735" elapsed="0.039691"/>
</kw>
<arg>${content}</arg>
<status status="PASS" start="2025-04-29T11:46:37.227164" elapsed="0.040387"/>
</kw>
<kw name="Save Document" owner="text_editor_keywords">
<kw name="Get Editor Content" owner="text_editor_keywords">
<kw name="Get Value" owner="SeleniumLibrary">
<msg time="2025-04-29T11:46:37.277238" level="INFO">${content} = </msg>
<var>${content}</var>
<arg>${selectors.text_editor.content_textarea}</arg>
<doc>Returns the value attribute of the element identified by ``locator``.</doc>
<status status="PASS" start="2025-04-29T11:46:37.268204" elapsed="0.009088"/>
</kw>
<return>
<value>${content}</value>
<status status="PASS" start="2025-04-29T11:46:37.277382" elapsed="0.000053"/>
</return>
<msg time="2025-04-29T11:46:37.277579" level="INFO">${content} = </msg>
<var>${content}</var>
<status status="PASS" start="2025-04-29T11:46:37.268020" elapsed="0.009583"/>
</kw>
<kw name="Get File Name" owner="text_editor_keywords">
<kw name="Get Value" owner="SeleniumLibrary">
<msg time="2025-04-29T11:46:37.288036" level="INFO">${filename} = empty_content.txt</msg>
<var>${filename}</var>
<arg>${selectors.text_editor.filename_input}</arg>
<doc>Returns the value attribute of the element identified by ``locator``.</doc>
<status status="PASS" start="2025-04-29T11:46:37.278065" elapsed="0.010032"/>
</kw>
<return>
<value>${filename}</value>
<status status="PASS" start="2025-04-29T11:46:37.288188" elapsed="0.000052"/>
</return>
<msg time="2025-04-29T11:46:37.288387" level="INFO">${filename} = empty_content.txt</msg>
<var>${filename}</var>
<status status="PASS" start="2025-04-29T11:46:37.277782" elapsed="0.010630"/>
</kw>
<kw name="Click Button" owner="SeleniumLibrary">
<msg time="2025-04-29T11:46:37.289055" level="INFO">Clicking button 'xpath=//button[contains(., 'Save')]'.</msg>
<arg>${selectors.text_editor.save_button}</arg>
<doc>Clicks the button identified by ``locator``.</doc>
<status status="PASS" start="2025-04-29T11:46:37.288557" elapsed="0.050317"/>
</kw>
<kw name="Wait Until Element Is Visible" owner="SeleniumLibrary">
<msg time="2025-04-29T11:46:37.441377" level="INFO" html="true">&lt;/td&gt;&lt;/tr&gt;&lt;tr&gt;&lt;td colspan="3"&gt;&lt;a href="selenium-screenshot-18.png"&gt;&lt;img src="selenium-screenshot-18.png" width="800px"&gt;&lt;/a&gt;</msg>
<msg time="2025-04-29T11:46:37.441636" level="FAIL">InvalidSelectorException: Message: invalid selector: An invalid or illegal selector was specified
  (Session info: chrome=135.0.7049.114); For documentation on this error, please visit: https://www.selenium.dev/documentation/webdriver/troubleshooting/errors#invalid-selector-exception
Stacktrace:
#0 0x5fb62975775a &lt;unknown&gt;
#1 0x5fb62920a4b0 &lt;unknown&gt;
#2 0x5fb6292110b6 &lt;unknown&gt;
#3 0x5fb629213928 &lt;unknown&gt;
#4 0x5fb6292139b3 &lt;unknown&gt;
#5 0x5fb62925b3e5 &lt;unknown&gt;
#6 0x5fb62925bba1 &lt;unknown&gt;
#7 0x5fb6292aa231 &lt;unknown&gt;
#8 0x5fb6292815bd &lt;unknown&gt;
#9 0x5fb6292a75e0 &lt;unknown&gt;
#10 0x5fb629281363 &lt;unknown&gt;
#11 0x5fb62924dd63 &lt;unknown&gt;
#12 0x5fb62924e9c1 &lt;unknown&gt;
#13 0x5fb62971ca6b &lt;unknown&gt;
#14 0x5fb629720951 &lt;unknown&gt;
#15 0x5fb629704b62 &lt;unknown&gt;
#16 0x5fb6297214c4 &lt;unknown&gt;
#17 0x5fb6296e913f &lt;unknown&gt;
#18 0x5fb6297456f8 &lt;unknown&gt;
#19 0x5fb6297458d6 &lt;unknown&gt;
#20 0x5fb6297565a6 &lt;unknown&gt;
#21 0x756bbfc94ac3 &lt;unknown&gt;
</msg>
<arg>${selectors.text_editor.save_success_message}</arg>
<arg>${timeouts.element_visible}</arg>
<doc>Waits until the element ``locator`` is visible.</doc>
<status status="FAIL" start="2025-04-29T11:46:37.339128" elapsed="0.102815">InvalidSelectorException: Message: invalid selector: An invalid or illegal selector was specified
  (Session info: chrome=135.0.7049.114); For documentation on this error, please visit: https://www.selenium.dev/documentation/webdriver/troubleshooting/errors#invalid-selector-exception
Stacktrace:
#0 0x5fb62975775a &lt;unknown&gt;
[...]
<msg time="2025-04-29T11:46:51.632133" level="FAIL">InvalidSelectorException: Message: invalid selector: An invalid or illegal selector was specified
  (Session info: chrome=135.0.7049.114); For documentation on this error, please visit: https://www.selenium.dev/documentation/webdriver/troubleshooting/errors#invalid-selector-exception
Stacktrace:
#0 0x5f1ee631275a &lt;unknown&gt;
#1 0x5f1ee5dc54b0 &lt;unknown&gt;
#2 0x5f1ee5dcc0b6 &lt;unknown&gt;
#3 0x5f1ee5dce928 &lt;unknown&gt;
#4 0x5f1ee5dce9b3 &lt;unknown&gt;
#5 0x5f1ee5e163e5 &lt;unknown&gt;
#6 0x5f1ee5e16ba1 &lt;unknown&gt;
#7 0x5f1ee5e65231 &lt;unknown&gt;
#8 0x5f1ee5e3c5bd &lt;unknown&gt;
#9 0x5f1ee5e625e0 &lt;unknown&gt;
#10 0x5f1ee5e3c363 &lt;unknown&gt;
#11 0x5f1ee5e08d63 &lt;unknown&gt;
#12 0x5f1ee5e099c1 &lt;unknown&gt;
#13 0x5f1ee62d7a6b &lt;unknown&gt;
#14 0x5f1ee62db951 &lt;unknown&gt;
#15 0x5f1ee62bfb62 &lt;unknown&gt;
#16 0x5f1ee62dc4c4 &lt;unknown&gt;
#17 0x5f1ee62a413f &lt;unknown&gt;
#18 0x5f1ee63006f8 &lt;unknown&gt;
#19 0x5f1ee63008d6 &lt;unknown&gt;
#20 0x5f1ee63115a6 &lt;unknown&gt;
#21 0x78d31e094ac3 &lt;unknown&gt;
</msg>
<arg>${selectors.text_editor.save_success_message}</arg>
<arg>${timeouts.element_visible}</arg>
<doc>Waits until the element ``locator`` is visible.</doc>
<status status="FAIL" start="2025-04-29T11:46:51.533245" elapsed="0.099058">InvalidSelectorException: Message: invalid selector: An invalid or illegal selector was specified
  (Session info: chrome=135.0.7049.114); For documentation on this error, please visit: https://www.selenium.dev/documentation/webdriver/troubleshooting/errors#invalid-selector-exception
Stacktrace:
#0 0x5f1ee631275a &lt;unknown&gt;
#1 0x5f1ee5dc54b0 &lt;unknown&gt;
#2 0x5f1ee5dcc0b6 &lt;unknown&gt;
#3 0x5f1ee5dce928 &lt;unknown&gt;
#4 0x5f1ee5dce9b3 &lt;unknown&gt;
#5 0x5f1ee5e163e5 &lt;unknown&gt;
#6 0x5f1ee5e16ba1 &lt;unknown&gt;
#7 0x5f1ee5e65231 &lt;unknown&gt;
#8 0x5f1ee5e3c5bd &lt;unknown&gt;
#9 0x5f1ee5e625e0 &lt;unknown&gt;
#10 0x5f1ee5e3c363 &lt;unknown&gt;
#11 0x5f1ee5e08d63 &lt;unknown&gt;
#12 0x5f1ee5e099c1 &lt;unknown&gt;
#13 0x5f1ee62d7a6b &lt;unknown&gt;
#14 0x5f1ee62db951 &lt;unknown&gt;
#15 0x5f1ee62bfb62 &lt;unknown&gt;
#16 0x5f1ee62dc4c4 &lt;unknown&gt;
#17 0x5f1ee62a413f &lt;unknown&gt;
#18 0x5f1ee63006f8 &lt;unknown&gt;
#19 0x5f1ee63008d6 &lt;unknown&gt;
#20 0x5f1ee63115a6 &lt;unknown&gt;
#21 0x78d31e094ac3 &lt;unknown&gt;
</status>
</kw>
<kw name="Sleep" owner="BuiltIn">
<arg>2s</arg>
<doc>Pauses the test executed for the given time.</doc>
<status status="NOT RUN" start="2025-04-29T11:46:51.632566" elapsed="0.000069"/>
</kw>
<doc>Saves the document and verifies the download was triggered</doc>
<status status="FAIL" start="2025-04-29T11:46:51.452261" elapsed="0.180568">InvalidSelectorException: Message: invalid selector: An invalid or illegal selector was specified
  (Session info: chrome=135.0.7049.114); For documentation on this error, please visit: https://www.selenium.dev/documentation/webdriver/troubleshooting/errors#invalid-selector-exception
Stacktrace:
#0 0x5f1ee631275a &lt;unknown&gt;
#1 0x5f1ee5dc54b0 &lt;unknown&gt;
#2 0x5f1ee5dcc0b6 &lt;unknown&gt;
#3 0x5f1ee5dce928 &lt;unknown&gt;
#4 0x5f1ee5dce9b3 &lt;unknown&gt;
#5 0x5f1ee5e163e5 &lt;unknown&gt;
#6 0x5f1ee5e16ba1 &lt;unknown&gt;
#7 0x5f1ee5e65231 &lt;unknown&gt;
#8 0x5f1ee5e3c5bd &lt;unknown&gt;
#9 0x5f1ee5e625e0 &lt;unknown&gt;
#10 0x5f1ee5e3c363 &lt;unknown&gt;
#11 0x5f1ee5e08d63 &lt;unknown&gt;
#12 0x5f1ee5e099c1 &lt;unknown&gt;
#13 0x5f1ee62d7a6b &lt;unknown&gt;
#14 0x5f1ee62db951 &lt;unknown&gt;
#15 0x5f1ee62bfb62 &lt;unknown&gt;
#16 0x5f1ee62dc4c4 &lt;unknown&gt;
#17 0x5f1ee62a413f &lt;unknown&gt;
#18 0x5f1ee63006f8 &lt;unknown&gt;
#19 0x5f1ee63008d6 &lt;unknown&gt;
#20 0x5f1ee63115a6 &lt;unknown&gt;
#21 0x78d31e094ac3 &lt;unknown&gt;
</status>
</kw>
<arg>data.csv</arg>
<arg>${csv_content}</arg>
<status status="FAIL" start="2025-04-29T11:46:51.234761" elapsed="0.398201">InvalidSelectorException: Message: invalid selector: An invalid or illegal selector was specified
  (Session info: chrome=135.0.7049.114); For documentation on this error, please visit: https://www.selenium.dev/documentation/webdriver/troubleshooting/errors#invalid-selector-exception
Stacktrace:
#0 0x5f1ee631275a &lt;unknown&gt;
#1 0x5f1ee5dc54b0 &lt;unknown&gt;
#2 0x5f1ee5dcc0b6 &lt;unknown&gt;
#3 0x5f1ee5dce928 &lt;unknown&gt;
#4 0x5f1ee5dce9b3 &lt;unknown&gt;
#5 0x5f1ee5e163e5 &lt;unknown&gt;
#6 0x5f1ee5e16ba1 &lt;unknown&gt;
#7 0x5f1ee5e65231 &lt;unknown&gt;
#8 0x5f1ee5e3c5bd &lt;unknown&gt;
#9 0x5f1ee5e625e0 &lt;unknown&gt;
#10 0x5f1ee5e3c363 &lt;unknown&gt;
#11 0x5f1ee5e08d63 &lt;unknown&gt;
#12 0x5f1ee5e099c1 &lt;unknown&gt;
#13 0x5f1ee62d7a6b &lt;unknown&gt;
#14 0x5f1ee62db951 &lt;unknown&gt;
#15 0x5f1ee62bfb62 &lt;unknown&gt;
#16 0x5f1ee62dc4c4 &lt;unknown&gt;
#17 0x5f1ee62a413f &lt;unknown&gt;
#18 0x5f1ee63006f8 &lt;unknown&gt;
#19 0x5f1ee63008d6 &lt;unknown&gt;
#20 0x5f1ee63115a6 &lt;unknown&gt;
#21 0x78d31e094ac3 &lt;unknown&gt;
</status>
</kw>
<kw name="Verify Content Is" owner="text_editor_keywords">
<arg>${csv_content}</arg>
<status status="NOT RUN" start="2025-04-29T11:46:51.633249" elapsed="0.000057"/>
</kw>
<kw name="Close Text Editor Application" owner="text_editor_keywords" type="TEARDOWN">
<kw name="Close Browser" owner="SeleniumLibrary">
<doc>Closes the current browser.</doc>
<status status="PASS" start="2025-04-29T11:46:51.634071" elapsed="0.056769"/>
</kw>
<status status="PASS" start="2025-04-29T11:46:51.633656" elapsed="0.057313"/>
</kw>
<doc>Test saving document with CSV content</doc>
<status status="FAIL" start="2025-04-29T11:46:50.343573" elapsed="1.347553">InvalidSelectorException: Message: invalid selector: An invalid or illegal selector was specified
  (Session info: chrome=135.0.7049.114); For documentation on this error, please visit: https://www.selenium.dev/documentation/webdriver/troubleshooting/errors#invalid-selector-exception
Stacktrace:
#0 0x5f1ee631275a &lt;unknown&gt;
#1 0x5f1ee5dc54b0 &lt;unknown&gt;
#2 0x5f1ee5dcc0b6 &lt;unknown&gt;
#3 0x5f1ee5dce928 &lt;unknown&gt;
#4 0x5f1ee5dce9b3 &lt;unknown&gt;
#5 0x5f1ee5e163e5 &lt;unknown&gt;
#6 0x5f1ee5e16ba1 &lt;unknown&gt;
#7 0x5f1ee5e65231 &lt;unknown&gt;
#8 0x5f1ee5e3c5bd &lt;unknown&gt;
#9 0x5f1ee5e625e0 &lt;unknown&gt;
#10 0x5f1ee5e3c363 &lt;unknown&gt;
#11 0x5f1ee5e08d63 &lt;unknown&gt;
#12 0x5f1ee5e099c1 &lt;unknown&gt;
#13 0x5f1ee62d7a6b &lt;unknown&gt;
#14 0x5f1ee62db951 &lt;unknown&gt;
#15 0x5f1ee62bfb62 &lt;unknown&gt;
#16 0x5f1ee62dc4c4 &lt;unknown&gt;
#17 0x5f1ee62a413f &lt;unknown&gt;
#18 0x5f1ee63006f8 &lt;unknown&gt;
#19 0x5f1ee63008d6 &lt;unknown&gt;
#20 0x5f1ee63115a6 &lt;unknown&gt;
#21 0x78d31e094ac3 &lt;unknown&gt;
</status>
</test>
<test id="s1-t20" name="Save Document With Multiple Saves" line="128">
<kw name="Open Text Editor" owner="text_editor_keywords" type="SETUP">
<kw name="Open Browser" owner="SeleniumLibrary">
<msg time="2025-04-29T11:46:51.692612" level="INFO">Opening browser 'chrome' to base url 'http://localhost:3000'.</msg>
<arg>${app.url}</arg>
<arg>chrome</arg>
<doc>Opens a new browser instance to the optional ``url``.</doc>
<status status="PASS" start="2025-04-29T11:46:51.692176" elapsed="0.709594"/>
</kw>
<kw name="Click Element" owner="SeleniumLibrary">
<msg time="2025-04-29T11:46:52.402530" level="INFO">Clicking element 'xpath=//button[contains(text(), 'Text Editor')]'.</msg>
<arg>${selectors.header.text_editor_button}</arg>
<doc>Click the element identified by ``locator``.</doc>
<status status="PASS" start="2025-04-29T11:46:52.402014" elapsed="0.107583"/>
</kw>
<kw name="Wait Until Page Contains Element" owner="SeleniumLibrary">
<arg>${selectors.text_editor.filename_input}</arg>
<arg>${timeouts.page_load}</arg>
<doc>Waits until the element ``locator`` appears on the current page.</doc>
<status status="PASS" start="2025-04-29T11:46:52.509815" elapsed="0.007917"/>
</kw>
<kw name="Log" owner="BuiltIn">
<msg time="2025-04-29T11:46:52.518255" level="INFO">Opened Text Editor</msg>
<arg>Opened Text Editor</arg>
<doc>Logs the given message with the given level.</doc>
<status status="PASS" start="2025-04-29T11:46:52.518039" elapsed="0.000269"/>
</kw>
<status status="PASS" start="2025-04-29T11:46:51.691889" elapsed="0.826492"/>
</kw>
<kw name="Create And Save Document" owner="text_editor_keywords">
<kw name="Set File Name" owner="text_editor_keywords">
<kw name="Input Text" owner="SeleniumLibrary">
<msg time="2025-04-29T11:46:52.519666" level="INFO">Typing text 'multiple_saves.txt' into text field 'css=input[type='text']'.</msg>
<arg>${selectors.text_editor.filename_input}</arg>
<arg>${filename}</arg>
<doc>Types the given ``text`` into the text field identified by ``locator``.</doc>
<status status="PASS" start="2025-04-29T11:46:52.519175" elapsed="0.082842"/>
</kw>
<arg>${filename}</arg>
<status status="PASS" start="2025-04-29T11:46:52.518900" elapsed="0.083243"/>
</kw>
<kw name="Set Content" owner="text_editor_keywords">
<kw name="Input Text" owner="SeleniumLibrary">
<msg time="2025-04-29T11:46:52.603216" level="INFO">Typing text 'First save' into text field 'css=textarea'.</msg>
<arg>${selectors.text_editor.content_textarea}</arg>
<arg>${content}</arg>
<doc>Types the given ``text`` into the text field identified by ``locator``.</doc>
<status status="PASS" start="2025-04-29T11:46:52.602697" elapsed="0.058664"/>
</kw>
<arg>${content}</arg>
<status status="PASS" start="2025-04-29T11:46:52.602327" elapsed="0.059164"/>
</kw>
<kw name="Save Document" owner="text_editor_keywords">
<kw name="Get Editor Content" owner="text_editor_keywords">
<kw name="Get Value" owner="SeleniumLibrary">
<msg time="2025-04-29T11:46:52.671574" level="INFO">${content} = First save</msg>
<var>${content}</var>
<arg>${selectors.text_editor.content_textarea}</arg>
<doc>Returns the value attribute of the element identified by ``locator``.</doc>
<status status="PASS" start="2025-04-29T11:46:52.662162" elapsed="0.009462"/>
</kw>
<return>
<value>${content}</value>
<status status="PASS" start="2025-04-29T11:46:52.671712" elapsed="0.000072"/>
</return>
<msg time="2025-04-29T11:46:52.671944" level="INFO">${content} = First save</msg>
<var>${content}</var>
<status status="PASS" start="2025-04-29T11:46:52.661976" elapsed="0.009993"/>
</kw>
<kw name="Get File Name" owner="text_editor_keywords">
<kw name="Get Value" owner="SeleniumLibrary">
<msg time="2025-04-29T11:46:52.682328" level="INFO">${filename} = multiple_saves.txt</msg>
<var>${filename}</var>
<arg>${selectors.text_editor.filename_input}</arg>
<doc>Returns the value attribute of the element identified by ``locator``.</doc>
<status status="PASS" start="2025-04-29T11:46:52.672427" elapsed="0.009956"/>
</kw>
<return>
<value>${filename}</value>
<status status="PASS" start="2025-04-29T11:46:52.682485" elapsed="0.000076"/>
</return>
<msg time="2025-04-29T11:46:52.682745" level="INFO">${filename} = multiple_saves.txt</msg>
<var>${filename}</var>
<status status="PASS" start="2025-04-29T11:46:52.672154" elapsed="0.010617"/>
</kw>
<kw name="Click Button" owner="SeleniumLibrary">
<msg time="2025-04-29T11:46:52.683398" level="INFO">Clicking button 'xpath=//button[contains(., 'Save')]'.</msg>
<arg>${selectors.text_editor.save_button}</arg>
<doc>Clicks the button identified by ``locator``.</doc>
<status status="PASS" start="2025-04-29T11:46:52.682914" elapsed="0.054513"/>
</kw>
<kw name="Wait Until Element Is Visible" owner="SeleniumLibrary">
<msg time="2025-04-29T11:46:52.880760" level="INFO" html="true">&lt;/td&gt;&lt;/tr&gt;&lt;tr&gt;&lt;td colspan="3"&gt;&lt;a href="selenium-screenshot-30.png"&gt;&lt;img src="selenium-screenshot-30.png" width="800px"&gt;&lt;/a&gt;</msg>
<msg time="2025-04-29T11:46:52.881013" level="FAIL">InvalidSelectorException: Message: invalid selector: An invalid or illegal selector was specified
  (Session info: chrome=135.0.7049.114); For documentation on this error, please visit: https://www.selenium.dev/documentation/webdriver/troubleshooting/errors#invalid-selector-exception
Stacktrace:
#0 0x573f0f1d375a &lt;unknown&gt;
#1 0x573f0ec864b0 &lt;unknown&gt;
#2 0x573f0ec8d0b6 &lt;unknown&gt;
#3 0x573f0ec8f928 &lt;unknown&gt;
#4 0x573f0ec8f9b3 &lt;unknown&gt;
#5 0x573f0ecd73e5 &lt;unknown&gt;
#6 0x573f0ecd7ba1 &lt;unknown&gt;
#7 0x573f0ed26231 &lt;unknown&gt;
#8 0x573f0ecfd5bd &lt;unknown&gt;
#9 0x573f0ed235e0 &lt;unknown&gt;
#10 0x573f0ecfd363 &lt;unknown&gt;
#11 0x573f0ecc9d63 &lt;unknown&gt;
#12 0x573f0ecca9c1 &lt;unknown&gt;
#13 0x573f0f198a6b &lt;unknown&gt;
#14 0x573f0f19c951 &lt;unknown&gt;
#15 0x573f0f180b62 &lt;unknown&gt;
#16 0x573f0f19d4c4 &lt;unknown&gt;
#17 0x573f0f16513f &lt;unknown&gt;
#18 0x573f0f1c16f8 &lt;unknown&gt;
#19 0x573f0f1c18d6 &lt;unknown&gt;
#20 0x573f0f1d25a6 &lt;unknown&gt;
#21 0x739d2d494ac3 &lt;unknown&gt;
</msg>
<arg>${selectors.text_editor.save_success_message}</arg>
<arg>${timeouts.element_visible}</arg>
<doc>Waits until the element ``locator`` is visible.</doc>
<status status="FAIL" start="2025-04-29T11:46:52.737768" elapsed="0.143510">InvalidSelectorException: Message: invalid selector: An invalid or illegal selector was specified
  (Session info: chrome=135.0.7049.114); For documentation on this error, please visit: https://www.selenium.dev/documentation/webdriver/troubleshooting/errors#invalid-selector-exception
Stacktrace:
#0 0x573f0f1d375a &lt;unknown&gt;
#1 0x573f0ec864b0 &lt;unknown&gt;
#2 0x573f0ec8d0b6 &lt;unknown&gt;
#3 0x573f0ec8f928 &lt;unknown&gt;
#4 0x573f0ec8f9b3 &lt;unknown&gt;
#5 0x573f0ecd73e5 &lt;unknown&gt;
#6 0x573f0ecd7ba1 &lt;unknown&gt;
#7 0x573f0ed26231 &lt;unknown&gt;
#8 0x573f0ecfd5bd &lt;unknown&gt;
#9 0x573f0ed235e0 &lt;unknown&gt;
#10 0x573f0ecfd363 &lt;unknown&gt;
#11 0x573f0ecc9d63 &lt;unknown&gt;
#12 0x573f0ecca9c1 &lt;unknown&gt;
#13 0x573f0f198a6b &lt;unknown&gt;
#14 0x573f0f19c951 &lt;unknown&gt;
#15 0x573f0f180b62 &lt;unknown&gt;
#16 0x573f0f19d4c4 &lt;unknown&gt;
#17 0x573f0f16513f &lt;unknown&gt;
#18 0x573f0f1c16f8 &lt;unknown&gt;
#19 0x573f0f1c18d6 &lt;unknown&gt;
#20 0x573f0f1d25a6 &lt;unknown&gt;
#21 0x739d2d494ac3 &lt;unknown&gt;
</status>
</kw>
<kw name="Sleep" owner="BuiltIn">
<arg>2s</arg>
<doc>Pauses the test executed for the given time.</doc>
<status status="NOT RUN" start="2025-04-29T11:46:52.881612" elapsed="0.000061"/>
</kw>
<doc>Saves the document and verifies the download was triggered</doc>
<status status="FAIL" start="2025-04-29T11:46:52.661680" elapsed="0.220166">InvalidSelectorException: Message: invalid selector: An invalid or illegal selector was specified
  (Session info: chrome=135.0.7049.114); For documentation on this error, please visit: https://www.selenium.dev/documentation/webdriver/troubleshooting/errors#invalid-selector-exception
Stacktrace:
#0 0x573f0f1d375a &lt;unknown&gt;
#1 0x573f0ec864b0 &lt;unknown&gt;
#2 0x573f0ec8d0b6 &lt;unknown&gt;
#3 0x573f0ec8f928 &lt;unknown&gt;
#4 0x573f0ec8f9b3 &lt;unknown&gt;
#5 0x573f0ecd73e5 &lt;unknown&gt;
#6 0x573f0ecd7ba1 &lt;unknown&gt;
#7 0x573f0ed26231 &lt;unknown&gt;
#8 0x573f0ecfd5bd &lt;unknown&gt;
#9 0x573f0ed235e0 &lt;unknown&gt;
#10 0x573f0ecfd363 &lt;unknown&gt;
#11 0x573f0ecc9d63 &lt;unknown&gt;
#12 0x573f0ecca9c1 &lt;unknown&gt;
#13 0x573f0f198a6b &lt;unknown&gt;
#14 0x573f0f19c951 &lt;unknown&gt;
#15 0x573f0f180b62 &lt;unknown&gt;
#16 0x573f0f19d4c4 &lt;unknown&gt;
#17 0x573f0f16513f &lt;unknown&gt;
#18 0x573f0f1c16f8 &lt;unknown&gt;
#19 0x573f0f1c18d6 &lt;unknown&gt;
#20 0x573f0f1d25a6 &lt;unknown&gt;
#21 0x739d2d494ac3 &lt;unknown&gt;
</status>
</kw>
<arg>multiple_saves.txt</arg>
<arg>First save</arg>
<status status="FAIL" start="2025-04-29T11:46:52.518582" elapsed="0.363402">InvalidSelectorException: Message: invalid selector: An invalid or illegal selector was specified
  (Session info: chrome=135.0.7049.114); For documentation on this error, please visit: https://www.selenium.dev/documentation/webdriver/troubleshooting/errors#invalid-selector-exception
Stacktrace:
#0 0x573f0f1d375a &lt;unknown&gt;
#1 0x573f0ec864b0 &lt;unknown&gt;
#2 0x573f0ec8d0b6 &lt;unknown&gt;
#3 0x573f0ec8f928 &lt;unknown&gt;
#4 0x573f0ec8f9b3 &lt;unknown&gt;
#5 0x573f0ecd73e5 &lt;unknown&gt;
#6 0x573f0ecd7ba1 &lt;unknown&gt;
#7 0x573f0ed26231 &lt;unknown&gt;
#8 0x573f0ecfd5bd &lt;unknown&gt;
#9 0x573f0ed235e0 &lt;unknown&gt;
#10 0x573f0ecfd363 &lt;unknown&gt;
#11 0x573f0ecc9d63 &lt;unknown&gt;
#12 0x573f0ecca9c1 &lt;unknown&gt;
#13 0x573f0f198a6b &lt;unknown&gt;
#14 0x573f0f19c951 &lt;unknown&gt;
#15 0x573f0f180b62 &lt;unknown&gt;
#16 0x573f0f19d4c4 &lt;unknown&gt;
#17 0x573f0f16513f &lt;unknown&gt;
#18 0x573f0f1c16f8 &lt;unknown&gt;
#19 0x573f0f1c18d6 &lt;unknown&gt;
#20 0x573f0f1d25a6 &lt;unknown&gt;
#21 0x739d2d494ac3 &lt;unknown&gt;
</status>
</kw>
<kw name="Verify Content Is" owner="text_editor_keywords">
<arg>First save</arg>
<status status="NOT RUN" start="2025-04-29T11:46:52.889269" elapsed="0.000123"/>
</kw>
<kw name="Set Content" owner="text_editor_keywords">
<arg>Second save</arg>
<status status="NOT RUN" start="2025-04-29T11:46:52.889719" elapsed="0.000050"/>
</kw>
<kw name="Save Document" owner="text_editor_keywords">
<doc>Saves the document and verifies the download was triggered</doc>
<status status="NOT RUN" start="2025-04-29T11:46:52.889948" elapsed="0.000032"/>
</kw>
<kw name="Verify Content Is" owner="text_editor_keywords">
<arg>Second save</arg>
<status status="NOT RUN" start="2025-04-29T11:46:52.890112" elapsed="0.000026"/>
</kw>
<kw name="Set Content" owner="text_editor_keywords">
<arg>Third save</arg>
<status status="NOT RUN" start="2025-04-29T11:46:52.890250" elapsed="0.000028"/>
</kw>
<kw name="Save Document" owner="text_editor_keywords">
<doc>Saves the document and verifies the download was triggered</doc>
<status status="NOT RUN" start="2025-04-29T11:46:52.890437" elapsed="0.000032"/>
</kw>
<kw name="Verify Content Is" owner="text_editor_keywords">
<arg>Third save</arg>
<status status="NOT RUN" start="2025-04-29T11:46:52.890609" elapsed="0.000031"/>
</kw>
<kw name="Close Text Editor Application" owner="text_editor_keywords" type="TEARDOWN">
<kw name="Close Browser" owner="SeleniumLibrary">
<doc>Closes the current browser.</doc>
<status status="PASS" start="2025-04-29T11:46:52.891745" elapsed="0.056377"/>
</kw>
<status status="PASS" start="2025-04-29T11:46:52.891008" elapsed="0.057248"/>
</kw>
<doc>Test saving document multiple times</doc>
<status status="FAIL" start="2025-04-29T11:46:51.691510" elapsed="1.256852">InvalidSelectorException: Message: invalid selector: An invalid or illegal selector was specified
  (Session info: chrome=135.0.7049.114); For documentation on this error, please visit: https://www.selenium.dev/documentation/webdriver/troubleshooting/errors#invalid-selector-exception
Stacktrace:
#0 0x573f0f1d375a &lt;unknown&gt;
#1 0x573f0ec864b0 &lt;unknown&gt;
#2 0x573f0ec8d0b6 &lt;unknown&gt;
#3 0x573f0ec8f928 &lt;unknown&gt;
#4 0x573f0ec8f9b3 &lt;unknown&gt;
#5 0x573f0ecd73e5 &lt;unknown&gt;
#6 0x573f0ecd7ba1 &lt;unknown&gt;
#7 0x573f0ed26231 &lt;unknown&gt;
#8 0x573f0ecfd5bd &lt;unknown&gt;
#9 0x573f0ed235e0 &lt;unknown&gt;
#10 0x573f0ecfd363 &lt;unknown&gt;
#11 0x573f0ecc9d63 &lt;unknown&gt;
#12 0x573f0ecca9c1 &lt;unknown&gt;
#13 0x573f0f198a6b &lt;unknown&gt;
#14 0x573f0f19c951 &lt;unknown&gt;
#15 0x573f0f180b62 &lt;unknown&gt;
#16 0x573f0f19d4c4 &lt;unknown&gt;
#17 0x573f0f16513f &lt;unknown&gt;
#18 0x573f0f1c16f8 &lt;unknown&gt;
#19 0x573f0f1c18d6 &lt;unknown&gt;
#20 0x573f0f1d25a6 &lt;unknown&gt;
#21 0x739d2d494ac3 &lt;unknown&gt;
</status>
</test>
<status status="FAIL" start="2025-04-29T11:46:27.566213" elapsed="25.382632"/>
</suite>
<statistics>
<total>
<stat pass="0" fail="20" skip="0">All Tests</stat>
</total>
<tag>
</tag>
<suite>
<stat name="Text Editor Tests" id="s1" pass="0" fail="20" skip="0">Text Editor Tests</stat>
</suite>
</statistics>
<errors>
</errors>
</robot>
