<?xml version="1.0" encoding="UTF-8"?>
<robot generator="Robot 7.2.2 (Python 3.10.12 on linux)" generated="2025-05-06T15:37:43.577783" rpa="false" schemaversion="5">
<suite id="s1" name="Check Application" source="/home/nguyenvh/Sync/3a/stage_stet/projet_dho/robot-report-generator/tests/check_application.robot">
<test id="s1-t1" name="Check Application Is Running" line="7">
<kw name="Open Browser" owner="SeleniumLibrary">
<msg time="2025-05-06T15:37:43.677325" level="INFO">Opening browser 'chrome' to base url 'http://localhost:3000'.</msg>
<arg>${app.url}</arg>
<arg>chrome</arg>
<doc>Opens a new browser instance to the optional ``url``.</doc>
<status status="PASS" start="2025-05-06T15:37:43.676839" elapsed="0.804795"/>
</kw>
<kw name="Login To Application" owner="common_keywords">
<kw name="Go To" owner="SeleniumLibrary">
<msg time="2025-05-06T15:37:44.484830" level="INFO">Opening url 'http://localhost:3000/login'</msg>
<arg>${app.url}/login</arg>
<doc>Navigates the current browser window to the provided ``url``.</doc>
<status status="PASS" start="2025-05-06T15:37:44.484075" elapsed="0.179602"/>
</kw>
<kw name="Wait Until Element Is Visible" owner="SeleniumLibrary">
<arg>${auth.email_input}</arg>
<doc>Waits until the element ``locator`` is visible.</doc>
<status status="PASS" start="2025-05-06T15:37:44.664108" elapsed="0.061127"/>
</kw>
<kw name="Input Text" owner="SeleniumLibrary">
<msg time="2025-05-06T15:37:44.725951" level="INFO">Typing text 'test@example.com' into text field 'css=[data-testid='email-input']'.</msg>
<arg>${auth.email_input}</arg>
<arg>${email}</arg>
<doc>Types the given ``text`` into the text field identified by ``locator``.</doc>
<status status="PASS" start="2025-05-06T15:37:44.725424" elapsed="0.096587"/>
</kw>
<kw name="Input Text" owner="SeleniumLibrary">
<msg time="2025-05-06T15:37:44.822817" level="INFO">Typing text 'password123' into text field 'css=[data-testid='password-input']'.</msg>
<arg>${auth.password_input}</arg>
<arg>${password}</arg>
<doc>Types the given ``text`` into the text field identified by ``locator``.</doc>
<status status="PASS" start="2025-05-06T15:37:44.822248" elapsed="0.069820"/>
</kw>
<kw name="Click Element" owner="SeleniumLibrary">
<msg time="2025-05-06T15:37:44.892789" level="INFO">Clicking element 'css=[data-testid='submit-button']'.</msg>
<arg>${auth.submit_button}</arg>
<doc>Click the element identified by ``locator``.</doc>
<status status="PASS" start="2025-05-06T15:37:44.892279" elapsed="0.051862"/>
</kw>
<kw name="Run Keyword And Return Status" owner="BuiltIn">
<kw name="Wait Until Element Is Visible" owner="SeleniumLibrary">
<msg time="2025-05-06T15:37:46.083065" level="INFO" html="true">&lt;/td&gt;&lt;/tr&gt;&lt;tr&gt;&lt;td colspan="3"&gt;&lt;a href="selenium-screenshot-1.png"&gt;&lt;img src="selenium-screenshot-1.png" width="800px"&gt;&lt;/a&gt;</msg>
<msg time="2025-05-06T15:37:46.083234" level="FAIL">Element 'css=[data-testid='console-error']' not visible after 1 second.</msg>
<arg>${auth.console_error}</arg>
<arg>timeout=1s</arg>
<doc>Waits until the element ``locator`` is visible.</doc>
<status status="FAIL" start="2025-05-06T15:37:44.944832" elapsed="1.138811">Element 'css=[data-testid='console-error']' not visible after 1 second.</status>
</kw>
<msg time="2025-05-06T15:37:46.083820" level="INFO">${has_console_error} = False</msg>
<var>${has_console_error}</var>
<arg>Wait Until Element Is Visible</arg>
<arg>${auth.console_error}</arg>
<arg>timeout=1s</arg>
<doc>Runs the given keyword with given arguments and returns the status as a Boolean value.</doc>
<status status="PASS" start="2025-05-06T15:37:44.944526" elapsed="1.139321"/>
</kw>
<if>
<branch type="IF" condition="${has_console_error}">
<kw name="Get Text" owner="SeleniumLibrary">
<var>${console_error_text}</var>
<arg>${auth.console_error}</arg>
<doc>Returns the text value of the element identified by ``locator``.</doc>
<status status="NOT RUN" start="2025-05-06T15:37:46.084132" elapsed="0.000030"/>
</kw>
<kw name="Fail" owner="BuiltIn">
<arg>Console error occurred: ${console_error_text}</arg>
<doc>Fails the test with the given message and optionally alters its tags.</doc>
<status status="NOT RUN" start="2025-05-06T15:37:46.084256" elapsed="0.000023"/>
</kw>
<status status="NOT RUN" start="2025-05-06T15:37:46.083955" elapsed="0.000356"/>
</branch>
<status status="PASS" start="2025-05-06T15:37:46.083926" elapsed="0.000416"/>
</if>
<kw name="Wait Until Element Is Visible" owner="SeleniumLibrary">
<arg>${auth.user_email}</arg>
<arg>timeout=10s</arg>
<doc>Waits until the element ``locator`` is visible.</doc>
<status status="PASS" start="2025-05-06T15:37:46.084411" elapsed="0.014017"/>
</kw>
<kw name="Element Should Contain" owner="SeleniumLibrary">
<msg time="2025-05-06T15:37:46.118887" level="INFO">Element 'css=[data-testid='user-email']' contains text 'test@example.com'.</msg>
<arg>${auth.user_email}</arg>
<arg>${email}</arg>
<doc>Verifies that element ``locator`` contains text ``expected``.</doc>
<status status="PASS" start="2025-05-06T15:37:46.098662" elapsed="0.020331"/>
</kw>
<doc>Logs in to the application using test credentials</doc>
<status status="PASS" start="2025-05-06T15:37:44.482435" elapsed="1.636681"/>
</kw>
<kw name="Ensure Logged In" owner="common_keywords">
<kw name="Run Keyword And Return Status" owner="BuiltIn">
<kw name="Wait Until Element Is Visible" owner="SeleniumLibrary">
<arg>${auth.user_email}</arg>
<arg>timeout=1s</arg>
<doc>Waits until the element ``locator`` is visible.</doc>
<status status="PASS" start="2025-05-06T15:37:46.120574" elapsed="0.010121"/>
</kw>
<msg time="2025-05-06T15:37:46.130901" level="INFO">${is_logged_in} = True</msg>
<var>${is_logged_in}</var>
<arg>Wait Until Element Is Visible</arg>
<arg>${auth.user_email}</arg>
<arg>timeout=1s</arg>
<doc>Runs the given keyword with given arguments and returns the status as a Boolean value.</doc>
<status status="PASS" start="2025-05-06T15:37:46.120364" elapsed="0.010570"/>
</kw>
<if>
<branch type="IF" condition="not ${is_logged_in}">
<kw name="Login To Application" owner="common_keywords">
<arg>${email}</arg>
<arg>${password}</arg>
<doc>Logs in to the application using test credentials</doc>
<status status="NOT RUN" start="2025-05-06T15:37:46.131535" elapsed="0.000052"/>
</kw>
<status status="NOT RUN" start="2025-05-06T15:37:46.131046" elapsed="0.000602"/>
</branch>
<status status="PASS" start="2025-05-06T15:37:46.131017" elapsed="0.000676"/>
</if>
<doc>Ensures user is logged in, logs in if not</doc>
<status status="PASS" start="2025-05-06T15:37:46.119380" elapsed="0.012379"/>
</kw>
<kw name="Page Should Contain" owner="SeleniumLibrary">
<msg time="2025-05-06T15:37:46.140246" level="INFO">Current page contains text 'Productivity Tools'.</msg>
<arg>${selectors.header.title}</arg>
<doc>Verifies that current page contains ``text``.</doc>
<status status="PASS" start="2025-05-06T15:37:46.131963" elapsed="0.008382"/>
</kw>
<kw name="Page Should Contain" owner="SeleniumLibrary">
<msg time="2025-05-06T15:37:46.150770" level="INFO">Current page contains text 'A collection of useful tools to boost your productivity'.</msg>
<arg>${selectors.header.description}</arg>
<doc>Verifies that current page contains ``text``.</doc>
<status status="PASS" start="2025-05-06T15:37:46.140538" elapsed="0.010338"/>
</kw>
<kw name="Close App" owner="common_keywords" type="TEARDOWN">
<kw name="Logout From Application" owner="common_keywords">
<kw name="Click Element" owner="SeleniumLibrary">
<msg time="2025-05-06T15:37:46.152164" level="INFO">Clicking element 'css=[data-testid='logout-button']'.</msg>
<arg>${auth.logout_button}</arg>
<doc>Click the element identified by ``locator``.</doc>
<status status="PASS" start="2025-05-06T15:37:46.151726" elapsed="0.048186"/>
</kw>
<kw name="Wait Until Element Is Visible" owner="SeleniumLibrary">
<arg>${auth.email_input}</arg>
<doc>Waits until the element ``locator`` is visible.</doc>
<status status="PASS" start="2025-05-06T15:37:46.200111" elapsed="0.634650"/>
</kw>
<doc>Logs out from the application</doc>
<status status="PASS" start="2025-05-06T15:37:46.151511" elapsed="0.683473"/>
</kw>
<kw name="Ensure Logged Out" owner="common_keywords">
<kw name="Run Keyword And Return Status" owner="BuiltIn">
<kw name="Wait Until Element Is Visible" owner="SeleniumLibrary">
<msg time="2025-05-06T15:37:47.925670" level="INFO" html="true">&lt;/td&gt;&lt;/tr&gt;&lt;tr&gt;&lt;td colspan="3"&gt;&lt;a href="selenium-screenshot-2.png"&gt;&lt;img src="selenium-screenshot-2.png" width="800px"&gt;&lt;/a&gt;</msg>
<msg time="2025-05-06T15:37:47.925933" level="FAIL">Element 'css=[data-testid='user-email']' not visible after 1 second.</msg>
<arg>${auth.user_email}</arg>
<arg>timeout=1s</arg>
<doc>Waits until the element ``locator`` is visible.</doc>
<status status="FAIL" start="2025-05-06T15:37:46.836164" elapsed="1.089918">Element 'css=[data-testid='user-email']' not visible after 1 second.</status>
</kw>
<msg time="2025-05-06T15:37:47.926226" level="INFO">${is_logged_in} = False</msg>
<var>${is_logged_in}</var>
<arg>Wait Until Element Is Visible</arg>
<arg>${auth.user_email}</arg>
<arg>timeout=1s</arg>
<doc>Runs the given keyword with given arguments and returns the status as a Boolean value.</doc>
<status status="PASS" start="2025-05-06T15:37:46.835970" elapsed="1.090282"/>
</kw>
<if>
<branch type="IF" condition="${is_logged_in}">
<kw name="Logout From Application" owner="common_keywords">
<doc>Logs out from the application</doc>
<status status="NOT RUN" start="2025-05-06T15:37:47.926557" elapsed="0.000033"/>
</kw>
<status status="NOT RUN" start="2025-05-06T15:37:47.926354" elapsed="0.000273"/>
</branch>
<status status="PASS" start="2025-05-06T15:37:47.926327" elapsed="0.000331"/>
</if>
<doc>Ensures user is logged out, logs out if not</doc>
<status status="PASS" start="2025-05-06T15:37:46.835443" elapsed="1.091264"/>
</kw>
<kw name="Close Browser" owner="SeleniumLibrary">
<doc>Closes the current browser.</doc>
<status status="PASS" start="2025-05-06T15:37:47.926805" elapsed="0.056940"/>
</kw>
<status status="PASS" start="2025-05-06T15:37:46.151223" elapsed="1.832684"/>
</kw>
<doc>Verify that the application is running and accessible</doc>
<status status="PASS" start="2025-05-06T15:37:43.675963" elapsed="4.308044"/>
</test>
<status status="PASS" start="2025-05-06T15:37:43.578500" elapsed="4.406036"/>
</suite>
<statistics>
<total>
<stat pass="1" fail="0" skip="0">All Tests</stat>
</total>
<tag>
</tag>
<suite>
<stat name="Check Application" id="s1" pass="1" fail="0" skip="0">Check Application</stat>
</suite>
</statistics>
<errors>
</errors>
</robot>
