<?xml version="1.0" encoding="UTF-8"?>
<robot generator="Robot 7.2.2 (Python 3.10.12 on linux)" generated="2025-04-29T15:51:24.855972" rpa="false" schemaversion="5">
<suite id="s1" name="Calculator Tests" source="/home/nguyenvh/Sync/3a/stage_stet/projet_dho/robot-report-generator/tests/calculator_tests.robot">
<test id="s1-t1" name="Basic Arithmetic Operations" line="7">
<kw name="Open Calculator" owner="calculator_keywords" type="SETUP">
<kw name="Open Browser" owner="SeleniumLibrary">
<msg time="2025-04-29T15:51:24.982478" level="INFO">Opening browser 'chrome' to base url 'http://localhost:3000'.</msg>
<arg>${app.url}</arg>
<arg>chrome</arg>
<doc>Opens a new browser instance to the optional ``url``.</doc>
<status status="PASS" start="2025-04-29T15:51:24.981801" elapsed="0.779642"/>
</kw>
<kw name="Click Element" owner="SeleniumLibrary">
<msg time="2025-04-29T15:51:25.762771" level="INFO">Clicking element 'xpath=//button[contains(text(), 'Calculator')]'.</msg>
<arg>${selectors.header.calculator_button}</arg>
<doc>Click the element identified by ``locator``.</doc>
<status status="PASS" start="2025-04-29T15:51:25.761754" elapsed="0.099900"/>
</kw>
<kw name="Wait Until Page Contains Element" owner="SeleniumLibrary">
<arg>${selectors.calculator.calculator}</arg>
<doc>Waits until the element ``locator`` appears on the current page.</doc>
<status status="PASS" start="2025-04-29T15:51:25.861872" elapsed="0.006815"/>
</kw>
<kw name="Log" owner="BuiltIn">
<msg time="2025-04-29T15:51:25.869174" level="INFO">Opened calculator application</msg>
<arg>Opened calculator application</arg>
<doc>Logs the given message with the given level.</doc>
<status status="PASS" start="2025-04-29T15:51:25.868924" elapsed="0.000343"/>
</kw>
<status status="PASS" start="2025-04-29T15:51:24.981112" elapsed="0.888293"/>
</kw>
<kw name="Test Basic Operation">
<kw name="Perform Calculation" owner="calculator_keywords">
<kw name="Click Number" owner="calculator_keywords">
<kw name="Split String To Characters" owner="String">
<msg time="2025-04-29T15:51:25.871187" level="INFO">${digits} = ['2']</msg>
<var>${digits}</var>
<arg>${number}</arg>
<doc>Splits the given ``string`` to characters.</doc>
<status status="PASS" start="2025-04-29T15:51:25.870940" elapsed="0.000294"/>
</kw>
<for flavor="IN">
<iter>
<kw name="Format String" owner="String">
<msg time="2025-04-29T15:51:25.872362" level="INFO">${button_locator} = css=[data-testid='number-2']</msg>
<var>${button_locator}</var>
<arg>${selectors.calculator.number_button}</arg>
<arg>${digit}</arg>
<doc>Formats a ``template`` using the given ``positional`` and ``named`` arguments.</doc>
<status status="PASS" start="2025-04-29T15:51:25.871745" elapsed="0.000659"/>
</kw>
<kw name="Click Element" owner="SeleniumLibrary">
<msg time="2025-04-29T15:51:25.872821" level="INFO">Clicking element 'css=[data-testid='number-2']'.</msg>
<arg>${button_locator}</arg>
<doc>Click the element identified by ``locator``.</doc>
<status status="PASS" start="2025-04-29T15:51:25.872581" elapsed="0.033409"/>
</kw>
<var name="${digit}">2</var>
<status status="PASS" start="2025-04-29T15:51:25.871575" elapsed="0.034508"/>
</iter>
<var>${digit}</var>
<value>@{digits}</value>
<status status="PASS" start="2025-04-29T15:51:25.871344" elapsed="0.034795"/>
</for>
<kw name="Log" owner="BuiltIn">
<msg time="2025-04-29T15:51:25.906494" level="INFO">Clicked number: 2</msg>
<arg>Clicked number: ${number}</arg>
<doc>Logs the given message with the given level.</doc>
<status status="PASS" start="2025-04-29T15:51:25.906294" elapsed="0.000249"/>
</kw>
<arg>${num1}</arg>
<status status="PASS" start="2025-04-29T15:51:25.870560" elapsed="0.036051"/>
</kw>
<kw name="Click Operator" owner="calculator_keywords">
<kw name="Create Dictionary" owner="BuiltIn">
<msg time="2025-04-29T15:51:25.907296" level="INFO">${operator_map} = {'+': 'add', '-': 'subtract', '*': 'multiply', '/': 'divide'}</msg>
<var>${operator_map}</var>
<arg>+=add</arg>
<arg>-=subtract</arg>
<arg>*=multiply</arg>
<arg>/=divide</arg>
<doc>Creates and returns a dictionary based on the given ``items``.</doc>
<status status="PASS" start="2025-04-29T15:51:25.907035" elapsed="0.000306"/>
</kw>
<kw name="Get From Dictionary" owner="Collections">
<msg time="2025-04-29T15:51:25.907758" level="INFO">${operator_key} = add</msg>
<var>${operator_key}</var>
<arg>${operator_map}</arg>
<arg>${operator}</arg>
<doc>Returns a value from the given ``dictionary`` based on the given ``key``.</doc>
<status status="PASS" start="2025-04-29T15:51:25.907511" elapsed="0.000274"/>
</kw>
<kw name="Format String" owner="String">
<msg time="2025-04-29T15:51:25.908282" level="INFO">${button_locator} = css=[data-testid='operator-add']</msg>
<var>${button_locator}</var>
<arg>${selectors.calculator.operator_button}</arg>
<arg>${operator_key}</arg>
<doc>Formats a ``template`` using the given ``positional`` and ``named`` arguments.</doc>
<status status="PASS" start="2025-04-29T15:51:25.907886" elapsed="0.000420"/>
</kw>
<kw name="Click Element" owner="SeleniumLibrary">
<msg time="2025-04-29T15:51:25.908611" level="INFO">Clicking element 'css=[data-testid='operator-add']'.</msg>
<arg>${button_locator}</arg>
<doc>Click the element identified by ``locator``.</doc>
<status status="PASS" start="2025-04-29T15:51:25.908404" elapsed="0.036897"/>
</kw>
<kw name="Log" owner="BuiltIn">
<msg time="2025-04-29T15:51:25.945820" level="INFO">Clicked operator: +</msg>
<arg>Clicked operator: ${operator}</arg>
<doc>Logs the given message with the given level.</doc>
<status status="PASS" start="2025-04-29T15:51:25.945547" elapsed="0.000328"/>
</kw>
<arg>${operator}</arg>
<status status="PASS" start="2025-04-29T15:51:25.906768" elapsed="0.039183"/>
</kw>
<kw name="Click Number" owner="calculator_keywords">
<kw name="Split String To Characters" owner="String">
<msg time="2025-04-29T15:51:25.946548" level="INFO">${digits} = ['3']</msg>
<var>${digits}</var>
<arg>${number}</arg>
<doc>Splits the given ``string`` to characters.</doc>
<status status="PASS" start="2025-04-29T15:51:25.946409" elapsed="0.000163"/>
</kw>
<for flavor="IN">
<iter>
<kw name="Format String" owner="String">
<msg time="2025-04-29T15:51:25.947213" level="INFO">${button_locator} = css=[data-testid='number-3']</msg>
<var>${button_locator}</var>
<arg>${selectors.calculator.number_button}</arg>
<arg>${digit}</arg>
<doc>Formats a ``template`` using the given ``positional`` and ``named`` arguments.</doc>
<status status="PASS" start="2025-04-29T15:51:25.946827" elapsed="0.000412"/>
</kw>
<kw name="Click Element" owner="SeleniumLibrary">
<msg time="2025-04-29T15:51:25.947503" level="INFO">Clicking element 'css=[data-testid='number-3']'.</msg>
<arg>${button_locator}</arg>
<doc>Click the element identified by ``locator``.</doc>
<status status="PASS" start="2025-04-29T15:51:25.947344" elapsed="0.036200"/>
</kw>
<var name="${digit}">3</var>
<status status="PASS" start="2025-04-29T15:51:25.946746" elapsed="0.036889"/>
</iter>
<var>${digit}</var>
<value>@{digits}</value>
<status status="PASS" start="2025-04-29T15:51:25.946626" elapsed="0.037053"/>
</for>
<kw name="Log" owner="BuiltIn">
<msg time="2025-04-29T15:51:25.984034" level="INFO">Clicked number: 3</msg>
<arg>Clicked number: ${number}</arg>
<doc>Logs the given message with the given level.</doc>
<status status="PASS" start="2025-04-29T15:51:25.983838" elapsed="0.000241"/>
</kw>
<arg>${num2}</arg>
<status status="PASS" start="2025-04-29T15:51:25.946140" elapsed="0.038004"/>
</kw>
<kw name="Click Equals" owner="calculator_keywords">
<kw name="Click Element" owner="SeleniumLibrary">
<msg time="2025-04-29T15:51:25.984883" level="INFO">Clicking element 'css=[data-testid='equals-button']'.</msg>
<arg>${selectors.calculator.equals_button}</arg>
<doc>Click the element identified by ``locator``.</doc>
<status status="PASS" start="2025-04-29T15:51:25.984478" elapsed="0.036246"/>
</kw>
<kw name="Log" owner="BuiltIn">
<msg time="2025-04-29T15:51:26.021064" level="INFO">Clicked equals button</msg>
<arg>Clicked equals button</arg>
<doc>Logs the given message with the given level.</doc>
<status status="PASS" start="2025-04-29T15:51:26.020915" elapsed="0.000192"/>
</kw>
<status status="PASS" start="2025-04-29T15:51:25.984272" elapsed="0.036898"/>
</kw>
<kw name="Log" owner="BuiltIn">
<msg time="2025-04-29T15:51:26.021523" level="INFO">Performed calculation: 2 + 3</msg>
<arg>Performed calculation: ${num1} ${operator} ${num2}</arg>
<doc>Logs the given message with the given level.</doc>
<status status="PASS" start="2025-04-29T15:51:26.021330" elapsed="0.000233"/>
</kw>
<arg>${num1}</arg>
<arg>${operator}</arg>
<arg>${num2}</arg>
<status status="PASS" start="2025-04-29T15:51:25.870055" elapsed="0.151573"/>
</kw>
<kw name="Verify Calculator State" owner="calculator_keywords">
<kw name="Verify Display Shows" owner="calculator_keywords">
<kw name="Wait Until Page Contains Element" owner="SeleniumLibrary">
<arg>${selectors.calculator.display}</arg>
<doc>Waits until the element ``locator`` appears on the current page.</doc>
<status status="PASS" start="2025-04-29T15:51:26.022995" elapsed="0.007508"/>
</kw>
<kw name="Get Text" owner="SeleniumLibrary">
<msg time="2025-04-29T15:51:26.049564" level="INFO">${actual_value} = 5</msg>
<var>${actual_value}</var>
<arg>${selectors.calculator.display}</arg>
<doc>Returns the text value of the element identified by ``locator``.</doc>
<status status="PASS" start="2025-04-29T15:51:26.030693" elapsed="0.018924"/>
</kw>
<kw name="Should Be Equal As Strings" owner="BuiltIn">
<arg>${actual_value}</arg>
<arg>${expected_value}</arg>
<doc>Fails if objects are unequal after converting them to strings.</doc>
<status status="PASS" start="2025-04-29T15:51:26.049799" elapsed="0.000242"/>
</kw>
<kw name="Log" owner="BuiltIn">
<msg time="2025-04-29T15:51:26.050271" level="INFO">Verified display shows: 5</msg>
<arg>Verified display shows: ${expected_value}</arg>
<doc>Logs the given message with the given level.</doc>
<status status="PASS" start="2025-04-29T15:51:26.050150" elapsed="0.000159"/>
</kw>
<arg>${expected_display}</arg>
<status status="PASS" start="2025-04-29T15:51:26.022659" elapsed="0.027711"/>
</kw>
<kw name="Run Keyword If" owner="BuiltIn">
<arg>'${expected_equation}' != '${EMPTY}'</arg>
<arg>Verify Equation Shows</arg>
<arg>${expected_equation}</arg>
<doc>Runs the given keyword with the given arguments, if ``condition`` is true.</doc>
<status status="PASS" start="2025-04-29T15:51:26.050461" elapsed="0.000386"/>
</kw>
<kw name="Log" owner="BuiltIn">
<msg time="2025-04-29T15:51:26.051098" level="INFO">Verified calculator state - Display: 5, Equation: </msg>
<arg>Verified calculator state - Display: ${expected_display}, Equation: ${expected_equation}</arg>
<doc>Logs the given message with the given level.</doc>
<status status="PASS" start="2025-04-29T15:51:26.050959" elapsed="0.000177"/>
</kw>
<arg>${expected}</arg>
<status status="PASS" start="2025-04-29T15:51:26.021837" elapsed="0.029356"/>
</kw>
<kw name="Click Clear" owner="calculator_keywords">
<kw name="Click Element" owner="SeleniumLibrary">
<msg time="2025-04-29T15:51:26.051847" level="INFO">Clicking element 'css=[data-testid='clear-button']'.</msg>
<arg>${selectors.calculator.clear_button}</arg>
<doc>Click the element identified by ``locator``.</doc>
<status status="PASS" start="2025-04-29T15:51:26.051497" elapsed="0.037718"/>
</kw>
<kw name="Log" owner="BuiltIn">
<msg time="2025-04-29T15:51:26.089564" level="INFO">Clicked clear button</msg>
<arg>Clicked clear button</arg>
<doc>Logs the given message with the given level.</doc>
<status status="PASS" start="2025-04-29T15:51:26.089411" elapsed="0.000198"/>
</kw>
<status status="PASS" start="2025-04-29T15:51:26.051312" elapsed="0.038365"/>
</kw>
<arg>2</arg>
<arg>+</arg>
<arg>3</arg>
<arg>5</arg>
<status status="PASS" start="2025-04-29T15:51:25.869698" elapsed="0.220045"/>
</kw>
<kw name="Test Basic Operation">
<kw name="Perform Calculation" owner="calculator_keywords">
<kw name="Click Number" owner="calculator_keywords">
<kw name="Split String To Characters" owner="String">
<msg time="2025-04-29T15:51:26.090948" level="INFO">${digits} = ['8']</msg>
<var>${digits}</var>
<arg>${number}</arg>
<doc>Splits the given ``string`` to characters.</doc>
<status status="PASS" start="2025-04-29T15:51:26.090801" elapsed="0.000174"/>
</kw>
<for flavor="IN">
<iter>
<kw name="Format String" owner="String">
<msg time="2025-04-29T15:51:26.091743" level="INFO">${button_locator} = css=[data-testid='number-8']</msg>
<var>${button_locator}</var>
<arg>${selectors.calculator.number_button}</arg>
<arg>${digit}</arg>
<doc>Formats a ``template`` using the given ``positional`` and ``named`` arguments.</doc>
<status status="PASS" start="2025-04-29T15:51:26.091350" elapsed="0.000422"/>
</kw>
<kw name="Click Element" owner="SeleniumLibrary">
<msg time="2025-04-29T15:51:26.092051" level="INFO">Clicking element 'css=[data-testid='number-8']'.</msg>
<arg>${button_locator}</arg>
<doc>Click the element identified by ``locator``.</doc>
<status status="PASS" start="2025-04-29T15:51:26.091882" elapsed="0.045174"/>
</kw>
<var name="${digit}">8</var>
<status status="PASS" start="2025-04-29T15:51:26.091267" elapsed="0.045884"/>
</iter>
<var>${digit}</var>
<value>@{digits}</value>
<status status="PASS" start="2025-04-29T15:51:26.091032" elapsed="0.046168"/>
</for>
<kw name="Log" owner="BuiltIn">
<msg time="2025-04-29T15:51:26.137596" level="INFO">Clicked number: 8</msg>
<arg>Clicked number: ${number}</arg>
<doc>Logs the given message with the given level.</doc>
<status status="PASS" start="2025-04-29T15:51:26.137367" elapsed="0.000277"/>
</kw>
<arg>${num1}</arg>
<status status="PASS" start="2025-04-29T15:51:26.090527" elapsed="0.047183"/>
</kw>
<kw name="Click Operator" owner="calculator_keywords">
<kw name="Create Dictionary" owner="BuiltIn">
<msg time="2025-04-29T15:51:26.138342" level="INFO">${operator_map} = {'+': 'add', '-': 'subtract', '*': 'multiply', '/': 'divide'}</msg>
<var>${operator_map}</var>
<arg>+=add</arg>
<arg>-=subtract</arg>
<arg>*=multiply</arg>
<arg>/=divide</arg>
<doc>Creates and returns a dictionary based on the given ``items``.</doc>
<status status="PASS" start="2025-04-29T15:51:26.138164" elapsed="0.000204"/>
</kw>
<kw name="Get From Dictionary" owner="Collections">
<msg time="2025-04-29T15:51:26.138626" level="INFO">${operator_key} = subtract</msg>
<var>${operator_key}</var>
<arg>${operator_map}</arg>
<arg>${operator}</arg>
<doc>Returns a value from the given ``dictionary`` based on the given ``key``.</doc>
<status status="PASS" start="2025-04-29T15:51:26.138466" elapsed="0.000184"/>
</kw>
<kw name="Format String" owner="String">
<msg time="2025-04-29T15:51:26.139179" level="INFO">${button_locator} = css=[data-testid='operator-subtract']</msg>
<var>${button_locator}</var>
<arg>${selectors.calculator.operator_button}</arg>
<arg>${operator_key}</arg>
<doc>Formats a ``template`` using the given ``positional`` and ``named`` arguments.</doc>
<status status="PASS" start="2025-04-29T15:51:26.138751" elapsed="0.000461"/>
</kw>
<kw name="Click Element" owner="SeleniumLibrary">
<msg time="2025-04-29T15:51:26.139514" level="INFO">Clicking element 'css=[data-testid='operator-subtract']'.</msg>
<arg>${button_locator}</arg>
<doc>Click the element identified by ``locator``.</doc>
<status status="PASS" start="2025-04-29T15:51:26.139340" elapsed="0.046738"/>
</kw>
<kw name="Log" owner="BuiltIn">
<msg time="2025-04-29T15:51:26.186734" level="INFO">Clicked operator: -</msg>
<arg>Clicked operator: ${operator}</arg>
<doc>Logs the given message with the given level.</doc>
<status status="PASS" start="2025-04-29T15:51:26.186384" elapsed="0.000422"/>
</kw>
<arg>${operator}</arg>
<status status="PASS" start="2025-04-29T15:51:26.137895" elapsed="0.049007"/>
</kw>
<kw name="Click Number" owner="calculator_keywords">
<kw name="Split String To Characters" owner="String">
<msg time="2025-04-29T15:51:26.187873" level="INFO">${digits} = ['3']</msg>
<var>${digits}</var>
<arg>${number}</arg>
<doc>Splits the given ``string`` to characters.</doc>
<status status="PASS" start="2025-04-29T15:51:26.187620" elapsed="0.000296"/>
</kw>
<for flavor="IN">
<iter>
<kw name="Format String" owner="String">
<msg time="2025-04-29T15:51:26.188682" level="INFO">${button_locator} = css=[data-testid='number-3']</msg>
<var>${button_locator}</var>
<arg>${selectors.calculator.number_button}</arg>
<arg>${digit}</arg>
<doc>Formats a ``template`` using the given ``positional`` and ``named`` arguments.</doc>
<status status="PASS" start="2025-04-29T15:51:26.188277" elapsed="0.000434"/>
</kw>
<kw name="Click Element" owner="SeleniumLibrary">
<msg time="2025-04-29T15:51:26.189199" level="INFO">Clicking element 'css=[data-testid='number-3']'.</msg>
<arg>${button_locator}</arg>
<doc>Click the element identified by ``locator``.</doc>
<status status="PASS" start="2025-04-29T15:51:26.188937" elapsed="0.049504"/>
</kw>
<var name="${digit}">3</var>
<status status="PASS" start="2025-04-29T15:51:26.188181" elapsed="0.050351"/>
</iter>
<var>${digit}</var>
<value>@{digits}</value>
<status status="PASS" start="2025-04-29T15:51:26.188012" elapsed="0.050566"/>
</for>
<kw name="Log" owner="BuiltIn">
<msg time="2025-04-29T15:51:26.238946" level="INFO">Clicked number: 3</msg>
<arg>Clicked number: ${number}</arg>
<doc>Logs the given message with the given level.</doc>
<status status="PASS" start="2025-04-29T15:51:26.238742" elapsed="0.000252"/>
</kw>
<arg>${num2}</arg>
<status status="PASS" start="2025-04-29T15:51:26.187181" elapsed="0.051905"/>
</kw>
<kw name="Click Equals" owner="calculator_keywords">
<kw name="Click Element" owner="SeleniumLibrary">
<msg time="2025-04-29T15:51:26.239949" level="INFO">Clicking element 'css=[data-testid='equals-button']'.</msg>
<arg>${selectors.calculator.equals_button}</arg>
<doc>Click the element identified by ``locator``.</doc>
<status status="PASS" start="2025-04-29T15:51:26.239465" elapsed="0.041847"/>
</kw>
<kw name="Log" owner="BuiltIn">
<msg time="2025-04-29T15:51:26.282294" level="INFO">Clicked equals button</msg>
<arg>Clicked equals button</arg>
<doc>Logs the given message with the given level.</doc>
<status status="PASS" start="2025-04-29T15:51:26.281834" elapsed="0.000589"/>
</kw>
<status status="PASS" start="2025-04-29T15:51:26.239246" elapsed="0.043354"/>
</kw>
<kw name="Log" owner="BuiltIn">
<msg time="2025-04-29T15:51:26.283373" level="INFO">Performed calculation: 8 - 3</msg>
<arg>Performed calculation: ${num1} ${operator} ${num2}</arg>
<doc>Logs the given message with the given level.</doc>
<status status="PASS" start="2025-04-29T15:51:26.282898" elapsed="0.000569"/>
</kw>
<arg>${num1}</arg>
<arg>${operator}</arg>
<arg>${num2}</arg>
<status status="PASS" start="2025-04-29T15:51:26.090218" elapsed="0.193383"/>
</kw>
<kw name="Verify Calculator State" owner="calculator_keywords">
<kw name="Verify Display Shows" owner="calculator_keywords">
<kw name="Wait Until Page Contains Element" owner="SeleniumLibrary">
<arg>${selectors.calculator.display}</arg>
<doc>Waits until the element ``locator`` appears on the current page.</doc>
<status status="PASS" start="2025-04-29T15:51:26.285231" elapsed="0.005565"/>
</kw>
<kw name="Get Text" owner="SeleniumLibrary">
<msg time="2025-04-29T15:51:26.303753" level="INFO">${actual_value} = 5</msg>
<var>${actual_value}</var>
<arg>${selectors.calculator.display}</arg>
<doc>Returns the text value of the element identified by ``locator``.</doc>
<status status="PASS" start="2025-04-29T15:51:26.291203" elapsed="0.012674"/>
</kw>
<kw name="Should Be Equal As Strings" owner="BuiltIn">
<arg>${actual_value}</arg>
<arg>${expected_value}</arg>
<doc>Fails if objects are unequal after converting them to strings.</doc>
<status status="PASS" start="2025-04-29T15:51:26.304312" elapsed="0.000580"/>
</kw>
<kw name="Log" owner="BuiltIn">
<msg time="2025-04-29T15:51:26.305477" level="INFO">Verified display shows: 5</msg>
<arg>Verified display shows: ${expected_value}</arg>
<doc>Logs the given message with the given level.</doc>
<status status="PASS" start="2025-04-29T15:51:26.305153" elapsed="0.000414"/>
</kw>
<arg>${expected_display}</arg>
<status status="PASS" start="2025-04-29T15:51:26.284840" elapsed="0.020836"/>
</kw>
<kw name="Run Keyword If" owner="BuiltIn">
<arg>'${expected_equation}' != '${EMPTY}'</arg>
<arg>Verify Equation Shows</arg>
<arg>${expected_equation}</arg>
<doc>Runs the given keyword with the given arguments, if ``condition`` is true.</doc>
<status status="PASS" start="2025-04-29T15:51:26.305842" elapsed="0.000710"/>
</kw>
<kw name="Log" owner="BuiltIn">
<msg time="2025-04-29T15:51:26.307050" level="INFO">Verified calculator state - Display: 5, Equation: </msg>
<arg>Verified calculator state - Display: ${expected_display}, Equation: ${expected_equation}</arg>
<doc>Logs the given message with the given level.</doc>
<status status="PASS" start="2025-04-29T15:51:26.306772" elapsed="0.000350"/>
</kw>
<arg>${expected}</arg>
<status status="PASS" start="2025-04-29T15:51:26.283925" elapsed="0.023296"/>
</kw>
<kw name="Click Clear" owner="calculator_keywords">
<kw name="Click Element" owner="SeleniumLibrary">
<msg time="2025-04-29T15:51:26.308464" level="INFO">Clicking element 'css=[data-testid='clear-button']'.</msg>
<arg>${selectors.calculator.clear_button}</arg>
<doc>Click the element identified by ``locator``.</doc>
<status status="PASS" start="2025-04-29T15:51:26.307798" elapsed="0.045222"/>
</kw>
<kw name="Log" owner="BuiltIn">
<msg time="2025-04-29T15:51:26.353630" level="INFO">Clicked clear button</msg>
<arg>Clicked clear button</arg>
<doc>Logs the given message with the given level.</doc>
<status status="PASS" start="2025-04-29T15:51:26.353322" elapsed="0.000402"/>
</kw>
<status status="PASS" start="2025-04-29T15:51:26.307440" elapsed="0.046394"/>
</kw>
<arg>8</arg>
<arg>-</arg>
<arg>3</arg>
<arg>5</arg>
<status status="PASS" start="2025-04-29T15:51:26.089932" elapsed="0.263976"/>
</kw>
<kw name="Test Basic Operation">
<kw name="Perform Calculation" owner="calculator_keywords">
<kw name="Click Number" owner="calculator_keywords">
<kw name="Split String To Characters" owner="String">
<msg time="2025-04-29T15:51:26.355852" level="INFO">${digits} = ['4']</msg>
<var>${digits}</var>
<arg>${number}</arg>
<doc>Splits the given ``string`` to characters.</doc>
<status status="PASS" start="2025-04-29T15:51:26.355642" elapsed="0.000239"/>
</kw>
<for flavor="IN">
<iter>
<kw name="Format String" owner="String">
<msg time="2025-04-29T15:51:26.356519" level="INFO">${button_locator} = css=[data-testid='number-4']</msg>
<var>${button_locator}</var>
<arg>${selectors.calculator.number_button}</arg>
<arg>${digit}</arg>
<doc>Formats a ``template`` using the given ``positional`` and ``named`` arguments.</doc>
<status status="PASS" start="2025-04-29T15:51:26.356133" elapsed="0.000413"/>
</kw>
<kw name="Click Element" owner="SeleniumLibrary">
<msg time="2025-04-29T15:51:26.356826" level="INFO">Clicking element 'css=[data-testid='number-4']'.</msg>
<arg>${button_locator}</arg>
<doc>Click the element identified by ``locator``.</doc>
<status status="PASS" start="2025-04-29T15:51:26.356651" elapsed="0.038463"/>
</kw>
<var name="${digit}">4</var>
<status status="PASS" start="2025-04-29T15:51:26.356053" elapsed="0.039151"/>
</iter>
<var>${digit}</var>
<value>@{digits}</value>
<status status="PASS" start="2025-04-29T15:51:26.355941" elapsed="0.039307"/>
</for>
<kw name="Log" owner="BuiltIn">
<msg time="2025-04-29T15:51:26.395588" level="INFO">Clicked number: 4</msg>
<arg>Clicked number: ${number}</arg>
<doc>Logs the given message with the given level.</doc>
<status status="PASS" start="2025-04-29T15:51:26.395394" elapsed="0.000239"/>
</kw>
<arg>${num1}</arg>
<status status="PASS" start="2025-04-29T15:51:26.355342" elapsed="0.040357"/>
</kw>
<kw name="Click Operator" owner="calculator_keywords">
<kw name="Create Dictionary" owner="BuiltIn">
<msg time="2025-04-29T15:51:26.396291" level="INFO">${operator_map} = {'+': 'add', '-': 'subtract', '*': 'multiply', '/': 'divide'}</msg>
<var>${operator_map}</var>
<arg>+=add</arg>
<arg>-=subtract</arg>
<arg>*=multiply</arg>
<arg>/=divide</arg>
<doc>Creates and returns a dictionary based on the given ``items``.</doc>
<status status="PASS" start="2025-04-29T15:51:26.396111" elapsed="0.000210"/>
</kw>
<kw name="Get From Dictionary" owner="Collections">
<msg time="2025-04-29T15:51:26.396597" level="INFO">${operator_key} = multiply</msg>
<var>${operator_key}</var>
<arg>${operator_map}</arg>
<arg>${operator}</arg>
<doc>Returns a value from the given ``dictionary`` based on the given ``key``.</doc>
<status status="PASS" start="2025-04-29T15:51:26.396429" elapsed="0.000194"/>
</kw>
<kw name="Format String" owner="String">
<msg time="2025-04-29T15:51:26.397270" level="INFO">${button_locator} = css=[data-testid='operator-multiply']</msg>
<var>${button_locator}</var>
<arg>${selectors.calculator.operator_button}</arg>
<arg>${operator_key}</arg>
<doc>Formats a ``template`` using the given ``positional`` and ``named`` arguments.</doc>
<status status="PASS" start="2025-04-29T15:51:26.396843" elapsed="0.000456"/>
</kw>
<kw name="Click Element" owner="SeleniumLibrary">
<msg time="2025-04-29T15:51:26.397599" level="INFO">Clicking element 'css=[data-testid='operator-multiply']'.</msg>
<arg>${button_locator}</arg>
<doc>Click the element identified by ``locator``.</doc>
<status status="PASS" start="2025-04-29T15:51:26.397418" elapsed="0.048364"/>
</kw>
<kw name="Log" owner="BuiltIn">
<msg time="2025-04-29T15:51:26.446201" level="INFO">Clicked operator: *</msg>
<arg>Clicked operator: ${operator}</arg>
<doc>Logs the given message with the given level.</doc>
<status status="PASS" start="2025-04-29T15:51:26.445982" elapsed="0.000269"/>
</kw>
<arg>${operator}</arg>
<status status="PASS" start="2025-04-29T15:51:26.395853" elapsed="0.050472"/>
</kw>
<kw name="Click Number" owner="calculator_keywords">
<kw name="Split String To Characters" owner="String">
<msg time="2025-04-29T15:51:26.446933" level="INFO">${digits} = ['3']</msg>
<var>${digits}</var>
<arg>${number}</arg>
<doc>Splits the given ``string`` to characters.</doc>
<status status="PASS" start="2025-04-29T15:51:26.446774" elapsed="0.000195"/>
</kw>
<for flavor="IN">
<iter>
<kw name="Format String" owner="String">
<msg time="2025-04-29T15:51:26.447651" level="INFO">${button_locator} = css=[data-testid='number-3']</msg>
<var>${button_locator}</var>
<arg>${selectors.calculator.number_button}</arg>
<arg>${digit}</arg>
<doc>Formats a ``template`` using the given ``positional`` and ``named`` arguments.</doc>
<status status="PASS" start="2025-04-29T15:51:26.447264" elapsed="0.000413"/>
</kw>
<kw name="Click Element" owner="SeleniumLibrary">
<msg time="2025-04-29T15:51:26.447945" level="INFO">Clicking element 'css=[data-testid='number-3']'.</msg>
<arg>${button_locator}</arg>
<doc>Click the element identified by ``locator``.</doc>
<status status="PASS" start="2025-04-29T15:51:26.447784" elapsed="0.031958"/>
</kw>
<var name="${digit}">3</var>
<status status="PASS" start="2025-04-29T15:51:26.447182" elapsed="0.032657"/>
</iter>
<var>${digit}</var>
<value>@{digits}</value>
<status status="PASS" start="2025-04-29T15:51:26.447051" elapsed="0.032834"/>
</for>
<kw name="Log" owner="BuiltIn">
<msg time="2025-04-29T15:51:26.480252" level="INFO">Clicked number: 3</msg>
<arg>Clicked number: ${number}</arg>
<doc>Logs the given message with the given level.</doc>
<status status="PASS" start="2025-04-29T15:51:26.480042" elapsed="0.000264"/>
</kw>
<arg>${num2}</arg>
<status status="PASS" start="2025-04-29T15:51:26.446503" elapsed="0.033878"/>
</kw>
<kw name="Click Equals" owner="calculator_keywords">
<kw name="Click Element" owner="SeleniumLibrary">
<msg time="2025-04-29T15:51:26.481201" level="INFO">Clicking element 'css=[data-testid='equals-button']'.</msg>
<arg>${selectors.calculator.equals_button}</arg>
<doc>Click the element identified by ``locator``.</doc>
<status status="PASS" start="2025-04-29T15:51:26.480780" elapsed="0.035584"/>
</kw>
<kw name="Log" owner="BuiltIn">
<msg time="2025-04-29T15:51:26.516709" level="INFO">Clicked equals button</msg>
<arg>Clicked equals button</arg>
<doc>Logs the given message with the given level.</doc>
<status status="PASS" start="2025-04-29T15:51:26.516557" elapsed="0.000209"/>
</kw>
<status status="PASS" start="2025-04-29T15:51:26.480528" elapsed="0.036312"/>
</kw>
<kw name="Log" owner="BuiltIn">
<msg time="2025-04-29T15:51:26.517123" level="INFO">Performed calculation: 4 * 3</msg>
<arg>Performed calculation: ${num1} ${operator} ${num2}</arg>
<doc>Logs the given message with the given level.</doc>
<status status="PASS" start="2025-04-29T15:51:26.516944" elapsed="0.000217"/>
</kw>
<arg>${num1}</arg>
<arg>${operator}</arg>
<arg>${num2}</arg>
<status status="PASS" start="2025-04-29T15:51:26.354682" elapsed="0.162536"/>
</kw>
<kw name="Verify Calculator State" owner="calculator_keywords">
<kw name="Verify Display Shows" owner="calculator_keywords">
<kw name="Wait Until Page Contains Element" owner="SeleniumLibrary">
<arg>${selectors.calculator.display}</arg>
<doc>Waits until the element ``locator`` appears on the current page.</doc>
<status status="PASS" start="2025-04-29T15:51:26.518107" elapsed="0.006011"/>
</kw>
<kw name="Get Text" owner="SeleniumLibrary">
<msg time="2025-04-29T15:51:26.533120" level="INFO">${actual_value} = 12</msg>
<var>${actual_value}</var>
<arg>${selectors.calculator.display}</arg>
<doc>Returns the text value of the element identified by ``locator``.</doc>
<status status="PASS" start="2025-04-29T15:51:26.524399" elapsed="0.008768"/>
</kw>
<kw name="Should Be Equal As Strings" owner="BuiltIn">
<arg>${actual_value}</arg>
<arg>${expected_value}</arg>
<doc>Fails if objects are unequal after converting them to strings.</doc>
<status status="PASS" start="2025-04-29T15:51:26.533326" elapsed="0.000251"/>
</kw>
<kw name="Log" owner="BuiltIn">
<msg time="2025-04-29T15:51:26.533892" level="INFO">Verified display shows: 12</msg>
<arg>Verified display shows: ${expected_value}</arg>
<doc>Logs the given message with the given level.</doc>
<status status="PASS" start="2025-04-29T15:51:26.533742" elapsed="0.000201"/>
</kw>
<arg>${expected_display}</arg>
<status status="PASS" start="2025-04-29T15:51:26.517888" elapsed="0.016129"/>
</kw>
<kw name="Run Keyword If" owner="BuiltIn">
<arg>'${expected_equation}' != '${EMPTY}'</arg>
<arg>Verify Equation Shows</arg>
<arg>${expected_equation}</arg>
<doc>Runs the given keyword with the given arguments, if ``condition`` is true.</doc>
<status status="PASS" start="2025-04-29T15:51:26.534129" elapsed="0.000469"/>
</kw>
<kw name="Log" owner="BuiltIn">
<msg time="2025-04-29T15:51:26.534913" level="INFO">Verified calculator state - Display: 12, Equation: </msg>
<arg>Verified calculator state - Display: ${expected_display}, Equation: ${expected_equation}</arg>
<doc>Logs the given message with the given level.</doc>
<status status="PASS" start="2025-04-29T15:51:26.534741" elapsed="0.000214"/>
</kw>
<arg>${expected}</arg>
<status status="PASS" start="2025-04-29T15:51:26.517347" elapsed="0.017686"/>
</kw>
<kw name="Click Clear" owner="calculator_keywords">
<kw name="Click Element" owner="SeleniumLibrary">
<msg time="2025-04-29T15:51:26.535725" level="INFO">Clicking element 'css=[data-testid='clear-button']'.</msg>
<arg>${selectors.calculator.clear_button}</arg>
<doc>Click the element identified by ``locator``.</doc>
<status status="PASS" start="2025-04-29T15:51:26.535368" elapsed="0.027763"/>
</kw>
<kw name="Log" owner="BuiltIn">
<msg time="2025-04-29T15:51:26.563464" level="INFO">Clicked clear button</msg>
<arg>Clicked clear button</arg>
<doc>Logs the given message with the given level.</doc>
<status status="PASS" start="2025-04-29T15:51:26.563316" elapsed="0.000192"/>
</kw>
<status status="PASS" start="2025-04-29T15:51:26.535171" elapsed="0.028401"/>
</kw>
<arg>4</arg>
<arg>*</arg>
<arg>3</arg>
<arg>12</arg>
<status status="PASS" start="2025-04-29T15:51:26.354234" elapsed="0.209384"/>
</kw>
<kw name="Test Basic Operation">
<kw name="Perform Calculation" owner="calculator_keywords">
<kw name="Click Number" owner="calculator_keywords">
<kw name="Split String To Characters" owner="String">
<msg time="2025-04-29T15:51:26.564706" level="INFO">${digits} = ['1', '5']</msg>
<var>${digits}</var>
<arg>${number}</arg>
<doc>Splits the given ``string`` to characters.</doc>
<status status="PASS" start="2025-04-29T15:51:26.564584" elapsed="0.000151"/>
</kw>
<for flavor="IN">
<iter>
<kw name="Format String" owner="String">
<msg time="2025-04-29T15:51:26.565346" level="INFO">${button_locator} = css=[data-testid='number-1']</msg>
<var>${button_locator}</var>
<arg>${selectors.calculator.number_button}</arg>
<arg>${digit}</arg>
<doc>Formats a ``template`` using the given ``positional`` and ``named`` arguments.</doc>
<status status="PASS" start="2025-04-29T15:51:26.564969" elapsed="0.000404"/>
</kw>
<kw name="Click Element" owner="SeleniumLibrary">
<msg time="2025-04-29T15:51:26.565747" level="INFO">Clicking element 'css=[data-testid='number-1']'.</msg>
<arg>${button_locator}</arg>
<doc>Click the element identified by ``locator``.</doc>
<status status="PASS" start="2025-04-29T15:51:26.565549" elapsed="0.040628"/>
</kw>
<var name="${digit}">1</var>
<status status="PASS" start="2025-04-29T15:51:26.564894" elapsed="0.041405"/>
</iter>
<iter>
<kw name="Format String" owner="String">
<msg time="2025-04-29T15:51:26.607345" level="INFO">${button_locator} = css=[data-testid='number-5']</msg>
<var>${button_locator}</var>
<arg>${selectors.calculator.number_button}</arg>
<arg>${digit}</arg>
<doc>Formats a ``template`` using the given ``positional`` and ``named`` arguments.</doc>
<status status="PASS" start="2025-04-29T15:51:26.606680" elapsed="0.000708"/>
</kw>
<kw name="Click Element" owner="SeleniumLibrary">
<msg time="2025-04-29T15:51:26.607823" level="INFO">Clicking element 'css=[data-testid='number-5']'.</msg>
<arg>${button_locator}</arg>
<doc>Click the element identified by ``locator``.</doc>
<status status="PASS" start="2025-04-29T15:51:26.607558" elapsed="0.037860"/>
</kw>
<var name="${digit}">5</var>
<status status="PASS" start="2025-04-29T15:51:26.606501" elapsed="0.039010"/>
</iter>
<var>${digit}</var>
<value>@{digits}</value>
<status status="PASS" start="2025-04-29T15:51:26.564787" elapsed="0.080771"/>
</for>
<kw name="Log" owner="BuiltIn">
<msg time="2025-04-29T15:51:26.645929" level="INFO">Clicked number: 15</msg>
<arg>Clicked number: ${number}</arg>
<doc>Logs the given message with the given level.</doc>
<status status="PASS" start="2025-04-29T15:51:26.645708" elapsed="0.000268"/>
</kw>
<arg>${num1}</arg>
<status status="PASS" start="2025-04-29T15:51:26.564392" elapsed="0.081650"/>
</kw>
<kw name="Click Operator" owner="calculator_keywords">
<kw name="Create Dictionary" owner="BuiltIn">
<msg time="2025-04-29T15:51:26.646629" level="INFO">${operator_map} = {'+': 'add', '-': 'subtract', '*': 'multiply', '/': 'divide'}</msg>
<var>${operator_map}</var>
<arg>+=add</arg>
<arg>-=subtract</arg>
<arg>*=multiply</arg>
<arg>/=divide</arg>
<doc>Creates and returns a dictionary based on the given ``items``.</doc>
<status status="PASS" start="2025-04-29T15:51:26.646445" elapsed="0.000211"/>
</kw>
<kw name="Get From Dictionary" owner="Collections">
<msg time="2025-04-29T15:51:26.646950" level="INFO">${operator_key} = divide</msg>
<var>${operator_key}</var>
<arg>${operator_map}</arg>
<arg>${operator}</arg>
<doc>Returns a value from the given ``dictionary`` based on the given ``key``.</doc>
<status status="PASS" start="2025-04-29T15:51:26.646772" elapsed="0.000201"/>
</kw>
<kw name="Format String" owner="String">
<msg time="2025-04-29T15:51:26.647501" level="INFO">${button_locator} = css=[data-testid='operator-divide']</msg>
<var>${button_locator}</var>
<arg>${selectors.calculator.operator_button}</arg>
<arg>${operator_key}</arg>
<doc>Formats a ``template`` using the given ``positional`` and ``named`` arguments.</doc>
<status status="PASS" start="2025-04-29T15:51:26.647064" elapsed="0.000464"/>
</kw>
<kw name="Click Element" owner="SeleniumLibrary">
<msg time="2025-04-29T15:51:26.647810" level="INFO">Clicking element 'css=[data-testid='operator-divide']'.</msg>
<arg>${button_locator}</arg>
<doc>Click the element identified by ``locator``.</doc>
<status status="PASS" start="2025-04-29T15:51:26.647627" elapsed="0.035957"/>
</kw>
<kw name="Log" owner="BuiltIn">
<msg time="2025-04-29T15:51:26.684208" level="INFO">Clicked operator: /</msg>
<arg>Clicked operator: ${operator}</arg>
<doc>Logs the given message with the given level.</doc>
<status status="PASS" start="2025-04-29T15:51:26.683883" elapsed="0.000396"/>
</kw>
<arg>${operator}</arg>
<status status="PASS" start="2025-04-29T15:51:26.646186" elapsed="0.038196"/>
</kw>
<kw name="Click Number" owner="calculator_keywords">
<kw name="Split String To Characters" owner="String">
<msg time="2025-04-29T15:51:26.685242" level="INFO">${digits} = ['3']</msg>
<var>${digits}</var>
<arg>${number}</arg>
<doc>Splits the given ``string`` to characters.</doc>
<status status="PASS" start="2025-04-29T15:51:26.685019" elapsed="0.000263"/>
</kw>
<for flavor="IN">
<iter>
<kw name="Format String" owner="String">
<msg time="2025-04-29T15:51:26.686309" level="INFO">${button_locator} = css=[data-testid='number-3']</msg>
<var>${button_locator}</var>
<arg>${selectors.calculator.number_button}</arg>
<arg>${digit}</arg>
<doc>Formats a ``template`` using the given ``positional`` and ``named`` arguments.</doc>
<status status="PASS" start="2025-04-29T15:51:26.685694" elapsed="0.000662"/>
</kw>
<kw name="Click Element" owner="SeleniumLibrary">
<msg time="2025-04-29T15:51:26.686872" level="INFO">Clicking element 'css=[data-testid='number-3']'.</msg>
<arg>${button_locator}</arg>
<doc>Click the element identified by ``locator``.</doc>
<status status="PASS" start="2025-04-29T15:51:26.686559" elapsed="0.033756"/>
</kw>
<var name="${digit}">3</var>
<status status="PASS" start="2025-04-29T15:51:26.685551" elapsed="0.034894"/>
</iter>
<var>${digit}</var>
<value>@{digits}</value>
<status status="PASS" start="2025-04-29T15:51:26.685371" elapsed="0.035142"/>
</for>
<kw name="Log" owner="BuiltIn">
<msg time="2025-04-29T15:51:26.721108" level="INFO">Clicked number: 3</msg>
<arg>Clicked number: ${number}</arg>
<doc>Logs the given message with the given level.</doc>
<status status="PASS" start="2025-04-29T15:51:26.720763" elapsed="0.000428"/>
</kw>
<arg>${num2}</arg>
<status status="PASS" start="2025-04-29T15:51:26.684626" elapsed="0.036666"/>
</kw>
<kw name="Click Equals" owner="calculator_keywords">
<kw name="Click Element" owner="SeleniumLibrary">
<msg time="2025-04-29T15:51:26.722297" level="INFO">Clicking element 'css=[data-testid='equals-button']'.</msg>
<arg>${selectors.calculator.equals_button}</arg>
<doc>Click the element identified by ``locator``.</doc>
<status status="PASS" start="2025-04-29T15:51:26.721827" elapsed="0.030968"/>
</kw>
<kw name="Log" owner="BuiltIn">
<msg time="2025-04-29T15:51:26.753157" level="INFO">Clicked equals button</msg>
<arg>Clicked equals button</arg>
<doc>Logs the given message with the given level.</doc>
<status status="PASS" start="2025-04-29T15:51:26.753001" elapsed="0.000202"/>
</kw>
<status status="PASS" start="2025-04-29T15:51:26.721503" elapsed="0.031768"/>
</kw>
<kw name="Log" owner="BuiltIn">
<msg time="2025-04-29T15:51:26.753536" level="INFO">Performed calculation: 15 / 3</msg>
<arg>Performed calculation: ${num1} ${operator} ${num2}</arg>
<doc>Logs the given message with the given level.</doc>
<status status="PASS" start="2025-04-29T15:51:26.753360" elapsed="0.000214"/>
</kw>
<arg>${num1}</arg>
<arg>${operator}</arg>
<arg>${num2}</arg>
<status status="PASS" start="2025-04-29T15:51:26.564105" elapsed="0.189524"/>
</kw>
<kw name="Verify Calculator State" owner="calculator_keywords">
<kw name="Verify Display Shows" owner="calculator_keywords">
<kw name="Wait Until Page Contains Element" owner="SeleniumLibrary">
<arg>${selectors.calculator.display}</arg>
<doc>Waits until the element ``locator`` appears on the current page.</doc>
<status status="PASS" start="2025-04-29T15:51:26.754537" elapsed="0.004223"/>
</kw>
<kw name="Get Text" owner="SeleniumLibrary">
<msg time="2025-04-29T15:51:26.771645" level="INFO">${actual_value} = 5</msg>
<var>${actual_value}</var>
<arg>${selectors.calculator.display}</arg>
<doc>Returns the text value of the element identified by ``locator``.</doc>
<status status="PASS" start="2025-04-29T15:51:26.758944" elapsed="0.012750"/>
</kw>
<kw name="Should Be Equal As Strings" owner="BuiltIn">
<arg>${actual_value}</arg>
<arg>${expected_value}</arg>
<doc>Fails if objects are unequal after converting them to strings.</doc>
<status status="PASS" start="2025-04-29T15:51:26.771881" elapsed="0.000243"/>
</kw>
<kw name="Log" owner="BuiltIn">
<msg time="2025-04-29T15:51:26.772349" level="INFO">Verified display shows: 5</msg>
<arg>Verified display shows: ${expected_value}</arg>
<doc>Logs the given message with the given level.</doc>
<status status="PASS" start="2025-04-29T15:51:26.772231" elapsed="0.000223"/>
</kw>
<arg>${expected_display}</arg>
<status status="PASS" start="2025-04-29T15:51:26.754314" elapsed="0.018210"/>
</kw>
<kw name="Run Keyword If" owner="BuiltIn">
<arg>'${expected_equation}' != '${EMPTY}'</arg>
<arg>Verify Equation Shows</arg>
<arg>${expected_equation}</arg>
<doc>Runs the given keyword with the given arguments, if ``condition`` is true.</doc>
<status status="PASS" start="2025-04-29T15:51:26.772636" elapsed="0.000426"/>
</kw>
<kw name="Log" owner="BuiltIn">
<msg time="2025-04-29T15:51:26.773323" level="INFO">Verified calculator state - Display: 5, Equation: </msg>
<arg>Verified calculator state - Display: ${expected_display}, Equation: ${expected_equation}</arg>
<doc>Logs the given message with the given level.</doc>
<status status="PASS" start="2025-04-29T15:51:26.773177" elapsed="0.000184"/>
</kw>
<arg>${expected}</arg>
<status status="PASS" start="2025-04-29T15:51:26.753769" elapsed="0.019651"/>
</kw>
<kw name="Click Clear" owner="calculator_keywords">
<kw name="Click Element" owner="SeleniumLibrary">
<msg time="2025-04-29T15:51:26.774127" level="INFO">Clicking element 'css=[data-testid='clear-button']'.</msg>
<arg>${selectors.calculator.clear_button}</arg>
<doc>Click the element identified by ``locator``.</doc>
<status status="PASS" start="2025-04-29T15:51:26.773751" elapsed="0.040865"/>
</kw>
<kw name="Log" owner="BuiltIn">
<msg time="2025-04-29T15:51:26.814988" level="INFO">Clicked clear button</msg>
<arg>Clicked clear button</arg>
<doc>Logs the given message with the given level.</doc>
<status status="PASS" start="2025-04-29T15:51:26.814825" elapsed="0.000208"/>
</kw>
<status status="PASS" start="2025-04-29T15:51:26.773544" elapsed="0.041561"/>
</kw>
<arg>15</arg>
<arg>/</arg>
<arg>3</arg>
<arg>5</arg>
<status status="PASS" start="2025-04-29T15:51:26.563815" elapsed="0.251338"/>
</kw>
<kw name="Close Browser" owner="SeleniumLibrary" type="TEARDOWN">
<doc>Closes the current browser.</doc>
<status status="PASS" start="2025-04-29T15:51:26.815396" elapsed="0.056925"/>
</kw>
<status status="PASS" start="2025-04-29T15:51:24.980551" elapsed="1.891979"/>
</test>
<test id="s1-t2" name="Clear Function" line="14">
<kw name="Open Calculator" owner="calculator_keywords" type="SETUP">
<kw name="Open Browser" owner="SeleniumLibrary">
<msg time="2025-04-29T15:51:26.874170" level="INFO">Opening browser 'chrome' to base url 'http://localhost:3000'.</msg>
<arg>${app.url}</arg>
<arg>chrome</arg>
<doc>Opens a new browser instance to the optional ``url``.</doc>
<status status="PASS" start="2025-04-29T15:51:26.873709" elapsed="0.866065"/>
</kw>
<kw name="Click Element" owner="SeleniumLibrary">
<msg time="2025-04-29T15:51:27.740465" level="INFO">Clicking element 'xpath=//button[contains(text(), 'Calculator')]'.</msg>
<arg>${selectors.header.calculator_button}</arg>
<doc>Click the element identified by ``locator``.</doc>
<status status="PASS" start="2025-04-29T15:51:27.739980" elapsed="0.093610"/>
</kw>
<kw name="Wait Until Page Contains Element" owner="SeleniumLibrary">
<arg>${selectors.calculator.calculator}</arg>
<doc>Waits until the element ``locator`` appears on the current page.</doc>
<status status="PASS" start="2025-04-29T15:51:27.833799" elapsed="0.007295"/>
</kw>
<kw name="Log" owner="BuiltIn">
<msg time="2025-04-29T15:51:27.841442" level="INFO">Opened calculator application</msg>
<arg>Opened calculator application</arg>
<doc>Logs the given message with the given level.</doc>
<status status="PASS" start="2025-04-29T15:51:27.841289" elapsed="0.000197"/>
</kw>
<status status="PASS" start="2025-04-29T15:51:26.873337" elapsed="0.968218"/>
</kw>
<kw name="Click Number" owner="calculator_keywords">
<kw name="Split String To Characters" owner="String">
<msg time="2025-04-29T15:51:27.842376" level="INFO">${digits} = ['1']</msg>
<var>${digits}</var>
<arg>${number}</arg>
<doc>Splits the given ``string`` to characters.</doc>
<status status="PASS" start="2025-04-29T15:51:27.842063" elapsed="0.000340"/>
</kw>
<for flavor="IN">
<iter>
<kw name="Format String" owner="String">
<msg time="2025-04-29T15:51:27.843124" level="INFO">${button_locator} = css=[data-testid='number-1']</msg>
<var>${button_locator}</var>
<arg>${selectors.calculator.number_button}</arg>
<arg>${digit}</arg>
<doc>Formats a ``template`` using the given ``positional`` and ``named`` arguments.</doc>
<status status="PASS" start="2025-04-29T15:51:27.842662" elapsed="0.000491"/>
</kw>
<kw name="Click Element" owner="SeleniumLibrary">
<msg time="2025-04-29T15:51:27.843456" level="INFO">Clicking element 'css=[data-testid='number-1']'.</msg>
<arg>${button_locator}</arg>
<doc>Click the element identified by ``locator``.</doc>
<status status="PASS" start="2025-04-29T15:51:27.843262" elapsed="0.032953"/>
</kw>
<var name="${digit}">1</var>
<status status="PASS" start="2025-04-29T15:51:27.842580" elapsed="0.033726"/>
</iter>
<var>${digit}</var>
<value>@{digits}</value>
<status status="PASS" start="2025-04-29T15:51:27.842462" elapsed="0.033889"/>
</for>
<kw name="Log" owner="BuiltIn">
<msg time="2025-04-29T15:51:27.876711" level="INFO">Clicked number: 1</msg>
<arg>Clicked number: ${number}</arg>
<doc>Logs the given message with the given level.</doc>
<status status="PASS" start="2025-04-29T15:51:27.876498" elapsed="0.000270"/>
</kw>
<arg>1</arg>
<status status="PASS" start="2025-04-29T15:51:27.841807" elapsed="0.035040"/>
</kw>
<kw name="Click Number" owner="calculator_keywords">
<kw name="Split String To Characters" owner="String">
<msg time="2025-04-29T15:51:27.877420" level="INFO">${digits} = ['2']</msg>
<var>${digits}</var>
<arg>${number}</arg>
<doc>Splits the given ``string`` to characters.</doc>
<status status="PASS" start="2025-04-29T15:51:27.877286" elapsed="0.000159"/>
</kw>
<for flavor="IN">
<iter>
<kw name="Format String" owner="String">
<msg time="2025-04-29T15:51:27.878069" level="INFO">${button_locator} = css=[data-testid='number-2']</msg>
<var>${button_locator}</var>
<arg>${selectors.calculator.number_button}</arg>
<arg>${digit}</arg>
<doc>Formats a ``template`` using the given ``positional`` and ``named`` arguments.</doc>
<status status="PASS" start="2025-04-29T15:51:27.877689" elapsed="0.000404"/>
</kw>
<kw name="Click Element" owner="SeleniumLibrary">
<msg time="2025-04-29T15:51:27.878341" level="INFO">Clicking element 'css=[data-testid='number-2']'.</msg>
<arg>${button_locator}</arg>
<doc>Click the element identified by ``locator``.</doc>
<status status="PASS" start="2025-04-29T15:51:27.878186" elapsed="0.032474"/>
</kw>
<var name="${digit}">2</var>
<status status="PASS" start="2025-04-29T15:51:27.877613" elapsed="0.033142"/>
</iter>
<var>${digit}</var>
<value>@{digits}</value>
<status status="PASS" start="2025-04-29T15:51:27.877498" elapsed="0.033301"/>
</for>
<kw name="Log" owner="BuiltIn">
<msg time="2025-04-29T15:51:27.911144" level="INFO">Clicked number: 2</msg>
<arg>Clicked number: ${number}</arg>
<doc>Logs the given message with the given level.</doc>
<status status="PASS" start="2025-04-29T15:51:27.910948" elapsed="0.000240"/>
</kw>
<arg>2</arg>
<status status="PASS" start="2025-04-29T15:51:27.877058" elapsed="0.034197"/>
</kw>
<kw name="Click Number" owner="calculator_keywords">
<kw name="Split String To Characters" owner="String">
<msg time="2025-04-29T15:51:27.911817" level="INFO">${digits} = ['3']</msg>
<var>${digits}</var>
<arg>${number}</arg>
<doc>Splits the given ``string`` to characters.</doc>
<status status="PASS" start="2025-04-29T15:51:27.911675" elapsed="0.000167"/>
</kw>
<for flavor="IN">
<iter>
<kw name="Format String" owner="String">
<msg time="2025-04-29T15:51:27.912453" level="INFO">${button_locator} = css=[data-testid='number-3']</msg>
<var>${button_locator}</var>
<arg>${selectors.calculator.number_button}</arg>
<arg>${digit}</arg>
<doc>Formats a ``template`` using the given ``positional`` and ``named`` arguments.</doc>
<status status="PASS" start="2025-04-29T15:51:27.912077" elapsed="0.000402"/>
</kw>
<kw name="Click Element" owner="SeleniumLibrary">
<msg time="2025-04-29T15:51:27.912834" level="INFO">Clicking element 'css=[data-testid='number-3']'.</msg>
<arg>${button_locator}</arg>
<doc>Click the element identified by ``locator``.</doc>
<status status="PASS" start="2025-04-29T15:51:27.912638" elapsed="0.040354"/>
</kw>
<var name="${digit}">3</var>
<status status="PASS" start="2025-04-29T15:51:27.912002" elapsed="0.041081"/>
</iter>
<var>${digit}</var>
<value>@{digits}</value>
<status status="PASS" start="2025-04-29T15:51:27.911895" elapsed="0.041232"/>
</for>
<kw name="Log" owner="BuiltIn">
<msg time="2025-04-29T15:51:27.953479" level="INFO">Clicked number: 3</msg>
<arg>Clicked number: ${number}</arg>
<doc>Logs the given message with the given level.</doc>
<status status="PASS" start="2025-04-29T15:51:27.953273" elapsed="0.000251"/>
</kw>
<arg>3</arg>
<status status="PASS" start="2025-04-29T15:51:27.911454" elapsed="0.042137"/>
</kw>
<kw name="Verify Calculator State" owner="calculator_keywords">
<kw name="Verify Display Shows" owner="calculator_keywords">
<kw name="Wait Until Page Contains Element" owner="SeleniumLibrary">
<arg>${selectors.calculator.display}</arg>
<doc>Waits until the element ``locator`` appears on the current page.</doc>
<status status="PASS" start="2025-04-29T15:51:27.954679" elapsed="0.007624"/>
</kw>
<kw name="Get Text" owner="SeleniumLibrary">
<msg time="2025-04-29T15:51:27.976975" level="INFO">${actual_value} = 123</msg>
<var>${actual_value}</var>
<arg>${selectors.calculator.display}</arg>
<doc>Returns the text value of the element identified by ``locator``.</doc>
<status status="PASS" start="2025-04-29T15:51:27.962503" elapsed="0.014523"/>
</kw>
<kw name="Should Be Equal As Strings" owner="BuiltIn">
<arg>${actual_value}</arg>
<arg>${expected_value}</arg>
<doc>Fails if objects are unequal after converting them to strings.</doc>
<status status="PASS" start="2025-04-29T15:51:27.977217" elapsed="0.000247"/>
</kw>
<kw name="Log" owner="BuiltIn">
<msg time="2025-04-29T15:51:27.977703" level="INFO">Verified display shows: 123</msg>
<arg>Verified display shows: ${expected_value}</arg>
<doc>Logs the given message with the given level.</doc>
<status status="PASS" start="2025-04-29T15:51:27.977573" elapsed="0.000177"/>
</kw>
<arg>${expected_display}</arg>
<status status="PASS" start="2025-04-29T15:51:27.954329" elapsed="0.023485"/>
</kw>
<kw name="Run Keyword If" owner="BuiltIn">
<arg>'${expected_equation}' != '${EMPTY}'</arg>
<arg>Verify Equation Shows</arg>
<arg>${expected_equation}</arg>
<doc>Runs the given keyword with the given arguments, if ``condition`` is true.</doc>
<status status="PASS" start="2025-04-29T15:51:27.977911" elapsed="0.000377"/>
</kw>
<kw name="Log" owner="BuiltIn">
<msg time="2025-04-29T15:51:27.978517" level="INFO">Verified calculator state - Display: 123, Equation: </msg>
<arg>Verified calculator state - Display: ${expected_display}, Equation: ${expected_equation}</arg>
<doc>Logs the given message with the given level.</doc>
<status status="PASS" start="2025-04-29T15:51:27.978386" elapsed="0.000167"/>
</kw>
<arg>123</arg>
<status status="PASS" start="2025-04-29T15:51:27.953771" elapsed="0.024838"/>
</kw>
<kw name="Click Clear" owner="calculator_keywords">
<kw name="Click Element" owner="SeleniumLibrary">
<msg time="2025-04-29T15:51:27.979346" level="INFO">Clicking element 'css=[data-testid='clear-button']'.</msg>
<arg>${selectors.calculator.clear_button}</arg>
<doc>Click the element identified by ``locator``.</doc>
<status status="PASS" start="2025-04-29T15:51:27.979004" elapsed="0.043364"/>
</kw>
<kw name="Log" owner="BuiltIn">
<msg time="2025-04-29T15:51:28.022888" level="INFO">Clicked clear button</msg>
<arg>Clicked clear button</arg>
<doc>Logs the given message with the given level.</doc>
<status status="PASS" start="2025-04-29T15:51:28.022605" elapsed="0.000354"/>
</kw>
<status status="PASS" start="2025-04-29T15:51:27.978800" elapsed="0.044268"/>
</kw>
<kw name="Verify Calculator State" owner="calculator_keywords">
<kw name="Verify Display Shows" owner="calculator_keywords">
<kw name="Wait Until Page Contains Element" owner="SeleniumLibrary">
<arg>${selectors.calculator.display}</arg>
<doc>Waits until the element ``locator`` appears on the current page.</doc>
<status status="PASS" start="2025-04-29T15:51:28.025226" elapsed="0.005418"/>
</kw>
<kw name="Get Text" owner="SeleniumLibrary">
<msg time="2025-04-29T15:51:28.041594" level="INFO">${actual_value} = 0</msg>
<var>${actual_value}</var>
<arg>${selectors.calculator.display}</arg>
<doc>Returns the text value of the element identified by ``locator``.</doc>
<status status="PASS" start="2025-04-29T15:51:28.030941" elapsed="0.010705"/>
</kw>
<kw name="Should Be Equal As Strings" owner="BuiltIn">
<arg>${actual_value}</arg>
<arg>${expected_value}</arg>
<doc>Fails if objects are unequal after converting them to strings.</doc>
<status status="PASS" start="2025-04-29T15:51:28.041822" elapsed="0.000229"/>
</kw>
<kw name="Log" owner="BuiltIn">
<msg time="2025-04-29T15:51:28.042269" level="INFO">Verified display shows: 0</msg>
<arg>Verified display shows: ${expected_value}</arg>
<doc>Logs the given message with the given level.</doc>
<status status="PASS" start="2025-04-29T15:51:28.042156" elapsed="0.000149"/>
</kw>
<arg>${expected_display}</arg>
<status status="PASS" start="2025-04-29T15:51:28.024020" elapsed="0.018343"/>
</kw>
<kw name="Run Keyword If" owner="BuiltIn">
<arg>'${expected_equation}' != '${EMPTY}'</arg>
<arg>Verify Equation Shows</arg>
<arg>${expected_equation}</arg>
<doc>Runs the given keyword with the given arguments, if ``condition`` is true.</doc>
<status status="PASS" start="2025-04-29T15:51:28.042453" elapsed="0.000377"/>
</kw>
<kw name="Log" owner="BuiltIn">
<msg time="2025-04-29T15:51:28.043055" level="INFO">Verified calculator state - Display: 0, Equation: </msg>
<arg>Verified calculator state - Display: ${expected_display}, Equation: ${expected_equation}</arg>
<doc>Logs the given message with the given level.</doc>
<status status="PASS" start="2025-04-29T15:51:28.042926" elapsed="0.000165"/>
</kw>
<arg>0</arg>
<status status="PASS" start="2025-04-29T15:51:28.023367" elapsed="0.019776"/>
</kw>
<kw name="Close Browser" owner="SeleniumLibrary" type="TEARDOWN">
<doc>Closes the current browser.</doc>
<status status="PASS" start="2025-04-29T15:51:28.043322" elapsed="0.055329"/>
</kw>
<status status="PASS" start="2025-04-29T15:51:26.872872" elapsed="1.225920"/>
</test>
<test id="s1-t3" name="Complex Calculations" line="22">
<kw name="Open Calculator" owner="calculator_keywords" type="SETUP">
<kw name="Open Browser" owner="SeleniumLibrary">
<msg time="2025-04-29T15:51:28.100008" level="INFO">Opening browser 'chrome' to base url 'http://localhost:3000'.</msg>
<arg>${app.url}</arg>
<arg>chrome</arg>
<doc>Opens a new browser instance to the optional ``url``.</doc>
<status status="PASS" start="2025-04-29T15:51:28.099583" elapsed="0.789776"/>
</kw>
<kw name="Click Element" owner="SeleniumLibrary">
<msg time="2025-04-29T15:51:28.890374" level="INFO">Clicking element 'xpath=//button[contains(text(), 'Calculator')]'.</msg>
<arg>${selectors.header.calculator_button}</arg>
<doc>Click the element identified by ``locator``.</doc>
<status status="PASS" start="2025-04-29T15:51:28.889626" elapsed="0.093105"/>
</kw>
<kw name="Wait Until Page Contains Element" owner="SeleniumLibrary">
<arg>${selectors.calculator.calculator}</arg>
<doc>Waits until the element ``locator`` appears on the current page.</doc>
<status status="PASS" start="2025-04-29T15:51:28.982962" elapsed="0.007105"/>
</kw>
<kw name="Log" owner="BuiltIn">
<msg time="2025-04-29T15:51:28.990452" level="INFO">Opened calculator application</msg>
<arg>Opened calculator application</arg>
<doc>Logs the given message with the given level.</doc>
<status status="PASS" start="2025-04-29T15:51:28.990287" elapsed="0.000214"/>
</kw>
<status status="PASS" start="2025-04-29T15:51:28.099334" elapsed="0.891239"/>
</kw>
<kw name="Test Complex Calculation">
<kw name="Perform Complex Calculation" owner="calculator_keywords">
<kw name="Set Variable" owner="BuiltIn">
<msg time="2025-04-29T15:51:28.991669" level="INFO">${step_count} = 0</msg>
<var>${step_count}</var>
<arg>0</arg>
<doc>Returns the given values which can then be assigned to a variables.</doc>
<status status="PASS" start="2025-04-29T15:51:28.991536" elapsed="0.000162"/>
</kw>
<for flavor="IN">
<iter>
<kw name="Run Keyword If" owner="BuiltIn">
<kw name="Click Number" owner="calculator_keywords">
<kw name="Split String To Characters" owner="String">
<msg time="2025-04-29T15:51:28.992684" level="INFO">${digits} = ['1', '0']</msg>
<var>${digits}</var>
<arg>${number}</arg>
<doc>Splits the given ``string`` to characters.</doc>
<status status="PASS" start="2025-04-29T15:51:28.992550" elapsed="0.000158"/>
</kw>
<for flavor="IN">
<iter>
<kw name="Format String" owner="String">
<msg time="2025-04-29T15:51:28.993327" level="INFO">${button_locator} = css=[data-testid='number-1']</msg>
<var>${button_locator}</var>
<arg>${selectors.calculator.number_button}</arg>
<arg>${digit}</arg>
<doc>Formats a ``template`` using the given ``positional`` and ``named`` arguments.</doc>
<status status="PASS" start="2025-04-29T15:51:28.992944" elapsed="0.000410"/>
</kw>
<kw name="Click Element" owner="SeleniumLibrary">
<msg time="2025-04-29T15:51:28.993635" level="INFO">Clicking element 'css=[data-testid='number-1']'.</msg>
<arg>${button_locator}</arg>
<doc>Click the element identified by ``locator``.</doc>
<status status="PASS" start="2025-04-29T15:51:28.993463" elapsed="0.040776"/>
</kw>
<var name="${digit}">1</var>
<status status="PASS" start="2025-04-29T15:51:28.992871" elapsed="0.041461"/>
</iter>
<iter>
<kw name="Format String" owner="String">
<msg time="2025-04-29T15:51:29.035056" level="INFO">${button_locator} = css=[data-testid='number-0']</msg>
<var>${button_locator}</var>
<arg>${selectors.calculator.number_button}</arg>
<arg>${digit}</arg>
<doc>Formats a ``template`` using the given ``positional`` and ``named`` arguments.</doc>
<status status="PASS" start="2025-04-29T15:51:29.034594" elapsed="0.000493"/>
</kw>
<kw name="Click Element" owner="SeleniumLibrary">
<msg time="2025-04-29T15:51:29.035380" level="INFO">Clicking element 'css=[data-testid='number-0']'.</msg>
<arg>${button_locator}</arg>
<doc>Click the element identified by ``locator``.</doc>
<status status="PASS" start="2025-04-29T15:51:29.035206" elapsed="0.037228"/>
</kw>
<var name="${digit}">0</var>
<status status="PASS" start="2025-04-29T15:51:29.034469" elapsed="0.038098"/>
</iter>
<var>${digit}</var>
<value>@{digits}</value>
<status status="PASS" start="2025-04-29T15:51:28.992767" elapsed="0.079859"/>
</for>
<kw name="Log" owner="BuiltIn">
<msg time="2025-04-29T15:51:29.073166" level="INFO">Clicked number: 10</msg>
<arg>Clicked number: ${number}</arg>
<doc>Logs the given message with the given level.</doc>
<status status="PASS" start="2025-04-29T15:51:29.072863" elapsed="0.000375"/>
</kw>
<arg>${step}</arg>
<status status="PASS" start="2025-04-29T15:51:28.992327" elapsed="0.081011"/>
</kw>
<arg>'${step}' in ['+', '-', '*', '/']</arg>
<arg>Click Operator</arg>
<arg>${step}</arg>
<arg>ELSE IF</arg>
<arg>'${step}' == '='</arg>
<arg>Click Equals</arg>
<arg>ELSE IF</arg>
<arg>'${step}' == '.'</arg>
<arg>Click Decimal</arg>
<arg>ELSE</arg>
<arg>Click Number</arg>
<arg>${step}</arg>
<doc>Runs the given keyword with the given arguments, if ``condition`` is true.</doc>
<status status="PASS" start="2025-04-29T15:51:28.991978" elapsed="0.081436"/>
</kw>
<kw name="Evaluate" owner="BuiltIn">
<msg time="2025-04-29T15:51:29.073915" level="INFO">${step_count} = 1</msg>
<var>${step_count}</var>
<arg>${step_count} + 1</arg>
<doc>Evaluates the given expression in Python and returns the result.</doc>
<status status="PASS" start="2025-04-29T15:51:29.073602" elapsed="0.000340"/>
</kw>
<var name="${step}">10</var>
<status status="PASS" start="2025-04-29T15:51:28.991882" elapsed="0.082105"/>
</iter>
<iter>
<kw name="Run Keyword If" owner="BuiltIn">
<kw name="Click Operator" owner="calculator_keywords">
<kw name="Create Dictionary" owner="BuiltIn">
<msg time="2025-04-29T15:51:29.074894" level="INFO">${operator_map} = {'+': 'add', '-': 'subtract', '*': 'multiply', '/': 'divide'}</msg>
<var>${operator_map}</var>
<arg>+=add</arg>
<arg>-=subtract</arg>
<arg>*=multiply</arg>
<arg>/=divide</arg>
<doc>Creates and returns a dictionary based on the given ``items``.</doc>
<status status="PASS" start="2025-04-29T15:51:29.074728" elapsed="0.000190"/>
</kw>
<kw name="Get From Dictionary" owner="Collections">
<msg time="2025-04-29T15:51:29.075160" level="INFO">${operator_key} = add</msg>
<var>${operator_key}</var>
<arg>${operator_map}</arg>
<arg>${operator}</arg>
<doc>Returns a value from the given ``dictionary`` based on the given ``key``.</doc>
<status status="PASS" start="2025-04-29T15:51:29.075009" elapsed="0.000172"/>
</kw>
<kw name="Format String" owner="String">
<msg time="2025-04-29T15:51:29.075709" level="INFO">${button_locator} = css=[data-testid='operator-add']</msg>
<var>${button_locator}</var>
<arg>${selectors.calculator.operator_button}</arg>
<arg>${operator_key}</arg>
<doc>Formats a ``template`` using the given ``positional`` and ``named`` arguments.</doc>
<status status="PASS" start="2025-04-29T15:51:29.075265" elapsed="0.000478"/>
</kw>
<kw name="Click Element" owner="SeleniumLibrary">
<msg time="2025-04-29T15:51:29.076001" level="INFO">Clicking element 'css=[data-testid='operator-add']'.</msg>
<arg>${button_locator}</arg>
<doc>Click the element identified by ``locator``.</doc>
<status status="PASS" start="2025-04-29T15:51:29.075842" elapsed="0.039562"/>
</kw>
<kw name="Log" owner="BuiltIn">
<msg time="2025-04-29T15:51:29.115955" level="INFO">Clicked operator: +</msg>
<arg>Clicked operator: ${operator}</arg>
<doc>Logs the given message with the given level.</doc>
<status status="PASS" start="2025-04-29T15:51:29.115668" elapsed="0.000336"/>
</kw>
<arg>${step}</arg>
<status status="PASS" start="2025-04-29T15:51:29.074480" elapsed="0.041596"/>
</kw>
<arg>'${step}' in ['+', '-', '*', '/']</arg>
<arg>Click Operator</arg>
<arg>${step}</arg>
<arg>ELSE IF</arg>
<arg>'${step}' == '='</arg>
<arg>Click Equals</arg>
<arg>ELSE IF</arg>
<arg>'${step}' == '.'</arg>
<arg>Click Decimal</arg>
<arg>ELSE</arg>
<arg>Click Number</arg>
<arg>${step}</arg>
<doc>Runs the given keyword with the given arguments, if ``condition`` is true.</doc>
<status status="PASS" start="2025-04-29T15:51:29.074210" elapsed="0.041915"/>
</kw>
<kw name="Evaluate" owner="BuiltIn">
<msg time="2025-04-29T15:51:29.116448" level="INFO">${step_count} = 2</msg>
<var>${step_count}</var>
<arg>${step_count} + 1</arg>
<doc>Evaluates the given expression in Python and returns the result.</doc>
<status status="PASS" start="2025-04-29T15:51:29.116252" elapsed="0.000219"/>
</kw>
<var name="${step}">+</var>
<status status="PASS" start="2025-04-29T15:51:29.074108" elapsed="0.042401"/>
</iter>
<iter>
<kw name="Run Keyword If" owner="BuiltIn">
<kw name="Click Number" owner="calculator_keywords">
<kw name="Split String To Characters" owner="String">
<msg time="2025-04-29T15:51:29.117773" level="INFO">${digits} = ['5']</msg>
<var>${digits}</var>
<arg>${number}</arg>
<doc>Splits the given ``string`` to characters.</doc>
<status status="PASS" start="2025-04-29T15:51:29.117525" elapsed="0.000295"/>
</kw>
<for flavor="IN">
<iter>
<kw name="Format String" owner="String">
<msg time="2025-04-29T15:51:29.118558" level="INFO">${button_locator} = css=[data-testid='number-5']</msg>
<var>${button_locator}</var>
<arg>${selectors.calculator.number_button}</arg>
<arg>${digit}</arg>
<doc>Formats a ``template`` using the given ``positional`` and ``named`` arguments.</doc>
<status status="PASS" start="2025-04-29T15:51:29.118165" elapsed="0.000419"/>
</kw>
<kw name="Click Element" owner="SeleniumLibrary">
<msg time="2025-04-29T15:51:29.118925" level="INFO">Clicking element 'css=[data-testid='number-5']'.</msg>
<arg>${button_locator}</arg>
<doc>Click the element identified by ``locator``.</doc>
<status status="PASS" start="2025-04-29T15:51:29.118741" elapsed="0.036539"/>
</kw>
<var name="${digit}">5</var>
<status status="PASS" start="2025-04-29T15:51:29.118074" elapsed="0.037339"/>
</iter>
<var>${digit}</var>
<value>@{digits}</value>
<status status="PASS" start="2025-04-29T15:51:29.117927" elapsed="0.037633"/>
</for>
<kw name="Log" owner="BuiltIn">
<msg time="2025-04-29T15:51:29.156101" level="INFO">Clicked number: 5</msg>
<arg>Clicked number: ${number}</arg>
<doc>Logs the given message with the given level.</doc>
<status status="PASS" start="2025-04-29T15:51:29.155801" elapsed="0.000377"/>
</kw>
<arg>${step}</arg>
<status status="PASS" start="2025-04-29T15:51:29.117150" elapsed="0.039125"/>
</kw>
<arg>'${step}' in ['+', '-', '*', '/']</arg>
<arg>Click Operator</arg>
<arg>${step}</arg>
<arg>ELSE IF</arg>
<arg>'${step}' == '='</arg>
<arg>Click Equals</arg>
<arg>ELSE IF</arg>
<arg>'${step}' == '.'</arg>
<arg>Click Decimal</arg>
<arg>ELSE</arg>
<arg>Click Number</arg>
<arg>${step}</arg>
<doc>Runs the given keyword with the given arguments, if ``condition`` is true.</doc>
<status status="PASS" start="2025-04-29T15:51:29.116706" elapsed="0.039637"/>
</kw>
<kw name="Evaluate" owner="BuiltIn">
<msg time="2025-04-29T15:51:29.156849" level="INFO">${step_count} = 3</msg>
<var>${step_count}</var>
<arg>${step_count} + 1</arg>
<doc>Evaluates the given expression in Python and returns the result.</doc>
<status status="PASS" start="2025-04-29T15:51:29.156525" elapsed="0.000368"/>
</kw>
<var name="${step}">5</var>
<status status="PASS" start="2025-04-29T15:51:29.116617" elapsed="0.040339"/>
</iter>
<iter>
<kw name="Run Keyword If" owner="BuiltIn">
<kw name="Click Operator" owner="calculator_keywords">
<kw name="Create Dictionary" owner="BuiltIn">
<msg time="2025-04-29T15:51:29.158249" level="INFO">${operator_map} = {'+': 'add', '-': 'subtract', '*': 'multiply', '/': 'divide'}</msg>
<var>${operator_map}</var>
<arg>+=add</arg>
<arg>-=subtract</arg>
<arg>*=multiply</arg>
<arg>/=divide</arg>
<doc>Creates and returns a dictionary based on the given ``items``.</doc>
<status status="PASS" start="2025-04-29T15:51:29.158051" elapsed="0.000225"/>
</kw>
<kw name="Get From Dictionary" owner="Collections">
<msg time="2025-04-29T15:51:29.158534" level="INFO">${operator_key} = multiply</msg>
<var>${operator_key}</var>
<arg>${operator_map}</arg>
<arg>${operator}</arg>
<doc>Returns a value from the given ``dictionary`` based on the given ``key``.</doc>
<status status="PASS" start="2025-04-29T15:51:29.158375" elapsed="0.000181"/>
</kw>
<kw name="Format String" owner="String">
<msg time="2025-04-29T15:51:29.159013" level="INFO">${button_locator} = css=[data-testid='operator-multiply']</msg>
<var>${button_locator}</var>
<arg>${selectors.calculator.operator_button}</arg>
<arg>${operator_key}</arg>
<doc>Formats a ``template`` using the given ``positional`` and ``named`` arguments.</doc>
<status status="PASS" start="2025-04-29T15:51:29.158642" elapsed="0.000396"/>
</kw>
<kw name="Click Element" owner="SeleniumLibrary">
<msg time="2025-04-29T15:51:29.159297" level="INFO">Clicking element 'css=[data-testid='operator-multiply']'.</msg>
<arg>${button_locator}</arg>
<doc>Click the element identified by ``locator``.</doc>
<status status="PASS" start="2025-04-29T15:51:29.159138" elapsed="0.040925"/>
</kw>
<kw name="Log" owner="BuiltIn">
<msg time="2025-04-29T15:51:29.200477" level="INFO">Clicked operator: *</msg>
<arg>Clicked operator: ${operator}</arg>
<doc>Logs the given message with the given level.</doc>
<status status="PASS" start="2025-04-29T15:51:29.200267" elapsed="0.000259"/>
</kw>
<arg>${step}</arg>
<status status="PASS" start="2025-04-29T15:51:29.157691" elapsed="0.042910"/>
</kw>
<arg>'${step}' in ['+', '-', '*', '/']</arg>
<arg>Click Operator</arg>
<arg>${step}</arg>
<arg>ELSE IF</arg>
<arg>'${step}' == '='</arg>
<arg>Click Equals</arg>
<arg>ELSE IF</arg>
<arg>'${step}' == '.'</arg>
<arg>Click Decimal</arg>
<arg>ELSE</arg>
<arg>Click Number</arg>
<arg>${step}</arg>
<doc>Runs the given keyword with the given arguments, if ``condition`` is true.</doc>
<status status="PASS" start="2025-04-29T15:51:29.157274" elapsed="0.043374"/>
</kw>
<kw name="Evaluate" owner="BuiltIn">
<msg time="2025-04-29T15:51:29.200965" level="INFO">${step_count} = 4</msg>
<var>${step_count}</var>
<arg>${step_count} + 1</arg>
<doc>Evaluates the given expression in Python and returns the result.</doc>
<status status="PASS" start="2025-04-29T15:51:29.200776" elapsed="0.000215"/>
</kw>
<var name="${step}">*</var>
<status status="PASS" start="2025-04-29T15:51:29.157111" elapsed="0.043922"/>
</iter>
<iter>
<kw name="Run Keyword If" owner="BuiltIn">
<kw name="Click Number" owner="calculator_keywords">
<kw name="Split String To Characters" owner="String">
<msg time="2025-04-29T15:51:29.201909" level="INFO">${digits} = ['2']</msg>
<var>${digits}</var>
<arg>${number}</arg>
<doc>Splits the given ``string`` to characters.</doc>
<status status="PASS" start="2025-04-29T15:51:29.201779" elapsed="0.000153"/>
</kw>
<for flavor="IN">
<iter>
<kw name="Format String" owner="String">
<msg time="2025-04-29T15:51:29.202655" level="INFO">${button_locator} = css=[data-testid='number-2']</msg>
<var>${button_locator}</var>
<arg>${selectors.calculator.number_button}</arg>
<arg>${digit}</arg>
<doc>Formats a ``template`` using the given ``positional`` and ``named`` arguments.</doc>
<status status="PASS" start="2025-04-29T15:51:29.202163" elapsed="0.000518"/>
</kw>
<kw name="Click Element" owner="SeleniumLibrary">
<msg time="2025-04-29T15:51:29.202978" level="INFO">Clicking element 'css=[data-testid='number-2']'.</msg>
<arg>${button_locator}</arg>
<doc>Click the element identified by ``locator``.</doc>
<status status="PASS" start="2025-04-29T15:51:29.202806" elapsed="0.035685"/>
</kw>
<var name="${digit}">2</var>
<status status="PASS" start="2025-04-29T15:51:29.202089" elapsed="0.036499"/>
</iter>
<var>${digit}</var>
<value>@{digits}</value>
<status status="PASS" start="2025-04-29T15:51:29.201986" elapsed="0.036649"/>
</for>
<kw name="Log" owner="BuiltIn">
<msg time="2025-04-29T15:51:29.239000" level="INFO">Clicked number: 2</msg>
<arg>Clicked number: ${number}</arg>
<doc>Logs the given message with the given level.</doc>
<status status="PASS" start="2025-04-29T15:51:29.238797" elapsed="0.000249"/>
</kw>
<arg>${step}</arg>
<status status="PASS" start="2025-04-29T15:51:29.201541" elapsed="0.037570"/>
</kw>
<arg>'${step}' in ['+', '-', '*', '/']</arg>
<arg>Click Operator</arg>
<arg>${step}</arg>
<arg>ELSE IF</arg>
<arg>'${step}' == '='</arg>
<arg>Click Equals</arg>
<arg>ELSE IF</arg>
<arg>'${step}' == '.'</arg>
<arg>Click Decimal</arg>
<arg>ELSE</arg>
<arg>Click Number</arg>
<arg>${step}</arg>
<doc>Runs the given keyword with the given arguments, if ``condition`` is true.</doc>
<status status="PASS" start="2025-04-29T15:51:29.201213" elapsed="0.037943"/>
</kw>
<kw name="Evaluate" owner="BuiltIn">
<msg time="2025-04-29T15:51:29.239464" level="INFO">${step_count} = 5</msg>
<var>${step_count}</var>
<arg>${step_count} + 1</arg>
<doc>Evaluates the given expression in Python and returns the result.</doc>
<status status="PASS" start="2025-04-29T15:51:29.239276" elapsed="0.000212"/>
</kw>
<var name="${step}">2</var>
<status status="PASS" start="2025-04-29T15:51:29.201129" elapsed="0.038398"/>
</iter>
<iter>
<kw name="Run Keyword If" owner="BuiltIn">
<kw name="Click Equals" owner="calculator_keywords">
<kw name="Click Element" owner="SeleniumLibrary">
<msg time="2025-04-29T15:51:29.240592" level="INFO">Clicking element 'css=[data-testid='equals-button']'.</msg>
<arg>${selectors.calculator.equals_button}</arg>
<doc>Click the element identified by ``locator``.</doc>
<status status="PASS" start="2025-04-29T15:51:29.240214" elapsed="0.035780"/>
</kw>
<kw name="Log" owner="BuiltIn">
<msg time="2025-04-29T15:51:29.276353" level="INFO">Clicked equals button</msg>
<arg>Clicked equals button</arg>
<doc>Logs the given message with the given level.</doc>
<status status="PASS" start="2025-04-29T15:51:29.276192" elapsed="0.000206"/>
</kw>
<status status="PASS" start="2025-04-29T15:51:29.240013" elapsed="0.036451"/>
</kw>
<arg>'${step}' in ['+', '-', '*', '/']</arg>
<arg>Click Operator</arg>
<arg>${step}</arg>
<arg>ELSE IF</arg>
<arg>'${step}' == '='</arg>
<arg>Click Equals</arg>
<arg>ELSE IF</arg>
<arg>'${step}' == '.'</arg>
<arg>Click Decimal</arg>
<arg>ELSE</arg>
<arg>Click Number</arg>
<arg>${step}</arg>
<doc>Runs the given keyword with the given arguments, if ``condition`` is true.</doc>
<status status="PASS" start="2025-04-29T15:51:29.239700" elapsed="0.036808"/>
</kw>
<kw name="Evaluate" owner="BuiltIn">
<msg time="2025-04-29T15:51:29.276974" level="INFO">${step_count} = 6</msg>
<var>${step_count}</var>
<arg>${step_count} + 1</arg>
<doc>Evaluates the given expression in Python and returns the result.</doc>
<status status="PASS" start="2025-04-29T15:51:29.276734" elapsed="0.000266"/>
</kw>
<var name="${step}">=</var>
<status status="PASS" start="2025-04-29T15:51:29.239617" elapsed="0.037424"/>
</iter>
<var>${step}</var>
<value>@{steps}</value>
<status status="PASS" start="2025-04-29T15:51:28.991767" elapsed="0.285321"/>
</for>
<kw name="Capture Page Screenshot" owner="SeleniumLibrary">
<msg time="2025-04-29T15:51:29.337384" level="INFO" html="true">&lt;/td&gt;&lt;/tr&gt;&lt;tr&gt;&lt;td colspan="3"&gt;&lt;a href="selenium-screenshot-1.png"&gt;&lt;img src="selenium-screenshot-1.png" width="800px"&gt;&lt;/a&gt;</msg>
<doc>Takes a screenshot of the current page and embeds it into a log file.</doc>
<status status="PASS" start="2025-04-29T15:51:29.277214" elapsed="0.060281"/>
</kw>
<kw name="Log" owner="BuiltIn">
<msg time="2025-04-29T15:51:29.337856" level="INFO">Performed complex calculation: ['10', '+', '5', '*', '2', '=']</msg>
<arg>Performed complex calculation: @{steps}</arg>
<doc>Logs the given message with the given level.</doc>
<status status="PASS" start="2025-04-29T15:51:29.337663" elapsed="0.000237"/>
</kw>
<arg>${num1}</arg>
<arg>${operator1}</arg>
<arg>${num2}</arg>
<arg>${operator2}</arg>
<arg>${num3}</arg>
<arg>=</arg>
<status status="PASS" start="2025-04-29T15:51:28.991118" elapsed="0.346849"/>
</kw>
<kw name="Verify Calculator State" owner="calculator_keywords">
<kw name="Verify Display Shows" owner="calculator_keywords">
<kw name="Wait Until Page Contains Element" owner="SeleniumLibrary">
<arg>${selectors.calculator.display}</arg>
<doc>Waits until the element ``locator`` appears on the current page.</doc>
<status status="PASS" start="2025-04-29T15:51:29.338925" elapsed="0.007276"/>
</kw>
<kw name="Get Text" owner="SeleniumLibrary">
<msg time="2025-04-29T15:51:29.366104" level="INFO">${actual_value} = 20</msg>
<var>${actual_value}</var>
<arg>${selectors.calculator.display}</arg>
<doc>Returns the text value of the element identified by ``locator``.</doc>
<status status="PASS" start="2025-04-29T15:51:29.346531" elapsed="0.019644"/>
</kw>
<kw name="Should Be Equal As Strings" owner="BuiltIn">
<arg>${actual_value}</arg>
<arg>${expected_value}</arg>
<doc>Fails if objects are unequal after converting them to strings.</doc>
<status status="PASS" start="2025-04-29T15:51:29.366441" elapsed="0.000471"/>
</kw>
<kw name="Log" owner="BuiltIn">
<msg time="2025-04-29T15:51:29.367283" level="INFO">Verified display shows: 20</msg>
<arg>Verified display shows: ${expected_value}</arg>
<doc>Logs the given message with the given level.</doc>
<status status="PASS" start="2025-04-29T15:51:29.367108" elapsed="0.000230"/>
</kw>
<arg>${expected_display}</arg>
<status status="PASS" start="2025-04-29T15:51:29.338691" elapsed="0.028732"/>
</kw>
<kw name="Run Keyword If" owner="BuiltIn">
<arg>'${expected_equation}' != '${EMPTY}'</arg>
<arg>Verify Equation Shows</arg>
<arg>${expected_equation}</arg>
<doc>Runs the given keyword with the given arguments, if ``condition`` is true.</doc>
<status status="PASS" start="2025-04-29T15:51:29.367556" elapsed="0.000609"/>
</kw>
<kw name="Log" owner="BuiltIn">
<msg time="2025-04-29T15:51:29.368522" level="INFO">Verified calculator state - Display: 20, Equation: </msg>
<arg>Verified calculator state - Display: ${expected_display}, Equation: ${expected_equation}</arg>
<doc>Logs the given message with the given level.</doc>
<status status="PASS" start="2025-04-29T15:51:29.368325" elapsed="0.000251"/>
</kw>
<arg>${expected}</arg>
<status status="PASS" start="2025-04-29T15:51:29.338116" elapsed="0.030541"/>
</kw>
<kw name="Click Clear" owner="calculator_keywords">
<kw name="Click Element" owner="SeleniumLibrary">
<msg time="2025-04-29T15:51:29.369659" level="INFO">Clicking element 'css=[data-testid='clear-button']'.</msg>
<arg>${selectors.calculator.clear_button}</arg>
<doc>Click the element identified by ``locator``.</doc>
<status status="PASS" start="2025-04-29T15:51:29.369127" elapsed="0.041120"/>
</kw>
<kw name="Log" owner="BuiltIn">
<msg time="2025-04-29T15:51:29.410733" level="INFO">Clicked clear button</msg>
<arg>Clicked clear button</arg>
<doc>Logs the given message with the given level.</doc>
<status status="PASS" start="2025-04-29T15:51:29.410508" elapsed="0.000296"/>
</kw>
<status status="PASS" start="2025-04-29T15:51:29.368857" elapsed="0.042047"/>
</kw>
<arg>10</arg>
<arg>+</arg>
<arg>5</arg>
<arg>*</arg>
<arg>2</arg>
<arg>20</arg>
<status status="PASS" start="2025-04-29T15:51:28.990774" elapsed="0.420200"/>
</kw>
<kw name="Test Complex Calculation">
<kw name="Perform Complex Calculation" owner="calculator_keywords">
<kw name="Set Variable" owner="BuiltIn">
<msg time="2025-04-29T15:51:29.412325" level="INFO">${step_count} = 0</msg>
<var>${step_count}</var>
<arg>0</arg>
<doc>Returns the given values which can then be assigned to a variables.</doc>
<status status="PASS" start="2025-04-29T15:51:29.412152" elapsed="0.000208"/>
</kw>
<for flavor="IN">
<iter>
<kw name="Run Keyword If" owner="BuiltIn">
<kw name="Click Number" owner="calculator_keywords">
<kw name="Split String To Characters" owner="String">
<msg time="2025-04-29T15:51:29.413795" level="INFO">${digits} = ['2', '0']</msg>
<var>${digits}</var>
<arg>${number}</arg>
<doc>Splits the given ``string`` to characters.</doc>
<status status="PASS" start="2025-04-29T15:51:29.413586" elapsed="0.000247"/>
</kw>
<for flavor="IN">
<iter>
<kw name="Format String" owner="String">
<msg time="2025-04-29T15:51:29.414963" level="INFO">${button_locator} = css=[data-testid='number-2']</msg>
<var>${button_locator}</var>
<arg>${selectors.calculator.number_button}</arg>
<arg>${digit}</arg>
<doc>Formats a ``template`` using the given ``positional`` and ``named`` arguments.</doc>
<status status="PASS" start="2025-04-29T15:51:29.414381" elapsed="0.000621"/>
</kw>
[...]
<arg>Verified calculator state - Display: ${expected_display}, Equation: ${expected_equation}</arg>
<doc>Logs the given message with the given level.</doc>
<status status="PASS" start="2025-04-29T15:51:37.065156" elapsed="0.000189"/>
</kw>
<arg>10</arg>
<status status="PASS" start="2025-04-29T15:51:37.037911" elapsed="0.027494"/>
</kw>
<kw name="Close Browser" owner="SeleniumLibrary" type="TEARDOWN">
<doc>Closes the current browser.</doc>
<status status="PASS" start="2025-04-29T15:51:37.065598" elapsed="0.058078"/>
</kw>
<status status="PASS" start="2025-04-29T15:51:35.756665" elapsed="1.367213"/>
</test>
<test id="s1-t8" name="Clear During Calculation" line="59">
<kw name="Open Calculator" owner="calculator_keywords" type="SETUP">
<kw name="Open Browser" owner="SeleniumLibrary">
<msg time="2025-04-29T15:51:37.126004" level="INFO">Opening browser 'chrome' to base url 'http://localhost:3000'.</msg>
<arg>${app.url}</arg>
<arg>chrome</arg>
<doc>Opens a new browser instance to the optional ``url``.</doc>
<status status="PASS" start="2025-04-29T15:51:37.125195" elapsed="0.834492"/>
</kw>
<kw name="Click Element" owner="SeleniumLibrary">
<msg time="2025-04-29T15:51:37.960397" level="INFO">Clicking element 'xpath=//button[contains(text(), 'Calculator')]'.</msg>
<arg>${selectors.header.calculator_button}</arg>
<doc>Click the element identified by ``locator``.</doc>
<status status="PASS" start="2025-04-29T15:51:37.959898" elapsed="0.081967"/>
</kw>
<kw name="Wait Until Page Contains Element" owner="SeleniumLibrary">
<arg>${selectors.calculator.calculator}</arg>
<doc>Waits until the element ``locator`` appears on the current page.</doc>
<status status="PASS" start="2025-04-29T15:51:38.042072" elapsed="0.008519"/>
</kw>
<kw name="Log" owner="BuiltIn">
<msg time="2025-04-29T15:51:38.050939" level="INFO">Opened calculator application</msg>
<arg>Opened calculator application</arg>
<doc>Logs the given message with the given level.</doc>
<status status="PASS" start="2025-04-29T15:51:38.050787" elapsed="0.000196"/>
</kw>
<status status="PASS" start="2025-04-29T15:51:37.124765" elapsed="0.926284"/>
</kw>
<kw name="Click Number" owner="calculator_keywords">
<kw name="Split String To Characters" owner="String">
<msg time="2025-04-29T15:51:38.051643" level="INFO">${digits} = ['1']</msg>
<var>${digits}</var>
<arg>${number}</arg>
<doc>Splits the given ``string`` to characters.</doc>
<status status="PASS" start="2025-04-29T15:51:38.051507" elapsed="0.000159"/>
</kw>
<for flavor="IN">
<iter>
<kw name="Format String" owner="String">
<msg time="2025-04-29T15:51:38.052282" level="INFO">${button_locator} = css=[data-testid='number-1']</msg>
<var>${button_locator}</var>
<arg>${selectors.calculator.number_button}</arg>
<arg>${digit}</arg>
<doc>Formats a ``template`` using the given ``positional`` and ``named`` arguments.</doc>
<status status="PASS" start="2025-04-29T15:51:38.051914" elapsed="0.000392"/>
</kw>
<kw name="Click Element" owner="SeleniumLibrary">
<msg time="2025-04-29T15:51:38.052565" level="INFO">Clicking element 'css=[data-testid='number-1']'.</msg>
<arg>${button_locator}</arg>
<doc>Click the element identified by ``locator``.</doc>
<status status="PASS" start="2025-04-29T15:51:38.052407" elapsed="0.039319"/>
</kw>
<var name="${digit}">1</var>
<status status="PASS" start="2025-04-29T15:51:38.051837" elapsed="0.039983"/>
</iter>
<var>${digit}</var>
<value>@{digits}</value>
<status status="PASS" start="2025-04-29T15:51:38.051726" elapsed="0.040142"/>
</for>
<kw name="Log" owner="BuiltIn">
<msg time="2025-04-29T15:51:38.092210" level="INFO">Clicked number: 1</msg>
<arg>Clicked number: ${number}</arg>
<doc>Logs the given message with the given level.</doc>
<status status="PASS" start="2025-04-29T15:51:38.092015" elapsed="0.000241"/>
</kw>
<arg>1</arg>
<status status="PASS" start="2025-04-29T15:51:38.051270" elapsed="0.041051"/>
</kw>
<kw name="Click Operator" owner="calculator_keywords">
<kw name="Create Dictionary" owner="BuiltIn">
<msg time="2025-04-29T15:51:38.092913" level="INFO">${operator_map} = {'+': 'add', '-': 'subtract', '*': 'multiply', '/': 'divide'}</msg>
<var>${operator_map}</var>
<arg>+=add</arg>
<arg>-=subtract</arg>
<arg>*=multiply</arg>
<arg>/=divide</arg>
<doc>Creates and returns a dictionary based on the given ``items``.</doc>
<status status="PASS" start="2025-04-29T15:51:38.092741" elapsed="0.000196"/>
</kw>
<kw name="Get From Dictionary" owner="Collections">
<msg time="2025-04-29T15:51:38.093182" level="INFO">${operator_key} = add</msg>
<var>${operator_key}</var>
<arg>${operator_map}</arg>
<arg>${operator}</arg>
<doc>Returns a value from the given ``dictionary`` based on the given ``key``.</doc>
<status status="PASS" start="2025-04-29T15:51:38.093032" elapsed="0.000171"/>
</kw>
<kw name="Format String" owner="String">
<msg time="2025-04-29T15:51:38.093639" level="INFO">${button_locator} = css=[data-testid='operator-add']</msg>
<var>${button_locator}</var>
<arg>${selectors.calculator.operator_button}</arg>
<arg>${operator_key}</arg>
<doc>Formats a ``template`` using the given ``positional`` and ``named`` arguments.</doc>
<status status="PASS" start="2025-04-29T15:51:38.093286" elapsed="0.000376"/>
</kw>
<kw name="Click Element" owner="SeleniumLibrary">
<msg time="2025-04-29T15:51:38.094034" level="INFO">Clicking element 'css=[data-testid='operator-add']'.</msg>
<arg>${button_locator}</arg>
<doc>Click the element identified by ``locator``.</doc>
<status status="PASS" start="2025-04-29T15:51:38.093798" elapsed="0.033260"/>
</kw>
<kw name="Log" owner="BuiltIn">
<msg time="2025-04-29T15:51:38.127634" level="INFO">Clicked operator: +</msg>
<arg>Clicked operator: ${operator}</arg>
<doc>Logs the given message with the given level.</doc>
<status status="PASS" start="2025-04-29T15:51:38.127339" elapsed="0.000353"/>
</kw>
<arg>+</arg>
<status status="PASS" start="2025-04-29T15:51:38.092506" elapsed="0.035290"/>
</kw>
<kw name="Click Number" owner="calculator_keywords">
<kw name="Split String To Characters" owner="String">
<msg time="2025-04-29T15:51:38.128758" level="INFO">${digits} = ['2']</msg>
<var>${digits}</var>
<arg>${number}</arg>
<doc>Splits the given ``string`` to characters.</doc>
<status status="PASS" start="2025-04-29T15:51:38.128528" elapsed="0.000261"/>
</kw>
<for flavor="IN">
<iter>
<kw name="Format String" owner="String">
<msg time="2025-04-29T15:51:38.129995" level="INFO">${button_locator} = css=[data-testid='number-2']</msg>
<var>${button_locator}</var>
<arg>${selectors.calculator.number_button}</arg>
<arg>${digit}</arg>
<doc>Formats a ``template`` using the given ``positional`` and ``named`` arguments.</doc>
<status status="PASS" start="2025-04-29T15:51:38.129160" elapsed="0.000876"/>
</kw>
<kw name="Click Element" owner="SeleniumLibrary">
<msg time="2025-04-29T15:51:38.130371" level="INFO">Clicking element 'css=[data-testid='number-2']'.</msg>
<arg>${button_locator}</arg>
<doc>Click the element identified by ``locator``.</doc>
<status status="PASS" start="2025-04-29T15:51:38.130189" elapsed="0.034766"/>
</kw>
<var name="${digit}">2</var>
<status status="PASS" start="2025-04-29T15:51:38.129025" elapsed="0.036016"/>
</iter>
<var>${digit}</var>
<value>@{digits}</value>
<status status="PASS" start="2025-04-29T15:51:38.128860" elapsed="0.036226"/>
</for>
<kw name="Log" owner="BuiltIn">
<msg time="2025-04-29T15:51:38.165424" level="INFO">Clicked number: 2</msg>
<arg>Clicked number: ${number}</arg>
<doc>Logs the given message with the given level.</doc>
<status status="PASS" start="2025-04-29T15:51:38.165235" elapsed="0.000235"/>
</kw>
<arg>2</arg>
<status status="PASS" start="2025-04-29T15:51:38.128089" elapsed="0.037448"/>
</kw>
<kw name="Click Clear" owner="calculator_keywords">
<kw name="Click Element" owner="SeleniumLibrary">
<msg time="2025-04-29T15:51:38.166313" level="INFO">Clicking element 'css=[data-testid='clear-button']'.</msg>
<arg>${selectors.calculator.clear_button}</arg>
<doc>Click the element identified by ``locator``.</doc>
<status status="PASS" start="2025-04-29T15:51:38.165940" elapsed="0.043115"/>
</kw>
<kw name="Log" owner="BuiltIn">
<msg time="2025-04-29T15:51:38.209413" level="INFO">Clicked clear button</msg>
<arg>Clicked clear button</arg>
<doc>Logs the given message with the given level.</doc>
<status status="PASS" start="2025-04-29T15:51:38.209258" elapsed="0.000198"/>
</kw>
<status status="PASS" start="2025-04-29T15:51:38.165727" elapsed="0.043793"/>
</kw>
<kw name="Verify Calculator State" owner="calculator_keywords">
<kw name="Verify Display Shows" owner="calculator_keywords">
<kw name="Wait Until Page Contains Element" owner="SeleniumLibrary">
<arg>${selectors.calculator.display}</arg>
<doc>Waits until the element ``locator`` appears on the current page.</doc>
<status status="PASS" start="2025-04-29T15:51:38.210444" elapsed="0.007645"/>
</kw>
<kw name="Get Text" owner="SeleniumLibrary">
<msg time="2025-04-29T15:51:38.232052" level="INFO">${actual_value} = 0</msg>
<var>${actual_value}</var>
<arg>${selectors.calculator.display}</arg>
<doc>Returns the text value of the element identified by ``locator``.</doc>
<status status="PASS" start="2025-04-29T15:51:38.218288" elapsed="0.013837"/>
</kw>
<kw name="Should Be Equal As Strings" owner="BuiltIn">
<arg>${actual_value}</arg>
<arg>${expected_value}</arg>
<doc>Fails if objects are unequal after converting them to strings.</doc>
<status status="PASS" start="2025-04-29T15:51:38.232390" elapsed="0.000399"/>
</kw>
<kw name="Log" owner="BuiltIn">
<msg time="2025-04-29T15:51:38.233143" level="INFO">Verified display shows: 0</msg>
<arg>Verified display shows: ${expected_value}</arg>
<doc>Logs the given message with the given level.</doc>
<status status="PASS" start="2025-04-29T15:51:38.232957" elapsed="0.000242"/>
</kw>
<arg>${expected_display}</arg>
<status status="PASS" start="2025-04-29T15:51:38.210214" elapsed="0.023061"/>
</kw>
<kw name="Run Keyword If" owner="BuiltIn">
<arg>'${expected_equation}' != '${EMPTY}'</arg>
<arg>Verify Equation Shows</arg>
<arg>${expected_equation}</arg>
<doc>Runs the given keyword with the given arguments, if ``condition`` is true.</doc>
<status status="PASS" start="2025-04-29T15:51:38.233401" elapsed="0.000429"/>
</kw>
<kw name="Log" owner="BuiltIn">
<msg time="2025-04-29T15:51:38.234074" level="INFO">Verified calculator state - Display: 0, Equation: </msg>
<arg>Verified calculator state - Display: ${expected_display}, Equation: ${expected_equation}</arg>
<doc>Logs the given message with the given level.</doc>
<status status="PASS" start="2025-04-29T15:51:38.233935" elapsed="0.000177"/>
</kw>
<arg>0</arg>
<status status="PASS" start="2025-04-29T15:51:38.209698" elapsed="0.024473"/>
</kw>
<kw name="Click Number" owner="calculator_keywords">
<kw name="Split String To Characters" owner="String">
<msg time="2025-04-29T15:51:38.234733" level="INFO">${digits} = ['3']</msg>
<var>${digits}</var>
<arg>${number}</arg>
<doc>Splits the given ``string`` to characters.</doc>
<status status="PASS" start="2025-04-29T15:51:38.234592" elapsed="0.000164"/>
</kw>
<for flavor="IN">
<iter>
<kw name="Format String" owner="String">
<msg time="2025-04-29T15:51:38.235601" level="INFO">${button_locator} = css=[data-testid='number-3']</msg>
<var>${button_locator}</var>
<arg>${selectors.calculator.number_button}</arg>
<arg>${digit}</arg>
<doc>Formats a ``template`` using the given ``positional`` and ``named`` arguments.</doc>
<status status="PASS" start="2025-04-29T15:51:38.235079" elapsed="0.000556"/>
</kw>
<kw name="Click Element" owner="SeleniumLibrary">
<msg time="2025-04-29T15:51:38.235934" level="INFO">Clicking element 'css=[data-testid='number-3']'.</msg>
<arg>${button_locator}</arg>
<doc>Click the element identified by ``locator``.</doc>
<status status="PASS" start="2025-04-29T15:51:38.235765" elapsed="0.037579"/>
</kw>
<var name="${digit}">3</var>
<status status="PASS" start="2025-04-29T15:51:38.234968" elapsed="0.038468"/>
</iter>
<var>${digit}</var>
<value>@{digits}</value>
<status status="PASS" start="2025-04-29T15:51:38.234814" elapsed="0.038669"/>
</for>
<kw name="Log" owner="BuiltIn">
<msg time="2025-04-29T15:51:38.273848" level="INFO">Clicked number: 3</msg>
<arg>Clicked number: ${number}</arg>
<doc>Logs the given message with the given level.</doc>
<status status="PASS" start="2025-04-29T15:51:38.273636" elapsed="0.000259"/>
</kw>
<arg>3</arg>
<status status="PASS" start="2025-04-29T15:51:38.234377" elapsed="0.039588"/>
</kw>
<kw name="Click Operator" owner="calculator_keywords">
<kw name="Create Dictionary" owner="BuiltIn">
<msg time="2025-04-29T15:51:38.274617" level="INFO">${operator_map} = {'+': 'add', '-': 'subtract', '*': 'multiply', '/': 'divide'}</msg>
<var>${operator_map}</var>
<arg>+=add</arg>
<arg>-=subtract</arg>
<arg>*=multiply</arg>
<arg>/=divide</arg>
<doc>Creates and returns a dictionary based on the given ``items``.</doc>
<status status="PASS" start="2025-04-29T15:51:38.274438" elapsed="0.000204"/>
</kw>
<kw name="Get From Dictionary" owner="Collections">
<msg time="2025-04-29T15:51:38.274905" level="INFO">${operator_key} = multiply</msg>
<var>${operator_key}</var>
<arg>${operator_map}</arg>
<arg>${operator}</arg>
<doc>Returns a value from the given ``dictionary`` based on the given ``key``.</doc>
<status status="PASS" start="2025-04-29T15:51:38.274748" elapsed="0.000178"/>
</kw>
<kw name="Format String" owner="String">
<msg time="2025-04-29T15:51:38.275382" level="INFO">${button_locator} = css=[data-testid='operator-multiply']</msg>
<var>${button_locator}</var>
<arg>${selectors.calculator.operator_button}</arg>
<arg>${operator_key}</arg>
<doc>Formats a ``template`` using the given ``positional`` and ``named`` arguments.</doc>
<status status="PASS" start="2025-04-29T15:51:38.275013" elapsed="0.000393"/>
</kw>
<kw name="Click Element" owner="SeleniumLibrary">
<msg time="2025-04-29T15:51:38.275647" level="INFO">Clicking element 'css=[data-testid='operator-multiply']'.</msg>
<arg>${button_locator}</arg>
<doc>Click the element identified by ``locator``.</doc>
<status status="PASS" start="2025-04-29T15:51:38.275499" elapsed="0.036866"/>
</kw>
<kw name="Log" owner="BuiltIn">
<msg time="2025-04-29T15:51:38.312800" level="INFO">Clicked operator: *</msg>
<arg>Clicked operator: ${operator}</arg>
<doc>Logs the given message with the given level.</doc>
<status status="PASS" start="2025-04-29T15:51:38.312570" elapsed="0.000280"/>
</kw>
<arg>*</arg>
<status status="PASS" start="2025-04-29T15:51:38.274181" elapsed="0.038747"/>
</kw>
<kw name="Click Number" owner="calculator_keywords">
<kw name="Split String To Characters" owner="String">
<msg time="2025-04-29T15:51:38.313562" level="INFO">${digits} = ['4']</msg>
<var>${digits}</var>
<arg>${number}</arg>
<doc>Splits the given ``string`` to characters.</doc>
<status status="PASS" start="2025-04-29T15:51:38.313411" elapsed="0.000177"/>
</kw>
<for flavor="IN">
<iter>
<kw name="Format String" owner="String">
<msg time="2025-04-29T15:51:38.314275" level="INFO">${button_locator} = css=[data-testid='number-4']</msg>
<var>${button_locator}</var>
<arg>${selectors.calculator.number_button}</arg>
<arg>${digit}</arg>
<doc>Formats a ``template`` using the given ``positional`` and ``named`` arguments.</doc>
<status status="PASS" start="2025-04-29T15:51:38.313878" elapsed="0.000423"/>
</kw>
<kw name="Click Element" owner="SeleniumLibrary">
<msg time="2025-04-29T15:51:38.314634" level="INFO">Clicking element 'css=[data-testid='number-4']'.</msg>
<arg>${button_locator}</arg>
<doc>Click the element identified by ``locator``.</doc>
<status status="PASS" start="2025-04-29T15:51:38.314405" elapsed="0.041048"/>
</kw>
<var name="${digit}">4</var>
<status status="PASS" start="2025-04-29T15:51:38.313786" elapsed="0.041800"/>
</iter>
<var>${digit}</var>
<value>@{digits}</value>
<status status="PASS" start="2025-04-29T15:51:38.313651" elapsed="0.042007"/>
</for>
<kw name="Log" owner="BuiltIn">
<msg time="2025-04-29T15:51:38.356191" level="INFO">Clicked number: 4</msg>
<arg>Clicked number: ${number}</arg>
<doc>Logs the given message with the given level.</doc>
<status status="PASS" start="2025-04-29T15:51:38.355902" elapsed="0.000357"/>
</kw>
<arg>4</arg>
<status status="PASS" start="2025-04-29T15:51:38.313159" elapsed="0.043294"/>
</kw>
<kw name="Click Equals" owner="calculator_keywords">
<kw name="Click Element" owner="SeleniumLibrary">
<msg time="2025-04-29T15:51:38.357345" level="INFO">Clicking element 'css=[data-testid='equals-button']'.</msg>
<arg>${selectors.calculator.equals_button}</arg>
<doc>Click the element identified by ``locator``.</doc>
<status status="PASS" start="2025-04-29T15:51:38.356926" elapsed="0.042232"/>
</kw>
<kw name="Log" owner="BuiltIn">
<msg time="2025-04-29T15:51:38.399505" level="INFO">Clicked equals button</msg>
<arg>Clicked equals button</arg>
<doc>Logs the given message with the given level.</doc>
<status status="PASS" start="2025-04-29T15:51:38.399351" elapsed="0.000197"/>
</kw>
<status status="PASS" start="2025-04-29T15:51:38.356687" elapsed="0.042926"/>
</kw>
<kw name="Verify Calculator State" owner="calculator_keywords">
<kw name="Verify Display Shows" owner="calculator_keywords">
<kw name="Wait Until Page Contains Element" owner="SeleniumLibrary">
<arg>${selectors.calculator.display}</arg>
<doc>Waits until the element ``locator`` appears on the current page.</doc>
<status status="PASS" start="2025-04-29T15:51:38.400709" elapsed="0.004832"/>
</kw>
<kw name="Get Text" owner="SeleniumLibrary">
<msg time="2025-04-29T15:51:38.416430" level="INFO">${actual_value} = 12</msg>
<var>${actual_value}</var>
<arg>${selectors.calculator.display}</arg>
<doc>Returns the text value of the element identified by ``locator``.</doc>
<status status="PASS" start="2025-04-29T15:51:38.405740" elapsed="0.010739"/>
</kw>
<kw name="Should Be Equal As Strings" owner="BuiltIn">
<arg>${actual_value}</arg>
<arg>${expected_value}</arg>
<doc>Fails if objects are unequal after converting them to strings.</doc>
<status status="PASS" start="2025-04-29T15:51:38.416647" elapsed="0.000249"/>
</kw>
<kw name="Log" owner="BuiltIn">
<msg time="2025-04-29T15:51:38.417130" level="INFO">Verified display shows: 12</msg>
<arg>Verified display shows: ${expected_value}</arg>
<doc>Logs the given message with the given level.</doc>
<status status="PASS" start="2025-04-29T15:51:38.417014" elapsed="0.000152"/>
</kw>
<arg>${expected_display}</arg>
<status status="PASS" start="2025-04-29T15:51:38.400439" elapsed="0.016787"/>
</kw>
<kw name="Run Keyword If" owner="BuiltIn">
<arg>'${expected_equation}' != '${EMPTY}'</arg>
<arg>Verify Equation Shows</arg>
<arg>${expected_equation}</arg>
<doc>Runs the given keyword with the given arguments, if ``condition`` is true.</doc>
<status status="PASS" start="2025-04-29T15:51:38.417320" elapsed="0.000413"/>
</kw>
<kw name="Log" owner="BuiltIn">
<msg time="2025-04-29T15:51:38.417974" level="INFO">Verified calculator state - Display: 12, Equation: </msg>
<arg>Verified calculator state - Display: ${expected_display}, Equation: ${expected_equation}</arg>
<doc>Logs the given message with the given level.</doc>
<status status="PASS" start="2025-04-29T15:51:38.417839" elapsed="0.000172"/>
</kw>
<arg>12</arg>
<status status="PASS" start="2025-04-29T15:51:38.399800" elapsed="0.018270"/>
</kw>
<kw name="Close Browser" owner="SeleniumLibrary" type="TEARDOWN">
<doc>Closes the current browser.</doc>
<status status="PASS" start="2025-04-29T15:51:38.418259" elapsed="0.056970"/>
</kw>
<status status="PASS" start="2025-04-29T15:51:37.124236" elapsed="1.351136"/>
</test>
<status status="PASS" start="2025-04-29T15:51:24.856690" elapsed="13.619202"/>
</suite>
<statistics>
<total>
<stat pass="8" fail="0" skip="0">All Tests</stat>
</total>
<tag>
</tag>
<suite>
<stat name="Calculator Tests" id="s1" pass="8" fail="0" skip="0">Calculator Tests</stat>
</suite>
</statistics>
<errors>
</errors>
</robot>
