<?xml version="1.0" encoding="UTF-8"?>
<robot generator="Robot 7.2.2 (Python 3.10.12 on linux)" generated="2025-04-29T16:14:56.524106" rpa="false" schemaversion="5">
<suite id="s1" name="Notes Tests" source="/home/nguyenvh/Sync/3a/stage_stet/projet_dho/robot-report-generator/tests/notes_tests.robot">
<test id="s1-t1" name="Basic Note Creation" line="7">
<kw name="Open Notes" owner="note_keywords" type="SETUP">
<kw name="Open Browser" owner="SeleniumLibrary">
<msg time="2025-04-29T16:14:56.650954" level="INFO">Opening browser 'chrome' to base url 'http://localhost:3000'.</msg>
<arg>${app.url}</arg>
<arg>chrome</arg>
<doc>Opens a new browser instance to the optional ``url``.</doc>
<status status="PASS" start="2025-04-29T16:14:56.650480" elapsed="0.887828"/>
</kw>
<kw name="Click Element" owner="SeleniumLibrary">
<msg time="2025-04-29T16:14:57.539387" level="INFO">Clicking element 'xpath=//button[contains(text(), 'Notes')]'.</msg>
<arg>${selectors.header.notes_button}</arg>
<doc>Click the element identified by ``locator``.</doc>
<status status="PASS" start="2025-04-29T16:14:57.538527" elapsed="0.105577"/>
</kw>
<kw name="Wait Until Page Contains Element" owner="SeleniumLibrary">
<arg>${selectors.notes.note_title_input}</arg>
<doc>Waits until the element ``locator`` appears on the current page.</doc>
<status status="PASS" start="2025-04-29T16:14:57.644308" elapsed="0.008009"/>
</kw>
<kw name="Log" owner="BuiltIn">
<msg time="2025-04-29T16:14:57.652658" level="INFO">Opened notes application</msg>
<arg>Opened notes application</arg>
<doc>Logs the given message with the given level.</doc>
<status status="PASS" start="2025-04-29T16:14:57.652506" elapsed="0.000201"/>
</kw>
<status status="PASS" start="2025-04-29T16:14:56.649849" elapsed="1.002939"/>
</kw>
<kw name="Add Note" owner="note_keywords">
<kw name="Log" owner="BuiltIn">
<msg time="2025-04-29T16:14:57.653808" level="INFO">Attempting to add note with title: Test Note</msg>
<arg>Attempting to add note with title: ${title}</arg>
<doc>Logs the given message with the given level.</doc>
<status status="PASS" start="2025-04-29T16:14:57.653673" elapsed="0.000184"/>
</kw>
<kw name="Input Text" owner="SeleniumLibrary">
<msg time="2025-04-29T16:14:57.654296" level="INFO">Typing text 'Test Note' into text field 'css=input[placeholder='Note title']'.</msg>
<arg>${selectors.notes.note_title_input}</arg>
<arg>${title}</arg>
<doc>Types the given ``text`` into the text field identified by ``locator``.</doc>
<status status="PASS" start="2025-04-29T16:14:57.653950" elapsed="0.065351"/>
</kw>
<kw name="Input Text" owner="SeleniumLibrary">
<msg time="2025-04-29T16:14:57.720001" level="INFO">Typing text 'This is a test note' into text field 'css=textarea[placeholder='Note content']'.</msg>
<arg>${selectors.notes.note_content_input}</arg>
<arg>${content}</arg>
<doc>Types the given ``text`` into the text field identified by ``locator``.</doc>
<status status="PASS" start="2025-04-29T16:14:57.719491" elapsed="0.058967"/>
</kw>
<kw name="Click Button" owner="SeleniumLibrary">
<msg time="2025-04-29T16:14:57.779467" level="INFO">Clicking button 'css=button:contains('Add Note')'.</msg>
<msg time="2025-04-29T16:14:57.864669" level="INFO" html="true">&lt;/td&gt;&lt;/tr&gt;&lt;tr&gt;&lt;td colspan="3"&gt;&lt;a href="selenium-screenshot-1.png"&gt;&lt;img src="selenium-screenshot-1.png" width="800px"&gt;&lt;/a&gt;</msg>
<msg time="2025-04-29T16:14:57.865010" level="FAIL">InvalidSelectorException: Message: invalid selector: An invalid or illegal selector was specified
  (Session info: chrome=135.0.7049.114); For documentation on this error, please visit: https://www.selenium.dev/documentation/webdriver/troubleshooting/errors#invalid-selector-exception
Stacktrace:
#0 0x5cdeddc8d75a &lt;unknown&gt;
#1 0x5cdedd7404b0 &lt;unknown&gt;
#2 0x5cdedd7470b6 &lt;unknown&gt;
#3 0x5cdedd749928 &lt;unknown&gt;
#4 0x5cdedd7499b3 &lt;unknown&gt;
#5 0x5cdedd7913e5 &lt;unknown&gt;
#6 0x5cdedd791ba1 &lt;unknown&gt;
#7 0x5cdedd7e0231 &lt;unknown&gt;
#8 0x5cdedd7b75bd &lt;unknown&gt;
#9 0x5cdedd7dd5e0 &lt;unknown&gt;
#10 0x5cdedd7b7363 &lt;unknown&gt;
#11 0x5cdedd783d63 &lt;unknown&gt;
#12 0x5cdedd7849c1 &lt;unknown&gt;
#13 0x5cdeddc52a6b &lt;unknown&gt;
#14 0x5cdeddc56951 &lt;unknown&gt;
#15 0x5cdeddc3ab62 &lt;unknown&gt;
#16 0x5cdeddc574c4 &lt;unknown&gt;
#17 0x5cdeddc1f13f &lt;unknown&gt;
#18 0x5cdeddc7b6f8 &lt;unknown&gt;
#19 0x5cdeddc7b8d6 &lt;unknown&gt;
#20 0x5cdeddc8c5a6 &lt;unknown&gt;
#21 0x7b3432294ac3 &lt;unknown&gt;
</msg>
<arg>${selectors.notes.add_note_button}</arg>
<doc>Clicks the button identified by ``locator``.</doc>
<status status="FAIL" start="2025-04-29T16:14:57.778694" elapsed="0.088681">InvalidSelectorException: Message: invalid selector: An invalid or illegal selector was specified
  (Session info: chrome=135.0.7049.114); For documentation on this error, please visit: https://www.selenium.dev/documentation/webdriver/troubleshooting/errors#invalid-selector-exception
Stacktrace:
#0 0x5cdeddc8d75a &lt;unknown&gt;
#1 0x5cdedd7404b0 &lt;unknown&gt;
#2 0x5cdedd7470b6 &lt;unknown&gt;
#3 0x5cdedd749928 &lt;unknown&gt;
#4 0x5cdedd7499b3 &lt;unknown&gt;
#5 0x5cdedd7913e5 &lt;unknown&gt;
#6 0x5cdedd791ba1 &lt;unknown&gt;
#7 0x5cdedd7e0231 &lt;unknown&gt;
#8 0x5cdedd7b75bd &lt;unknown&gt;
#9 0x5cdedd7dd5e0 &lt;unknown&gt;
#10 0x5cdedd7b7363 &lt;unknown&gt;
#11 0x5cdedd783d63 &lt;unknown&gt;
#12 0x5cdedd7849c1 &lt;unknown&gt;
#13 0x5cdeddc52a6b &lt;unknown&gt;
#14 0x5cdeddc56951 &lt;unknown&gt;
#15 0x5cdeddc3ab62 &lt;unknown&gt;
#16 0x5cdeddc574c4 &lt;unknown&gt;
#17 0x5cdeddc1f13f &lt;unknown&gt;
#18 0x5cdeddc7b6f8 &lt;unknown&gt;
#19 0x5cdeddc7b8d6 &lt;unknown&gt;
#20 0x5cdeddc8c5a6 &lt;unknown&gt;
#21 0x7b3432294ac3 &lt;unknown&gt;
</status>
</kw>
<kw name="Wait Until Page Contains" owner="SeleniumLibrary">
<arg>${title}</arg>
<arg>${timeouts.element_visible}</arg>
<doc>Waits until ``text`` appears on the current page.</doc>
<status status="NOT RUN" start="2025-04-29T16:14:57.867594" elapsed="0.000038"/>
</kw>
<arg>${test_data.initial_note.title}</arg>
<arg>${test_data.initial_note.content}</arg>
<status status="FAIL" start="2025-04-29T16:14:57.652997" elapsed="0.214766">InvalidSelectorException: Message: invalid selector: An invalid or illegal selector was specified
  (Session info: chrome=135.0.7049.114); For documentation on this error, please visit: https://www.selenium.dev/documentation/webdriver/troubleshooting/errors#invalid-selector-exception
Stacktrace:
#0 0x5cdeddc8d75a &lt;unknown&gt;
#1 0x5cdedd7404b0 &lt;unknown&gt;
#2 0x5cdedd7470b6 &lt;unknown&gt;
#3 0x5cdedd749928 &lt;unknown&gt;
#4 0x5cdedd7499b3 &lt;unknown&gt;
#5 0x5cdedd7913e5 &lt;unknown&gt;
#6 0x5cdedd791ba1 &lt;unknown&gt;
#7 0x5cdedd7e0231 &lt;unknown&gt;
#8 0x5cdedd7b75bd &lt;unknown&gt;
#9 0x5cdedd7dd5e0 &lt;unknown&gt;
#10 0x5cdedd7b7363 &lt;unknown&gt;
#11 0x5cdedd783d63 &lt;unknown&gt;
#12 0x5cdedd7849c1 &lt;unknown&gt;
#13 0x5cdeddc52a6b &lt;unknown&gt;
#14 0x5cdeddc56951 &lt;unknown&gt;
#15 0x5cdeddc3ab62 &lt;unknown&gt;
#16 0x5cdeddc574c4 &lt;unknown&gt;
#17 0x5cdeddc1f13f &lt;unknown&gt;
#18 0x5cdeddc7b6f8 &lt;unknown&gt;
#19 0x5cdeddc7b8d6 &lt;unknown&gt;
#20 0x5cdeddc8c5a6 &lt;unknown&gt;
#21 0x7b3432294ac3 &lt;unknown&gt;
</status>
</kw>
<kw name="Close Browser" owner="SeleniumLibrary" type="TEARDOWN">
<doc>Closes the current browser.</doc>
<status status="PASS" start="2025-04-29T16:14:57.868044" elapsed="0.055641"/>
</kw>
<status status="FAIL" start="2025-04-29T16:14:56.649265" elapsed="1.274578">InvalidSelectorException: Message: invalid selector: An invalid or illegal selector was specified
  (Session info: chrome=135.0.7049.114); For documentation on this error, please visit: https://www.selenium.dev/documentation/webdriver/troubleshooting/errors#invalid-selector-exception
Stacktrace:
#0 0x5cdeddc8d75a &lt;unknown&gt;
#1 0x5cdedd7404b0 &lt;unknown&gt;
#2 0x5cdedd7470b6 &lt;unknown&gt;
#3 0x5cdedd749928 &lt;unknown&gt;
#4 0x5cdedd7499b3 &lt;unknown&gt;
#5 0x5cdedd7913e5 &lt;unknown&gt;
#6 0x5cdedd791ba1 &lt;unknown&gt;
#7 0x5cdedd7e0231 &lt;unknown&gt;
#8 0x5cdedd7b75bd &lt;unknown&gt;
#9 0x5cdedd7dd5e0 &lt;unknown&gt;
#10 0x5cdedd7b7363 &lt;unknown&gt;
#11 0x5cdedd783d63 &lt;unknown&gt;
#12 0x5cdedd7849c1 &lt;unknown&gt;
#13 0x5cdeddc52a6b &lt;unknown&gt;
#14 0x5cdeddc56951 &lt;unknown&gt;
#15 0x5cdeddc3ab62 &lt;unknown&gt;
#16 0x5cdeddc574c4 &lt;unknown&gt;
#17 0x5cdeddc1f13f &lt;unknown&gt;
#18 0x5cdeddc7b6f8 &lt;unknown&gt;
#19 0x5cdeddc7b8d6 &lt;unknown&gt;
#20 0x5cdeddc8c5a6 &lt;unknown&gt;
#21 0x7b3432294ac3 &lt;unknown&gt;
</status>
</test>
<test id="s1-t2" name="Basic Note Editing" line="10">
<kw name="Open Notes" owner="note_keywords" type="SETUP">
<kw name="Open Browser" owner="SeleniumLibrary">
<msg time="2025-04-29T16:14:57.925416" level="INFO">Opening browser 'chrome' to base url 'http://localhost:3000'.</msg>
<arg>${app.url}</arg>
<arg>chrome</arg>
<doc>Opens a new browser instance to the optional ``url``.</doc>
<status status="PASS" start="2025-04-29T16:14:57.924811" elapsed="0.823922"/>
</kw>
<kw name="Click Element" owner="SeleniumLibrary">
<msg time="2025-04-29T16:14:58.749886" level="INFO">Clicking element 'xpath=//button[contains(text(), 'Notes')]'.</msg>
<arg>${selectors.header.notes_button}</arg>
<doc>Click the element identified by ``locator``.</doc>
<status status="PASS" start="2025-04-29T16:14:58.749048" elapsed="0.102901"/>
</kw>
<kw name="Wait Until Page Contains Element" owner="SeleniumLibrary">
<arg>${selectors.notes.note_title_input}</arg>
<doc>Waits until the element ``locator`` appears on the current page.</doc>
<status status="PASS" start="2025-04-29T16:14:58.852146" elapsed="0.007530"/>
</kw>
<kw name="Log" owner="BuiltIn">
<msg time="2025-04-29T16:14:58.860052" level="INFO">Opened notes application</msg>
<arg>Opened notes application</arg>
<doc>Logs the given message with the given level.</doc>
<status status="PASS" start="2025-04-29T16:14:58.859885" elapsed="0.000215"/>
</kw>
<status status="PASS" start="2025-04-29T16:14:57.924528" elapsed="0.935642"/>
</kw>
<kw name="Add Note" owner="note_keywords">
<kw name="Log" owner="BuiltIn">
<msg time="2025-04-29T16:14:58.861192" level="INFO">Attempting to add note with title: Test Note</msg>
<arg>Attempting to add note with title: ${title}</arg>
<doc>Logs the given message with the given level.</doc>
<status status="PASS" start="2025-04-29T16:14:58.861067" elapsed="0.000168"/>
</kw>
<kw name="Input Text" owner="SeleniumLibrary">
<msg time="2025-04-29T16:14:58.861685" level="INFO">Typing text 'Test Note' into text field 'css=input[placeholder='Note title']'.</msg>
<arg>${selectors.notes.note_title_input}</arg>
<arg>${title}</arg>
<doc>Types the given ``text`` into the text field identified by ``locator``.</doc>
<status status="PASS" start="2025-04-29T16:14:58.861326" elapsed="0.067653"/>
</kw>
<kw name="Input Text" owner="SeleniumLibrary">
<msg time="2025-04-29T16:14:58.929664" level="INFO">Typing text 'This is a test note' into text field 'css=textarea[placeholder='Note content']'.</msg>
<arg>${selectors.notes.note_content_input}</arg>
<arg>${content}</arg>
<doc>Types the given ``text`` into the text field identified by ``locator``.</doc>
<status status="PASS" start="2025-04-29T16:14:58.929172" elapsed="0.056829"/>
</kw>
<kw name="Click Button" owner="SeleniumLibrary">
<msg time="2025-04-29T16:14:58.986700" level="INFO">Clicking button 'css=button:contains('Add Note')'.</msg>
<msg time="2025-04-29T16:14:59.106569" level="INFO" html="true">&lt;/td&gt;&lt;/tr&gt;&lt;tr&gt;&lt;td colspan="3"&gt;&lt;a href="selenium-screenshot-2.png"&gt;&lt;img src="selenium-screenshot-2.png" width="800px"&gt;&lt;/a&gt;</msg>
<msg time="2025-04-29T16:14:59.106846" level="FAIL">InvalidSelectorException: Message: invalid selector: An invalid or illegal selector was specified
  (Session info: chrome=135.0.7049.114); For documentation on this error, please visit: https://www.selenium.dev/documentation/webdriver/troubleshooting/errors#invalid-selector-exception
Stacktrace:
#0 0x5f3c0b66a75a &lt;unknown&gt;
#1 0x5f3c0b11d4b0 &lt;unknown&gt;
#2 0x5f3c0b1240b6 &lt;unknown&gt;
#3 0x5f3c0b126928 &lt;unknown&gt;
#4 0x5f3c0b1269b3 &lt;unknown&gt;
#5 0x5f3c0b16e3e5 &lt;unknown&gt;
#6 0x5f3c0b16eba1 &lt;unknown&gt;
#7 0x5f3c0b1bd231 &lt;unknown&gt;
#8 0x5f3c0b1945bd &lt;unknown&gt;
#9 0x5f3c0b1ba5e0 &lt;unknown&gt;
#10 0x5f3c0b194363 &lt;unknown&gt;
#11 0x5f3c0b160d63 &lt;unknown&gt;
#12 0x5f3c0b1619c1 &lt;unknown&gt;
#13 0x5f3c0b62fa6b &lt;unknown&gt;
#14 0x5f3c0b633951 &lt;unknown&gt;
#15 0x5f3c0b617b62 &lt;unknown&gt;
#16 0x5f3c0b6344c4 &lt;unknown&gt;
#17 0x5f3c0b5fc13f &lt;unknown&gt;
#18 0x5f3c0b6586f8 &lt;unknown&gt;
#19 0x5f3c0b6588d6 &lt;unknown&gt;
#20 0x5f3c0b6695a6 &lt;unknown&gt;
#21 0x73b97fa94ac3 &lt;unknown&gt;
</msg>
<arg>${selectors.notes.add_note_button}</arg>
<doc>Clicks the button identified by ``locator``.</doc>
<status status="FAIL" start="2025-04-29T16:14:58.986199" elapsed="0.120929">InvalidSelectorException: Message: invalid selector: An invalid or illegal selector was specified
  (Session info: chrome=135.0.7049.114); For documentation on this error, please visit: https://www.selenium.dev/documentation/webdriver/troubleshooting/errors#invalid-selector-exception
Stacktrace:
#0 0x5f3c0b66a75a &lt;unknown&gt;
#1 0x5f3c0b11d4b0 &lt;unknown&gt;
#2 0x5f3c0b1240b6 &lt;unknown&gt;
#3 0x5f3c0b126928 &lt;unknown&gt;
#4 0x5f3c0b1269b3 &lt;unknown&gt;
#5 0x5f3c0b16e3e5 &lt;unknown&gt;
#6 0x5f3c0b16eba1 &lt;unknown&gt;
#7 0x5f3c0b1bd231 &lt;unknown&gt;
#8 0x5f3c0b1945bd &lt;unknown&gt;
#9 0x5f3c0b1ba5e0 &lt;unknown&gt;
#10 0x5f3c0b194363 &lt;unknown&gt;
#11 0x5f3c0b160d63 &lt;unknown&gt;
#12 0x5f3c0b1619c1 &lt;unknown&gt;
#13 0x5f3c0b62fa6b &lt;unknown&gt;
#14 0x5f3c0b633951 &lt;unknown&gt;
#15 0x5f3c0b617b62 &lt;unknown&gt;
#16 0x5f3c0b6344c4 &lt;unknown&gt;
#17 0x5f3c0b5fc13f &lt;unknown&gt;
#18 0x5f3c0b6586f8 &lt;unknown&gt;
#19 0x5f3c0b6588d6 &lt;unknown&gt;
#20 0x5f3c0b6695a6 &lt;unknown&gt;
#21 0x73b97fa94ac3 &lt;unknown&gt;
</status>
</kw>
<kw name="Wait Until Page Contains" owner="SeleniumLibrary">
<arg>${title}</arg>
<arg>${timeouts.element_visible}</arg>
<doc>Waits until ``text`` appears on the current page.</doc>
<status status="NOT RUN" start="2025-04-29T16:14:59.107450" elapsed="0.000055"/>
</kw>
<arg>${test_data.initial_note.title}</arg>
<arg>${test_data.initial_note.content}</arg>
<status status="FAIL" start="2025-04-29T16:14:58.860380" elapsed="0.247252">InvalidSelectorException: Message: invalid selector: An invalid or illegal selector was specified
  (Session info: chrome=135.0.7049.114); For documentation on this error, please visit: https://www.selenium.dev/documentation/webdriver/troubleshooting/errors#invalid-selector-exception
Stacktrace:
#0 0x5f3c0b66a75a &lt;unknown&gt;
#1 0x5f3c0b11d4b0 &lt;unknown&gt;
#2 0x5f3c0b1240b6 &lt;unknown&gt;
#3 0x5f3c0b126928 &lt;unknown&gt;
#4 0x5f3c0b1269b3 &lt;unknown&gt;
#5 0x5f3c0b16e3e5 &lt;unknown&gt;
#6 0x5f3c0b16eba1 &lt;unknown&gt;
#7 0x5f3c0b1bd231 &lt;unknown&gt;
#8 0x5f3c0b1945bd &lt;unknown&gt;
#9 0x5f3c0b1ba5e0 &lt;unknown&gt;
#10 0x5f3c0b194363 &lt;unknown&gt;
#11 0x5f3c0b160d63 &lt;unknown&gt;
#12 0x5f3c0b1619c1 &lt;unknown&gt;
#13 0x5f3c0b62fa6b &lt;unknown&gt;
#14 0x5f3c0b633951 &lt;unknown&gt;
#15 0x5f3c0b617b62 &lt;unknown&gt;
#16 0x5f3c0b6344c4 &lt;unknown&gt;
#17 0x5f3c0b5fc13f &lt;unknown&gt;
#18 0x5f3c0b6586f8 &lt;unknown&gt;
#19 0x5f3c0b6588d6 &lt;unknown&gt;
#20 0x5f3c0b6695a6 &lt;unknown&gt;
#21 0x73b97fa94ac3 &lt;unknown&gt;
</status>
</kw>
<kw name="Edit Note" owner="note_keywords">
<arg>${test_data.initial_note.title}</arg>
<arg>${test_data.updated_note.title}</arg>
<arg>${test_data.updated_note.content}</arg>
<status status="NOT RUN" start="2025-04-29T16:14:59.107902" elapsed="0.000034"/>
</kw>
<kw name="Close Browser" owner="SeleniumLibrary" type="TEARDOWN">
<doc>Closes the current browser.</doc>
<status status="PASS" start="2025-04-29T16:14:59.108247" elapsed="0.056603"/>
</kw>
<status status="FAIL" start="2025-04-29T16:14:57.924194" elapsed="1.240826">InvalidSelectorException: Message: invalid selector: An invalid or illegal selector was specified
  (Session info: chrome=135.0.7049.114); For documentation on this error, please visit: https://www.selenium.dev/documentation/webdriver/troubleshooting/errors#invalid-selector-exception
Stacktrace:
#0 0x5f3c0b66a75a &lt;unknown&gt;
#1 0x5f3c0b11d4b0 &lt;unknown&gt;
#2 0x5f3c0b1240b6 &lt;unknown&gt;
#3 0x5f3c0b126928 &lt;unknown&gt;
#4 0x5f3c0b1269b3 &lt;unknown&gt;
#5 0x5f3c0b16e3e5 &lt;unknown&gt;
#6 0x5f3c0b16eba1 &lt;unknown&gt;
#7 0x5f3c0b1bd231 &lt;unknown&gt;
#8 0x5f3c0b1945bd &lt;unknown&gt;
#9 0x5f3c0b1ba5e0 &lt;unknown&gt;
#10 0x5f3c0b194363 &lt;unknown&gt;
#11 0x5f3c0b160d63 &lt;unknown&gt;
#12 0x5f3c0b1619c1 &lt;unknown&gt;
#13 0x5f3c0b62fa6b &lt;unknown&gt;
#14 0x5f3c0b633951 &lt;unknown&gt;
#15 0x5f3c0b617b62 &lt;unknown&gt;
#16 0x5f3c0b6344c4 &lt;unknown&gt;
#17 0x5f3c0b5fc13f &lt;unknown&gt;
#18 0x5f3c0b6586f8 &lt;unknown&gt;
#19 0x5f3c0b6588d6 &lt;unknown&gt;
#20 0x5f3c0b6695a6 &lt;unknown&gt;
#21 0x73b97fa94ac3 &lt;unknown&gt;
</status>
</test>
<test id="s1-t3" name="Basic Note Deletion" line="14">
<kw name="Open Notes" owner="note_keywords" type="SETUP">
<kw name="Open Browser" owner="SeleniumLibrary">
<msg time="2025-04-29T16:14:59.166539" level="INFO">Opening browser 'chrome' to base url 'http://localhost:3000'.</msg>
<arg>${app.url}</arg>
<arg>chrome</arg>
<doc>Opens a new browser instance to the optional ``url``.</doc>
<status status="PASS" start="2025-04-29T16:14:59.166029" elapsed="0.846347"/>
</kw>
<kw name="Click Element" owner="SeleniumLibrary">
<msg time="2025-04-29T16:15:00.013055" level="INFO">Clicking element 'xpath=//button[contains(text(), 'Notes')]'.</msg>
<arg>${selectors.header.notes_button}</arg>
<doc>Click the element identified by ``locator``.</doc>
<status status="PASS" start="2025-04-29T16:15:00.012576" elapsed="0.110619"/>
</kw>
<kw name="Wait Until Page Contains Element" owner="SeleniumLibrary">
<arg>${selectors.notes.note_title_input}</arg>
<doc>Waits until the element ``locator`` appears on the current page.</doc>
<status status="PASS" start="2025-04-29T16:15:00.123435" elapsed="0.006880"/>
</kw>
<kw name="Log" owner="BuiltIn">
<msg time="2025-04-29T16:15:00.130643" level="INFO">Opened notes application</msg>
<arg>Opened notes application</arg>
<doc>Logs the given message with the given level.</doc>
<status status="PASS" start="2025-04-29T16:15:00.130500" elapsed="0.000190"/>
</kw>
<status status="PASS" start="2025-04-29T16:14:59.165638" elapsed="0.965128"/>
</kw>
<kw name="Add Note" owner="note_keywords">
<kw name="Log" owner="BuiltIn">
<msg time="2025-04-29T16:15:00.131792" level="INFO">Attempting to add note with title: Test Note</msg>
<arg>Attempting to add note with title: ${title}</arg>
<doc>Logs the given message with the given level.</doc>
<status status="PASS" start="2025-04-29T16:15:00.131651" elapsed="0.000185"/>
</kw>
<kw name="Input Text" owner="SeleniumLibrary">
<msg time="2025-04-29T16:15:00.132291" level="INFO">Typing text 'Test Note' into text field 'css=input[placeholder='Note title']'.</msg>
<arg>${selectors.notes.note_title_input}</arg>
<arg>${title}</arg>
<doc>Types the given ``text`` into the text field identified by ``locator``.</doc>
<status status="PASS" start="2025-04-29T16:15:00.131930" elapsed="0.063304"/>
</kw>
<kw name="Input Text" owner="SeleniumLibrary">
<msg time="2025-04-29T16:15:00.195960" level="INFO">Typing text 'This is a test note' into text field 'css=textarea[placeholder='Note content']'.</msg>
<arg>${selectors.notes.note_content_input}</arg>
<arg>${content}</arg>
<doc>Types the given ``text`` into the text field identified by ``locator``.</doc>
<status status="PASS" start="2025-04-29T16:15:00.195427" elapsed="0.060637"/>
</kw>
<kw name="Click Button" owner="SeleniumLibrary">
<msg time="2025-04-29T16:15:00.256890" level="INFO">Clicking button 'css=button:contains('Add Note')'.</msg>
<msg time="2025-04-29T16:15:00.320658" level="INFO" html="true">&lt;/td&gt;&lt;/tr&gt;&lt;tr&gt;&lt;td colspan="3"&gt;&lt;a href="selenium-screenshot-3.png"&gt;&lt;img src="selenium-screenshot-3.png" width="800px"&gt;&lt;/a&gt;</msg>
<msg time="2025-04-29T16:15:00.320953" level="FAIL">InvalidSelectorException: Message: invalid selector: An invalid or illegal selector was specified
  (Session info: chrome=135.0.7049.114); For documentation on this error, please visit: https://www.selenium.dev/documentation/webdriver/troubleshooting/errors#invalid-selector-exception
Stacktrace:
#0 0x620cae64575a &lt;unknown&gt;
#1 0x620cae0f84b0 &lt;unknown&gt;
#2 0x620cae0ff0b6 &lt;unknown&gt;
#3 0x620cae101928 &lt;unknown&gt;
#4 0x620cae1019b3 &lt;unknown&gt;
#5 0x620cae1493e5 &lt;unknown&gt;
#6 0x620cae149ba1 &lt;unknown&gt;
#7 0x620cae198231 &lt;unknown&gt;
#8 0x620cae16f5bd &lt;unknown&gt;
#9 0x620cae1955e0 &lt;unknown&gt;
#10 0x620cae16f363 &lt;unknown&gt;
#11 0x620cae13bd63 &lt;unknown&gt;
#12 0x620cae13c9c1 &lt;unknown&gt;
#13 0x620cae60aa6b &lt;unknown&gt;
#14 0x620cae60e951 &lt;unknown&gt;
#15 0x620cae5f2b62 &lt;unknown&gt;
#16 0x620cae60f4c4 &lt;unknown&gt;
#17 0x620cae5d713f &lt;unknown&gt;
#18 0x620cae6336f8 &lt;unknown&gt;
#19 0x620cae6338d6 &lt;unknown&gt;
#20 0x620cae6445a6 &lt;unknown&gt;
#21 0x703632e94ac3 &lt;unknown&gt;
</msg>
<arg>${selectors.notes.add_note_button}</arg>
<doc>Clicks the button identified by ``locator``.</doc>
<status status="FAIL" start="2025-04-29T16:15:00.256354" elapsed="0.064816">InvalidSelectorException: Message: invalid selector: An invalid or illegal selector was specified
  (Session info: chrome=135.0.7049.114); For documentation on this error, please visit: https://www.selenium.dev/documentation/webdriver/troubleshooting/errors#invalid-selector-exception
Stacktrace:
#0 0x620cae64575a &lt;unknown&gt;
#1 0x620cae0f84b0 &lt;unknown&gt;
#2 0x620cae0ff0b6 &lt;unknown&gt;
#3 0x620cae101928 &lt;unknown&gt;
#4 0x620cae1019b3 &lt;unknown&gt;
#5 0x620cae1493e5 &lt;unknown&gt;
#6 0x620cae149ba1 &lt;unknown&gt;
#7 0x620cae198231 &lt;unknown&gt;
#8 0x620cae16f5bd &lt;unknown&gt;
#9 0x620cae1955e0 &lt;unknown&gt;
#10 0x620cae16f363 &lt;unknown&gt;
#11 0x620cae13bd63 &lt;unknown&gt;
#12 0x620cae13c9c1 &lt;unknown&gt;
#13 0x620cae60aa6b &lt;unknown&gt;
#14 0x620cae60e951 &lt;unknown&gt;
#15 0x620cae5f2b62 &lt;unknown&gt;
#16 0x620cae60f4c4 &lt;unknown&gt;
#17 0x620cae5d713f &lt;unknown&gt;
#18 0x620cae6336f8 &lt;unknown&gt;
#19 0x620cae6338d6 &lt;unknown&gt;
#20 0x620cae6445a6 &lt;unknown&gt;
#21 0x703632e94ac3 &lt;unknown&gt;
</status>
</kw>
<kw name="Wait Until Page Contains" owner="SeleniumLibrary">
<arg>${title}</arg>
<arg>${timeouts.element_visible}</arg>
<doc>Waits until ``text`` appears on the current page.</doc>
<status status="NOT RUN" start="2025-04-29T16:15:00.321370" elapsed="0.000036"/>
</kw>
<arg>${test_data.initial_note.title}</arg>
<arg>${test_data.initial_note.content}</arg>
<status status="FAIL" start="2025-04-29T16:15:00.130974" elapsed="0.190552">InvalidSelectorException: Message: invalid selector: An invalid or illegal selector was specified
  (Session info: chrome=135.0.7049.114); For documentation on this error, please visit: https://www.selenium.dev/documentation/webdriver/troubleshooting/errors#invalid-selector-exception
Stacktrace:
#0 0x620cae64575a &lt;unknown&gt;
#1 0x620cae0f84b0 &lt;unknown&gt;
#2 0x620cae0ff0b6 &lt;unknown&gt;
#3 0x620cae101928 &lt;unknown&gt;
#4 0x620cae1019b3 &lt;unknown&gt;
#5 0x620cae1493e5 &lt;unknown&gt;
#6 0x620cae149ba1 &lt;unknown&gt;
#7 0x620cae198231 &lt;unknown&gt;
#8 0x620cae16f5bd &lt;unknown&gt;
#9 0x620cae1955e0 &lt;unknown&gt;
#10 0x620cae16f363 &lt;unknown&gt;
#11 0x620cae13bd63 &lt;unknown&gt;
#12 0x620cae13c9c1 &lt;unknown&gt;
#13 0x620cae60aa6b &lt;unknown&gt;
#14 0x620cae60e951 &lt;unknown&gt;
#15 0x620cae5f2b62 &lt;unknown&gt;
#16 0x620cae60f4c4 &lt;unknown&gt;
#17 0x620cae5d713f &lt;unknown&gt;
#18 0x620cae6336f8 &lt;unknown&gt;
#19 0x620cae6338d6 &lt;unknown&gt;
#20 0x620cae6445a6 &lt;unknown&gt;
#21 0x703632e94ac3 &lt;unknown&gt;
</status>
</kw>
<kw name="Delete Note" owner="note_keywords">
<arg>${test_data.initial_note.title}</arg>
<status status="NOT RUN" start="2025-04-29T16:15:00.321825" elapsed="0.000044"/>
</kw>
<kw name="Close Browser" owner="SeleniumLibrary" type="TEARDOWN">
<doc>Closes the current browser.</doc>
<status status="PASS" start="2025-04-29T16:15:00.322099" elapsed="0.058318"/>
</kw>
<status status="FAIL" start="2025-04-29T16:14:59.165317" elapsed="1.215264">InvalidSelectorException: Message: invalid selector: An invalid or illegal selector was specified
  (Session info: chrome=135.0.7049.114); For documentation on this error, please visit: https://www.selenium.dev/documentation/webdriver/troubleshooting/errors#invalid-selector-exception
Stacktrace:
#0 0x620cae64575a &lt;unknown&gt;
#1 0x620cae0f84b0 &lt;unknown&gt;
#2 0x620cae0ff0b6 &lt;unknown&gt;
#3 0x620cae101928 &lt;unknown&gt;
#4 0x620cae1019b3 &lt;unknown&gt;
#5 0x620cae1493e5 &lt;unknown&gt;
#6 0x620cae149ba1 &lt;unknown&gt;
#7 0x620cae198231 &lt;unknown&gt;
#8 0x620cae16f5bd &lt;unknown&gt;
#9 0x620cae1955e0 &lt;unknown&gt;
#10 0x620cae16f363 &lt;unknown&gt;
#11 0x620cae13bd63 &lt;unknown&gt;
#12 0x620cae13c9c1 &lt;unknown&gt;
#13 0x620cae60aa6b &lt;unknown&gt;
#14 0x620cae60e951 &lt;unknown&gt;
#15 0x620cae5f2b62 &lt;unknown&gt;
#16 0x620cae60f4c4 &lt;unknown&gt;
#17 0x620cae5d713f &lt;unknown&gt;
#18 0x620cae6336f8 &lt;unknown&gt;
#19 0x620cae6338d6 &lt;unknown&gt;
#20 0x620cae6445a6 &lt;unknown&gt;
#21 0x703632e94ac3 &lt;unknown&gt;
</status>
</test>
<test id="s1-t4" name="Complete Note Lifecycle" line="18">
<kw name="Open Notes" owner="note_keywords" type="SETUP">
<kw name="Open Browser" owner="SeleniumLibrary">
<msg time="2025-04-29T16:15:00.382097" level="INFO">Opening browser 'chrome' to base url 'http://localhost:3000'.</msg>
<arg>${app.url}</arg>
<arg>chrome</arg>
<doc>Opens a new browser instance to the optional ``url``.</doc>
<status status="PASS" start="2025-04-29T16:15:00.381562" elapsed="0.840902"/>
</kw>
<kw name="Click Element" owner="SeleniumLibrary">
<msg time="2025-04-29T16:15:01.223475" level="INFO">Clicking element 'xpath=//button[contains(text(), 'Notes')]'.</msg>
<arg>${selectors.header.notes_button}</arg>
<doc>Click the element identified by ``locator``.</doc>
<status status="PASS" start="2025-04-29T16:15:01.222746" elapsed="0.099102"/>
</kw>
<kw name="Wait Until Page Contains Element" owner="SeleniumLibrary">
<arg>${selectors.notes.note_title_input}</arg>
<doc>Waits until the element ``locator`` appears on the current page.</doc>
<status status="PASS" start="2025-04-29T16:15:01.322048" elapsed="0.007276"/>
</kw>
<kw name="Log" owner="BuiltIn">
<msg time="2025-04-29T16:15:01.329662" level="INFO">Opened notes application</msg>
<arg>Opened notes application</arg>
<doc>Logs the given message with the given level.</doc>
<status status="PASS" start="2025-04-29T16:15:01.329514" elapsed="0.000195"/>
</kw>
<status status="PASS" start="2025-04-29T16:15:00.381285" elapsed="0.948505"/>
</kw>
<kw name="Add Note" owner="note_keywords">
<kw name="Log" owner="BuiltIn">
<msg time="2025-04-29T16:15:01.330794" level="INFO">Attempting to add note with title: Test Note</msg>
<arg>Attempting to add note with title: ${title}</arg>
<doc>Logs the given message with the given level.</doc>
<status status="PASS" start="2025-04-29T16:15:01.330660" elapsed="0.000177"/>
</kw>
<kw name="Input Text" owner="SeleniumLibrary">
<msg time="2025-04-29T16:15:01.331285" level="INFO">Typing text 'Test Note' into text field 'css=input[placeholder='Note title']'.</msg>
<arg>${selectors.notes.note_title_input}</arg>
<arg>${title}</arg>
<doc>Types the given ``text`` into the text field identified by ``locator``.</doc>
<status status="PASS" start="2025-04-29T16:15:01.330931" elapsed="0.065253"/>
</kw>
<kw name="Input Text" owner="SeleniumLibrary">
<msg time="2025-04-29T16:15:01.396892" level="INFO">Typing text 'This is a test note' into text field 'css=textarea[placeholder='Note content']'.</msg>
<arg>${selectors.notes.note_content_input}</arg>
<arg>${content}</arg>
<doc>Types the given ``text`` into the text field identified by ``locator``.</doc>
<status status="PASS" start="2025-04-29T16:15:01.396383" elapsed="0.058187"/>
</kw>
<kw name="Click Button" owner="SeleniumLibrary">
<msg time="2025-04-29T16:15:01.455380" level="INFO">Clicking button 'css=button:contains('Add Note')'.</msg>
<msg time="2025-04-29T16:15:01.562228" level="INFO" html="true">&lt;/td&gt;&lt;/tr&gt;&lt;tr&gt;&lt;td colspan="3"&gt;&lt;a href="selenium-screenshot-4.png"&gt;&lt;img src="selenium-screenshot-4.png" width="800px"&gt;&lt;/a&gt;</msg>
<msg time="2025-04-29T16:15:01.562471" level="FAIL">InvalidSelectorException: Message: invalid selector: An invalid or illegal selector was specified
  (Session info: chrome=135.0.7049.114); For documentation on this error, please visit: https://www.selenium.dev/documentation/webdriver/troubleshooting/errors#invalid-selector-exception
Stacktrace:
#0 0x63e1b86c975a &lt;unknown&gt;
#1 0x63e1b817c4b0 &lt;unknown&gt;
#2 0x63e1b81830b6 &lt;unknown&gt;
#3 0x63e1b8185928 &lt;unknown&gt;
#4 0x63e1b81859b3 &lt;unknown&gt;
#5 0x63e1b81cd3e5 &lt;unknown&gt;
#6 0x63e1b81cdba1 &lt;unknown&gt;
#7 0x63e1b821c231 &lt;unknown&gt;
#8 0x63e1b81f35bd &lt;unknown&gt;
#9 0x63e1b82195e0 &lt;unknown&gt;
#10 0x63e1b81f3363 &lt;unknown&gt;
#11 0x63e1b81bfd63 &lt;unknown&gt;
#12 0x63e1b81c09c1 &lt;unknown&gt;
#13 0x63e1b868ea6b &lt;unknown&gt;
#14 0x63e1b8692951 &lt;unknown&gt;
#15 0x63e1b8676b62 &lt;unknown&gt;
#16 0x63e1b86934c4 &lt;unknown&gt;
#17 0x63e1b865b13f &lt;unknown&gt;
#18 0x63e1b86b76f8 &lt;unknown&gt;
#19 0x63e1b86b78d6 &lt;unknown&gt;
#20 0x63e1b86c85a6 &lt;unknown&gt;
#21 0x7be4b3494ac3 &lt;unknown&gt;
</msg>
<arg>${selectors.notes.add_note_button}</arg>
<doc>Clicks the button identified by ``locator``.</doc>
<status status="FAIL" start="2025-04-29T16:15:01.454778" elapsed="0.107994">InvalidSelectorException: Message: invalid selector: An invalid or illegal selector was specified
  (Session info: chrome=135.0.7049.114); For documentation on this error, please visit: https://www.selenium.dev/documentation/webdriver/troubleshooting/errors#invalid-selector-exception
Stacktrace:
#0 0x63e1b86c975a &lt;unknown&gt;
#1 0x63e1b817c4b0 &lt;unknown&gt;
#2 0x63e1b81830b6 &lt;unknown&gt;
#3 0x63e1b8185928 &lt;unknown&gt;
#4 0x63e1b81859b3 &lt;unknown&gt;
#5 0x63e1b81cd3e5 &lt;unknown&gt;
#6 0x63e1b81cdba1 &lt;unknown&gt;
#7 0x63e1b821c231 &lt;unknown&gt;
#8 0x63e1b81f35bd &lt;unknown&gt;
#9 0x63e1b82195e0 &lt;unknown&gt;
#10 0x63e1b81f3363 &lt;unknown&gt;
#11 0x63e1b81bfd63 &lt;unknown&gt;
#12 0x63e1b81c09c1 &lt;unknown&gt;
#13 0x63e1b868ea6b &lt;unknown&gt;
#14 0x63e1b8692951 &lt;unknown&gt;
#15 0x63e1b8676b62 &lt;unknown&gt;
#16 0x63e1b86934c4 &lt;unknown&gt;
#17 0x63e1b865b13f &lt;unknown&gt;
#18 0x63e1b86b76f8 &lt;unknown&gt;
#19 0x63e1b86b78d6 &lt;unknown&gt;
#20 0x63e1b86c85a6 &lt;unknown&gt;
#21 0x7be4b3494ac3 &lt;unknown&gt;
</status>
</kw>
<kw name="Wait Until Page Contains" owner="SeleniumLibrary">
<arg>${title}</arg>
<arg>${timeouts.element_visible}</arg>
<doc>Waits until ``text`` appears on the current page.</doc>
<status status="NOT RUN" start="2025-04-29T16:15:01.563037" elapsed="0.000047"/>
</kw>
<arg>${test_data.initial_note.title}</arg>
<arg>${test_data.initial_note.content}</arg>
<status status="FAIL" start="2025-04-29T16:15:01.329996" elapsed="0.233280">InvalidSelectorException: Message: invalid selector: An invalid or illegal selector was specified
  (Session info: chrome=135.0.7049.114); For documentation on this error, please visit: https://www.selenium.dev/documentation/webdriver/troubleshooting/errors#invalid-selector-exception
Stacktrace:
#0 0x63e1b86c975a &lt;unknown&gt;
#1 0x63e1b817c4b0 &lt;unknown&gt;
#2 0x63e1b81830b6 &lt;unknown&gt;
#3 0x63e1b8185928 &lt;unknown&gt;
#4 0x63e1b81859b3 &lt;unknown&gt;
#5 0x63e1b81cd3e5 &lt;unknown&gt;
#6 0x63e1b81cdba1 &lt;unknown&gt;
#7 0x63e1b821c231 &lt;unknown&gt;
#8 0x63e1b81f35bd &lt;unknown&gt;
#9 0x63e1b82195e0 &lt;unknown&gt;
#10 0x63e1b81f3363 &lt;unknown&gt;
#11 0x63e1b81bfd63 &lt;unknown&gt;
#12 0x63e1b81c09c1 &lt;unknown&gt;
#13 0x63e1b868ea6b &lt;unknown&gt;
#14 0x63e1b8692951 &lt;unknown&gt;
#15 0x63e1b8676b62 &lt;unknown&gt;
#16 0x63e1b86934c4 &lt;unknown&gt;
#17 0x63e1b865b13f &lt;unknown&gt;
#18 0x63e1b86b76f8 &lt;unknown&gt;
#19 0x63e1b86b78d6 &lt;unknown&gt;
#20 0x63e1b86c85a6 &lt;unknown&gt;
#21 0x7be4b3494ac3 &lt;unknown&gt;
</status>
</kw>
<kw name="Edit Note" owner="note_keywords">
<arg>${test_data.initial_note.title}</arg>
<arg>${test_data.updated_note.title}</arg>
<arg>${test_data.updated_note.content}</arg>
<status status="NOT RUN" start="2025-04-29T16:15:01.563542" elapsed="0.000036"/>
</kw>
<kw name="Delete Note" owner="note_keywords">
<arg>${test_data.updated_note.title}</arg>
<status status="NOT RUN" start="2025-04-29T16:15:01.563707" elapsed="0.000030"/>
</kw>
<kw name="Close Browser" owner="SeleniumLibrary" type="TEARDOWN">
<doc>Closes the current browser.</doc>
<status status="PASS" start="2025-04-29T16:15:01.563939" elapsed="0.055840"/>
</kw>
<status status="FAIL" start="2025-04-29T16:15:00.380881" elapsed="1.239045">InvalidSelectorException: Message: invalid selector: An invalid or illegal selector was specified
  (Session info: chrome=135.0.7049.114); For documentation on this error, please visit: https://www.selenium.dev/documentation/webdriver/troubleshooting/errors#invalid-selector-exception
Stacktrace:
#0 0x63e1b86c975a &lt;unknown&gt;
#1 0x63e1b817c4b0 &lt;unknown&gt;
#2 0x63e1b81830b6 &lt;unknown&gt;
#3 0x63e1b8185928 &lt;unknown&gt;
#4 0x63e1b81859b3 &lt;unknown&gt;
#5 0x63e1b81cd3e5 &lt;unknown&gt;
#6 0x63e1b81cdba1 &lt;unknown&gt;
#7 0x63e1b821c231 &lt;unknown&gt;
#8 0x63e1b81f35bd &lt;unknown&gt;
#9 0x63e1b82195e0 &lt;unknown&gt;
#10 0x63e1b81f3363 &lt;unknown&gt;
#11 0x63e1b81bfd63 &lt;unknown&gt;
#12 0x63e1b81c09c1 &lt;unknown&gt;
#13 0x63e1b868ea6b &lt;unknown&gt;
#14 0x63e1b8692951 &lt;unknown&gt;
#15 0x63e1b8676b62 &lt;unknown&gt;
#16 0x63e1b86934c4 &lt;unknown&gt;
#17 0x63e1b865b13f &lt;unknown&gt;
#18 0x63e1b86b76f8 &lt;unknown&gt;
#19 0x63e1b86b78d6 &lt;unknown&gt;
#20 0x63e1b86c85a6 &lt;unknown&gt;
#21 0x7be4b3494ac3 &lt;unknown&gt;
</status>
</test>
<test id="s1-t5" name="Multiple Notes Management" line="23">
<kw name="Open Notes" owner="note_keywords" type="SETUP">
<kw name="Open Browser" owner="SeleniumLibrary">
<msg time="2025-04-29T16:15:01.621223" level="INFO">Opening browser 'chrome' to base url 'http://localhost:3000'.</msg>
<arg>${app.url}</arg>
<arg>chrome</arg>
<doc>Opens a new browser instance to the optional ``url``.</doc>
<status status="PASS" start="2025-04-29T16:15:01.620783" elapsed="0.801748"/>
</kw>
<kw name="Click Element" owner="SeleniumLibrary">
<msg time="2025-04-29T16:15:02.423389" level="INFO">Clicking element 'xpath=//button[contains(text(), 'Notes')]'.</msg>
<arg>${selectors.header.notes_button}</arg>
<doc>Click the element identified by ``locator``.</doc>
<status status="PASS" start="2025-04-29T16:15:02.422755" elapsed="0.102409"/>
</kw>
<kw name="Wait Until Page Contains Element" owner="SeleniumLibrary">
<arg>${selectors.notes.note_title_input}</arg>
<doc>Waits until the element ``locator`` appears on the current page.</doc>
<status status="PASS" start="2025-04-29T16:15:02.525468" elapsed="0.007583"/>
</kw>
<kw name="Log" owner="BuiltIn">
<msg time="2025-04-29T16:15:02.533389" level="INFO">Opened notes application</msg>
<arg>Opened notes application</arg>
<doc>Logs the given message with the given level.</doc>
<status status="PASS" start="2025-04-29T16:15:02.533238" elapsed="0.000202"/>
</kw>
<status status="PASS" start="2025-04-29T16:15:01.620507" elapsed="0.913001"/>
</kw>
<kw name="Add Note" owner="note_keywords">
<kw name="Log" owner="BuiltIn">
<msg time="2025-04-29T16:15:02.534118" level="INFO">Attempting to add note with title: First Note</msg>
<arg>Attempting to add note with title: ${title}</arg>
<doc>Logs the given message with the given level.</doc>
<status status="PASS" start="2025-04-29T16:15:02.533994" elapsed="0.000165"/>
</kw>
<kw name="Input Text" owner="SeleniumLibrary">
<msg time="2025-04-29T16:15:02.534645" level="INFO">Typing text 'First Note' into text field 'css=input[placeholder='Note title']'.</msg>
<arg>${selectors.notes.note_title_input}</arg>
<arg>${title}</arg>
<doc>Types the given ``text`` into the text field identified by ``locator``.</doc>
<status status="PASS" start="2025-04-29T16:15:02.534253" elapsed="0.061245"/>
</kw>
<kw name="Input Text" owner="SeleniumLibrary">
<msg time="2025-04-29T16:15:02.596643" level="INFO">Typing text 'First Content' into text field 'css=textarea[placeholder='Note content']'.</msg>
<arg>${selectors.notes.note_content_input}</arg>
<arg>${content}</arg>
<doc>Types the given ``text`` into the text field identified by ``locator``.</doc>
<status status="PASS" start="2025-04-29T16:15:02.595814" elapsed="0.052804"/>
</kw>
<kw name="Click Button" owner="SeleniumLibrary">
<msg time="2025-04-29T16:15:02.649369" level="INFO">Clicking button 'css=button:contains('Add Note')'.</msg>
<msg time="2025-04-29T16:15:02.759854" level="INFO" html="true">&lt;/td&gt;&lt;/tr&gt;&lt;tr&gt;&lt;td colspan="3"&gt;&lt;a href="selenium-screenshot-5.png"&gt;&lt;img src="selenium-screenshot-5.png" width="800px"&gt;&lt;/a&gt;</msg>
<msg time="2025-04-29T16:15:02.760135" level="FAIL">InvalidSelectorException: Message: invalid selector: An invalid or illegal selector was specified
  (Session info: chrome=135.0.7049.114); For documentation on this error, please visit: https://www.selenium.dev/documentation/webdriver/troubleshooting/errors#invalid-selector-exception
Stacktrace:
#0 0x644079fcf75a &lt;unknown&gt;
#1 0x644079a824b0 &lt;unknown&gt;
#2 0x644079a890b6 &lt;unknown&gt;
#3 0x644079a8b928 &lt;unknown&gt;
#4 0x644079a8b9b3 &lt;unknown&gt;
#5 0x644079ad33e5 &lt;unknown&gt;
#6 0x644079ad3ba1 &lt;unknown&gt;
#7 0x644079b22231 &lt;unknown&gt;
#8 0x644079af95bd &lt;unknown&gt;
#9 0x644079b1f5e0 &lt;unknown&gt;
#10 0x644079af9363 &lt;unknown&gt;
#11 0x644079ac5d63 &lt;unknown&gt;
#12 0x644079ac69c1 &lt;unknown&gt;
#13 0x644079f94a6b &lt;unknown&gt;
#14 0x644079f98951 &lt;unknown&gt;
#15 0x644079f7cb62 &lt;unknown&gt;
#16 0x644079f994c4 &lt;unknown&gt;
#17 0x644079f6113f &lt;unknown&gt;
#18 0x644079fbd6f8 &lt;unknown&gt;
#19 0x644079fbd8d6 &lt;unknown&gt;
#20 0x644079fce5a6 &lt;unknown&gt;
#21 0x7c0d3f694ac3 &lt;unknown&gt;
</msg>
<arg>${selectors.notes.add_note_button}</arg>
<doc>Clicks the button identified by ``locator``.</doc>
<status status="FAIL" start="2025-04-29T16:15:02.648852" elapsed="0.111616">InvalidSelectorException: Message: invalid selector: An invalid or illegal selector was specified
  (Session info: chrome=135.0.7049.114); For documentation on this error, please visit: https://www.selenium.dev/documentation/webdriver/troubleshooting/errors#invalid-selector-exception
Stacktrace:
#0 0x644079fcf75a &lt;unknown&gt;
#1 0x644079a824b0 &lt;unknown&gt;
#2 0x644079a890b6 &lt;unknown&gt;
#3 0x644079a8b928 &lt;unknown&gt;
#4 0x644079a8b9b3 &lt;unknown&gt;
#5 0x644079ad33e5 &lt;unknown&gt;
#6 0x644079ad3ba1 &lt;unknown&gt;
#7 0x644079b22231 &lt;unknown&gt;
#8 0x644079af95bd &lt;unknown&gt;
#9 0x644079b1f5e0 &lt;unknown&gt;
#10 0x644079af9363 &lt;unknown&gt;
#11 0x644079ac5d63 &lt;unknown&gt;
#12 0x644079ac69c1 &lt;unknown&gt;
#13 0x644079f94a6b &lt;unknown&gt;
#14 0x644079f98951 &lt;unknown&gt;
#15 0x644079f7cb62 &lt;unknown&gt;
#16 0x644079f994c4 &lt;unknown&gt;
#17 0x644079f6113f &lt;unknown&gt;
#18 0x644079fbd6f8 &lt;unknown&gt;
#19 0x644079fbd8d6 &lt;unknown&gt;
#20 0x644079fce5a6 &lt;unknown&gt;
#21 0x7c0d3f694ac3 &lt;unknown&gt;
</status>
</kw>
<kw name="Wait Until Page Contains" owner="SeleniumLibrary">
<arg>${title}</arg>
<arg>${timeouts.element_visible}</arg>
<doc>Waits until ``text`` appears on the current page.</doc>
<status status="NOT RUN" start="2025-04-29T16:15:02.760921" elapsed="0.000076"/>
</kw>
<arg>First Note</arg>
<arg>First Content</arg>
<status status="FAIL" start="2025-04-29T16:15:02.533727" elapsed="0.227484">InvalidSelectorException: Message: invalid selector: An invalid or illegal selector was specified
  (Session info: chrome=135.0.7049.114); For documentation on this error, please visit: https://www.selenium.dev/documentation/webdriver/troubleshooting/errors#invalid-selector-exception
Stacktrace:
#0 0x644079fcf75a &lt;unknown&gt;
#1 0x644079a824b0 &lt;unknown&gt;
#2 0x644079a890b6 &lt;unknown&gt;
#3 0x644079a8b928 &lt;unknown&gt;
#4 0x644079a8b9b3 &lt;unknown&gt;
#5 0x644079ad33e5 &lt;unknown&gt;
#6 0x644079ad3ba1 &lt;unknown&gt;
#7 0x644079b22231 &lt;unknown&gt;
#8 0x644079af95bd &lt;unknown&gt;
#9 0x644079b1f5e0 &lt;unknown&gt;
#10 0x644079af9363 &lt;unknown&gt;
#11 0x644079ac5d63 &lt;unknown&gt;
#12 0x644079ac69c1 &lt;unknown&gt;
#13 0x644079f94a6b &lt;unknown&gt;
#14 0x644079f98951 &lt;unknown&gt;
#15 0x644079f7cb62 &lt;unknown&gt;
#16 0x644079f994c4 &lt;unknown&gt;
#17 0x644079f6113f &lt;unknown&gt;
#18 0x644079fbd6f8 &lt;unknown&gt;
#19 0x644079fbd8d6 &lt;unknown&gt;
#20 0x644079fce5a6 &lt;unknown&gt;
#21 0x7c0d3f694ac3 &lt;unknown&gt;
</status>
</kw>
<kw name="Add Note" owner="note_keywords">
<arg>Second Note</arg>
<arg>Second Content</arg>
<status status="NOT RUN" start="2025-04-29T16:15:02.761584" elapsed="0.000061"/>
</kw>
<kw name="Edit Note" owner="note_keywords">
<arg>First Note</arg>
<arg>Updated First Note</arg>
<arg>Updated First Content</arg>
<status status="NOT RUN" start="2025-04-29T16:15:02.761870" elapsed="0.000035"/>
</kw>
<kw name="Delete Note" owner="note_keywords">
<arg>Second Note</arg>
<status status="NOT RUN" start="2025-04-29T16:15:02.762058" elapsed="0.000029"/>
</kw>
<kw name="Close Browser" owner="SeleniumLibrary" type="TEARDOWN">
<doc>Closes the current browser.</doc>
<status status="PASS" start="2025-04-29T16:15:02.762336" elapsed="0.056428"/>
</kw>
<status status="FAIL" start="2025-04-29T16:15:01.620188" elapsed="1.198732">InvalidSelectorException: Message: invalid selector: An invalid or illegal selector was specified
  (Session info: chrome=135.0.7049.114); For documentation on this error, please visit: https://www.selenium.dev/documentation/webdriver/troubleshooting/errors#invalid-selector-exception
Stacktrace:
#0 0x644079fcf75a &lt;unknown&gt;
#1 0x644079a824b0 &lt;unknown&gt;
#2 0x644079a890b6 &lt;unknown&gt;
#3 0x644079a8b928 &lt;unknown&gt;
#4 0x644079a8b9b3 &lt;unknown&gt;
#5 0x644079ad33e5 &lt;unknown&gt;
#6 0x644079ad3ba1 &lt;unknown&gt;
#7 0x644079b22231 &lt;unknown&gt;
#8 0x644079af95bd &lt;unknown&gt;
#9 0x644079b1f5e0 &lt;unknown&gt;
#10 0x644079af9363 &lt;unknown&gt;
#11 0x644079ac5d63 &lt;unknown&gt;
#12 0x644079ac69c1 &lt;unknown&gt;
#13 0x644079f94a6b &lt;unknown&gt;
#14 0x644079f98951 &lt;unknown&gt;
#15 0x644079f7cb62 &lt;unknown&gt;
#16 0x644079f994c4 &lt;unknown&gt;
#17 0x644079f6113f &lt;unknown&gt;
#18 0x644079fbd6f8 &lt;unknown&gt;
#19 0x644079fbd8d6 &lt;unknown&gt;
#20 0x644079fce5a6 &lt;unknown&gt;
#21 0x7c0d3f694ac3 &lt;unknown&gt;
</status>
</test>
<status status="FAIL" start="2025-04-29T16:14:56.524876" elapsed="6.294552"/>
</suite>
<statistics>
<total>
<stat pass="0" fail="5" skip="0">All Tests</stat>
</total>
<tag>
</tag>
<suite>
<stat name="Notes Tests" id="s1" pass="0" fail="5" skip="0">Notes Tests</stat>
</suite>
</statistics>
<errors>
</errors>
</robot>
