<?xml version="1.0" encoding="UTF-8"?>
<robot generator="Robot 7.2.2 (Python 3.10.12 on linux)" generated="2025-04-29T12:12:45.925378" rpa="false" schemaversion="5">
<suite id="s1" name="Text Editor Tests" source="/home/nguyenvh/Sync/3a/stage_stet/projet_dho/robot-report-generator/tests/text_editor_tests.robot">
<test id="s1-t1" name="Create And Save New Document" line="9">
<kw name="Open Text Editor" owner="text_editor_keywords" type="SETUP">
<kw name="Log" owner="BuiltIn">
<msg time="2025-04-29T12:12:46.049483" level="INFO">Download Directory : /home/nguyenvh/Sync/3a/stage_stet/projet_dho/robot-report-generator/test_downloads</msg>
<arg>Download Directory : ${DOWNLOAD_DIR}</arg>
<doc>Logs the given message with the given level.</doc>
<status status="PASS" start="2025-04-29T12:12:46.049331" elapsed="0.000200"/>
</kw>
<variable name="&amp;{browser_prefs}">
<msg time="2025-04-29T12:12:46.049780" level="INFO">&amp;{browser_prefs} = { download.default_directory=/home/nguyenvh/Sync/3a/stage_stet/projet_dho/robot-report-generator/test_downloads | plugins.always_open_pdf_externally=True }</msg>
<var>download.default_directory=${DOWNLOAD_DIR}</var>
<var>plugins.always_open_pdf_externally=${True}</var>
<status status="PASS" start="2025-04-29T12:12:46.049592" elapsed="0.000213"/>
</variable>
<kw name="Evaluate" owner="BuiltIn">
<msg time="2025-04-29T12:12:46.050167" level="INFO">${chrome_options} = &lt;selenium.webdriver.chrome.options.Options object at 0x777c5212e1a0&gt;</msg>
<var>${chrome_options}</var>
<arg>sys.modules['selenium.webdriver'].ChromeOptions()</arg>
<arg>sys, selenium.webdriver</arg>
<doc>Evaluates the given expression in Python and returns the result.</doc>
<status status="PASS" start="2025-04-29T12:12:46.049903" elapsed="0.000292"/>
</kw>
<kw name="Call Method" owner="BuiltIn">
<arg>${chrome_options}</arg>
<arg>add_experimental_option</arg>
<arg>prefs</arg>
<arg>${browser_prefs}</arg>
<doc>Calls the named method of the given object with the provided arguments.</doc>
<status status="PASS" start="2025-04-29T12:12:46.050291" elapsed="0.000134"/>
</kw>
<kw name="Open Browser" owner="SeleniumLibrary">
<msg time="2025-04-29T12:12:46.050962" level="INFO">Opening browser 'chrome' to base url 'http://localhost:3000'.</msg>
<arg>${app.url}</arg>
<arg>chrome</arg>
<arg>options=${chrome_options}</arg>
<doc>Opens a new browser instance to the optional ``url``.</doc>
<status status="PASS" start="2025-04-29T12:12:46.050528" elapsed="0.721295"/>
</kw>
<kw name="Click Element" owner="SeleniumLibrary">
<msg time="2025-04-29T12:12:46.772606" level="INFO">Clicking element 'xpath=//button[contains(text(), 'Text Editor')]'.</msg>
<arg>${selectors.header.text_editor_button}</arg>
<doc>Click the element identified by ``locator``.</doc>
<status status="PASS" start="2025-04-29T12:12:46.772029" elapsed="0.106699"/>
</kw>
<kw name="Wait Until Page Contains Element" owner="SeleniumLibrary">
<arg>${selectors.text_editor.filename_input}</arg>
<arg>${timeouts.page_load}</arg>
<doc>Waits until the element ``locator`` appears on the current page.</doc>
<status status="PASS" start="2025-04-29T12:12:46.878927" elapsed="0.007477"/>
</kw>
<kw name="Log" owner="BuiltIn">
<msg time="2025-04-29T12:12:46.886811" level="INFO">Opened Text Editor</msg>
<arg>Opened Text Editor</arg>
<doc>Logs the given message with the given level.</doc>
<status status="PASS" start="2025-04-29T12:12:46.886625" elapsed="0.000235"/>
</kw>
<status status="PASS" start="2025-04-29T12:12:46.048758" elapsed="0.838173"/>
</kw>
<kw name="Create And Save Document" owner="text_editor_keywords">
<kw name="Set File Name" owner="text_editor_keywords">
<kw name="Input Text" owner="SeleniumLibrary">
<msg time="2025-04-29T12:12:46.888429" level="INFO">Typing text 'test_document.txt' into text field 'css=input[type='text']'.</msg>
<arg>${selectors.text_editor.filename_input}</arg>
<arg>${filename}</arg>
<doc>Types the given ``text`` into the text field identified by ``locator``.</doc>
<status status="PASS" start="2025-04-29T12:12:46.888064" elapsed="0.076888"/>
</kw>
<arg>${filename}</arg>
<status status="PASS" start="2025-04-29T12:12:46.887843" elapsed="0.077268"/>
</kw>
<kw name="Set Content" owner="text_editor_keywords">
<kw name="Input Text" owner="SeleniumLibrary">
<msg time="2025-04-29T12:12:46.966174" level="INFO">Typing text 'This is a test document content' into text field 'css=textarea'.</msg>
<arg>${selectors.text_editor.content_textarea}</arg>
<arg>${content}</arg>
<doc>Types the given ``text`` into the text field identified by ``locator``.</doc>
<status status="PASS" start="2025-04-29T12:12:46.965677" elapsed="0.075484"/>
</kw>
<arg>${content}</arg>
<status status="PASS" start="2025-04-29T12:12:46.965287" elapsed="0.076061"/>
</kw>
<kw name="Save Document" owner="text_editor_keywords">
<kw name="Get Editor Content" owner="text_editor_keywords">
<kw name="Get Value" owner="SeleniumLibrary">
<msg time="2025-04-29T12:12:47.050962" level="INFO">${content} = This is a test document content</msg>
<var>${content}</var>
<arg>${selectors.text_editor.content_textarea}</arg>
<doc>Returns the value attribute of the element identified by ``locator``.</doc>
<status status="PASS" start="2025-04-29T12:12:47.042211" elapsed="0.008800"/>
</kw>
<return>
<value>${content}</value>
<status status="PASS" start="2025-04-29T12:12:47.051101" elapsed="0.000062"/>
</return>
<msg time="2025-04-29T12:12:47.051300" level="INFO">${content} = This is a test document content</msg>
<var>${content}</var>
<status status="PASS" start="2025-04-29T12:12:47.042009" elapsed="0.009315"/>
</kw>
<kw name="Get File Name" owner="text_editor_keywords">
<kw name="Get Value" owner="SeleniumLibrary">
<msg time="2025-04-29T12:12:47.058753" level="INFO">${filename} = test_document.txt</msg>
<var>${filename}</var>
<arg>${selectors.text_editor.filename_input}</arg>
<doc>Returns the value attribute of the element identified by ``locator``.</doc>
<status status="PASS" start="2025-04-29T12:12:47.051712" elapsed="0.007087"/>
</kw>
<return>
<value>${filename}</value>
<status status="PASS" start="2025-04-29T12:12:47.058878" elapsed="0.000047"/>
</return>
<msg time="2025-04-29T12:12:47.059055" level="INFO">${filename} = test_document.txt</msg>
<var>${filename}</var>
<status status="PASS" start="2025-04-29T12:12:47.051486" elapsed="0.007593"/>
</kw>
<kw name="Click Button" owner="SeleniumLibrary">
<msg time="2025-04-29T12:12:47.059699" level="INFO">Clicking button 'xpath=//button[contains(., 'Save')]'.</msg>
<arg>${selectors.text_editor.save_button}</arg>
<doc>Clicks the button identified by ``locator``.</doc>
<status status="PASS" start="2025-04-29T12:12:47.059218" elapsed="0.046353"/>
</kw>
<kw name="Wait Until Element Is Visible" owner="SeleniumLibrary">
<msg time="2025-04-29T12:12:47.106705" level="FAIL">Resolving variable '${aselectors.text_editor.save_success_message}' failed: Variable '${aselectors}' not found. Did you mean:
    ${selectors}</msg>
<arg>${aselectors.text_editor.save_success_message}</arg>
<arg>${timeouts.element_visible}</arg>
<doc>Waits until the element ``locator`` is visible.</doc>
<status status="FAIL" start="2025-04-29T12:12:47.105839" elapsed="0.000923">Resolving variable '${aselectors.text_editor.save_success_message}' failed: Variable '${aselectors}' not found. Did you mean:
    ${selectors}</status>
</kw>
<kw name="Wait Until Created" owner="OperatingSystem">
<arg>${DOWNLOAD_DIR}/${filename}</arg>
<arg>timeout=5s</arg>
<doc>Waits until the given file or directory is created.</doc>
<status status="NOT RUN" start="2025-04-29T12:12:47.106891" elapsed="0.000030"/>
</kw>
<kw name="Log" owner="BuiltIn">
<arg>File downloaded to ${DOWNLOAD_DIR}/${filename}</arg>
<doc>Logs the given message with the given level.</doc>
<status status="NOT RUN" start="2025-04-29T12:12:47.107009" elapsed="0.000022"/>
</kw>
<doc>Saves the document and verifies the download was triggered</doc>
<status status="FAIL" start="2025-04-29T12:12:47.041653" elapsed="0.065471">Resolving variable '${aselectors.text_editor.save_success_message}' failed: Variable '${aselectors}' not found. Did you mean:
    ${selectors}</status>
</kw>
<arg>${test_data.text_editor.test_document.filename}</arg>
<arg>${test_data.text_editor.test_document.content}</arg>
<status status="FAIL" start="2025-04-29T12:12:46.887124" elapsed="0.220073">Resolving variable '${aselectors.text_editor.save_success_message}' failed: Variable '${aselectors}' not found. Did you mean:
    ${selectors}</status>
</kw>
<kw name="Verify File Name Is" owner="text_editor_keywords">
<arg>${test_data.text_editor.test_document.filename}</arg>
<status status="NOT RUN" start="2025-04-29T12:12:47.107451" elapsed="0.000035"/>
</kw>
<kw name="Verify Content Is" owner="text_editor_keywords">
<arg>${test_data.text_editor.test_document.content}</arg>
<status status="NOT RUN" start="2025-04-29T12:12:47.107614" elapsed="0.000024"/>
</kw>
<kw name="Close Text Editor Application" owner="text_editor_keywords" type="TEARDOWN">
<kw name="Close Browser" owner="SeleniumLibrary">
<doc>Closes the current browser.</doc>
<status status="PASS" start="2025-04-29T12:12:47.108186" elapsed="0.055400"/>
</kw>
<status status="PASS" start="2025-04-29T12:12:47.107920" elapsed="0.055801"/>
</kw>
<doc>Test creating and saving a new document</doc>
<status status="FAIL" start="2025-04-29T12:12:46.048147" elapsed="1.115708">Resolving variable '${aselectors.text_editor.save_success_message}' failed: Variable '${aselectors}' not found. Did you mean:
    ${selectors}</status>
</test>
<test id="s1-t2" name="Edit Existing Document" line="15">
<kw name="Open Text Editor" owner="text_editor_keywords" type="SETUP">
<kw name="Log" owner="BuiltIn">
<msg time="2025-04-29T12:12:47.165004" level="INFO">Download Directory : /home/nguyenvh/Sync/3a/stage_stet/projet_dho/robot-report-generator/test_downloads</msg>
<arg>Download Directory : ${DOWNLOAD_DIR}</arg>
<doc>Logs the given message with the given level.</doc>
<status status="PASS" start="2025-04-29T12:12:47.164846" elapsed="0.000203"/>
</kw>
<variable name="&amp;{browser_prefs}">
<msg time="2025-04-29T12:12:47.165285" level="INFO">&amp;{browser_prefs} = { download.default_directory=/home/nguyenvh/Sync/3a/stage_stet/projet_dho/robot-report-generator/test_downloads | plugins.always_open_pdf_externally=True }</msg>
<var>download.default_directory=${DOWNLOAD_DIR}</var>
<var>plugins.always_open_pdf_externally=${True}</var>
<status status="PASS" start="2025-04-29T12:12:47.165102" elapsed="0.000240"/>
</variable>
<kw name="Evaluate" owner="BuiltIn">
<msg time="2025-04-29T12:12:47.165876" level="INFO">${chrome_options} = &lt;selenium.webdriver.chrome.options.Options object at 0x777c51fcec80&gt;</msg>
<var>${chrome_options}</var>
<arg>sys.modules['selenium.webdriver'].ChromeOptions()</arg>
<arg>sys, selenium.webdriver</arg>
<doc>Evaluates the given expression in Python and returns the result.</doc>
<status status="PASS" start="2025-04-29T12:12:47.165519" elapsed="0.000400"/>
</kw>
<kw name="Call Method" owner="BuiltIn">
<arg>${chrome_options}</arg>
<arg>add_experimental_option</arg>
<arg>prefs</arg>
<arg>${browser_prefs}</arg>
<doc>Calls the named method of the given object with the provided arguments.</doc>
<status status="PASS" start="2025-04-29T12:12:47.166072" elapsed="0.000225"/>
</kw>
<kw name="Open Browser" owner="SeleniumLibrary">
<msg time="2025-04-29T12:12:47.167342" level="INFO">Opening browser 'chrome' to base url 'http://localhost:3000'.</msg>
<arg>${app.url}</arg>
<arg>chrome</arg>
<arg>options=${chrome_options}</arg>
<doc>Opens a new browser instance to the optional ``url``.</doc>
<status status="PASS" start="2025-04-29T12:12:47.166462" elapsed="0.750373"/>
</kw>
<kw name="Click Element" owner="SeleniumLibrary">
<msg time="2025-04-29T12:12:47.917518" level="INFO">Clicking element 'xpath=//button[contains(text(), 'Text Editor')]'.</msg>
<arg>${selectors.header.text_editor_button}</arg>
<doc>Click the element identified by ``locator``.</doc>
<status status="PASS" start="2025-04-29T12:12:47.917039" elapsed="0.105787"/>
</kw>
<kw name="Wait Until Page Contains Element" owner="SeleniumLibrary">
<arg>${selectors.text_editor.filename_input}</arg>
<arg>${timeouts.page_load}</arg>
<doc>Waits until the element ``locator`` appears on the current page.</doc>
<status status="PASS" start="2025-04-29T12:12:48.023027" elapsed="0.009462"/>
</kw>
<kw name="Log" owner="BuiltIn">
<msg time="2025-04-29T12:12:48.032846" level="INFO">Opened Text Editor</msg>
<arg>Opened Text Editor</arg>
<doc>Logs the given message with the given level.</doc>
<status status="PASS" start="2025-04-29T12:12:48.032683" elapsed="0.000209"/>
</kw>
<status status="PASS" start="2025-04-29T12:12:47.164546" elapsed="0.868414"/>
</kw>
<kw name="Create And Save Document" owner="text_editor_keywords">
<kw name="Set File Name" owner="text_editor_keywords">
<kw name="Input Text" owner="SeleniumLibrary">
<msg time="2025-04-29T12:12:48.034984" level="INFO">Typing text 'editable_document.txt' into text field 'css=input[type='text']'.</msg>
<arg>${selectors.text_editor.filename_input}</arg>
<arg>${filename}</arg>
<doc>Types the given ``text`` into the text field identified by ``locator``.</doc>
<status status="PASS" start="2025-04-29T12:12:48.034585" elapsed="0.082985"/>
</kw>
<arg>${filename}</arg>
<status status="PASS" start="2025-04-29T12:12:48.034354" elapsed="0.083344"/>
</kw>
<kw name="Set Content" owner="text_editor_keywords">
<kw name="Input Text" owner="SeleniumLibrary">
<msg time="2025-04-29T12:12:48.118746" level="INFO">Typing text 'Initial content' into text field 'css=textarea'.</msg>
<arg>${selectors.text_editor.content_textarea}</arg>
<arg>${content}</arg>
<doc>Types the given ``text`` into the text field identified by ``locator``.</doc>
<status status="PASS" start="2025-04-29T12:12:48.118199" elapsed="0.059383"/>
</kw>
<arg>${content}</arg>
<status status="PASS" start="2025-04-29T12:12:48.117881" elapsed="0.059819"/>
</kw>
<kw name="Save Document" owner="text_editor_keywords">
<kw name="Get Editor Content" owner="text_editor_keywords">
<kw name="Get Value" owner="SeleniumLibrary">
<msg time="2025-04-29T12:12:48.187551" level="INFO">${content} = Initial content</msg>
<var>${content}</var>
<arg>${selectors.text_editor.content_textarea}</arg>
<doc>Returns the value attribute of the element identified by ``locator``.</doc>
<status status="PASS" start="2025-04-29T12:12:48.178364" elapsed="0.009238"/>
</kw>
<return>
<value>${content}</value>
<status status="PASS" start="2025-04-29T12:12:48.187683" elapsed="0.000061"/>
</return>
<msg time="2025-04-29T12:12:48.187896" level="INFO">${content} = Initial content</msg>
<var>${content}</var>
<status status="PASS" start="2025-04-29T12:12:48.178166" elapsed="0.009753"/>
</kw>
<kw name="Get File Name" owner="text_editor_keywords">
<kw name="Get Value" owner="SeleniumLibrary">
<msg time="2025-04-29T12:12:48.196307" level="INFO">${filename} = editable_document.txt</msg>
<var>${filename}</var>
<arg>${selectors.text_editor.filename_input}</arg>
<doc>Returns the value attribute of the element identified by ``locator``.</doc>
<status status="PASS" start="2025-04-29T12:12:48.188353" elapsed="0.008005"/>
</kw>
<return>
<value>${filename}</value>
<status status="PASS" start="2025-04-29T12:12:48.196438" elapsed="0.000048"/>
</return>
<msg time="2025-04-29T12:12:48.196617" level="INFO">${filename} = editable_document.txt</msg>
<var>${filename}</var>
<status status="PASS" start="2025-04-29T12:12:48.188108" elapsed="0.008533"/>
</kw>
<kw name="Click Button" owner="SeleniumLibrary">
<msg time="2025-04-29T12:12:48.197201" level="INFO">Clicking button 'xpath=//button[contains(., 'Save')]'.</msg>
<arg>${selectors.text_editor.save_button}</arg>
<doc>Clicks the button identified by ``locator``.</doc>
<status status="PASS" start="2025-04-29T12:12:48.196771" elapsed="0.044344"/>
</kw>
<kw name="Wait Until Element Is Visible" owner="SeleniumLibrary">
<msg time="2025-04-29T12:12:48.242105" level="FAIL">Resolving variable '${aselectors.text_editor.save_success_message}' failed: Variable '${aselectors}' not found. Did you mean:
    ${selectors}</msg>
<arg>${aselectors.text_editor.save_success_message}</arg>
<arg>${timeouts.element_visible}</arg>
<doc>Waits until the element ``locator`` is visible.</doc>
<status status="FAIL" start="2025-04-29T12:12:48.241309" elapsed="0.000847">Resolving variable '${aselectors.text_editor.save_success_message}' failed: Variable '${aselectors}' not found. Did you mean:
    ${selectors}</status>
</kw>
<kw name="Wait Until Created" owner="OperatingSystem">
<arg>${DOWNLOAD_DIR}/${filename}</arg>
<arg>timeout=5s</arg>
<doc>Waits until the given file or directory is created.</doc>
<status status="NOT RUN" start="2025-04-29T12:12:48.242385" elapsed="0.000041"/>
</kw>
<kw name="Log" owner="BuiltIn">
<arg>File downloaded to ${DOWNLOAD_DIR}/${filename}</arg>
<doc>Logs the given message with the given level.</doc>
<status status="NOT RUN" start="2025-04-29T12:12:48.242523" elapsed="0.000022"/>
</kw>
<doc>Saves the document and verifies the download was triggered</doc>
<status status="FAIL" start="2025-04-29T12:12:48.177896" elapsed="0.064741">Resolving variable '${aselectors.text_editor.save_success_message}' failed: Variable '${aselectors}' not found. Did you mean:
    ${selectors}</status>
</kw>
<arg>${test_data.text_editor.editable_document.filename}</arg>
<arg>${test_data.text_editor.editable_document.initial_content}</arg>
<status status="FAIL" start="2025-04-29T12:12:48.033179" elapsed="0.209530">Resolving variable '${aselectors.text_editor.save_success_message}' failed: Variable '${aselectors}' not found. Did you mean:
    ${selectors}</status>
</kw>
<kw name="Set Content" owner="text_editor_keywords">
<arg>${test_data.text_editor.editable_document.updated_content}</arg>
<status status="NOT RUN" start="2025-04-29T12:12:48.242902" elapsed="0.000032"/>
</kw>
<kw name="Save Document" owner="text_editor_keywords">
<doc>Saves the document and verifies the download was triggered</doc>
<status status="NOT RUN" start="2025-04-29T12:12:48.243075" elapsed="0.000024"/>
</kw>
<kw name="Verify Content Is" owner="text_editor_keywords">
<arg>${test_data.text_editor.editable_document.updated_content}</arg>
<status status="NOT RUN" start="2025-04-29T12:12:48.243206" elapsed="0.000022"/>
</kw>
<kw name="Close Text Editor Application" owner="text_editor_keywords" type="TEARDOWN">
<kw name="Close Browser" owner="SeleniumLibrary">
<doc>Closes the current browser.</doc>
<status status="PASS" start="2025-04-29T12:12:48.243842" elapsed="0.056754"/>
</kw>
<status status="PASS" start="2025-04-29T12:12:48.243575" elapsed="0.057184"/>
</kw>
<doc>Test editing an existing document</doc>
<status status="FAIL" start="2025-04-29T12:12:47.164111" elapsed="1.136746">Resolving variable '${aselectors.text_editor.save_success_message}' failed: Variable '${aselectors}' not found. Did you mean:
    ${selectors}</status>
</test>
<test id="s1-t3" name="Clear Editor Content" line="22">
<kw name="Open Text Editor" owner="text_editor_keywords" type="SETUP">
<kw name="Log" owner="BuiltIn">
<msg time="2025-04-29T12:12:48.302080" level="INFO">Download Directory : /home/nguyenvh/Sync/3a/stage_stet/projet_dho/robot-report-generator/test_downloads</msg>
<arg>Download Directory : ${DOWNLOAD_DIR}</arg>
<doc>Logs the given message with the given level.</doc>
<status status="PASS" start="2025-04-29T12:12:48.301927" elapsed="0.000208"/>
</kw>
<variable name="&amp;{browser_prefs}">
<msg time="2025-04-29T12:12:48.302369" level="INFO">&amp;{browser_prefs} = { download.default_directory=/home/nguyenvh/Sync/3a/stage_stet/projet_dho/robot-report-generator/test_downloads | plugins.always_open_pdf_externally=True }</msg>
<var>download.default_directory=${DOWNLOAD_DIR}</var>
<var>plugins.always_open_pdf_externally=${True}</var>
<status status="PASS" start="2025-04-29T12:12:48.302195" elapsed="0.000200"/>
</variable>
<kw name="Evaluate" owner="BuiltIn">
<msg time="2025-04-29T12:12:48.302708" level="INFO">${chrome_options} = &lt;selenium.webdriver.chrome.options.Options object at 0x777c51fceb30&gt;</msg>
<var>${chrome_options}</var>
<arg>sys.modules['selenium.webdriver'].ChromeOptions()</arg>
<arg>sys, selenium.webdriver</arg>
<doc>Evaluates the given expression in Python and returns the result.</doc>
<status status="PASS" start="2025-04-29T12:12:48.302491" elapsed="0.000249"/>
</kw>
<kw name="Call Method" owner="BuiltIn">
<arg>${chrome_options}</arg>
<arg>add_experimental_option</arg>
<arg>prefs</arg>
<arg>${browser_prefs}</arg>
<doc>Calls the named method of the given object with the provided arguments.</doc>
<status status="PASS" start="2025-04-29T12:12:48.302834" elapsed="0.000142"/>
</kw>
<kw name="Open Browser" owner="SeleniumLibrary">
<msg time="2025-04-29T12:12:48.303560" level="INFO">Opening browser 'chrome' to base url 'http://localhost:3000'.</msg>
<arg>${app.url}</arg>
<arg>chrome</arg>
<arg>options=${chrome_options}</arg>
<doc>Opens a new browser instance to the optional ``url``.</doc>
<status status="PASS" start="2025-04-29T12:12:48.303094" elapsed="0.710996"/>
</kw>
<kw name="Click Element" owner="SeleniumLibrary">
<msg time="2025-04-29T12:12:49.014914" level="INFO">Clicking element 'xpath=//button[contains(text(), 'Text Editor')]'.</msg>
<arg>${selectors.header.text_editor_button}</arg>
<doc>Click the element identified by ``locator``.</doc>
<status status="PASS" start="2025-04-29T12:12:49.014317" elapsed="0.102306"/>
</kw>
<kw name="Wait Until Page Contains Element" owner="SeleniumLibrary">
<arg>${selectors.text_editor.filename_input}</arg>
<arg>${timeouts.page_load}</arg>
<doc>Waits until the element ``locator`` appears on the current page.</doc>
<status status="PASS" start="2025-04-29T12:12:49.116829" elapsed="0.006788"/>
</kw>
<kw name="Log" owner="BuiltIn">
<msg time="2025-04-29T12:12:49.124001" level="INFO">Opened Text Editor</msg>
<arg>Opened Text Editor</arg>
<doc>Logs the given message with the given level.</doc>
<status status="PASS" start="2025-04-29T12:12:49.123824" elapsed="0.000242"/>
</kw>
<status status="PASS" start="2025-04-29T12:12:48.301593" elapsed="0.822569"/>
</kw>
<kw name="Set Content" owner="text_editor_keywords">
<kw name="Input Text" owner="SeleniumLibrary">
<msg time="2025-04-29T12:12:49.125513" level="INFO">Typing text 'Some test content' into text field 'css=textarea'.</msg>
<arg>${selectors.text_editor.content_textarea}</arg>
<arg>${content}</arg>
<doc>Types the given ``text`` into the text field identified by ``locator``.</doc>
<status status="PASS" start="2025-04-29T12:12:49.124818" elapsed="0.074935"/>
</kw>
<arg>Some test content</arg>
<status status="PASS" start="2025-04-29T12:12:49.124388" elapsed="0.075496"/>
</kw>
<kw name="Clear Editor" owner="text_editor_keywords">
<kw name="Click Button" owner="SeleniumLibrary">
<msg time="2025-04-29T12:12:49.200833" level="INFO">Clicking button 'xpath=//button[contains(., 'Clear')]'.</msg>
<arg>${selectors.text_editor.clear_button}</arg>
<doc>Clicks the button identified by ``locator``.</doc>
<status status="PASS" start="2025-04-29T12:12:49.200388" elapsed="0.046712"/>
</kw>
<kw name="Wait Until Element Is Visible" owner="SeleniumLibrary">
<arg>${selectors.text_editor.clear_success_message}</arg>
<arg>${timeouts.element_visible}</arg>
<doc>Waits until the element ``locator`` is visible.</doc>
<status status="PASS" start="2025-04-29T12:12:49.247385" elapsed="0.014138"/>
</kw>
<doc>Clears the editor content</doc>
<status status="PASS" start="2025-04-29T12:12:49.200129" elapsed="0.061521"/>
</kw>
<kw name="Verify Editor Is Cleared" owner="text_editor_keywords">
<kw name="Get Editor Content" owner="text_editor_keywords">
<kw name="Get Value" owner="SeleniumLibrary">
<msg time="2025-04-29T12:12:49.269800" level="INFO">${content} = </msg>
<var>${content}</var>
<arg>${selectors.text_editor.content_textarea}</arg>
<doc>Returns the value attribute of the element identified by ``locator``.</doc>
<status status="PASS" start="2025-04-29T12:12:49.262325" elapsed="0.007522"/>
</kw>
<return>
<value>${content}</value>
<status status="PASS" start="2025-04-29T12:12:49.269926" elapsed="0.000049"/>
</return>
<msg time="2025-04-29T12:12:49.270102" level="INFO">${content} = </msg>
<var>${content}</var>
<status status="PASS" start="2025-04-29T12:12:49.262146" elapsed="0.007979"/>
</kw>
<kw name="Should Be Empty" owner="BuiltIn">
<msg time="2025-04-29T12:12:49.270417" level="INFO">Length is 0.</msg>
<arg>${content}</arg>
<arg>Editor content should be empty</arg>
<doc>Verifies that the given item is empty.</doc>
<status status="PASS" start="2025-04-29T12:12:49.270249" elapsed="0.000208"/>
</kw>
<kw name="Element Should Be Visible" owner="SeleniumLibrary">
<msg time="2025-04-29T12:12:49.281389" level="INFO">Element 'xpath=//div[contains(., 'Editor content cleared')]' is displayed.</msg>
<arg>${selectors.text_editor.clear_success_message}</arg>
<doc>Verifies that the element identified by ``locator`` is visible.</doc>
<status status="PASS" start="2025-04-29T12:12:49.270631" elapsed="0.010913"/>
</kw>
<status status="PASS" start="2025-04-29T12:12:49.261880" elapsed="0.019806"/>
</kw>
<kw name="Close Text Editor Application" owner="text_editor_keywords" type="TEARDOWN">
<kw name="Close Browser" owner="SeleniumLibrary">
<doc>Closes the current browser.</doc>
<status status="PASS" start="2025-04-29T12:12:49.282503" elapsed="0.057750"/>
</kw>
<status status="PASS" start="2025-04-29T12:12:49.282105" elapsed="0.058277"/>
</kw>
<doc>Test clearing the editor content</doc>
<status status="PASS" start="2025-04-29T12:12:48.301155" elapsed="1.039322"/>
</test>
<test id="s1-t4" name="Clear Empty Editor" line="28">
<kw name="Open Text Editor" owner="text_editor_keywords" type="SETUP">
<kw name="Log" owner="BuiltIn">
<msg time="2025-04-29T12:12:49.341503" level="INFO">Download Directory : /home/nguyenvh/Sync/3a/stage_stet/projet_dho/robot-report-generator/test_downloads</msg>
<arg>Download Directory : ${DOWNLOAD_DIR}</arg>
<doc>Logs the given message with the given level.</doc>
<status status="PASS" start="2025-04-29T12:12:49.341358" elapsed="0.000190"/>
</kw>
<variable name="&amp;{browser_prefs}">
<msg time="2025-04-29T12:12:49.341786" level="INFO">&amp;{browser_prefs} = { download.default_directory=/home/nguyenvh/Sync/3a/stage_stet/projet_dho/robot-report-generator/test_downloads | plugins.always_open_pdf_externally=True }</msg>
<var>download.default_directory=${DOWNLOAD_DIR}</var>
<var>plugins.always_open_pdf_externally=${True}</var>
<status status="PASS" start="2025-04-29T12:12:49.341600" elapsed="0.000214"/>
</variable>
<kw name="Evaluate" owner="BuiltIn">
<msg time="2025-04-29T12:12:49.342137" level="INFO">${chrome_options} = &lt;selenium.webdriver.chrome.options.Options object at 0x777c51ff1660&gt;</msg>
<var>${chrome_options}</var>
<arg>sys.modules['selenium.webdriver'].ChromeOptions()</arg>
<arg>sys, selenium.webdriver</arg>
<doc>Evaluates the given expression in Python and returns the result.</doc>
<status status="PASS" start="2025-04-29T12:12:49.341915" elapsed="0.000247"/>
</kw>
<kw name="Call Method" owner="BuiltIn">
<arg>${chrome_options}</arg>
<arg>add_experimental_option</arg>
<arg>prefs</arg>
<arg>${browser_prefs}</arg>
<doc>Calls the named method of the given object with the provided arguments.</doc>
<status status="PASS" start="2025-04-29T12:12:49.342257" elapsed="0.000136"/>
</kw>
<kw name="Open Browser" owner="SeleniumLibrary">
<msg time="2025-04-29T12:12:49.342972" level="INFO">Opening browser 'chrome' to base url 'http://localhost:3000'.</msg>
<arg>${app.url}</arg>
<arg>chrome</arg>
<arg>options=${chrome_options}</arg>
<doc>Opens a new browser instance to the optional ``url``.</doc>
<status status="PASS" start="2025-04-29T12:12:49.342504" elapsed="0.722848"/>
</kw>
<kw name="Click Element" owner="SeleniumLibrary">
<msg time="2025-04-29T12:12:50.066041" level="INFO">Clicking element 'xpath=//button[contains(text(), 'Text Editor')]'.</msg>
<arg>${selectors.header.text_editor_button}</arg>
<doc>Click the element identified by ``locator``.</doc>
<status status="PASS" start="2025-04-29T12:12:50.065556" elapsed="0.096733"/>
</kw>
<kw name="Wait Until Page Contains Element" owner="SeleniumLibrary">
<arg>${selectors.text_editor.filename_input}</arg>
<arg>${timeouts.page_load}</arg>
<doc>Waits until the element ``locator`` appears on the current page.</doc>
<status status="PASS" start="2025-04-29T12:12:50.162511" elapsed="0.007466"/>
</kw>
<kw name="Log" owner="BuiltIn">
<msg time="2025-04-29T12:12:50.170320" level="INFO">Opened Text Editor</msg>
<arg>Opened Text Editor</arg>
<doc>Logs the given message with the given level.</doc>
<status status="PASS" start="2025-04-29T12:12:50.170172" elapsed="0.000193"/>
</kw>
<status status="PASS" start="2025-04-29T12:12:49.341117" elapsed="0.829313"/>
</kw>
<kw name="Clear Editor" owner="text_editor_keywords">
<kw name="Click Button" owner="SeleniumLibrary">
<msg time="2025-04-29T12:12:50.171234" level="INFO">Clicking button 'xpath=//button[contains(., 'Clear')]'.</msg>
<arg>${selectors.text_editor.clear_button}</arg>
<doc>Clicks the button identified by ``locator``.</doc>
<status status="PASS" start="2025-04-29T12:12:50.170853" elapsed="0.043610"/>
</kw>
<kw name="Wait Until Element Is Visible" owner="SeleniumLibrary">
<arg>${selectors.text_editor.clear_success_message}</arg>
<arg>${timeouts.element_visible}</arg>
<doc>Waits until the element ``locator`` is visible.</doc>
<status status="PASS" start="2025-04-29T12:12:50.214656" elapsed="0.012785"/>
</kw>
<doc>Clears the editor content</doc>
<status status="PASS" start="2025-04-29T12:12:50.170629" elapsed="0.056938"/>
</kw>
<kw name="Verify Editor Is Cleared" owner="text_editor_keywords">
<kw name="Get Editor Content" owner="text_editor_keywords">
<kw name="Get Value" owner="SeleniumLibrary">
<msg time="2025-04-29T12:12:50.237993" level="INFO">${content} = </msg>
<var>${content}</var>
<arg>${selectors.text_editor.content_textarea}</arg>
<doc>Returns the value attribute of the element identified by ``locator``.</doc>
<status status="PASS" start="2025-04-29T12:12:50.228281" elapsed="0.009761"/>
</kw>
<return>
<value>${content}</value>
<status status="PASS" start="2025-04-29T12:12:50.238125" elapsed="0.000050"/>
</return>
<msg time="2025-04-29T12:12:50.238307" level="INFO">${content} = </msg>
<var>${content}</var>
<status status="PASS" start="2025-04-29T12:12:50.228088" elapsed="0.010242"/>
</kw>
<kw name="Should Be Empty" owner="BuiltIn">
<msg time="2025-04-29T12:12:50.238621" level="INFO">Length is 0.</msg>
<arg>${content}</arg>
<arg>Editor content should be empty</arg>
<doc>Verifies that the given item is empty.</doc>
<status status="PASS" start="2025-04-29T12:12:50.238448" elapsed="0.000224"/>
</kw>
<kw name="Element Should Be Visible" owner="SeleniumLibrary">
<msg time="2025-04-29T12:12:50.248434" level="INFO">Element 'xpath=//div[contains(., 'Editor content cleared')]' is displayed.</msg>
<arg>${selectors.text_editor.clear_success_message}</arg>
<doc>Verifies that the element identified by ``locator`` is visible.</doc>
<status status="PASS" start="2025-04-29T12:12:50.238783" elapsed="0.009756"/>
</kw>
<status status="PASS" start="2025-04-29T12:12:50.227808" elapsed="0.020825"/>
</kw>
<kw name="Close Text Editor Application" owner="text_editor_keywords" type="TEARDOWN">
<kw name="Close Browser" owner="SeleniumLibrary">
<doc>Closes the current browser.</doc>
<status status="PASS" start="2025-04-29T12:12:50.249186" elapsed="0.055073"/>
</kw>
<status status="PASS" start="2025-04-29T12:12:50.248929" elapsed="0.055449"/>
</kw>
<doc>Test clearing an empty editor</doc>
<status status="PASS" start="2025-04-29T12:12:49.340740" elapsed="0.963723"/>
</test>
<test id="s1-t5" name="Clear And Save Document" line="33">
<kw name="Open Text Editor" owner="text_editor_keywords" type="SETUP">
<kw name="Log" owner="BuiltIn">
<msg time="2025-04-29T12:12:50.305647" level="INFO">Download Directory : /home/nguyenvh/Sync/3a/stage_stet/projet_dho/robot-report-generator/test_downloads</msg>
<arg>Download Directory : ${DOWNLOAD_DIR}</arg>
<doc>Logs the given message with the given level.</doc>
<status status="PASS" start="2025-04-29T12:12:50.305463" elapsed="0.000232"/>
</kw>
<variable name="&amp;{browser_prefs}">
<msg time="2025-04-29T12:12:50.305931" level="INFO">&amp;{browser_prefs} = { download.default_directory=/home/nguyenvh/Sync/3a/stage_stet/projet_dho/robot-report-generator/test_downloads | plugins.always_open_pdf_externally=True }</msg>
<var>download.default_directory=${DOWNLOAD_DIR}</var>
<var>plugins.always_open_pdf_externally=${True}</var>
<status status="PASS" start="2025-04-29T12:12:50.305759" elapsed="0.000198"/>
</variable>
<kw name="Evaluate" owner="BuiltIn">
<msg time="2025-04-29T12:12:50.306368" level="INFO">${chrome_options} = &lt;selenium.webdriver.chrome.options.Options object at 0x777c51ff0c70&gt;</msg>
<var>${chrome_options}</var>
<arg>sys.modules['selenium.webdriver'].ChromeOptions()</arg>
<arg>sys, selenium.webdriver</arg>
<doc>Evaluates the given expression in Python and returns the result.</doc>
<status status="PASS" start="2025-04-29T12:12:50.306139" elapsed="0.000256"/>
</kw>
<kw name="Call Method" owner="BuiltIn">
<arg>${chrome_options}</arg>
<arg>add_experimental_option</arg>
<arg>prefs</arg>
<arg>${browser_prefs}</arg>
<doc>Calls the named method of the given object with the provided arguments.</doc>
<status status="PASS" start="2025-04-29T12:12:50.306489" elapsed="0.000135"/>
</kw>
<kw name="Open Browser" owner="SeleniumLibrary">
<msg time="2025-04-29T12:12:50.307176" level="INFO">Opening browser 'chrome' to base url 'http://localhost:3000'.</msg>
<arg>${app.url}</arg>
<arg>chrome</arg>
<arg>options=${chrome_options}</arg>
<doc>Opens a new browser instance to the optional ``url``.</doc>
<status status="PASS" start="2025-04-29T12:12:50.306733" elapsed="0.722318"/>
</kw>
<kw name="Click Element" owner="SeleniumLibrary">
<msg time="2025-04-29T12:12:51.030280" level="INFO">Clicking element 'xpath=//button[contains(text(), 'Text Editor')]'.</msg>
<arg>${selectors.header.text_editor_button}</arg>
<doc>Click the element identified by ``locator``.</doc>
<status status="PASS" start="2025-04-29T12:12:51.029384" elapsed="0.108819"/>
</kw>
<kw name="Wait Until Page Contains Element" owner="SeleniumLibrary">
<arg>${selectors.text_editor.filename_input}</arg>
<arg>${timeouts.page_load}</arg>
<doc>Waits until the element ``locator`` appears on the current page.</doc>
<status status="PASS" start="2025-04-29T12:12:51.138396" elapsed="0.008861"/>
</kw>
<kw name="Log" owner="BuiltIn">
<msg time="2025-04-29T12:12:51.147679" level="INFO">Opened Text Editor</msg>
<arg>Opened Text Editor</arg>
<doc>Logs the given message with the given level.</doc>
<status status="PASS" start="2025-04-29T12:12:51.147451" elapsed="0.000283"/>
</kw>
<status status="PASS" start="2025-04-29T12:12:50.305064" elapsed="0.842742"/>
</kw>
<kw name="Set Content" owner="text_editor_keywords">
<kw name="Input Text" owner="SeleniumLibrary">
<msg time="2025-04-29T12:12:51.148655" level="INFO">Typing text 'Initial content' into text field 'css=textarea'.</msg>
<arg>${selectors.text_editor.content_textarea}</arg>
<arg>${content}</arg>
<doc>Types the given ``text`` into the text field identified by ``locator``.</doc>
<status status="PASS" start="2025-04-29T12:12:51.148238" elapsed="0.075304"/>
</kw>
<arg>Initial content</arg>
<status status="PASS" start="2025-04-29T12:12:51.148000" elapsed="0.075767"/>
</kw>
<kw name="Clear Editor" owner="text_editor_keywords">
<kw name="Click Button" owner="SeleniumLibrary">
<msg time="2025-04-29T12:12:51.225310" level="INFO">Clicking button 'xpath=//button[contains(., 'Clear')]'.</msg>
<arg>${selectors.text_editor.clear_button}</arg>
<doc>Clicks the button identified by ``locator``.</doc>
<status status="PASS" start="2025-04-29T12:12:51.224603" elapsed="0.051391"/>
</kw>
<kw name="Wait Until Element Is Visible" owner="SeleniumLibrary">
<arg>${selectors.text_editor.clear_success_message}</arg>
<arg>${timeouts.element_visible}</arg>
<doc>Waits until the element ``locator`` is visible.</doc>
<status status="PASS" start="2025-04-29T12:12:51.276223" elapsed="0.014860"/>
</kw>
<doc>Clears the editor content</doc>
<status status="PASS" start="2025-04-29T12:12:51.224154" elapsed="0.067071"/>
</kw>
<kw name="Verify Editor Is Cleared" owner="text_editor_keywords">
<kw name="Get Editor Content" owner="text_editor_keywords">
<kw name="Get Value" owner="SeleniumLibrary">
<msg time="2025-04-29T12:12:51.300756" level="INFO">${content} = </msg>
<var>${content}</var>
<arg>${selectors.text_editor.content_textarea}</arg>
<doc>Returns the value attribute of the element identified by ``locator``.</doc>
<status status="PASS" start="2025-04-29T12:12:51.291956" elapsed="0.008851"/>
</kw>
<return>
<value>${content}</value>
<status status="PASS" start="2025-04-29T12:12:51.300894" elapsed="0.000049"/>
</return>
<msg time="2025-04-29T12:12:51.301077" level="INFO">${content} = </msg>
<var>${content}</var>
<status status="PASS" start="2025-04-29T12:12:51.291747" elapsed="0.009354"/>
</kw>
<kw name="Should Be Empty" owner="BuiltIn">
<msg time="2025-04-29T12:12:51.301401" level="INFO">Length is 0.</msg>
<arg>${content}</arg>
<arg>Editor content should be empty</arg>
<doc>Verifies that the given item is empty.</doc>
<status status="PASS" start="2025-04-29T12:12:51.301226" elapsed="0.000218"/>
</kw>
<kw name="Element Should Be Visible" owner="SeleniumLibrary">
<msg time="2025-04-29T12:12:51.315434" level="INFO">Element 'xpath=//div[contains(., 'Editor content cleared')]' is displayed.</msg>
<arg>${selectors.text_editor.clear_success_message}</arg>
<doc>Verifies that the element identified by ``locator`` is visible.</doc>
<status status="PASS" start="2025-04-29T12:12:51.301543" elapsed="0.013997"/>
</kw>
<status status="PASS" start="2025-04-29T12:12:51.291456" elapsed="0.024184"/>
</kw>
<kw name="Save Document" owner="text_editor_keywords">
<kw name="Get Editor Content" owner="text_editor_keywords">
<kw name="Get Value" owner="SeleniumLibrary">
<msg time="2025-04-29T12:12:51.325838" level="INFO">${content} = </msg>
<var>${content}</var>
<arg>${selectors.text_editor.content_textarea}</arg>
<doc>Returns the value attribute of the element identified by ``locator``.</doc>
<status status="PASS" start="2025-04-29T12:12:51.316390" elapsed="0.009498"/>
</kw>
<return>
<value>${content}</value>
<status status="PASS" start="2025-04-29T12:12:51.325970" elapsed="0.000051"/>
</return>
<msg time="2025-04-29T12:12:51.326156" level="INFO">${content} = </msg>
<var>${content}</var>
<status status="PASS" start="2025-04-29T12:12:51.316203" elapsed="0.009977"/>
</kw>
<kw name="Get File Name" owner="text_editor_keywords">
<kw name="Get Value" owner="SeleniumLibrary">
<msg time="2025-04-29T12:12:51.333905" level="INFO">${filename} = untitled.txt</msg>
<var>${filename}</var>
<arg>${selectors.text_editor.filename_input}</arg>
<doc>Returns the value attribute of the element identified by ``locator``.</doc>
<status status="PASS" start="2025-04-29T12:12:51.326579" elapsed="0.007373"/>
</kw>
<return>
<value>${filename}</value>
<status status="PASS" start="2025-04-29T12:12:51.334035" elapsed="0.000048"/>
</return>
<msg time="2025-04-29T12:12:51.334212" level="INFO">${filename} = untitled.txt</msg>
<var>${filename}</var>
<status status="PASS" start="2025-04-29T12:12:51.326346" elapsed="0.007889"/>
</kw>
<kw name="Click Button" owner="SeleniumLibrary">
<msg time="2025-04-29T12:12:51.335275" level="INFO">Clicking button 'xpath=//button[contains(., 'Save')]'.</msg>
<arg>${selectors.text_editor.save_button}</arg>
<doc>Clicks the button identified by ``locator``.</doc>
<status status="PASS" start="2025-04-29T12:12:51.334359" elapsed="0.049100"/>
</kw>
<kw name="Wait Until Element Is Visible" owner="SeleniumLibrary">
<msg time="2025-04-29T12:12:51.384510" level="FAIL">Resolving variable '${aselectors.text_editor.save_success_message}' failed: Variable '${aselectors}' not found. Did you mean:
    ${selectors}</msg>
<arg>${aselectors.text_editor.save_success_message}</arg>
<arg>${timeouts.element_visible}</arg>
<doc>Waits until the element ``locator`` is visible.</doc>
<status status="FAIL" start="2025-04-29T12:12:51.383729" elapsed="0.000833">Resolving variable '${aselectors.text_editor.save_success_message}' failed: Variable '${aselectors}' not found. Did you mean:
    ${selectors}</status>
</kw>
<kw name="Wait Until Created" owner="OperatingSystem">
<arg>${DOWNLOAD_DIR}/${filename}</arg>
<arg>timeout=5s</arg>
<doc>Waits until the given file or directory is created.</doc>
<status status="NOT RUN" start="2025-04-29T12:12:51.384688" elapsed="0.000036"/>
</kw>
<kw name="Log" owner="BuiltIn">
<arg>File downloaded to ${DOWNLOAD_DIR}/${filename}</arg>
<doc>Logs the given message with the given level.</doc>
<status status="NOT RUN" start="2025-04-29T12:12:51.384827" elapsed="0.000022"/>
</kw>
<doc>Saves the document and verifies the download was triggered</doc>
<status status="FAIL" start="2025-04-29T12:12:51.315886" elapsed="0.069123">Resolving variable '${aselectors.text_editor.save_success_message}' failed: Variable '${aselectors}' not found. Did you mean:
    ${selectors}</status>
</kw>
<kw name="Verify Content Is" owner="text_editor_keywords">
<arg>${EMPTY}</arg>
<status status="NOT RUN" start="2025-04-29T12:12:51.385210" elapsed="0.000031"/>
</kw>
<kw name="Close Text Editor Application" owner="text_editor_keywords" type="TEARDOWN">
<kw name="Close Browser" owner="SeleniumLibrary">
<doc>Closes the current browser.</doc>
<status status="PASS" start="2025-04-29T12:12:51.385662" elapsed="0.056000"/>
</kw>
<status status="PASS" start="2025-04-29T12:12:51.385446" elapsed="0.056359"/>
</kw>
<doc>Test clearing and then saving a document</doc>
<status status="FAIL" start="2025-04-29T12:12:50.304687" elapsed="1.137219">Resolving variable '${aselectors.text_editor.save_success_message}' failed: Variable '${aselectors}' not found. Did you mean:
    ${selectors}</status>
</test>
<test id="s1-t6" name="Save Document With Special Characters" line="41">
<kw name="Open Text Editor" owner="text_editor_keywords" type="SETUP">
<kw name="Log" owner="BuiltIn">
<msg time="2025-04-29T12:12:51.443042" level="INFO">Download Directory : /home/nguyenvh/Sync/3a/stage_stet/projet_dho/robot-report-generator/test_downloads</msg>
<arg>Download Directory : ${DOWNLOAD_DIR}</arg>
<doc>Logs the given message with the given level.</doc>
<status status="PASS" start="2025-04-29T12:12:51.442832" elapsed="0.000278"/>
</kw>
<variable name="&amp;{browser_prefs}">
<msg time="2025-04-29T12:12:51.443417" level="INFO">&amp;{browser_prefs} = { download.default_directory=/home/nguyenvh/Sync/3a/stage_stet/projet_dho/robot-report-generator/test_downloads | plugins.always_open_pdf_externally=True }</msg>
<var>download.default_directory=${DOWNLOAD_DIR}</var>
<var>plugins.always_open_pdf_externally=${True}</var>
<status status="PASS" start="2025-04-29T12:12:51.443179" elapsed="0.000277"/>
</variable>
<kw name="Evaluate" owner="BuiltIn">
<msg time="2025-04-29T12:12:51.444085" level="INFO">${chrome_options} = &lt;selenium.webdriver.chrome.options.Options object at 0x777c52012b90&gt;</msg>
<var>${chrome_options}</var>
<arg>sys.modules['selenium.webdriver'].ChromeOptions()</arg>
<arg>sys, selenium.webdriver</arg>
<doc>Evaluates the given expression in Python and returns the result.</doc>
<status status="PASS" start="2025-04-29T12:12:51.443591" elapsed="0.000537"/>
</kw>
<kw name="Call Method" owner="BuiltIn">
<arg>${chrome_options}</arg>
<arg>add_experimental_option</arg>
<arg>prefs</arg>
<arg>${browser_prefs}</arg>
<doc>Calls the named method of the given object with the provided arguments.</doc>
<status status="PASS" start="2025-04-29T12:12:51.444283" elapsed="0.000243"/>
</kw>
<kw name="Open Browser" owner="SeleniumLibrary">
<msg time="2025-04-29T12:12:51.445537" level="INFO">Opening browser 'chrome' to base url 'http://localhost:3000'.</msg>
<arg>${app.url}</arg>
<arg>chrome</arg>
<arg>options=${chrome_options}</arg>
<doc>Opens a new browser instance to the optional ``url``.</doc>
<status status="PASS" start="2025-04-29T12:12:51.444709" elapsed="0.765764"/>
</kw>
<kw name="Click Element" owner="SeleniumLibrary">
<msg time="2025-04-29T12:12:52.211891" level="INFO">Clicking element 'xpath=//button[contains(text(), 'Text Editor')]'.</msg>
<arg>${selectors.header.text_editor_button}</arg>
<doc>Click the element identified by ``locator``.</doc>
<status status="PASS" start="2025-04-29T12:12:52.210819" elapsed="0.128948"/>
</kw>
<kw name="Wait Until Page Contains Element" owner="SeleniumLibrary">
<arg>${selectors.text_editor.filename_input}</arg>
<arg>${timeouts.page_load}</arg>
<doc>Waits until the element ``locator`` appears on the current page.</doc>
<status status="PASS" start="2025-04-29T12:12:52.339977" elapsed="0.008286"/>
</kw>
<kw name="Log" owner="BuiltIn">
<msg time="2025-04-29T12:12:52.348626" level="INFO">Opened Text Editor</msg>
<arg>Opened Text Editor</arg>
<doc>Logs the given message with the given level.</doc>
<status status="PASS" start="2025-04-29T12:12:52.348470" elapsed="0.000199"/>
</kw>
<status status="PASS" start="2025-04-29T12:12:51.442580" elapsed="0.906162"/>
</kw>
<kw name="Set Variable" owner="BuiltIn">
<msg time="2025-04-29T12:12:52.349055" level="INFO">${special_content} = Content with special chars: !@#$%^&amp;*()_+</msg>
<var>${special_content}</var>
<arg>Content with special chars: !@#$%^&amp;*()_+</arg>
<doc>Returns the given values which can then be assigned to a variables.</doc>
<status status="PASS" start="2025-04-29T12:12:52.348912" elapsed="0.000167"/>
</kw>
<kw name="Create And Save Document" owner="text_editor_keywords">
<kw name="Set File Name" owner="text_editor_keywords">
<kw name="Input Text" owner="SeleniumLibrary">
<msg time="2025-04-29T12:12:52.350291" level="INFO">Typing text 'special_chars.txt' into text field 'css=input[type='text']'.</msg>
<msg time="2025-04-29T12:12:52.422222" level="WARN">Retrying (Retry(total=2, connect=None, read=None, redirect=None, status=None)) after connection broken by 'NewConnectionError('&lt;urllib3.connection.HTTPConnection object at 0x777c51fcf6d0&gt;: Failed to establish a new connection: [Errno 111] Connection refused')': /session/4b83a19b12336e36059cf13b12bbd774/screenshot</msg>
<msg time="2025-04-29T12:12:52.422838" level="WARN">Retrying (Retry(total=1, connect=None, read=None, redirect=None, status=None)) after connection broken by 'NewConnectionError('&lt;urllib3.connection.HTTPConnection object at 0x777c51fceb30&gt;: Failed to establish a new connection: [Errno 111] Connection refused')': /session/4b83a19b12336e36059cf13b12bbd774/screenshot</msg>
<msg time="2025-04-29T12:12:52.423386" level="WARN">Retrying (Retry(total=0, connect=None, read=None, redirect=None, status=None)) after connection broken by 'NewConnectionError('&lt;urllib3.connection.HTTPConnection object at 0x777c52013430&gt;: Failed to establish a new connection: [Errno 111] Connection refused')': /session/4b83a19b12336e36059cf13b12bbd774/screenshot</msg>
<msg time="2025-04-29T12:12:52.423792" level="WARN">Keyword 'Capture Page Screenshot' could not be run on failure: HTTPConnectionPool(host='localhost', port=34451): Max retries exceeded with url: /session/4b83a19b12336e36059cf13b12bbd774/screenshot (Caused by NewConnectionError('&lt;urllib3.connection.HTTPConnection object at 0x777c52013340&gt;: Failed to establish a new connection: [Errno 111] Connection refused'))</msg>
<arg>${selectors.text_editor.filename_input}</arg>
<arg>${filename}</arg>
<doc>Types the given ``text`` into the text field identified by ``locator``.</doc>
<status status="FAIL" start="2025-04-29T12:12:52.349879" elapsed="0.074060">Execution terminated by signal</status>
</kw>
<arg>${filename}</arg>
<status status="FAIL" start="2025-04-29T12:12:52.349504" elapsed="0.074582">Execution terminated by signal</status>
</kw>
<kw name="Set Content" owner="text_editor_keywords">
<arg>${content}</arg>
<status status="NOT RUN" start="2025-04-29T12:12:52.424509" elapsed="0.000070"/>
</kw>
<kw name="Save Document" owner="text_editor_keywords">
<doc>Saves the document and verifies the download was triggered</doc>
<status status="NOT RUN" start="2025-04-29T12:12:52.424819" elapsed="0.000061"/>
</kw>
<arg>special_chars.txt</arg>
<arg>${special_content}</arg>
<status status="FAIL" start="2025-04-29T12:12:52.349241" elapsed="0.075756">Execution terminated by signal</status>
</kw>
<kw name="Verify Content Is" owner="text_editor_keywords">
<arg>${special_content}</arg>
<status status="NOT RUN" start="2025-04-29T12:12:52.425221" elapsed="0.000041"/>
</kw>
<kw name="Close Text Editor Application" owner="text_editor_keywords" type="TEARDOWN">
<kw name="Close Browser" owner="SeleniumLibrary">
<msg time="2025-04-29T12:12:52.427205" level="WARN">Retrying (Retry(total=2, connect=None, read=None, redirect=None, status=None)) after connection broken by 'NewConnectionError('&lt;urllib3.connection.HTTPConnection object at 0x777c520281f0&gt;: Failed to establish a new connection: [Errno 111] Connection refused')': /session/4b83a19b12336e36059cf13b12bbd774</msg>
<msg time="2025-04-29T12:12:52.427967" level="WARN">Retrying (Retry(total=1, connect=None, read=None, redirect=None, status=None)) after connection broken by 'NewConnectionError('&lt;urllib3.connection.HTTPConnection object at 0x777c52028430&gt;: Failed to establish a new connection: [Errno 111] Connection refused')': /session/4b83a19b12336e36059cf13b12bbd774</msg>
<msg time="2025-04-29T12:12:52.428503" level="WARN">Retrying (Retry(total=0, connect=None, read=None, redirect=None, status=None)) after connection broken by 'NewConnectionError('&lt;urllib3.connection.HTTPConnection object at 0x777c52028610&gt;: Failed to establish a new connection: [Errno 111] Connection refused')': /session/4b83a19b12336e36059cf13b12bbd774</msg>
<doc>Closes the current browser.</doc>
<status status="PASS" start="2025-04-29T12:12:52.426145" elapsed="0.003196"/>
</kw>
<status status="PASS" start="2025-04-29T12:12:52.425627" elapsed="0.003855"/>
</kw>
<doc>Test saving document with special characters</doc>
<status status="FAIL" start="2025-04-29T12:12:51.442162" elapsed="0.987426">Execution terminated by signal</status>
</test>
<test id="s1-t7" name="Save Document With Long Content" line="47">
<doc>Test saving document with long content</doc>
<tag>robot:exit</tag>
<status status="FAIL" start="2025-04-29T12:12:52.429966" elapsed="0.000536">Test execution stopped due to a fatal error.</status>
</test>
<test id="s1-t8" name="Save Document With Empty Content" line="53">
<doc>Test saving document with empty content</doc>
<tag>robot:exit</tag>
<status status="FAIL" start="2025-04-29T12:12:52.430760" elapsed="0.000466">Test execution stopped due to a fatal error.</status>
</test>
<test id="s1-t9" name="Save Document With Whitespace" line="58">
<doc>Test saving document with whitespace</doc>
<tag>robot:exit</tag>
<status status="FAIL" start="2025-04-29T12:12:52.431451" elapsed="0.000403">Test execution stopped due to a fatal error.</status>
</test>
<test id="s1-t10" name="Save Document With Line Breaks" line="64">
<doc>Test saving document with line breaks</doc>
<tag>robot:exit</tag>
<status status="FAIL" start="2025-04-29T12:12:52.432080" elapsed="0.000720">Test execution stopped due to a fatal error.</status>
</test>
<test id="s1-t11" name="Save Document With Unicode Characters" line="70">
<doc>Test saving document with unicode characters</doc>
<tag>robot:exit</tag>
<status status="FAIL" start="2025-04-29T12:12:52.433034" elapsed="0.000402">Test execution stopped due to a fatal error.</status>
</test>
<test id="s1-t12" name="Save Document With HTML Content" line="76">
<doc>Test saving document with HTML content</doc>
<tag>robot:exit</tag>
<status status="FAIL" start="2025-04-29T12:12:52.433666" elapsed="0.000389">Test execution stopped due to a fatal error.</status>
</test>
<test id="s1-t13" name="Save Document With JavaScript Content" line="82">
<doc>Test saving document with JavaScript content</doc>
<tag>robot:exit</tag>
<status status="FAIL" start="2025-04-29T12:12:52.434269" elapsed="0.000295">Test execution stopped due to a fatal error.</status>
</test>
<test id="s1-t14" name="Save Document With SQL Content" line="88">
<doc>Test saving document with SQL content</doc>
<tag>robot:exit</tag>
<status status="FAIL" start="2025-04-29T12:12:52.434722" elapsed="0.000293">Test execution stopped due to a fatal error.</status>
</test>
<test id="s1-t15" name="Save Document With Markdown Content" line="94">
<doc>Test saving document with Markdown content</doc>
<tag>robot:exit</tag>
<status status="FAIL" start="2025-04-29T12:12:52.435244" elapsed="0.000258">Test execution stopped due to a fatal error.</status>
</test>
<test id="s1-t16" name="Save Document With JSON Content" line="100">
<doc>Test saving document with JSON content</doc>
<tag>robot:exit</tag>
<status status="FAIL" start="2025-04-29T12:12:52.435645" elapsed="0.000268">Test execution stopped due to a fatal error.</status>
</test>
<test id="s1-t17" name="Save Document With XML Content" line="106">
<doc>Test saving document with XML content</doc>
<tag>robot:exit</tag>
<status status="FAIL" start="2025-04-29T12:12:52.436059" elapsed="0.000324">Test execution stopped due to a fatal error.</status>
</test>
<test id="s1-t18" name="Save Document With YAML Content" line="112">
<doc>Test saving document with YAML content</doc>
<tag>robot:exit</tag>
<status status="FAIL" start="2025-04-29T12:12:52.436529" elapsed="0.000232">Test execution stopped due to a fatal error.</status>
</test>
<test id="s1-t19" name="Save Document With CSV Content" line="122">
<doc>Test saving document with CSV content</doc>
<tag>robot:exit</tag>
<status status="FAIL" start="2025-04-29T12:12:52.436898" elapsed="0.000220">Test execution stopped due to a fatal error.</status>
</test>
<test id="s1-t20" name="Save Document With Multiple Saves" line="128">
<doc>Test saving document multiple times</doc>
<tag>robot:exit</tag>
<status status="FAIL" start="2025-04-29T12:12:52.437293" elapsed="0.000241">Test execution stopped due to a fatal error.</status>
</test>
<status status="FAIL" start="2025-04-29T12:12:45.926176" elapsed="6.511699"/>
</suite>
<statistics>
<total>
<stat pass="2" fail="18" skip="0">All Tests</stat>
</total>
<tag>
<stat info="combined" combined="NOT robot:exit" pass="2" fail="4" skip="0">NOT robot:exit</stat>
</tag>
<suite>
<stat name="Text Editor Tests" id="s1" pass="2" fail="18" skip="0">Text Editor Tests</stat>
</suite>
</statistics>
<errors>
<msg time="2025-04-29T12:12:52.422222" level="WARN">Retrying (Retry(total=2, connect=None, read=None, redirect=None, status=None)) after connection broken by 'NewConnectionError('&lt;urllib3.connection.HTTPConnection object at 0x777c51fcf6d0&gt;: Failed to establish a new connection: [Errno 111] Connection refused')': /session/4b83a19b12336e36059cf13b12bbd774/screenshot</msg>
<msg time="2025-04-29T12:12:52.422838" level="WARN">Retrying (Retry(total=1, connect=None, read=None, redirect=None, status=None)) after connection broken by 'NewConnectionError('&lt;urllib3.connection.HTTPConnection object at 0x777c51fceb30&gt;: Failed to establish a new connection: [Errno 111] Connection refused')': /session/4b83a19b12336e36059cf13b12bbd774/screenshot</msg>
<msg time="2025-04-29T12:12:52.423386" level="WARN">Retrying (Retry(total=0, connect=None, read=None, redirect=None, status=None)) after connection broken by 'NewConnectionError('&lt;urllib3.connection.HTTPConnection object at 0x777c52013430&gt;: Failed to establish a new connection: [Errno 111] Connection refused')': /session/4b83a19b12336e36059cf13b12bbd774/screenshot</msg>
<msg time="2025-04-29T12:12:52.423792" level="WARN">Keyword 'Capture Page Screenshot' could not be run on failure: HTTPConnectionPool(host='localhost', port=34451): Max retries exceeded with url: /session/4b83a19b12336e36059cf13b12bbd774/screenshot (Caused by NewConnectionError('&lt;urllib3.connection.HTTPConnection object at 0x777c52013340&gt;: Failed to establish a new connection: [Errno 111] Connection refused'))</msg>
<msg time="2025-04-29T12:12:52.427205" level="WARN">Retrying (Retry(total=2, connect=None, read=None, redirect=None, status=None)) after connection broken by 'NewConnectionError('&lt;urllib3.connection.HTTPConnection object at 0x777c520281f0&gt;: Failed to establish a new connection: [Errno 111] Connection refused')': /session/4b83a19b12336e36059cf13b12bbd774</msg>
<msg time="2025-04-29T12:12:52.427967" level="WARN">Retrying (Retry(total=1, connect=None, read=None, redirect=None, status=None)) after connection broken by 'NewConnectionError('&lt;urllib3.connection.HTTPConnection object at 0x777c52028430&gt;: Failed to establish a new connection: [Errno 111] Connection refused')': /session/4b83a19b12336e36059cf13b12bbd774</msg>
<msg time="2025-04-29T12:12:52.428503" level="WARN">Retrying (Retry(total=0, connect=None, read=None, redirect=None, status=None)) after connection broken by 'NewConnectionError('&lt;urllib3.connection.HTTPConnection object at 0x777c52028610&gt;: Failed to establish a new connection: [Errno 111] Connection refused')': /session/4b83a19b12336e36059cf13b12bbd774</msg>
</errors>
</robot>
