<?xml version="1.0" encoding="UTF-8"?>
<robot generator="Robot 7.2.2 (Python 3.10.12 on linux)" generated="2025-04-24T15:10:23.387390" rpa="false" schemaversion="5">
<suite id="s1" name="Todo Tests" source="/home/nguyenvh/Sync/3a/stage_stet/projet_dho/robot-report-generator/tests/todo_tests.robot">
<test id="s1-t1" name="Test Add Todo Functionality" line="8">
<kw name="Open Todo Application" owner="todo_keywords" type="SETUP">
<kw name="Open Todo List" owner="todo_keywords">
<kw name="Open Browser" owner="SeleniumLibrary">
<msg time="2025-04-24T15:10:23.497128" level="INFO">Opening browser 'firefox' to base url 'http://localhost:3000'.</msg>
<arg>${app.url}</arg>
<arg>firefox</arg>
<doc>Opens a new browser instance to the optional ``url``.</doc>
<status status="PASS" start="2025-04-24T15:10:23.496742" elapsed="2.547719"/>
</kw>
<kw name="Wait Until Page Contains Element" owner="SeleniumLibrary">
<arg>${selectors.todo_input}</arg>
<arg>${timeouts.page_load}</arg>
<doc>Waits until the element ``locator`` appears on the current page.</doc>
<status status="PASS" start="2025-04-24T15:10:26.044799" elapsed="0.015519"/>
</kw>
<kw name="Log" owner="BuiltIn">
<msg time="2025-04-24T15:10:26.060857" level="INFO">Opened todo list application</msg>
<arg>Opened todo list application</arg>
<doc>Logs the given message with the given level.</doc>
<status status="PASS" start="2025-04-24T15:10:26.060625" elapsed="0.000306"/>
</kw>
<status status="PASS" start="2025-04-24T15:10:23.496234" elapsed="2.564782"/>
</kw>
<status status="PASS" start="2025-04-24T15:10:23.496009" elapsed="2.565058"/>
</kw>
<kw name="Add New Todo" owner="todo_keywords">
<kw name="Add Todo Item" owner="todo_keywords">
<kw name="Log" owner="BuiltIn">
<msg time="2025-04-24T15:10:26.061934" level="INFO">Adding todo item: Buy groceries</msg>
<arg>Adding todo item: ${todo_text}</arg>
<doc>Logs the given message with the given level.</doc>
<status status="PASS" start="2025-04-24T15:10:26.061796" elapsed="0.000192"/>
</kw>
<kw name="Input Text" owner="SeleniumLibrary">
<msg time="2025-04-24T15:10:26.062576" level="INFO">Typing text 'Buy groceries' into text field 'css=input[placeholder='Add a new todo']'.</msg>
<arg>${selectors.todo_input}</arg>
<arg>${todo_text}</arg>
<doc>Types the given ``text`` into the text field identified by ``locator``.</doc>
<status status="PASS" start="2025-04-24T15:10:26.062102" elapsed="0.104349"/>
</kw>
<kw name="Click Button" owner="SeleniumLibrary">
<msg time="2025-04-24T15:10:26.167133" level="INFO">Clicking button 'css=button[data-testid='add-todo-button']'.</msg>
<arg>${selectors.add_todo_button}</arg>
<doc>Clicks the button identified by ``locator``.</doc>
<status status="PASS" start="2025-04-24T15:10:26.166645" elapsed="0.224809"/>
</kw>
<kw name="Wait Until Page Contains" owner="SeleniumLibrary">
<arg>${todo_text}</arg>
<arg>${timeouts.element_visible}</arg>
<doc>Waits until ``text`` appears on the current page.</doc>
<status status="PASS" start="2025-04-24T15:10:26.391866" elapsed="0.008321"/>
</kw>
<arg>${todo_text}</arg>
<status status="PASS" start="2025-04-24T15:10:26.061534" elapsed="0.338862"/>
</kw>
<arg>Buy groceries</arg>
<status status="PASS" start="2025-04-24T15:10:26.061271" elapsed="0.339229"/>
</kw>
<kw name="Verify Todo Exists" owner="todo_keywords">
<kw name="Page Should Contain" owner="SeleniumLibrary">
<msg time="2025-04-24T15:10:26.407486" level="INFO">Current page contains text 'Buy groceries'.</msg>
<arg>${todo_text}</arg>
<doc>Verifies that current page contains ``text``.</doc>
<status status="PASS" start="2025-04-24T15:10:26.401398" elapsed="0.006223"/>
</kw>
<kw name="Log" owner="BuiltIn">
<msg time="2025-04-24T15:10:26.408261" level="INFO">Verified todo item exists: Buy groceries</msg>
<arg>Verified todo item exists: ${todo_text}</arg>
<doc>Logs the given message with the given level.</doc>
<status status="PASS" start="2025-04-24T15:10:26.407888" elapsed="0.000444"/>
</kw>
<arg>Buy groceries</arg>
<status status="PASS" start="2025-04-24T15:10:26.400863" elapsed="0.007570"/>
</kw>
<kw name="Add New Todo" owner="todo_keywords">
<kw name="Add Todo Item" owner="todo_keywords">
<kw name="Log" owner="BuiltIn">
<msg time="2025-04-24T15:10:26.409504" level="INFO">Adding todo item: Walk the dog</msg>
<arg>Adding todo item: ${todo_text}</arg>
<doc>Logs the given message with the given level.</doc>
<status status="PASS" start="2025-04-24T15:10:26.409336" elapsed="0.000227"/>
</kw>
<kw name="Input Text" owner="SeleniumLibrary">
<msg time="2025-04-24T15:10:26.410267" level="INFO">Typing text 'Walk the dog' into text field 'css=input[placeholder='Add a new todo']'.</msg>
<arg>${selectors.todo_input}</arg>
<arg>${todo_text}</arg>
<doc>Types the given ``text`` into the text field identified by ``locator``.</doc>
<status status="PASS" start="2025-04-24T15:10:26.409707" elapsed="0.024514"/>
</kw>
<kw name="Click Button" owner="SeleniumLibrary">
<msg time="2025-04-24T15:10:26.434887" level="INFO">Clicking button 'css=button[data-testid='add-todo-button']'.</msg>
<arg>${selectors.add_todo_button}</arg>
<doc>Clicks the button identified by ``locator``.</doc>
<status status="PASS" start="2025-04-24T15:10:26.434417" elapsed="0.231053"/>
</kw>
<kw name="Wait Until Page Contains" owner="SeleniumLibrary">
<arg>${todo_text}</arg>
<arg>${timeouts.element_visible}</arg>
<doc>Waits until ``text`` appears on the current page.</doc>
<status status="PASS" start="2025-04-24T15:10:26.665675" elapsed="0.002867"/>
</kw>
<arg>${todo_text}</arg>
<status status="PASS" start="2025-04-24T15:10:26.409022" elapsed="0.259628"/>
</kw>
<arg>Walk the dog</arg>
<status status="PASS" start="2025-04-24T15:10:26.408672" elapsed="0.260029"/>
</kw>
<kw name="Verify Todo Exists" owner="todo_keywords">
<kw name="Page Should Contain" owner="SeleniumLibrary">
<msg time="2025-04-24T15:10:26.672452" level="INFO">Current page contains text 'Walk the dog'.</msg>
<arg>${todo_text}</arg>
<doc>Verifies that current page contains ``text``.</doc>
<status status="PASS" start="2025-04-24T15:10:26.669159" elapsed="0.003393"/>
</kw>
<kw name="Log" owner="BuiltIn">
<msg time="2025-04-24T15:10:26.672897" level="INFO">Verified todo item exists: Walk the dog</msg>
<arg>Verified todo item exists: ${todo_text}</arg>
<doc>Logs the given message with the given level.</doc>
<status status="PASS" start="2025-04-24T15:10:26.672717" elapsed="0.000229"/>
</kw>
<arg>Walk the dog</arg>
<status status="PASS" start="2025-04-24T15:10:26.668893" elapsed="0.004144"/>
</kw>
<kw name="Add New Todo" owner="todo_keywords">
<kw name="Add Todo Item" owner="todo_keywords">
<kw name="Log" owner="BuiltIn">
<msg time="2025-04-24T15:10:26.673762" level="INFO">Adding todo item: Pay bills</msg>
<arg>Adding todo item: ${todo_text}</arg>
<doc>Logs the given message with the given level.</doc>
<status status="PASS" start="2025-04-24T15:10:26.673652" elapsed="0.000151"/>
</kw>
<kw name="Input Text" owner="SeleniumLibrary">
<msg time="2025-04-24T15:10:26.674324" level="INFO">Typing text 'Pay bills' into text field 'css=input[placeholder='Add a new todo']'.</msg>
<arg>${selectors.todo_input}</arg>
<arg>${todo_text}</arg>
<doc>Types the given ``text`` into the text field identified by ``locator``.</doc>
<status status="PASS" start="2025-04-24T15:10:26.673893" elapsed="0.017424"/>
</kw>
<kw name="Click Button" owner="SeleniumLibrary">
<msg time="2025-04-24T15:10:26.692067" level="INFO">Clicking button 'css=button[data-testid='add-todo-button']'.</msg>
<arg>${selectors.add_todo_button}</arg>
<doc>Clicks the button identified by ``locator``.</doc>
<status status="PASS" start="2025-04-24T15:10:26.691544" elapsed="0.293199"/>
</kw>
<kw name="Wait Until Page Contains" owner="SeleniumLibrary">
<arg>${todo_text}</arg>
<arg>${timeouts.element_visible}</arg>
<doc>Waits until ``text`` appears on the current page.</doc>
<status status="PASS" start="2025-04-24T15:10:26.985240" elapsed="0.021938"/>
</kw>
<arg>${todo_text}</arg>
<status status="PASS" start="2025-04-24T15:10:26.673443" elapsed="0.333952"/>
</kw>
<arg>Pay bills</arg>
<status status="PASS" start="2025-04-24T15:10:26.673206" elapsed="0.334298"/>
</kw>
<kw name="Verify Todo Exists" owner="todo_keywords">
<kw name="Page Should Contain" owner="SeleniumLibrary">
<msg time="2025-04-24T15:10:27.014984" level="INFO">Current page contains text 'Pay bills'.</msg>
<arg>${todo_text}</arg>
<doc>Verifies that current page contains ``text``.</doc>
<status status="PASS" start="2025-04-24T15:10:27.008624" elapsed="0.006485"/>
</kw>
<kw name="Log" owner="BuiltIn">
<msg time="2025-04-24T15:10:27.015545" level="INFO">Verified todo item exists: Pay bills</msg>
<arg>Verified todo item exists: ${todo_text}</arg>
<doc>Logs the given message with the given level.</doc>
<status status="PASS" start="2025-04-24T15:10:27.015313" elapsed="0.000290"/>
</kw>
<arg>Pay bills</arg>
<status status="PASS" start="2025-04-24T15:10:27.007873" elapsed="0.007819"/>
</kw>
<kw name="Verify Todo Is Empty" owner="todo_keywords">
<kw name="Get Todo Count" owner="todo_keywords">
<kw name="Get Element Count" owner="SeleniumLibrary">
<msg time="2025-04-24T15:10:27.019849" level="INFO">${count} = 3</msg>
<var>${count}</var>
<arg>${selectors.todo_item}</arg>
<doc>Returns the number of elements matching ``locator``.</doc>
<status status="PASS" start="2025-04-24T15:10:27.016513" elapsed="0.003424"/>
</kw>
<return>
<value>${count}</value>
<status status="PASS" start="2025-04-24T15:10:27.020073" elapsed="0.000088"/>
</return>
<msg time="2025-04-24T15:10:27.020403" level="INFO">${count} = 3</msg>
<var>${count}</var>
<status status="PASS" start="2025-04-24T15:10:27.016263" elapsed="0.004181"/>
</kw>
<kw name="Should Be Equal As Numbers" owner="BuiltIn">
<msg time="2025-04-24T15:10:27.020909" level="INFO">Argument types are:
&lt;class 'int'&gt;
&lt;class 'str'&gt;</msg>
<msg time="2025-04-24T15:10:27.021072" level="FAIL">3.0 != 0.0</msg>
<arg>${count}</arg>
<arg>0</arg>
<doc>Fails if objects are unequal after converting them to real numbers.</doc>
<status status="FAIL" start="2025-04-24T15:10:27.020650" elapsed="0.000521">3.0 != 0.0</status>
</kw>
<kw name="Log" owner="BuiltIn">
<arg>Verified todo list is empty</arg>
<doc>Logs the given message with the given level.</doc>
<status status="NOT RUN" start="2025-04-24T15:10:27.021367" elapsed="0.000040"/>
</kw>
<status status="FAIL" start="2025-04-24T15:10:27.015944" elapsed="0.005602">3.0 != 0.0</status>
</kw>
<kw name="Close Todo Application" owner="todo_keywords" type="TEARDOWN">
<kw name="Close Browser and Stop App" owner="todo_keywords">
<kw name="Close Browser" owner="SeleniumLibrary">
<doc>Closes the current browser.</doc>
<status status="PASS" start="2025-04-24T15:10:27.022819" elapsed="0.690866"/>
</kw>
<kw name="Log" owner="BuiltIn">
<msg time="2025-04-24T15:10:27.714141" level="INFO">Closed browser and stopped application</msg>
<arg>Closed browser and stopped application</arg>
<doc>Logs the given message with the given level.</doc>
<status status="PASS" start="2025-04-24T15:10:27.713937" elapsed="0.000273"/>
</kw>
<status status="PASS" start="2025-04-24T15:10:27.022336" elapsed="0.692062"/>
</kw>
<status status="PASS" start="2025-04-24T15:10:27.021946" elapsed="0.692531"/>
</kw>
<doc>Test adding todos</doc>
<status status="FAIL" start="2025-04-24T15:10:23.495450" elapsed="4.219175">3.0 != 0.0</status>
</test>
<test id="s1-t2" name="Test Todo Completion Toggle" line="18">
<kw name="Open Todo Application" owner="todo_keywords" type="SETUP">
<kw name="Open Todo List" owner="todo_keywords">
<kw name="Open Browser" owner="SeleniumLibrary">
<msg time="2025-04-24T15:10:27.716979" level="INFO">Opening browser 'firefox' to base url 'http://localhost:3000'.</msg>
<arg>${app.url}</arg>
<arg>firefox</arg>
<doc>Opens a new browser instance to the optional ``url``.</doc>
<status status="PASS" start="2025-04-24T15:10:27.716259" elapsed="2.527764"/>
</kw>
<kw name="Wait Until Page Contains Element" owner="SeleniumLibrary">
<arg>${selectors.todo_input}</arg>
<arg>${timeouts.page_load}</arg>
<doc>Waits until the element ``locator`` appears on the current page.</doc>
<status status="PASS" start="2025-04-24T15:10:30.244228" elapsed="0.012272"/>
</kw>
<kw name="Log" owner="BuiltIn">
<msg time="2025-04-24T15:10:30.256862" level="INFO">Opened todo list application</msg>
<arg>Opened todo list application</arg>
<doc>Logs the given message with the given level.</doc>
<status status="PASS" start="2025-04-24T15:10:30.256707" elapsed="0.000211"/>
</kw>
<status status="PASS" start="2025-04-24T15:10:27.715901" elapsed="2.541094"/>
</kw>
<status status="PASS" start="2025-04-24T15:10:27.715525" elapsed="2.541519"/>
</kw>
<kw name="Add New Todo" owner="todo_keywords">
<kw name="Add Todo Item" owner="todo_keywords">
<kw name="Log" owner="BuiltIn">
<msg time="2025-04-24T15:10:30.257847" level="INFO">Adding todo item: Exercise</msg>
<arg>Adding todo item: ${todo_text}</arg>
<doc>Logs the given message with the given level.</doc>
<status status="PASS" start="2025-04-24T15:10:30.257729" elapsed="0.000159"/>
</kw>
<kw name="Input Text" owner="SeleniumLibrary">
<msg time="2025-04-24T15:10:30.258394" level="INFO">Typing text 'Exercise' into text field 'css=input[placeholder='Add a new todo']'.</msg>
<arg>${selectors.todo_input}</arg>
<arg>${todo_text}</arg>
<doc>Types the given ``text`` into the text field identified by ``locator``.</doc>
<status status="PASS" start="2025-04-24T15:10:30.257986" elapsed="0.073531"/>
</kw>
<kw name="Click Button" owner="SeleniumLibrary">
<msg time="2025-04-24T15:10:30.332652" level="INFO">Clicking button 'css=button[data-testid='add-todo-button']'.</msg>
<arg>${selectors.add_todo_button}</arg>
<doc>Clicks the button identified by ``locator``.</doc>
<status status="PASS" start="2025-04-24T15:10:30.331816" elapsed="0.273224"/>
</kw>
<kw name="Wait Until Page Contains" owner="SeleniumLibrary">
<arg>${todo_text}</arg>
<arg>${timeouts.element_visible}</arg>
<doc>Waits until ``text`` appears on the current page.</doc>
<status status="PASS" start="2025-04-24T15:10:30.605453" elapsed="0.007216"/>
</kw>
<arg>${todo_text}</arg>
<status status="PASS" start="2025-04-24T15:10:30.257501" elapsed="0.355548"/>
</kw>
<arg>Exercise</arg>
<status status="PASS" start="2025-04-24T15:10:30.257226" elapsed="0.356008"/>
</kw>
<kw name="Verify Todo Completed" owner="todo_keywords">
<kw name="Element Should Contain" owner="SeleniumLibrary">
<msg time="2025-04-24T15:10:30.649538" level="INFO" html="true">&lt;/td&gt;&lt;/tr&gt;&lt;tr&gt;&lt;td colspan="3"&gt;&lt;a href="selenium-screenshot-1.png"&gt;&lt;img src="selenium-screenshot-1.png" width="800px"&gt;&lt;/a&gt;</msg>
<msg time="2025-04-24T15:10:30.649712" level="FAIL">Element with locator 'css=li.completed' not found.</msg>
<arg>${selectors.todo_completed}</arg>
<arg>${todo_text}</arg>
<doc>Verifies that element ``locator`` contains text ``expected``.</doc>
<status status="FAIL" start="2025-04-24T15:10:30.614589" elapsed="0.035677">Element with locator 'css=li.completed' not found.</status>
</kw>
<kw name="Log" owner="BuiltIn">
<arg>Verified todo item is completed: ${todo_text}</arg>
<doc>Logs the given message with the given level.</doc>
<status status="NOT RUN" start="2025-04-24T15:10:30.650454" elapsed="0.000036"/>
</kw>
<arg>Exercise</arg>
<status status="FAIL" start="2025-04-24T15:10:30.613780" elapsed="0.036802">Element with locator 'css=li.completed' not found.</status>
</kw>
<kw name="Toggle Todo" owner="todo_keywords">
<arg>Exercise</arg>
<status status="NOT RUN" start="2025-04-24T15:10:30.650771" elapsed="0.000030"/>
</kw>
<kw name="Verify Todo Completed" owner="todo_keywords">
<arg>Exercide</arg>
<status status="NOT RUN" start="2025-04-24T15:10:30.650933" elapsed="0.000024"/>
</kw>
<kw name="Toggle Todo" owner="todo_keywords">
<arg>Exercise</arg>
<status status="NOT RUN" start="2025-04-24T15:10:30.651063" elapsed="0.000022"/>
</kw>
<kw name="Verify Todo Completed" owner="todo_keywords">
<arg>Exercise</arg>
<status status="NOT RUN" start="2025-04-24T15:10:30.651179" elapsed="0.000020"/>
</kw>
<kw name="Close Todo Application" owner="todo_keywords" type="TEARDOWN">
<kw name="Close Browser and Stop App" owner="todo_keywords">
<kw name="Close Browser" owner="SeleniumLibrary">
<doc>Closes the current browser.</doc>
<status status="PASS" start="2025-04-24T15:10:30.651807" elapsed="0.670123"/>
</kw>
<kw name="Log" owner="BuiltIn">
<msg time="2025-04-24T15:10:31.322538" level="INFO">Closed browser and stopped application</msg>
<arg>Closed browser and stopped application</arg>
<doc>Logs the given message with the given level.</doc>
<status status="PASS" start="2025-04-24T15:10:31.322270" elapsed="0.000347"/>
</kw>
<status status="PASS" start="2025-04-24T15:10:30.651620" elapsed="0.671200"/>
</kw>
<status status="PASS" start="2025-04-24T15:10:30.651387" elapsed="0.671514"/>
</kw>
<doc>Test toggling todo completion</doc>
<status status="FAIL" start="2025-04-24T15:10:27.715008" elapsed="3.608017">Element with locator 'css=li.completed' not found.</status>
</test>
<test id="s1-t3" name="Test Delete Todo Functionality" line="27">
<kw name="Open Todo Application" owner="todo_keywords" type="SETUP">
<kw name="Open Todo List" owner="todo_keywords">
<kw name="Open Browser" owner="SeleniumLibrary">
<msg time="2025-04-24T15:10:31.325060" level="INFO">Opening browser 'firefox' to base url 'http://localhost:3000'.</msg>
<msg time="2025-04-24T15:10:32.535278" level="INFO">Cannot capture screenshot because no browser is open.</msg>
<arg>${app.url}</arg>
<arg>firefox</arg>
<doc>Opens a new browser instance to the optional ``url``.</doc>
<status status="FAIL" start="2025-04-24T15:10:31.324412" elapsed="1.211002">Execution terminated by signal</status>
</kw>
<kw name="Wait Until Page Contains Element" owner="SeleniumLibrary">
<arg>${selectors.todo_input}</arg>
<arg>${timeouts.page_load}</arg>
<doc>Waits until the element ``locator`` appears on the current page.</doc>
<status status="NOT RUN" start="2025-04-24T15:10:32.535687" elapsed="0.000052"/>
</kw>
<kw name="Log" owner="BuiltIn">
<arg>Opened todo list application</arg>
<doc>Logs the given message with the given level.</doc>
<status status="NOT RUN" start="2025-04-24T15:10:32.535866" elapsed="0.000030"/>
</kw>
<status status="FAIL" start="2025-04-24T15:10:31.324107" elapsed="1.211921">Execution terminated by signal</status>
</kw>
<status status="FAIL" start="2025-04-24T15:10:31.323763" elapsed="1.212349">Execution terminated by signal</status>
</kw>
<kw name="Close Todo Application" owner="todo_keywords" type="TEARDOWN">
<kw name="Close Browser and Stop App" owner="todo_keywords">
<kw name="Close Browser" owner="SeleniumLibrary">
<doc>Closes the current browser.</doc>
<status status="PASS" start="2025-04-24T15:10:32.537975" elapsed="0.000190"/>
</kw>
<kw name="Log" owner="BuiltIn">
<msg time="2025-04-24T15:10:32.538436" level="INFO">Closed browser and stopped application</msg>
<arg>Closed browser and stopped application</arg>
<doc>Logs the given message with the given level.</doc>
<status status="PASS" start="2025-04-24T15:10:32.538309" elapsed="0.000178"/>
</kw>
<status status="PASS" start="2025-04-24T15:10:32.536935" elapsed="0.001687"/>
</kw>
<status status="PASS" start="2025-04-24T15:10:32.536521" elapsed="0.002161"/>
</kw>
<doc>Test deleting todos</doc>
<status status="FAIL" start="2025-04-24T15:10:31.323319" elapsed="1.215465">Setup failed:
Execution terminated by signal</status>
</test>
<test id="s1-t4" name="Test Multiple Operations" line="37">
<doc>Test multiple operations</doc>
<tag>robot:exit</tag>
<status status="FAIL" start="2025-04-24T15:10:32.539038" elapsed="0.000367">Test execution stopped due to a fatal error.</status>
</test>
<test id="s1-t5" name="Test Rapid Operations" line="49">
<doc>Test rapid operations</doc>
<tag>robot:exit</tag>
<status status="FAIL" start="2025-04-24T15:10:32.539596" elapsed="0.000325">Test execution stopped due to a fatal error.</status>
</test>
<test id="s1-t6" name="Test Complex Workflow" line="63">
<doc>Test complex workflow</doc>
<tag>robot:exit</tag>
<status status="FAIL" start="2025-04-24T15:10:32.540096" elapsed="0.000302">Test execution stopped due to a fatal error.</status>
</test>
<test id="s1-t7" name="Add Single Todo" line="80">
<tag>robot:exit</tag>
<status status="FAIL" start="2025-04-24T15:10:32.540574" elapsed="0.000259">Test execution stopped due to a fatal error.</status>
</test>
<test id="s1-t8" name="Add Multiple Todos" line="86">
<tag>robot:exit</tag>
<status status="FAIL" start="2025-04-24T15:10:32.541009" elapsed="0.000233">Test execution stopped due to a fatal error.</status>
</test>
<test id="s1-t9" name="Complete Todo" line="95">
<tag>robot:exit</tag>
<status status="FAIL" start="2025-04-24T15:10:32.541408" elapsed="0.000225">Test execution stopped due to a fatal error.</status>
</test>
<test id="s1-t10" name="Delete Todo" line="103">
<tag>robot:exit</tag>
<status status="FAIL" start="2025-04-24T15:10:32.541791" elapsed="0.000230">Test execution stopped due to a fatal error.</status>
</test>
<test id="s1-t11" name="Toggle Multiple Todos" line="111">
<tag>robot:exit</tag>
<status status="FAIL" start="2025-04-24T15:10:32.542217" elapsed="0.000241">Test execution stopped due to a fatal error.</status>
</test>
<test id="s1-t12" name="Complete And Uncomplete Todo" line="121">
<tag>robot:exit</tag>
<status status="FAIL" start="2025-04-24T15:10:32.542643" elapsed="0.000264">Test execution stopped due to a fatal error.</status>
</test>
<test id="s1-t13" name="Add And Delete Multiple Todos" line="130">
<tag>robot:exit</tag>
<status status="FAIL" start="2025-04-24T15:10:32.543079" elapsed="0.000234">Test execution stopped due to a fatal error.</status>
</test>
<test id="s1-t14" name="Todo With Special Characters" line="141">
<tag>robot:exit</tag>
<status status="FAIL" start="2025-04-24T15:10:32.543482" elapsed="0.000245">Test execution stopped due to a fatal error.</status>
</test>
<test id="s1-t15" name="Add Todo Item" line="147">
<tag>robot:exit</tag>
<status status="FAIL" start="2025-04-24T15:10:32.543900" elapsed="0.000244">Test execution stopped due to a fatal error.</status>
</test>
<test id="s1-t16" name="Complete Todo Item" line="153">
<tag>robot:exit</tag>
<status status="FAIL" start="2025-04-24T15:10:32.544324" elapsed="0.000236">Test execution stopped due to a fatal error.</status>
</test>
<test id="s1-t17" name="Delete Todo Item" line="160">
<tag>robot:exit</tag>
<status status="FAIL" start="2025-04-24T15:10:32.544748" elapsed="0.000242">Test execution stopped due to a fatal error.</status>
</test>
<test id="s1-t18" name="Multiple Todo Operations" line="167">
<tag>robot:exit</tag>
<status status="FAIL" start="2025-04-24T15:10:32.545173" elapsed="0.000248">Test execution stopped due to a fatal error.</status>
</test>
<test id="s1-t19" name="Add Todo Item With Special Characters" line="180">
<tag>robot:exit</tag>
<status status="FAIL" start="2025-04-24T15:10:32.545600" elapsed="0.000264">Test execution stopped due to a fatal error.</status>
</test>
<status status="FAIL" start="2025-04-24T15:10:23.388594" elapsed="9.157755"/>
</suite>
<statistics>
<total>
<stat pass="0" fail="19" skip="0">All Tests</stat>
</total>
<tag>
<stat info="combined" combined="NOT robot:exit" pass="0" fail="3" skip="0">NOT robot:exit</stat>
</tag>
<suite>
<stat name="Todo Tests" id="s1" pass="0" fail="19" skip="0">Todo Tests</stat>
</suite>
</statistics>
<errors>
</errors>
</robot>
