<?xml version="1.0" encoding="UTF-8"?>
<robot generator="Robot 7.2.2 (Python 3.10.12 on linux)" generated="2025-04-29T12:08:36.354398" rpa="false" schemaversion="5">
<suite id="s1" name="Text Editor Tests" source="/home/nguyenvh/Sync/3a/stage_stet/projet_dho/robot-report-generator/tests/text_editor_tests.robot">
<test id="s1-t1" name="Create And Save New Document" line="9">
<kw name="Open Text Editor" owner="text_editor_keywords" type="SETUP">
<kw name="Log" owner="BuiltIn">
<msg time="2025-04-29T12:08:36.468002" level="INFO">Download Directory : /home/nguyenvh/Sync/3a/stage_stet/projet_dho/robot-report-generator/test_downloads</msg>
<arg>Download Directory : ${DOWNLOAD_DIR}</arg>
<doc>Logs the given message with the given level.</doc>
<status status="PASS" start="2025-04-29T12:08:36.467855" elapsed="0.000193"/>
</kw>
<variable name="&amp;{browser_prefs}">
<msg time="2025-04-29T12:08:36.468292" level="INFO">&amp;{browser_prefs} = { download.default_directory=/home/nguyenvh/Sync/3a/stage_stet/projet_dho/robot-report-generator/test_downloads | plugins.always_open_pdf_externally=True }</msg>
<var>download.default_directory=${DOWNLOAD_DIR}</var>
<var>plugins.always_open_pdf_externally=${True}</var>
<status status="PASS" start="2025-04-29T12:08:36.468110" elapsed="0.000207"/>
</variable>
<kw name="Evaluate" owner="BuiltIn">
<msg time="2025-04-29T12:08:36.468664" level="INFO">${chrome_options} = &lt;selenium.webdriver.chrome.options.Options object at 0x78417a61e1a0&gt;</msg>
<var>${chrome_options}</var>
<arg>sys.modules['selenium.webdriver'].ChromeOptions()</arg>
<arg>sys, selenium.webdriver</arg>
<doc>Evaluates the given expression in Python and returns the result.</doc>
<status status="PASS" start="2025-04-29T12:08:36.468411" elapsed="0.000279"/>
</kw>
<kw name="Call Method" owner="BuiltIn">
<arg>${chrome_options}</arg>
<arg>add_experimental_option</arg>
<arg>prefs</arg>
<arg>${browser_prefs}</arg>
<doc>Calls the named method of the given object with the provided arguments.</doc>
<status status="PASS" start="2025-04-29T12:08:36.468804" elapsed="0.000138"/>
</kw>
<kw name="Open Browser" owner="SeleniumLibrary">
<msg time="2025-04-29T12:08:36.469451" level="INFO">Opening browser 'chrome' to base url 'http://localhost:3000'.</msg>
<arg>${app.url}</arg>
<arg>chrome</arg>
<arg>options=${chrome_options}</arg>
<doc>Opens a new browser instance to the optional ``url``.</doc>
<status status="PASS" start="2025-04-29T12:08:36.469041" elapsed="0.722161"/>
</kw>
<kw name="Click Element" owner="SeleniumLibrary">
<msg time="2025-04-29T12:08:37.192088" level="INFO">Clicking element 'xpath=//button[contains(text(), 'Text Editor')]'.</msg>
<arg>${selectors.header.text_editor_button}</arg>
<doc>Click the element identified by ``locator``.</doc>
<status status="PASS" start="2025-04-29T12:08:37.191442" elapsed="0.095511"/>
</kw>
<kw name="Wait Until Page Contains Element" owner="SeleniumLibrary">
<arg>${selectors.text_editor.filename_input}</arg>
<arg>${timeouts.page_load}</arg>
<doc>Waits until the element ``locator`` appears on the current page.</doc>
<status status="PASS" start="2025-04-29T12:08:37.287151" elapsed="0.007449"/>
</kw>
<kw name="Log" owner="BuiltIn">
<msg time="2025-04-29T12:08:37.295035" level="INFO">Opened Text Editor</msg>
<arg>Opened Text Editor</arg>
<doc>Logs the given message with the given level.</doc>
<status status="PASS" start="2025-04-29T12:08:37.294816" elapsed="0.000278"/>
</kw>
<status status="PASS" start="2025-04-29T12:08:36.467279" elapsed="0.827902"/>
</kw>
<kw name="Create And Save Document" owner="text_editor_keywords">
<kw name="Set File Name" owner="text_editor_keywords">
<kw name="Input Text" owner="SeleniumLibrary">
<msg time="2025-04-29T12:08:37.296846" level="INFO">Typing text 'test_document.txt' into text field 'css=input[type='text']'.</msg>
<arg>${selectors.text_editor.filename_input}</arg>
<arg>${filename}</arg>
<doc>Types the given ``text`` into the text field identified by ``locator``.</doc>
<status status="PASS" start="2025-04-29T12:08:37.296459" elapsed="0.074652"/>
</kw>
<arg>${filename}</arg>
<status status="PASS" start="2025-04-29T12:08:37.296225" elapsed="0.075016"/>
</kw>
<kw name="Set Content" owner="text_editor_keywords">
<kw name="Input Text" owner="SeleniumLibrary">
<msg time="2025-04-29T12:08:37.372403" level="INFO">Typing text 'This is a test document content' into text field 'css=textarea'.</msg>
<arg>${selectors.text_editor.content_textarea}</arg>
<arg>${content}</arg>
<doc>Types the given ``text`` into the text field identified by ``locator``.</doc>
<status status="PASS" start="2025-04-29T12:08:37.371807" elapsed="0.076287"/>
</kw>
<arg>${content}</arg>
<status status="PASS" start="2025-04-29T12:08:37.371414" elapsed="0.076808"/>
</kw>
<kw name="Save Document" owner="text_editor_keywords">
<kw name="Get Editor Content" owner="text_editor_keywords">
<kw name="Get Value" owner="SeleniumLibrary">
<msg time="2025-04-29T12:08:37.457680" level="INFO">${content} = This is a test document content</msg>
<var>${content}</var>
<arg>${selectors.text_editor.content_textarea}</arg>
<doc>Returns the value attribute of the element identified by ``locator``.</doc>
<status status="PASS" start="2025-04-29T12:08:37.449075" elapsed="0.008666"/>
</kw>
<return>
<value>${content}</value>
<status status="PASS" start="2025-04-29T12:08:37.457834" elapsed="0.000063"/>
</return>
<msg time="2025-04-29T12:08:37.458032" level="INFO">${content} = This is a test document content</msg>
<var>${content}</var>
<status status="PASS" start="2025-04-29T12:08:37.448814" elapsed="0.009242"/>
</kw>
<kw name="Get File Name" owner="text_editor_keywords">
<kw name="Get Value" owner="SeleniumLibrary">
<msg time="2025-04-29T12:08:37.466659" level="INFO">${filename} = test_document.txt</msg>
<var>${filename}</var>
<arg>${selectors.text_editor.filename_input}</arg>
<doc>Returns the value attribute of the element identified by ``locator``.</doc>
<status status="PASS" start="2025-04-29T12:08:37.458476" elapsed="0.008233"/>
</kw>
<return>
<value>${filename}</value>
<status status="PASS" start="2025-04-29T12:08:37.466803" elapsed="0.000051"/>
</return>
<msg time="2025-04-29T12:08:37.466985" level="INFO">${filename} = test_document.txt</msg>
<var>${filename}</var>
<status status="PASS" start="2025-04-29T12:08:37.458234" elapsed="0.008774"/>
</kw>
<kw name="Click Button" owner="SeleniumLibrary">
<msg time="2025-04-29T12:08:37.467549" level="INFO">Clicking button 'xpath=//button[contains(., 'Save')]'.</msg>
<arg>${selectors.text_editor.save_button}</arg>
<doc>Clicks the button identified by ``locator``.</doc>
<status status="PASS" start="2025-04-29T12:08:37.467130" elapsed="0.043597"/>
</kw>
<kw name="Wait Until Element Is Visible" owner="SeleniumLibrary">
<arg>${selectors.text_editor.save_success_message}</arg>
<arg>${timeouts.element_visible}</arg>
<doc>Waits until the element ``locator`` is visible.</doc>
<status status="PASS" start="2025-04-29T12:08:37.510929" elapsed="0.020064"/>
</kw>
<kw name="Wait Until Created" owner="OperatingSystem">
<msg time="2025-04-29T12:08:37.531481" level="INFO" html="true">'&lt;a href="file:///home/nguyenvh/Sync/3a/stage_stet/projet_dho/robot-report-generator/test_downloads/test_document.txt"&gt;/home/nguyenvh/Sync/3a/stage_stet/projet_dho/robot-report-generator/test_downloads/test_document.txt&lt;/a&gt;' was created.</msg>
<arg>${DOWNLOAD_DIR}/${filename}</arg>
<arg>timeout=5s</arg>
<doc>Waits until the given file or directory is created.</doc>
<status status="PASS" start="2025-04-29T12:08:37.531179" elapsed="0.000361"/>
</kw>
<kw name="Log" owner="BuiltIn">
<msg time="2025-04-29T12:08:37.531831" level="INFO">File downloaded to /home/nguyenvh/Sync/3a/stage_stet/projet_dho/robot-report-generator/test_downloads/test_document.txt</msg>
<arg>File downloaded to ${DOWNLOAD_DIR}/${filename}</arg>
<doc>Logs the given message with the given level.</doc>
<status status="PASS" start="2025-04-29T12:08:37.531670" elapsed="0.000200"/>
</kw>
<doc>Saves the document and verifies the download was triggered</doc>
<status status="PASS" start="2025-04-29T12:08:37.448414" elapsed="0.083517"/>
</kw>
<arg>${test_data.text_editor.test_document.filename}</arg>
<arg>${test_data.text_editor.test_document.content}</arg>
<status status="PASS" start="2025-04-29T12:08:37.295431" elapsed="0.236548"/>
</kw>
<kw name="Verify File Name Is" owner="text_editor_keywords">
<kw name="Get File Name" owner="text_editor_keywords">
<kw name="Get Value" owner="SeleniumLibrary">
<msg time="2025-04-29T12:08:37.539940" level="INFO">${filename} = test_document.txt</msg>
<var>${filename}</var>
<arg>${selectors.text_editor.filename_input}</arg>
<doc>Returns the value attribute of the element identified by ``locator``.</doc>
<status status="PASS" start="2025-04-29T12:08:37.532921" elapsed="0.007091"/>
</kw>
<return>
<value>${filename}</value>
<status status="PASS" start="2025-04-29T12:08:37.540140" elapsed="0.000059"/>
</return>
<msg time="2025-04-29T12:08:37.540367" level="INFO">${actual} = test_document.txt</msg>
<var>${actual}</var>
<status status="PASS" start="2025-04-29T12:08:37.532741" elapsed="0.007652"/>
</kw>
<kw name="Should Be Equal" owner="BuiltIn">
<arg>${actual}</arg>
<arg>${expected}</arg>
<doc>Fails if the given objects are unequal.</doc>
<status status="PASS" start="2025-04-29T12:08:37.540521" elapsed="0.000226"/>
</kw>
<arg>${test_data.text_editor.test_document.filename}</arg>
<status status="PASS" start="2025-04-29T12:08:37.532232" elapsed="0.008606"/>
</kw>
<kw name="Verify Content Is" owner="text_editor_keywords">
<kw name="Get Editor Content" owner="text_editor_keywords">
<kw name="Get Value" owner="SeleniumLibrary">
<msg time="2025-04-29T12:08:37.553832" level="INFO">${content} = This is a test document content</msg>
<var>${content}</var>
<arg>${selectors.text_editor.content_textarea}</arg>
<doc>Returns the value attribute of the element identified by ``locator``.</doc>
<status status="PASS" start="2025-04-29T12:08:37.542074" elapsed="0.011806"/>
</kw>
<return>
<value>${content}</value>
<status status="PASS" start="2025-04-29T12:08:37.553961" elapsed="0.000050"/>
</return>
<msg time="2025-04-29T12:08:37.554145" level="INFO">${actual} = This is a test document content</msg>
<var>${actual}</var>
<status status="PASS" start="2025-04-29T12:08:37.541841" elapsed="0.012333"/>
</kw>
<kw name="Should Be Equal" owner="BuiltIn">
<arg>${actual}</arg>
<arg>${expected}</arg>
<doc>Fails if the given objects are unequal.</doc>
<status status="PASS" start="2025-04-29T12:08:37.554299" elapsed="0.000209"/>
</kw>
<arg>${test_data.text_editor.test_document.content}</arg>
<status status="PASS" start="2025-04-29T12:08:37.541112" elapsed="0.013459"/>
</kw>
<kw name="Close Text Editor Application" owner="text_editor_keywords" type="TEARDOWN">
<kw name="Close Browser" owner="SeleniumLibrary">
<doc>Closes the current browser.</doc>
<status status="PASS" start="2025-04-29T12:08:37.555044" elapsed="0.057273"/>
</kw>
<status status="PASS" start="2025-04-29T12:08:37.554801" elapsed="0.057709"/>
</kw>
<doc>Test creating and saving a new document</doc>
<status status="PASS" start="2025-04-29T12:08:36.466630" elapsed="1.146019"/>
</test>
<test id="s1-t2" name="Edit Existing Document" line="15">
<kw name="Open Text Editor" owner="text_editor_keywords" type="SETUP">
<kw name="Log" owner="BuiltIn">
<msg time="2025-04-29T12:08:37.614086" level="INFO">Download Directory : /home/nguyenvh/Sync/3a/stage_stet/projet_dho/robot-report-generator/test_downloads</msg>
<arg>Download Directory : ${DOWNLOAD_DIR}</arg>
<doc>Logs the given message with the given level.</doc>
<status status="PASS" start="2025-04-29T12:08:37.613908" elapsed="0.000230"/>
</kw>
<variable name="&amp;{browser_prefs}">
<msg time="2025-04-29T12:08:37.614465" level="INFO">&amp;{browser_prefs} = { download.default_directory=/home/nguyenvh/Sync/3a/stage_stet/projet_dho/robot-report-generator/test_downloads | plugins.always_open_pdf_externally=True }</msg>
<var>download.default_directory=${DOWNLOAD_DIR}</var>
<var>plugins.always_open_pdf_externally=${True}</var>
<status status="PASS" start="2025-04-29T12:08:37.614205" elapsed="0.000298"/>
</variable>
<kw name="Evaluate" owner="BuiltIn">
<msg time="2025-04-29T12:08:37.614961" level="INFO">${chrome_options} = &lt;selenium.webdriver.chrome.options.Options object at 0x78417a6bb820&gt;</msg>
<var>${chrome_options}</var>
<arg>sys.modules['selenium.webdriver'].ChromeOptions()</arg>
<arg>sys, selenium.webdriver</arg>
<doc>Evaluates the given expression in Python and returns the result.</doc>
<status status="PASS" start="2025-04-29T12:08:37.614626" elapsed="0.000379"/>
</kw>
<kw name="Call Method" owner="BuiltIn">
<arg>${chrome_options}</arg>
<arg>add_experimental_option</arg>
<arg>prefs</arg>
<arg>${browser_prefs}</arg>
<doc>Calls the named method of the given object with the provided arguments.</doc>
<status status="PASS" start="2025-04-29T12:08:37.615151" elapsed="0.000236"/>
</kw>
<kw name="Open Browser" owner="SeleniumLibrary">
<msg time="2025-04-29T12:08:37.616165" level="INFO">Opening browser 'chrome' to base url 'http://localhost:3000'.</msg>
<arg>${app.url}</arg>
<arg>chrome</arg>
<arg>options=${chrome_options}</arg>
<doc>Opens a new browser instance to the optional ``url``.</doc>
<status status="PASS" start="2025-04-29T12:08:37.615546" elapsed="0.721830"/>
</kw>
<kw name="Click Element" owner="SeleniumLibrary">
<msg time="2025-04-29T12:08:38.338189" level="INFO">Clicking element 'xpath=//button[contains(text(), 'Text Editor')]'.</msg>
<arg>${selectors.header.text_editor_button}</arg>
<doc>Click the element identified by ``locator``.</doc>
<status status="PASS" start="2025-04-29T12:08:38.337592" elapsed="0.098438"/>
</kw>
<kw name="Wait Until Page Contains Element" owner="SeleniumLibrary">
<arg>${selectors.text_editor.filename_input}</arg>
<arg>${timeouts.page_load}</arg>
<doc>Waits until the element ``locator`` appears on the current page.</doc>
<status status="PASS" start="2025-04-29T12:08:38.436229" elapsed="0.008426"/>
</kw>
<kw name="Log" owner="BuiltIn">
<msg time="2025-04-29T12:08:38.445010" level="INFO">Opened Text Editor</msg>
<arg>Opened Text Editor</arg>
<doc>Logs the given message with the given level.</doc>
<status status="PASS" start="2025-04-29T12:08:38.444860" elapsed="0.000195"/>
</kw>
<status status="PASS" start="2025-04-29T12:08:37.613553" elapsed="0.831568"/>
</kw>
<kw name="Create And Save Document" owner="text_editor_keywords">
<kw name="Set File Name" owner="text_editor_keywords">
<kw name="Input Text" owner="SeleniumLibrary">
<msg time="2025-04-29T12:08:38.446590" level="INFO">Typing text 'editable_document.txt' into text field 'css=input[type='text']'.</msg>
<arg>${selectors.text_editor.filename_input}</arg>
<arg>${filename}</arg>
<doc>Types the given ``text`` into the text field identified by ``locator``.</doc>
<status status="PASS" start="2025-04-29T12:08:38.446230" elapsed="0.077966"/>
</kw>
<arg>${filename}</arg>
<status status="PASS" start="2025-04-29T12:08:38.446013" elapsed="0.078306"/>
</kw>
<kw name="Set Content" owner="text_editor_keywords">
<kw name="Input Text" owner="SeleniumLibrary">
<msg time="2025-04-29T12:08:38.525343" level="INFO">Typing text 'Initial content' into text field 'css=textarea'.</msg>
<arg>${selectors.text_editor.content_textarea}</arg>
<arg>${content}</arg>
<doc>Types the given ``text`` into the text field identified by ``locator``.</doc>
<status status="PASS" start="2025-04-29T12:08:38.524808" elapsed="0.058095"/>
</kw>
<arg>${content}</arg>
<status status="PASS" start="2025-04-29T12:08:38.524482" elapsed="0.058545"/>
</kw>
<kw name="Save Document" owner="text_editor_keywords">
<kw name="Get Editor Content" owner="text_editor_keywords">
<kw name="Get Value" owner="SeleniumLibrary">
<msg time="2025-04-29T12:08:38.592582" level="INFO">${content} = Initial content</msg>
<var>${content}</var>
<arg>${selectors.text_editor.content_textarea}</arg>
<doc>Returns the value attribute of the element identified by ``locator``.</doc>
<status status="PASS" start="2025-04-29T12:08:38.583735" elapsed="0.008897"/>
</kw>
<return>
<value>${content}</value>
<status status="PASS" start="2025-04-29T12:08:38.592731" elapsed="0.000056"/>
</return>
<msg time="2025-04-29T12:08:38.592928" level="INFO">${content} = Initial content</msg>
<var>${content}</var>
<status status="PASS" start="2025-04-29T12:08:38.583517" elapsed="0.009435"/>
</kw>
<kw name="Get File Name" owner="text_editor_keywords">
<kw name="Get Value" owner="SeleniumLibrary">
<msg time="2025-04-29T12:08:38.600343" level="INFO">${filename} = editable_document.txt</msg>
<var>${filename}</var>
<arg>${selectors.text_editor.filename_input}</arg>
<doc>Returns the value attribute of the element identified by ``locator``.</doc>
<status status="PASS" start="2025-04-29T12:08:38.593466" elapsed="0.006921"/>
</kw>
<return>
<value>${filename}</value>
<status status="PASS" start="2025-04-29T12:08:38.600467" elapsed="0.000048"/>
</return>
<msg time="2025-04-29T12:08:38.600643" level="INFO">${filename} = editable_document.txt</msg>
<var>${filename}</var>
<status status="PASS" start="2025-04-29T12:08:38.593215" elapsed="0.007451"/>
</kw>
<kw name="Click Button" owner="SeleniumLibrary">
<msg time="2025-04-29T12:08:38.601205" level="INFO">Clicking button 'xpath=//button[contains(., 'Save')]'.</msg>
<arg>${selectors.text_editor.save_button}</arg>
<doc>Clicks the button identified by ``locator``.</doc>
<status status="PASS" start="2025-04-29T12:08:38.600792" elapsed="0.062108"/>
</kw>
<kw name="Wait Until Element Is Visible" owner="SeleniumLibrary">
<arg>${selectors.text_editor.save_success_message}</arg>
<arg>${timeouts.element_visible}</arg>
<doc>Waits until the element ``locator`` is visible.</doc>
<status status="PASS" start="2025-04-29T12:08:38.663099" elapsed="0.025270"/>
</kw>
<kw name="Wait Until Created" owner="OperatingSystem">
<msg time="2025-04-29T12:08:38.688945" level="INFO" html="true">'&lt;a href="file:///home/nguyenvh/Sync/3a/stage_stet/projet_dho/robot-report-generator/test_downloads/editable_document.txt"&gt;/home/nguyenvh/Sync/3a/stage_stet/projet_dho/robot-report-generator/test_downloads/editable_document.txt&lt;/a&gt;' was created.</msg>
<arg>${DOWNLOAD_DIR}/${filename}</arg>
<arg>timeout=5s</arg>
<doc>Waits until the given file or directory is created.</doc>
<status status="PASS" start="2025-04-29T12:08:38.688597" elapsed="0.000408"/>
</kw>
<kw name="Log" owner="BuiltIn">
<msg time="2025-04-29T12:08:38.689312" level="INFO">File downloaded to /home/nguyenvh/Sync/3a/stage_stet/projet_dho/robot-report-generator/test_downloads/editable_document.txt</msg>
<arg>File downloaded to ${DOWNLOAD_DIR}/${filename}</arg>
<doc>Logs the given message with the given level.</doc>
<status status="PASS" start="2025-04-29T12:08:38.689127" elapsed="0.000240"/>
</kw>
<doc>Saves the document and verifies the download was triggered</doc>
<status status="PASS" start="2025-04-29T12:08:38.583221" elapsed="0.106233"/>
</kw>
<arg>${test_data.text_editor.editable_document.filename}</arg>
<arg>${test_data.text_editor.editable_document.initial_content}</arg>
<status status="PASS" start="2025-04-29T12:08:38.445310" elapsed="0.244217"/>
</kw>
<kw name="Set Content" owner="text_editor_keywords">
<kw name="Input Text" owner="SeleniumLibrary">
<msg time="2025-04-29T12:08:38.690790" level="INFO">Typing text 'Updated content' into text field 'css=textarea'.</msg>
<arg>${selectors.text_editor.content_textarea}</arg>
<arg>${content}</arg>
<doc>Types the given ``text`` into the text field identified by ``locator``.</doc>
<status status="PASS" start="2025-04-29T12:08:38.690358" elapsed="0.058568"/>
</kw>
<arg>${test_data.text_editor.editable_document.updated_content}</arg>
<status status="PASS" start="2025-04-29T12:08:38.689781" elapsed="0.059335"/>
</kw>
<kw name="Save Document" owner="text_editor_keywords">
<kw name="Get Editor Content" owner="text_editor_keywords">
<kw name="Get Value" owner="SeleniumLibrary">
<msg time="2025-04-29T12:08:38.760518" level="INFO">${content} = Updated content</msg>
<var>${content}</var>
<arg>${selectors.text_editor.content_textarea}</arg>
<doc>Returns the value attribute of the element identified by ``locator``.</doc>
<status status="PASS" start="2025-04-29T12:08:38.750115" elapsed="0.010462"/>
</kw>
<return>
<value>${content}</value>
<status status="PASS" start="2025-04-29T12:08:38.760675" elapsed="0.000074"/>
</return>
<msg time="2025-04-29T12:08:38.760904" level="INFO">${content} = Updated content</msg>
<var>${content}</var>
<status status="PASS" start="2025-04-29T12:08:38.749847" elapsed="0.011083"/>
</kw>
<kw name="Get File Name" owner="text_editor_keywords">
<kw name="Get Value" owner="SeleniumLibrary">
<msg time="2025-04-29T12:08:38.767855" level="INFO">${filename} = editable_document.txt</msg>
<var>${filename}</var>
<arg>${selectors.text_editor.filename_input}</arg>
<doc>Returns the value attribute of the element identified by ``locator``.</doc>
<status status="PASS" start="2025-04-29T12:08:38.761365" elapsed="0.006535"/>
</kw>
<return>
<value>${filename}</value>
<status status="PASS" start="2025-04-29T12:08:38.767976" elapsed="0.000048"/>
</return>
<msg time="2025-04-29T12:08:38.768146" level="INFO">${filename} = editable_document.txt</msg>
<var>${filename}</var>
<status status="PASS" start="2025-04-29T12:08:38.761108" elapsed="0.007062"/>
</kw>
<kw name="Click Button" owner="SeleniumLibrary">
<msg time="2025-04-29T12:08:38.768698" level="INFO">Clicking button 'xpath=//button[contains(., 'Save')]'.</msg>
<arg>${selectors.text_editor.save_button}</arg>
<doc>Clicks the button identified by ``locator``.</doc>
<status status="PASS" start="2025-04-29T12:08:38.768288" elapsed="0.065264"/>
</kw>
<kw name="Wait Until Element Is Visible" owner="SeleniumLibrary">
<arg>${selectors.text_editor.save_success_message}</arg>
<arg>${timeouts.element_visible}</arg>
<doc>Waits until the element ``locator`` is visible.</doc>
<status status="PASS" start="2025-04-29T12:08:38.833891" elapsed="0.012378"/>
</kw>
<kw name="Wait Until Created" owner="OperatingSystem">
<msg time="2025-04-29T12:08:38.846860" level="INFO" html="true">'&lt;a href="file:///home/nguyenvh/Sync/3a/stage_stet/projet_dho/robot-report-generator/test_downloads/editable_document.txt"&gt;/home/nguyenvh/Sync/3a/stage_stet/projet_dho/robot-report-generator/test_downloads/editable_document.txt&lt;/a&gt;' was created.</msg>
<arg>${DOWNLOAD_DIR}/${filename}</arg>
<arg>timeout=5s</arg>
<doc>Waits until the given file or directory is created.</doc>
<status status="PASS" start="2025-04-29T12:08:38.846510" elapsed="0.000415"/>
</kw>
<kw name="Log" owner="BuiltIn">
<msg time="2025-04-29T12:08:38.847194" level="INFO">File downloaded to /home/nguyenvh/Sync/3a/stage_stet/projet_dho/robot-report-generator/test_downloads/editable_document.txt</msg>
<arg>File downloaded to ${DOWNLOAD_DIR}/${filename}</arg>
<doc>Logs the given message with the given level.</doc>
<status status="PASS" start="2025-04-29T12:08:38.847046" elapsed="0.000186"/>
</kw>
<doc>Saves the document and verifies the download was triggered</doc>
<status status="PASS" start="2025-04-29T12:08:38.749447" elapsed="0.097846"/>
</kw>
<kw name="Verify Content Is" owner="text_editor_keywords">
<kw name="Get Editor Content" owner="text_editor_keywords">
<kw name="Get Value" owner="SeleniumLibrary">
<msg time="2025-04-29T12:08:38.858606" level="INFO">${content} = Updated content</msg>
<var>${content}</var>
<arg>${selectors.text_editor.content_textarea}</arg>
<doc>Returns the value attribute of the element identified by ``locator``.</doc>
<status status="PASS" start="2025-04-29T12:08:38.848190" elapsed="0.010469"/>
</kw>
<return>
<value>${content}</value>
<status status="PASS" start="2025-04-29T12:08:38.858755" elapsed="0.000053"/>
</return>
<msg time="2025-04-29T12:08:38.858942" level="INFO">${actual} = Updated content</msg>
<var>${actual}</var>
<status status="PASS" start="2025-04-29T12:08:38.847968" elapsed="0.010998"/>
</kw>
<kw name="Should Be Equal" owner="BuiltIn">
<arg>${actual}</arg>
<arg>${expected}</arg>
<doc>Fails if the given objects are unequal.</doc>
<status status="PASS" start="2025-04-29T12:08:38.859098" elapsed="0.000201"/>
</kw>
<arg>${test_data.text_editor.editable_document.updated_content}</arg>
<status status="PASS" start="2025-04-29T12:08:38.847461" elapsed="0.011896"/>
</kw>
<kw name="Close Text Editor Application" owner="text_editor_keywords" type="TEARDOWN">
<kw name="Close Browser" owner="SeleniumLibrary">
<doc>Closes the current browser.</doc>
<status status="PASS" start="2025-04-29T12:08:38.859849" elapsed="0.056294"/>
</kw>
<status status="PASS" start="2025-04-29T12:08:38.859596" elapsed="0.056703"/>
</kw>
<doc>Test editing an existing document</doc>
<status status="PASS" start="2025-04-29T12:08:37.613034" elapsed="1.303392"/>
</test>
<test id="s1-t3" name="Clear Editor Content" line="22">
<kw name="Open Text Editor" owner="text_editor_keywords" type="SETUP">
<kw name="Log" owner="BuiltIn">
<msg time="2025-04-29T12:08:38.917417" level="INFO">Download Directory : /home/nguyenvh/Sync/3a/stage_stet/projet_dho/robot-report-generator/test_downloads</msg>
<arg>Download Directory : ${DOWNLOAD_DIR}</arg>
<doc>Logs the given message with the given level.</doc>
<status status="PASS" start="2025-04-29T12:08:38.917281" elapsed="0.000180"/>
</kw>
<variable name="&amp;{browser_prefs}">
<msg time="2025-04-29T12:08:38.917672" level="INFO">&amp;{browser_prefs} = { download.default_directory=/home/nguyenvh/Sync/3a/stage_stet/projet_dho/robot-report-generator/test_downloads | plugins.always_open_pdf_externally=True }</msg>
<var>download.default_directory=${DOWNLOAD_DIR}</var>
<var>plugins.always_open_pdf_externally=${True}</var>
<status status="PASS" start="2025-04-29T12:08:38.917509" elapsed="0.000188"/>
</variable>
<kw name="Evaluate" owner="BuiltIn">
<msg time="2025-04-29T12:08:38.918153" level="INFO">${chrome_options} = &lt;selenium.webdriver.chrome.options.Options object at 0x78417a4ddc00&gt;</msg>
<var>${chrome_options}</var>
<arg>sys.modules['selenium.webdriver'].ChromeOptions()</arg>
<arg>sys, selenium.webdriver</arg>
<doc>Evaluates the given expression in Python and returns the result.</doc>
<status status="PASS" start="2025-04-29T12:08:38.917824" elapsed="0.000368"/>
</kw>
<kw name="Call Method" owner="BuiltIn">
<arg>${chrome_options}</arg>
<arg>add_experimental_option</arg>
<arg>prefs</arg>
<arg>${browser_prefs}</arg>
<doc>Calls the named method of the given object with the provided arguments.</doc>
<status status="PASS" start="2025-04-29T12:08:38.918305" elapsed="0.000145"/>
</kw>
<kw name="Open Browser" owner="SeleniumLibrary">
<msg time="2025-04-29T12:08:38.919021" level="INFO">Opening browser 'chrome' to base url 'http://localhost:3000'.</msg>
<arg>${app.url}</arg>
<arg>chrome</arg>
<arg>options=${chrome_options}</arg>
<doc>Opens a new browser instance to the optional ``url``.</doc>
<status status="PASS" start="2025-04-29T12:08:38.918572" elapsed="0.708483"/>
</kw>
<kw name="Click Element" owner="SeleniumLibrary">
<msg time="2025-04-29T12:08:39.627844" level="INFO">Clicking element 'xpath=//button[contains(text(), 'Text Editor')]'.</msg>
<arg>${selectors.header.text_editor_button}</arg>
<doc>Click the element identified by ``locator``.</doc>
<status status="PASS" start="2025-04-29T12:08:39.627273" elapsed="0.096598"/>
</kw>
<kw name="Wait Until Page Contains Element" owner="SeleniumLibrary">
<arg>${selectors.text_editor.filename_input}</arg>
<arg>${timeouts.page_load}</arg>
<doc>Waits until the element ``locator`` appears on the current page.</doc>
<status status="PASS" start="2025-04-29T12:08:39.724074" elapsed="0.007666"/>
</kw>
<kw name="Log" owner="BuiltIn">
<msg time="2025-04-29T12:08:39.732094" level="INFO">Opened Text Editor</msg>
<arg>Opened Text Editor</arg>
<doc>Logs the given message with the given level.</doc>
<status status="PASS" start="2025-04-29T12:08:39.731944" elapsed="0.000197"/>
</kw>
<status status="PASS" start="2025-04-29T12:08:38.917058" elapsed="0.815148"/>
</kw>
<kw name="Set Content" owner="text_editor_keywords">
<kw name="Input Text" owner="SeleniumLibrary">
<msg time="2025-04-29T12:08:39.733031" level="INFO">Typing text 'Some test content' into text field 'css=textarea'.</msg>
<arg>${selectors.text_editor.content_textarea}</arg>
<arg>${content}</arg>
<doc>Types the given ``text`` into the text field identified by ``locator``.</doc>
<status status="PASS" start="2025-04-29T12:08:39.732620" elapsed="0.070003"/>
</kw>
<arg>Some test content</arg>
<status status="PASS" start="2025-04-29T12:08:39.732388" elapsed="0.070412"/>
</kw>
<kw name="Clear Editor" owner="text_editor_keywords">
<kw name="Click Button" owner="SeleniumLibrary">
<msg time="2025-04-29T12:08:39.803709" level="INFO">Clicking button 'xpath=//button[contains(., 'Clear')]'.</msg>
<arg>${selectors.text_editor.clear_button}</arg>
<doc>Clicks the button identified by ``locator``.</doc>
<status status="PASS" start="2025-04-29T12:08:39.803279" elapsed="0.047114"/>
</kw>
<kw name="Wait Until Element Is Visible" owner="SeleniumLibrary">
<arg>${selectors.text_editor.clear_success_message}</arg>
<arg>${timeouts.element_visible}</arg>
<doc>Waits until the element ``locator`` is visible.</doc>
<status status="PASS" start="2025-04-29T12:08:39.850588" elapsed="0.014674"/>
</kw>
<doc>Clears the editor content</doc>
<status status="PASS" start="2025-04-29T12:08:39.803029" elapsed="0.062358"/>
</kw>
<kw name="Verify Editor Is Cleared" owner="text_editor_keywords">
<kw name="Get Editor Content" owner="text_editor_keywords">
<kw name="Get Value" owner="SeleniumLibrary">
<msg time="2025-04-29T12:08:39.875487" level="INFO">${content} = </msg>
<var>${content}</var>
<arg>${selectors.text_editor.content_textarea}</arg>
<doc>Returns the value attribute of the element identified by ``locator``.</doc>
<status status="PASS" start="2025-04-29T12:08:39.866090" elapsed="0.009456"/>
</kw>
<return>
<value>${content}</value>
<status status="PASS" start="2025-04-29T12:08:39.875631" elapsed="0.000053"/>
</return>
<msg time="2025-04-29T12:08:39.875834" level="INFO">${content} = </msg>
<var>${content}</var>
<status status="PASS" start="2025-04-29T12:08:39.865900" elapsed="0.009960"/>
</kw>
<kw name="Should Be Empty" owner="BuiltIn">
<msg time="2025-04-29T12:08:39.876151" level="INFO">Length is 0.</msg>
<arg>${content}</arg>
<arg>Editor content should be empty</arg>
<doc>Verifies that the given item is empty.</doc>
<status status="PASS" start="2025-04-29T12:08:39.875981" elapsed="0.000213"/>
</kw>
<kw name="Element Should Be Visible" owner="SeleniumLibrary">
<msg time="2025-04-29T12:08:39.885745" level="INFO">Element 'xpath=//div[contains(., 'Editor content cleared')]' is displayed.</msg>
<arg>${selectors.text_editor.clear_success_message}</arg>
<doc>Verifies that the element identified by ``locator`` is visible.</doc>
<status status="PASS" start="2025-04-29T12:08:39.876295" elapsed="0.009552"/>
</kw>
<status status="PASS" start="2025-04-29T12:08:39.865602" elapsed="0.020340"/>
</kw>
<kw name="Close Text Editor Application" owner="text_editor_keywords" type="TEARDOWN">
<kw name="Close Browser" owner="SeleniumLibrary">
<doc>Closes the current browser.</doc>
<status status="PASS" start="2025-04-29T12:08:39.886637" elapsed="0.055272"/>
</kw>
<status status="PASS" start="2025-04-29T12:08:39.886209" elapsed="0.055818"/>
</kw>
<doc>Test clearing the editor content</doc>
<status status="PASS" start="2025-04-29T12:08:38.916680" elapsed="1.025431"/>
</test>
<test id="s1-t4" name="Clear Empty Editor" line="28">
<kw name="Open Text Editor" owner="text_editor_keywords" type="SETUP">
<kw name="Log" owner="BuiltIn">
<msg time="2025-04-29T12:08:39.943525" level="INFO">Download Directory : /home/nguyenvh/Sync/3a/stage_stet/projet_dho/robot-report-generator/test_downloads</msg>
<arg>Download Directory : ${DOWNLOAD_DIR}</arg>
<doc>Logs the given message with the given level.</doc>
<status status="PASS" start="2025-04-29T12:08:39.943369" elapsed="0.000216"/>
</kw>
<variable name="&amp;{browser_prefs}">
<msg time="2025-04-29T12:08:39.943909" level="INFO">&amp;{browser_prefs} = { download.default_directory=/home/nguyenvh/Sync/3a/stage_stet/projet_dho/robot-report-generator/test_downloads | plugins.always_open_pdf_externally=True }</msg>
<var>download.default_directory=${DOWNLOAD_DIR}</var>
<var>plugins.always_open_pdf_externally=${True}</var>
<status status="PASS" start="2025-04-29T12:08:39.943653" elapsed="0.000294"/>
</variable>
<kw name="Evaluate" owner="BuiltIn">
<msg time="2025-04-29T12:08:39.944394" level="INFO">${chrome_options} = &lt;selenium.webdriver.chrome.options.Options object at 0x78417a4dce80&gt;</msg>
<var>${chrome_options}</var>
<arg>sys.modules['selenium.webdriver'].ChromeOptions()</arg>
<arg>sys, selenium.webdriver</arg>
<doc>Evaluates the given expression in Python and returns the result.</doc>
<status status="PASS" start="2025-04-29T12:08:39.944090" elapsed="0.000420"/>
</kw>
<kw name="Call Method" owner="BuiltIn">
<arg>${chrome_options}</arg>
<arg>add_experimental_option</arg>
<arg>prefs</arg>
<arg>${browser_prefs}</arg>
<doc>Calls the named method of the given object with the provided arguments.</doc>
<status status="PASS" start="2025-04-29T12:08:39.944658" elapsed="0.000218"/>
</kw>
<kw name="Open Browser" owner="SeleniumLibrary">
<msg time="2025-04-29T12:08:39.945718" level="INFO">Opening browser 'chrome' to base url 'http://localhost:3000'.</msg>
<arg>${app.url}</arg>
<arg>chrome</arg>
<arg>options=${chrome_options}</arg>
<doc>Opens a new browser instance to the optional ``url``.</doc>
<status status="PASS" start="2025-04-29T12:08:39.945047" elapsed="0.754118"/>
</kw>
<kw name="Click Element" owner="SeleniumLibrary">
<msg time="2025-04-29T12:08:40.700314" level="INFO">Clicking element 'xpath=//button[contains(text(), 'Text Editor')]'.</msg>
<arg>${selectors.header.text_editor_button}</arg>
<doc>Click the element identified by ``locator``.</doc>
<status status="PASS" start="2025-04-29T12:08:40.699525" elapsed="0.110074"/>
</kw>
<kw name="Wait Until Page Contains Element" owner="SeleniumLibrary">
<arg>${selectors.text_editor.filename_input}</arg>
<arg>${timeouts.page_load}</arg>
<doc>Waits until the element ``locator`` appears on the current page.</doc>
<status status="PASS" start="2025-04-29T12:08:40.809831" elapsed="0.008528"/>
</kw>
<kw name="Log" owner="BuiltIn">
<msg time="2025-04-29T12:08:40.818701" level="INFO">Opened Text Editor</msg>
<arg>Opened Text Editor</arg>
<doc>Logs the given message with the given level.</doc>
<status status="PASS" start="2025-04-29T12:08:40.818550" elapsed="0.000210"/>
</kw>
<status status="PASS" start="2025-04-29T12:08:39.942672" elapsed="0.876160"/>
</kw>
<kw name="Clear Editor" owner="text_editor_keywords">
<kw name="Click Button" owner="SeleniumLibrary">
<msg time="2025-04-29T12:08:40.819681" level="INFO">Clicking button 'xpath=//button[contains(., 'Clear')]'.</msg>
<arg>${selectors.text_editor.clear_button}</arg>
<doc>Clicks the button identified by ``locator``.</doc>
<status status="PASS" start="2025-04-29T12:08:40.819250" elapsed="0.050217"/>
</kw>
<kw name="Wait Until Element Is Visible" owner="SeleniumLibrary">
<arg>${selectors.text_editor.clear_success_message}</arg>
<arg>${timeouts.element_visible}</arg>
<doc>Waits until the element ``locator`` is visible.</doc>
<status status="PASS" start="2025-04-29T12:08:40.869681" elapsed="0.015935"/>
</kw>
<doc>Clears the editor content</doc>
<status status="PASS" start="2025-04-29T12:08:40.819032" elapsed="0.066876"/>
</kw>
<kw name="Verify Editor Is Cleared" owner="text_editor_keywords">
<kw name="Get Editor Content" owner="text_editor_keywords">
<kw name="Get Value" owner="SeleniumLibrary">
<msg time="2025-04-29T12:08:40.898259" level="INFO">${content} = </msg>
<var>${content}</var>
<arg>${selectors.text_editor.content_textarea}</arg>
<doc>Returns the value attribute of the element identified by ``locator``.</doc>
<status status="PASS" start="2025-04-29T12:08:40.887157" elapsed="0.011160"/>
</kw>
<return>
<value>${content}</value>
<status status="PASS" start="2025-04-29T12:08:40.898413" elapsed="0.000057"/>
</return>
<msg time="2025-04-29T12:08:40.898626" level="INFO">${content} = </msg>
<var>${content}</var>
<status status="PASS" start="2025-04-29T12:08:40.886756" elapsed="0.011921"/>
</kw>
<kw name="Should Be Empty" owner="BuiltIn">
<msg time="2025-04-29T12:08:40.899050" level="INFO">Length is 0.</msg>
<arg>${content}</arg>
<arg>Editor content should be empty</arg>
<doc>Verifies that the given item is empty.</doc>
<status status="PASS" start="2025-04-29T12:08:40.898854" elapsed="0.000305"/>
</kw>
<kw name="Element Should Be Visible" owner="SeleniumLibrary">
<msg time="2025-04-29T12:08:40.911782" level="INFO">Element 'xpath=//div[contains(., 'Editor content cleared')]' is displayed.</msg>
<arg>${selectors.text_editor.clear_success_message}</arg>
<doc>Verifies that the element identified by ``locator`` is visible.</doc>
<status status="PASS" start="2025-04-29T12:08:40.899697" elapsed="0.012193"/>
</kw>
<status status="PASS" start="2025-04-29T12:08:40.886235" elapsed="0.025757"/>
</kw>
<kw name="Close Text Editor Application" owner="text_editor_keywords" type="TEARDOWN">
<kw name="Close Browser" owner="SeleniumLibrary">
<doc>Closes the current browser.</doc>
<status status="PASS" start="2025-04-29T12:08:40.912543" elapsed="0.055349"/>
</kw>
<status status="PASS" start="2025-04-29T12:08:40.912283" elapsed="0.055752"/>
</kw>
<doc>Test clearing an empty editor</doc>
<status status="PASS" start="2025-04-29T12:08:39.942329" elapsed="1.025801"/>
</test>
<test id="s1-t5" name="Clear And Save Document" line="33">
<kw name="Open Text Editor" owner="text_editor_keywords" type="SETUP">
<kw name="Log" owner="BuiltIn">
<msg time="2025-04-29T12:08:40.969370" level="INFO">Download Directory : /home/nguyenvh/Sync/3a/stage_stet/projet_dho/robot-report-generator/test_downloads</msg>
<arg>Download Directory : ${DOWNLOAD_DIR}</arg>
<doc>Logs the given message with the given level.</doc>
<status status="PASS" start="2025-04-29T12:08:40.969026" elapsed="0.000398"/>
</kw>
<variable name="&amp;{browser_prefs}">
<msg time="2025-04-29T12:08:40.969666" level="INFO">&amp;{browser_prefs} = { download.default_directory=/home/nguyenvh/Sync/3a/stage_stet/projet_dho/robot-report-generator/test_downloads | plugins.always_open_pdf_externally=True }</msg>
<var>download.default_directory=${DOWNLOAD_DIR}</var>
<var>plugins.always_open_pdf_externally=${True}</var>
<status status="PASS" start="2025-04-29T12:08:40.969483" elapsed="0.000209"/>
</variable>
<kw name="Evaluate" owner="BuiltIn">
<msg time="2025-04-29T12:08:40.970021" level="INFO">${chrome_options} = &lt;selenium.webdriver.chrome.options.Options object at 0x78417a4df1c0&gt;</msg>
<var>${chrome_options}</var>
<arg>sys.modules['selenium.webdriver'].ChromeOptions()</arg>
<arg>sys, selenium.webdriver</arg>
<doc>Evaluates the given expression in Python and returns the result.</doc>
<status status="PASS" start="2025-04-29T12:08:40.969806" elapsed="0.000240"/>
</kw>
<kw name="Call Method" owner="BuiltIn">
<arg>${chrome_options}</arg>
<arg>add_experimental_option</arg>
<arg>prefs</arg>
<arg>${browser_prefs}</arg>
<doc>Calls the named method of the given object with the provided arguments.</doc>
<status status="PASS" start="2025-04-29T12:08:40.970138" elapsed="0.000131"/>
</kw>
<kw name="Open Browser" owner="SeleniumLibrary">
<msg time="2025-04-29T12:08:40.970842" level="INFO">Opening browser 'chrome' to base url 'http://localhost:3000'.</msg>
<arg>${app.url}</arg>
<arg>chrome</arg>
<arg>options=${chrome_options}</arg>
<doc>Opens a new browser instance to the optional ``url``.</doc>
<status status="PASS" start="2025-04-29T12:08:40.970385" elapsed="0.752707"/>
</kw>
<kw name="Click Element" owner="SeleniumLibrary">
<msg time="2025-04-29T12:08:41.724227" level="INFO">Clicking element 'xpath=//button[contains(text(), 'Text Editor')]'.</msg>
<arg>${selectors.header.text_editor_button}</arg>
<doc>Click the element identified by ``locator``.</doc>
<status status="PASS" start="2025-04-29T12:08:41.723393" elapsed="0.106526"/>
</kw>
<kw name="Wait Until Page Contains Element" owner="SeleniumLibrary">
<arg>${selectors.text_editor.filename_input}</arg>
<arg>${timeouts.page_load}</arg>
<doc>Waits until the element ``locator`` appears on the current page.</doc>
<status status="PASS" start="2025-04-29T12:08:41.830116" elapsed="0.007680"/>
</kw>
<kw name="Log" owner="BuiltIn">
<msg time="2025-04-29T12:08:41.838142" level="INFO">Opened Text Editor</msg>
<arg>Opened Text Editor</arg>
<doc>Logs the given message with the given level.</doc>
<status status="PASS" start="2025-04-29T12:08:41.837991" elapsed="0.000200"/>
</kw>
<status status="PASS" start="2025-04-29T12:08:40.968766" elapsed="0.869495"/>
</kw>
<kw name="Set Content" owner="text_editor_keywords">
<kw name="Input Text" owner="SeleniumLibrary">
<msg time="2025-04-29T12:08:41.839196" level="INFO">Typing text 'Initial content' into text field 'css=textarea'.</msg>
<arg>${selectors.text_editor.content_textarea}</arg>
<arg>${content}</arg>
<doc>Types the given ``text`` into the text field identified by ``locator``.</doc>
<status status="PASS" start="2025-04-29T12:08:41.838790" elapsed="0.083069"/>
</kw>
<arg>Initial content</arg>
<status status="PASS" start="2025-04-29T12:08:41.838533" elapsed="0.083477"/>
</kw>
<kw name="Clear Editor" owner="text_editor_keywords">
<kw name="Click Button" owner="SeleniumLibrary">
<msg time="2025-04-29T12:08:41.923021" level="INFO">Clicking button 'xpath=//button[contains(., 'Clear')]'.</msg>
<arg>${selectors.text_editor.clear_button}</arg>
<doc>Clicks the button identified by ``locator``.</doc>
<status status="PASS" start="2025-04-29T12:08:41.922511" elapsed="0.048209"/>
</kw>
<kw name="Wait Until Element Is Visible" owner="SeleniumLibrary">
<arg>${selectors.text_editor.clear_success_message}</arg>
<arg>${timeouts.element_visible}</arg>
<doc>Waits until the element ``locator`` is visible.</doc>
<status status="PASS" start="2025-04-29T12:08:41.971027" elapsed="0.014692"/>
</kw>
<doc>Clears the editor content</doc>
<status status="PASS" start="2025-04-29T12:08:41.922256" elapsed="0.063660"/>
</kw>
<kw name="Verify Editor Is Cleared" owner="text_editor_keywords">
<kw name="Get Editor Content" owner="text_editor_keywords">
<kw name="Get Value" owner="SeleniumLibrary">
<msg time="2025-04-29T12:08:41.995475" level="INFO">${content} = </msg>
<var>${content}</var>
<arg>${selectors.text_editor.content_textarea}</arg>
<doc>Returns the value attribute of the element identified by ``locator``.</doc>
<status status="PASS" start="2025-04-29T12:08:41.986883" elapsed="0.008641"/>
</kw>
<return>
<value>${content}</value>
<status status="PASS" start="2025-04-29T12:08:41.995608" elapsed="0.000051"/>
</return>
<msg time="2025-04-29T12:08:41.995800" level="INFO">${content} = </msg>
<var>${content}</var>
<status status="PASS" start="2025-04-29T12:08:41.986601" elapsed="0.009224"/>
</kw>
<kw name="Should Be Empty" owner="BuiltIn">
<msg time="2025-04-29T12:08:41.996122" level="INFO">Length is 0.</msg>
<arg>${content}</arg>
<arg>Editor content should be empty</arg>
<doc>Verifies that the given item is empty.</doc>
<status status="PASS" start="2025-04-29T12:08:41.995946" elapsed="0.000221"/>
</kw>
<kw name="Element Should Be Visible" owner="SeleniumLibrary">
<msg time="2025-04-29T12:08:42.006961" level="INFO">Element 'xpath=//div[contains(., 'Editor content cleared')]' is displayed.</msg>
<arg>${selectors.text_editor.clear_success_message}</arg>
<doc>Verifies that the element identified by ``locator`` is visible.</doc>
<status status="PASS" start="2025-04-29T12:08:41.996289" elapsed="0.010779"/>
</kw>
<status status="PASS" start="2025-04-29T12:08:41.986209" elapsed="0.020958"/>
</kw>
<kw name="Save Document" owner="text_editor_keywords">
<kw name="Get Editor Content" owner="text_editor_keywords">
<kw name="Get Value" owner="SeleniumLibrary">
<msg time="2025-04-29T12:08:42.015621" level="INFO">${content} = </msg>
<var>${content}</var>
<arg>${selectors.text_editor.content_textarea}</arg>
<doc>Returns the value attribute of the element identified by ``locator``.</doc>
<status status="PASS" start="2025-04-29T12:08:42.007870" elapsed="0.007801"/>
</kw>
<return>
<value>${content}</value>
<status status="PASS" start="2025-04-29T12:08:42.015762" elapsed="0.000063"/>
</return>
<msg time="2025-04-29T12:08:42.015977" level="INFO">${content} = </msg>
<var>${content}</var>
<status status="PASS" start="2025-04-29T12:08:42.007675" elapsed="0.008327"/>
</kw>
<kw name="Get File Name" owner="text_editor_keywords">
<kw name="Get Value" owner="SeleniumLibrary">
<msg time="2025-04-29T12:08:42.023743" level="INFO">${filename} = untitled.txt</msg>
<var>${filename}</var>
<arg>${selectors.text_editor.filename_input}</arg>
<doc>Returns the value attribute of the element identified by ``locator``.</doc>
<status status="PASS" start="2025-04-29T12:08:42.016572" elapsed="0.007221"/>
</kw>
<return>
<value>${filename}</value>
<status status="PASS" start="2025-04-29T12:08:42.023878" elapsed="0.000053"/>
</return>
<msg time="2025-04-29T12:08:42.024062" level="INFO">${filename} = untitled.txt</msg>
<var>${filename}</var>
<status status="PASS" start="2025-04-29T12:08:42.016175" elapsed="0.007911"/>
</kw>
<kw name="Click Button" owner="SeleniumLibrary">
<msg time="2025-04-29T12:08:42.024631" level="INFO">Clicking button 'xpath=//button[contains(., 'Save')]'.</msg>
<arg>${selectors.text_editor.save_button}</arg>
<doc>Clicks the button identified by ``locator``.</doc>
<status status="PASS" start="2025-04-29T12:08:42.024207" elapsed="0.049634"/>
</kw>
<kw name="Wait Until Element Is Visible" owner="SeleniumLibrary">
<arg>${selectors.text_editor.save_success_message}</arg>
<arg>${timeouts.element_visible}</arg>
<doc>Waits until the element ``locator`` is visible.</doc>
<status status="PASS" start="2025-04-29T12:08:42.074124" elapsed="0.052724"/>
</kw>
<kw name="Wait Until Created" owner="OperatingSystem">
<msg time="2025-04-29T12:08:42.127376" level="INFO" html="true">'&lt;a href="file:///home/nguyenvh/Sync/3a/stage_stet/projet_dho/robot-report-generator/test_downloads/untitled.txt"&gt;/home/nguyenvh/Sync/3a/stage_stet/projet_dho/robot-report-generator/test_downloads/untitled.txt&lt;/a&gt;' was created.</msg>
<arg>${DOWNLOAD_DIR}/${filename}</arg>
<arg>timeout=5s</arg>
<doc>Waits until the given file or directory is created.</doc>
<status status="PASS" start="2025-04-29T12:08:42.127052" elapsed="0.000387"/>
</kw>
<kw name="Log" owner="BuiltIn">
<msg time="2025-04-29T12:08:42.127722" level="INFO">File downloaded to /home/nguyenvh/Sync/3a/stage_stet/projet_dho/robot-report-generator/test_downloads/untitled.txt</msg>
<arg>File downloaded to ${DOWNLOAD_DIR}/${filename}</arg>
<doc>Logs the given message with the given level.</doc>
<status status="PASS" start="2025-04-29T12:08:42.127563" elapsed="0.000201"/>
</kw>
<doc>Saves the document and verifies the download was triggered</doc>
<status status="PASS" start="2025-04-29T12:08:42.007393" elapsed="0.120435"/>
</kw>
<kw name="Verify Content Is" owner="text_editor_keywords">
<kw name="Get Editor Content" owner="text_editor_keywords">
<kw name="Get Value" owner="SeleniumLibrary">
<msg time="2025-04-29T12:08:42.143164" level="INFO">${content} = </msg>
<var>${content}</var>
<arg>${selectors.text_editor.content_textarea}</arg>
<doc>Returns the value attribute of the element identified by ``locator``.</doc>
<status status="PASS" start="2025-04-29T12:08:42.128810" elapsed="0.014541"/>
</kw>
<return>
<value>${content}</value>
<status status="PASS" start="2025-04-29T12:08:42.143481" elapsed="0.000080"/>
</return>
<msg time="2025-04-29T12:08:42.143770" level="INFO">${actual} = </msg>
<var>${actual}</var>
<status status="PASS" start="2025-04-29T12:08:42.128515" elapsed="0.015289"/>
</kw>
<kw name="Should Be Equal" owner="BuiltIn">
<arg>${actual}</arg>
<arg>${expected}</arg>
<doc>Fails if the given objects are unequal.</doc>
<status status="PASS" start="2025-04-29T12:08:42.144001" elapsed="0.000311"/>
</kw>
<arg>${EMPTY}</arg>
<status status="PASS" start="2025-04-29T12:08:42.127999" elapsed="0.016407"/>
</kw>
<kw name="Close Text Editor Application" owner="text_editor_keywords" type="TEARDOWN">
<kw name="Close Browser" owner="SeleniumLibrary">
<doc>Closes the current browser.</doc>
<status status="PASS" start="2025-04-29T12:08:42.145065" elapsed="0.058291"/>
</kw>
<status status="PASS" start="2025-04-29T12:08:42.144737" elapsed="0.058757"/>
</kw>
<doc>Test clearing and then saving a document</doc>
<status status="PASS" start="2025-04-29T12:08:40.968372" elapsed="1.235242"/>
</test>
<test id="s1-t6" name="Save Document With Special Characters" line="41">
<kw name="Open Text Editor" owner="text_editor_keywords" type="SETUP">
<kw name="Log" owner="BuiltIn">
<msg time="2025-04-29T12:08:42.204896" level="INFO">Download Directory : /home/nguyenvh/Sync/3a/stage_stet/projet_dho/robot-report-generator/test_downloads</msg>
<arg>Download Directory : ${DOWNLOAD_DIR}</arg>
<doc>Logs the given message with the given level.</doc>
<status status="PASS" start="2025-04-29T12:08:42.204711" elapsed="0.000349"/>
</kw>
<variable name="&amp;{browser_prefs}">
<msg time="2025-04-29T12:08:42.205354" level="INFO">&amp;{browser_prefs} = { download.default_directory=/home/nguyenvh/Sync/3a/stage_stet/projet_dho/robot-report-generator/test_downloads | plugins.always_open_pdf_externally=True }</msg>
<var>download.default_directory=${DOWNLOAD_DIR}</var>
<var>plugins.always_open_pdf_externally=${True}</var>
<status status="PASS" start="2025-04-29T12:08:42.205136" elapsed="0.000263"/>
</variable>
<kw name="Evaluate" owner="BuiltIn">
<msg time="2025-04-29T12:08:42.205872" level="INFO">${chrome_options} = &lt;selenium.webdriver.chrome.options.Options object at 0x78417a510f10&gt;</msg>
<var>${chrome_options}</var>
<arg>sys.modules['selenium.webdriver'].ChromeOptions()</arg>
<arg>sys, selenium.webdriver</arg>
<doc>Evaluates the given expression in Python and returns the result.</doc>
<status status="PASS" start="2025-04-29T12:08:42.205563" elapsed="0.000351"/>
</kw>
<kw name="Call Method" owner="BuiltIn">
<arg>${chrome_options}</arg>
<arg>add_experimental_option</arg>
<arg>prefs</arg>
<arg>${browser_prefs}</arg>
<doc>Calls the named method of the given object with the provided arguments.</doc>
<status status="PASS" start="2025-04-29T12:08:42.206072" elapsed="0.000183"/>
</kw>
<kw name="Open Browser" owner="SeleniumLibrary">
<msg time="2025-04-29T12:08:42.206946" level="INFO">Opening browser 'chrome' to base url 'http://localhost:3000'.</msg>
<arg>${app.url}</arg>
<arg>chrome</arg>
<arg>options=${chrome_options}</arg>
<doc>Opens a new browser instance to the optional ``url``.</doc>
<status status="PASS" start="2025-04-29T12:08:42.206380" elapsed="0.752677"/>
</kw>
<kw name="Click Element" owner="SeleniumLibrary">
<msg time="2025-04-29T12:08:42.960209" level="INFO">Clicking element 'xpath=//button[contains(text(), 'Text Editor')]'.</msg>
<arg>${selectors.header.text_editor_button}</arg>
<doc>Click the element identified by ``locator``.</doc>
<status status="PASS" start="2025-04-29T12:08:42.959372" elapsed="0.104828"/>
</kw>
<kw name="Wait Until Page Contains Element" owner="SeleniumLibrary">
<arg>${selectors.text_editor.filename_input}</arg>
<arg>${timeouts.page_load}</arg>
<doc>Waits until the element ``locator`` appears on the current page.</doc>
<status status="PASS" start="2025-04-29T12:08:43.064427" elapsed="0.008204"/>
</kw>
<kw name="Log" owner="BuiltIn">
<msg time="2025-04-29T12:08:43.073034" level="INFO">Opened Text Editor</msg>
<arg>Opened Text Editor</arg>
<doc>Logs the given message with the given level.</doc>
<status status="PASS" start="2025-04-29T12:08:43.072870" elapsed="0.000211"/>
</kw>
<status status="PASS" start="2025-04-29T12:08:42.204448" elapsed="0.868701"/>
</kw>
<kw name="Set Variable" owner="BuiltIn">
<msg time="2025-04-29T12:08:43.073475" level="INFO">${special_content} = Content with special chars: !@#$%^&amp;*()_+</msg>
<var>${special_content}</var>
<arg>Content with special chars: !@#$%^&amp;*()_+</arg>
<doc>Returns the given values which can then be assigned to a variables.</doc>
<status status="PASS" start="2025-04-29T12:08:43.073324" elapsed="0.000176"/>
</kw>
<kw name="Create And Save Document" owner="text_editor_keywords">
<kw name="Set File Name" owner="text_editor_keywords">
<kw name="Input Text" owner="SeleniumLibrary">
<msg time="2025-04-29T12:08:43.074764" level="INFO">Typing text 'special_chars.txt' into text field 'css=input[type='text']'.</msg>
<arg>${selectors.text_editor.filename_input}</arg>
<arg>${filename}</arg>
<doc>Types the given ``text`` into the text field identified by ``locator``.</doc>
<status status="PASS" start="2025-04-29T12:08:43.074349" elapsed="0.078037"/>
</kw>
<arg>${filename}</arg>
<status status="PASS" start="2025-04-29T12:08:43.073958" elapsed="0.078558"/>
</kw>
<kw name="Set Content" owner="text_editor_keywords">
<kw name="Input Text" owner="SeleniumLibrary">
<msg time="2025-04-29T12:08:43.153522" level="INFO">Typing text 'Content with special chars: !@#$%^&amp;*()_+' into text field 'css=textarea'.</msg>
<arg>${selectors.text_editor.content_textarea}</arg>
<arg>${content}</arg>
<doc>Types the given ``text`` into the text field identified by ``locator``.</doc>
<status status="PASS" start="2025-04-29T12:08:43.153071" elapsed="0.096305"/>
</kw>
<arg>${content}</arg>
<status status="PASS" start="2025-04-29T12:08:43.152691" elapsed="0.096845"/>
</kw>
<kw name="Save Document" owner="text_editor_keywords">
<kw name="Get Editor Content" owner="text_editor_keywords">
<kw name="Get Value" owner="SeleniumLibrary">
<msg time="2025-04-29T12:08:43.259679" level="INFO">${content} = Content with special chars: !@#$%^&amp;*()_+</msg>
<var>${content}</var>
<arg>${selectors.text_editor.content_textarea}</arg>
<doc>Returns the value attribute of the element identified by ``locator``.</doc>
<status status="PASS" start="2025-04-29T12:08:43.250231" elapsed="0.009511"/>
</kw>
<return>
<value>${content}</value>
<status status="PASS" start="2025-04-29T12:08:43.259861" elapsed="0.000075"/>
</return>
<msg time="2025-04-29T12:08:43.260127" level="INFO">${content} = Content with special chars: !@#$%^&amp;*()_+</msg>
<var>${content}</var>
<status status="PASS" start="2025-04-29T12:08:43.250046" elapsed="0.010109"/>
</kw>
<kw name="Get File Name" owner="text_editor_keywords">
<kw name="Get Value" owner="SeleniumLibrary">
<msg time="2025-04-29T12:08:43.268881" level="INFO">${filename} = special_chars.txt</msg>
<var>${filename}</var>
<arg>${selectors.text_editor.filename_input}</arg>
<doc>Returns the value attribute of the element identified by ``locator``.</doc>
<status status="PASS" start="2025-04-29T12:08:43.260632" elapsed="0.008319"/>
</kw>
<return>
<value>${filename}</value>
<status status="PASS" start="2025-04-29T12:08:43.269083" elapsed="0.000087"/>
</return>
<msg time="2025-04-29T12:08:43.269378" level="INFO">${filename} = special_chars.txt</msg>
<var>${filename}</var>
<status status="PASS" start="2025-04-29T12:08:43.260371" elapsed="0.009052"/>
</kw>
<kw name="Click Button" owner="SeleniumLibrary">
<msg time="2025-04-29T12:08:43.270266" level="INFO">Clicking button 'xpath=//button[contains(., 'Save')]'.</msg>
<arg>${selectors.text_editor.save_button}</arg>
<doc>Clicks the button identified by ``locator``.</doc>
<status status="PASS" start="2025-04-29T12:08:43.269611" elapsed="0.057955"/>
</kw>
<kw name="Wait Until Element Is Visible" owner="SeleniumLibrary">
<arg>${selectors.text_editor.save_success_message}</arg>
<arg>${timeouts.element_visible}</arg>
<doc>Waits until the element ``locator`` is visible.</doc>
<status status="PASS" start="2025-04-29T12:08:43.327779" elapsed="0.028119"/>
</kw>
<kw name="Wait Until Created" owner="OperatingSystem">
<msg time="2025-04-29T12:08:43.356418" level="INFO" html="true">'&lt;a href="file:///home/nguyenvh/Sync/3a/stage_stet/projet_dho/robot-report-generator/test_downloads/special_chars.txt"&gt;/home/nguyenvh/Sync/3a/stage_stet/projet_dho/robot-report-generator/test_downloads/special_chars.txt&lt;/a&gt;' was created.</msg>
<arg>${DOWNLOAD_DIR}/${filename}</arg>
<arg>timeout=5s</arg>
<doc>Waits until the given file or directory is created.</doc>
<status status="PASS" start="2025-04-29T12:08:43.356107" elapsed="0.000370"/>
</kw>
<kw name="Log" owner="BuiltIn">
<msg time="2025-04-29T12:08:43.356762" level="INFO">File downloaded to /home/nguyenvh/Sync/3a/stage_stet/projet_dho/robot-report-generator/test_downloads/special_chars.txt</msg>
<arg>File downloaded to ${DOWNLOAD_DIR}/${filename}</arg>
<doc>Logs the given message with the given level.</doc>
<status status="PASS" start="2025-04-29T12:08:43.356592" elapsed="0.000211"/>
</kw>
<doc>Saves the document and verifies the download was triggered</doc>
<status status="PASS" start="2025-04-29T12:08:43.249756" elapsed="0.107112"/>
</kw>
<arg>special_chars.txt</arg>
<arg>${special_content}</arg>
<status status="PASS" start="2025-04-29T12:08:43.073669" elapsed="0.283256"/>
</kw>
<kw name="Verify Content Is" owner="text_editor_keywords">
<kw name="Get Editor Content" owner="text_editor_keywords">
<kw name="Get Value" owner="SeleniumLibrary">
<msg time="2025-04-29T12:08:43.366635" level="INFO">${content} = Content with special chars: !@#$%^&amp;*()_+</msg>
<var>${content}</var>
<arg>${selectors.text_editor.content_textarea}</arg>
<doc>Returns the value attribute of the element identified by ``locator``.</doc>
<status status="PASS" start="2025-04-29T12:08:43.357678" elapsed="0.009042"/>
</kw>
<return>
<value>${content}</value>
<status status="PASS" start="2025-04-29T12:08:43.366866" elapsed="0.000087"/>
</return>
<msg time="2025-04-29T12:08:43.367267" level="INFO">${actual} = Content with special chars: !@#$%^&amp;*()_+</msg>
<var>${actual}</var>
<status status="PASS" start="2025-04-29T12:08:43.357488" elapsed="0.009822"/>
</kw>
<kw name="Should Be Equal" owner="BuiltIn">
<arg>${actual}</arg>
<arg>${expected}</arg>
<doc>Fails if the given objects are unequal.</doc>
<status status="PASS" start="2025-04-29T12:08:43.367505" elapsed="0.000368"/>
</kw>
<arg>${special_content}</arg>
<status status="PASS" start="2025-04-29T12:08:43.357198" elapsed="0.010799"/>
</kw>
<kw name="Close Text Editor Application" owner="text_editor_keywords" type="TEARDOWN">
<kw name="Close Browser" owner="SeleniumLibrary">
<doc>Closes the current browser.</doc>
<status status="PASS" start="2025-04-29T12:08:43.368670" elapsed="0.059209"/>
</kw>
<status status="PASS" start="2025-04-29T12:08:43.368353" elapsed="0.059666"/>
</kw>
<doc>Test saving document with special characters</doc>
<status status="PASS" start="2025-04-29T12:08:42.203971" elapsed="1.224142"/>
</test>
<test id="s1-t7" name="Save Document With Long Content" line="47">
<kw name="Open Text Editor" owner="text_editor_keywords" type="SETUP">
<kw name="Log" owner="BuiltIn">
<msg time="2025-04-29T12:08:43.429146" level="INFO">Download Directory : /home/nguyenvh/Sync/3a/stage_stet/projet_dho/robot-report-generator/test_downloads</msg>
<arg>Download Directory : ${DOWNLOAD_DIR}</arg>
<doc>Logs the given message with the given level.</doc>
<status status="PASS" start="2025-04-29T12:08:43.428993" elapsed="0.000202"/>
</kw>
<variable name="&amp;{browser_prefs}">
<msg time="2025-04-29T12:08:43.429430" level="INFO">&amp;{browser_prefs} = { download.default_directory=/home/nguyenvh/Sync/3a/stage_stet/projet_dho/robot-report-generator/test_downloads | plugins.always_open_pdf_externally=True }</msg>
<var>download.default_directory=${DOWNLOAD_DIR}</var>
<var>plugins.always_open_pdf_externally=${True}</var>
<status status="PASS" start="2025-04-29T12:08:43.429251" elapsed="0.000204"/>
</variable>
<kw name="Evaluate" owner="BuiltIn">
<msg time="2025-04-29T12:08:43.429810" level="INFO">${chrome_options} = &lt;selenium.webdriver.chrome.options.Options object at 0x78417a51cb50&gt;</msg>
<var>${chrome_options}</var>
<arg>sys.modules['selenium.webdriver'].ChromeOptions()</arg>
<arg>sys, selenium.webdriver</arg>
<doc>Evaluates the given expression in Python and returns the result.</doc>
<status status="PASS" start="2025-04-29T12:08:43.429551" elapsed="0.000288"/>
</kw>
<kw name="Call Method" owner="BuiltIn">
<arg>${chrome_options}</arg>
<arg>add_experimental_option</arg>
<arg>prefs</arg>
<arg>${browser_prefs}</arg>
<doc>Calls the named method of the given object with the provided arguments.</doc>
<status status="PASS" start="2025-04-29T12:08:43.429938" elapsed="0.000137"/>
</kw>
<kw name="Open Browser" owner="SeleniumLibrary">
<msg time="2025-04-29T12:08:43.431372" level="INFO">Opening browser 'chrome' to base url 'http://localhost:3000'.</msg>
<arg>${app.url}</arg>
<arg>chrome</arg>
<arg>options=${chrome_options}</arg>
<doc>Opens a new browser instance to the optional ``url``.</doc>
<status status="PASS" start="2025-04-29T12:08:43.430184" elapsed="0.797703"/>
</kw>
<kw name="Click Element" owner="SeleniumLibrary">
<msg time="2025-04-29T12:08:44.228813" level="INFO">Clicking element 'xpath=//button[contains(text(), 'Text Editor')]'.</msg>
<arg>${selectors.header.text_editor_button}</arg>
<doc>Click the element identified by ``locator``.</doc>
<status status="PASS" start="2025-04-29T12:08:44.228178" elapsed="0.106814"/>
</kw>
<kw name="Wait Until Page Contains Element" owner="SeleniumLibrary">
<arg>${selectors.text_editor.filename_input}</arg>
<arg>${timeouts.page_load}</arg>
<doc>Waits until the element ``locator`` appears on the current page.</doc>
<status status="PASS" start="2025-04-29T12:08:44.335213" elapsed="0.008114"/>
</kw>
<kw name="Log" owner="BuiltIn">
<msg time="2025-04-29T12:08:44.343663" level="INFO">Opened Text Editor</msg>
<arg>Opened Text Editor</arg>
<doc>Logs the given message with the given level.</doc>
<status status="PASS" start="2025-04-29T12:08:44.343516" elapsed="0.000192"/>
</kw>
<status status="PASS" start="2025-04-29T12:08:43.428736" elapsed="0.915047"/>
</kw>
<kw name="Set Variable" owner="BuiltIn">
<msg time="2025-04-29T12:08:44.344085" level="INFO">${long_content} = This is a very long content that spans multiple lines.
Line 2
Line 3
Line 4
Line 5</msg>
<var>${long_content}</var>
<arg>This is a very long content that spans multiple lines.\nLine 2\nLine 3\nLine 4\nLine 5</arg>
<doc>Returns the given values which can then be assigned to a variables.</doc>
<status status="PASS" start="2025-04-29T12:08:44.343934" elapsed="0.000176"/>
</kw>
<kw name="Create And Save Document" owner="text_editor_keywords">
<kw name="Set File Name" owner="text_editor_keywords">
<kw name="Input Text" owner="SeleniumLibrary">
<msg time="2025-04-29T12:08:44.345169" level="INFO">Typing text 'long_content.txt' into text field 'css=input[type='text']'.</msg>
<arg>${selectors.text_editor.filename_input}</arg>
<arg>${filename}</arg>
<doc>Types the given ``text`` into the text field identified by ``locator``.</doc>
<status status="PASS" start="2025-04-29T12:08:44.344754" elapsed="0.084268"/>
</kw>
<arg>${filename}</arg>
<status status="PASS" start="2025-04-29T12:08:44.344540" elapsed="0.084609"/>
</kw>
<kw name="Set Content" owner="text_editor_keywords">
<kw name="Input Text" owner="SeleniumLibrary">
<msg time="2025-04-29T12:08:44.430050" level="INFO">Typing text 'This is a very long content that spans multiple lines.
Line 2
Line 3
Line 4
Line 5' into text field 'css=textarea'.</msg>
<arg>${selectors.text_editor.content_textarea}</arg>
<arg>${content}</arg>
<doc>Types the given ``text`` into the text field identified by ``locator``.</doc>
<status status="PASS" start="2025-04-29T12:08:44.429617" elapsed="0.153834"/>
</kw>
<arg>${content}</arg>
<status status="PASS" start="2025-04-29T12:08:44.429314" elapsed="0.154276"/>
</kw>
<kw name="Save Document" owner="text_editor_keywords">
<kw name="Get Editor Content" owner="text_editor_keywords">
<kw name="Get Value" owner="SeleniumLibrary">
<msg time="2025-04-29T12:08:44.592900" level="INFO">${content} = This is a very long content that spans multiple lines.
Line 2
Line 3
Line 4
Line 5</msg>
<var>${content}</var>
<arg>${selectors.text_editor.content_textarea}</arg>
<doc>Returns the value attribute of the element identified by ``locator``.</doc>
<status status="PASS" start="2025-04-29T12:08:44.584288" elapsed="0.008660"/>
</kw>
<return>
<value>${content}</value>
<status status="PASS" start="2025-04-29T12:08:44.593031" elapsed="0.000052"/>
</return>
<msg time="2025-04-29T12:08:44.593217" level="INFO">${content} = This is a very long content that spans multiple lines.
Line 2
Line 3
Line 4
Line 5</msg>
<var>${content}</var>
<status status="PASS" start="2025-04-29T12:08:44.584099" elapsed="0.009142"/>
</kw>
<kw name="Get File Name" owner="text_editor_keywords">
<kw name="Get Value" owner="SeleniumLibrary">
<msg time="2025-04-29T12:08:44.603628" level="INFO">${filename} = long_content.txt</msg>
<var>${filename}</var>
<arg>${selectors.text_editor.filename_input}</arg>
<doc>Returns the value attribute of the element identified by ``locator``.</doc>
<status status="PASS" start="2025-04-29T12:08:44.593621" elapsed="0.010060"/>
</kw>
<return>
<value>${filename}</value>
<status status="PASS" start="2025-04-29T12:08:44.603776" elapsed="0.000053"/>
</return>
<msg time="2025-04-29T12:08:44.604023" level="INFO">${filename} = long_content.txt</msg>
<var>${filename}</var>
<status status="PASS" start="2025-04-29T12:08:44.593398" elapsed="0.010651"/>
</kw>
<kw name="Click Button" owner="SeleniumLibrary">
<msg time="2025-04-29T12:08:44.604589" level="INFO">Clicking button 'xpath=//button[contains(., 'Save')]'.</msg>
<arg>${selectors.text_editor.save_button}</arg>
<doc>Clicks the button identified by ``locator``.</doc>
<status status="PASS" start="2025-04-29T12:08:44.604177" elapsed="0.054168"/>
</kw>
<kw name="Wait Until Element Is Visible" owner="SeleniumLibrary">
<arg>${selectors.text_editor.save_success_message}</arg>
<arg>${timeouts.element_visible}</arg>
<doc>Waits until the element ``locator`` is visible.</doc>
<status status="PASS" start="2025-04-29T12:08:44.658612" elapsed="0.035045"/>
</kw>
<kw name="Wait Until Created" owner="OperatingSystem">
<msg time="2025-04-29T12:08:44.694472" level="INFO" html="true">'&lt;a href="file:///home/nguyenvh/Sync/3a/stage_stet/projet_dho/robot-report-generator/test_downloads/long_content.txt"&gt;/home/nguyenvh/Sync/3a/stage_stet/projet_dho/robot-report-generator/test_downloads/long_content.txt&lt;/a&gt;' was created.</msg>
<arg>${DOWNLOAD_DIR}/${filename}</arg>
<arg>timeout=5s</arg>
<doc>Waits until the given file or directory is created.</doc>
<status status="PASS" start="2025-04-29T12:08:44.693987" elapsed="0.000564"/>
</kw>
<kw name="Log" owner="BuiltIn">
<msg time="2025-04-29T12:08:44.694951" level="INFO">File downloaded to /home/nguyenvh/Sync/3a/stage_stet/projet_dho/robot-report-generator/test_downloads/long_content.txt</msg>
<arg>File downloaded to ${DOWNLOAD_DIR}/${filename}</arg>
<doc>Logs the given message with the given level.</doc>
<status status="PASS" start="2025-04-29T12:08:44.694720" elapsed="0.000289"/>
</kw>
<doc>Saves the document and verifies the download was triggered</doc>
<status status="PASS" start="2025-04-29T12:08:44.583816" elapsed="0.111282"/>
</kw>
<arg>long_content.txt</arg>
<arg>${long_content}</arg>
<status status="PASS" start="2025-04-29T12:08:44.344275" elapsed="0.350893"/>
</kw>
<kw name="Verify Content Is" owner="text_editor_keywords">
<kw name="Get Editor Content" owner="text_editor_keywords">
<kw name="Get Value" owner="SeleniumLibrary">
<msg time="2025-04-29T12:08:44.708145" level="INFO">${content} = This is a very long content that spans multiple lines.
Line 2
Line 3
Line 4
Line 5</msg>
<var>${content}</var>
<arg>${selectors.text_editor.content_textarea}</arg>
<doc>Returns the value attribute of the element identified by ``locator``.</doc>
<status status="PASS" start="2025-04-29T12:08:44.696443" elapsed="0.011752"/>
</kw>
<return>
<value>${content}</value>
<status status="PASS" start="2025-04-29T12:08:44.708280" elapsed="0.000053"/>
</return>
<msg time="2025-04-29T12:08:44.708467" level="INFO">${actual} = This is a very long content that spans multiple lines.
Line 2
Line 3
Line 4
Line 5</msg>
<var>${actual}</var>
<status status="PASS" start="2025-04-29T12:08:44.695933" elapsed="0.012559"/>
</kw>
<kw name="Should Be Equal" owner="BuiltIn">
<arg>${actual}</arg>
<arg>${expected}</arg>
<doc>Fails if the given objects are unequal.</doc>
<status status="PASS" start="2025-04-29T12:08:44.708615" elapsed="0.000207"/>
</kw>
<arg>${long_content}</arg>
<status status="PASS" start="2025-04-29T12:08:44.695407" elapsed="0.013477"/>
</kw>
<kw name="Close Text Editor Application" owner="text_editor_keywords" type="TEARDOWN">
<kw name="Close Browser" owner="SeleniumLibrary">
<doc>Closes the current browser.</doc>
<status status="PASS" start="2025-04-29T12:08:44.709322" elapsed="0.057015"/>
</kw>
<status status="PASS" start="2025-04-29T12:08:44.709108" elapsed="0.057425"/>
</kw>
<doc>Test saving document with long content</doc>
<status status="PASS" start="2025-04-29T12:08:43.428352" elapsed="1.338320"/>
</test>
<test id="s1-t8" name="Save Document With Empty Content" line="53">
<kw name="Open Text Editor" owner="text_editor_keywords" type="SETUP">
<kw name="Log" owner="BuiltIn">
<msg time="2025-04-29T12:08:44.768875" level="INFO">Download Directory : /home/nguyenvh/Sync/3a/stage_stet/projet_dho/robot-report-generator/test_downloads</msg>
<arg>Download Directory : ${DOWNLOAD_DIR}</arg>
<doc>Logs the given message with the given level.</doc>
<status status="PASS" start="2025-04-29T12:08:44.768605" elapsed="0.000350"/>
</kw>
<variable name="&amp;{browser_prefs}">
<msg time="2025-04-29T12:08:44.769317" level="INFO">&amp;{browser_prefs} = { download.default_directory=/home/nguyenvh/Sync/3a/stage_stet/projet_dho/robot-report-generator/test_downloads | plugins.always_open_pdf_externally=True }</msg>
<var>download.default_directory=${DOWNLOAD_DIR}</var>
<var>plugins.always_open_pdf_externally=${True}</var>
<status status="PASS" start="2025-04-29T12:08:44.769053" elapsed="0.000310"/>
</variable>
<kw name="Evaluate" owner="BuiltIn">
<msg time="2025-04-29T12:08:44.769879" level="INFO">${chrome_options} = &lt;selenium.webdriver.chrome.options.Options object at 0x78417a5139d0&gt;</msg>
<var>${chrome_options}</var>
<arg>sys.modules['selenium.webdriver'].ChromeOptions()</arg>
<arg>sys, selenium.webdriver</arg>
<doc>Evaluates the given expression in Python and returns the result.</doc>
<status status="PASS" start="2025-04-29T12:08:44.769534" elapsed="0.000389"/>
</kw>
<kw name="Call Method" owner="BuiltIn">
<arg>${chrome_options}</arg>
<arg>add_experimental_option</arg>
<arg>prefs</arg>
<arg>${browser_prefs}</arg>
<doc>Calls the named method of the given object with the provided arguments.</doc>
<status status="PASS" start="2025-04-29T12:08:44.770071" elapsed="0.000228"/>
</kw>
<kw name="Open Browser" owner="SeleniumLibrary">
<msg time="2025-04-29T12:08:44.771109" level="INFO">Opening browser 'chrome' to base url 'http://localhost:3000'.</msg>
<arg>${app.url}</arg>
<arg>chrome</arg>
<arg>options=${chrome_options}</arg>
<doc>Opens a new browser instance to the optional ``url``.</doc>
<status status="PASS" start="2025-04-29T12:08:44.770467" elapsed="0.725733"/>
</kw>
<kw name="Click Element" owner="SeleniumLibrary">
<msg time="2025-04-29T12:08:45.497450" level="INFO">Clicking element 'xpath=//button[contains(text(), 'Text Editor')]'.</msg>
<arg>${selectors.header.text_editor_button}</arg>
<doc>Click the element identified by ``locator``.</doc>
<status status="PASS" start="2025-04-29T12:08:45.496559" elapsed="0.112044"/>
</kw>
<kw name="Wait Until Page Contains Element" owner="SeleniumLibrary">
<arg>${selectors.text_editor.filename_input}</arg>
<arg>${timeouts.page_load}</arg>
<doc>Waits until the element ``locator`` appears on the current page.</doc>
<status status="PASS" start="2025-04-29T12:08:45.608809" elapsed="0.007563"/>
</kw>
<kw name="Log" owner="BuiltIn">
<msg time="2025-04-29T12:08:45.616796" level="INFO">Opened Text Editor</msg>
<arg>Opened Text Editor</arg>
<doc>Logs the given message with the given level.</doc>
<status status="PASS" start="2025-04-29T12:08:45.616604" elapsed="0.000239"/>
</kw>
<status status="PASS" start="2025-04-29T12:08:44.768152" elapsed="0.848759"/>
</kw>
<kw name="Create And Save Document" owner="text_editor_keywords">
<kw name="Set File Name" owner="text_editor_keywords">
<kw name="Input Text" owner="SeleniumLibrary">
<msg time="2025-04-29T12:08:45.618220" level="INFO">Typing text 'empty_content.txt' into text field 'css=input[type='text']'.</msg>
<arg>${selectors.text_editor.filename_input}</arg>
<arg>${filename}</arg>
<doc>Types the given ``text`` into the text field identified by ``locator``.</doc>
<status status="PASS" start="2025-04-29T12:08:45.617839" elapsed="0.078264"/>
</kw>
<arg>${filename}</arg>
<status status="PASS" start="2025-04-29T12:08:45.617612" elapsed="0.078618"/>
</kw>
<kw name="Set Content" owner="text_editor_keywords">
<kw name="Input Text" owner="SeleniumLibrary">
<msg time="2025-04-29T12:08:45.697129" level="INFO">Typing text '' into text field 'css=textarea'.</msg>
<arg>${selectors.text_editor.content_textarea}</arg>
<arg>${content}</arg>
<doc>Types the given ``text`` into the text field identified by ``locator``.</doc>
<status status="PASS" start="2025-04-29T12:08:45.696693" elapsed="0.038780"/>
</kw>
<arg>${content}</arg>
<status status="PASS" start="2025-04-29T12:08:45.696389" elapsed="0.039372"/>
</kw>
<kw name="Save Document" owner="text_editor_keywords">
<kw name="Get Editor Content" owner="text_editor_keywords">
<kw name="Get Value" owner="SeleniumLibrary">
<msg time="2025-04-29T12:08:45.746477" level="INFO">${content} = </msg>
<var>${content}</var>
<arg>${selectors.text_editor.content_textarea}</arg>
<doc>Returns the value attribute of the element identified by ``locator``.</doc>
<status status="PASS" start="2025-04-29T12:08:45.736597" elapsed="0.009929"/>
</kw>
<return>
<value>${content}</value>
<status status="PASS" start="2025-04-29T12:08:45.746610" elapsed="0.000053"/>
</return>
<msg time="2025-04-29T12:08:45.746811" level="INFO">${content} = </msg>
<var>${content}</var>
<status status="PASS" start="2025-04-29T12:08:45.736290" elapsed="0.010545"/>
</kw>
<kw name="Get File Name" owner="text_editor_keywords">
<kw name="Get Value" owner="SeleniumLibrary">
<msg time="2025-04-29T12:08:45.759194" level="INFO">${filename} = empty_content.txt</msg>
<var>${filename}</var>
<arg>${selectors.text_editor.filename_input}</arg>
<doc>Returns the value attribute of the element identified by ``locator``.</doc>
<status status="PASS" start="2025-04-29T12:08:45.747241" elapsed="0.012001"/>
</kw>
<return>
<value>${filename}</value>
<status status="PASS" start="2025-04-29T12:08:45.759347" elapsed="0.000062"/>
</return>
<msg time="2025-04-29T12:08:45.759589" level="INFO">${filename} = empty_content.txt</msg>
<var>${filename}</var>
<status status="PASS" start="2025-04-29T12:08:45.747007" elapsed="0.012608"/>
</kw>
<kw name="Click Button" owner="SeleniumLibrary">
<msg time="2025-04-29T12:08:45.760754" level="INFO">Clicking button 'xpath=//button[contains(., 'Save')]'.</msg>
<arg>${selectors.text_editor.save_button}</arg>
<doc>Clicks the button identified by ``locator``.</doc>
<status status="PASS" start="2025-04-29T12:08:45.759790" elapsed="0.048374"/>
</kw>
<kw name="Wait Until Element Is Visible" owner="SeleniumLibrary">
<arg>${selectors.text_editor.save_success_message}</arg>
<arg>${timeouts.element_visible}</arg>
<doc>Waits until the element ``locator`` is visible.</doc>
<status status="PASS" start="2025-04-29T12:08:45.808437" elapsed="0.024088"/>
</kw>
<kw name="Wait Until Created" owner="OperatingSystem">
<msg time="2025-04-29T12:08:45.833106" level="INFO" html="true">'&lt;a href="file:///home/nguyenvh/Sync/3a/stage_stet/projet_dho/robot-report-generator/test_downloads/empty_content.txt"&gt;/home/nguyenvh/Sync/3a/stage_stet/projet_dho/robot-report-generator/test_downloads/empty_content.txt&lt;/a&gt;' was created.</msg>
<arg>${DOWNLOAD_DIR}/${filename}</arg>
<arg>timeout=5s</arg>
<doc>Waits until the given file or directory is created.</doc>
<status status="PASS" start="2025-04-29T12:08:45.832777" elapsed="0.000388"/>
</kw>
<kw name="Log" owner="BuiltIn">
<msg time="2025-04-29T12:08:45.833471" level="INFO">File downloaded to /home/nguyenvh/Sync/3a/stage_stet/projet_dho/robot-report-generator/test_downloads/empty_content.txt</msg>
<arg>File downloaded to ${DOWNLOAD_DIR}/${filename}</arg>
<doc>Logs the given message with the given level.</doc>
<status status="PASS" start="2025-04-29T12:08:45.833293" elapsed="0.000219"/>
</kw>
<doc>Saves the document and verifies the download was triggered</doc>
<status status="PASS" start="2025-04-29T12:08:45.735994" elapsed="0.097582"/>
</kw>
<arg>empty_content.txt</arg>
<arg>${EMPTY}</arg>
<status status="PASS" start="2025-04-29T12:08:45.617100" elapsed="0.216524"/>
</kw>
<kw name="Verify Content Is" owner="text_editor_keywords">
<kw name="Get Editor Content" owner="text_editor_keywords">
<kw name="Get Value" owner="SeleniumLibrary">
<msg time="2025-04-29T12:08:45.841303" level="INFO">${content} = </msg>
<var>${content}</var>
<arg>${selectors.text_editor.content_textarea}</arg>
<doc>Returns the value attribute of the element identified by ``locator``.</doc>
<status status="PASS" start="2025-04-29T12:08:45.834431" elapsed="0.006919"/>
</kw>
<return>
<value>${content}</value>
<status status="PASS" start="2025-04-29T12:08:45.841450" elapsed="0.000070"/>
</return>
<msg time="2025-04-29T12:08:45.841670" level="INFO">${actual} = </msg>
<var>${actual}</var>
<status status="PASS" start="2025-04-29T12:08:45.834259" elapsed="0.007438"/>
</kw>
<kw name="Should Be Equal" owner="BuiltIn">
<arg>${actual}</arg>
<arg>${expected}</arg>
<doc>Fails if the given objects are unequal.</doc>
<status status="PASS" start="2025-04-29T12:08:45.841841" elapsed="0.000208"/>
</kw>
<arg>${EMPTY}</arg>
<status status="PASS" start="2025-04-29T12:08:45.833795" elapsed="0.008318"/>
</kw>
<kw name="Close Text Editor Application" owner="text_editor_keywords" type="TEARDOWN">
<kw name="Close Browser" owner="SeleniumLibrary">
<doc>Closes the current browser.</doc>
<status status="PASS" start="2025-04-29T12:08:45.842548" elapsed="0.056320"/>
</kw>
<status status="PASS" start="2025-04-29T12:08:45.842333" elapsed="0.056677"/>
</kw>
<doc>Test saving document with empty content</doc>
<status status="PASS" start="2025-04-29T12:08:44.767023" elapsed="1.132078"/>
</test>
<test id="s1-t9" name="Save Document With Whitespace" line="58">
<kw name="Open Text Editor" owner="text_editor_keywords" type="SETUP">
<kw name="Log" owner="BuiltIn">
<msg time="2025-04-29T12:08:45.900398" level="INFO">Download Directory : /home/nguyenvh/Sync/3a/stage_stet/projet_dho/robot-report-generator/test_downloads</msg>
<arg>Download Directory : ${DOWNLOAD_DIR}</arg>
<doc>Logs the given message with the given level.</doc>
<status status="PASS" start="2025-04-29T12:08:45.900211" elapsed="0.000249"/>
</kw>
<variable name="&amp;{browser_prefs}">
<msg time="2025-04-29T12:08:45.900773" level="INFO">&amp;{browser_prefs} = { download.default_directory=/home/nguyenvh/Sync/3a/stage_stet/projet_dho/robot-report-generator/test_downloads | plugins.always_open_pdf_externally=True }</msg>
<var>download.default_directory=${DOWNLOAD_DIR}</var>
<var>plugins.always_open_pdf_externally=${True}</var>
<status status="PASS" start="2025-04-29T12:08:45.900535" elapsed="0.000278"/>
</variable>
<kw name="Evaluate" owner="BuiltIn">
<msg time="2025-04-29T12:08:45.901143" level="INFO">${chrome_options} = &lt;selenium.webdriver.chrome.options.Options object at 0x78417a4df580&gt;</msg>
<var>${chrome_options}</var>
[...]
</test>
<test id="s1-t20" name="Save Document With Multiple Saves" line="128">
<kw name="Open Text Editor" owner="text_editor_keywords" type="SETUP">
<kw name="Log" owner="BuiltIn">
<msg time="2025-04-29T12:08:59.482870" level="INFO">Download Directory : /home/nguyenvh/Sync/3a/stage_stet/projet_dho/robot-report-generator/test_downloads</msg>
<arg>Download Directory : ${DOWNLOAD_DIR}</arg>
<doc>Logs the given message with the given level.</doc>
<status status="PASS" start="2025-04-29T12:08:59.482664" elapsed="0.000258"/>
</kw>
<variable name="&amp;{browser_prefs}">
<msg time="2025-04-29T12:08:59.483192" level="INFO">&amp;{browser_prefs} = { download.default_directory=/home/nguyenvh/Sync/3a/stage_stet/projet_dho/robot-report-generator/test_downloads | plugins.always_open_pdf_externally=True }</msg>
<var>download.default_directory=${DOWNLOAD_DIR}</var>
<var>plugins.always_open_pdf_externally=${True}</var>
<status status="PASS" start="2025-04-29T12:08:59.482982" elapsed="0.000252"/>
</variable>
<kw name="Evaluate" owner="BuiltIn">
<msg time="2025-04-29T12:08:59.483678" level="INFO">${chrome_options} = &lt;selenium.webdriver.chrome.options.Options object at 0x78417a4f69e0&gt;</msg>
<var>${chrome_options}</var>
<arg>sys.modules['selenium.webdriver'].ChromeOptions()</arg>
<arg>sys, selenium.webdriver</arg>
<doc>Evaluates the given expression in Python and returns the result.</doc>
<status status="PASS" start="2025-04-29T12:08:59.483358" elapsed="0.000372"/>
</kw>
<kw name="Call Method" owner="BuiltIn">
<arg>${chrome_options}</arg>
<arg>add_experimental_option</arg>
<arg>prefs</arg>
<arg>${browser_prefs}</arg>
<doc>Calls the named method of the given object with the provided arguments.</doc>
<status status="PASS" start="2025-04-29T12:08:59.483861" elapsed="0.000155"/>
</kw>
<kw name="Open Browser" owner="SeleniumLibrary">
<msg time="2025-04-29T12:08:59.484578" level="INFO">Opening browser 'chrome' to base url 'http://localhost:3000'.</msg>
<arg>${app.url}</arg>
<arg>chrome</arg>
<arg>options=${chrome_options}</arg>
<doc>Opens a new browser instance to the optional ``url``.</doc>
<status status="PASS" start="2025-04-29T12:08:59.484128" elapsed="0.745303"/>
</kw>
<kw name="Click Element" owner="SeleniumLibrary">
<msg time="2025-04-29T12:09:00.230118" level="INFO">Clicking element 'xpath=//button[contains(text(), 'Text Editor')]'.</msg>
<arg>${selectors.header.text_editor_button}</arg>
<doc>Click the element identified by ``locator``.</doc>
<status status="PASS" start="2025-04-29T12:09:00.229635" elapsed="0.117377"/>
</kw>
<kw name="Wait Until Page Contains Element" owner="SeleniumLibrary">
<arg>${selectors.text_editor.filename_input}</arg>
<arg>${timeouts.page_load}</arg>
<doc>Waits until the element ``locator`` appears on the current page.</doc>
<status status="PASS" start="2025-04-29T12:09:00.347213" elapsed="0.009257"/>
</kw>
<kw name="Log" owner="BuiltIn">
<msg time="2025-04-29T12:09:00.356821" level="INFO">Opened Text Editor</msg>
<arg>Opened Text Editor</arg>
<doc>Logs the given message with the given level.</doc>
<status status="PASS" start="2025-04-29T12:09:00.356663" elapsed="0.000203"/>
</kw>
<status status="PASS" start="2025-04-29T12:08:59.482344" elapsed="0.874590"/>
</kw>
<kw name="Create And Save Document" owner="text_editor_keywords">
<kw name="Set File Name" owner="text_editor_keywords">
<kw name="Input Text" owner="SeleniumLibrary">
<msg time="2025-04-29T12:09:00.358247" level="INFO">Typing text 'multiple_saves.txt' into text field 'css=input[type='text']'.</msg>
<arg>${selectors.text_editor.filename_input}</arg>
<arg>${filename}</arg>
<doc>Types the given ``text`` into the text field identified by ``locator``.</doc>
<status status="PASS" start="2025-04-29T12:09:00.357844" elapsed="0.080320"/>
</kw>
<arg>${filename}</arg>
<status status="PASS" start="2025-04-29T12:09:00.357604" elapsed="0.080684"/>
</kw>
<kw name="Set Content" owner="text_editor_keywords">
<kw name="Input Text" owner="SeleniumLibrary">
<msg time="2025-04-29T12:09:00.439229" level="INFO">Typing text 'First save' into text field 'css=textarea'.</msg>
<arg>${selectors.text_editor.content_textarea}</arg>
<arg>${content}</arg>
<doc>Types the given ``text`` into the text field identified by ``locator``.</doc>
<status status="PASS" start="2025-04-29T12:09:00.438778" elapsed="0.058102"/>
</kw>
<arg>${content}</arg>
<status status="PASS" start="2025-04-29T12:09:00.438448" elapsed="0.058560"/>
</kw>
<kw name="Save Document" owner="text_editor_keywords">
<kw name="Get Editor Content" owner="text_editor_keywords">
<kw name="Get Value" owner="SeleniumLibrary">
<msg time="2025-04-29T12:09:00.509203" level="INFO">${content} = First save</msg>
<var>${content}</var>
<arg>${selectors.text_editor.content_textarea}</arg>
<doc>Returns the value attribute of the element identified by ``locator``.</doc>
<status status="PASS" start="2025-04-29T12:09:00.497773" elapsed="0.011479"/>
</kw>
<return>
<value>${content}</value>
<status status="PASS" start="2025-04-29T12:09:00.509340" elapsed="0.000053"/>
</return>
<msg time="2025-04-29T12:09:00.509533" level="INFO">${content} = First save</msg>
<var>${content}</var>
<status status="PASS" start="2025-04-29T12:09:00.497492" elapsed="0.012064"/>
</kw>
<kw name="Get File Name" owner="text_editor_keywords">
<kw name="Get Value" owner="SeleniumLibrary">
<msg time="2025-04-29T12:09:00.520281" level="INFO">${filename} = multiple_saves.txt</msg>
<var>${filename}</var>
<arg>${selectors.text_editor.filename_input}</arg>
<doc>Returns the value attribute of the element identified by ``locator``.</doc>
<status status="PASS" start="2025-04-29T12:09:00.509959" elapsed="0.010371"/>
</kw>
<return>
<value>${filename}</value>
<status status="PASS" start="2025-04-29T12:09:00.520416" elapsed="0.000052"/>
</return>
<msg time="2025-04-29T12:09:00.520606" level="INFO">${filename} = multiple_saves.txt</msg>
<var>${filename}</var>
<status status="PASS" start="2025-04-29T12:09:00.509723" elapsed="0.010906"/>
</kw>
<kw name="Click Button" owner="SeleniumLibrary">
<msg time="2025-04-29T12:09:00.521182" level="INFO">Clicking button 'xpath=//button[contains(., 'Save')]'.</msg>
<arg>${selectors.text_editor.save_button}</arg>
<doc>Clicks the button identified by ``locator``.</doc>
<status status="PASS" start="2025-04-29T12:09:00.520763" elapsed="0.067196"/>
</kw>
<kw name="Wait Until Element Is Visible" owner="SeleniumLibrary">
<arg>${selectors.text_editor.save_success_message}</arg>
<arg>${timeouts.element_visible}</arg>
<doc>Waits until the element ``locator`` is visible.</doc>
<status status="PASS" start="2025-04-29T12:09:00.588197" elapsed="0.019380"/>
</kw>
<kw name="Wait Until Created" owner="OperatingSystem">
<msg time="2025-04-29T12:09:00.608133" level="INFO" html="true">'&lt;a href="file:///home/nguyenvh/Sync/3a/stage_stet/projet_dho/robot-report-generator/test_downloads/multiple_saves.txt"&gt;/home/nguyenvh/Sync/3a/stage_stet/projet_dho/robot-report-generator/test_downloads/multiple_saves.txt&lt;/a&gt;' was created.</msg>
<arg>${DOWNLOAD_DIR}/${filename}</arg>
<arg>timeout=5s</arg>
<doc>Waits until the given file or directory is created.</doc>
<status status="PASS" start="2025-04-29T12:09:00.607815" elapsed="0.000435"/>
</kw>
<kw name="Log" owner="BuiltIn">
<msg time="2025-04-29T12:09:00.608547" level="INFO">File downloaded to /home/nguyenvh/Sync/3a/stage_stet/projet_dho/robot-report-generator/test_downloads/multiple_saves.txt</msg>
<arg>File downloaded to ${DOWNLOAD_DIR}/${filename}</arg>
<doc>Logs the given message with the given level.</doc>
<status status="PASS" start="2025-04-29T12:09:00.608381" elapsed="0.000205"/>
</kw>
<doc>Saves the document and verifies the download was triggered</doc>
<status status="PASS" start="2025-04-29T12:09:00.497194" elapsed="0.111456"/>
</kw>
<arg>multiple_saves.txt</arg>
<arg>First save</arg>
<status status="PASS" start="2025-04-29T12:09:00.357132" elapsed="0.251565"/>
</kw>
<kw name="Verify Content Is" owner="text_editor_keywords">
<kw name="Get Editor Content" owner="text_editor_keywords">
<kw name="Get Value" owner="SeleniumLibrary">
<msg time="2025-04-29T12:09:00.619813" level="INFO">${content} = First save</msg>
<var>${content}</var>
<arg>${selectors.text_editor.content_textarea}</arg>
<doc>Returns the value attribute of the element identified by ``locator``.</doc>
<status status="PASS" start="2025-04-29T12:09:00.609360" elapsed="0.010520"/>
</kw>
<return>
<value>${content}</value>
<status status="PASS" start="2025-04-29T12:09:00.619974" elapsed="0.000059"/>
</return>
<msg time="2025-04-29T12:09:00.620180" level="INFO">${actual} = First save</msg>
<var>${actual}</var>
<status status="PASS" start="2025-04-29T12:09:00.609115" elapsed="0.011089"/>
</kw>
<kw name="Should Be Equal" owner="BuiltIn">
<arg>${actual}</arg>
<arg>${expected}</arg>
<doc>Fails if the given objects are unequal.</doc>
<status status="PASS" start="2025-04-29T12:09:00.620356" elapsed="0.000216"/>
</kw>
<arg>First save</arg>
<status status="PASS" start="2025-04-29T12:09:00.608868" elapsed="0.011772"/>
</kw>
<kw name="Set Content" owner="text_editor_keywords">
<kw name="Input Text" owner="SeleniumLibrary">
<msg time="2025-04-29T12:09:00.621504" level="INFO">Typing text 'Second save' into text field 'css=textarea'.</msg>
<arg>${selectors.text_editor.content_textarea}</arg>
<arg>${content}</arg>
<doc>Types the given ``text`` into the text field identified by ``locator``.</doc>
<status status="PASS" start="2025-04-29T12:09:00.621081" elapsed="0.085541"/>
</kw>
<arg>Second save</arg>
<status status="PASS" start="2025-04-29T12:09:00.620852" elapsed="0.085973"/>
</kw>
<kw name="Save Document" owner="text_editor_keywords">
<kw name="Get Editor Content" owner="text_editor_keywords">
<kw name="Get Value" owner="SeleniumLibrary">
<msg time="2025-04-29T12:09:00.721168" level="INFO">${content} = Second save</msg>
<var>${content}</var>
<arg>${selectors.text_editor.content_textarea}</arg>
<doc>Returns the value attribute of the element identified by ``locator``.</doc>
<status status="PASS" start="2025-04-29T12:09:00.708249" elapsed="0.012989"/>
</kw>
<return>
<value>${content}</value>
<status status="PASS" start="2025-04-29T12:09:00.721370" elapsed="0.000079"/>
</return>
<msg time="2025-04-29T12:09:00.721673" level="INFO">${content} = Second save</msg>
<var>${content}</var>
<status status="PASS" start="2025-04-29T12:09:00.707605" elapsed="0.014115"/>
</kw>
<kw name="Get File Name" owner="text_editor_keywords">
<kw name="Get Value" owner="SeleniumLibrary">
<msg time="2025-04-29T12:09:00.729326" level="INFO">${filename} = multiple_saves.txt</msg>
<var>${filename}</var>
<arg>${selectors.text_editor.filename_input}</arg>
<doc>Returns the value attribute of the element identified by ``locator``.</doc>
<status status="PASS" start="2025-04-29T12:09:00.722347" elapsed="0.007024"/>
</kw>
<return>
<value>${filename}</value>
<status status="PASS" start="2025-04-29T12:09:00.729452" elapsed="0.000051"/>
</return>
<msg time="2025-04-29T12:09:00.729634" level="INFO">${filename} = multiple_saves.txt</msg>
<var>${filename}</var>
<status status="PASS" start="2025-04-29T12:09:00.721976" elapsed="0.007681"/>
</kw>
<kw name="Click Button" owner="SeleniumLibrary">
<msg time="2025-04-29T12:09:00.730187" level="INFO">Clicking button 'xpath=//button[contains(., 'Save')]'.</msg>
<arg>${selectors.text_editor.save_button}</arg>
<doc>Clicks the button identified by ``locator``.</doc>
<status status="PASS" start="2025-04-29T12:09:00.729782" elapsed="0.045019"/>
</kw>
<kw name="Wait Until Element Is Visible" owner="SeleniumLibrary">
<arg>${selectors.text_editor.save_success_message}</arg>
<arg>${timeouts.element_visible}</arg>
<doc>Waits until the element ``locator`` is visible.</doc>
<status status="PASS" start="2025-04-29T12:09:00.775042" elapsed="0.010402"/>
</kw>
<kw name="Wait Until Created" owner="OperatingSystem">
<msg time="2025-04-29T12:09:00.786045" level="INFO" html="true">'&lt;a href="file:///home/nguyenvh/Sync/3a/stage_stet/projet_dho/robot-report-generator/test_downloads/multiple_saves.txt"&gt;/home/nguyenvh/Sync/3a/stage_stet/projet_dho/robot-report-generator/test_downloads/multiple_saves.txt&lt;/a&gt;' was created.</msg>
<arg>${DOWNLOAD_DIR}/${filename}</arg>
<arg>timeout=5s</arg>
<doc>Waits until the given file or directory is created.</doc>
<status status="PASS" start="2025-04-29T12:09:00.785726" elapsed="0.000375"/>
</kw>
<kw name="Log" owner="BuiltIn">
<msg time="2025-04-29T12:09:00.786366" level="INFO">File downloaded to /home/nguyenvh/Sync/3a/stage_stet/projet_dho/robot-report-generator/test_downloads/multiple_saves.txt</msg>
<arg>File downloaded to ${DOWNLOAD_DIR}/${filename}</arg>
<doc>Logs the given message with the given level.</doc>
<status status="PASS" start="2025-04-29T12:09:00.786216" elapsed="0.000203"/>
</kw>
<doc>Saves the document and verifies the download was triggered</doc>
<status status="PASS" start="2025-04-29T12:09:00.707179" elapsed="0.079327"/>
</kw>
<kw name="Verify Content Is" owner="text_editor_keywords">
<kw name="Get Editor Content" owner="text_editor_keywords">
<kw name="Get Value" owner="SeleniumLibrary">
<msg time="2025-04-29T12:09:00.795189" level="INFO">${content} = Second save</msg>
<var>${content}</var>
<arg>${selectors.text_editor.content_textarea}</arg>
<doc>Returns the value attribute of the element identified by ``locator``.</doc>
<status status="PASS" start="2025-04-29T12:09:00.787523" elapsed="0.007712"/>
</kw>
<return>
<value>${content}</value>
<status status="PASS" start="2025-04-29T12:09:00.795318" elapsed="0.000050"/>
</return>
<msg time="2025-04-29T12:09:00.795498" level="INFO">${actual} = Second save</msg>
<var>${actual}</var>
<status status="PASS" start="2025-04-29T12:09:00.787233" elapsed="0.008288"/>
</kw>
<kw name="Should Be Equal" owner="BuiltIn">
<arg>${actual}</arg>
<arg>${expected}</arg>
<doc>Fails if the given objects are unequal.</doc>
<status status="PASS" start="2025-04-29T12:09:00.795644" elapsed="0.000199"/>
</kw>
<arg>Second save</arg>
<status status="PASS" start="2025-04-29T12:09:00.786800" elapsed="0.009112"/>
</kw>
<kw name="Set Content" owner="text_editor_keywords">
<kw name="Input Text" owner="SeleniumLibrary">
<msg time="2025-04-29T12:09:00.796709" level="INFO">Typing text 'Third save' into text field 'css=textarea'.</msg>
<arg>${selectors.text_editor.content_textarea}</arg>
<arg>${content}</arg>
<doc>Types the given ``text`` into the text field identified by ``locator``.</doc>
<status status="PASS" start="2025-04-29T12:09:00.796323" elapsed="0.067219"/>
</kw>
<arg>Third save</arg>
<status status="PASS" start="2025-04-29T12:09:00.796105" elapsed="0.067562"/>
</kw>
<kw name="Save Document" owner="text_editor_keywords">
<kw name="Get Editor Content" owner="text_editor_keywords">
<kw name="Get Value" owner="SeleniumLibrary">
<msg time="2025-04-29T12:09:00.873859" level="INFO">${content} = Third save</msg>
<var>${content}</var>
<arg>${selectors.text_editor.content_textarea}</arg>
<doc>Returns the value attribute of the element identified by ``locator``.</doc>
<status status="PASS" start="2025-04-29T12:09:00.864436" elapsed="0.009470"/>
</kw>
<return>
<value>${content}</value>
<status status="PASS" start="2025-04-29T12:09:00.874055" elapsed="0.000061"/>
</return>
<msg time="2025-04-29T12:09:00.874267" level="INFO">${content} = Third save</msg>
<var>${content}</var>
<status status="PASS" start="2025-04-29T12:09:00.864205" elapsed="0.010087"/>
</kw>
<kw name="Get File Name" owner="text_editor_keywords">
<kw name="Get Value" owner="SeleniumLibrary">
<msg time="2025-04-29T12:09:00.881050" level="INFO">${filename} = multiple_saves.txt</msg>
<var>${filename}</var>
<arg>${selectors.text_editor.filename_input}</arg>
<doc>Returns the value attribute of the element identified by ``locator``.</doc>
<status status="PASS" start="2025-04-29T12:09:00.874681" elapsed="0.006416"/>
</kw>
<return>
<value>${filename}</value>
<status status="PASS" start="2025-04-29T12:09:00.881179" elapsed="0.000049"/>
</return>
<msg time="2025-04-29T12:09:00.881355" level="INFO">${filename} = multiple_saves.txt</msg>
<var>${filename}</var>
<status status="PASS" start="2025-04-29T12:09:00.874449" elapsed="0.006929"/>
</kw>
<kw name="Click Button" owner="SeleniumLibrary">
<msg time="2025-04-29T12:09:00.882387" level="INFO">Clicking button 'xpath=//button[contains(., 'Save')]'.</msg>
<arg>${selectors.text_editor.save_button}</arg>
<doc>Clicks the button identified by ``locator``.</doc>
<status status="PASS" start="2025-04-29T12:09:00.881571" elapsed="0.048962"/>
</kw>
<kw name="Wait Until Element Is Visible" owner="SeleniumLibrary">
<arg>${selectors.text_editor.save_success_message}</arg>
<arg>${timeouts.element_visible}</arg>
<doc>Waits until the element ``locator`` is visible.</doc>
<status status="PASS" start="2025-04-29T12:09:00.930834" elapsed="0.011015"/>
</kw>
<kw name="Wait Until Created" owner="OperatingSystem">
<msg time="2025-04-29T12:09:00.942363" level="INFO" html="true">'&lt;a href="file:///home/nguyenvh/Sync/3a/stage_stet/projet_dho/robot-report-generator/test_downloads/multiple_saves.txt"&gt;/home/nguyenvh/Sync/3a/stage_stet/projet_dho/robot-report-generator/test_downloads/multiple_saves.txt&lt;/a&gt;' was created.</msg>
<arg>${DOWNLOAD_DIR}/${filename}</arg>
<arg>timeout=5s</arg>
<doc>Waits until the given file or directory is created.</doc>
<status status="PASS" start="2025-04-29T12:09:00.942049" elapsed="0.000370"/>
</kw>
<kw name="Log" owner="BuiltIn">
<msg time="2025-04-29T12:09:00.942684" level="INFO">File downloaded to /home/nguyenvh/Sync/3a/stage_stet/projet_dho/robot-report-generator/test_downloads/multiple_saves.txt</msg>
<arg>File downloaded to ${DOWNLOAD_DIR}/${filename}</arg>
<doc>Logs the given message with the given level.</doc>
<status status="PASS" start="2025-04-29T12:09:00.942537" elapsed="0.000195"/>
</kw>
<doc>Saves the document and verifies the download was triggered</doc>
<status status="PASS" start="2025-04-29T12:09:00.863918" elapsed="0.078884"/>
</kw>
<kw name="Verify Content Is" owner="text_editor_keywords">
<kw name="Get Editor Content" owner="text_editor_keywords">
<kw name="Get Value" owner="SeleniumLibrary">
<msg time="2025-04-29T12:09:00.955856" level="INFO">${content} = Third save</msg>
<var>${content}</var>
<arg>${selectors.text_editor.content_textarea}</arg>
<doc>Returns the value attribute of the element identified by ``locator``.</doc>
<status status="PASS" start="2025-04-29T12:09:00.943652" elapsed="0.012254"/>
</kw>
<return>
<value>${content}</value>
<status status="PASS" start="2025-04-29T12:09:00.955990" elapsed="0.000053"/>
</return>
<msg time="2025-04-29T12:09:00.956178" level="INFO">${actual} = Third save</msg>
<var>${actual}</var>
<status status="PASS" start="2025-04-29T12:09:00.943438" elapsed="0.012764"/>
</kw>
<kw name="Should Be Equal" owner="BuiltIn">
<arg>${actual}</arg>
<arg>${expected}</arg>
<doc>Fails if the given objects are unequal.</doc>
<status status="PASS" start="2025-04-29T12:09:00.956329" elapsed="0.000198"/>
</kw>
<arg>Third save</arg>
<status status="PASS" start="2025-04-29T12:09:00.943047" elapsed="0.013543"/>
</kw>
<kw name="Close Text Editor Application" owner="text_editor_keywords" type="TEARDOWN">
<kw name="Close Browser" owner="SeleniumLibrary">
<doc>Closes the current browser.</doc>
<status status="PASS" start="2025-04-29T12:09:00.957089" elapsed="0.055526"/>
</kw>
<status status="PASS" start="2025-04-29T12:09:00.956864" elapsed="0.055885"/>
</kw>
<doc>Test saving document multiple times</doc>
<status status="PASS" start="2025-04-29T12:08:59.481921" elapsed="1.530926"/>
</test>
<status status="PASS" start="2025-04-29T12:08:36.355199" elapsed="24.658102"/>
</suite>
<statistics>
<total>
<stat pass="20" fail="0" skip="0">All Tests</stat>
</total>
<tag>
</tag>
<suite>
<stat name="Text Editor Tests" id="s1" pass="20" fail="0" skip="0">Text Editor Tests</stat>
</suite>
</statistics>
<errors>
</errors>
</robot>
