<?xml version="1.0" encoding="UTF-8"?>
<robot generator="Robot 7.2.2 (Python 3.10.12 on linux)" generated="2025-04-24T16:12:58.382735" rpa="false" schemaversion="5">
<suite id="s1" name="Todo Tests" source="/home/nguyenvh/Sync/3a/stage_stet/projet_dho/robot-report-generator/tests/todo_tests.robot">
<test id="s1-t1" name="Test Add Todo Functionality" line="8">
<kw name="Open Todo Application" owner="todo_keywords" type="SETUP">
<kw name="Open Todo List" owner="todo_keywords">
<kw name="Open Browser" owner="SeleniumLibrary">
<msg time="2025-04-24T16:12:58.537691" level="INFO">Opening browser 'firefox' to base url 'http://localhost:3000'.</msg>
<arg>${app.url}</arg>
<arg>firefox</arg>
<doc>Opens a new browser instance to the optional ``url``.</doc>
<status status="PASS" start="2025-04-24T16:12:58.537175" elapsed="3.161897"/>
</kw>
<kw name="Wait Until Page Contains Element" owner="SeleniumLibrary">
<arg>${selectors.todo_input}</arg>
<arg>${timeouts.page_load}</arg>
<doc>Waits until the element ``locator`` appears on the current page.</doc>
<status status="PASS" start="2025-04-24T16:13:01.699398" elapsed="0.034800"/>
</kw>
<kw name="Log" owner="BuiltIn">
<msg time="2025-04-24T16:13:01.734585" level="INFO">Opened todo list application</msg>
<arg>Opened todo list application</arg>
<doc>Logs the given message with the given level.</doc>
<status status="PASS" start="2025-04-24T16:13:01.734419" elapsed="0.000228"/>
</kw>
<status status="PASS" start="2025-04-24T16:12:58.536533" elapsed="3.198191"/>
</kw>
<status status="PASS" start="2025-04-24T16:12:58.536180" elapsed="3.198594"/>
</kw>
<kw name="Add New Todo" owner="todo_keywords">
<kw name="Add Todo Item" owner="todo_keywords">
<kw name="Log" owner="BuiltIn">
<msg time="2025-04-24T16:13:01.736058" level="INFO">Adding todo item: Buy groceries</msg>
<arg>Adding todo item: ${todo_text}</arg>
<doc>Logs the given message with the given level.</doc>
<status status="PASS" start="2025-04-24T16:13:01.735838" elapsed="0.000293"/>
</kw>
<kw name="Input Text" owner="SeleniumLibrary">
<msg time="2025-04-24T16:13:01.736717" level="INFO">Typing text 'Buy groceries' into text field 'css=input[placeholder='Add a new todo']'.</msg>
<arg>${selectors.todo_input}</arg>
<arg>${todo_text}</arg>
<doc>Types the given ``text`` into the text field identified by ``locator``.</doc>
<status status="PASS" start="2025-04-24T16:13:01.736263" elapsed="0.090477"/>
</kw>
<kw name="Click Button" owner="SeleniumLibrary">
<msg time="2025-04-24T16:13:01.827419" level="INFO">Clicking button 'css=button[data-testid='add-todo-button']'.</msg>
<arg>${selectors.add_todo_button}</arg>
<doc>Clicks the button identified by ``locator``.</doc>
<status status="PASS" start="2025-04-24T16:13:01.826946" elapsed="0.223437"/>
</kw>
<kw name="Wait Until Page Contains" owner="SeleniumLibrary">
<arg>${todo_text}</arg>
<arg>${timeouts.element_visible}</arg>
<doc>Waits until ``text`` appears on the current page.</doc>
<status status="PASS" start="2025-04-24T16:13:02.050586" elapsed="0.003671"/>
</kw>
<arg>${todo_text}</arg>
<status status="PASS" start="2025-04-24T16:13:01.735399" elapsed="0.318999"/>
</kw>
<arg>Buy groceries</arg>
<status status="PASS" start="2025-04-24T16:13:01.735004" elapsed="0.319452"/>
</kw>
<kw name="Verify Todo Exists" owner="todo_keywords">
<kw name="Page Should Contain" owner="SeleniumLibrary">
<msg time="2025-04-24T16:13:02.059623" level="INFO">Current page contains text 'Buy groceries'.</msg>
<arg>${todo_text}</arg>
<doc>Verifies that current page contains ``text``.</doc>
<status status="PASS" start="2025-04-24T16:13:02.055126" elapsed="0.004655"/>
</kw>
<kw name="Log" owner="BuiltIn">
<msg time="2025-04-24T16:13:02.060227" level="INFO">Verified todo item exists: Buy groceries</msg>
<arg>Verified todo item exists: ${todo_text}</arg>
<doc>Logs the given message with the given level.</doc>
<status status="PASS" start="2025-04-24T16:13:02.060020" elapsed="0.000253"/>
</kw>
<arg>Buy groceries</arg>
<status status="PASS" start="2025-04-24T16:13:02.054721" elapsed="0.005620"/>
</kw>
<kw name="Add New Todo" owner="todo_keywords">
<kw name="Add Todo Item" owner="todo_keywords">
<kw name="Log" owner="BuiltIn">
<msg time="2025-04-24T16:13:02.061108" level="INFO">Adding todo item: Walk the dog</msg>
<arg>Adding todo item: ${todo_text}</arg>
<doc>Logs the given message with the given level.</doc>
<status status="PASS" start="2025-04-24T16:13:02.060996" elapsed="0.000228"/>
</kw>
<kw name="Input Text" owner="SeleniumLibrary">
<msg time="2025-04-24T16:13:02.061734" level="INFO">Typing text 'Walk the dog' into text field 'css=input[placeholder='Add a new todo']'.</msg>
<arg>${selectors.todo_input}</arg>
<arg>${todo_text}</arg>
<doc>Types the given ``text`` into the text field identified by ``locator``.</doc>
<status status="PASS" start="2025-04-24T16:13:02.061319" elapsed="0.023058"/>
</kw>
<kw name="Click Button" owner="SeleniumLibrary">
<msg time="2025-04-24T16:13:02.085144" level="INFO">Clicking button 'css=button[data-testid='add-todo-button']'.</msg>
<arg>${selectors.add_todo_button}</arg>
<doc>Clicks the button identified by ``locator``.</doc>
<status status="PASS" start="2025-04-24T16:13:02.084580" elapsed="0.214221"/>
</kw>
<kw name="Wait Until Page Contains" owner="SeleniumLibrary">
<arg>${todo_text}</arg>
<arg>${timeouts.element_visible}</arg>
<doc>Waits until ``text`` appears on the current page.</doc>
<status status="PASS" start="2025-04-24T16:13:02.299015" elapsed="0.002486"/>
</kw>
<arg>${todo_text}</arg>
<status status="PASS" start="2025-04-24T16:13:02.060771" elapsed="0.240840"/>
</kw>
<arg>Walk the dog</arg>
<status status="PASS" start="2025-04-24T16:13:02.060522" elapsed="0.241141"/>
</kw>
<kw name="Verify Todo Exists" owner="todo_keywords">
<kw name="Page Should Contain" owner="SeleniumLibrary">
<msg time="2025-04-24T16:13:02.306343" level="INFO">Current page contains text 'Walk the dog'.</msg>
<arg>${todo_text}</arg>
<doc>Verifies that current page contains ``text``.</doc>
<status status="PASS" start="2025-04-24T16:13:02.302293" elapsed="0.004168"/>
</kw>
<kw name="Log" owner="BuiltIn">
<msg time="2025-04-24T16:13:02.306850" level="INFO">Verified todo item exists: Walk the dog</msg>
<arg>Verified todo item exists: ${todo_text}</arg>
<doc>Logs the given message with the given level.</doc>
<status status="PASS" start="2025-04-24T16:13:02.306643" elapsed="0.000254"/>
</kw>
<arg>Walk the dog</arg>
<status status="PASS" start="2025-04-24T16:13:02.301924" elapsed="0.005058"/>
</kw>
<kw name="Add New Todo" owner="todo_keywords">
<kw name="Add Todo Item" owner="todo_keywords">
<kw name="Log" owner="BuiltIn">
<msg time="2025-04-24T16:13:02.307856" level="INFO">Adding todo item: Pay bills</msg>
<arg>Adding todo item: ${todo_text}</arg>
<doc>Logs the given message with the given level.</doc>
<status status="PASS" start="2025-04-24T16:13:02.307741" elapsed="0.000156"/>
</kw>
<kw name="Input Text" owner="SeleniumLibrary">
<msg time="2025-04-24T16:13:02.308406" level="INFO">Typing text 'Pay bills' into text field 'css=input[placeholder='Add a new todo']'.</msg>
<arg>${selectors.todo_input}</arg>
<arg>${todo_text}</arg>
<doc>Types the given ``text`` into the text field identified by ``locator``.</doc>
<status status="PASS" start="2025-04-24T16:13:02.307998" elapsed="0.018087"/>
</kw>
<kw name="Click Button" owner="SeleniumLibrary">
<msg time="2025-04-24T16:13:02.326994" level="INFO">Clicking button 'css=button[data-testid='add-todo-button']'.</msg>
<arg>${selectors.add_todo_button}</arg>
<doc>Clicks the button identified by ``locator``.</doc>
<status status="PASS" start="2025-04-24T16:13:02.326305" elapsed="0.216642"/>
</kw>
<kw name="Wait Until Page Contains" owner="SeleniumLibrary">
<arg>${todo_text}</arg>
<arg>${timeouts.element_visible}</arg>
<doc>Waits until ``text`` appears on the current page.</doc>
<status status="PASS" start="2025-04-24T16:13:02.543359" elapsed="0.005611"/>
</kw>
<arg>${todo_text}</arg>
<status status="PASS" start="2025-04-24T16:13:02.307515" elapsed="0.241697"/>
</kw>
<arg>Pay bills</arg>
<status status="PASS" start="2025-04-24T16:13:02.307181" elapsed="0.242164"/>
</kw>
<kw name="Verify Todo Exists" owner="todo_keywords">
<kw name="Page Should Contain" owner="SeleniumLibrary">
<msg time="2025-04-24T16:13:02.556746" level="INFO">Current page contains text 'Pay bills'.</msg>
<arg>${todo_text}</arg>
<doc>Verifies that current page contains ``text``.</doc>
<status status="PASS" start="2025-04-24T16:13:02.550681" elapsed="0.006183"/>
</kw>
<kw name="Log" owner="BuiltIn">
<msg time="2025-04-24T16:13:02.557259" level="INFO">Verified todo item exists: Pay bills</msg>
<arg>Verified todo item exists: ${todo_text}</arg>
<doc>Logs the given message with the given level.</doc>
<status status="PASS" start="2025-04-24T16:13:02.557061" elapsed="0.000250"/>
</kw>
<arg>Pay bills</arg>
<status status="PASS" start="2025-04-24T16:13:02.549775" elapsed="0.007607"/>
</kw>
<kw name="Close Todo Application" owner="todo_keywords" type="TEARDOWN">
<kw name="Close Browser and Stop App" owner="todo_keywords">
<kw name="Close Browser" owner="SeleniumLibrary">
<doc>Closes the current browser.</doc>
<status status="PASS" start="2025-04-24T16:13:02.558073" elapsed="0.699068"/>
</kw>
<kw name="Log" owner="BuiltIn">
<msg time="2025-04-24T16:13:03.257531" level="INFO">Closed browser and stopped application</msg>
<arg>Closed browser and stopped application</arg>
<doc>Logs the given message with the given level.</doc>
<status status="PASS" start="2025-04-24T16:13:03.257356" elapsed="0.000233"/>
</kw>
<status status="PASS" start="2025-04-24T16:13:02.557865" elapsed="0.699866"/>
</kw>
<status status="PASS" start="2025-04-24T16:13:02.557625" elapsed="0.700158"/>
</kw>
<doc>Test adding todos</doc>
<status status="PASS" start="2025-04-24T16:12:58.535449" elapsed="4.722418"/>
</test>
<test id="s1-t2" name="Test Todo Completion Toggle" line="17">
<kw name="Open Todo Application" owner="todo_keywords" type="SETUP">
<kw name="Open Todo List" owner="todo_keywords">
<kw name="Open Browser" owner="SeleniumLibrary">
<msg time="2025-04-24T16:13:03.259329" level="INFO">Opening browser 'firefox' to base url 'http://localhost:3000'.</msg>
<arg>${app.url}</arg>
<arg>firefox</arg>
<doc>Opens a new browser instance to the optional ``url``.</doc>
<status status="PASS" start="2025-04-24T16:13:03.258926" elapsed="2.846767"/>
</kw>
<kw name="Wait Until Page Contains Element" owner="SeleniumLibrary">
<arg>${selectors.todo_input}</arg>
<arg>${timeouts.page_load}</arg>
<doc>Waits until the element ``locator`` appears on the current page.</doc>
<status status="PASS" start="2025-04-24T16:13:06.106020" elapsed="0.014159"/>
</kw>
<kw name="Log" owner="BuiltIn">
<msg time="2025-04-24T16:13:06.120538" level="INFO">Opened todo list application</msg>
<arg>Opened todo list application</arg>
<doc>Logs the given message with the given level.</doc>
<status status="PASS" start="2025-04-24T16:13:06.120383" elapsed="0.000204"/>
</kw>
<status status="PASS" start="2025-04-24T16:13:03.258612" elapsed="2.862044"/>
</kw>
<status status="PASS" start="2025-04-24T16:13:03.258393" elapsed="2.862309"/>
</kw>
<kw name="Add New Todo" owner="todo_keywords">
<kw name="Add Todo Item" owner="todo_keywords">
<kw name="Log" owner="BuiltIn">
<msg time="2025-04-24T16:13:06.121632" level="INFO">Adding todo item: Exercise</msg>
<arg>Adding todo item: ${todo_text}</arg>
<doc>Logs the given message with the given level.</doc>
<status status="PASS" start="2025-04-24T16:13:06.121512" elapsed="0.000168"/>
</kw>
<kw name="Input Text" owner="SeleniumLibrary">
<msg time="2025-04-24T16:13:06.122316" level="INFO">Typing text 'Exercise' into text field 'css=input[placeholder='Add a new todo']'.</msg>
<arg>${selectors.todo_input}</arg>
<arg>${todo_text}</arg>
<doc>Types the given ``text`` into the text field identified by ``locator``.</doc>
<status status="PASS" start="2025-04-24T16:13:06.121789" elapsed="0.099879"/>
</kw>
<kw name="Click Button" owner="SeleniumLibrary">
<msg time="2025-04-24T16:13:06.222451" level="INFO">Clicking button 'css=button[data-testid='add-todo-button']'.</msg>
<arg>${selectors.add_todo_button}</arg>
<doc>Clicks the button identified by ``locator``.</doc>
<status status="PASS" start="2025-04-24T16:13:06.221888" elapsed="0.221420"/>
</kw>
<kw name="Wait Until Page Contains" owner="SeleniumLibrary">
<arg>${todo_text}</arg>
<arg>${timeouts.element_visible}</arg>
<doc>Waits until ``text`` appears on the current page.</doc>
<status status="PASS" start="2025-04-24T16:13:06.444037" elapsed="0.009124"/>
</kw>
<arg>${todo_text}</arg>
<status status="PASS" start="2025-04-24T16:13:06.121284" elapsed="0.332255"/>
</kw>
<arg>Exercise</arg>
<status status="PASS" start="2025-04-24T16:13:06.120967" elapsed="0.332729"/>
</kw>
<kw name="Verify Todo Not Completed" owner="todo_keywords">
<kw name="Replace String" owner="String">
<msg time="2025-04-24T16:13:06.456353" level="INFO">${selector} = xpath=//li[.//span[contains(text(), 'Exercise')]]//input[@type='checkbox']</msg>
<var>${selector}</var>
<arg>${selectors.todo_checkbox_for_text}</arg>
<arg>{0}</arg>
<arg>${todo_text}</arg>
<doc>Replaces ``search_for`` in the given ``string`` with ``replace_with``.</doc>
<status status="PASS" start="2025-04-24T16:13:06.454871" elapsed="0.001583"/>
</kw>
<kw name="Get WebElement" owner="SeleniumLibrary">
<msg time="2025-04-24T16:13:06.464228" level="INFO">${checkbox} = &lt;selenium.webdriver.remote.webelement.WebElement (session="62205a3e-1012-4f61-a347-bfdf95a2a922", element="70ce989b-3e30-458f-9788-8b1e4f9691bb")&gt;</msg>
<var>${checkbox}</var>
<arg>${selector}</arg>
<doc>Returns the first WebElement matching the given ``locator``.</doc>
<status status="PASS" start="2025-04-24T16:13:06.456845" elapsed="0.007545"/>
</kw>
<kw name="Checkbox Should Not Be Selected" owner="SeleniumLibrary">
<msg time="2025-04-24T16:13:06.465648" level="INFO">Verifying checkbox '&lt;selenium.webdriver.remote.webelement.WebElement (session="62205a3e-1012-4f61-a347-bfdf95a2a922", element="70ce989b-3e30-458f-9788-8b1e4f9691bb")&gt;' is not selected.</msg>
<arg>${checkbox}</arg>
<doc>Verifies checkbox ``locator`` is not selected/checked.</doc>
<status status="PASS" start="2025-04-24T16:13:06.464954" elapsed="0.004929"/>
</kw>
<kw name="Log" owner="BuiltIn">
<msg time="2025-04-24T16:13:06.470885" level="INFO">Verified todo item is not completed: Exercise</msg>
<arg>Verified todo item is not completed: ${todo_text}</arg>
<doc>Logs the given message with the given level.</doc>
<status status="PASS" start="2025-04-24T16:13:06.470341" elapsed="0.000703"/>
</kw>
<arg>Exercise</arg>
<status status="PASS" start="2025-04-24T16:13:06.454240" elapsed="0.016994"/>
</kw>
<kw name="Toggle Todo" owner="todo_keywords">
<kw name="Replace String" owner="String">
<msg time="2025-04-24T16:13:06.474124" level="INFO">${selector} = xpath=//li[.//span[contains(text(), 'Exercise')]]//input[@type='checkbox']</msg>
<var>${selector}</var>
<arg>${selectors.todo_checkbox_for_text}</arg>
<arg>{0}</arg>
<arg>${todo_text}</arg>
<doc>Replaces ``search_for`` in the given ``string`` with ``replace_with``.</doc>
<status status="PASS" start="2025-04-24T16:13:06.472415" elapsed="0.001808"/>
</kw>
<kw name="Get WebElement" owner="SeleniumLibrary">
<msg time="2025-04-24T16:13:06.482564" level="INFO">${checkbox} = &lt;selenium.webdriver.remote.webelement.WebElement (session="62205a3e-1012-4f61-a347-bfdf95a2a922", element="70ce989b-3e30-458f-9788-8b1e4f9691bb")&gt;</msg>
<var>${checkbox}</var>
<arg>${selector}</arg>
<doc>Returns the first WebElement matching the given ``locator``.</doc>
<status status="PASS" start="2025-04-24T16:13:06.474707" elapsed="0.007970"/>
</kw>
<kw name="Click Element" owner="SeleniumLibrary">
<msg time="2025-04-24T16:13:06.483703" level="INFO">Clicking element '&lt;selenium.webdriver.remote.webelement.WebElement (session="62205a3e-1012-4f61-a347-bfdf95a2a922", element="70ce989b-3e30-458f-9788-8b1e4f9691bb")&gt;'.</msg>
<arg>${checkbox}</arg>
<doc>Click the element identified by ``locator``.</doc>
<status status="PASS" start="2025-04-24T16:13:06.483176" elapsed="0.226581"/>
</kw>
<kw name="Log" owner="BuiltIn">
<msg time="2025-04-24T16:13:06.710236" level="INFO">Toggled todo item: Exercise</msg>
<arg>Toggled todo item: ${todo_text}</arg>
<doc>Logs the given message with the given level.</doc>
<status status="PASS" start="2025-04-24T16:13:06.710006" elapsed="0.000285"/>
</kw>
<arg>Exercise</arg>
<status status="PASS" start="2025-04-24T16:13:06.471746" elapsed="0.238695"/>
</kw>
<kw name="Verify Todo Completed" owner="todo_keywords">
<kw name="Replace String" owner="String">
<msg time="2025-04-24T16:13:06.711345" level="INFO">${selector} = xpath=//li[.//span[contains(text(), 'Exercise')]]//input[@type='checkbox']</msg>
<var>${selector}</var>
<arg>${selectors.todo_checkbox_for_text}</arg>
<arg>{0}</arg>
<arg>${todo_text}</arg>
<doc>Replaces ``search_for`` in the given ``string`` with ``replace_with``.</doc>
<status status="PASS" start="2025-04-24T16:13:06.710959" elapsed="0.000414"/>
</kw>
<kw name="Get WebElement" owner="SeleniumLibrary">
<msg time="2025-04-24T16:13:06.713558" level="INFO">${checkbox} = &lt;selenium.webdriver.remote.webelement.WebElement (session="62205a3e-1012-4f61-a347-bfdf95a2a922", element="70ce989b-3e30-458f-9788-8b1e4f9691bb")&gt;</msg>
<var>${checkbox}</var>
<arg>${selector}</arg>
<doc>Returns the first WebElement matching the given ``locator``.</doc>
<status status="PASS" start="2025-04-24T16:13:06.711480" elapsed="0.002123"/>
</kw>
<kw name="Checkbox Should Be Selected" owner="SeleniumLibrary">
<msg time="2025-04-24T16:13:06.713971" level="INFO">Verifying checkbox '&lt;selenium.webdriver.remote.webelement.WebElement (session="62205a3e-1012-4f61-a347-bfdf95a2a922", element="70ce989b-3e30-458f-9788-8b1e4f9691bb")&gt;' is selected.</msg>
<arg>${checkbox}</arg>
<doc>Verifies checkbox ``locator`` is selected/checked.</doc>
<status status="PASS" start="2025-04-24T16:13:06.713754" elapsed="0.001839"/>
</kw>
<kw name="Log" owner="BuiltIn">
<msg time="2025-04-24T16:13:06.715951" level="INFO">Verified todo item is completed: Exercise</msg>
<arg>Verified todo item is completed: ${todo_text}</arg>
<doc>Logs the given message with the given level.</doc>
<status status="PASS" start="2025-04-24T16:13:06.715764" elapsed="0.000238"/>
</kw>
<arg>Exercise</arg>
<status status="PASS" start="2025-04-24T16:13:06.710686" elapsed="0.005384"/>
</kw>
<kw name="Toggle Todo" owner="todo_keywords">
<kw name="Replace String" owner="String">
<msg time="2025-04-24T16:13:06.716995" level="INFO">${selector} = xpath=//li[.//span[contains(text(), 'Exercise')]]//input[@type='checkbox']</msg>
<var>${selector}</var>
<arg>${selectors.todo_checkbox_for_text}</arg>
<arg>{0}</arg>
<arg>${todo_text}</arg>
<doc>Replaces ``search_for`` in the given ``string`` with ``replace_with``.</doc>
<status status="PASS" start="2025-04-24T16:13:06.716598" elapsed="0.000424"/>
</kw>
<kw name="Get WebElement" owner="SeleniumLibrary">
<msg time="2025-04-24T16:13:06.718998" level="INFO">${checkbox} = &lt;selenium.webdriver.remote.webelement.WebElement (session="62205a3e-1012-4f61-a347-bfdf95a2a922", element="70ce989b-3e30-458f-9788-8b1e4f9691bb")&gt;</msg>
<var>${checkbox}</var>
<arg>${selector}</arg>
<doc>Returns the first WebElement matching the given ``locator``.</doc>
<status status="PASS" start="2025-04-24T16:13:06.717127" elapsed="0.001911"/>
</kw>
<kw name="Click Element" owner="SeleniumLibrary">
<msg time="2025-04-24T16:13:06.719351" level="INFO">Clicking element '&lt;selenium.webdriver.remote.webelement.WebElement (session="62205a3e-1012-4f61-a347-bfdf95a2a922", element="70ce989b-3e30-458f-9788-8b1e4f9691bb")&gt;'.</msg>
<arg>${checkbox}</arg>
<doc>Click the element identified by ``locator``.</doc>
<status status="PASS" start="2025-04-24T16:13:06.719172" elapsed="0.204662"/>
</kw>
<kw name="Log" owner="BuiltIn">
<msg time="2025-04-24T16:13:06.924427" level="INFO">Toggled todo item: Exercise</msg>
<arg>Toggled todo item: ${todo_text}</arg>
<doc>Logs the given message with the given level.</doc>
<status status="PASS" start="2025-04-24T16:13:06.924130" elapsed="0.000359"/>
</kw>
<arg>Exercise</arg>
<status status="PASS" start="2025-04-24T16:13:06.716254" elapsed="0.208330"/>
</kw>
<kw name="Verify Todo Not Completed" owner="todo_keywords">
<kw name="Replace String" owner="String">
<msg time="2025-04-24T16:13:06.925842" level="INFO">${selector} = xpath=//li[.//span[contains(text(), 'Exercise')]]//input[@type='checkbox']</msg>
<var>${selector}</var>
<arg>${selectors.todo_checkbox_for_text}</arg>
<arg>{0}</arg>
<arg>${todo_text}</arg>
<doc>Replaces ``search_for`` in the given ``string`` with ``replace_with``.</doc>
<status status="PASS" start="2025-04-24T16:13:06.925216" elapsed="0.000670"/>
</kw>
<kw name="Get WebElement" owner="SeleniumLibrary">
<msg time="2025-04-24T16:13:06.928578" level="INFO">${checkbox} = &lt;selenium.webdriver.remote.webelement.WebElement (session="62205a3e-1012-4f61-a347-bfdf95a2a922", element="70ce989b-3e30-458f-9788-8b1e4f9691bb")&gt;</msg>
<var>${checkbox}</var>
<arg>${selector}</arg>
<doc>Returns the first WebElement matching the given ``locator``.</doc>
<status status="PASS" start="2025-04-24T16:13:06.926051" elapsed="0.002597"/>
</kw>
<kw name="Checkbox Should Not Be Selected" owner="SeleniumLibrary">
<msg time="2025-04-24T16:13:06.929233" level="INFO">Verifying checkbox '&lt;selenium.webdriver.remote.webelement.WebElement (session="62205a3e-1012-4f61-a347-bfdf95a2a922", element="70ce989b-3e30-458f-9788-8b1e4f9691bb")&gt;' is not selected.</msg>
<arg>${checkbox}</arg>
<doc>Verifies checkbox ``locator`` is not selected/checked.</doc>
<status status="PASS" start="2025-04-24T16:13:06.928898" elapsed="0.002606"/>
</kw>
<kw name="Log" owner="BuiltIn">
<msg time="2025-04-24T16:13:06.932135" level="INFO">Verified todo item is not completed: Exercise</msg>
<arg>Verified todo item is not completed: ${todo_text}</arg>
<doc>Logs the given message with the given level.</doc>
<status status="PASS" start="2025-04-24T16:13:06.931803" elapsed="0.000408"/>
</kw>
<arg>Exercise</arg>
<status status="PASS" start="2025-04-24T16:13:06.924841" elapsed="0.007473"/>
</kw>
<kw name="Close Todo Application" owner="todo_keywords" type="TEARDOWN">
<kw name="Close Browser and Stop App" owner="todo_keywords">
<kw name="Close Browser" owner="SeleniumLibrary">
<doc>Closes the current browser.</doc>
<status status="PASS" start="2025-04-24T16:13:06.933119" elapsed="0.781733"/>
</kw>
<kw name="Log" owner="BuiltIn">
<msg time="2025-04-24T16:13:07.715223" level="INFO">Closed browser and stopped application</msg>
<arg>Closed browser and stopped application</arg>
<doc>Logs the given message with the given level.</doc>
<status status="PASS" start="2025-04-24T16:13:07.715059" elapsed="0.000210"/>
</kw>
<status status="PASS" start="2025-04-24T16:13:06.932893" elapsed="0.782500"/>
</kw>
<status status="PASS" start="2025-04-24T16:13:06.932618" elapsed="0.782827"/>
</kw>
<doc>Test toggling todo completion</doc>
<status status="PASS" start="2025-04-24T16:13:03.258078" elapsed="4.457447"/>
</test>
<test id="s1-t3" name="Test Delete Todo Functionality" line="26">
<kw name="Open Todo Application" owner="todo_keywords" type="SETUP">
<kw name="Open Todo List" owner="todo_keywords">
<kw name="Open Browser" owner="SeleniumLibrary">
<msg time="2025-04-24T16:13:07.716853" level="INFO">Opening browser 'firefox' to base url 'http://localhost:3000'.</msg>
<arg>${app.url}</arg>
<arg>firefox</arg>
<doc>Opens a new browser instance to the optional ``url``.</doc>
<status status="PASS" start="2025-04-24T16:13:07.716449" elapsed="3.541801"/>
</kw>
<kw name="Wait Until Page Contains Element" owner="SeleniumLibrary">
<arg>${selectors.todo_input}</arg>
<arg>${timeouts.page_load}</arg>
<doc>Waits until the element ``locator`` appears on the current page.</doc>
<status status="PASS" start="2025-04-24T16:13:11.258453" elapsed="0.016110"/>
</kw>
<kw name="Log" owner="BuiltIn">
<msg time="2025-04-24T16:13:11.274921" level="INFO">Opened todo list application</msg>
<arg>Opened todo list application</arg>
<doc>Logs the given message with the given level.</doc>
<status status="PASS" start="2025-04-24T16:13:11.274765" elapsed="0.000201"/>
</kw>
<status status="PASS" start="2025-04-24T16:13:07.716265" elapsed="3.558767"/>
</kw>
<status status="PASS" start="2025-04-24T16:13:07.716046" elapsed="3.559034"/>
</kw>
<kw name="Add New Todo" owner="todo_keywords">
<kw name="Add Todo Item" owner="todo_keywords">
<kw name="Log" owner="BuiltIn">
<msg time="2025-04-24T16:13:11.275959" level="INFO">Adding todo item: Clean house</msg>
<arg>Adding todo item: ${todo_text}</arg>
<doc>Logs the given message with the given level.</doc>
<status status="PASS" start="2025-04-24T16:13:11.275826" elapsed="0.000175"/>
</kw>
<kw name="Input Text" owner="SeleniumLibrary">
<msg time="2025-04-24T16:13:11.276693" level="INFO">Typing text 'Clean house' into text field 'css=input[placeholder='Add a new todo']'.</msg>
<arg>${selectors.todo_input}</arg>
<arg>${todo_text}</arg>
<doc>Types the given ``text`` into the text field identified by ``locator``.</doc>
<status status="PASS" start="2025-04-24T16:13:11.276100" elapsed="0.137570"/>
</kw>
<kw name="Click Button" owner="SeleniumLibrary">
<msg time="2025-04-24T16:13:11.414400" level="INFO">Clicking button 'css=button[data-testid='add-todo-button']'.</msg>
<arg>${selectors.add_todo_button}</arg>
<doc>Clicks the button identified by ``locator``.</doc>
<status status="PASS" start="2025-04-24T16:13:11.413891" elapsed="0.242399"/>
</kw>
<kw name="Wait Until Page Contains" owner="SeleniumLibrary">
<arg>${todo_text}</arg>
<arg>${timeouts.element_visible}</arg>
<doc>Waits until ``text`` appears on the current page.</doc>
<status status="PASS" start="2025-04-24T16:13:11.656523" elapsed="0.003098"/>
</kw>
<arg>${todo_text}</arg>
<status status="PASS" start="2025-04-24T16:13:11.275593" elapsed="0.384141"/>
</kw>
<arg>Clean house</arg>
<status status="PASS" start="2025-04-24T16:13:11.275262" elapsed="0.384536"/>
</kw>
<kw name="Add New Todo" owner="todo_keywords">
<kw name="Add Todo Item" owner="todo_keywords">
<kw name="Log" owner="BuiltIn">
<msg time="2025-04-24T16:13:11.660786" level="INFO">Adding todo item: Do laundry</msg>
<arg>Adding todo item: ${todo_text}</arg>
<doc>Logs the given message with the given level.</doc>
<status status="PASS" start="2025-04-24T16:13:11.660625" elapsed="0.000218"/>
</kw>
<kw name="Input Text" owner="SeleniumLibrary">
<msg time="2025-04-24T16:13:11.661619" level="INFO">Typing text 'Do laundry' into text field 'css=input[placeholder='Add a new todo']'.</msg>
<arg>${selectors.todo_input}</arg>
<arg>${todo_text}</arg>
<doc>Types the given ``text`` into the text field identified by ``locator``.</doc>
<status status="PASS" start="2025-04-24T16:13:11.661013" elapsed="0.021133"/>
</kw>
<kw name="Click Button" owner="SeleniumLibrary">
<msg time="2025-04-24T16:13:11.682873" level="INFO">Clicking button 'css=button[data-testid='add-todo-button']'.</msg>
<arg>${selectors.add_todo_button}</arg>
<doc>Clicks the button identified by ``locator``.</doc>
<status status="PASS" start="2025-04-24T16:13:11.682360" elapsed="0.214987"/>
</kw>
<kw name="Wait Until Page Contains" owner="SeleniumLibrary">
<arg>${todo_text}</arg>
<arg>${timeouts.element_visible}</arg>
<doc>Waits until ``text`` appears on the current page.</doc>
<status status="PASS" start="2025-04-24T16:13:11.897719" elapsed="0.005598"/>
</kw>
<arg>${todo_text}</arg>
<status status="PASS" start="2025-04-24T16:13:11.660378" elapsed="0.243186"/>
</kw>
<arg>Do laundry</arg>
<status status="PASS" start="2025-04-24T16:13:11.660030" elapsed="0.243665"/>
</kw>
<kw name="Add New Todo" owner="todo_keywords">
<kw name="Add Todo Item" owner="todo_keywords">
<kw name="Log" owner="BuiltIn">
<msg time="2025-04-24T16:13:11.906130" level="INFO">Adding todo item: Cook dinner</msg>
<arg>Adding todo item: ${todo_text}</arg>
<doc>Logs the given message with the given level.</doc>
<status status="PASS" start="2025-04-24T16:13:11.905706" elapsed="0.000548"/>
</kw>
<kw name="Input Text" owner="SeleniumLibrary">
<msg time="2025-04-24T16:13:11.907609" level="INFO">Typing text 'Cook dinner' into text field 'css=input[placeholder='Add a new todo']'.</msg>
<arg>${selectors.todo_input}</arg>
<arg>${todo_text}</arg>
<doc>Types the given ``text`` into the text field identified by ``locator``.</doc>
<status status="PASS" start="2025-04-24T16:13:11.906536" elapsed="0.032523"/>
</kw>
<kw name="Click Button" owner="SeleniumLibrary">
<msg time="2025-04-24T16:13:11.939713" level="INFO">Clicking button 'css=button[data-testid='add-todo-button']'.</msg>
<arg>${selectors.add_todo_button}</arg>
<doc>Clicks the button identified by ``locator``.</doc>
<status status="PASS" start="2025-04-24T16:13:11.939256" elapsed="0.212437"/>
</kw>
<kw name="Wait Until Page Contains" owner="SeleniumLibrary">
<arg>${todo_text}</arg>
<arg>${timeouts.element_visible}</arg>
<doc>Waits until ``text`` appears on the current page.</doc>
<status status="PASS" start="2025-04-24T16:13:12.151898" elapsed="0.011674"/>
</kw>
<arg>${todo_text}</arg>
<status status="PASS" start="2025-04-24T16:13:11.905023" elapsed="0.258679"/>
</kw>
<arg>Cook dinner</arg>
<status status="PASS" start="2025-04-24T16:13:11.904199" elapsed="0.259558"/>
</kw>
<kw name="Delete Todo" owner="todo_keywords">
<kw name="Delete Todo Item" owner="todo_keywords">
<kw name="Log" owner="BuiltIn">
<msg time="2025-04-24T16:13:12.164651" level="INFO">Deleting todo item: Do laundry</msg>
<arg>Deleting todo item: ${todo_text}</arg>
<doc>Logs the given message with the given level.</doc>
<status status="PASS" start="2025-04-24T16:13:12.164522" elapsed="0.000182"/>
</kw>
<kw name="Replace String" owner="String">
<msg time="2025-04-24T16:13:12.165231" level="INFO">${selector} = xpath=//li[.//span[contains(text(), 'Do laundry')]]//button[@data-testid[starts-with(., 'todo-delete-')]]</msg>
<var>${selector}</var>
<arg>${selectors.todo_delete_for_text}</arg>
<arg>{0}</arg>
<arg>${todo_text}</arg>
<doc>Replaces ``search_for`` in the given ``string`` with ``replace_with``.</doc>
<status status="PASS" start="2025-04-24T16:13:12.164813" elapsed="0.000466"/>
</kw>
<kw name="Get WebElement" owner="SeleniumLibrary">
<msg time="2025-04-24T16:13:12.167956" level="INFO">${delete_button} = &lt;selenium.webdriver.remote.webelement.WebElement (session="b40ca54c-5d5d-4f50-9eec-7d76f8d3e95a", element="7cb6c363-d4cf-459a-a67d-db1b4e7d1403")&gt;</msg>
<var>${delete_button}</var>
<arg>${selector}</arg>
<doc>Returns the first WebElement matching the given ``locator``.</doc>
<status status="PASS" start="2025-04-24T16:13:12.165406" elapsed="0.002599"/>
</kw>
<kw name="Click Element" owner="SeleniumLibrary">
<msg time="2025-04-24T16:13:12.168402" level="INFO">Clicking element '&lt;selenium.webdriver.remote.webelement.WebElement (session="b40ca54c-5d5d-4f50-9eec-7d76f8d3e95a", element="7cb6c363-d4cf-459a-a67d-db1b4e7d1403")&gt;'.</msg>
<arg>${delete_button}</arg>
<doc>Click the element identified by ``locator``.</doc>
<status status="PASS" start="2025-04-24T16:13:12.168176" elapsed="0.207521"/>
</kw>
<kw name="Wait Until Page Does Not Contain" owner="SeleniumLibrary">
<arg>${todo_text}</arg>
<arg>${timeouts.element_visible}</arg>
<doc>Waits until ``text`` disappears from the current page.</doc>
<status status="PASS" start="2025-04-24T16:13:12.376147" elapsed="0.005937"/>
</kw>
<arg>${todo_text}</arg>
<status status="PASS" start="2025-04-24T16:13:12.164297" elapsed="0.218092"/>
</kw>
<arg>Do laundry</arg>
<status status="PASS" start="2025-04-24T16:13:12.163981" elapsed="0.218661"/>
</kw>
<kw name="Verify Todo Does Not Exist" owner="todo_keywords">
<kw name="Verify Todo Not Exists" owner="todo_keywords">
<kw name="Page Should Not Contain" owner="SeleniumLibrary">
<msg time="2025-04-24T16:13:12.396220" level="INFO">Current page does not contain text 'Do laundry'.</msg>
<arg>${todo_text}</arg>
<doc>Verifies the current page does not contain ``text``.</doc>
<status status="PASS" start="2025-04-24T16:13:12.385452" elapsed="0.010940"/>
</kw>
<kw name="Log" owner="BuiltIn">
<msg time="2025-04-24T16:13:12.397090" level="INFO">Verified todo item does not exist: Do laundry</msg>
<arg>Verified todo item does not exist: ${todo_text}</arg>
<doc>Logs the given message with the given level.</doc>
<status status="PASS" start="2025-04-24T16:13:12.396707" elapsed="0.000468"/>
</kw>
<arg>${todo_text}</arg>
<status status="PASS" start="2025-04-24T16:13:12.384454" elapsed="0.012856"/>
</kw>
<arg>Do laundry</arg>
<status status="PASS" start="2025-04-24T16:13:12.383334" elapsed="0.014066"/>
</kw>
<kw name="Verify Todo Exists" owner="todo_keywords">
<kw name="Page Should Contain" owner="SeleniumLibrary">
<msg time="2025-04-24T16:13:12.403830" level="INFO">Current page contains text 'Clean house'.</msg>
<arg>${todo_text}</arg>
<doc>Verifies that current page contains ``text``.</doc>
<status status="PASS" start="2025-04-24T16:13:12.398410" elapsed="0.005531"/>
</kw>
<kw name="Log" owner="BuiltIn">
<msg time="2025-04-24T16:13:12.404296" level="INFO">Verified todo item exists: Clean house</msg>
<arg>Verified todo item exists: ${todo_text}</arg>
<doc>Logs the given message with the given level.</doc>
<status status="PASS" start="2025-04-24T16:13:12.404110" elapsed="0.000229"/>
</kw>
<arg>Clean house</arg>
<status status="PASS" start="2025-04-24T16:13:12.397918" elapsed="0.006486"/>
</kw>
<kw name="Verify Todo Exists" owner="todo_keywords">
<kw name="Page Should Contain" owner="SeleniumLibrary">
<msg time="2025-04-24T16:13:12.408305" level="INFO">Current page contains text 'Cook dinner'.</msg>
<arg>${todo_text}</arg>
<doc>Verifies that current page contains ``text``.</doc>
<status status="PASS" start="2025-04-24T16:13:12.404849" elapsed="0.003554"/>
</kw>
<kw name="Log" owner="BuiltIn">
<msg time="2025-04-24T16:13:12.408747" level="INFO">Verified todo item exists: Cook dinner</msg>
<arg>Verified todo item exists: ${todo_text}</arg>
<doc>Logs the given message with the given level.</doc>
<status status="PASS" start="2025-04-24T16:13:12.408565" elapsed="0.000226"/>
</kw>
<arg>Cook dinner</arg>
<status status="PASS" start="2025-04-24T16:13:12.404585" elapsed="0.004271"/>
</kw>
<kw name="Close Todo Application" owner="todo_keywords" type="TEARDOWN">
<kw name="Close Browser and Stop App" owner="todo_keywords">
<kw name="Close Browser" owner="SeleniumLibrary">
<doc>Closes the current browser.</doc>
<status status="PASS" start="2025-04-24T16:13:12.409610" elapsed="0.804058"/>
</kw>
<kw name="Log" owner="BuiltIn">
<msg time="2025-04-24T16:13:13.214284" level="INFO">Closed browser and stopped application</msg>
<arg>Closed browser and stopped application</arg>
<doc>Logs the given message with the given level.</doc>
<status status="PASS" start="2025-04-24T16:13:13.214019" elapsed="0.000352"/>
</kw>
<status status="PASS" start="2025-04-24T16:13:12.409413" elapsed="0.805195"/>
</kw>
<status status="PASS" start="2025-04-24T16:13:12.409152" elapsed="0.805585"/>
</kw>
<doc>Test deleting todos</doc>
<status status="PASS" start="2025-04-24T16:13:07.715719" elapsed="5.499268"/>
</test>
<test id="s1-t4" name="Test Multiple Operations" line="36">
<kw name="Open Todo Application" owner="todo_keywords" type="SETUP">
<kw name="Open Todo List" owner="todo_keywords">
<kw name="Open Browser" owner="SeleniumLibrary">
<msg time="2025-04-24T16:13:13.218373" level="INFO">Opening browser 'firefox' to base url 'http://localhost:3000'.</msg>
<arg>${app.url}</arg>
<arg>firefox</arg>
<doc>Opens a new browser instance to the optional ``url``.</doc>
<status status="PASS" start="2025-04-24T16:13:13.217413" elapsed="3.154446"/>
</kw>
<kw name="Wait Until Page Contains Element" owner="SeleniumLibrary">
<arg>${selectors.todo_input}</arg>
<arg>${timeouts.page_load}</arg>
<doc>Waits until the element ``locator`` appears on the current page.</doc>
<status status="PASS" start="2025-04-24T16:13:16.372127" elapsed="0.017210"/>
</kw>
<kw name="Log" owner="BuiltIn">
<msg time="2025-04-24T16:13:16.389934" level="INFO">Opened todo list application</msg>
<arg>Opened todo list application</arg>
<doc>Logs the given message with the given level.</doc>
<status status="PASS" start="2025-04-24T16:13:16.389660" elapsed="0.000351"/>
</kw>
<status status="PASS" start="2025-04-24T16:13:13.216948" elapsed="3.173184"/>
</kw>
<status status="PASS" start="2025-04-24T16:13:13.216417" elapsed="3.173791"/>
</kw>
<kw name="Add New Todo" owner="todo_keywords">
<kw name="Add Todo Item" owner="todo_keywords">
<kw name="Log" owner="BuiltIn">
<msg time="2025-04-24T16:13:16.391514" level="INFO">Adding todo item: Read book</msg>
<arg>Adding todo item: ${todo_text}</arg>
<doc>Logs the given message with the given level.</doc>
<status status="PASS" start="2025-04-24T16:13:16.391314" elapsed="0.000269"/>
</kw>
<kw name="Input Text" owner="SeleniumLibrary">
<msg time="2025-04-24T16:13:16.392397" level="INFO">Typing text 'Read book' into text field 'css=input[placeholder='Add a new todo']'.</msg>
<arg>${selectors.todo_input}</arg>
<arg>${todo_text}</arg>
<doc>Types the given ``text`` into the text field identified by ``locator``.</doc>
<status status="PASS" start="2025-04-24T16:13:16.391736" elapsed="0.068526"/>
</kw>
<kw name="Click Button" owner="SeleniumLibrary">
<msg time="2025-04-24T16:13:16.460953" level="INFO">Clicking button 'css=button[data-testid='add-todo-button']'.</msg>
<arg>${selectors.add_todo_button}</arg>
<doc>Clicks the button identified by ``locator``.</doc>
<status status="PASS" start="2025-04-24T16:13:16.460465" elapsed="0.225310"/>
</kw>
<kw name="Wait Until Page Contains" owner="SeleniumLibrary">
<arg>${todo_text}</arg>
<arg>${timeouts.element_visible}</arg>
<doc>Waits until ``text`` appears on the current page.</doc>
<status status="PASS" start="2025-04-24T16:13:16.685996" elapsed="0.004206"/>
</kw>
<arg>${todo_text}</arg>
<status status="PASS" start="2025-04-24T16:13:16.390940" elapsed="0.299390"/>
</kw>
<arg>Read book</arg>
<status status="PASS" start="2025-04-24T16:13:16.390505" elapsed="0.299880"/>
</kw>
<kw name="Add New Todo" owner="todo_keywords">
<kw name="Add Todo Item" owner="todo_keywords">
<kw name="Log" owner="BuiltIn">
<msg time="2025-04-24T16:13:16.691458" level="INFO">Adding todo item: Write code</msg>
<arg>Adding todo item: ${todo_text}</arg>
<doc>Logs the given message with the given level.</doc>
<status status="PASS" start="2025-04-24T16:13:16.691175" elapsed="0.000331"/>
</kw>
<kw name="Input Text" owner="SeleniumLibrary">
<msg time="2025-04-24T16:13:16.692022" level="INFO">Typing text 'Write code' into text field 'css=input[placeholder='Add a new todo']'.</msg>
<arg>${selectors.todo_input}</arg>
<arg>${todo_text}</arg>
<doc>Types the given ``text`` into the text field identified by ``locator``.</doc>
<status status="PASS" start="2025-04-24T16:13:16.691610" elapsed="0.019710"/>
</kw>
<kw name="Click Button" owner="SeleniumLibrary">
<msg time="2025-04-24T16:13:16.712100" level="INFO">Clicking button 'css=button[data-testid='add-todo-button']'.</msg>
<arg>${selectors.add_todo_button}</arg>
<doc>Clicks the button identified by ``locator``.</doc>
<status status="PASS" start="2025-04-24T16:13:16.711549" elapsed="0.231272"/>
</kw>
<kw name="Wait Until Page Contains" owner="SeleniumLibrary">
<arg>${todo_text}</arg>
<arg>${timeouts.element_visible}</arg>
<doc>Waits until ``text`` appears on the current page.</doc>
<status status="PASS" start="2025-04-24T16:13:16.943064" elapsed="0.003949"/>
</kw>
<arg>${todo_text}</arg>
<status status="PASS" start="2025-04-24T16:13:16.690938" elapsed="0.256204"/>
</kw>
<arg>Write code</arg>
<status status="PASS" start="2025-04-24T16:13:16.690615" elapsed="0.256582"/>
</kw>
<kw name="Toggle Todo" owner="todo_keywords">
<kw name="Replace String" owner="String">
<msg time="2025-04-24T16:13:16.948179" level="INFO">${selector} = xpath=//li[.//span[contains(text(), 'Read book')]]//input[@type='checkbox']</msg>
<var>${selector}</var>
<arg>${selectors.todo_checkbox_for_text}</arg>
<arg>{0}</arg>
<arg>${todo_text}</arg>
<doc>Replaces ``search_for`` in the given ``string`` with ``replace_with``.</doc>
<status status="PASS" start="2025-04-24T16:13:16.947727" elapsed="0.000497"/>
</kw>
<kw name="Get WebElement" owner="SeleniumLibrary">
<msg time="2025-04-24T16:13:16.950666" level="INFO">${checkbox} = &lt;selenium.webdriver.remote.webelement.WebElement (session="b2284823-9f3d-4616-86de-015cad6e1ce0", element="09f40287-88ac-4f7f-b7cd-015236569a62")&gt;</msg>
<var>${checkbox}</var>
<arg>${selector}</arg>
<doc>Returns the first WebElement matching the given ``locator``.</doc>
<status status="PASS" start="2025-04-24T16:13:16.948380" elapsed="0.002335"/>
</kw>
<kw name="Click Element" owner="SeleniumLibrary">
<msg time="2025-04-24T16:13:16.951280" level="INFO">Clicking element '&lt;selenium.webdriver.remote.webelement.WebElement (session="b2284823-9f3d-4616-86de-015cad6e1ce0", element="09f40287-88ac-4f7f-b7cd-015236569a62")&gt;'.</msg>
<arg>${checkbox}</arg>
<doc>Click the element identified by ``locator``.</doc>
<status status="PASS" start="2025-04-24T16:13:16.950886" elapsed="0.206263"/>
</kw>
<kw name="Log" owner="BuiltIn">
<msg time="2025-04-24T16:13:17.157540" level="INFO">Toggled todo item: Read book</msg>
<arg>Toggled todo item: ${todo_text}</arg>
<doc>Logs the given message with the given level.</doc>
<status status="PASS" start="2025-04-24T16:13:17.157343" elapsed="0.000244"/>
</kw>
<arg>Read book</arg>
<status status="PASS" start="2025-04-24T16:13:16.947426" elapsed="0.210227"/>
</kw>
<kw name="Verify Todo Completed" owner="todo_keywords">
<kw name="Replace String" owner="String">
<msg time="2025-04-24T16:13:17.158522" level="INFO">${selector} = xpath=//li[.//span[contains(text(), 'Read book')]]//input[@type='checkbox']</msg>
<var>${selector}</var>
<arg>${selectors.todo_checkbox_for_text}</arg>
<arg>{0}</arg>
<arg>${todo_text}</arg>
<doc>Replaces ``search_for`` in the given ``string`` with ``replace_with``.</doc>
<status status="PASS" start="2025-04-24T16:13:17.158137" elapsed="0.000411"/>
</kw>
<kw name="Get WebElement" owner="SeleniumLibrary">
<msg time="2025-04-24T16:13:17.161143" level="INFO">${checkbox} = &lt;selenium.webdriver.remote.webelement.WebElement (session="b2284823-9f3d-4616-86de-015cad6e1ce0", element="09f40287-88ac-4f7f-b7cd-015236569a62")&gt;</msg>
<var>${checkbox}</var>
<arg>${selector}</arg>
<doc>Returns the first WebElement matching the given ``locator``.</doc>
<status status="PASS" start="2025-04-24T16:13:17.158655" elapsed="0.002551"/>
</kw>
<kw name="Checkbox Should Be Selected" owner="SeleniumLibrary">
<msg time="2025-04-24T16:13:17.161795" level="INFO">Verifying checkbox '&lt;selenium.webdriver.remote.webelement.WebElement (session="b2284823-9f3d-4616-86de-015cad6e1ce0", element="09f40287-88ac-4f7f-b7cd-015236569a62")&gt;' is selected.</msg>
<arg>${checkbox}</arg>
<doc>Verifies checkbox ``locator`` is selected/checked.</doc>
<status status="PASS" start="2025-04-24T16:13:17.161443" elapsed="0.002896"/>
</kw>
<kw name="Log" owner="BuiltIn">
<msg time="2025-04-24T16:13:17.164775" level="INFO">Verified todo item is completed: Read book</msg>
<arg>Verified todo item is completed: ${todo_text}</arg>
<doc>Logs the given message with the given level.</doc>
<status status="PASS" start="2025-04-24T16:13:17.164565" elapsed="0.000270"/>
</kw>
<arg>Read book</arg>
<status status="PASS" start="2025-04-24T16:13:17.157869" elapsed="0.007047"/>
</kw>
<kw name="Add New Todo" owner="todo_keywords">
<kw name="Add Todo Item" owner="todo_keywords">
<kw name="Log" owner="BuiltIn">
<msg time="2025-04-24T16:13:17.165965" level="INFO">Adding todo item: Send email</msg>
<arg>Adding todo item: ${todo_text}</arg>
<doc>Logs the given message with the given level.</doc>
<status status="PASS" start="2025-04-24T16:13:17.165799" elapsed="0.000216"/>
</kw>
<kw name="Input Text" owner="SeleniumLibrary">
<msg time="2025-04-24T16:13:17.166551" level="INFO">Typing text 'Send email' into text field 'css=input[placeholder='Add a new todo']'.</msg>
<arg>${selectors.todo_input}</arg>
<arg>${todo_text}</arg>
<doc>Types the given ``text`` into the text field identified by ``locator``.</doc>
<status status="PASS" start="2025-04-24T16:13:17.166128" elapsed="0.024258"/>
</kw>
<kw name="Click Button" owner="SeleniumLibrary">
<msg time="2025-04-24T16:13:17.191302" level="INFO">Clicking button 'css=button[data-testid='add-todo-button']'.</msg>
<arg>${selectors.add_todo_button}</arg>
<doc>Clicks the button identified by ``locator``.</doc>
<status status="PASS" start="2025-04-24T16:13:17.190647" elapsed="0.214790"/>
</kw>
<kw name="Wait Until Page Contains" owner="SeleniumLibrary">
<arg>${todo_text}</arg>
<arg>${timeouts.element_visible}</arg>
<doc>Waits until ``text`` appears on the current page.</doc>
<status status="PASS" start="2025-04-24T16:13:17.405638" elapsed="0.003160"/>
</kw>
<arg>${todo_text}</arg>
<status status="PASS" start="2025-04-24T16:13:17.165409" elapsed="0.243513"/>
</kw>
<arg>Send email</arg>
<status status="PASS" start="2025-04-24T16:13:17.165119" elapsed="0.243857"/>
</kw>
<kw name="Delete Todo" owner="todo_keywords">
<kw name="Delete Todo Item" owner="todo_keywords">
<kw name="Log" owner="BuiltIn">
<msg time="2025-04-24T16:13:17.409813" level="INFO">Deleting todo item: Write code</msg>
<arg>Deleting todo item: ${todo_text}</arg>
<doc>Logs the given message with the given level.</doc>
<status status="PASS" start="2025-04-24T16:13:17.409680" elapsed="0.000176"/>
</kw>
<kw name="Replace String" owner="String">
<msg time="2025-04-24T16:13:17.410343" level="INFO">${selector} = xpath=//li[.//span[contains(text(), 'Write code')]]//button[@data-testid[starts-with(., 'todo-delete-')]]</msg>
<var>${selector}</var>
<arg>${selectors.todo_delete_for_text}</arg>
<arg>{0}</arg>
<arg>${todo_text}</arg>
<doc>Replaces ``search_for`` in the given ``string`` with ``replace_with``.</doc>
<status status="PASS" start="2025-04-24T16:13:17.409963" elapsed="0.000405"/>
</kw>
<kw name="Get WebElement" owner="SeleniumLibrary">
<msg time="2025-04-24T16:13:17.413021" level="INFO">${delete_button} = &lt;selenium.webdriver.remote.webelement.WebElement (session="b2284823-9f3d-4616-86de-015cad6e1ce0", element="5c11a2df-0ad7-4e61-a9b8-a5f526d85eaa")&gt;</msg>
<var>${delete_button}</var>
<arg>${selector}</arg>
<doc>Returns the first WebElement matching the given ``locator``.</doc>
<status status="PASS" start="2025-04-24T16:13:17.410473" elapsed="0.002596"/>
</kw>
<kw name="Click Element" owner="SeleniumLibrary">
<msg time="2025-04-24T16:13:17.413471" level="INFO">Clicking element '&lt;selenium.webdriver.remote.webelement.WebElement (session="b2284823-9f3d-4616-86de-015cad6e1ce0", element="5c11a2df-0ad7-4e61-a9b8-a5f526d85eaa")&gt;'.</msg>
<arg>${delete_button}</arg>
<doc>Click the element identified by ``locator``.</doc>
<status status="PASS" start="2025-04-24T16:13:17.413243" elapsed="0.207223"/>
</kw>
<kw name="Wait Until Page Does Not Contain" owner="SeleniumLibrary">
<arg>${todo_text}</arg>
<arg>${timeouts.element_visible}</arg>
<doc>Waits until ``text`` disappears from the current page.</doc>
<status status="PASS" start="2025-04-24T16:13:17.620738" elapsed="0.002589"/>
</kw>
<arg>${todo_text}</arg>
<status status="PASS" start="2025-04-24T16:13:17.409461" elapsed="0.213973"/>
</kw>
<arg>Write code</arg>
<status status="PASS" start="2025-04-24T16:13:17.409178" elapsed="0.214308"/>
</kw>
<kw name="Verify Todo Does Not Exist" owner="todo_keywords">
<kw name="Verify Todo Not Exists" owner="todo_keywords">
<kw name="Page Should Not Contain" owner="SeleniumLibrary">
<msg time="2025-04-24T16:13:17.629103" level="INFO">Current page does not contain text 'Write code'.</msg>
<arg>${todo_text}</arg>
<doc>Verifies the current page does not contain ``text``.</doc>
<status status="PASS" start="2025-04-24T16:13:17.624319" elapsed="0.004869"/>
</kw>
<kw name="Log" owner="BuiltIn">
<msg time="2025-04-24T16:13:17.629597" level="INFO">Verified todo item does not exist: Write code</msg>
<arg>Verified todo item does not exist: ${todo_text}</arg>
<doc>Logs the given message with the given level.</doc>
<status status="PASS" start="2025-04-24T16:13:17.629383" elapsed="0.000260"/>
</kw>
<arg>${todo_text}</arg>
<status status="PASS" start="2025-04-24T16:13:17.623959" elapsed="0.005753"/>
</kw>
<arg>Write code</arg>
<status status="PASS" start="2025-04-24T16:13:17.623684" elapsed="0.006077"/>
</kw>
<kw name="Toggle Todo" owner="todo_keywords">
<kw name="Replace String" owner="String">
<msg time="2025-04-24T16:13:17.630569" level="INFO">${selector} = xpath=//li[.//span[contains(text(), 'Send email')]]//input[@type='checkbox']</msg>
<var>${selector}</var>
<arg>${selectors.todo_checkbox_for_text}</arg>
<arg>{0}</arg>
<arg>${todo_text}</arg>
<doc>Replaces ``search_for`` in the given ``string`` with ``replace_with``.</doc>
<status status="PASS" start="2025-04-24T16:13:17.630184" elapsed="0.000411"/>
</kw>
<kw name="Get WebElement" owner="SeleniumLibrary">
<msg time="2025-04-24T16:13:17.633175" level="INFO">${checkbox} = &lt;selenium.webdriver.remote.webelement.WebElement (session="b2284823-9f3d-4616-86de-015cad6e1ce0", element="7766ffb5-706e-4fbc-9e9f-636771229a4b")&gt;</msg>
<var>${checkbox}</var>
<arg>${selector}</arg>
<doc>Returns the first WebElement matching the given ``locator``.</doc>
<status status="PASS" start="2025-04-24T16:13:17.630754" elapsed="0.002477"/>
</kw>
<kw name="Click Element" owner="SeleniumLibrary">
<msg time="2025-04-24T16:13:17.633619" level="INFO">Clicking element '&lt;selenium.webdriver.remote.webelement.WebElement (session="b2284823-9f3d-4616-86de-015cad6e1ce0", element="7766ffb5-706e-4fbc-9e9f-636771229a4b")&gt;'.</msg>
<arg>${checkbox}</arg>
<doc>Click the element identified by ``locator``.</doc>
<status status="PASS" start="2025-04-24T16:13:17.633406" elapsed="0.206397"/>
</kw>
<kw name="Log" owner="BuiltIn">
<msg time="2025-04-24T16:13:17.840401" level="INFO">Toggled todo item: Send email</msg>
<arg>Toggled todo item: ${todo_text}</arg>
<doc>Logs the given message with the given level.</doc>
<status status="PASS" start="2025-04-24T16:13:17.840098" elapsed="0.000376"/>
</kw>
<arg>Send email</arg>
<status status="PASS" start="2025-04-24T16:13:17.629954" elapsed="0.210612"/>
</kw>
<kw name="Verify Todo Completed" owner="todo_keywords">
<kw name="Replace String" owner="String">
<msg time="2025-04-24T16:13:17.841784" level="INFO">${selector} = xpath=//li[.//span[contains(text(), 'Send email')]]//input[@type='checkbox']</msg>
<var>${selector}</var>
<arg>${selectors.todo_checkbox_for_text}</arg>
<arg>{0}</arg>
<arg>${todo_text}</arg>
<doc>Replaces ``search_for`` in the given ``string`` with ``replace_with``.</doc>
<status status="PASS" start="2025-04-24T16:13:17.841199" elapsed="0.000622"/>
</kw>
<kw name="Get WebElement" owner="SeleniumLibrary">
<msg time="2025-04-24T16:13:17.844520" level="INFO">${checkbox} = &lt;selenium.webdriver.remote.webelement.WebElement (session="b2284823-9f3d-4616-86de-015cad6e1ce0", element="7766ffb5-706e-4fbc-9e9f-636771229a4b")&gt;</msg>
<var>${checkbox}</var>
<arg>${selector}</arg>
<doc>Returns the first WebElement matching the given ``locator``.</doc>
<status status="PASS" start="2025-04-24T16:13:17.841979" elapsed="0.002589"/>
</kw>
<kw name="Checkbox Should Be Selected" owner="SeleniumLibrary">
<msg time="2025-04-24T16:13:17.845030" level="INFO">Verifying checkbox '&lt;selenium.webdriver.remote.webelement.WebElement (session="b2284823-9f3d-4616-86de-015cad6e1ce0", element="7766ffb5-706e-4fbc-9e9f-636771229a4b")&gt;' is selected.</msg>
<arg>${checkbox}</arg>
<doc>Verifies checkbox ``locator`` is selected/checked.</doc>
<status status="PASS" start="2025-04-24T16:13:17.844727" elapsed="0.003159"/>
</kw>
<kw name="Log" owner="BuiltIn">
<msg time="2025-04-24T16:13:17.848283" level="INFO">Verified todo item is completed: Send email</msg>
<arg>Verified todo item is completed: ${todo_text}</arg>
<doc>Logs the given message with the given level.</doc>
<status status="PASS" start="2025-04-24T16:13:17.848090" elapsed="0.000241"/>
</kw>
<arg>Send email</arg>
<status status="PASS" start="2025-04-24T16:13:17.840853" elapsed="0.007547"/>
</kw>
<kw name="Close Todo Application" owner="todo_keywords" type="TEARDOWN">
<kw name="Close Browser and Stop App" owner="todo_keywords">
<kw name="Close Browser" owner="SeleniumLibrary">
<doc>Closes the current browser.</doc>
<status status="PASS" start="2025-04-24T16:13:17.849432" elapsed="0.794414"/>
</kw>
<kw name="Log" owner="BuiltIn">
<msg time="2025-04-24T16:13:18.644342" level="INFO">Closed browser and stopped application</msg>
<arg>Closed browser and stopped application</arg>
<doc>Logs the given message with the given level.</doc>
<status status="PASS" start="2025-04-24T16:13:18.644124" elapsed="0.000294"/>
</kw>
<status status="PASS" start="2025-04-24T16:13:17.849121" elapsed="0.795496"/>
</kw>
<status status="PASS" start="2025-04-24T16:13:17.848726" elapsed="0.795979"/>
</kw>
<doc>Test multiple operations</doc>
<status status="PASS" start="2025-04-24T16:13:13.215514" elapsed="5.429307"/>
</test>
<test id="s1-t5" name="Test Complex Workflow" line="48">
<kw name="Open Todo Application" owner="todo_keywords" type="SETUP">
<kw name="Open Todo List" owner="todo_keywords">
<kw name="Open Browser" owner="SeleniumLibrary">
<msg time="2025-04-24T16:13:18.646936" level="INFO">Opening browser 'firefox' to base url 'http://localhost:3000'.</msg>
<arg>${app.url}</arg>
<arg>firefox</arg>
<doc>Opens a new browser instance to the optional ``url``.</doc>
<status status="PASS" start="2025-04-24T16:13:18.646285" elapsed="3.069426"/>
</kw>
<kw name="Wait Until Page Contains Element" owner="SeleniumLibrary">
<arg>${selectors.todo_input}</arg>
<arg>${timeouts.page_load}</arg>
<doc>Waits until the element ``locator`` appears on the current page.</doc>
<status status="PASS" start="2025-04-24T16:13:21.715933" elapsed="0.014700"/>
</kw>
<kw name="Log" owner="BuiltIn">
<msg time="2025-04-24T16:13:21.731004" level="INFO">Opened todo list application</msg>
<arg>Opened todo list application</arg>
<doc>Logs the given message with the given level.</doc>
<status status="PASS" start="2025-04-24T16:13:21.730837" elapsed="0.000218"/>
</kw>
<status status="PASS" start="2025-04-24T16:13:18.645969" elapsed="3.085158"/>
</kw>
<status status="PASS" start="2025-04-24T16:13:18.645612" elapsed="3.085560"/>
</kw>
<kw name="Add New Todo" owner="todo_keywords">
<kw name="Add Todo Item" owner="todo_keywords">
<kw name="Log" owner="BuiltIn">
<msg time="2025-04-24T16:13:21.732743" level="INFO">Adding todo item: Meeting prep</msg>
<arg>Adding todo item: ${todo_text}</arg>
<doc>Logs the given message with the given level.</doc>
<status status="PASS" start="2025-04-24T16:13:21.732555" elapsed="0.000235"/>
</kw>
<kw name="Input Text" owner="SeleniumLibrary">
<msg time="2025-04-24T16:13:21.733323" level="INFO">Typing text 'Meeting prep' into text field 'css=input[placeholder='Add a new todo']'.</msg>
<arg>${selectors.todo_input}</arg>
<arg>${todo_text}</arg>
<doc>Types the given ``text`` into the text field identified by ``locator``.</doc>
<status status="PASS" start="2025-04-24T16:13:21.732901" elapsed="0.106075"/>
</kw>
<kw name="Click Button" owner="SeleniumLibrary">
<msg time="2025-04-24T16:13:21.839666" level="INFO">Clicking button 'css=button[data-testid='add-todo-button']'.</msg>
<arg>${selectors.add_todo_button}</arg>
<doc>Clicks the button identified by ``locator``.</doc>
<status status="PASS" start="2025-04-24T16:13:21.839181" elapsed="0.241274"/>
</kw>
<kw name="Wait Until Page Contains" owner="SeleniumLibrary">
<arg>${todo_text}</arg>
<arg>${timeouts.element_visible}</arg>
<doc>Waits until ``text`` appears on the current page.</doc>
<status status="PASS" start="2025-04-24T16:13:22.080650" elapsed="0.003011"/>
</kw>
<arg>${todo_text}</arg>
<status status="PASS" start="2025-04-24T16:13:21.731660" elapsed="0.352111"/>
</kw>
<arg>Meeting prep</arg>
<status status="PASS" start="2025-04-24T16:13:21.731366" elapsed="0.352455"/>
</kw>
<kw name="Add New Todo" owner="todo_keywords">
<kw name="Add Todo Item" owner="todo_keywords">
<kw name="Log" owner="BuiltIn">
<msg time="2025-04-24T16:13:22.084657" level="INFO">Adding todo item: Client call</msg>
<arg>Adding todo item: ${todo_text}</arg>
<doc>Logs the given message with the given level.</doc>
<status status="PASS" start="2025-04-24T16:13:22.084535" elapsed="0.000164"/>
</kw>
<kw name="Input Text" owner="SeleniumLibrary">
<msg time="2025-04-24T16:13:22.085189" level="INFO">Typing text 'Client call' into text field 'css=input[placeholder='Add a new todo']'.</msg>
<arg>${selectors.todo_input}</arg>
<arg>${todo_text}</arg>
<doc>Types the given ``text`` into the text field identified by ``locator``.</doc>
<status status="PASS" start="2025-04-24T16:13:22.084790" elapsed="0.020787"/>
</kw>
<kw name="Click Button" owner="SeleniumLibrary">
<msg time="2025-04-24T16:13:22.106364" level="INFO">Clicking button 'css=button[data-testid='add-todo-button']'.</msg>
<arg>${selectors.add_todo_button}</arg>
<doc>Clicks the button identified by ``locator``.</doc>
<status status="PASS" start="2025-04-24T16:13:22.105813" elapsed="0.230038"/>
</kw>
<kw name="Wait Until Page Contains" owner="SeleniumLibrary">
<arg>${todo_text}</arg>
<arg>${timeouts.element_visible}</arg>
<doc>Waits until ``text`` appears on the current page.</doc>
<status status="PASS" start="2025-04-24T16:13:22.336161" elapsed="0.003348"/>
</kw>
<arg>${todo_text}</arg>
<status status="PASS" start="2025-04-24T16:13:22.084317" elapsed="0.255319"/>
</kw>
<arg>Client call</arg>
<status status="PASS" start="2025-04-24T16:13:22.084031" elapsed="0.255657"/>
</kw>
<kw name="Add New Todo" owner="todo_keywords">
<kw name="Add Todo Item" owner="todo_keywords">
<kw name="Log" owner="BuiltIn">
<msg time="2025-04-24T16:13:22.340558" level="INFO">Adding todo item: Report writing</msg>
<arg>Adding todo item: ${todo_text}</arg>
<doc>Logs the given message with the given level.</doc>
<status status="PASS" start="2025-04-24T16:13:22.340424" elapsed="0.000182"/>
</kw>
<kw name="Input Text" owner="SeleniumLibrary">
<msg time="2025-04-24T16:13:22.341195" level="INFO">Typing text 'Report writing' into text field 'css=input[placeholder='Add a new todo']'.</msg>
<arg>${selectors.todo_input}</arg>
<arg>${todo_text}</arg>
<doc>Types the given ``text`` into the text field identified by ``locator``.</doc>
<status status="PASS" start="2025-04-24T16:13:22.340706" elapsed="0.026605"/>
</kw>
<kw name="Click Button" owner="SeleniumLibrary">
<msg time="2025-04-24T16:13:22.367984" level="INFO">Clicking button 'css=button[data-testid='add-todo-button']'.</msg>
<arg>${selectors.add_todo_button}</arg>
<doc>Clicks the button identified by ``locator``.</doc>
<status status="PASS" start="2025-04-24T16:13:22.367509" elapsed="0.216076"/>
</kw>
<kw name="Wait Until Page Contains" owner="SeleniumLibrary">
<arg>${todo_text}</arg>
<arg>${timeouts.element_visible}</arg>
<doc>Waits until ``text`` appears on the current page.</doc>
<status status="PASS" start="2025-04-24T16:13:22.583793" elapsed="0.002798"/>
</kw>
<arg>${todo_text}</arg>
<status status="PASS" start="2025-04-24T16:13:22.340197" elapsed="0.246597"/>
</kw>
<arg>Report writing</arg>
<status status="PASS" start="2025-04-24T16:13:22.339893" elapsed="0.246965"/>
</kw>
<kw name="Toggle Todo" owner="todo_keywords">
<kw name="Replace String" owner="String">
<msg time="2025-04-24T16:13:22.588364" level="INFO">${selector} = xpath=//li[.//span[contains(text(), 'Meeting prep')]]//input[@type='checkbox']</msg>
<var>${selector}</var>
<arg>${selectors.todo_checkbox_for_text}</arg>
<arg>{0}</arg>
<arg>${todo_text}</arg>
<doc>Replaces ``search_for`` in the given ``string`` with ``replace_with``.</doc>
<status status="PASS" start="2025-04-24T16:13:22.587739" elapsed="0.000680"/>
</kw>
<kw name="Get WebElement" owner="SeleniumLibrary">
<msg time="2025-04-24T16:13:22.591319" level="INFO">${checkbox} = &lt;selenium.webdriver.remote.webelement.WebElement (session="0e42e2bc-0613-4918-a544-5a94c27ba8e2", element="24b5bb8d-7242-4447-922d-aa9356189450")&gt;</msg>
<var>${checkbox}</var>
<arg>${selector}</arg>
<doc>Returns the first WebElement matching the given ``locator``.</doc>
<status status="PASS" start="2025-04-24T16:13:22.588663" elapsed="0.002712"/>
</kw>
<kw name="Click Element" owner="SeleniumLibrary">
<msg time="2025-04-24T16:13:22.591815" level="INFO">Clicking element '&lt;selenium.webdriver.remote.webelement.WebElement (session="0e42e2bc-0613-4918-a544-5a94c27ba8e2", element="24b5bb8d-7242-4447-922d-aa9356189450")&gt;'.</msg>
<arg>${checkbox}</arg>
<doc>Click the element identified by ``locator``.</doc>
<status status="PASS" start="2025-04-24T16:13:22.591565" elapsed="0.224036"/>
</kw>
<kw name="Log" owner="BuiltIn">
<msg time="2025-04-24T16:13:22.816009" level="INFO">Toggled todo item: Meeting prep</msg>
<arg>Toggled todo item: ${todo_text}</arg>
<doc>Logs the given message with the given level.</doc>
<status status="PASS" start="2025-04-24T16:13:22.815800" elapsed="0.000258"/>
</kw>
<arg>Meeting prep</arg>
<status status="PASS" start="2025-04-24T16:13:22.587249" elapsed="0.228876"/>
</kw>
<kw name="Add New Todo" owner="todo_keywords">
<kw name="Add Todo Item" owner="todo_keywords">
<kw name="Log" owner="BuiltIn">
<msg time="2025-04-24T16:13:22.816960" level="INFO">Adding todo item: Team sync</msg>
<arg>Adding todo item: ${todo_text}</arg>
<doc>Logs the given message with the given level.</doc>
<status status="PASS" start="2025-04-24T16:13:22.816840" elapsed="0.000159"/>
</kw>
<kw name="Input Text" owner="SeleniumLibrary">
<msg time="2025-04-24T16:13:22.817491" level="INFO">Typing text 'Team sync' into text field 'css=input[placeholder='Add a new todo']'.</msg>
<arg>${selectors.todo_input}</arg>
<arg>${todo_text}</arg>
<doc>Types the given ``text`` into the text field identified by ``locator``.</doc>
<status status="PASS" start="2025-04-24T16:13:22.817091" elapsed="0.027846"/>
</kw>
<kw name="Click Button" owner="SeleniumLibrary">
<msg time="2025-04-24T16:13:22.845614" level="INFO">Clicking button 'css=button[data-testid='add-todo-button']'.</msg>
<arg>${selectors.add_todo_button}</arg>
<doc>Clicks the button identified by ``locator``.</doc>
<status status="PASS" start="2025-04-24T16:13:22.845142" elapsed="0.211799"/>
</kw>
<kw name="Wait Until Page Contains" owner="SeleniumLibrary">
<arg>${todo_text}</arg>
<arg>${timeouts.element_visible}</arg>
<doc>Waits until ``text`` appears on the current page.</doc>
<status status="PASS" start="2025-04-24T16:13:23.057152" elapsed="0.003004"/>
</kw>
<arg>${todo_text}</arg>
<status status="PASS" start="2025-04-24T16:13:22.816626" elapsed="0.243650"/>
</kw>
<arg>Team sync</arg>
<status status="PASS" start="2025-04-24T16:13:22.816330" elapsed="0.243999"/>
</kw>
<kw name="Delete Todo" owner="todo_keywords">
<kw name="Delete Todo Item" owner="todo_keywords">
<kw name="Log" owner="BuiltIn">
<msg time="2025-04-24T16:13:23.061329" level="INFO">Deleting todo item: Client call</msg>
<arg>Deleting todo item: ${todo_text}</arg>
<doc>Logs the given message with the given level.</doc>
<status status="PASS" start="2025-04-24T16:13:23.061199" elapsed="0.000173"/>
</kw>
<kw name="Replace String" owner="String">
<msg time="2025-04-24T16:13:23.061824" level="INFO">${selector} = xpath=//li[.//span[contains(text(), 'Client call')]]//button[@data-testid[starts-with(., 'todo-delete-')]]</msg>
<var>${selector}</var>
<arg>${selectors.todo_delete_for_text}</arg>
<arg>{0}</arg>
<arg>${todo_text}</arg>
<doc>Replaces ``search_for`` in the given ``string`` with ``replace_with``.</doc>
<status status="PASS" start="2025-04-24T16:13:23.061463" elapsed="0.000385"/>
</kw>
<kw name="Get WebElement" owner="SeleniumLibrary">
<msg time="2025-04-24T16:13:23.063642" level="INFO">${delete_button} = &lt;selenium.webdriver.remote.webelement.WebElement (session="0e42e2bc-0613-4918-a544-5a94c27ba8e2", element="8fbf3af3-d16f-425d-8409-471c85317352")&gt;</msg>
<var>${delete_button}</var>
<arg>${selector}</arg>
<doc>Returns the first WebElement matching the given ``locator``.</doc>
<status status="PASS" start="2025-04-24T16:13:23.061954" elapsed="0.001726"/>
</kw>
<kw name="Click Element" owner="SeleniumLibrary">
<msg time="2025-04-24T16:13:23.064001" level="INFO">Clicking element '&lt;selenium.webdriver.remote.webelement.WebElement (session="0e42e2bc-0613-4918-a544-5a94c27ba8e2", element="8fbf3af3-d16f-425d-8409-471c85317352")&gt;'.</msg>
<arg>${delete_button}</arg>
<doc>Click the element identified by ``locator``.</doc>
<status status="PASS" start="2025-04-24T16:13:23.063809" elapsed="0.205297"/>
</kw>
<kw name="Wait Until Page Does Not Contain" owner="SeleniumLibrary">
<arg>${todo_text}</arg>
<arg>${timeouts.element_visible}</arg>
<doc>Waits until ``text`` disappears from the current page.</doc>
<status status="PASS" start="2025-04-24T16:13:23.269311" elapsed="0.003592"/>
</kw>
<arg>${todo_text}</arg>
<status status="PASS" start="2025-04-24T16:13:23.060839" elapsed="0.212224"/>
</kw>
<arg>Client call</arg>
<status status="PASS" start="2025-04-24T16:13:23.060541" elapsed="0.212587"/>
</kw>
<kw name="Toggle Todo" owner="todo_keywords">
<kw name="Replace String" owner="String">
<msg time="2025-04-24T16:13:23.274380" level="INFO">${selector} = xpath=//li[.//span[contains(text(), 'Report writing')]]//input[@type='checkbox']</msg>
<var>${selector}</var>
<arg>${selectors.todo_checkbox_for_text}</arg>
<arg>{0}</arg>
<arg>${todo_text}</arg>
<doc>Replaces ``search_for`` in the given ``string`` with ``replace_with``.</doc>
<status status="PASS" start="2025-04-24T16:13:23.273690" elapsed="0.000742"/>
</kw>
<kw name="Get WebElement" owner="SeleniumLibrary">
<msg time="2025-04-24T16:13:23.276622" level="INFO">${checkbox} = &lt;selenium.webdriver.remote.webelement.WebElement (session="0e42e2bc-0613-4918-a544-5a94c27ba8e2", element="45850fc6-46fe-474e-9485-59d1ab40bd74")&gt;</msg>
<var>${checkbox}</var>
<arg>${selector}</arg>
<doc>Returns the first WebElement matching the given ``locator``.</doc>
<status status="PASS" start="2025-04-24T16:13:23.274595" elapsed="0.002070"/>
</kw>
<kw name="Click Element" owner="SeleniumLibrary">
<msg time="2025-04-24T16:13:23.277018" level="INFO">Clicking element '&lt;selenium.webdriver.remote.webelement.WebElement (session="0e42e2bc-0613-4918-a544-5a94c27ba8e2", element="45850fc6-46fe-474e-9485-59d1ab40bd74")&gt;'.</msg>
<arg>${checkbox}</arg>
<doc>Click the element identified by ``locator``.</doc>
<status status="PASS" start="2025-04-24T16:13:23.276815" elapsed="0.217360"/>
</kw>
<kw name="Log" owner="BuiltIn">
<msg time="2025-04-24T16:13:23.494760" level="INFO">Toggled todo item: Report writing</msg>
<arg>Toggled todo item: ${todo_text}</arg>
<doc>Logs the given message with the given level.</doc>
<status status="PASS" start="2025-04-24T16:13:23.494448" elapsed="0.000386"/>
</kw>
<arg>Report writing</arg>
<status status="PASS" start="2025-04-24T16:13:23.273365" elapsed="0.221580"/>
</kw>
<kw name="Add New Todo" owner="todo_keywords">
<kw name="Add Todo Item" owner="todo_keywords">
<kw name="Log" owner="BuiltIn">
<msg time="2025-04-24T16:13:23.496119" level="INFO">Adding todo item: Code review</msg>
<arg>Adding todo item: ${todo_text}</arg>
<doc>Logs the given message with the given level.</doc>
<status status="PASS" start="2025-04-24T16:13:23.495937" elapsed="0.000249"/>
</kw>
<kw name="Input Text" owner="SeleniumLibrary">
<msg time="2025-04-24T16:13:23.496963" level="INFO">Typing text 'Code review' into text field 'css=input[placeholder='Add a new todo']'.</msg>
<arg>${selectors.todo_input}</arg>
<arg>${todo_text}</arg>
<doc>Types the given ``text`` into the text field identified by ``locator``.</doc>
<status status="PASS" start="2025-04-24T16:13:23.496334" elapsed="0.036319"/>
</kw>
<kw name="Click Button" owner="SeleniumLibrary">
<msg time="2025-04-24T16:13:23.533628" level="INFO">Clicking button 'css=button[data-testid='add-todo-button']'.</msg>
<arg>${selectors.add_todo_button}</arg>
<doc>Clicks the button identified by ``locator``.</doc>
<status status="PASS" start="2025-04-24T16:13:23.532938" elapsed="0.231153"/>
</kw>
<kw name="Wait Until Page Contains" owner="SeleniumLibrary">
<arg>${todo_text}</arg>
<arg>${timeouts.element_visible}</arg>
<doc>Waits until ``text`` appears on the current page.</doc>
<status status="PASS" start="2025-04-24T16:13:23.764295" elapsed="0.002461"/>
</kw>
<arg>${todo_text}</arg>
<status status="PASS" start="2025-04-24T16:13:23.495594" elapsed="0.271269"/>
</kw>
<arg>Code review</arg>
<status status="PASS" start="2025-04-24T16:13:23.495219" elapsed="0.271704"/>
</kw>
<kw name="Verify Todo Completed" owner="todo_keywords">
<kw name="Replace String" owner="String">
<msg time="2025-04-24T16:13:23.767808" level="INFO">${selector} = xpath=//li[.//span[contains(text(), 'Meeting prep')]]//input[@type='checkbox']</msg>
<var>${selector}</var>
<arg>${selectors.todo_checkbox_for_text}</arg>
<arg>{0}</arg>
<arg>${todo_text}</arg>
<doc>Replaces ``search_for`` in the given ``string`` with ``replace_with``.</doc>
<status status="PASS" start="2025-04-24T16:13:23.767421" elapsed="0.000415"/>
</kw>
<kw name="Get WebElement" owner="SeleniumLibrary">
<msg time="2025-04-24T16:13:23.769700" level="INFO">${checkbox} = &lt;selenium.webdriver.remote.webelement.WebElement (session="0e42e2bc-0613-4918-a544-5a94c27ba8e2", element="24b5bb8d-7242-4447-922d-aa9356189450")&gt;</msg>
<var>${checkbox}</var>
<arg>${selector}</arg>
<doc>Returns the first WebElement matching the given ``locator``.</doc>
<status status="PASS" start="2025-04-24T16:13:23.767956" elapsed="0.001778"/>
</kw>
<kw name="Checkbox Should Be Selected" owner="SeleniumLibrary">
<msg time="2025-04-24T16:13:23.770032" level="INFO">Verifying checkbox '&lt;selenium.webdriver.remote.webelement.WebElement (session="0e42e2bc-0613-4918-a544-5a94c27ba8e2", element="24b5bb8d-7242-4447-922d-aa9356189450")&gt;' is selected.</msg>
<arg>${checkbox}</arg>
<doc>Verifies checkbox ``locator`` is selected/checked.</doc>
<status status="PASS" start="2025-04-24T16:13:23.769858" elapsed="0.002180"/>
</kw>
<kw name="Log" owner="BuiltIn">
<msg time="2025-04-24T16:13:23.772503" level="INFO">Verified todo item is completed: Meeting prep</msg>
<arg>Verified todo item is completed: ${todo_text}</arg>
<doc>Logs the given message with the given level.</doc>
<status status="PASS" start="2025-04-24T16:13:23.772263" elapsed="0.000302"/>
</kw>
<arg>Meeting prep</arg>
<status status="PASS" start="2025-04-24T16:13:23.767157" elapsed="0.005506"/>
</kw>
<kw name="Verify Todo Completed" owner="todo_keywords">
<kw name="Replace String" owner="String">
<msg time="2025-04-24T16:13:23.774097" level="INFO">${selector} = xpath=//li[.//span[contains(text(), 'Report writing')]]//input[@type='checkbox']</msg>
<var>${selector}</var>
<arg>${selectors.todo_checkbox_for_text}</arg>
<arg>{0}</arg>
<arg>${todo_text}</arg>
<doc>Replaces ``search_for`` in the given ``string`` with ``replace_with``.</doc>
<status status="PASS" start="2025-04-24T16:13:23.773501" elapsed="0.000632"/>
</kw>
<kw name="Get WebElement" owner="SeleniumLibrary">
<msg time="2025-04-24T16:13:23.776623" level="INFO">${checkbox} = &lt;selenium.webdriver.remote.webelement.WebElement (session="0e42e2bc-0613-4918-a544-5a94c27ba8e2", element="45850fc6-46fe-474e-9485-59d1ab40bd74")&gt;</msg>
<var>${checkbox}</var>
<arg>${selector}</arg>
<doc>Returns the first WebElement matching the given ``locator``.</doc>
<status status="PASS" start="2025-04-24T16:13:23.774288" elapsed="0.002396"/>
</kw>
<kw name="Checkbox Should Be Selected" owner="SeleniumLibrary">
<msg time="2025-04-24T16:13:23.777234" level="INFO">Verifying checkbox '&lt;selenium.webdriver.remote.webelement.WebElement (session="0e42e2bc-0613-4918-a544-5a94c27ba8e2", element="45850fc6-46fe-474e-9485-59d1ab40bd74")&gt;' is selected.</msg>
<arg>${checkbox}</arg>
<doc>Verifies checkbox ``locator`` is selected/checked.</doc>
<status status="PASS" start="2025-04-24T16:13:23.776913" elapsed="0.002478"/>
</kw>
<kw name="Log" owner="BuiltIn">
<msg time="2025-04-24T16:13:23.779776" level="INFO">Verified todo item is completed: Report writing</msg>
<arg>Verified todo item is completed: ${todo_text}</arg>
<doc>Logs the given message with the given level.</doc>
<status status="PASS" start="2025-04-24T16:13:23.779587" elapsed="0.000236"/>
</kw>
<arg>Report writing</arg>
<status status="PASS" start="2025-04-24T16:13:23.773056" elapsed="0.006834"/>
</kw>
<kw name="Delete Todo" owner="todo_keywords">
<kw name="Delete Todo Item" owner="todo_keywords">
<kw name="Log" owner="BuiltIn">
<msg time="2025-04-24T16:13:23.780824" level="INFO">Deleting todo item: Team sync</msg>
<arg>Deleting todo item: ${todo_text}</arg>
<doc>Logs the given message with the given level.</doc>
<status status="PASS" start="2025-04-24T16:13:23.780681" elapsed="0.000186"/>
</kw>
<kw name="Replace String" owner="String">
<msg time="2025-04-24T16:13:23.781344" level="INFO">${selector} = xpath=//li[.//span[contains(text(), 'Team sync')]]//button[@data-testid[starts-with(., 'todo-delete-')]]</msg>
<var>${selector}</var>
<arg>${selectors.todo_delete_for_text}</arg>
<arg>{0}</arg>
<arg>${todo_text}</arg>
<doc>Replaces ``search_for`` in the given ``string`` with ``replace_with``.</doc>
<status status="PASS" start="2025-04-24T16:13:23.780971" elapsed="0.000397"/>
</kw>
<kw name="Get WebElement" owner="SeleniumLibrary">
<msg time="2025-04-24T16:13:23.783456" level="INFO">${delete_button} = &lt;selenium.webdriver.remote.webelement.WebElement (session="0e42e2bc-0613-4918-a544-5a94c27ba8e2", element="d3009962-29e7-4735-815f-dcbbae0124bf")&gt;</msg>
<var>${delete_button}</var>
<arg>${selector}</arg>
<doc>Returns the first WebElement matching the given ``locator``.</doc>
<status status="PASS" start="2025-04-24T16:13:23.781530" elapsed="0.001964"/>
</kw>
<kw name="Click Element" owner="SeleniumLibrary">
<msg time="2025-04-24T16:13:23.783804" level="INFO">Clicking element '&lt;selenium.webdriver.remote.webelement.WebElement (session="0e42e2bc-0613-4918-a544-5a94c27ba8e2", element="d3009962-29e7-4735-815f-dcbbae0124bf")&gt;'.</msg>
<arg>${delete_button}</arg>
<doc>Click the element identified by ``locator``.</doc>
<status status="PASS" start="2025-04-24T16:13:23.783626" elapsed="0.205881"/>
</kw>
<kw name="Wait Until Page Does Not Contain" owner="SeleniumLibrary">
<arg>${todo_text}</arg>
<arg>${timeouts.element_visible}</arg>
<doc>Waits until ``text`` disappears from the current page.</doc>
<status status="PASS" start="2025-04-24T16:13:23.989850" elapsed="0.003548"/>
</kw>
<arg>${todo_text}</arg>
<status status="PASS" start="2025-04-24T16:13:23.780331" elapsed="0.213245"/>
</kw>
<arg>Team sync</arg>
<status status="PASS" start="2025-04-24T16:13:23.780083" elapsed="0.213574"/>
</kw>
<kw name="Toggle Todo" owner="todo_keywords">
<kw name="Replace String" owner="String">
<msg time="2025-04-24T16:13:23.994965" level="INFO">${selector} = xpath=//li[.//span[contains(text(), 'Code review')]]//input[@type='checkbox']</msg>
<var>${selector}</var>
<arg>${selectors.todo_checkbox_for_text}</arg>
<arg>{0}</arg>
<arg>${todo_text}</arg>
<doc>Replaces ``search_for`` in the given ``string`` with ``replace_with``.</doc>
<status status="PASS" start="2025-04-24T16:13:23.994385" elapsed="0.000621"/>
</kw>
<kw name="Get WebElement" owner="SeleniumLibrary">
<msg time="2025-04-24T16:13:23.997774" level="INFO">${checkbox} = &lt;selenium.webdriver.remote.webelement.WebElement (session="0e42e2bc-0613-4918-a544-5a94c27ba8e2", element="63300459-ac36-408e-94c1-88401ed84e41")&gt;</msg>
<var>${checkbox}</var>
<arg>${selector}</arg>
<doc>Returns the first WebElement matching the given ``locator``.</doc>
<status status="PASS" start="2025-04-24T16:13:23.995164" elapsed="0.002668"/>
</kw>
<kw name="Click Element" owner="SeleniumLibrary">
<msg time="2025-04-24T16:13:23.998305" level="INFO">Clicking element '&lt;selenium.webdriver.remote.webelement.WebElement (session="0e42e2bc-0613-4918-a544-5a94c27ba8e2", element="63300459-ac36-408e-94c1-88401ed84e41")&gt;'.</msg>
<arg>${checkbox}</arg>
<doc>Click the element identified by ``locator``.</doc>
<status status="PASS" start="2025-04-24T16:13:23.998037" elapsed="0.206477"/>
</kw>
<kw name="Log" owner="BuiltIn">
<msg time="2025-04-24T16:13:24.205576" level="INFO">Toggled todo item: Code review</msg>
<arg>Toggled todo item: ${todo_text}</arg>
<doc>Logs the given message with the given level.</doc>
<status status="PASS" start="2025-04-24T16:13:24.205032" elapsed="0.000661"/>
</kw>
<arg>Code review</arg>
<status status="PASS" start="2025-04-24T16:13:23.993969" elapsed="0.211868"/>
</kw>
<kw name="Verify Todo Does Not Exist" owner="todo_keywords">
<kw name="Verify Todo Not Exists" owner="todo_keywords">
<kw name="Page Should Not Contain" owner="SeleniumLibrary">
<msg time="2025-04-24T16:13:24.214058" level="INFO">Current page does not contain text 'Client call'.</msg>
<arg>${todo_text}</arg>
<doc>Verifies the current page does not contain ``text``.</doc>
<status status="PASS" start="2025-04-24T16:13:24.207398" elapsed="0.006736"/>
</kw>
<kw name="Log" owner="BuiltIn">
<msg time="2025-04-24T16:13:24.214480" level="INFO">Verified todo item does not exist: Client call</msg>
<arg>Verified todo item does not exist: ${todo_text}</arg>
<doc>Logs the given message with the given level.</doc>
<status status="PASS" start="2025-04-24T16:13:24.214297" elapsed="0.000224"/>
</kw>
<arg>${todo_text}</arg>
<status status="PASS" start="2025-04-24T16:13:24.206837" elapsed="0.007749"/>
</kw>
<arg>Client call</arg>
<status status="PASS" start="2025-04-24T16:13:24.206319" elapsed="0.008315"/>
</kw>
<kw name="Verify Todo Does Not Exist" owner="todo_keywords">
<kw name="Verify Todo Not Exists" owner="todo_keywords">
<kw name="Page Should Not Contain" owner="SeleniumLibrary">
<msg time="2025-04-24T16:13:24.219017" level="INFO">Current page does not contain text 'Team sync'.</msg>
<arg>${todo_text}</arg>
<doc>Verifies the current page does not contain ``text``.</doc>
<status status="PASS" start="2025-04-24T16:13:24.215277" elapsed="0.003808"/>
</kw>
<kw name="Log" owner="BuiltIn">
<msg time="2025-04-24T16:13:24.219389" level="INFO">Verified todo item does not exist: Team sync</msg>
<arg>Verified todo item does not exist: ${todo_text}</arg>
<doc>Logs the given message with the given level.</doc>
<status status="PASS" start="2025-04-24T16:13:24.219228" elapsed="0.000201"/>
</kw>
<arg>${todo_text}</arg>
<status status="PASS" start="2025-04-24T16:13:24.215058" elapsed="0.004433"/>
</kw>
<arg>Team sync</arg>
<status status="PASS" start="2025-04-24T16:13:24.214808" elapsed="0.004732"/>
</kw>
<kw name="Close Todo Application" owner="todo_keywords" type="TEARDOWN">
<kw name="Close Browser and Stop App" owner="todo_keywords">
<kw name="Close Browser" owner="SeleniumLibrary">
<doc>Closes the current browser.</doc>
<status status="PASS" start="2025-04-24T16:13:24.220189" elapsed="0.711523"/>
</kw>
<kw name="Log" owner="BuiltIn">
<msg time="2025-04-24T16:13:24.932226" level="INFO">Closed browser and stopped application</msg>
<arg>Closed browser and stopped application</arg>
<doc>Logs the given message with the given level.</doc>
<status status="PASS" start="2025-04-24T16:13:24.932002" elapsed="0.000301"/>
</kw>
<status status="PASS" start="2025-04-24T16:13:24.219999" elapsed="0.712515"/>
</kw>
<status status="PASS" start="2025-04-24T16:13:24.219757" elapsed="0.712847"/>
</kw>
<doc>Test complex workflow</doc>
<status status="PASS" start="2025-04-24T16:13:18.645148" elapsed="6.287586"/>
</test>
<test id="s1-t6" name="Test Todo With Special Characters" line="65">
<kw name="Open Todo Application" owner="todo_keywords" type="SETUP">
<kw name="Open Todo List" owner="todo_keywords">
<kw name="Open Browser" owner="SeleniumLibrary">
[...]
</kw>
<kw name="Input Text" owner="SeleniumLibrary">
<msg time="2025-04-24T16:14:26.571286" level="INFO">Typing text 'Buy groceries' into text field 'css=input[placeholder='Add a new todo']'.</msg>
<arg>${selectors.todo_input}</arg>
<arg>${todo_text}</arg>
<doc>Types the given ``text`` into the text field identified by ``locator``.</doc>
<status status="PASS" start="2025-04-24T16:14:26.570885" elapsed="0.079683"/>
</kw>
<kw name="Click Button" owner="SeleniumLibrary">
<msg time="2025-04-24T16:14:26.651280" level="INFO">Clicking button 'css=button[data-testid='add-todo-button']'.</msg>
<arg>${selectors.add_todo_button}</arg>
<doc>Clicks the button identified by ``locator``.</doc>
<status status="PASS" start="2025-04-24T16:14:26.650773" elapsed="0.221398"/>
</kw>
<kw name="Wait Until Page Contains" owner="SeleniumLibrary">
<arg>${todo_text}</arg>
<arg>${timeouts.element_visible}</arg>
<doc>Waits until ``text`` appears on the current page.</doc>
<status status="PASS" start="2025-04-24T16:14:26.872373" elapsed="0.003077"/>
</kw>
<arg>${test_data.todo_items}[0]</arg>
<status status="PASS" start="2025-04-24T16:14:26.570037" elapsed="0.305536"/>
</kw>
<kw name="Add Todo Item" owner="todo_keywords">
<kw name="Log" owner="BuiltIn">
<msg time="2025-04-24T16:14:26.876568" level="INFO">Adding todo item: Do laundry</msg>
<arg>Adding todo item: ${todo_text}</arg>
<doc>Logs the given message with the given level.</doc>
<status status="PASS" start="2025-04-24T16:14:26.876411" elapsed="0.000207"/>
</kw>
<kw name="Input Text" owner="SeleniumLibrary">
<msg time="2025-04-24T16:14:26.877367" level="INFO">Typing text 'Do laundry' into text field 'css=input[placeholder='Add a new todo']'.</msg>
<arg>${selectors.todo_input}</arg>
<arg>${todo_text}</arg>
<doc>Types the given ``text`` into the text field identified by ``locator``.</doc>
<status status="PASS" start="2025-04-24T16:14:26.876744" elapsed="0.023186"/>
</kw>
<kw name="Click Button" owner="SeleniumLibrary">
<msg time="2025-04-24T16:14:26.900618" level="INFO">Clicking button 'css=button[data-testid='add-todo-button']'.</msg>
<arg>${selectors.add_todo_button}</arg>
<doc>Clicks the button identified by ``locator``.</doc>
<status status="PASS" start="2025-04-24T16:14:26.900138" elapsed="0.223712"/>
</kw>
<kw name="Wait Until Page Contains" owner="SeleniumLibrary">
<arg>${todo_text}</arg>
<arg>${timeouts.element_visible}</arg>
<doc>Waits until ``text`` appears on the current page.</doc>
<status status="PASS" start="2025-04-24T16:14:27.124182" elapsed="0.003342"/>
</kw>
<arg>${test_data.todo_items}[1]</arg>
<status status="PASS" start="2025-04-24T16:14:26.875802" elapsed="0.251887"/>
</kw>
<kw name="Add Todo Item" owner="todo_keywords">
<kw name="Log" owner="BuiltIn">
<msg time="2025-04-24T16:14:27.128797" level="INFO">Adding todo item: Call mom</msg>
<arg>Adding todo item: ${todo_text}</arg>
<doc>Logs the given message with the given level.</doc>
<status status="PASS" start="2025-04-24T16:14:27.128646" elapsed="0.000199"/>
</kw>
<kw name="Input Text" owner="SeleniumLibrary">
<msg time="2025-04-24T16:14:27.129356" level="INFO">Typing text 'Call mom' into text field 'css=input[placeholder='Add a new todo']'.</msg>
<arg>${selectors.todo_input}</arg>
<arg>${todo_text}</arg>
<doc>Types the given ``text`` into the text field identified by ``locator``.</doc>
<status status="PASS" start="2025-04-24T16:14:27.128964" elapsed="0.022683"/>
</kw>
<kw name="Click Button" owner="SeleniumLibrary">
<msg time="2025-04-24T16:14:27.152343" level="INFO">Clicking button 'css=button[data-testid='add-todo-button']'.</msg>
<arg>${selectors.add_todo_button}</arg>
<doc>Clicks the button identified by ``locator``.</doc>
<status status="PASS" start="2025-04-24T16:14:27.151849" elapsed="0.213861"/>
</kw>
<kw name="Wait Until Page Contains" owner="SeleniumLibrary">
<arg>${todo_text}</arg>
<arg>${timeouts.element_visible}</arg>
<doc>Waits until ``text`` appears on the current page.</doc>
<status status="PASS" start="2025-04-24T16:14:27.365930" elapsed="0.003219"/>
</kw>
<arg>${test_data.todo_items}[2]</arg>
<status status="PASS" start="2025-04-24T16:14:27.128027" elapsed="0.241241"/>
</kw>
<kw name="Complete Todo Item" owner="todo_keywords">
<kw name="Log" owner="BuiltIn">
<msg time="2025-04-24T16:14:27.370211" level="INFO">Completing todo item: Do laundry</msg>
<arg>Completing todo item: ${todo_text}</arg>
<doc>Logs the given message with the given level.</doc>
<status status="PASS" start="2025-04-24T16:14:27.370066" elapsed="0.000189"/>
</kw>
<kw name="Replace String" owner="String">
<msg time="2025-04-24T16:14:27.370699" level="INFO">${selector} = xpath=//li[.//span[contains(text(), 'Do laundry')]]//input[@type='checkbox']</msg>
<var>${selector}</var>
<arg>${selectors.todo_checkbox_for_text}</arg>
<arg>{0}</arg>
<arg>${todo_text}</arg>
<doc>Replaces ``search_for`` in the given ``string`` with ``replace_with``.</doc>
<status status="PASS" start="2025-04-24T16:14:27.370354" elapsed="0.000370"/>
</kw>
<kw name="Get WebElement" owner="SeleniumLibrary">
<msg time="2025-04-24T16:14:27.372944" level="INFO">${checkbox} = &lt;selenium.webdriver.remote.webelement.WebElement (session="98f59d92-3986-4a43-85d6-4c613347cd63", element="7cca9fed-2622-4871-ade6-98bd1c97eb37")&gt;</msg>
<var>${checkbox}</var>
<arg>${selector}</arg>
<doc>Returns the first WebElement matching the given ``locator``.</doc>
<status status="PASS" start="2025-04-24T16:14:27.370828" elapsed="0.002173"/>
</kw>
<kw name="Select Checkbox" owner="SeleniumLibrary">
<msg time="2025-04-24T16:14:27.373464" level="INFO">Selecting checkbox '&lt;selenium.webdriver.remote.webelement.WebElement (session="98f59d92-3986-4a43-85d6-4c613347cd63", element="7cca9fed-2622-4871-ade6-98bd1c97eb37")&gt;'.</msg>
<arg>${checkbox}</arg>
<doc>Selects the checkbox identified by ``locator``.</doc>
<status status="PASS" start="2025-04-24T16:14:27.373198" elapsed="0.235939"/>
</kw>
<kw name="Wait Until Element Is Enabled" owner="SeleniumLibrary">
<arg>${checkbox}</arg>
<arg>${timeouts.element_visible}</arg>
<doc>Waits until the element ``locator`` is enabled.</doc>
<status status="PASS" start="2025-04-24T16:14:27.609359" elapsed="0.010173"/>
</kw>
<arg>${test_data.todo_items}[1]</arg>
<status status="PASS" start="2025-04-24T16:14:27.369497" elapsed="0.250162"/>
</kw>
<kw name="Delete Todo Item" owner="todo_keywords">
<kw name="Log" owner="BuiltIn">
<msg time="2025-04-24T16:14:27.620713" level="INFO">Deleting todo item: Buy groceries</msg>
<arg>Deleting todo item: ${todo_text}</arg>
<doc>Logs the given message with the given level.</doc>
<status status="PASS" start="2025-04-24T16:14:27.620544" elapsed="0.000214"/>
</kw>
<kw name="Replace String" owner="String">
<msg time="2025-04-24T16:14:27.621235" level="INFO">${selector} = xpath=//li[.//span[contains(text(), 'Buy groceries')]]//button[@data-testid[starts-with(., 'todo-delete-')]]</msg>
<var>${selector}</var>
<arg>${selectors.todo_delete_for_text}</arg>
<arg>{0}</arg>
<arg>${todo_text}</arg>
<doc>Replaces ``search_for`` in the given ``string`` with ``replace_with``.</doc>
<status status="PASS" start="2025-04-24T16:14:27.620856" elapsed="0.000404"/>
</kw>
<kw name="Get WebElement" owner="SeleniumLibrary">
<msg time="2025-04-24T16:14:27.623789" level="INFO">${delete_button} = &lt;selenium.webdriver.remote.webelement.WebElement (session="98f59d92-3986-4a43-85d6-4c613347cd63", element="29ab6dbf-a755-452d-8d43-a9a41309219f")&gt;</msg>
<var>${delete_button}</var>
<arg>${selector}</arg>
<doc>Returns the first WebElement matching the given ``locator``.</doc>
<status status="PASS" start="2025-04-24T16:14:27.621363" elapsed="0.002465"/>
</kw>
<kw name="Click Element" owner="SeleniumLibrary">
<msg time="2025-04-24T16:14:27.624233" level="INFO">Clicking element '&lt;selenium.webdriver.remote.webelement.WebElement (session="98f59d92-3986-4a43-85d6-4c613347cd63", element="29ab6dbf-a755-452d-8d43-a9a41309219f")&gt;'.</msg>
<arg>${delete_button}</arg>
<doc>Click the element identified by ``locator``.</doc>
<status status="PASS" start="2025-04-24T16:14:27.623975" elapsed="0.213479"/>
</kw>
<kw name="Wait Until Page Does Not Contain" owner="SeleniumLibrary">
<arg>${todo_text}</arg>
<arg>${timeouts.element_visible}</arg>
<doc>Waits until ``text`` disappears from the current page.</doc>
<status status="PASS" start="2025-04-24T16:14:27.837656" elapsed="0.004192"/>
</kw>
<arg>${test_data.todo_items}[0]</arg>
<status status="PASS" start="2025-04-24T16:14:27.619943" elapsed="0.222059"/>
</kw>
<kw name="Verify Todo Exists" owner="todo_keywords">
<kw name="Page Should Contain" owner="SeleniumLibrary">
<msg time="2025-04-24T16:14:27.848278" level="INFO">Current page contains text 'Do laundry'.</msg>
<arg>${todo_text}</arg>
<doc>Verifies that current page contains ``text``.</doc>
<status status="PASS" start="2025-04-24T16:14:27.843125" elapsed="0.005258"/>
</kw>
<kw name="Log" owner="BuiltIn">
<msg time="2025-04-24T16:14:27.848755" level="INFO">Verified todo item exists: Do laundry</msg>
<arg>Verified todo item exists: ${todo_text}</arg>
<doc>Logs the given message with the given level.</doc>
<status status="PASS" start="2025-04-24T16:14:27.848557" elapsed="0.000241"/>
</kw>
<arg>${test_data.todo_items}[1]</arg>
<status status="PASS" start="2025-04-24T16:14:27.842279" elapsed="0.006587"/>
</kw>
<kw name="Verify Todo Exists" owner="todo_keywords">
<kw name="Page Should Contain" owner="SeleniumLibrary">
<msg time="2025-04-24T16:14:27.854455" level="INFO">Current page contains text 'Call mom'.</msg>
<arg>${todo_text}</arg>
<doc>Verifies that current page contains ``text``.</doc>
<status status="PASS" start="2025-04-24T16:14:27.849549" elapsed="0.005011"/>
</kw>
<kw name="Log" owner="BuiltIn">
<msg time="2025-04-24T16:14:27.854925" level="INFO">Verified todo item exists: Call mom</msg>
<arg>Verified todo item exists: ${todo_text}</arg>
<doc>Logs the given message with the given level.</doc>
<status status="PASS" start="2025-04-24T16:14:27.854730" elapsed="0.000241"/>
</kw>
<arg>${test_data.todo_items}[2]</arg>
<status status="PASS" start="2025-04-24T16:14:27.849063" elapsed="0.005974"/>
</kw>
<kw name="Verify Todo Completed" owner="todo_keywords">
<kw name="Replace String" owner="String">
<msg time="2025-04-24T16:14:27.856151" level="INFO">${selector} = xpath=//li[.//span[contains(text(), 'Do laundry')]]//input[@type='checkbox']</msg>
<var>${selector}</var>
<arg>${selectors.todo_checkbox_for_text}</arg>
<arg>{0}</arg>
<arg>${todo_text}</arg>
<doc>Replaces ``search_for`` in the given ``string`` with ``replace_with``.</doc>
<status status="PASS" start="2025-04-24T16:14:27.855793" elapsed="0.000443"/>
</kw>
<kw name="Get WebElement" owner="SeleniumLibrary">
<msg time="2025-04-24T16:14:27.861392" level="INFO">${checkbox} = &lt;selenium.webdriver.remote.webelement.WebElement (session="98f59d92-3986-4a43-85d6-4c613347cd63", element="7cca9fed-2622-4871-ade6-98bd1c97eb37")&gt;</msg>
<var>${checkbox}</var>
<arg>${selector}</arg>
<doc>Returns the first WebElement matching the given ``locator``.</doc>
<status status="PASS" start="2025-04-24T16:14:27.856368" elapsed="0.005109"/>
</kw>
<kw name="Checkbox Should Be Selected" owner="SeleniumLibrary">
<msg time="2025-04-24T16:14:27.862086" level="INFO">Verifying checkbox '&lt;selenium.webdriver.remote.webelement.WebElement (session="98f59d92-3986-4a43-85d6-4c613347cd63", element="7cca9fed-2622-4871-ade6-98bd1c97eb37")&gt;' is selected.</msg>
<arg>${checkbox}</arg>
<doc>Verifies checkbox ``locator`` is selected/checked.</doc>
<status status="PASS" start="2025-04-24T16:14:27.861716" elapsed="0.004811"/>
</kw>
<kw name="Log" owner="BuiltIn">
<msg time="2025-04-24T16:14:27.867085" level="INFO">Verified todo item is completed: Do laundry</msg>
<arg>Verified todo item is completed: ${todo_text}</arg>
<doc>Logs the given message with the given level.</doc>
<status status="PASS" start="2025-04-24T16:14:27.866827" elapsed="0.000314"/>
</kw>
<arg>${test_data.todo_items}[1]</arg>
<status status="PASS" start="2025-04-24T16:14:27.855276" elapsed="0.011945"/>
</kw>
<kw name="Verify Todo Not Exists" owner="todo_keywords">
<kw name="Page Should Not Contain" owner="SeleniumLibrary">
<msg time="2025-04-24T16:14:27.893560" level="INFO">Current page does not contain text 'Buy groceries'.</msg>
<arg>${todo_text}</arg>
<doc>Verifies the current page does not contain ``text``.</doc>
<status status="PASS" start="2025-04-24T16:14:27.867975" elapsed="0.025710"/>
</kw>
<kw name="Log" owner="BuiltIn">
<msg time="2025-04-24T16:14:27.894121" level="INFO">Verified todo item does not exist: Buy groceries</msg>
<arg>Verified todo item does not exist: ${todo_text}</arg>
<doc>Logs the given message with the given level.</doc>
<status status="PASS" start="2025-04-24T16:14:27.893899" elapsed="0.000273"/>
</kw>
<arg>${test_data.todo_items}[0]</arg>
<status status="PASS" start="2025-04-24T16:14:27.867430" elapsed="0.026817"/>
</kw>
<kw name="Close Browser and Stop App" owner="todo_keywords">
<kw name="Close Browser" owner="SeleniumLibrary">
<doc>Closes the current browser.</doc>
<status status="PASS" start="2025-04-24T16:14:27.894823" elapsed="0.799915"/>
</kw>
<kw name="Log" owner="BuiltIn">
<msg time="2025-04-24T16:14:28.695316" level="INFO">Closed browser and stopped application</msg>
<arg>Closed browser and stopped application</arg>
<doc>Logs the given message with the given level.</doc>
<status status="PASS" start="2025-04-24T16:14:28.695067" elapsed="0.000330"/>
</kw>
<status status="PASS" start="2025-04-24T16:14:27.894491" elapsed="0.801210"/>
</kw>
<kw name="Close Todo Application" owner="todo_keywords" type="TEARDOWN">
<kw name="Close Browser and Stop App" owner="todo_keywords">
<kw name="Close Browser" owner="SeleniumLibrary">
<doc>Closes the current browser.</doc>
<status status="PASS" start="2025-04-24T16:14:28.697529" elapsed="0.000203"/>
</kw>
<kw name="Log" owner="BuiltIn">
<msg time="2025-04-24T16:14:28.698201" level="INFO">Closed browser and stopped application</msg>
<arg>Closed browser and stopped application</arg>
<doc>Logs the given message with the given level.</doc>
<status status="PASS" start="2025-04-24T16:14:28.697993" elapsed="0.000280"/>
</kw>
<status status="PASS" start="2025-04-24T16:14:28.697107" elapsed="0.001348"/>
</kw>
<status status="PASS" start="2025-04-24T16:14:28.696404" elapsed="0.002132"/>
</kw>
<status status="PASS" start="2025-04-24T16:14:23.071446" elapsed="5.627218"/>
</test>
<test id="s1-t19" name="Add Todo Item With Special Characters" line="160">
<kw name="Open Todo Application" owner="todo_keywords" type="SETUP">
<kw name="Open Todo List" owner="todo_keywords">
<kw name="Open Browser" owner="SeleniumLibrary">
<msg time="2025-04-24T16:14:28.700747" level="INFO">Opening browser 'firefox' to base url 'http://localhost:3000'.</msg>
<arg>${app.url}</arg>
<arg>firefox</arg>
<doc>Opens a new browser instance to the optional ``url``.</doc>
<status status="PASS" start="2025-04-24T16:14:28.700085" elapsed="3.092094"/>
</kw>
<kw name="Wait Until Page Contains Element" owner="SeleniumLibrary">
<arg>${selectors.todo_input}</arg>
<arg>${timeouts.page_load}</arg>
<doc>Waits until the element ``locator`` appears on the current page.</doc>
<status status="PASS" start="2025-04-24T16:14:31.792495" elapsed="0.114779"/>
</kw>
<kw name="Log" owner="BuiltIn">
<msg time="2025-04-24T16:14:31.907653" level="INFO">Opened todo list application</msg>
<arg>Opened todo list application</arg>
<doc>Logs the given message with the given level.</doc>
<status status="PASS" start="2025-04-24T16:14:31.907488" elapsed="0.000216"/>
</kw>
<status status="PASS" start="2025-04-24T16:14:28.699770" elapsed="3.208006"/>
</kw>
<status status="PASS" start="2025-04-24T16:14:28.699426" elapsed="3.208399"/>
</kw>
<kw name="Add Todo Item" owner="todo_keywords">
<kw name="Log" owner="BuiltIn">
<msg time="2025-04-24T16:14:31.908728" level="INFO">Adding todo item: Special &amp; test item</msg>
<arg>Adding todo item: ${todo_text}</arg>
<doc>Logs the given message with the given level.</doc>
<status status="PASS" start="2025-04-24T16:14:31.908581" elapsed="0.000201"/>
</kw>
<kw name="Input Text" owner="SeleniumLibrary">
<msg time="2025-04-24T16:14:31.909331" level="INFO">Typing text 'Special &amp; test item' into text field 'css=input[placeholder='Add a new todo']'.</msg>
<arg>${selectors.todo_input}</arg>
<arg>${todo_text}</arg>
<doc>Types the given ``text`` into the text field identified by ``locator``.</doc>
<status status="PASS" start="2025-04-24T16:14:31.908899" elapsed="0.102379"/>
</kw>
<kw name="Click Button" owner="SeleniumLibrary">
<msg time="2025-04-24T16:14:32.012060" level="INFO">Clicking button 'css=button[data-testid='add-todo-button']'.</msg>
<arg>${selectors.add_todo_button}</arg>
<doc>Clicks the button identified by ``locator``.</doc>
<status status="PASS" start="2025-04-24T16:14:32.011521" elapsed="0.247833"/>
</kw>
<kw name="Wait Until Page Contains" owner="SeleniumLibrary">
<arg>${todo_text}</arg>
<arg>${timeouts.element_visible}</arg>
<doc>Waits until ``text`` appears on the current page.</doc>
<status status="PASS" start="2025-04-24T16:14:32.259561" elapsed="0.010069"/>
</kw>
<arg>${test_data.todo_items}[3]</arg>
<status status="PASS" start="2025-04-24T16:14:31.908044" elapsed="0.361713"/>
</kw>
<kw name="Verify Todo Exists" owner="todo_keywords">
<kw name="Page Should Contain" owner="SeleniumLibrary">
<msg time="2025-04-24T16:14:32.273927" level="INFO">Current page contains text 'Special &amp; test item'.</msg>
<arg>${todo_text}</arg>
<doc>Verifies that current page contains ``text``.</doc>
<status status="PASS" start="2025-04-24T16:14:32.270548" elapsed="0.003467"/>
</kw>
<kw name="Log" owner="BuiltIn">
<msg time="2025-04-24T16:14:32.274328" level="INFO">Verified todo item exists: Special &amp; test item</msg>
<arg>Verified todo item exists: ${todo_text}</arg>
<doc>Logs the given message with the given level.</doc>
<status status="PASS" start="2025-04-24T16:14:32.274163" elapsed="0.000207"/>
</kw>
<arg>${test_data.todo_items}[3]</arg>
<status status="PASS" start="2025-04-24T16:14:32.269985" elapsed="0.004447"/>
</kw>
<kw name="Close Browser and Stop App" owner="todo_keywords">
<kw name="Close Browser" owner="SeleniumLibrary">
<doc>Closes the current browser.</doc>
<status status="PASS" start="2025-04-24T16:14:32.274817" elapsed="0.803996"/>
</kw>
<kw name="Log" owner="BuiltIn">
<msg time="2025-04-24T16:14:33.079447" level="INFO">Closed browser and stopped application</msg>
<arg>Closed browser and stopped application</arg>
<doc>Logs the given message with the given level.</doc>
<status status="PASS" start="2025-04-24T16:14:33.079174" elapsed="0.000423"/>
</kw>
<status status="PASS" start="2025-04-24T16:14:32.274612" elapsed="0.805207"/>
</kw>
<kw name="Close Todo Application" owner="todo_keywords" type="TEARDOWN">
<kw name="Close Browser and Stop App" owner="todo_keywords">
<kw name="Close Browser" owner="SeleniumLibrary">
<doc>Closes the current browser.</doc>
<status status="PASS" start="2025-04-24T16:14:33.081157" elapsed="0.000263"/>
</kw>
<kw name="Log" owner="BuiltIn">
<msg time="2025-04-24T16:14:33.081977" level="INFO">Closed browser and stopped application</msg>
<arg>Closed browser and stopped application</arg>
<doc>Logs the given message with the given level.</doc>
<status status="PASS" start="2025-04-24T16:14:33.081703" elapsed="0.000384"/>
</kw>
<status status="PASS" start="2025-04-24T16:14:33.080725" elapsed="0.001657"/>
</kw>
<status status="PASS" start="2025-04-24T16:14:33.080238" elapsed="0.002277"/>
</kw>
<status status="PASS" start="2025-04-24T16:14:28.698974" elapsed="4.383734"/>
</test>
<status status="PASS" start="2025-04-24T16:12:58.383595" elapsed="94.700165"/>
</suite>
<statistics>
<total>
<stat pass="19" fail="0" skip="0">All Tests</stat>
</total>
<tag>
</tag>
<suite>
<stat name="Todo Tests" id="s1" pass="19" fail="0" skip="0">Todo Tests</stat>
</suite>
</statistics>
<errors>
</errors>
</robot>
