<?xml version="1.0" encoding="UTF-8"?>
<robot generator="Robot 7.2.2 (Python 3.10.12 on linux)" generated="2025-04-24T18:22:15.610129" rpa="false" schemaversion="5">
<suite id="s1" name="Text Editor Tests" source="/home/nguyenvh/Sync/3a/stage_stet/projet_dho/robot-report-generator/tests/text_editor_tests.robot">
<test id="s1-t1" name="Create And Save Document" line="8">
<kw name="Open Text Editor" owner="text_editor_keywords" type="SETUP">
<kw name="Open Browser" owner="SeleniumLibrary">
<msg time="2025-04-24T18:22:15.726826" level="INFO">Opening browser 'firefox' to base url 'http://localhost:3000'.</msg>
<arg>${app.url}</arg>
<arg>firefox</arg>
<doc>Opens a new browser instance to the optional ``url``.</doc>
<status status="PASS" start="2025-04-24T18:22:15.726388" elapsed="3.118794"/>
</kw>
<kw name="Click Element" owner="SeleniumLibrary">
<msg time="2025-04-24T18:22:18.845746" level="INFO">Clicking element 'xpath=//button[contains(text(), 'Text Editor')]'.</msg>
<arg>xpath=//button[contains(text(), 'Text Editor')]</arg>
<doc>Click the element identified by ``locator``.</doc>
<status status="PASS" start="2025-04-24T18:22:18.845416" elapsed="0.261574"/>
</kw>
<kw name="Wait Until Element Is Visible" owner="SeleniumLibrary">
<arg>${selectors.FILENAME_INPUT}</arg>
<arg>${timeouts.element_visible}</arg>
<doc>Waits until the element ``locator`` is visible.</doc>
<status status="PASS" start="2025-04-24T18:22:19.107225" elapsed="0.010202"/>
</kw>
<status status="PASS" start="2025-04-24T18:22:15.725694" elapsed="3.391871"/>
</kw>
<kw name="Create And Save Document" owner="text_editor_keywords">
<kw name="Set File Name" owner="text_editor_keywords">
<kw name="Input Text" owner="SeleniumLibrary">
<msg time="2025-04-24T18:22:19.119162" level="INFO">Typing text 'test_document.txt' into text field 'css=input[placeholder='Enter file name']'.</msg>
<arg>${selectors.FILENAME_INPUT}</arg>
<arg>${filename}</arg>
<doc>Types the given ``text`` into the text field identified by ``locator``.</doc>
<status status="PASS" start="2025-04-24T18:22:19.118568" elapsed="0.055060"/>
</kw>
<arg>${filename}</arg>
<status status="PASS" start="2025-04-24T18:22:19.118178" elapsed="0.055590"/>
</kw>
<kw name="Set Editor Content" owner="text_editor_keywords">
<kw name="Input Text" owner="SeleniumLibrary">
<msg time="2025-04-24T18:22:19.174698" level="INFO">Typing text 'This is a test document' into text field 'css=textarea[placeholder='Start typing...']'.</msg>
<arg>${selectors.CONTENT_TEXTAREA}</arg>
<arg>${content}</arg>
<doc>Types the given ``text`` into the text field identified by ``locator``.</doc>
<status status="PASS" start="2025-04-24T18:22:19.174260" elapsed="0.028525"/>
</kw>
<arg>${content}</arg>
<status status="PASS" start="2025-04-24T18:22:19.173942" elapsed="0.029055"/>
</kw>
<kw name="Click Save Button" owner="text_editor_keywords">
<kw name="Click Button" owner="SeleniumLibrary">
<msg time="2025-04-24T18:22:19.204157" level="INFO">Clicking button 'xpath=//button[contains(., 'Save')]'.</msg>
<arg>${selectors.SAVE_BUTTON}</arg>
<doc>Clicks the button identified by ``locator``.</doc>
<status status="PASS" start="2025-04-24T18:22:19.203620" elapsed="0.243353"/>
</kw>
<status status="PASS" start="2025-04-24T18:22:19.203297" elapsed="0.243833"/>
</kw>
<arg>test_document.txt</arg>
<arg>This is a test document</arg>
<status status="PASS" start="2025-04-24T18:22:19.117824" elapsed="0.329362"/>
</kw>
<kw name="Verify Document Is Saved" owner="text_editor_keywords">
<kw name="Wait Until Element Is Visible" owner="SeleniumLibrary">
<msg time="2025-04-24T18:22:24.583730" level="INFO" html="true">&lt;/td&gt;&lt;/tr&gt;&lt;tr&gt;&lt;td colspan="3"&gt;&lt;a href="selenium-screenshot-1.png"&gt;&lt;img src="selenium-screenshot-1.png" width="800px"&gt;&lt;/a&gt;</msg>
<msg time="2025-04-24T18:22:24.583880" level="FAIL">Element 'xpath=//div[contains(text(), 'File saved successfully')]' not visible after 5 seconds.</msg>
<arg>xpath=//div[contains(text(), 'File saved successfully')]</arg>
<arg>${timeouts.element_visible}</arg>
<doc>Waits until the element ``locator`` is visible.</doc>
<status status="FAIL" start="2025-04-24T18:22:19.447738" elapsed="5.136520">Element 'xpath=//div[contains(text(), 'File saved successfully')]' not visible after 5 seconds.</status>
</kw>
<kw name="Verify Content Is" owner="text_editor_keywords">
<arg>${expected_content}</arg>
<status status="NOT RUN" start="2025-04-24T18:22:24.584481" elapsed="0.000038"/>
</kw>
<kw name="Verify File Name Is" owner="text_editor_keywords">
<arg>${filename}</arg>
<status status="NOT RUN" start="2025-04-24T18:22:24.584617" elapsed="0.000022"/>
</kw>
<kw name="File Should Exist" owner="OperatingSystem">
<arg>${filename}</arg>
<doc>Fails unless the given ``path`` points to an existing file.</doc>
<status status="NOT RUN" start="2025-04-24T18:22:24.584728" elapsed="0.000021"/>
</kw>
<kw name="Get File" owner="OperatingSystem">
<var>${file_content}</var>
<arg>${filename}</arg>
<doc>Returns the contents of a specified file.</doc>
<status status="NOT RUN" start="2025-04-24T18:22:24.584824" elapsed="0.000019"/>
</kw>
<kw name="Should Be Equal" owner="BuiltIn">
<arg>${file_content}</arg>
<arg>${expected_content}</arg>
<doc>Fails if the given objects are unequal.</doc>
<status status="NOT RUN" start="2025-04-24T18:22:24.584919" elapsed="0.000020"/>
</kw>
<arg>test_document.txt</arg>
<arg>This is a test document</arg>
<status status="FAIL" start="2025-04-24T18:22:19.447439" elapsed="5.137628">Element 'xpath=//div[contains(text(), 'File saved successfully')]' not visible after 5 seconds.</status>
</kw>
<kw name="Clean Up Test Files" owner="text_editor_keywords">
<arg>test_document.txt</arg>
<status status="NOT RUN" start="2025-04-24T18:22:24.585267" elapsed="0.000029"/>
</kw>
<kw name="Close Text Editor Application" owner="text_editor_keywords" type="TEARDOWN">
<kw name="Close Browser and Stop App" owner="text_editor_keywords">
<kw name="Close Browser" owner="SeleniumLibrary">
<doc>Closes the current browser.</doc>
<status status="PASS" start="2025-04-24T18:22:24.585936" elapsed="0.666487"/>
</kw>
<kw name="Log" owner="BuiltIn">
<msg time="2025-04-24T18:22:25.252915" level="INFO">Closed browser and stopped application</msg>
<arg>Closed browser and stopped application</arg>
<doc>Logs the given message with the given level.</doc>
<status status="PASS" start="2025-04-24T18:22:25.252692" elapsed="0.000299"/>
</kw>
<status status="PASS" start="2025-04-24T18:22:24.585745" elapsed="0.667456"/>
</kw>
<status status="PASS" start="2025-04-24T18:22:24.585502" elapsed="0.667785"/>
</kw>
<status status="FAIL" start="2025-04-24T18:22:15.725134" elapsed="9.528283">Element 'xpath=//div[contains(text(), 'File saved successfully')]' not visible after 5 seconds.</status>
</test>
<test id="s1-t2" name="Edit And Save Document" line="13">
<kw name="Open Text Editor" owner="text_editor_keywords" type="SETUP">
<kw name="Open Browser" owner="SeleniumLibrary">
<msg time="2025-04-24T18:22:25.256239" level="INFO">Opening browser 'firefox' to base url 'http://localhost:3000'.</msg>
<arg>${app.url}</arg>
<arg>firefox</arg>
<doc>Opens a new browser instance to the optional ``url``.</doc>
<status status="PASS" start="2025-04-24T18:22:25.254928" elapsed="2.400894"/>
</kw>
<kw name="Click Element" owner="SeleniumLibrary">
<msg time="2025-04-24T18:22:27.656502" level="INFO">Clicking element 'xpath=//button[contains(text(), 'Text Editor')]'.</msg>
<arg>xpath=//button[contains(text(), 'Text Editor')]</arg>
<doc>Click the element identified by ``locator``.</doc>
<status status="PASS" start="2025-04-24T18:22:27.656145" elapsed="0.275491"/>
</kw>
<kw name="Wait Until Element Is Visible" owner="SeleniumLibrary">
<arg>${selectors.FILENAME_INPUT}</arg>
<arg>${timeouts.element_visible}</arg>
<doc>Waits until the element ``locator`` is visible.</doc>
<status status="PASS" start="2025-04-24T18:22:27.931941" elapsed="0.027116"/>
</kw>
<status status="PASS" start="2025-04-24T18:22:25.254340" elapsed="2.704993"/>
</kw>
<kw name="Create And Save Document" owner="text_editor_keywords">
<kw name="Set File Name" owner="text_editor_keywords">
<kw name="Input Text" owner="SeleniumLibrary">
<msg time="2025-04-24T18:22:27.962009" level="INFO">Typing text 'edit_test.txt' into text field 'css=input[placeholder='Enter file name']'.</msg>
<arg>${selectors.FILENAME_INPUT}</arg>
<arg>${filename}</arg>
<doc>Types the given ``text`` into the text field identified by ``locator``.</doc>
<status status="PASS" start="2025-04-24T18:22:27.961138" elapsed="0.091817"/>
</kw>
<arg>${filename}</arg>
<status status="PASS" start="2025-04-24T18:22:27.960691" elapsed="0.092454"/>
</kw>
<kw name="Set Editor Content" owner="text_editor_keywords">
<kw name="Input Text" owner="SeleniumLibrary">
<msg time="2025-04-24T18:22:28.054514" level="INFO">Typing text 'Initial content' into text field 'css=textarea[placeholder='Start typing...']'.</msg>
<arg>${selectors.CONTENT_TEXTAREA}</arg>
<arg>${content}</arg>
<doc>Types the given ``text`` into the text field identified by ``locator``.</doc>
<status status="PASS" start="2025-04-24T18:22:28.053856" elapsed="0.022664"/>
</kw>
<arg>${content}</arg>
<status status="PASS" start="2025-04-24T18:22:28.053396" elapsed="0.023257"/>
</kw>
<kw name="Click Save Button" owner="text_editor_keywords">
<kw name="Click Button" owner="SeleniumLibrary">
<msg time="2025-04-24T18:22:28.077574" level="INFO">Clicking button 'xpath=//button[contains(., 'Save')]'.</msg>
<arg>${selectors.SAVE_BUTTON}</arg>
<doc>Clicks the button identified by ``locator``.</doc>
<status status="PASS" start="2025-04-24T18:22:28.077091" elapsed="0.246901"/>
</kw>
<status status="PASS" start="2025-04-24T18:22:28.076828" elapsed="0.247326"/>
</kw>
<arg>edit_test.txt</arg>
<arg>Initial content</arg>
<status status="PASS" start="2025-04-24T18:22:27.959967" elapsed="0.364269"/>
</kw>
<kw name="Verify Document Is Saved" owner="text_editor_keywords">
<kw name="Wait Until Element Is Visible" owner="SeleniumLibrary">
<msg time="2025-04-24T18:22:33.459089" level="INFO" html="true">&lt;/td&gt;&lt;/tr&gt;&lt;tr&gt;&lt;td colspan="3"&gt;&lt;a href="selenium-screenshot-2.png"&gt;&lt;img src="selenium-screenshot-2.png" width="800px"&gt;&lt;/a&gt;</msg>
<msg time="2025-04-24T18:22:33.459241" level="FAIL">Element 'xpath=//div[contains(text(), 'File saved successfully')]' not visible after 5 seconds.</msg>
<arg>xpath=//div[contains(text(), 'File saved successfully')]</arg>
<arg>${timeouts.element_visible}</arg>
<doc>Waits until the element ``locator`` is visible.</doc>
<status status="FAIL" start="2025-04-24T18:22:28.324787" elapsed="5.134567">Element 'xpath=//div[contains(text(), 'File saved successfully')]' not visible after 5 seconds.</status>
</kw>
<kw name="Verify Content Is" owner="text_editor_keywords">
<arg>${expected_content}</arg>
<status status="NOT RUN" start="2025-04-24T18:22:33.459558" elapsed="0.000037"/>
</kw>
<kw name="Verify File Name Is" owner="text_editor_keywords">
<arg>${filename}</arg>
<status status="NOT RUN" start="2025-04-24T18:22:33.459691" elapsed="0.000028"/>
</kw>
<kw name="File Should Exist" owner="OperatingSystem">
<arg>${filename}</arg>
<doc>Fails unless the given ``path`` points to an existing file.</doc>
<status status="NOT RUN" start="2025-04-24T18:22:33.459807" elapsed="0.000020"/>
</kw>
<kw name="Get File" owner="OperatingSystem">
<var>${file_content}</var>
<arg>${filename}</arg>
<doc>Returns the contents of a specified file.</doc>
<status status="NOT RUN" start="2025-04-24T18:22:33.459900" elapsed="0.000019"/>
</kw>
<kw name="Should Be Equal" owner="BuiltIn">
<arg>${file_content}</arg>
<arg>${expected_content}</arg>
<doc>Fails if the given objects are unequal.</doc>
<status status="NOT RUN" start="2025-04-24T18:22:33.459999" elapsed="0.000019"/>
</kw>
<arg>edit_test.txt</arg>
<arg>Initial content</arg>
<status status="FAIL" start="2025-04-24T18:22:28.324495" elapsed="5.135614">Element 'xpath=//div[contains(text(), 'File saved successfully')]' not visible after 5 seconds.</status>
</kw>
<kw name="Set Editor Content" owner="text_editor_keywords">
<arg>Updated content</arg>
<status status="NOT RUN" start="2025-04-24T18:22:33.460264" elapsed="0.000023"/>
</kw>
<kw name="Click Save Button" owner="text_editor_keywords">
<status status="NOT RUN" start="2025-04-24T18:22:33.460388" elapsed="0.000020"/>
</kw>
<kw name="Verify Document Is Saved" owner="text_editor_keywords">
<arg>edit_test.txt</arg>
<arg>Updated content</arg>
<status status="NOT RUN" start="2025-04-24T18:22:33.460515" elapsed="0.000021"/>
</kw>
<kw name="Clean Up Test Files" owner="text_editor_keywords">
<arg>edit_test.txt</arg>
<status status="NOT RUN" start="2025-04-24T18:22:33.460640" elapsed="0.000022"/>
</kw>
<kw name="Close Text Editor Application" owner="text_editor_keywords" type="TEARDOWN">
<kw name="Close Browser and Stop App" owner="text_editor_keywords">
<kw name="Close Browser" owner="SeleniumLibrary">
<doc>Closes the current browser.</doc>
<status status="PASS" start="2025-04-24T18:22:33.461299" elapsed="0.668032"/>
</kw>
<kw name="Log" owner="BuiltIn">
<msg time="2025-04-24T18:22:34.129891" level="INFO">Closed browser and stopped application</msg>
<arg>Closed browser and stopped application</arg>
<doc>Logs the given message with the given level.</doc>
<status status="PASS" start="2025-04-24T18:22:34.129644" elapsed="0.000334"/>
</kw>
<status status="PASS" start="2025-04-24T18:22:33.461104" elapsed="0.669119"/>
</kw>
<status status="PASS" start="2025-04-24T18:22:33.460857" elapsed="0.669466"/>
</kw>
<status status="FAIL" start="2025-04-24T18:22:25.253781" elapsed="8.876695">Element 'xpath=//div[contains(text(), 'File saved successfully')]' not visible after 5 seconds.</status>
</test>
<test id="s1-t3" name="Save Document With Special Characters" line="21">
<kw name="Open Text Editor" owner="text_editor_keywords" type="SETUP">
<kw name="Open Browser" owner="SeleniumLibrary">
<msg time="2025-04-24T18:22:34.132747" level="INFO">Opening browser 'firefox' to base url 'http://localhost:3000'.</msg>
<arg>${app.url}</arg>
<arg>firefox</arg>
<doc>Opens a new browser instance to the optional ``url``.</doc>
<status status="PASS" start="2025-04-24T18:22:34.131978" elapsed="2.656449"/>
</kw>
<kw name="Click Element" owner="SeleniumLibrary">
<msg time="2025-04-24T18:22:36.789208" level="INFO">Clicking element 'xpath=//button[contains(text(), 'Text Editor')]'.</msg>
<arg>xpath=//button[contains(text(), 'Text Editor')]</arg>
<doc>Click the element identified by ``locator``.</doc>
<status status="PASS" start="2025-04-24T18:22:36.788828" elapsed="0.260733"/>
</kw>
<kw name="Wait Until Element Is Visible" owner="SeleniumLibrary">
<arg>${selectors.FILENAME_INPUT}</arg>
<arg>${timeouts.element_visible}</arg>
<doc>Waits until the element ``locator`` is visible.</doc>
<status status="PASS" start="2025-04-24T18:22:37.049857" elapsed="0.011910"/>
</kw>
<status status="PASS" start="2025-04-24T18:22:34.131560" elapsed="2.930335"/>
</kw>
<kw name="Create And Save Document" owner="text_editor_keywords">
<kw name="Set File Name" owner="text_editor_keywords">
<kw name="Input Text" owner="SeleniumLibrary">
<msg time="2025-04-24T18:22:37.063121" level="INFO">Typing text 'special_chars.txt' into text field 'css=input[placeholder='Enter file name']'.</msg>
<arg>${selectors.FILENAME_INPUT}</arg>
<arg>${filename}</arg>
<doc>Types the given ``text`` into the text field identified by ``locator``.</doc>
<status status="PASS" start="2025-04-24T18:22:37.062690" elapsed="0.089309"/>
</kw>
<arg>${filename}</arg>
<status status="PASS" start="2025-04-24T18:22:37.062465" elapsed="0.089684"/>
</kw>
<kw name="Set Editor Content" owner="text_editor_keywords">
<kw name="Input Text" owner="SeleniumLibrary">
<msg time="2025-04-24T18:22:37.153430" level="INFO">Typing text 'Content with special chars: !@#$%^&amp;*()_+' into text field 'css=textarea[placeholder='Start typing...']'.</msg>
<arg>${selectors.CONTENT_TEXTAREA}</arg>
<arg>${content}</arg>
<doc>Types the given ``text`` into the text field identified by ``locator``.</doc>
<status status="PASS" start="2025-04-24T18:22:37.152944" elapsed="0.048554"/>
</kw>
<arg>${content}</arg>
<status status="PASS" start="2025-04-24T18:22:37.152426" elapsed="0.049269"/>
</kw>
<kw name="Click Save Button" owner="text_editor_keywords">
<kw name="Click Button" owner="SeleniumLibrary">
<msg time="2025-04-24T18:22:37.203198" level="INFO">Clicking button 'xpath=//button[contains(., 'Save')]'.</msg>
<arg>${selectors.SAVE_BUTTON}</arg>
<doc>Clicks the button identified by ``locator``.</doc>
<status status="PASS" start="2025-04-24T18:22:37.202521" elapsed="0.253432"/>
</kw>
<status status="PASS" start="2025-04-24T18:22:37.201983" elapsed="0.254110"/>
</kw>
<arg>special_chars.txt</arg>
<arg>Content with special chars: !@#$%^&amp;*()_+</arg>
<status status="PASS" start="2025-04-24T18:22:37.062163" elapsed="0.394013"/>
</kw>
<kw name="Verify Document Is Saved" owner="text_editor_keywords">
<kw name="Wait Until Element Is Visible" owner="SeleniumLibrary">
<msg time="2025-04-24T18:22:42.610193" level="INFO" html="true">&lt;/td&gt;&lt;/tr&gt;&lt;tr&gt;&lt;td colspan="3"&gt;&lt;a href="selenium-screenshot-3.png"&gt;&lt;img src="selenium-screenshot-3.png" width="800px"&gt;&lt;/a&gt;</msg>
<msg time="2025-04-24T18:22:42.610337" level="FAIL">Element 'xpath=//div[contains(text(), 'File saved successfully')]' not visible after 5 seconds.</msg>
<arg>xpath=//div[contains(text(), 'File saved successfully')]</arg>
<arg>${timeouts.element_visible}</arg>
<doc>Waits until the element ``locator`` is visible.</doc>
<status status="FAIL" start="2025-04-24T18:22:37.456807" elapsed="5.153643">Element 'xpath=//div[contains(text(), 'File saved successfully')]' not visible after 5 seconds.</status>
</kw>
<kw name="Verify Content Is" owner="text_editor_keywords">
<arg>${expected_content}</arg>
<status status="NOT RUN" start="2025-04-24T18:22:42.610656" elapsed="0.000036"/>
</kw>
<kw name="Verify File Name Is" owner="text_editor_keywords">
<arg>${filename}</arg>
<status status="NOT RUN" start="2025-04-24T18:22:42.610792" elapsed="0.000023"/>
</kw>
<kw name="File Should Exist" owner="OperatingSystem">
<arg>${filename}</arg>
<doc>Fails unless the given ``path`` points to an existing file.</doc>
<status status="NOT RUN" start="2025-04-24T18:22:42.610903" elapsed="0.000019"/>
</kw>
<kw name="Get File" owner="OperatingSystem">
<var>${file_content}</var>
<arg>${filename}</arg>
<doc>Returns the contents of a specified file.</doc>
<status status="NOT RUN" start="2025-04-24T18:22:42.610996" elapsed="0.000019"/>
</kw>
<kw name="Should Be Equal" owner="BuiltIn">
<arg>${file_content}</arg>
<arg>${expected_content}</arg>
<doc>Fails if the given objects are unequal.</doc>
<status status="NOT RUN" start="2025-04-24T18:22:42.611089" elapsed="0.000024"/>
</kw>
<arg>special_chars.txt</arg>
<arg>Content with special chars: !@#$%^&amp;*()_+</arg>
<status status="FAIL" start="2025-04-24T18:22:37.456491" elapsed="5.154707">Element 'xpath=//div[contains(text(), 'File saved successfully')]' not visible after 5 seconds.</status>
</kw>
<kw name="Clean Up Test Files" owner="text_editor_keywords">
<arg>special_chars.txt</arg>
<status status="NOT RUN" start="2025-04-24T18:22:42.611357" elapsed="0.000025"/>
</kw>
<kw name="Close Text Editor Application" owner="text_editor_keywords" type="TEARDOWN">
<kw name="Close Browser and Stop App" owner="text_editor_keywords">
<kw name="Close Browser" owner="SeleniumLibrary">
<doc>Closes the current browser.</doc>
<status status="PASS" start="2025-04-24T18:22:42.612170" elapsed="0.665871"/>
</kw>
<kw name="Log" owner="BuiltIn">
<msg time="2025-04-24T18:22:43.278496" level="INFO">Closed browser and stopped application</msg>
<arg>Closed browser and stopped application</arg>
<doc>Logs the given message with the given level.</doc>
<status status="PASS" start="2025-04-24T18:22:43.278301" elapsed="0.000263"/>
</kw>
<status status="PASS" start="2025-04-24T18:22:42.611824" elapsed="0.666917"/>
</kw>
<status status="PASS" start="2025-04-24T18:22:42.611573" elapsed="0.667241"/>
</kw>
<status status="FAIL" start="2025-04-24T18:22:34.130915" elapsed="9.148004">Element 'xpath=//div[contains(text(), 'File saved successfully')]' not visible after 5 seconds.</status>
</test>
<test id="s1-t4" name="Save Document With Long Content" line="26">
<kw name="Open Text Editor" owner="text_editor_keywords" type="SETUP">
<kw name="Open Browser" owner="SeleniumLibrary">
<msg time="2025-04-24T18:22:43.280627" level="INFO">Opening browser 'firefox' to base url 'http://localhost:3000'.</msg>
<arg>${app.url}</arg>
<arg>firefox</arg>
<doc>Opens a new browser instance to the optional ``url``.</doc>
<status status="PASS" start="2025-04-24T18:22:43.280026" elapsed="2.406899"/>
</kw>
<kw name="Click Element" owner="SeleniumLibrary">
<msg time="2025-04-24T18:22:45.687631" level="INFO">Clicking element 'xpath=//button[contains(text(), 'Text Editor')]'.</msg>
<arg>xpath=//button[contains(text(), 'Text Editor')]</arg>
<doc>Click the element identified by ``locator``.</doc>
<status status="PASS" start="2025-04-24T18:22:45.687272" elapsed="0.292325"/>
</kw>
<kw name="Wait Until Element Is Visible" owner="SeleniumLibrary">
<arg>${selectors.FILENAME_INPUT}</arg>
<arg>${timeouts.element_visible}</arg>
<doc>Waits until the element ``locator`` is visible.</doc>
<status status="PASS" start="2025-04-24T18:22:45.979806" elapsed="0.010239"/>
</kw>
<status status="PASS" start="2025-04-24T18:22:43.279710" elapsed="2.710492"/>
</kw>
<kw name="Set Variable" owner="BuiltIn">
<msg time="2025-04-24T18:22:45.990644" level="INFO">${long_content} = This is a very long content that spans multiple lines.
Line 2
Line 3
Line 4
Line 5</msg>
<var>${long_content}</var>
<arg>This is a very long content that spans multiple lines.\nLine 2\nLine 3\nLine 4\nLine 5</arg>
<doc>Returns the given values which can then be assigned to a variables.</doc>
<status status="PASS" start="2025-04-24T18:22:45.990409" elapsed="0.000268"/>
</kw>
<kw name="Create And Save Document" owner="text_editor_keywords">
<kw name="Set File Name" owner="text_editor_keywords">
<kw name="Input Text" owner="SeleniumLibrary">
<msg time="2025-04-24T18:22:45.991887" level="INFO">Typing text 'long_content.txt' into text field 'css=input[placeholder='Enter file name']'.</msg>
<arg>${selectors.FILENAME_INPUT}</arg>
<arg>${filename}</arg>
<doc>Types the given ``text`` into the text field identified by ``locator``.</doc>
<status status="PASS" start="2025-04-24T18:22:45.991416" elapsed="0.060479"/>
</kw>
<arg>${filename}</arg>
<status status="PASS" start="2025-04-24T18:22:45.991162" elapsed="0.060858"/>
</kw>
<kw name="Set Editor Content" owner="text_editor_keywords">
<kw name="Input Text" owner="SeleniumLibrary">
<msg time="2025-04-24T18:22:46.053214" level="INFO">Typing text 'This is a very long content that spans multiple lines.
Line 2
Line 3
Line 4
Line 5' into text field 'css=textarea[placeholder='Start typing...']'.</msg>
<arg>${selectors.CONTENT_TEXTAREA}</arg>
<arg>${content}</arg>
<doc>Types the given ``text`` into the text field identified by ``locator``.</doc>
<status status="PASS" start="2025-04-24T18:22:46.052567" elapsed="0.066800"/>
</kw>
<arg>${content}</arg>
<status status="PASS" start="2025-04-24T18:22:46.052199" elapsed="0.067289"/>
</kw>
<kw name="Click Save Button" owner="text_editor_keywords">
<kw name="Click Button" owner="SeleniumLibrary">
<msg time="2025-04-24T18:22:46.120519" level="INFO">Clicking button 'xpath=//button[contains(., 'Save')]'.</msg>
<arg>${selectors.SAVE_BUTTON}</arg>
<doc>Clicks the button identified by ``locator``.</doc>
<status status="PASS" start="2025-04-24T18:22:46.119901" elapsed="0.240984"/>
</kw>
<status status="PASS" start="2025-04-24T18:22:46.119652" elapsed="0.241354"/>
</kw>
<arg>long_content.txt</arg>
<arg>${long_content}</arg>
<status status="PASS" start="2025-04-24T18:22:45.990865" elapsed="0.370188"/>
</kw>
<kw name="Verify Document Is Saved" owner="text_editor_keywords">
<kw name="Wait Until Element Is Visible" owner="SeleniumLibrary">
<msg time="2025-04-24T18:22:51.524929" level="INFO" html="true">&lt;/td&gt;&lt;/tr&gt;&lt;tr&gt;&lt;td colspan="3"&gt;&lt;a href="selenium-screenshot-4.png"&gt;&lt;img src="selenium-screenshot-4.png" width="800px"&gt;&lt;/a&gt;</msg>
<msg time="2025-04-24T18:22:51.525072" level="FAIL">Element 'xpath=//div[contains(text(), 'File saved successfully')]' not visible after 5 seconds.</msg>
<arg>xpath=//div[contains(text(), 'File saved successfully')]</arg>
<arg>${timeouts.element_visible}</arg>
<doc>Waits until the element ``locator`` is visible.</doc>
<status status="FAIL" start="2025-04-24T18:22:46.361635" elapsed="5.163643">Element 'xpath=//div[contains(text(), 'File saved successfully')]' not visible after 5 seconds.</status>
</kw>
<kw name="Verify Content Is" owner="text_editor_keywords">
<arg>${expected_content}</arg>
<status status="NOT RUN" start="2025-04-24T18:22:51.525493" elapsed="0.000038"/>
</kw>
<kw name="Verify File Name Is" owner="text_editor_keywords">
<arg>${filename}</arg>
<status status="NOT RUN" start="2025-04-24T18:22:51.525629" elapsed="0.000022"/>
</kw>
<kw name="File Should Exist" owner="OperatingSystem">
<arg>${filename}</arg>
<doc>Fails unless the given ``path`` points to an existing file.</doc>
<status status="NOT RUN" start="2025-04-24T18:22:51.525740" elapsed="0.000021"/>
</kw>
<kw name="Get File" owner="OperatingSystem">
<var>${file_content}</var>
<arg>${filename}</arg>
<doc>Returns the contents of a specified file.</doc>
<status status="NOT RUN" start="2025-04-24T18:22:51.525836" elapsed="0.000019"/>
</kw>
<kw name="Should Be Equal" owner="BuiltIn">
<arg>${file_content}</arg>
<arg>${expected_content}</arg>
<doc>Fails if the given objects are unequal.</doc>
<status status="NOT RUN" start="2025-04-24T18:22:51.525935" elapsed="0.000019"/>
</kw>
<arg>long_content.txt</arg>
<arg>${long_content}</arg>
<status status="FAIL" start="2025-04-24T18:22:46.361312" elapsed="5.164725">Element 'xpath=//div[contains(text(), 'File saved successfully')]' not visible after 5 seconds.</status>
</kw>
<kw name="Clean Up Test Files" owner="text_editor_keywords">
<arg>long_content.txt</arg>
<status status="NOT RUN" start="2025-04-24T18:22:51.526217" elapsed="0.000028"/>
</kw>
<kw name="Close Text Editor Application" owner="text_editor_keywords" type="TEARDOWN">
<kw name="Close Browser and Stop App" owner="text_editor_keywords">
<kw name="Close Browser" owner="SeleniumLibrary">
<doc>Closes the current browser.</doc>
<status status="PASS" start="2025-04-24T18:22:51.527058" elapsed="0.669964"/>
</kw>
<kw name="Log" owner="BuiltIn">
<msg time="2025-04-24T18:22:52.197810" level="INFO">Closed browser and stopped application</msg>
<arg>Closed browser and stopped application</arg>
<doc>Logs the given message with the given level.</doc>
<status status="PASS" start="2025-04-24T18:22:52.197435" elapsed="0.000513"/>
</kw>
<status status="PASS" start="2025-04-24T18:22:51.526850" elapsed="0.671440"/>
</kw>
<status status="PASS" start="2025-04-24T18:22:51.526457" elapsed="0.671939"/>
</kw>
<status status="FAIL" start="2025-04-24T18:22:43.279261" elapsed="8.919268">Element 'xpath=//div[contains(text(), 'File saved successfully')]' not visible after 5 seconds.</status>
</test>
<test id="s1-t5" name="Save Document With Empty Content" line="32">
<kw name="Open Text Editor" owner="text_editor_keywords" type="SETUP">
<kw name="Open Browser" owner="SeleniumLibrary">
<msg time="2025-04-24T18:22:52.200681" level="INFO">Opening browser 'firefox' to base url 'http://localhost:3000'.</msg>
<arg>${app.url}</arg>
<arg>firefox</arg>
<doc>Opens a new browser instance to the optional ``url``.</doc>
<status status="PASS" start="2025-04-24T18:22:52.199902" elapsed="2.554485"/>
</kw>
<kw name="Click Element" owner="SeleniumLibrary">
<msg time="2025-04-24T18:22:54.754887" level="INFO">Clicking element 'xpath=//button[contains(text(), 'Text Editor')]'.</msg>
<arg>xpath=//button[contains(text(), 'Text Editor')]</arg>
<doc>Click the element identified by ``locator``.</doc>
<status status="PASS" start="2025-04-24T18:22:54.754646" elapsed="0.266778"/>
</kw>
<kw name="Wait Until Element Is Visible" owner="SeleniumLibrary">
<arg>${selectors.FILENAME_INPUT}</arg>
<arg>${timeouts.element_visible}</arg>
<doc>Waits until the element ``locator`` is visible.</doc>
<status status="PASS" start="2025-04-24T18:22:55.021685" elapsed="0.014434"/>
</kw>
<status status="PASS" start="2025-04-24T18:22:52.199466" elapsed="2.836860"/>
</kw>
<kw name="Create And Save Document" owner="text_editor_keywords">
<kw name="Set File Name" owner="text_editor_keywords">
<kw name="Input Text" owner="SeleniumLibrary">
<msg time="2025-04-24T18:22:55.038662" level="INFO">Typing text 'empty_content.txt' into text field 'css=input[placeholder='Enter file name']'.</msg>
<arg>${selectors.FILENAME_INPUT}</arg>
<arg>${filename}</arg>
<doc>Types the given ``text`` into the text field identified by ``locator``.</doc>
<status status="PASS" start="2025-04-24T18:22:55.038033" elapsed="0.058154"/>
</kw>
<arg>${filename}</arg>
<status status="PASS" start="2025-04-24T18:22:55.037677" elapsed="0.058642"/>
</kw>
<kw name="Set Editor Content" owner="text_editor_keywords">
<kw name="Input Text" owner="SeleniumLibrary">
<msg time="2025-04-24T18:22:55.097632" level="INFO">Typing text '' into text field 'css=textarea[placeholder='Start typing...']'.</msg>
<arg>${selectors.CONTENT_TEXTAREA}</arg>
<arg>${content}</arg>
<doc>Types the given ``text`` into the text field identified by ``locator``.</doc>
<status status="PASS" start="2025-04-24T18:22:55.096988" elapsed="0.010233"/>
</kw>
<arg>${content}</arg>
<status status="PASS" start="2025-04-24T18:22:55.096508" elapsed="0.010884"/>
</kw>
<kw name="Click Save Button" owner="text_editor_keywords">
<kw name="Click Button" owner="SeleniumLibrary">
<msg time="2025-04-24T18:22:55.108443" level="INFO">Clicking button 'xpath=//button[contains(., 'Save')]'.</msg>
<arg>${selectors.SAVE_BUTTON}</arg>
<doc>Clicks the button identified by ``locator``.</doc>
<status status="PASS" start="2025-04-24T18:22:55.108013" elapsed="0.256494"/>
</kw>
<status status="PASS" start="2025-04-24T18:22:55.107657" elapsed="0.257164"/>
</kw>
<arg>empty_content.txt</arg>
<arg>${EMPTY}</arg>
<status status="PASS" start="2025-04-24T18:22:55.036765" elapsed="0.328258"/>
</kw>
<kw name="Verify Document Is Saved" owner="text_editor_keywords">
<kw name="Wait Until Element Is Visible" owner="SeleniumLibrary">
<msg time="2025-04-24T18:23:00.556687" level="INFO" html="true">&lt;/td&gt;&lt;/tr&gt;&lt;tr&gt;&lt;td colspan="3"&gt;&lt;a href="selenium-screenshot-5.png"&gt;&lt;img src="selenium-screenshot-5.png" width="800px"&gt;&lt;/a&gt;</msg>
<msg time="2025-04-24T18:23:00.556832" level="FAIL">Element 'xpath=//div[contains(text(), 'File saved successfully')]' not visible after 5 seconds.</msg>
<arg>xpath=//div[contains(text(), 'File saved successfully')]</arg>
<arg>${timeouts.element_visible}</arg>
<doc>Waits until the element ``locator`` is visible.</doc>
<status status="FAIL" start="2025-04-24T18:22:55.367759" elapsed="5.189187">Element 'xpath=//div[contains(text(), 'File saved successfully')]' not visible after 5 seconds.</status>
</kw>
<kw name="Verify Content Is" owner="text_editor_keywords">
<arg>${expected_content}</arg>
<status status="NOT RUN" start="2025-04-24T18:23:00.557162" elapsed="0.000045"/>
</kw>
<kw name="Verify File Name Is" owner="text_editor_keywords">
<arg>${filename}</arg>
<status status="NOT RUN" start="2025-04-24T18:23:00.557303" elapsed="0.000020"/>
</kw>
<kw name="File Should Exist" owner="OperatingSystem">
<arg>${filename}</arg>
<doc>Fails unless the given ``path`` points to an existing file.</doc>
<status status="NOT RUN" start="2025-04-24T18:23:00.557405" elapsed="0.000020"/>
</kw>
<kw name="Get File" owner="OperatingSystem">
<var>${file_content}</var>
<arg>${filename}</arg>
<doc>Returns the contents of a specified file.</doc>
<status status="NOT RUN" start="2025-04-24T18:23:00.557498" elapsed="0.000017"/>
</kw>
<kw name="Should Be Equal" owner="BuiltIn">
<arg>${file_content}</arg>
<arg>${expected_content}</arg>
<doc>Fails if the given objects are unequal.</doc>
<status status="NOT RUN" start="2025-04-24T18:23:00.557584" elapsed="0.000017"/>
</kw>
<arg>empty_content.txt</arg>
<arg>${EMPTY}</arg>
<status status="FAIL" start="2025-04-24T18:22:55.365815" elapsed="5.191866">Element 'xpath=//div[contains(text(), 'File saved successfully')]' not visible after 5 seconds.</status>
</kw>
<kw name="Clean Up Test Files" owner="text_editor_keywords">
<arg>empty_content.txt</arg>
<status status="NOT RUN" start="2025-04-24T18:23:00.557902" elapsed="0.000029"/>
</kw>
<kw name="Close Text Editor Application" owner="text_editor_keywords" type="TEARDOWN">
<kw name="Close Browser and Stop App" owner="text_editor_keywords">
<kw name="Close Browser" owner="SeleniumLibrary">
<doc>Closes the current browser.</doc>
<status status="PASS" start="2025-04-24T18:23:00.558736" elapsed="0.679628"/>
</kw>
<kw name="Log" owner="BuiltIn">
<msg time="2025-04-24T18:23:01.238925" level="INFO">Closed browser and stopped application</msg>
<arg>Closed browser and stopped application</arg>
<doc>Logs the given message with the given level.</doc>
<status status="PASS" start="2025-04-24T18:23:01.238669" elapsed="0.000348"/>
</kw>
<status status="PASS" start="2025-04-24T18:23:00.558525" elapsed="0.680750"/>
</kw>
<status status="PASS" start="2025-04-24T18:23:00.558139" elapsed="0.681239"/>
</kw>
<status status="FAIL" start="2025-04-24T18:22:52.198883" elapsed="9.040647">Element 'xpath=//div[contains(text(), 'File saved successfully')]' not visible after 5 seconds.</status>
</test>
<test id="s1-t6" name="Save Document With Whitespace" line="37">
<kw name="Open Text Editor" owner="text_editor_keywords" type="SETUP">
<kw name="Open Browser" owner="SeleniumLibrary">
<msg time="2025-04-24T18:23:01.242013" level="INFO">Opening browser 'firefox' to base url 'http://localhost:3000'.</msg>
<arg>${app.url}</arg>
<arg>firefox</arg>
<doc>Opens a new browser instance to the optional ``url``.</doc>
<status status="PASS" start="2025-04-24T18:23:01.241025" elapsed="2.418126"/>
</kw>
<kw name="Click Element" owner="SeleniumLibrary">
<msg time="2025-04-24T18:23:03.659677" level="INFO">Clicking element 'xpath=//button[contains(text(), 'Text Editor')]'.</msg>
<arg>xpath=//button[contains(text(), 'Text Editor')]</arg>
<doc>Click the element identified by ``locator``.</doc>
<status status="PASS" start="2025-04-24T18:23:03.659389" elapsed="0.272730"/>
</kw>
<kw name="Wait Until Element Is Visible" owner="SeleniumLibrary">
<arg>${selectors.FILENAME_INPUT}</arg>
<arg>${timeouts.element_visible}</arg>
<doc>Waits until the element ``locator`` is visible.</doc>
<status status="PASS" start="2025-04-24T18:23:03.932320" elapsed="0.010133"/>
</kw>
<status status="PASS" start="2025-04-24T18:23:01.240573" elapsed="2.702006"/>
</kw>
<kw name="Create And Save Document" owner="text_editor_keywords">
<msg time="2025-04-24T18:23:03.942943" level="FAIL">Keyword 'text_editor_keywords.Create And Save Document' expected 2 arguments, got 4.</msg>
<arg>whitespace.txt</arg>
<arg>Content with</arg>
<arg>multiple</arg>
<arg>spaces</arg>
<status status="FAIL" start="2025-04-24T18:23:03.942811" elapsed="0.000171">Keyword 'text_editor_keywords.Create And Save Document' expected 2 arguments, got 4.</status>
</kw>
<kw name="Verify Document Is Saved" owner="text_editor_keywords">
<arg>whitespace.txt</arg>
<arg>Content with</arg>
<arg>multiple</arg>
<arg>spaces</arg>
<status status="NOT RUN" start="2025-04-24T18:23:03.943180" elapsed="0.000029"/>
</kw>
<kw name="Clean Up Test Files" owner="text_editor_keywords">
<arg>whitespace.txt</arg>
<status status="NOT RUN" start="2025-04-24T18:23:03.943330" elapsed="0.000022"/>
</kw>
<kw name="Close Text Editor Application" owner="text_editor_keywords" type="TEARDOWN">
<kw name="Close Browser and Stop App" owner="text_editor_keywords">
<kw name="Close Browser" owner="SeleniumLibrary">
<doc>Closes the current browser.</doc>
<status status="PASS" start="2025-04-24T18:23:03.943980" elapsed="0.668356"/>
</kw>
<kw name="Log" owner="BuiltIn">
<msg time="2025-04-24T18:23:04.612807" level="INFO">Closed browser and stopped application</msg>
<arg>Closed browser and stopped application</arg>
<doc>Logs the given message with the given level.</doc>
<status status="PASS" start="2025-04-24T18:23:04.612603" elapsed="0.000274"/>
</kw>
<status status="PASS" start="2025-04-24T18:23:03.943775" elapsed="0.669285"/>
</kw>
<status status="PASS" start="2025-04-24T18:23:03.943547" elapsed="0.669597"/>
</kw>
<status status="FAIL" start="2025-04-24T18:23:01.239954" elapsed="3.373300">Keyword 'text_editor_keywords.Create And Save Document' expected 2 arguments, got 4.</status>
</test>
<test id="s1-t7" name="Save Document With Line Breaks" line="42">
<kw name="Open Text Editor" owner="text_editor_keywords" type="SETUP">
<kw name="Open Browser" owner="SeleniumLibrary">
<msg time="2025-04-24T18:23:04.615325" level="INFO">Opening browser 'firefox' to base url 'http://localhost:3000'.</msg>
<arg>${app.url}</arg>
<arg>firefox</arg>
<doc>Opens a new browser instance to the optional ``url``.</doc>
<status status="PASS" start="2025-04-24T18:23:04.614577" elapsed="2.460534"/>
</kw>
<kw name="Click Element" owner="SeleniumLibrary">
<msg time="2025-04-24T18:23:07.075522" level="INFO">Clicking element 'xpath=//button[contains(text(), 'Text Editor')]'.</msg>
<arg>xpath=//button[contains(text(), 'Text Editor')]</arg>
<doc>Click the element identified by ``locator``.</doc>
<status status="PASS" start="2025-04-24T18:23:07.075317" elapsed="0.276952"/>
</kw>
<kw name="Wait Until Element Is Visible" owner="SeleniumLibrary">
<arg>${selectors.FILENAME_INPUT}</arg>
<arg>${timeouts.element_visible}</arg>
<doc>Waits until the element ``locator`` is visible.</doc>
<status status="PASS" start="2025-04-24T18:23:07.352817" elapsed="0.015016"/>
</kw>
<status status="PASS" start="2025-04-24T18:23:04.614165" elapsed="2.753793"/>
</kw>
<kw name="Create And Save Document" owner="text_editor_keywords">
<kw name="Set File Name" owner="text_editor_keywords">
<kw name="Input Text" owner="SeleniumLibrary">
<msg time="2025-04-24T18:23:07.369253" level="INFO">Typing text 'line_breaks.txt' into text field 'css=input[placeholder='Enter file name']'.</msg>
<arg>${selectors.FILENAME_INPUT}</arg>
<arg>${filename}</arg>
<doc>Types the given ``text`` into the text field identified by ``locator``.</doc>
<status status="PASS" start="2025-04-24T18:23:07.368791" elapsed="0.055062"/>
</kw>
<arg>${filename}</arg>
<status status="PASS" start="2025-04-24T18:23:07.368540" elapsed="0.055440"/>
</kw>
<kw name="Set Editor Content" owner="text_editor_keywords">
<kw name="Input Text" owner="SeleniumLibrary">
<msg time="2025-04-24T18:23:07.424902" level="INFO">Typing text 'First line
Second line
Third line' into text field 'css=textarea[placeholder='Start typing...']'.</msg>
<arg>${selectors.CONTENT_TEXTAREA}</arg>
<arg>${content}</arg>
<doc>Types the given ``text`` into the text field identified by ``locator``.</doc>
<status status="PASS" start="2025-04-24T18:23:07.424486" elapsed="0.031625"/>
</kw>
<arg>${content}</arg>
<status status="PASS" start="2025-04-24T18:23:07.424167" elapsed="0.032143"/>
</kw>
<kw name="Click Save Button" owner="text_editor_keywords">
<kw name="Click Button" owner="SeleniumLibrary">
<msg time="2025-04-24T18:23:07.457787" level="INFO">Clicking button 'xpath=//button[contains(., 'Save')]'.</msg>
<arg>${selectors.SAVE_BUTTON}</arg>
<doc>Clicks the button identified by ``locator``.</doc>
<status status="PASS" start="2025-04-24T18:23:07.457073" elapsed="0.238777"/>
</kw>
<status status="PASS" start="2025-04-24T18:23:07.456586" elapsed="0.239384"/>
</kw>
<arg>line_breaks.txt</arg>
<arg>First line\nSecond line\nThird line</arg>
<status status="PASS" start="2025-04-24T18:23:07.368212" elapsed="0.327805"/>
</kw>
<kw name="Verify Document Is Saved" owner="text_editor_keywords">
<kw name="Wait Until Element Is Visible" owner="SeleniumLibrary">
<msg time="2025-04-24T18:23:12.842532" level="INFO" html="true">&lt;/td&gt;&lt;/tr&gt;&lt;tr&gt;&lt;td colspan="3"&gt;&lt;a href="selenium-screenshot-6.png"&gt;&lt;img src="selenium-screenshot-6.png" width="800px"&gt;&lt;/a&gt;</msg>
<msg time="2025-04-24T18:23:12.842681" level="FAIL">Element 'xpath=//div[contains(text(), 'File saved successfully')]' not visible after 5 seconds.</msg>
<arg>xpath=//div[contains(text(), 'File saved successfully')]</arg>
<arg>${timeouts.element_visible}</arg>
<doc>Waits until the element ``locator`` is visible.</doc>
<status status="FAIL" start="2025-04-24T18:23:07.696558" elapsed="5.146241">Element 'xpath=//div[contains(text(), 'File saved successfully')]' not visible after 5 seconds.</status>
</kw>
<kw name="Verify Content Is" owner="text_editor_keywords">
<arg>${expected_content}</arg>
<status status="NOT RUN" start="2025-04-24T18:23:12.843069" elapsed="0.000053"/>
</kw>
<kw name="Verify File Name Is" owner="text_editor_keywords">
<arg>${filename}</arg>
<status status="NOT RUN" start="2025-04-24T18:23:12.843232" elapsed="0.000022"/>
</kw>
<kw name="File Should Exist" owner="OperatingSystem">
<arg>${filename}</arg>
<doc>Fails unless the given ``path`` points to an existing file.</doc>
<status status="NOT RUN" start="2025-04-24T18:23:12.843342" elapsed="0.000020"/>
</kw>
<kw name="Get File" owner="OperatingSystem">
<var>${file_content}</var>
<arg>${filename}</arg>
<doc>Returns the contents of a specified file.</doc>
<status status="NOT RUN" start="2025-04-24T18:23:12.843437" elapsed="0.000020"/>
</kw>
<kw name="Should Be Equal" owner="BuiltIn">
<arg>${file_content}</arg>
<arg>${expected_content}</arg>
<doc>Fails if the given objects are unequal.</doc>
<status status="NOT RUN" start="2025-04-24T18:23:12.843531" elapsed="0.000018"/>
</kw>
<arg>line_breaks.txt</arg>
<arg>First line\nSecond line\nThird line</arg>
<status status="FAIL" start="2025-04-24T18:23:07.696254" elapsed="5.147378">Element 'xpath=//div[contains(text(), 'File saved successfully')]' not visible after 5 seconds.</status>
</kw>
<kw name="Clean Up Test Files" owner="text_editor_keywords">
<arg>line_breaks.txt</arg>
<status status="NOT RUN" start="2025-04-24T18:23:12.843799" elapsed="0.000027"/>
</kw>
<kw name="Close Text Editor Application" owner="text_editor_keywords" type="TEARDOWN">
<kw name="Close Browser and Stop App" owner="text_editor_keywords">
<kw name="Close Browser" owner="SeleniumLibrary">
<doc>Closes the current browser.</doc>
<status status="PASS" start="2025-04-24T18:23:12.844490" elapsed="0.673697"/>
</kw>
<kw name="Log" owner="BuiltIn">
<msg time="2025-04-24T18:23:13.518593" level="INFO">Closed browser and stopped application</msg>
<arg>Closed browser and stopped application</arg>
<doc>Logs the given message with the given level.</doc>
<status status="PASS" start="2025-04-24T18:23:13.518415" elapsed="0.000237"/>
</kw>
<status status="PASS" start="2025-04-24T18:23:12.844296" elapsed="0.674517"/>
</kw>
<status status="PASS" start="2025-04-24T18:23:12.844033" elapsed="0.674845"/>
</kw>
<status status="FAIL" start="2025-04-24T18:23:04.613614" elapsed="8.905368">Element 'xpath=//div[contains(text(), 'File saved successfully')]' not visible after 5 seconds.</status>
</test>
<test id="s1-t8" name="Save Document With Unicode Characters" line="47">
<kw name="Open Text Editor" owner="text_editor_keywords" type="SETUP">
<kw name="Open Browser" owner="SeleniumLibrary">
<msg time="2025-04-24T18:23:13.520538" level="INFO">Opening browser 'firefox' to base url 'http://localhost:3000'.</msg>
<arg>${app.url}</arg>
<arg>firefox</arg>
<doc>Opens a new browser instance to the optional ``url``.</doc>
<status status="PASS" start="2025-04-24T18:23:13.519935" elapsed="2.383414"/>
</kw>
<kw name="Click Element" owner="SeleniumLibrary">
<msg time="2025-04-24T18:23:15.903939" level="INFO">Clicking element 'xpath=//button[contains(text(), 'Text Editor')]'.</msg>
<arg>xpath=//button[contains(text(), 'Text Editor')]</arg>
<doc>Click the element identified by ``locator``.</doc>
<status status="PASS" start="2025-04-24T18:23:15.903648" elapsed="0.270409"/>
</kw>
<kw name="Wait Until Element Is Visible" owner="SeleniumLibrary">
<arg>${selectors.FILENAME_INPUT}</arg>
<arg>${timeouts.element_visible}</arg>
<doc>Waits until the element ``locator`` is visible.</doc>
<status status="PASS" start="2025-04-24T18:23:16.174323" elapsed="0.016893"/>
</kw>
<status status="PASS" start="2025-04-24T18:23:13.519645" elapsed="2.671759"/>
</kw>
<kw name="Create And Save Document" owner="text_editor_keywords">
<kw name="Set File Name" owner="text_editor_keywords">
<kw name="Input Text" owner="SeleniumLibrary">
<msg time="2025-04-24T18:23:16.193158" level="INFO">Typing text 'unicode.txt' into text field 'css=input[placeholder='Enter file name']'.</msg>
<arg>${selectors.FILENAME_INPUT}</arg>
<arg>${filename}</arg>
<doc>Types the given ``text`` into the text field identified by ``locator``.</doc>
<status status="PASS" start="2025-04-24T18:23:16.192602" elapsed="0.057133"/>
</kw>
<arg>${filename}</arg>
<status status="PASS" start="2025-04-24T18:23:16.192268" elapsed="0.057589"/>
</kw>
<kw name="Set Editor Content" owner="text_editor_keywords">
<kw name="Input Text" owner="SeleniumLibrary">
<msg time="2025-04-24T18:23:16.250745" level="INFO">Typing text 'Unicode characters: éèêëñüß' into text field 'css=textarea[placeholder='Start typing...']'.</msg>
<arg>${selectors.CONTENT_TEXTAREA}</arg>
<arg>${content}</arg>
<doc>Types the given ``text`` into the text field identified by ``locator``.</doc>
<status status="PASS" start="2025-04-24T18:23:16.250345" elapsed="0.032925"/>
</kw>
<arg>${content}</arg>
<status status="PASS" start="2025-04-24T18:23:16.250022" elapsed="0.033373"/>
</kw>
<kw name="Click Save Button" owner="text_editor_keywords">
<kw name="Click Button" owner="SeleniumLibrary">
<msg time="2025-04-24T18:23:16.284225" level="INFO">Clicking button 'xpath=//button[contains(., 'Save')]'.</msg>
<msg time="2025-04-24T18:23:16.295665" level="WARN">Retrying (Retry(total=2, connect=None, read=None, redirect=None, status=None)) after connection broken by 'NewConnectionError('&lt;urllib3.connection.HTTPConnection object at 0x721821559660&gt;: Failed to establish a new connection: [Errno 111] Connection refused')': /session/38c01e99-8e21-408c-a94e-4da67c2dd7c3/screenshot</msg>
<msg time="2025-04-24T18:23:16.296084" level="WARN">Retrying (Retry(total=1, connect=None, read=None, redirect=None, status=None)) after connection broken by 'NewConnectionError('&lt;urllib3.connection.HTTPConnection object at 0x7218215597e0&gt;: Failed to establish a new connection: [Errno 111] Connection refused')': /session/38c01e99-8e21-408c-a94e-4da67c2dd7c3/screenshot</msg>
<msg time="2025-04-24T18:23:16.296418" level="WARN">Retrying (Retry(total=0, connect=None, read=None, redirect=None, status=None)) after connection broken by 'NewConnectionError('&lt;urllib3.connection.HTTPConnection object at 0x721821559d50&gt;: Failed to establish a new connection: [Errno 111] Connection refused')': /session/38c01e99-8e21-408c-a94e-4da67c2dd7c3/screenshot</msg>
<msg time="2025-04-24T18:23:16.296706" level="WARN">Keyword 'Capture Page Screenshot' could not be run on failure: HTTPConnectionPool(host='localhost', port=41749): Max retries exceeded with url: /session/38c01e99-8e21-408c-a94e-4da67c2dd7c3/screenshot (Caused by NewConnectionError('&lt;urllib3.connection.HTTPConnection object at 0x721821559f00&gt;: Failed to establish a new connection: [Errno 111] Connection refused'))</msg>
<arg>${selectors.SAVE_BUTTON}</arg>
<doc>Clicks the button identified by ``locator``.</doc>
<status status="FAIL" start="2025-04-24T18:23:16.283814" elapsed="0.013012">Execution terminated by signal</status>
</kw>
<status status="FAIL" start="2025-04-24T18:23:16.283563" elapsed="0.013406">Execution terminated by signal</status>
</kw>
<arg>unicode.txt</arg>
<arg>Unicode characters: éèêëñüß</arg>
<status status="FAIL" start="2025-04-24T18:23:16.191769" elapsed="0.105269">Execution terminated by signal</status>
</kw>
<kw name="Verify Document Is Saved" owner="text_editor_keywords">
<arg>unicode.txt</arg>
<arg>Unicode characters: éèêëñüß</arg>
<status status="NOT RUN" start="2025-04-24T18:23:16.297272" elapsed="0.000040"/>
</kw>
<kw name="Clean Up Test Files" owner="text_editor_keywords">
<arg>unicode.txt</arg>
<status status="NOT RUN" start="2025-04-24T18:23:16.297467" elapsed="0.000027"/>
</kw>
<kw name="Close Text Editor Application" owner="text_editor_keywords" type="TEARDOWN">
<kw name="Close Browser and Stop App" owner="text_editor_keywords">
<kw name="Close Browser" owner="SeleniumLibrary">
<msg time="2025-04-24T18:23:16.298875" level="WARN">Retrying (Retry(total=2, connect=None, read=None, redirect=None, status=None)) after connection broken by 'NewConnectionError('&lt;urllib3.connection.HTTPConnection object at 0x72182153efb0&gt;: Failed to establish a new connection: [Errno 111] Connection refused')': /session/38c01e99-8e21-408c-a94e-4da67c2dd7c3</msg>
<msg time="2025-04-24T18:23:16.299289" level="WARN">Retrying (Retry(total=1, connect=None, read=None, redirect=None, status=None)) after connection broken by 'NewConnectionError('&lt;urllib3.connection.HTTPConnection object at 0x72182153eb60&gt;: Failed to establish a new connection: [Errno 111] Connection refused')': /session/38c01e99-8e21-408c-a94e-4da67c2dd7c3</msg>
<msg time="2025-04-24T18:23:16.299586" level="WARN">Retrying (Retry(total=0, connect=None, read=None, redirect=None, status=None)) after connection broken by 'NewConnectionError('&lt;urllib3.connection.HTTPConnection object at 0x72182153d030&gt;: Failed to establish a new connection: [Errno 111] Connection refused')': /session/38c01e99-8e21-408c-a94e-4da67c2dd7c3</msg>
<doc>Closes the current browser.</doc>
<status status="PASS" start="2025-04-24T18:23:16.298331" elapsed="0.001758"/>
</kw>
<kw name="Log" owner="BuiltIn">
<msg time="2025-04-24T18:23:16.300364" level="INFO">Closed browser and stopped application</msg>
<arg>Closed browser and stopped application</arg>
<doc>Logs the given message with the given level.</doc>
<status status="PASS" start="2025-04-24T18:23:16.300242" elapsed="0.000163"/>
</kw>
<status status="PASS" start="2025-04-24T18:23:16.297953" elapsed="0.002565"/>
</kw>
<status status="PASS" start="2025-04-24T18:23:16.297713" elapsed="0.002850"/>
</kw>
<status status="FAIL" start="2025-04-24T18:23:13.519263" elapsed="2.781369">Execution terminated by signal</status>
</test>
<test id="s1-t9" name="Save Document With HTML Content" line="52">
<tag>robot:exit</tag>
<status status="FAIL" start="2025-04-24T18:23:16.300848" elapsed="0.000272">Test execution stopped due to a fatal error.</status>
</test>
<test id="s1-t10" name="Save Document With JavaScript Content" line="57">
<tag>robot:exit</tag>
<status status="FAIL" start="2025-04-24T18:23:16.301294" elapsed="0.000232">Test execution stopped due to a fatal error.</status>
</test>
<test id="s1-t11" name="Save Document With SQL Content" line="62">
<tag>robot:exit</tag>
<status status="FAIL" start="2025-04-24T18:23:16.301687" elapsed="0.000209">Test execution stopped due to a fatal error.</status>
</test>
<test id="s1-t12" name="Save Document With Markdown Content" line="67">
<tag>robot:exit</tag>
<status status="FAIL" start="2025-04-24T18:23:16.302052" elapsed="0.000206">Test execution stopped due to a fatal error.</status>
</test>
<test id="s1-t13" name="Save Document With JSON Content" line="72">
<tag>robot:exit</tag>
<status status="FAIL" start="2025-04-24T18:23:16.302429" elapsed="0.000201">Test execution stopped due to a fatal error.</status>
</test>
<test id="s1-t14" name="Save Document With XML Content" line="77">
<tag>robot:exit</tag>
<status status="FAIL" start="2025-04-24T18:23:16.302762" elapsed="0.000187">Test execution stopped due to a fatal error.</status>
</test>
<test id="s1-t15" name="Save Document With YAML Content" line="82">
<tag>robot:exit</tag>
<status status="FAIL" start="2025-04-24T18:23:16.303074" elapsed="0.000203">Test execution stopped due to a fatal error.</status>
</test>
<test id="s1-t16" name="Save Document With CSV Content" line="87">
<tag>robot:exit</tag>
<status status="FAIL" start="2025-04-24T18:23:16.303410" elapsed="0.000189">Test execution stopped due to a fatal error.</status>
</test>
<test id="s1-t17" name="Save Document With Multiple Saves" line="92">
<tag>robot:exit</tag>
<status status="FAIL" start="2025-04-24T18:23:16.303726" elapsed="0.000186">Test execution stopped due to a fatal error.</status>
</test>
<status status="FAIL" start="2025-04-24T18:22:15.610831" elapsed="60.693475"/>
</suite>
<statistics>
<total>
<stat pass="0" fail="17" skip="0">All Tests</stat>
</total>
<tag>
<stat info="combined" combined="NOT robot:exit" pass="0" fail="8" skip="0">NOT robot:exit</stat>
</tag>
<suite>
<stat name="Text Editor Tests" id="s1" pass="0" fail="17" skip="0">Text Editor Tests</stat>
</suite>
</statistics>
<errors>
<msg time="2025-04-24T18:23:16.295665" level="WARN">Retrying (Retry(total=2, connect=None, read=None, redirect=None, status=None)) after connection broken by 'NewConnectionError('&lt;urllib3.connection.HTTPConnection object at 0x721821559660&gt;: Failed to establish a new connection: [Errno 111] Connection refused')': /session/38c01e99-8e21-408c-a94e-4da67c2dd7c3/screenshot</msg>
<msg time="2025-04-24T18:23:16.296084" level="WARN">Retrying (Retry(total=1, connect=None, read=None, redirect=None, status=None)) after connection broken by 'NewConnectionError('&lt;urllib3.connection.HTTPConnection object at 0x7218215597e0&gt;: Failed to establish a new connection: [Errno 111] Connection refused')': /session/38c01e99-8e21-408c-a94e-4da67c2dd7c3/screenshot</msg>
<msg time="2025-04-24T18:23:16.296418" level="WARN">Retrying (Retry(total=0, connect=None, read=None, redirect=None, status=None)) after connection broken by 'NewConnectionError('&lt;urllib3.connection.HTTPConnection object at 0x721821559d50&gt;: Failed to establish a new connection: [Errno 111] Connection refused')': /session/38c01e99-8e21-408c-a94e-4da67c2dd7c3/screenshot</msg>
<msg time="2025-04-24T18:23:16.296706" level="WARN">Keyword 'Capture Page Screenshot' could not be run on failure: HTTPConnectionPool(host='localhost', port=41749): Max retries exceeded with url: /session/38c01e99-8e21-408c-a94e-4da67c2dd7c3/screenshot (Caused by NewConnectionError('&lt;urllib3.connection.HTTPConnection object at 0x721821559f00&gt;: Failed to establish a new connection: [Errno 111] Connection refused'))</msg>
<msg time="2025-04-24T18:23:16.298875" level="WARN">Retrying (Retry(total=2, connect=None, read=None, redirect=None, status=None)) after connection broken by 'NewConnectionError('&lt;urllib3.connection.HTTPConnection object at 0x72182153efb0&gt;: Failed to establish a new connection: [Errno 111] Connection refused')': /session/38c01e99-8e21-408c-a94e-4da67c2dd7c3</msg>
<msg time="2025-04-24T18:23:16.299289" level="WARN">Retrying (Retry(total=1, connect=None, read=None, redirect=None, status=None)) after connection broken by 'NewConnectionError('&lt;urllib3.connection.HTTPConnection object at 0x72182153eb60&gt;: Failed to establish a new connection: [Errno 111] Connection refused')': /session/38c01e99-8e21-408c-a94e-4da67c2dd7c3</msg>
<msg time="2025-04-24T18:23:16.299586" level="WARN">Retrying (Retry(total=0, connect=None, read=None, redirect=None, status=None)) after connection broken by 'NewConnectionError('&lt;urllib3.connection.HTTPConnection object at 0x72182153d030&gt;: Failed to establish a new connection: [Errno 111] Connection refused')': /session/38c01e99-8e21-408c-a94e-4da67c2dd7c3</msg>
</errors>
</robot>
