<?xml version="1.0" encoding="UTF-8"?>
<robot generator="Robot 7.2.2 (Python 3.10.12 on linux)" generated="2025-04-29T14:07:20.458973" rpa="false" schemaversion="5">
<suite id="s1" name="Todo Tests &amp; Check Application &amp; Text Editor Tests">
<suite id="s1-s1" name="Todo Tests" source="/home/nguyenvh/Sync/3a/stage_stet/projet_dho/robot-report-generator/tests/todo_tests.robot">
<test id="s1-s1-t1" name="Test Add Todo Functionality" line="7">
<kw name="Open Todo Application" owner="todo_keywords" type="SETUP">
<kw name="Open Browser" owner="SeleniumLibrary">
<msg time="2025-04-29T14:07:20.578993" level="INFO">Opening browser 'chrome' to base url 'http://localhost:3000'.</msg>
<arg>${app.url}</arg>
<arg>chrome</arg>
<doc>Opens a new browser instance to the optional ``url``.</doc>
<status status="PASS" start="2025-04-29T14:07:20.578595" elapsed="4.031541"/>
</kw>
<kw name="Wait Until Page Contains Element" owner="SeleniumLibrary">
<arg>${selectors.todo.todo_input}</arg>
<arg>${timeouts.page_load}</arg>
<doc>Waits until the element ``locator`` appears on the current page.</doc>
<status status="PASS" start="2025-04-29T14:07:24.610342" elapsed="0.035261"/>
</kw>
<kw name="Log" owner="BuiltIn">
<msg time="2025-04-29T14:07:24.645976" level="INFO">Opened todo list application</msg>
<arg>Opened todo list application</arg>
<doc>Logs the given message with the given level.</doc>
<status status="PASS" start="2025-04-29T14:07:24.645818" elapsed="0.000204"/>
</kw>
<status status="PASS" start="2025-04-29T14:07:20.577995" elapsed="4.068096"/>
</kw>
<kw name="Add New Todo" owner="todo_keywords">
<kw name="Add Todo Item" owner="todo_keywords">
<kw name="Log" owner="BuiltIn">
<msg time="2025-04-29T14:07:24.646872" level="INFO">Adding todo item: Buy groceries</msg>
<arg>Adding todo item: ${todo_text}</arg>
<doc>Logs the given message with the given level.</doc>
<status status="PASS" start="2025-04-29T14:07:24.646757" elapsed="0.000155"/>
</kw>
<kw name="Input Text" owner="SeleniumLibrary">
<msg time="2025-04-29T14:07:24.647422" level="INFO">Typing text 'Buy groceries' into text field 'css=input[placeholder='Add a new todo']'.</msg>
<arg>${selectors.todo.todo_input}</arg>
<arg>${todo_text}</arg>
<doc>Types the given ``text`` into the text field identified by ``locator``.</doc>
<status status="PASS" start="2025-04-29T14:07:24.646999" elapsed="0.085261"/>
</kw>
<kw name="Click Button" owner="SeleniumLibrary">
<msg time="2025-04-29T14:07:24.733043" level="INFO">Clicking button 'css=button[data-testid='add-todo-button']'.</msg>
<arg>${selectors.todo.add_todo_button}</arg>
<doc>Clicks the button identified by ``locator``.</doc>
<status status="PASS" start="2025-04-29T14:07:24.732457" elapsed="0.046012"/>
</kw>
<kw name="Wait Until Page Contains" owner="SeleniumLibrary">
<arg>${todo_text}</arg>
<arg>${timeouts.element_visible}</arg>
<doc>Waits until ``text`` appears on the current page.</doc>
<status status="PASS" start="2025-04-29T14:07:24.778761" elapsed="0.008570"/>
</kw>
<arg>${todo_text}</arg>
<status status="PASS" start="2025-04-29T14:07:24.646538" elapsed="0.140999"/>
</kw>
<arg>Buy groceries</arg>
<status status="PASS" start="2025-04-29T14:07:24.646285" elapsed="0.141340"/>
</kw>
<kw name="Verify Todo Exists" owner="todo_keywords">
<kw name="Page Should Contain" owner="SeleniumLibrary">
<msg time="2025-04-29T14:07:24.793829" level="INFO">Current page contains text 'Buy groceries'.</msg>
<arg>${todo_text}</arg>
<doc>Verifies that current page contains ``text``.</doc>
<status status="PASS" start="2025-04-29T14:07:24.788170" elapsed="0.005766"/>
</kw>
<kw name="Log" owner="BuiltIn">
<msg time="2025-04-29T14:07:24.794290" level="INFO">Verified todo item exists: Buy groceries</msg>
<arg>Verified todo item exists: ${todo_text}</arg>
<doc>Logs the given message with the given level.</doc>
<status status="PASS" start="2025-04-29T14:07:24.794102" elapsed="0.000232"/>
</kw>
<arg>Buy groceries</arg>
<status status="PASS" start="2025-04-29T14:07:24.787888" elapsed="0.006513"/>
</kw>
<kw name="Add New Todo" owner="todo_keywords">
<kw name="Add Todo Item" owner="todo_keywords">
<kw name="Log" owner="BuiltIn">
<msg time="2025-04-29T14:07:24.795164" level="INFO">Adding todo item: Walk the dog</msg>
<arg>Adding todo item: ${todo_text}</arg>
<doc>Logs the given message with the given level.</doc>
<status status="PASS" start="2025-04-29T14:07:24.795050" elapsed="0.000154"/>
</kw>
<kw name="Input Text" owner="SeleniumLibrary">
<msg time="2025-04-29T14:07:24.795698" level="INFO">Typing text 'Walk the dog' into text field 'css=input[placeholder='Add a new todo']'.</msg>
<arg>${selectors.todo.todo_input}</arg>
<arg>${todo_text}</arg>
<doc>Types the given ``text`` into the text field identified by ``locator``.</doc>
<status status="PASS" start="2025-04-29T14:07:24.795298" elapsed="0.048911"/>
</kw>
<kw name="Click Button" owner="SeleniumLibrary">
<msg time="2025-04-29T14:07:24.844907" level="INFO">Clicking button 'css=button[data-testid='add-todo-button']'.</msg>
<arg>${selectors.todo.add_todo_button}</arg>
<doc>Clicks the button identified by ``locator``.</doc>
<status status="PASS" start="2025-04-29T14:07:24.844408" elapsed="0.041486"/>
</kw>
<kw name="Wait Until Page Contains" owner="SeleniumLibrary">
<arg>${todo_text}</arg>
<arg>${timeouts.element_visible}</arg>
<doc>Waits until ``text`` appears on the current page.</doc>
<status status="PASS" start="2025-04-29T14:07:24.886164" elapsed="0.007931"/>
</kw>
<arg>${todo_text}</arg>
<status status="PASS" start="2025-04-29T14:07:24.794825" elapsed="0.099390"/>
</kw>
<arg>Walk the dog</arg>
<status status="PASS" start="2025-04-29T14:07:24.794572" elapsed="0.099695"/>
</kw>
<kw name="Verify Todo Exists" owner="todo_keywords">
<kw name="Page Should Contain" owner="SeleniumLibrary">
<msg time="2025-04-29T14:07:24.899621" level="INFO">Current page contains text 'Walk the dog'.</msg>
<arg>${todo_text}</arg>
<doc>Verifies that current page contains ``text``.</doc>
<status status="PASS" start="2025-04-29T14:07:24.894758" elapsed="0.004949"/>
</kw>
<kw name="Log" owner="BuiltIn">
<msg time="2025-04-29T14:07:24.900027" level="INFO">Verified todo item exists: Walk the dog</msg>
<arg>Verified todo item exists: ${todo_text}</arg>
<doc>Logs the given message with the given level.</doc>
<status status="PASS" start="2025-04-29T14:07:24.899859" elapsed="0.000215"/>
</kw>
<arg>Walk the dog</arg>
<status status="PASS" start="2025-04-29T14:07:24.894474" elapsed="0.005661"/>
</kw>
<kw name="Add New Todo" owner="todo_keywords">
<kw name="Add Todo Item" owner="todo_keywords">
<kw name="Log" owner="BuiltIn">
<msg time="2025-04-29T14:07:24.901013" level="INFO">Adding todo item: Pay bills</msg>
<arg>Adding todo item: ${todo_text}</arg>
<doc>Logs the given message with the given level.</doc>
<status status="PASS" start="2025-04-29T14:07:24.900870" elapsed="0.000188"/>
</kw>
<kw name="Input Text" owner="SeleniumLibrary">
<msg time="2025-04-29T14:07:24.901570" level="INFO">Typing text 'Pay bills' into text field 'css=input[placeholder='Add a new todo']'.</msg>
<arg>${selectors.todo.todo_input}</arg>
<arg>${todo_text}</arg>
<doc>Types the given ``text`` into the text field identified by ``locator``.</doc>
<status status="PASS" start="2025-04-29T14:07:24.901158" elapsed="0.047614"/>
</kw>
<kw name="Click Button" owner="SeleniumLibrary">
<msg time="2025-04-29T14:07:24.949421" level="INFO">Clicking button 'css=button[data-testid='add-todo-button']'.</msg>
<arg>${selectors.todo.add_todo_button}</arg>
<doc>Clicks the button identified by ``locator``.</doc>
<status status="PASS" start="2025-04-29T14:07:24.948964" elapsed="0.036888"/>
</kw>
<kw name="Wait Until Page Contains" owner="SeleniumLibrary">
<arg>${todo_text}</arg>
<arg>${timeouts.element_visible}</arg>
<doc>Waits until ``text`` appears on the current page.</doc>
<status status="PASS" start="2025-04-29T14:07:24.986133" elapsed="0.007977"/>
</kw>
<arg>${todo_text}</arg>
<status status="PASS" start="2025-04-29T14:07:24.900523" elapsed="0.093704"/>
</kw>
<arg>Pay bills</arg>
<status status="PASS" start="2025-04-29T14:07:24.900292" elapsed="0.093985"/>
</kw>
<kw name="Verify Todo Exists" owner="todo_keywords">
<kw name="Page Should Contain" owner="SeleniumLibrary">
<msg time="2025-04-29T14:07:24.999589" level="INFO">Current page contains text 'Pay bills'.</msg>
<arg>${todo_text}</arg>
<doc>Verifies that current page contains ``text``.</doc>
<status status="PASS" start="2025-04-29T14:07:24.994872" elapsed="0.004797"/>
</kw>
<kw name="Log" owner="BuiltIn">
<msg time="2025-04-29T14:07:24.999969" level="INFO">Verified todo item exists: Pay bills</msg>
<arg>Verified todo item exists: ${todo_text}</arg>
<doc>Logs the given message with the given level.</doc>
<status status="PASS" start="2025-04-29T14:07:24.999810" elapsed="0.000200"/>
</kw>
<arg>Pay bills</arg>
<status status="PASS" start="2025-04-29T14:07:24.994497" elapsed="0.005572"/>
</kw>
<kw name="Close Todo Application" owner="todo_keywords" type="TEARDOWN">
<kw name="Close Browser and Stop App" owner="todo_keywords">
<kw name="Close Browser" owner="SeleniumLibrary">
<doc>Closes the current browser.</doc>
<status status="PASS" start="2025-04-29T14:07:25.000766" elapsed="0.056114"/>
</kw>
<kw name="Log" owner="BuiltIn">
<msg time="2025-04-29T14:07:25.057440" level="INFO">Closed browser and stopped application</msg>
<arg>Closed browser and stopped application</arg>
<doc>Logs the given message with the given level.</doc>
<status status="PASS" start="2025-04-29T14:07:25.057189" elapsed="0.000334"/>
</kw>
<status status="PASS" start="2025-04-29T14:07:25.000558" elapsed="0.057189"/>
</kw>
<status status="PASS" start="2025-04-29T14:07:25.000321" elapsed="0.057510"/>
</kw>
<doc>Test adding todos</doc>
<status status="PASS" start="2025-04-29T14:07:20.577395" elapsed="4.480562"/>
</test>
<test id="s1-s1-t2" name="Test Todo Completion Toggle" line="16">
<kw name="Open Todo Application" owner="todo_keywords" type="SETUP">
<kw name="Open Browser" owner="SeleniumLibrary">
<msg time="2025-04-29T14:07:25.060039" level="INFO">Opening browser 'chrome' to base url 'http://localhost:3000'.</msg>
<arg>${app.url}</arg>
<arg>chrome</arg>
<doc>Opens a new browser instance to the optional ``url``.</doc>
<status status="PASS" start="2025-04-29T14:07:25.059297" elapsed="0.751635"/>
</kw>
<kw name="Wait Until Page Contains Element" owner="SeleniumLibrary">
<arg>${selectors.todo.todo_input}</arg>
<arg>${timeouts.page_load}</arg>
<doc>Waits until the element ``locator`` appears on the current page.</doc>
<status status="PASS" start="2025-04-29T14:07:25.811131" elapsed="0.034835"/>
</kw>
<kw name="Log" owner="BuiltIn">
<msg time="2025-04-29T14:07:25.846317" level="INFO">Opened todo list application</msg>
<arg>Opened todo list application</arg>
<doc>Logs the given message with the given level.</doc>
<status status="PASS" start="2025-04-29T14:07:25.846166" elapsed="0.000197"/>
</kw>
<status status="PASS" start="2025-04-29T14:07:25.058903" elapsed="0.787526"/>
</kw>
<kw name="Add New Todo" owner="todo_keywords">
<kw name="Add Todo Item" owner="todo_keywords">
<kw name="Log" owner="BuiltIn">
<msg time="2025-04-29T14:07:25.847210" level="INFO">Adding todo item: Exercise</msg>
<arg>Adding todo item: ${todo_text}</arg>
<doc>Logs the given message with the given level.</doc>
<status status="PASS" start="2025-04-29T14:07:25.847092" elapsed="0.000159"/>
</kw>
<kw name="Input Text" owner="SeleniumLibrary">
<msg time="2025-04-29T14:07:25.847913" level="INFO">Typing text 'Exercise' into text field 'css=input[placeholder='Add a new todo']'.</msg>
<arg>${selectors.todo.todo_input}</arg>
<arg>${todo_text}</arg>
<doc>Types the given ``text`` into the text field identified by ``locator``.</doc>
<status status="PASS" start="2025-04-29T14:07:25.847355" elapsed="0.085551"/>
</kw>
<kw name="Click Button" owner="SeleniumLibrary">
<msg time="2025-04-29T14:07:25.933970" level="INFO">Clicking button 'css=button[data-testid='add-todo-button']'.</msg>
<arg>${selectors.todo.add_todo_button}</arg>
<doc>Clicks the button identified by ``locator``.</doc>
<status status="PASS" start="2025-04-29T14:07:25.933178" elapsed="0.048735"/>
</kw>
<kw name="Wait Until Page Contains" owner="SeleniumLibrary">
<arg>${todo_text}</arg>
<arg>${timeouts.element_visible}</arg>
<doc>Waits until ``text`` appears on the current page.</doc>
<status status="PASS" start="2025-04-29T14:07:25.982162" elapsed="0.008507"/>
</kw>
<arg>${todo_text}</arg>
<status status="PASS" start="2025-04-29T14:07:25.846877" elapsed="0.143922"/>
</kw>
<arg>Exercise</arg>
<status status="PASS" start="2025-04-29T14:07:25.846617" elapsed="0.144238"/>
</kw>
<kw name="Verify Todo Not Completed" owner="todo_keywords">
<kw name="Replace String" owner="String">
<msg time="2025-04-29T14:07:25.991824" level="INFO">${selector} = xpath=//li[.//span[contains(text(), 'Exercise')]]//input[@type='checkbox']</msg>
<var>${selector}</var>
<arg>${selectors.todo.todo_checkbox_for_text}</arg>
<arg>{0}</arg>
<arg>${todo_text}</arg>
<doc>Replaces ``search_for`` in the given ``string`` with ``replace_with``.</doc>
<status status="PASS" start="2025-04-29T14:07:25.991403" elapsed="0.000449"/>
</kw>
<kw name="Get WebElement" owner="SeleniumLibrary">
<msg time="2025-04-29T14:07:25.998411" level="INFO">${checkbox} = &lt;selenium.webdriver.remote.webelement.WebElement (session="4b5f4bc4c4e72c667ba9b7ea678b58da", element="f.1C63750DDAB905BC8EB19365E4F6E1C3.d.B28AEF2AF76E5CF0E68AC7A713CB5FE2.e.6")&gt;</msg>
<var>${checkbox}</var>
<arg>${selector}</arg>
<doc>Returns the first WebElement matching the given ``locator``.</doc>
<status status="PASS" start="2025-04-29T14:07:25.991966" elapsed="0.006487"/>
</kw>
<kw name="Checkbox Should Not Be Selected" owner="SeleniumLibrary">
<msg time="2025-04-29T14:07:25.998809" level="INFO">Verifying checkbox '&lt;selenium.webdriver.remote.webelement.WebElement (session="4b5f4bc4c4e72c667ba9b7ea678b58da", element="f.1C63750DDAB905BC8EB19365E4F6E1C3.d.B28AEF2AF76E5CF0E68AC7A713CB5FE2.e.6")&gt;' is not selected.</msg>
<arg>${checkbox}</arg>
<doc>Verifies checkbox ``locator`` is not selected/checked.</doc>
<status status="PASS" start="2025-04-29T14:07:25.998603" elapsed="0.006153"/>
</kw>
<kw name="Log" owner="BuiltIn">
<msg time="2025-04-29T14:07:26.005150" level="INFO">Verified todo item is not completed: Exercise</msg>
<arg>Verified todo item is not completed: ${todo_text}</arg>
<doc>Logs the given message with the given level.</doc>
<status status="PASS" start="2025-04-29T14:07:26.004951" elapsed="0.000247"/>
</kw>
<arg>Exercise</arg>
<status status="PASS" start="2025-04-29T14:07:25.991094" elapsed="0.014172"/>
</kw>
<kw name="Toggle Todo" owner="todo_keywords">
<kw name="Replace String" owner="String">
<msg time="2025-04-29T14:07:26.006085" level="INFO">${selector} = xpath=//li[.//span[contains(text(), 'Exercise')]]//input[@type='checkbox']</msg>
<var>${selector}</var>
<arg>${selectors.todo.todo_checkbox_for_text}</arg>
<arg>{0}</arg>
<arg>${todo_text}</arg>
<doc>Replaces ``search_for`` in the given ``string`` with ``replace_with``.</doc>
<status status="PASS" start="2025-04-29T14:07:26.005678" elapsed="0.000434"/>
</kw>
<kw name="Get WebElement" owner="SeleniumLibrary">
<msg time="2025-04-29T14:07:26.010178" level="INFO">${checkbox} = &lt;selenium.webdriver.remote.webelement.WebElement (session="4b5f4bc4c4e72c667ba9b7ea678b58da", element="f.1C63750DDAB905BC8EB19365E4F6E1C3.d.B28AEF2AF76E5CF0E68AC7A713CB5FE2.e.6")&gt;</msg>
<var>${checkbox}</var>
<arg>${selector}</arg>
<doc>Returns the first WebElement matching the given ``locator``.</doc>
<status status="PASS" start="2025-04-29T14:07:26.006219" elapsed="0.004003"/>
</kw>
<kw name="Click Element" owner="SeleniumLibrary">
<msg time="2025-04-29T14:07:26.010573" level="INFO">Clicking element '&lt;selenium.webdriver.remote.webelement.WebElement (session="4b5f4bc4c4e72c667ba9b7ea678b58da", element="f.1C63750DDAB905BC8EB19365E4F6E1C3.d.B28AEF2AF76E5CF0E68AC7A713CB5FE2.e.6")&gt;'.</msg>
<arg>${checkbox}</arg>
<doc>Click the element identified by ``locator``.</doc>
<status status="PASS" start="2025-04-29T14:07:26.010373" elapsed="0.028835"/>
</kw>
<kw name="Log" owner="BuiltIn">
<msg time="2025-04-29T14:07:26.039600" level="INFO">Toggled todo item: Exercise</msg>
<arg>Toggled todo item: ${todo_text}</arg>
<doc>Logs the given message with the given level.</doc>
<status status="PASS" start="2025-04-29T14:07:26.039404" elapsed="0.000242"/>
</kw>
<arg>Exercise</arg>
<status status="PASS" start="2025-04-29T14:07:26.005453" elapsed="0.034340"/>
</kw>
<kw name="Verify Todo Completed" owner="todo_keywords">
<kw name="Replace String" owner="String">
<msg time="2025-04-29T14:07:26.040631" level="INFO">${selector} = xpath=//li[.//span[contains(text(), 'Exercise')]]//input[@type='checkbox']</msg>
<var>${selector}</var>
<arg>${selectors.todo.todo_checkbox_for_text}</arg>
<arg>{0}</arg>
<arg>${todo_text}</arg>
<doc>Replaces ``search_for`` in the given ``string`` with ``replace_with``.</doc>
<status status="PASS" start="2025-04-29T14:07:26.040226" elapsed="0.000434"/>
</kw>
<kw name="Get WebElement" owner="SeleniumLibrary">
<msg time="2025-04-29T14:07:26.044757" level="INFO">${checkbox} = &lt;selenium.webdriver.remote.webelement.WebElement (session="4b5f4bc4c4e72c667ba9b7ea678b58da", element="f.1C63750DDAB905BC8EB19365E4F6E1C3.d.B28AEF2AF76E5CF0E68AC7A713CB5FE2.e.6")&gt;</msg>
<var>${checkbox}</var>
<arg>${selector}</arg>
<doc>Returns the first WebElement matching the given ``locator``.</doc>
<status status="PASS" start="2025-04-29T14:07:26.040779" elapsed="0.004023"/>
</kw>
<kw name="Checkbox Should Be Selected" owner="SeleniumLibrary">
<msg time="2025-04-29T14:07:26.045152" level="INFO">Verifying checkbox '&lt;selenium.webdriver.remote.webelement.WebElement (session="4b5f4bc4c4e72c667ba9b7ea678b58da", element="f.1C63750DDAB905BC8EB19365E4F6E1C3.d.B28AEF2AF76E5CF0E68AC7A713CB5FE2.e.6")&gt;' is selected.</msg>
<arg>${checkbox}</arg>
<doc>Verifies checkbox ``locator`` is selected/checked.</doc>
<status status="PASS" start="2025-04-29T14:07:26.044953" elapsed="0.003326"/>
</kw>
<kw name="Log" owner="BuiltIn">
<msg time="2025-04-29T14:07:26.048609" level="INFO">Verified todo item is completed: Exercise</msg>
<arg>Verified todo item is completed: ${todo_text}</arg>
<doc>Logs the given message with the given level.</doc>
<status status="PASS" start="2025-04-29T14:07:26.048440" elapsed="0.000213"/>
</kw>
<arg>Exercise</arg>
<status status="PASS" start="2025-04-29T14:07:26.039991" elapsed="0.008733"/>
</kw>
<kw name="Toggle Todo" owner="todo_keywords">
<kw name="Replace String" owner="String">
<msg time="2025-04-29T14:07:26.049552" level="INFO">${selector} = xpath=//li[.//span[contains(text(), 'Exercise')]]//input[@type='checkbox']</msg>
<var>${selector}</var>
<arg>${selectors.todo.todo_checkbox_for_text}</arg>
<arg>{0}</arg>
<arg>${todo_text}</arg>
<doc>Replaces ``search_for`` in the given ``string`` with ``replace_with``.</doc>
<status status="PASS" start="2025-04-29T14:07:26.049118" elapsed="0.000477"/>
</kw>
<kw name="Get WebElement" owner="SeleniumLibrary">
<msg time="2025-04-29T14:07:26.060373" level="INFO">${checkbox} = &lt;selenium.webdriver.remote.webelement.WebElement (session="4b5f4bc4c4e72c667ba9b7ea678b58da", element="f.1C63750DDAB905BC8EB19365E4F6E1C3.d.B28AEF2AF76E5CF0E68AC7A713CB5FE2.e.6")&gt;</msg>
<var>${checkbox}</var>
<arg>${selector}</arg>
<doc>Returns the first WebElement matching the given ``locator``.</doc>
<status status="PASS" start="2025-04-29T14:07:26.049754" elapsed="0.010669"/>
</kw>
<kw name="Click Element" owner="SeleniumLibrary">
<msg time="2025-04-29T14:07:26.060824" level="INFO">Clicking element '&lt;selenium.webdriver.remote.webelement.WebElement (session="4b5f4bc4c4e72c667ba9b7ea678b58da", element="f.1C63750DDAB905BC8EB19365E4F6E1C3.d.B28AEF2AF76E5CF0E68AC7A713CB5FE2.e.6")&gt;'.</msg>
<arg>${checkbox}</arg>
<doc>Click the element identified by ``locator``.</doc>
<status status="PASS" start="2025-04-29T14:07:26.060594" elapsed="0.027266"/>
</kw>
<kw name="Log" owner="BuiltIn">
<msg time="2025-04-29T14:07:26.088251" level="INFO">Toggled todo item: Exercise</msg>
<arg>Toggled todo item: ${todo_text}</arg>
<doc>Logs the given message with the given level.</doc>
<status status="PASS" start="2025-04-29T14:07:26.088054" elapsed="0.000243"/>
</kw>
<arg>Exercise</arg>
<status status="PASS" start="2025-04-29T14:07:26.048900" elapsed="0.039463"/>
</kw>
<kw name="Verify Todo Not Completed" owner="todo_keywords">
<kw name="Replace String" owner="String">
<msg time="2025-04-29T14:07:26.089167" level="INFO">${selector} = xpath=//li[.//span[contains(text(), 'Exercise')]]//input[@type='checkbox']</msg>
<var>${selector}</var>
<arg>${selectors.todo.todo_checkbox_for_text}</arg>
<arg>{0}</arg>
<arg>${todo_text}</arg>
<doc>Replaces ``search_for`` in the given ``string`` with ``replace_with``.</doc>
<status status="PASS" start="2025-04-29T14:07:26.088771" elapsed="0.000422"/>
</kw>
<kw name="Get WebElement" owner="SeleniumLibrary">
<msg time="2025-04-29T14:07:26.093237" level="INFO">${checkbox} = &lt;selenium.webdriver.remote.webelement.WebElement (session="4b5f4bc4c4e72c667ba9b7ea678b58da", element="f.1C63750DDAB905BC8EB19365E4F6E1C3.d.B28AEF2AF76E5CF0E68AC7A713CB5FE2.e.6")&gt;</msg>
<var>${checkbox}</var>
<arg>${selector}</arg>
<doc>Returns the first WebElement matching the given ``locator``.</doc>
<status status="PASS" start="2025-04-29T14:07:26.089293" elapsed="0.003989"/>
</kw>
<kw name="Checkbox Should Not Be Selected" owner="SeleniumLibrary">
<msg time="2025-04-29T14:07:26.093645" level="INFO">Verifying checkbox '&lt;selenium.webdriver.remote.webelement.WebElement (session="4b5f4bc4c4e72c667ba9b7ea678b58da", element="f.1C63750DDAB905BC8EB19365E4F6E1C3.d.B28AEF2AF76E5CF0E68AC7A713CB5FE2.e.6")&gt;' is not selected.</msg>
<arg>${checkbox}</arg>
<doc>Verifies checkbox ``locator`` is not selected/checked.</doc>
<status status="PASS" start="2025-04-29T14:07:26.093440" elapsed="0.003755"/>
</kw>
<kw name="Log" owner="BuiltIn">
<msg time="2025-04-29T14:07:26.097573" level="INFO">Verified todo item is not completed: Exercise</msg>
<arg>Verified todo item is not completed: ${todo_text}</arg>
<doc>Logs the given message with the given level.</doc>
<status status="PASS" start="2025-04-29T14:07:26.097379" elapsed="0.000241"/>
</kw>
<arg>Exercise</arg>
<status status="PASS" start="2025-04-29T14:07:26.088544" elapsed="0.009142"/>
</kw>
<kw name="Close Todo Application" owner="todo_keywords" type="TEARDOWN">
<kw name="Close Browser and Stop App" owner="todo_keywords">
<kw name="Close Browser" owner="SeleniumLibrary">
<doc>Closes the current browser.</doc>
<status status="PASS" start="2025-04-29T14:07:26.098538" elapsed="0.055884"/>
</kw>
<kw name="Log" owner="BuiltIn">
<msg time="2025-04-29T14:07:26.154800" level="INFO">Closed browser and stopped application</msg>
<arg>Closed browser and stopped application</arg>
<doc>Logs the given message with the given level.</doc>
<status status="PASS" start="2025-04-29T14:07:26.154619" elapsed="0.000232"/>
</kw>
<status status="PASS" start="2025-04-29T14:07:26.098220" elapsed="0.056768"/>
</kw>
<status status="PASS" start="2025-04-29T14:07:26.097942" elapsed="0.057101"/>
</kw>
<doc>Test toggling todo completion</doc>
<status status="PASS" start="2025-04-29T14:07:25.058310" elapsed="1.096821"/>
</test>
<test id="s1-s1-t3" name="Test Delete Todo Functionality" line="25">
<kw name="Open Todo Application" owner="todo_keywords" type="SETUP">
<kw name="Open Browser" owner="SeleniumLibrary">
<msg time="2025-04-29T14:07:26.156275" level="INFO">Opening browser 'chrome' to base url 'http://localhost:3000'.</msg>
<arg>${app.url}</arg>
<arg>chrome</arg>
<doc>Opens a new browser instance to the optional ``url``.</doc>
<status status="PASS" start="2025-04-29T14:07:26.155870" elapsed="0.793198"/>
</kw>
<kw name="Wait Until Page Contains Element" owner="SeleniumLibrary">
<arg>${selectors.todo.todo_input}</arg>
<arg>${timeouts.page_load}</arg>
<doc>Waits until the element ``locator`` appears on the current page.</doc>
<status status="PASS" start="2025-04-29T14:07:26.949415" elapsed="0.030530"/>
</kw>
<kw name="Log" owner="BuiltIn">
<msg time="2025-04-29T14:07:26.980335" level="INFO">Opened todo list application</msg>
<arg>Opened todo list application</arg>
<doc>Logs the given message with the given level.</doc>
<status status="PASS" start="2025-04-29T14:07:26.980159" elapsed="0.000248"/>
</kw>
<status status="PASS" start="2025-04-29T14:07:26.155660" elapsed="0.824848"/>
</kw>
<kw name="Add New Todo" owner="todo_keywords">
<kw name="Add Todo Item" owner="todo_keywords">
<kw name="Log" owner="BuiltIn">
<msg time="2025-04-29T14:07:26.981502" level="INFO">Adding todo item: Clean house</msg>
<arg>Adding todo item: ${todo_text}</arg>
<doc>Logs the given message with the given level.</doc>
<status status="PASS" start="2025-04-29T14:07:26.981379" elapsed="0.000166"/>
</kw>
<kw name="Input Text" owner="SeleniumLibrary">
<msg time="2025-04-29T14:07:26.982078" level="INFO">Typing text 'Clean house' into text field 'css=input[placeholder='Add a new todo']'.</msg>
<arg>${selectors.todo.todo_input}</arg>
<arg>${todo_text}</arg>
<doc>Types the given ``text`` into the text field identified by ``locator``.</doc>
<status status="PASS" start="2025-04-29T14:07:26.981641" elapsed="0.110032"/>
</kw>
<kw name="Click Button" owner="SeleniumLibrary">
<msg time="2025-04-29T14:07:27.092452" level="INFO">Clicking button 'css=button[data-testid='add-todo-button']'.</msg>
<arg>${selectors.todo.add_todo_button}</arg>
<doc>Clicks the button identified by ``locator``.</doc>
<status status="PASS" start="2025-04-29T14:07:27.091894" elapsed="0.048883"/>
</kw>
<kw name="Wait Until Page Contains" owner="SeleniumLibrary">
<arg>${todo_text}</arg>
<arg>${timeouts.element_visible}</arg>
<doc>Waits until ``text`` appears on the current page.</doc>
<status status="PASS" start="2025-04-29T14:07:27.141065" elapsed="0.008152"/>
</kw>
<arg>${todo_text}</arg>
<status status="PASS" start="2025-04-29T14:07:26.981154" elapsed="0.168244"/>
</kw>
<arg>Clean house</arg>
<status status="PASS" start="2025-04-29T14:07:26.980838" elapsed="0.168655"/>
</kw>
<kw name="Add New Todo" owner="todo_keywords">
<kw name="Add Todo Item" owner="todo_keywords">
<kw name="Log" owner="BuiltIn">
<msg time="2025-04-29T14:07:27.150514" level="INFO">Adding todo item: Do laundry</msg>
<arg>Adding todo item: ${todo_text}</arg>
<doc>Logs the given message with the given level.</doc>
<status status="PASS" start="2025-04-29T14:07:27.150361" elapsed="0.000202"/>
</kw>
<kw name="Input Text" owner="SeleniumLibrary">
<msg time="2025-04-29T14:07:27.151197" level="INFO">Typing text 'Do laundry' into text field 'css=input[placeholder='Add a new todo']'.</msg>
<arg>${selectors.todo.todo_input}</arg>
<arg>${todo_text}</arg>
<doc>Types the given ``text`` into the text field identified by ``locator``.</doc>
<status status="PASS" start="2025-04-29T14:07:27.150688" elapsed="0.046966"/>
</kw>
<kw name="Click Button" owner="SeleniumLibrary">
<msg time="2025-04-29T14:07:27.198329" level="INFO">Clicking button 'css=button[data-testid='add-todo-button']'.</msg>
<arg>${selectors.todo.add_todo_button}</arg>
<doc>Clicks the button identified by ``locator``.</doc>
<status status="PASS" start="2025-04-29T14:07:27.197865" elapsed="0.046545"/>
</kw>
<kw name="Wait Until Page Contains" owner="SeleniumLibrary">
<arg>${todo_text}</arg>
<arg>${timeouts.element_visible}</arg>
<doc>Waits until ``text`` appears on the current page.</doc>
<status status="PASS" start="2025-04-29T14:07:27.244692" elapsed="0.008917"/>
</kw>
<arg>${todo_text}</arg>
<status status="PASS" start="2025-04-29T14:07:27.150091" elapsed="0.103653"/>
</kw>
<arg>Do laundry</arg>
<status status="PASS" start="2025-04-29T14:07:27.149736" elapsed="0.104066"/>
</kw>
<kw name="Add New Todo" owner="todo_keywords">
<kw name="Add Todo Item" owner="todo_keywords">
<kw name="Log" owner="BuiltIn">
<msg time="2025-04-29T14:07:27.254658" level="INFO">Adding todo item: Cook dinner</msg>
<arg>Adding todo item: ${todo_text}</arg>
<doc>Logs the given message with the given level.</doc>
<status status="PASS" start="2025-04-29T14:07:27.254523" elapsed="0.000179"/>
</kw>
<kw name="Input Text" owner="SeleniumLibrary">
<msg time="2025-04-29T14:07:27.255347" level="INFO">Typing text 'Cook dinner' into text field 'css=input[placeholder='Add a new todo']'.</msg>
<arg>${selectors.todo.todo_input}</arg>
<arg>${todo_text}</arg>
<doc>Types the given ``text`` into the text field identified by ``locator``.</doc>
<status status="PASS" start="2025-04-29T14:07:27.254811" elapsed="0.049623"/>
</kw>
<kw name="Click Button" owner="SeleniumLibrary">
<msg time="2025-04-29T14:07:27.305132" level="INFO">Clicking button 'css=button[data-testid='add-todo-button']'.</msg>
<arg>${selectors.todo.add_todo_button}</arg>
<doc>Clicks the button identified by ``locator``.</doc>
<status status="PASS" start="2025-04-29T14:07:27.304637" elapsed="0.035486"/>
</kw>
<kw name="Wait Until Page Contains" owner="SeleniumLibrary">
<arg>${todo_text}</arg>
<arg>${timeouts.element_visible}</arg>
<doc>Waits until ``text`` appears on the current page.</doc>
<status status="PASS" start="2025-04-29T14:07:27.340399" elapsed="0.007913"/>
</kw>
<arg>${todo_text}</arg>
<status status="PASS" start="2025-04-29T14:07:27.254294" elapsed="0.094206"/>
</kw>
<arg>Cook dinner</arg>
<status status="PASS" start="2025-04-29T14:07:27.254009" elapsed="0.094579"/>
</kw>
<kw name="Delete Todo" owner="todo_keywords">
<kw name="Delete Todo Item" owner="todo_keywords">
<kw name="Log" owner="BuiltIn">
<msg time="2025-04-29T14:07:27.350033" level="INFO">Deleting todo item: Do laundry</msg>
<arg>Deleting todo item: ${todo_text}</arg>
<doc>Logs the given message with the given level.</doc>
<status status="PASS" start="2025-04-29T14:07:27.349836" elapsed="0.000285"/>
</kw>
<kw name="Replace String" owner="String">
<msg time="2025-04-29T14:07:27.350960" level="INFO">${selector} = xpath=//li[.//span[contains(text(), 'Do laundry')]]//button[@data-testid[starts-with(., 'todo-delete-')]]</msg>
<var>${selector}</var>
<arg>${selectors.todo.todo_delete_for_text}</arg>
<arg>{0}</arg>
<arg>${todo_text}</arg>
<doc>Replaces ``search_for`` in the given ``string`` with ``replace_with``.</doc>
<status status="PASS" start="2025-04-29T14:07:27.350311" elapsed="0.000694"/>
</kw>
<kw name="Get WebElement" owner="SeleniumLibrary">
<msg time="2025-04-29T14:07:27.359699" level="INFO">${delete_button} = &lt;selenium.webdriver.remote.webelement.WebElement (session="984b38255445dd5a34ec3c505313fe7a", element="f.A669F18F1768CAC0224E126E29A7A63B.d.8B8806EB89BB36570DC1DA2CAB98AF64.e.26")&gt;</msg>
<var>${delete_button}</var>
<arg>${selector}</arg>
<doc>Returns the first WebElement matching the given ``locator``.</doc>
<status status="PASS" start="2025-04-29T14:07:27.351183" elapsed="0.008574"/>
</kw>
<kw name="Click Element" owner="SeleniumLibrary">
<msg time="2025-04-29T14:07:27.360148" level="INFO">Clicking element '&lt;selenium.webdriver.remote.webelement.WebElement (session="984b38255445dd5a34ec3c505313fe7a", element="f.A669F18F1768CAC0224E126E29A7A63B.d.8B8806EB89BB36570DC1DA2CAB98AF64.e.26")&gt;'.</msg>
<arg>${delete_button}</arg>
<doc>Click the element identified by ``locator``.</doc>
<status status="PASS" start="2025-04-29T14:07:27.359929" elapsed="0.030402"/>
</kw>
<kw name="Wait Until Page Does Not Contain" owner="SeleniumLibrary">
<arg>${todo_text}</arg>
<arg>${timeouts.element_visible}</arg>
<doc>Waits until ``text`` disappears from the current page.</doc>
<status status="PASS" start="2025-04-29T14:07:27.390531" elapsed="0.004631"/>
</kw>
<arg>${todo_text}</arg>
<status status="PASS" start="2025-04-29T14:07:27.349433" elapsed="0.045846"/>
</kw>
<arg>Do laundry</arg>
<status status="PASS" start="2025-04-29T14:07:27.348916" elapsed="0.046417"/>
</kw>
<kw name="Verify Todo Does Not Exist" owner="todo_keywords">
<kw name="Verify Todo Not Exists" owner="todo_keywords">
<kw name="Page Should Not Contain" owner="SeleniumLibrary">
<msg time="2025-04-29T14:07:27.409382" level="INFO">Current page does not contain text 'Do laundry'.</msg>
<arg>${todo_text}</arg>
<doc>Verifies the current page does not contain ``text``.</doc>
<status status="PASS" start="2025-04-29T14:07:27.396045" elapsed="0.013429"/>
</kw>
<kw name="Log" owner="BuiltIn">
<msg time="2025-04-29T14:07:27.409899" level="INFO">Verified todo item does not exist: Do laundry</msg>
<arg>Verified todo item does not exist: ${todo_text}</arg>
<doc>Logs the given message with the given level.</doc>
<status status="PASS" start="2025-04-29T14:07:27.409666" elapsed="0.000277"/>
</kw>
<arg>${todo_text}</arg>
<status status="PASS" start="2025-04-29T14:07:27.395815" elapsed="0.014258"/>
</kw>
<arg>Do laundry</arg>
<status status="PASS" start="2025-04-29T14:07:27.395532" elapsed="0.014600"/>
</kw>
<kw name="Verify Todo Exists" owner="todo_keywords">
<kw name="Page Should Contain" owner="SeleniumLibrary">
<msg time="2025-04-29T14:07:27.416367" level="INFO">Current page contains text 'Clean house'.</msg>
<arg>${todo_text}</arg>
<doc>Verifies that current page contains ``text``.</doc>
<status status="PASS" start="2025-04-29T14:07:27.410557" elapsed="0.005915"/>
</kw>
<kw name="Log" owner="BuiltIn">
<msg time="2025-04-29T14:07:27.416897" level="INFO">Verified todo item exists: Clean house</msg>
<arg>Verified todo item exists: ${todo_text}</arg>
<doc>Logs the given message with the given level.</doc>
<status status="PASS" start="2025-04-29T14:07:27.416661" elapsed="0.000287"/>
</kw>
<arg>Clean house</arg>
<status status="PASS" start="2025-04-29T14:07:27.410317" elapsed="0.006705"/>
</kw>
<kw name="Verify Todo Exists" owner="todo_keywords">
<kw name="Page Should Contain" owner="SeleniumLibrary">
<msg time="2025-04-29T14:07:27.423165" level="INFO">Current page contains text 'Cook dinner'.</msg>
<arg>${todo_text}</arg>
<doc>Verifies that current page contains ``text``.</doc>
<status status="PASS" start="2025-04-29T14:07:27.417486" elapsed="0.005780"/>
</kw>
<kw name="Log" owner="BuiltIn">
<msg time="2025-04-29T14:07:27.423619" level="INFO">Verified todo item exists: Cook dinner</msg>
<arg>Verified todo item exists: ${todo_text}</arg>
<doc>Logs the given message with the given level.</doc>
<status status="PASS" start="2025-04-29T14:07:27.423432" elapsed="0.000230"/>
</kw>
<arg>Cook dinner</arg>
<status status="PASS" start="2025-04-29T14:07:27.417211" elapsed="0.006523"/>
</kw>
<kw name="Close Todo Application" owner="todo_keywords" type="TEARDOWN">
<kw name="Close Browser and Stop App" owner="todo_keywords">
<kw name="Close Browser" owner="SeleniumLibrary">
<doc>Closes the current browser.</doc>
<status status="PASS" start="2025-04-29T14:07:27.424796" elapsed="0.057652"/>
</kw>
<kw name="Log" owner="BuiltIn">
<msg time="2025-04-29T14:07:27.482986" level="INFO">Closed browser and stopped application</msg>
<arg>Closed browser and stopped application</arg>
<doc>Logs the given message with the given level.</doc>
<status status="PASS" start="2025-04-29T14:07:27.482756" elapsed="0.000309"/>
</kw>
<status status="PASS" start="2025-04-29T14:07:27.424451" elapsed="0.058810"/>
</kw>
<status status="PASS" start="2025-04-29T14:07:27.424060" elapsed="0.059283"/>
</kw>
<doc>Test deleting todos</doc>
<status status="PASS" start="2025-04-29T14:07:26.155342" elapsed="1.328141"/>
</test>
<test id="s1-s1-t4" name="Test Multiple Operations" line="35">
<kw name="Open Todo Application" owner="todo_keywords" type="SETUP">
<kw name="Open Browser" owner="SeleniumLibrary">
<msg time="2025-04-29T14:07:27.485240" level="INFO">Opening browser 'chrome' to base url 'http://localhost:3000'.</msg>
<arg>${app.url}</arg>
<arg>chrome</arg>
<doc>Opens a new browser instance to the optional ``url``.</doc>
<status status="PASS" start="2025-04-29T14:07:27.484580" elapsed="0.746141"/>
</kw>
<kw name="Wait Until Page Contains Element" owner="SeleniumLibrary">
<arg>${selectors.todo.todo_input}</arg>
<arg>${timeouts.page_load}</arg>
<doc>Waits until the element ``locator`` appears on the current page.</doc>
<status status="PASS" start="2025-04-29T14:07:28.231043" elapsed="0.031480"/>
</kw>
<kw name="Log" owner="BuiltIn">
<msg time="2025-04-29T14:07:28.262897" level="INFO">Opened todo list application</msg>
<arg>Opened todo list application</arg>
<doc>Logs the given message with the given level.</doc>
<status status="PASS" start="2025-04-29T14:07:28.262722" elapsed="0.000223"/>
</kw>
<status status="PASS" start="2025-04-29T14:07:27.484260" elapsed="0.778752"/>
</kw>
<kw name="Add New Todo" owner="todo_keywords">
<kw name="Add Todo Item" owner="todo_keywords">
<kw name="Log" owner="BuiltIn">
<msg time="2025-04-29T14:07:28.263770" level="INFO">Adding todo item: Read book</msg>
<arg>Adding todo item: ${todo_text}</arg>
<doc>Logs the given message with the given level.</doc>
<status status="PASS" start="2025-04-29T14:07:28.263652" elapsed="0.000157"/>
</kw>
<kw name="Input Text" owner="SeleniumLibrary">
<msg time="2025-04-29T14:07:28.264304" level="INFO">Typing text 'Read book' into text field 'css=input[placeholder='Add a new todo']'.</msg>
<arg>${selectors.todo.todo_input}</arg>
<arg>${todo_text}</arg>
<doc>Types the given ``text`` into the text field identified by ``locator``.</doc>
<status status="PASS" start="2025-04-29T14:07:28.263899" elapsed="0.087188"/>
</kw>
<kw name="Click Button" owner="SeleniumLibrary">
<msg time="2025-04-29T14:07:28.351783" level="INFO">Clicking button 'css=button[data-testid='add-todo-button']'.</msg>
<arg>${selectors.todo.add_todo_button}</arg>
<doc>Clicks the button identified by ``locator``.</doc>
<status status="PASS" start="2025-04-29T14:07:28.351286" elapsed="0.044935"/>
</kw>
<kw name="Wait Until Page Contains" owner="SeleniumLibrary">
<arg>${todo_text}</arg>
<arg>${timeouts.element_visible}</arg>
<doc>Waits until ``text`` appears on the current page.</doc>
<status status="PASS" start="2025-04-29T14:07:28.396473" elapsed="0.008837"/>
</kw>
<arg>${todo_text}</arg>
<status status="PASS" start="2025-04-29T14:07:28.263444" elapsed="0.141990"/>
</kw>
<arg>Read book</arg>
<status status="PASS" start="2025-04-29T14:07:28.263199" elapsed="0.142287"/>
</kw>
<kw name="Add New Todo" owner="todo_keywords">
<kw name="Add Todo Item" owner="todo_keywords">
<kw name="Log" owner="BuiltIn">
<msg time="2025-04-29T14:07:28.406324" level="INFO">Adding todo item: Write code</msg>
<arg>Adding todo item: ${todo_text}</arg>
<doc>Logs the given message with the given level.</doc>
<status status="PASS" start="2025-04-29T14:07:28.406198" elapsed="0.000170"/>
</kw>
<kw name="Input Text" owner="SeleniumLibrary">
<msg time="2025-04-29T14:07:28.406915" level="INFO">Typing text 'Write code' into text field 'css=input[placeholder='Add a new todo']'.</msg>
<arg>${selectors.todo.todo_input}</arg>
<arg>${todo_text}</arg>
<doc>Types the given ``text`` into the text field identified by ``locator``.</doc>
<status status="PASS" start="2025-04-29T14:07:28.406458" elapsed="0.046182"/>
</kw>
<kw name="Click Button" owner="SeleniumLibrary">
<msg time="2025-04-29T14:07:28.453329" level="INFO">Clicking button 'css=button[data-testid='add-todo-button']'.</msg>
<arg>${selectors.todo.add_todo_button}</arg>
<doc>Clicks the button identified by ``locator``.</doc>
<status status="PASS" start="2025-04-29T14:07:28.452859" elapsed="0.036908"/>
</kw>
<kw name="Wait Until Page Contains" owner="SeleniumLibrary">
<arg>${todo_text}</arg>
<arg>${timeouts.element_visible}</arg>
<doc>Waits until ``text`` appears on the current page.</doc>
<status status="PASS" start="2025-04-29T14:07:28.490035" elapsed="0.008745"/>
</kw>
<arg>${todo_text}</arg>
<status status="PASS" start="2025-04-29T14:07:28.405978" elapsed="0.092924"/>
</kw>
<arg>Write code</arg>
<status status="PASS" start="2025-04-29T14:07:28.405688" elapsed="0.093268"/>
</kw>
<kw name="Toggle Todo" owner="todo_keywords">
<kw name="Replace String" owner="String">
<msg time="2025-04-29T14:07:28.499871" level="INFO">${selector} = xpath=//li[.//span[contains(text(), 'Read book')]]//input[@type='checkbox']</msg>
<var>${selector}</var>
<arg>${selectors.todo.todo_checkbox_for_text}</arg>
<arg>{0}</arg>
<arg>${todo_text}</arg>
<doc>Replaces ``search_for`` in the given ``string`` with ``replace_with``.</doc>
<status status="PASS" start="2025-04-29T14:07:28.499446" elapsed="0.000461"/>
</kw>
<kw name="Get WebElement" owner="SeleniumLibrary">
<msg time="2025-04-29T14:07:28.507334" level="INFO">${checkbox} = &lt;selenium.webdriver.remote.webelement.WebElement (session="84cf750f256aa1e7142e8a3b1ebf2c16", element="f.9CFEDFC27DB297A32070AAF5548D1D5B.d.D680DB2E7AE16139FC0842C25F711AB8.e.6")&gt;</msg>
<var>${checkbox}</var>
<arg>${selector}</arg>
<doc>Returns the first WebElement matching the given ``locator``.</doc>
<status status="PASS" start="2025-04-29T14:07:28.500044" elapsed="0.007338"/>
</kw>
<kw name="Click Element" owner="SeleniumLibrary">
<msg time="2025-04-29T14:07:28.507856" level="INFO">Clicking element '&lt;selenium.webdriver.remote.webelement.WebElement (session="84cf750f256aa1e7142e8a3b1ebf2c16", element="f.9CFEDFC27DB297A32070AAF5548D1D5B.d.D680DB2E7AE16139FC0842C25F711AB8.e.6")&gt;'.</msg>
<arg>${checkbox}</arg>
<doc>Click the element identified by ``locator``.</doc>
<status status="PASS" start="2025-04-29T14:07:28.507621" elapsed="0.034923"/>
</kw>
<kw name="Log" owner="BuiltIn">
<msg time="2025-04-29T14:07:28.542991" level="INFO">Toggled todo item: Read book</msg>
<arg>Toggled todo item: ${todo_text}</arg>
<doc>Logs the given message with the given level.</doc>
<status status="PASS" start="2025-04-29T14:07:28.542778" elapsed="0.000262"/>
</kw>
<arg>Read book</arg>
<status status="PASS" start="2025-04-29T14:07:28.499169" elapsed="0.043944"/>
</kw>
<kw name="Verify Todo Completed" owner="todo_keywords">
<kw name="Replace String" owner="String">
<msg time="2025-04-29T14:07:28.543959" level="INFO">${selector} = xpath=//li[.//span[contains(text(), 'Read book')]]//input[@type='checkbox']</msg>
<var>${selector}</var>
<arg>${selectors.todo.todo_checkbox_for_text}</arg>
<arg>{0}</arg>
<arg>${todo_text}</arg>
<doc>Replaces ``search_for`` in the given ``string`` with ``replace_with``.</doc>
<status status="PASS" start="2025-04-29T14:07:28.543543" elapsed="0.000443"/>
</kw>
<kw name="Get WebElement" owner="SeleniumLibrary">
<msg time="2025-04-29T14:07:28.548887" level="INFO">${checkbox} = &lt;selenium.webdriver.remote.webelement.WebElement (session="84cf750f256aa1e7142e8a3b1ebf2c16", element="f.9CFEDFC27DB297A32070AAF5548D1D5B.d.D680DB2E7AE16139FC0842C25F711AB8.e.6")&gt;</msg>
<var>${checkbox}</var>
<arg>${selector}</arg>
<doc>Returns the first WebElement matching the given ``locator``.</doc>
<status status="PASS" start="2025-04-29T14:07:28.544092" elapsed="0.004883"/>
</kw>
<kw name="Checkbox Should Be Selected" owner="SeleniumLibrary">
<msg time="2025-04-29T14:07:28.549655" level="INFO">Verifying checkbox '&lt;selenium.webdriver.remote.webelement.WebElement (session="84cf750f256aa1e7142e8a3b1ebf2c16", element="f.9CFEDFC27DB297A32070AAF5548D1D5B.d.D680DB2E7AE16139FC0842C25F711AB8.e.6")&gt;' is selected.</msg>
<arg>${checkbox}</arg>
<doc>Verifies checkbox ``locator`` is selected/checked.</doc>
<status status="PASS" start="2025-04-29T14:07:28.549249" elapsed="0.005984"/>
</kw>
<kw name="Log" owner="BuiltIn">
<msg time="2025-04-29T14:07:28.555629" level="INFO">Verified todo item is completed: Read book</msg>
<arg>Verified todo item is completed: ${todo_text}</arg>
<doc>Logs the given message with the given level.</doc>
<status status="PASS" start="2025-04-29T14:07:28.555437" elapsed="0.000246"/>
</kw>
<arg>Read book</arg>
<status status="PASS" start="2025-04-29T14:07:28.543312" elapsed="0.012462"/>
</kw>
<kw name="Add New Todo" owner="todo_keywords">
<kw name="Add Todo Item" owner="todo_keywords">
<kw name="Log" owner="BuiltIn">
<msg time="2025-04-29T14:07:28.557175" level="INFO">Adding todo item: Send email</msg>
<arg>Adding todo item: ${todo_text}</arg>
<doc>Logs the given message with the given level.</doc>
<status status="PASS" start="2025-04-29T14:07:28.557023" elapsed="0.000195"/>
</kw>
<kw name="Input Text" owner="SeleniumLibrary">
<msg time="2025-04-29T14:07:28.557780" level="INFO">Typing text 'Send email' into text field 'css=input[placeholder='Add a new todo']'.</msg>
<arg>${selectors.todo.todo_input}</arg>
<arg>${todo_text}</arg>
<doc>Types the given ``text`` into the text field identified by ``locator``.</doc>
<status status="PASS" start="2025-04-29T14:07:28.557315" elapsed="0.054977"/>
</kw>
<kw name="Click Button" owner="SeleniumLibrary">
<msg time="2025-04-29T14:07:28.612988" level="INFO">Clicking button 'css=button[data-testid='add-todo-button']'.</msg>
<arg>${selectors.todo.add_todo_button}</arg>
<doc>Clicks the button identified by ``locator``.</doc>
<status status="PASS" start="2025-04-29T14:07:28.612488" elapsed="0.035063"/>
</kw>
<kw name="Wait Until Page Contains" owner="SeleniumLibrary">
<arg>${todo_text}</arg>
<arg>${timeouts.element_visible}</arg>
<doc>Waits until ``text`` appears on the current page.</doc>
<status status="PASS" start="2025-04-29T14:07:28.647965" elapsed="0.012207"/>
</kw>
<arg>${todo_text}</arg>
<status status="PASS" start="2025-04-29T14:07:28.556215" elapsed="0.104079"/>
</kw>
<arg>Send email</arg>
<status status="PASS" start="2025-04-29T14:07:28.555963" elapsed="0.104383"/>
</kw>
<kw name="Delete Todo" owner="todo_keywords">
<kw name="Delete Todo Item" owner="todo_keywords">
<kw name="Log" owner="BuiltIn">
<msg time="2025-04-29T14:07:28.661216" level="INFO">Deleting todo item: Write code</msg>
<arg>Deleting todo item: ${todo_text}</arg>
<doc>Logs the given message with the given level.</doc>
<status status="PASS" start="2025-04-29T14:07:28.661089" elapsed="0.000171"/>
</kw>
<kw name="Replace String" owner="String">
<msg time="2025-04-29T14:07:28.661738" level="INFO">${selector} = xpath=//li[.//span[contains(text(), 'Write code')]]//button[@data-testid[starts-with(., 'todo-delete-')]]</msg>
<var>${selector}</var>
<arg>${selectors.todo.todo_delete_for_text}</arg>
<arg>{0}</arg>
<arg>${todo_text}</arg>
<doc>Replaces ``search_for`` in the given ``string`` with ``replace_with``.</doc>
<status status="PASS" start="2025-04-29T14:07:28.661352" elapsed="0.000413"/>
</kw>
<kw name="Get WebElement" owner="SeleniumLibrary">
<msg time="2025-04-29T14:07:28.668923" level="INFO">${delete_button} = &lt;selenium.webdriver.remote.webelement.WebElement (session="84cf750f256aa1e7142e8a3b1ebf2c16", element="f.9CFEDFC27DB297A32070AAF5548D1D5B.d.D680DB2E7AE16139FC0842C25F711AB8.e.26")&gt;</msg>
<var>${delete_button}</var>
<arg>${selector}</arg>
<doc>Returns the first WebElement matching the given ``locator``.</doc>
<status status="PASS" start="2025-04-29T14:07:28.661868" elapsed="0.007103"/>
</kw>
<kw name="Click Element" owner="SeleniumLibrary">
<msg time="2025-04-29T14:07:28.669356" level="INFO">Clicking element '&lt;selenium.webdriver.remote.webelement.WebElement (session="84cf750f256aa1e7142e8a3b1ebf2c16", element="f.9CFEDFC27DB297A32070AAF5548D1D5B.d.D680DB2E7AE16139FC0842C25F711AB8.e.26")&gt;'.</msg>
<arg>${delete_button}</arg>
<doc>Click the element identified by ``locator``.</doc>
<status status="PASS" start="2025-04-29T14:07:28.669142" elapsed="0.034490"/>
</kw>
<kw name="Wait Until Page Does Not Contain" owner="SeleniumLibrary">
<arg>${todo_text}</arg>
<arg>${timeouts.element_visible}</arg>
<doc>Waits until ``text`` disappears from the current page.</doc>
<status status="PASS" start="2025-04-29T14:07:28.703871" elapsed="0.005739"/>
</kw>
<arg>${todo_text}</arg>
<status status="PASS" start="2025-04-29T14:07:28.660860" elapsed="0.048942"/>
</kw>
<arg>Write code</arg>
<status status="PASS" start="2025-04-29T14:07:28.660554" elapsed="0.049329"/>
</kw>
<kw name="Verify Todo Does Not Exist" owner="todo_keywords">
<kw name="Verify Todo Not Exists" owner="todo_keywords">
<kw name="Page Should Not Contain" owner="SeleniumLibrary">
<msg time="2025-04-29T14:07:28.723907" level="INFO">Current page does not contain text 'Write code'.</msg>
<arg>${todo_text}</arg>
<doc>Verifies the current page does not contain ``text``.</doc>
<status status="PASS" start="2025-04-29T14:07:28.711081" elapsed="0.012905"/>
</kw>
<kw name="Log" owner="BuiltIn">
<msg time="2025-04-29T14:07:28.724337" level="INFO">Verified todo item does not exist: Write code</msg>
<arg>Verified todo item does not exist: ${todo_text}</arg>
<doc>Logs the given message with the given level.</doc>
<status status="PASS" start="2025-04-29T14:07:28.724151" elapsed="0.000228"/>
</kw>
<arg>${todo_text}</arg>
<status status="PASS" start="2025-04-29T14:07:28.710733" elapsed="0.013711"/>
</kw>
<arg>Write code</arg>
<status status="PASS" start="2025-04-29T14:07:28.710231" elapsed="0.014261"/>
</kw>
<kw name="Toggle Todo" owner="todo_keywords">
<kw name="Replace String" owner="String">
<msg time="2025-04-29T14:07:28.725288" level="INFO">${selector} = xpath=//li[.//span[contains(text(), 'Send email')]]//input[@type='checkbox']</msg>
<var>${selector}</var>
<arg>${selectors.todo.todo_checkbox_for_text}</arg>
<arg>{0}</arg>
<arg>${todo_text}</arg>
<doc>Replaces ``search_for`` in the given ``string`` with ``replace_with``.</doc>
<status status="PASS" start="2025-04-29T14:07:28.724903" elapsed="0.000469"/>
</kw>
<kw name="Get WebElement" owner="SeleniumLibrary">
<msg time="2025-04-29T14:07:28.732409" level="INFO">${checkbox} = &lt;selenium.webdriver.remote.webelement.WebElement (session="84cf750f256aa1e7142e8a3b1ebf2c16", element="f.9CFEDFC27DB297A32070AAF5548D1D5B.d.D680DB2E7AE16139FC0842C25F711AB8.e.22")&gt;</msg>
<var>${checkbox}</var>
<arg>${selector}</arg>
<doc>Returns the first WebElement matching the given ``locator``.</doc>
<status status="PASS" start="2025-04-29T14:07:28.725497" elapsed="0.006970"/>
</kw>
<kw name="Click Element" owner="SeleniumLibrary">
<msg time="2025-04-29T14:07:28.732876" level="INFO">Clicking element '&lt;selenium.webdriver.remote.webelement.WebElement (session="84cf750f256aa1e7142e8a3b1ebf2c16", element="f.9CFEDFC27DB297A32070AAF5548D1D5B.d.D680DB2E7AE16139FC0842C25F711AB8.e.22")&gt;'.</msg>
<arg>${checkbox}</arg>
<doc>Click the element identified by ``locator``.</doc>
<status status="PASS" start="2025-04-29T14:07:28.732646" elapsed="0.039826"/>
</kw>
<kw name="Log" owner="BuiltIn">
<msg time="2025-04-29T14:07:28.772873" level="INFO">Toggled todo item: Send email</msg>
<arg>Toggled todo item: ${todo_text}</arg>
<doc>Logs the given message with the given level.</doc>
<status status="PASS" start="2025-04-29T14:07:28.772665" elapsed="0.000256"/>
</kw>
<arg>Send email</arg>
<status status="PASS" start="2025-04-29T14:07:28.724673" elapsed="0.048318"/>
</kw>
<kw name="Verify Todo Completed" owner="todo_keywords">
<kw name="Replace String" owner="String">
<msg time="2025-04-29T14:07:28.773817" level="INFO">${selector} = xpath=//li[.//span[contains(text(), 'Send email')]]//input[@type='checkbox']</msg>
<var>${selector}</var>
<arg>${selectors.todo.todo_checkbox_for_text}</arg>
<arg>{0}</arg>
<arg>${todo_text}</arg>
<doc>Replaces ``search_for`` in the given ``string`` with ``replace_with``.</doc>
<status status="PASS" start="2025-04-29T14:07:28.773419" elapsed="0.000425"/>
</kw>
<kw name="Get WebElement" owner="SeleniumLibrary">
<msg time="2025-04-29T14:07:28.778195" level="INFO">${checkbox} = &lt;selenium.webdriver.remote.webelement.WebElement (session="84cf750f256aa1e7142e8a3b1ebf2c16", element="f.9CFEDFC27DB297A32070AAF5548D1D5B.d.D680DB2E7AE16139FC0842C25F711AB8.e.22")&gt;</msg>
<var>${checkbox}</var>
<arg>${selector}</arg>
<doc>Returns the first WebElement matching the given ``locator``.</doc>
<status status="PASS" start="2025-04-29T14:07:28.773952" elapsed="0.004290"/>
</kw>
<kw name="Checkbox Should Be Selected" owner="SeleniumLibrary">
<msg time="2025-04-29T14:07:28.778610" level="INFO">Verifying checkbox '&lt;selenium.webdriver.remote.webelement.WebElement (session="84cf750f256aa1e7142e8a3b1ebf2c16", element="f.9CFEDFC27DB297A32070AAF5548D1D5B.d.D680DB2E7AE16139FC0842C25F711AB8.e.22")&gt;' is selected.</msg>
<arg>${checkbox}</arg>
<doc>Verifies checkbox ``locator`` is selected/checked.</doc>
<status status="PASS" start="2025-04-29T14:07:28.778401" elapsed="0.005071"/>
</kw>
<kw name="Log" owner="BuiltIn">
<msg time="2025-04-29T14:07:28.784072" level="INFO">Verified todo item is completed: Send email</msg>
<arg>Verified todo item is completed: ${todo_text}</arg>
<doc>Logs the given message with the given level.</doc>
<status status="PASS" start="2025-04-29T14:07:28.783774" elapsed="0.000361"/>
</kw>
<arg>Send email</arg>
<status status="PASS" start="2025-04-29T14:07:28.773193" elapsed="0.011043"/>
</kw>
<kw name="Close Todo Application" owner="todo_keywords" type="TEARDOWN">
<kw name="Close Browser and Stop App" owner="todo_keywords">
<kw name="Close Browser" owner="SeleniumLibrary">
<doc>Closes the current browser.</doc>
<status status="PASS" start="2025-04-29T14:07:28.784942" elapsed="0.055673"/>
</kw>
<kw name="Log" owner="BuiltIn">
<msg time="2025-04-29T14:07:28.841063" level="INFO">Closed browser and stopped application</msg>
<arg>Closed browser and stopped application</arg>
<doc>Logs the given message with the given level.</doc>
<status status="PASS" start="2025-04-29T14:07:28.840867" elapsed="0.000249"/>
</kw>
<status status="PASS" start="2025-04-29T14:07:28.784748" elapsed="0.056507"/>
</kw>
<status status="PASS" start="2025-04-29T14:07:28.784496" elapsed="0.056812"/>
</kw>
<doc>Test multiple operations</doc>
<status status="PASS" start="2025-04-29T14:07:27.483783" elapsed="1.357607"/>
</test>
<test id="s1-s1-t5" name="Test Complex Workflow" line="47">
<kw name="Open Todo Application" owner="todo_keywords" type="SETUP">
<kw name="Open Browser" owner="SeleniumLibrary">
<msg time="2025-04-29T14:07:28.843192" level="INFO">Opening browser 'chrome' to base url 'http://localhost:3000'.</msg>
<arg>${app.url}</arg>
<arg>chrome</arg>
<doc>Opens a new browser instance to the optional ``url``.</doc>
<status status="PASS" start="2025-04-29T14:07:28.842522" elapsed="0.737732"/>
</kw>
<kw name="Wait Until Page Contains Element" owner="SeleniumLibrary">
<arg>${selectors.todo.todo_input}</arg>
<arg>${timeouts.page_load}</arg>
<doc>Waits until the element ``locator`` appears on the current page.</doc>
<status status="PASS" start="2025-04-29T14:07:29.580457" elapsed="0.030800"/>
</kw>
<kw name="Log" owner="BuiltIn">
<msg time="2025-04-29T14:07:29.611606" level="INFO">Opened todo list application</msg>
<arg>Opened todo list application</arg>
<doc>Logs the given message with the given level.</doc>
<status status="PASS" start="2025-04-29T14:07:29.611457" elapsed="0.000195"/>
</kw>
<status status="PASS" start="2025-04-29T14:07:28.842165" elapsed="0.769562"/>
</kw>
<kw name="Add New Todo" owner="todo_keywords">
<kw name="Add Todo Item" owner="todo_keywords">
<kw name="Log" owner="BuiltIn">
<msg time="2025-04-29T14:07:29.612527" level="INFO">Adding todo item: Meeting prep</msg>
<arg>Adding todo item: ${todo_text}</arg>
<doc>Logs the given message with the given level.</doc>
<status status="PASS" start="2025-04-29T14:07:29.612409" elapsed="0.000160"/>
</kw>
<kw name="Input Text" owner="SeleniumLibrary">
<msg time="2025-04-29T14:07:29.613147" level="INFO">Typing text 'Meeting prep' into text field 'css=input[placeholder='Add a new todo']'.</msg>
<arg>${selectors.todo.todo_input}</arg>
<arg>${todo_text}</arg>
<doc>Types the given ``text`` into the text field identified by ``locator``.</doc>
<status status="PASS" start="2025-04-29T14:07:29.612664" elapsed="0.091348"/>
</kw>
<kw name="Click Button" owner="SeleniumLibrary">
<msg time="2025-04-29T14:07:29.704683" level="INFO">Clicking button 'css=button[data-testid='add-todo-button']'.</msg>
<arg>${selectors.todo.add_todo_button}</arg>
<doc>Clicks the button identified by ``locator``.</doc>
<status status="PASS" start="2025-04-29T14:07:29.704211" elapsed="0.045544"/>
</kw>
<kw name="Wait Until Page Contains" owner="SeleniumLibrary">
<arg>${todo_text}</arg>
<arg>${timeouts.element_visible}</arg>
<doc>Waits until ``text`` appears on the current page.</doc>
<status status="PASS" start="2025-04-29T14:07:29.750104" elapsed="0.007973"/>
</kw>
<arg>${todo_text}</arg>
<status status="PASS" start="2025-04-29T14:07:29.612194" elapsed="0.146000"/>
</kw>
<arg>Meeting prep</arg>
<status status="PASS" start="2025-04-29T14:07:29.611928" elapsed="0.146321"/>
</kw>
<kw name="Add New Todo" owner="todo_keywords">
<kw name="Add Todo Item" owner="todo_keywords">
<kw name="Log" owner="BuiltIn">
<msg time="2025-04-29T14:07:29.759078" level="INFO">Adding todo item: Client call</msg>
<arg>Adding todo item: ${todo_text}</arg>
<doc>Logs the given message with the given level.</doc>
<status status="PASS" start="2025-04-29T14:07:29.758950" elapsed="0.000171"/>
</kw>
<kw name="Input Text" owner="SeleniumLibrary">
<msg time="2025-04-29T14:07:29.759605" level="INFO">Typing text 'Client call' into text field 'css=input[placeholder='Add a new todo']'.</msg>
<arg>${selectors.todo.todo_input}</arg>
<arg>${todo_text}</arg>
<doc>Types the given ``text`` into the text field identified by ``locator``.</doc>
<status status="PASS" start="2025-04-29T14:07:29.759215" elapsed="0.047002"/>
</kw>
<kw name="Click Button" owner="SeleniumLibrary">
<msg time="2025-04-29T14:07:29.807017" level="INFO">Clicking button 'css=button[data-testid='add-todo-button']'.</msg>
<arg>${selectors.todo.add_todo_button}</arg>
<doc>Clicks the button identified by ``locator``.</doc>
<status status="PASS" start="2025-04-29T14:07:29.806509" elapsed="0.045785"/>
</kw>
<kw name="Wait Until Page Contains" owner="SeleniumLibrary">
<arg>${todo_text}</arg>
<arg>${timeouts.element_visible}</arg>
<doc>Waits until ``text`` appears on the current page.</doc>
<status status="PASS" start="2025-04-29T14:07:29.852568" elapsed="0.007893"/>
</kw>
<arg>${todo_text}</arg>
<status status="PASS" start="2025-04-29T14:07:29.758729" elapsed="0.101852"/>
</kw>
<arg>Client call</arg>
<status status="PASS" start="2025-04-29T14:07:29.758446" elapsed="0.102190"/>
</kw>
<kw name="Add New Todo" owner="todo_keywords">
<kw name="Add Todo Item" owner="todo_keywords">
<kw name="Log" owner="BuiltIn">
<msg time="2025-04-29T14:07:29.861484" level="INFO">Adding todo item: Report writing</msg>
<arg>Adding todo item: ${todo_text}</arg>
<doc>Logs the given message with the given level.</doc>
<status status="PASS" start="2025-04-29T14:07:29.861361" elapsed="0.000166"/>
</kw>
<kw name="Input Text" owner="SeleniumLibrary">
<msg time="2025-04-29T14:07:29.862132" level="INFO">Typing text 'Report writing' into text field 'css=input[placeholder='Add a new todo']'.</msg>
<arg>${selectors.todo.todo_input}</arg>
<arg>${todo_text}</arg>
<doc>Types the given ``text`` into the text field identified by ``locator``.</doc>
<status status="PASS" start="2025-04-29T14:07:29.861620" elapsed="0.064519"/>
</kw>
<kw name="Click Button" owner="SeleniumLibrary">
<msg time="2025-04-29T14:07:29.927271" level="INFO">Clicking button 'css=button[data-testid='add-todo-button']'.</msg>
<arg>${selectors.todo.add_todo_button}</arg>
<doc>Clicks the button identified by ``locator``.</doc>
<status status="PASS" start="2025-04-29T14:07:29.926450" elapsed="0.041686"/>
</kw>
<kw name="Wait Until Page Contains" owner="SeleniumLibrary">
<arg>${todo_text}</arg>
<arg>${timeouts.element_visible}</arg>
<doc>Waits until ``text`` appears on the current page.</doc>
<status status="PASS" start="2025-04-29T14:07:29.968434" elapsed="0.007902"/>
</kw>
<arg>${todo_text}</arg>
<status status="PASS" start="2025-04-29T14:07:29.861136" elapsed="0.115321"/>
</kw>
<arg>Report writing</arg>
<status status="PASS" start="2025-04-29T14:07:29.860849" elapsed="0.115662"/>
</kw>
<kw name="Toggle Todo" owner="todo_keywords">
<kw name="Replace String" owner="String">
<msg time="2025-04-29T14:07:29.977407" level="INFO">${selector} = xpath=//li[.//span[contains(text(), 'Meeting prep')]]//input[@type='checkbox']</msg>
<var>${selector}</var>
<arg>${selectors.todo.todo_checkbox_for_text}</arg>
<arg>{0}</arg>
<arg>${todo_text}</arg>
<doc>Replaces ``search_for`` in the given ``string`` with ``replace_with``.</doc>
<status status="PASS" start="2025-04-29T14:07:29.977008" elapsed="0.000428"/>
</kw>
<kw name="Get WebElement" owner="SeleniumLibrary">
<msg time="2025-04-29T14:07:29.984248" level="INFO">${checkbox} = &lt;selenium.webdriver.remote.webelement.WebElement (session="50c4fe5703f6f3da007c86dafa0daeb2", element="f.FE208B7F4EAA439B1A8D2342CDB5DAF4.d.FE4DD438ED0EEDDD7040FDCB34EEA1E4.e.6")&gt;</msg>
<var>${checkbox}</var>
<arg>${selector}</arg>
<doc>Returns the first WebElement matching the given ``locator``.</doc>
<status status="PASS" start="2025-04-29T14:07:29.977543" elapsed="0.006757"/>
</kw>
<kw name="Click Element" owner="SeleniumLibrary">
<msg time="2025-04-29T14:07:29.984694" level="INFO">Clicking element '&lt;selenium.webdriver.remote.webelement.WebElement (session="50c4fe5703f6f3da007c86dafa0daeb2", element="f.FE208B7F4EAA439B1A8D2342CDB5DAF4.d.FE4DD438ED0EEDDD7040FDCB34EEA1E4.e.6")&gt;'.</msg>
<arg>${checkbox}</arg>
<doc>Click the element identified by ``locator``.</doc>
<status status="PASS" start="2025-04-29T14:07:29.984474" elapsed="0.034337"/>
</kw>
<kw name="Log" owner="BuiltIn">
<msg time="2025-04-29T14:07:30.019203" level="INFO">Toggled todo item: Meeting prep</msg>
<arg>Toggled todo item: ${todo_text}</arg>
<doc>Logs the given message with the given level.</doc>
<status status="PASS" start="2025-04-29T14:07:30.019007" elapsed="0.000245"/>
</kw>
<arg>Meeting prep</arg>
<status status="PASS" start="2025-04-29T14:07:29.976732" elapsed="0.042588"/>
</kw>
<kw name="Add New Todo" owner="todo_keywords">
<kw name="Add Todo Item" owner="todo_keywords">
<kw name="Log" owner="BuiltIn">
<msg time="2025-04-29T14:07:30.020117" level="INFO">Adding todo item: Team sync</msg>
<arg>Adding todo item: ${todo_text}</arg>
<doc>Logs the given message with the given level.</doc>
<status status="PASS" start="2025-04-29T14:07:30.020002" elapsed="0.000156"/>
</kw>
<kw name="Input Text" owner="SeleniumLibrary">
<msg time="2025-04-29T14:07:30.020647" level="INFO">Typing text 'Team sync' into text field 'css=input[placeholder='Add a new todo']'.</msg>
<arg>${selectors.todo.todo_input}</arg>
<arg>${todo_text}</arg>
<doc>Types the given ``text`` into the text field identified by ``locator``.</doc>
<status status="PASS" start="2025-04-29T14:07:30.020250" elapsed="0.109970"/>
</kw>
<kw name="Click Button" owner="SeleniumLibrary">
<msg time="2025-04-29T14:07:30.130993" level="INFO">Clicking button 'css=button[data-testid='add-todo-button']'.</msg>
<arg>${selectors.todo.add_todo_button}</arg>
<doc>Clicks the button identified by ``locator``.</doc>
<status status="PASS" start="2025-04-29T14:07:30.130439" elapsed="0.041304"/>
</kw>
<kw name="Wait Until Page Contains" owner="SeleniumLibrary">
<arg>${todo_text}</arg>
<arg>${timeouts.element_visible}</arg>
<doc>Waits until ``text`` appears on the current page.</doc>
<status status="PASS" start="2025-04-29T14:07:30.172049" elapsed="0.007834"/>
</kw>
<arg>${todo_text}</arg>
<status status="PASS" start="2025-04-29T14:07:30.019779" elapsed="0.160321"/>
</kw>
<arg>Team sync</arg>
<status status="PASS" start="2025-04-29T14:07:30.019510" elapsed="0.160684"/>
</kw>
<kw name="Delete Todo" owner="todo_keywords">
<kw name="Delete Todo Item" owner="todo_keywords">
<kw name="Log" owner="BuiltIn">
<msg time="2025-04-29T14:07:30.181373" level="INFO">Deleting todo item: Client call</msg>
<arg>Deleting todo item: ${todo_text}</arg>
<doc>Logs the given message with the given level.</doc>
<status status="PASS" start="2025-04-29T14:07:30.181238" elapsed="0.000184"/>
</kw>
<kw name="Replace String" owner="String">
<msg time="2025-04-29T14:07:30.182072" level="INFO">${selector} = xpath=//li[.//span[contains(text(), 'Client call')]]//button[@data-testid[starts-with(., 'todo-delete-')]]</msg>
<var>${selector}</var>
<arg>${selectors.todo.todo_delete_for_text}</arg>
<arg>{0}</arg>
<arg>${todo_text}</arg>
<doc>Replaces ``search_for`` in the given ``string`` with ``replace_with``.</doc>
<status status="PASS" start="2025-04-29T14:07:30.181550" elapsed="0.000554"/>
</kw>
<kw name="Get WebElement" owner="SeleniumLibrary">
<msg time="2025-04-29T14:07:30.188957" level="INFO">${delete_button} = &lt;selenium.webdriver.remote.webelement.WebElement (session="50c4fe5703f6f3da007c86dafa0daeb2", element="f.FE208B7F4EAA439B1A8D2342CDB5DAF4.d.FE4DD438ED0EEDDD7040FDCB34EEA1E4.e.30")&gt;</msg>
<var>${delete_button}</var>
<arg>${selector}</arg>
<doc>Returns the first WebElement matching the given ``locator``.</doc>
<status status="PASS" start="2025-04-29T14:07:30.182239" elapsed="0.006763"/>
</kw>
<kw name="Click Element" owner="SeleniumLibrary">
<msg time="2025-04-29T14:07:30.189378" level="INFO">Clicking element '&lt;selenium.webdriver.remote.webelement.WebElement (session="50c4fe5703f6f3da007c86dafa0daeb2", element="f.FE208B7F4EAA439B1A8D2342CDB5DAF4.d.FE4DD438ED0EEDDD7040FDCB34EEA1E4.e.30")&gt;'.</msg>
<arg>${delete_button}</arg>
<doc>Click the element identified by ``locator``.</doc>
<status status="PASS" start="2025-04-29T14:07:30.189169" elapsed="0.028167"/>
</kw>
<kw name="Wait Until Page Does Not Contain" owner="SeleniumLibrary">
<arg>${todo_text}</arg>
<arg>${timeouts.element_visible}</arg>
<doc>Waits until ``text`` disappears from the current page.</doc>
<status status="PASS" start="2025-04-29T14:07:30.217533" elapsed="0.004244"/>
</kw>
<arg>${todo_text}</arg>
<status status="PASS" start="2025-04-29T14:07:30.180962" elapsed="0.040924"/>
</kw>
<arg>Client call</arg>
<status status="PASS" start="2025-04-29T14:07:30.180503" elapsed="0.041436"/>
</kw>
<kw name="Toggle Todo" owner="todo_keywords">
<kw name="Replace String" owner="String">
<msg time="2025-04-29T14:07:30.222802" level="INFO">${selector} = xpath=//li[.//span[contains(text(), 'Report writing')]]//input[@type='checkbox']</msg>
<var>${selector}</var>
<arg>${selectors.todo.todo_checkbox_for_text}</arg>
<arg>{0}</arg>
<arg>${todo_text}</arg>
<doc>Replaces ``search_for`` in the given ``string`` with ``replace_with``.</doc>
<status status="PASS" start="2025-04-29T14:07:30.222397" elapsed="0.000435"/>
</kw>
<kw name="Get WebElement" owner="SeleniumLibrary">
<msg time="2025-04-29T14:07:30.229626" level="INFO">${checkbox} = &lt;selenium.webdriver.remote.webelement.WebElement (session="50c4fe5703f6f3da007c86dafa0daeb2", element="f.FE208B7F4EAA439B1A8D2342CDB5DAF4.d.FE4DD438ED0EEDDD7040FDCB34EEA1E4.e.22")&gt;</msg>
<var>${checkbox}</var>
<arg>${selector}</arg>
<doc>Returns the first WebElement matching the given ``locator``.</doc>
<status status="PASS" start="2025-04-29T14:07:30.222950" elapsed="0.006737"/>
</kw>
<kw name="Click Element" owner="SeleniumLibrary">
<msg time="2025-04-29T14:07:30.230139" level="INFO">Clicking element '&lt;selenium.webdriver.remote.webelement.WebElement (session="50c4fe5703f6f3da007c86dafa0daeb2", element="f.FE208B7F4EAA439B1A8D2342CDB5DAF4.d.FE4DD438ED0EEDDD7040FDCB34EEA1E4.e.22")&gt;'.</msg>
<arg>${checkbox}</arg>
<doc>Click the element identified by ``locator``.</doc>
<status status="PASS" start="2025-04-29T14:07:30.229900" elapsed="0.033786"/>
</kw>
<kw name="Log" owner="BuiltIn">
<msg time="2025-04-29T14:07:30.264104" level="INFO">Toggled todo item: Report writing</msg>
<arg>Toggled todo item: ${todo_text}</arg>
<doc>Logs the given message with the given level.</doc>
<status status="PASS" start="2025-04-29T14:07:30.263894" elapsed="0.000262"/>
</kw>
<arg>Report writing</arg>
<status status="PASS" start="2025-04-29T14:07:30.222140" elapsed="0.042087"/>
</kw>
<kw name="Add New Todo" owner="todo_keywords">
<kw name="Add Todo Item" owner="todo_keywords">
<kw name="Log" owner="BuiltIn">
<msg time="2025-04-29T14:07:30.265099" level="INFO">Adding todo item: Code review</msg>
<arg>Adding todo item: ${todo_text}</arg>
<doc>Logs the given message with the given level.</doc>
<status status="PASS" start="2025-04-29T14:07:30.264858" elapsed="0.000281"/>
</kw>
<kw name="Input Text" owner="SeleniumLibrary">
<msg time="2025-04-29T14:07:30.265626" level="INFO">Typing text 'Code review' into text field 'css=input[placeholder='Add a new todo']'.</msg>
<arg>${selectors.todo.todo_input}</arg>
<arg>${todo_text}</arg>
<doc>Types the given ``text`` into the text field identified by ``locator``.</doc>
<status status="PASS" start="2025-04-29T14:07:30.265232" elapsed="0.054773"/>
</kw>
<kw name="Click Button" owner="SeleniumLibrary">
<msg time="2025-04-29T14:07:30.320658" level="INFO">Clicking button 'css=button[data-testid='add-todo-button']'.</msg>
<arg>${selectors.todo.add_todo_button}</arg>
<doc>Clicks the button identified by ``locator``.</doc>
<status status="PASS" start="2025-04-29T14:07:30.320202" elapsed="0.035026"/>
</kw>
<kw name="Wait Until Page Contains" owner="SeleniumLibrary">
<arg>${todo_text}</arg>
<arg>${timeouts.element_visible}</arg>
<doc>Waits until ``text`` appears on the current page.</doc>
<status status="PASS" start="2025-04-29T14:07:30.355513" elapsed="0.008105"/>
</kw>
<arg>${todo_text}</arg>
<status status="PASS" start="2025-04-29T14:07:30.264647" elapsed="0.099162"/>
</kw>
<arg>Code review</arg>
<status status="PASS" start="2025-04-29T14:07:30.264410" elapsed="0.099493"/>
</kw>
<kw name="Verify Todo Completed" owner="todo_keywords">
<kw name="Replace String" owner="String">
<msg time="2025-04-29T14:07:30.365375" level="INFO">${selector} = xpath=//li[.//span[contains(text(), 'Meeting prep')]]//input[@type='checkbox']</msg>
<var>${selector}</var>
<arg>${selectors.todo.todo_checkbox_for_text}</arg>
<arg>{0}</arg>
<arg>${todo_text}</arg>
<doc>Replaces ``search_for`` in the given ``string`` with ``replace_with``.</doc>
<status status="PASS" start="2025-04-29T14:07:30.364684" elapsed="0.000736"/>
</kw>
<kw name="Get WebElement" owner="SeleniumLibrary">
<msg time="2025-04-29T14:07:30.370402" level="INFO">${checkbox} = &lt;selenium.webdriver.remote.webelement.WebElement (session="50c4fe5703f6f3da007c86dafa0daeb2", element="f.FE208B7F4EAA439B1A8D2342CDB5DAF4.d.FE4DD438ED0EEDDD7040FDCB34EEA1E4.e.6")&gt;</msg>
<var>${checkbox}</var>
<arg>${selector}</arg>
<doc>Returns the first WebElement matching the given ``locator``.</doc>
<status status="PASS" start="2025-04-29T14:07:30.365611" elapsed="0.004839"/>
</kw>
<kw name="Checkbox Should Be Selected" owner="SeleniumLibrary">
<msg time="2025-04-29T14:07:30.370832" level="INFO">Verifying checkbox '&lt;selenium.webdriver.remote.webelement.WebElement (session="50c4fe5703f6f3da007c86dafa0daeb2", element="f.FE208B7F4EAA439B1A8D2342CDB5DAF4.d.FE4DD438ED0EEDDD7040FDCB34EEA1E4.e.6")&gt;' is selected.</msg>
<arg>${checkbox}</arg>
<doc>Verifies checkbox ``locator`` is selected/checked.</doc>
<status status="PASS" start="2025-04-29T14:07:30.370611" elapsed="0.006317"/>
</kw>
<kw name="Log" owner="BuiltIn">
<msg time="2025-04-29T14:07:30.377483" level="INFO">Verified todo item is completed: Meeting prep</msg>
<arg>Verified todo item is completed: ${todo_text}</arg>
<doc>Logs the given message with the given level.</doc>
<status status="PASS" start="2025-04-29T14:07:30.377196" elapsed="0.000357"/>
</kw>
<arg>Meeting prep</arg>
<status status="PASS" start="2025-04-29T14:07:30.364252" elapsed="0.013400"/>
</kw>
<kw name="Verify Todo Completed" owner="todo_keywords">
<kw name="Replace String" owner="String">
<msg time="2025-04-29T14:07:30.378860" level="INFO">${selector} = xpath=//li[.//span[contains(text(), 'Report writing')]]//input[@type='checkbox']</msg>
<var>${selector}</var>
<arg>${selectors.todo.todo_checkbox_for_text}</arg>
<arg>{0}</arg>
<arg>${todo_text}</arg>
<doc>Replaces ``search_for`` in the given ``string`` with ``replace_with``.</doc>
<status status="PASS" start="2025-04-29T14:07:30.378271" elapsed="0.000628"/>
</kw>
<kw name="Get WebElement" owner="SeleniumLibrary">
<msg time="2025-04-29T14:07:30.383323" level="INFO">${checkbox} = &lt;selenium.webdriver.remote.webelement.WebElement (session="50c4fe5703f6f3da007c86dafa0daeb2", element="f.FE208B7F4EAA439B1A8D2342CDB5DAF4.d.FE4DD438ED0EEDDD7040FDCB34EEA1E4.e.22")&gt;</msg>
<var>${checkbox}</var>
<arg>${selector}</arg>
<doc>Returns the first WebElement matching the given ``locator``.</doc>
<status status="PASS" start="2025-04-29T14:07:30.379061" elapsed="0.004310"/>
</kw>
<kw name="Checkbox Should Be Selected" owner="SeleniumLibrary">
<msg time="2025-04-29T14:07:30.383743" level="INFO">Verifying checkbox '&lt;selenium.webdriver.remote.webelement.WebElement (session="50c4fe5703f6f3da007c86dafa0daeb2", element="f.FE208B7F4EAA439B1A8D2342CDB5DAF4.d.FE4DD438ED0EEDDD7040FDCB34EEA1E4.e.22")&gt;' is selected.</msg>
<arg>${checkbox}</arg>
<doc>Verifies checkbox ``locator`` is selected/checked.</doc>
<status status="PASS" start="2025-04-29T14:07:30.383528" elapsed="0.003555"/>
</kw>
<kw name="Log" owner="BuiltIn">
<msg time="2025-04-29T14:07:30.387423" level="INFO">Verified todo item is completed: Report writing</msg>
<arg>Verified todo item is completed: ${todo_text}</arg>
<doc>Logs the given message with the given level.</doc>
<status status="PASS" start="2025-04-29T14:07:30.387251" elapsed="0.000216"/>
</kw>
<arg>Report writing</arg>
<status status="PASS" start="2025-04-29T14:07:30.377925" elapsed="0.009607"/>
</kw>
<kw name="Delete Todo" owner="todo_keywords">
<kw name="Delete Todo Item" owner="todo_keywords">
<kw name="Log" owner="BuiltIn">
<msg time="2025-04-29T14:07:30.388335" level="INFO">Deleting todo item: Team sync</msg>
<arg>Deleting todo item: ${todo_text}</arg>
<doc>Logs the given message with the given level.</doc>
<status status="PASS" start="2025-04-29T14:07:30.388152" elapsed="0.000222"/>
</kw>
<kw name="Replace String" owner="String">
<msg time="2025-04-29T14:07:30.388851" level="INFO">${selector} = xpath=//li[.//span[contains(text(), 'Team sync')]]//button[@data-testid[starts-with(., 'todo-delete-')]]</msg>
<var>${selector}</var>
<arg>${selectors.todo.todo_delete_for_text}</arg>
<arg>{0}</arg>
<arg>${todo_text}</arg>
<doc>Replaces ``search_for`` in the given ``string`` with ``replace_with``.</doc>
<status status="PASS" start="2025-04-29T14:07:30.388465" elapsed="0.000413"/>
</kw>
<kw name="Get WebElement" owner="SeleniumLibrary">
<msg time="2025-04-29T14:07:30.396062" level="INFO">${delete_button} = &lt;selenium.webdriver.remote.webelement.WebElement (session="50c4fe5703f6f3da007c86dafa0daeb2", element="f.FE208B7F4EAA439B1A8D2342CDB5DAF4.d.FE4DD438ED0EEDDD7040FDCB34EEA1E4.e.35")&gt;</msg>
<var>${delete_button}</var>
<arg>${selector}</arg>
<doc>Returns the first WebElement matching the given ``locator``.</doc>
<status status="PASS" start="2025-04-29T14:07:30.388980" elapsed="0.007132"/>
</kw>
<kw name="Click Element" owner="SeleniumLibrary">
<msg time="2025-04-29T14:07:30.396522" level="INFO">Clicking element '&lt;selenium.webdriver.remote.webelement.WebElement (session="50c4fe5703f6f3da007c86dafa0daeb2", element="f.FE208B7F4EAA439B1A8D2342CDB5DAF4.d.FE4DD438ED0EEDDD7040FDCB34EEA1E4.e.35")&gt;'.</msg>
<arg>${delete_button}</arg>
<doc>Click the element identified by ``locator``.</doc>
<status status="PASS" start="2025-04-29T14:07:30.396286" elapsed="0.025825"/>
</kw>
<kw name="Wait Until Page Does Not Contain" owner="SeleniumLibrary">
<arg>${todo_text}</arg>
<arg>${timeouts.element_visible}</arg>
<doc>Waits until ``text`` disappears from the current page.</doc>
<status status="PASS" start="2025-04-29T14:07:30.422310" elapsed="0.004382"/>
</kw>
<arg>${todo_text}</arg>
<status status="PASS" start="2025-04-29T14:07:30.387941" elapsed="0.038870"/>
</kw>
<arg>Team sync</arg>
<status status="PASS" start="2025-04-29T14:07:30.387697" elapsed="0.039168"/>
</kw>
<kw name="Toggle Todo" owner="todo_keywords">
<kw name="Replace String" owner="String">
<msg time="2025-04-29T14:07:30.427739" level="INFO">${selector} = xpath=//li[.//span[contains(text(), 'Code review')]]//input[@type='checkbox']</msg>
<var>${selector}</var>
<arg>${selectors.todo.todo_checkbox_for_text}</arg>
<arg>{0}</arg>
<arg>${todo_text}</arg>
<doc>Replaces ``search_for`` in the given ``string`` with ``replace_with``.</doc>
<status status="PASS" start="2025-04-29T14:07:30.427331" elapsed="0.000438"/>
</kw>
<kw name="Get WebElement" owner="SeleniumLibrary">
<msg time="2025-04-29T14:07:30.435348" level="INFO">${checkbox} = &lt;selenium.webdriver.remote.webelement.WebElement (session="50c4fe5703f6f3da007c86dafa0daeb2", element="f.FE208B7F4EAA439B1A8D2342CDB5DAF4.d.FE4DD438ED0EEDDD7040FDCB34EEA1E4.e.31")&gt;</msg>
<var>${checkbox}</var>
<arg>${selector}</arg>
<doc>Returns the first WebElement matching the given ``locator``.</doc>
<status status="PASS" start="2025-04-29T14:07:30.427882" elapsed="0.007516"/>
</kw>
<kw name="Click Element" owner="SeleniumLibrary">
<msg time="2025-04-29T14:07:30.435789" level="INFO">Clicking element '&lt;selenium.webdriver.remote.webelement.WebElement (session="50c4fe5703f6f3da007c86dafa0daeb2", element="f.FE208B7F4EAA439B1A8D2342CDB5DAF4.d.FE4DD438ED0EEDDD7040FDCB34EEA1E4.e.31")&gt;'.</msg>
<arg>${checkbox}</arg>
<doc>Click the element identified by ``locator``.</doc>
<status status="PASS" start="2025-04-29T14:07:30.435565" elapsed="0.029316"/>
</kw>
<kw name="Log" owner="BuiltIn">
<msg time="2025-04-29T14:07:30.465429" level="INFO">Toggled todo item: Code review</msg>
<arg>Toggled todo item: ${todo_text}</arg>
<doc>Logs the given message with the given level.</doc>
<status status="PASS" start="2025-04-29T14:07:30.465112" elapsed="0.000396"/>
</kw>
<arg>Code review</arg>
<status status="PASS" start="2025-04-29T14:07:30.427069" elapsed="0.038549"/>
</kw>
<kw name="Verify Todo Does Not Exist" owner="todo_keywords">
<kw name="Verify Todo Not Exists" owner="todo_keywords">
<kw name="Page Should Not Contain" owner="SeleniumLibrary">
<msg time="2025-04-29T14:07:30.482783" level="INFO">Current page does not contain text 'Client call'.</msg>
<arg>${todo_text}</arg>
<doc>Verifies the current page does not contain ``text``.</doc>
<status status="PASS" start="2025-04-29T14:07:30.466637" elapsed="0.016260"/>
</kw>
<kw name="Log" owner="BuiltIn">
<msg time="2025-04-29T14:07:30.483417" level="INFO">Verified todo item does not exist: Client call</msg>
<arg>Verified todo item does not exist: ${todo_text}</arg>
<doc>Logs the given message with the given level.</doc>
<status status="PASS" start="2025-04-29T14:07:30.483138" elapsed="0.000345"/>
</kw>
<arg>${todo_text}</arg>
<status status="PASS" start="2025-04-29T14:07:30.466284" elapsed="0.017305"/>
</kw>
<arg>Client call</arg>
<status status="PASS" start="2025-04-29T14:07:30.465903" elapsed="0.017764"/>
</kw>
<kw name="Verify Todo Does Not Exist" owner="todo_keywords">
<kw name="Verify Todo Not Exists" owner="todo_keywords">
<kw name="Page Should Not Contain" owner="SeleniumLibrary">
<msg time="2025-04-29T14:07:30.493914" level="INFO">Current page does not contain text 'Team sync'.</msg>
<arg>${todo_text}</arg>
<doc>Verifies the current page does not contain ``text``.</doc>
<status status="PASS" start="2025-04-29T14:07:30.484675" elapsed="0.009354"/>
</kw>
<kw name="Log" owner="BuiltIn">
<msg time="2025-04-29T14:07:30.494441" level="INFO">Verified todo item does not exist: Team sync</msg>
<arg>Verified todo item does not exist: ${todo_text}</arg>
<doc>Logs the given message with the given level.</doc>
<status status="PASS" start="2025-04-29T14:07:30.494244" elapsed="0.000242"/>
</kw>
<arg>${todo_text}</arg>
<status status="PASS" start="2025-04-29T14:07:30.484351" elapsed="0.010206"/>
</kw>
<arg>Team sync</arg>
<status status="PASS" start="2025-04-29T14:07:30.483966" elapsed="0.010639"/>
</kw>
<kw name="Close Todo Application" owner="todo_keywords" type="TEARDOWN">
<kw name="Close Browser and Stop App" owner="todo_keywords">
<kw name="Close Browser" owner="SeleniumLibrary">
<doc>Closes the current browser.</doc>
[...]
<msg time="2025-04-29T14:08:10.466662" level="INFO">&amp;{browser_prefs} = { download.default_directory=/home/nguyenvh/Sync/3a/stage_stet/projet_dho/robot-report-generator/test_downloads | plugins.always_open_pdf_externally=True }</msg>
<var>download.default_directory=${DOWNLOAD_DIR}</var>
<var>plugins.always_open_pdf_externally=${True}</var>
<status status="PASS" start="2025-04-29T14:08:10.466498" elapsed="0.000188"/>
</variable>
<kw name="Evaluate" owner="BuiltIn">
<msg time="2025-04-29T14:08:10.466996" level="INFO">${chrome_options} = &lt;selenium.webdriver.chrome.options.Options object at 0x7c4656adcd00&gt;</msg>
<var>${chrome_options}</var>
<arg>sys.modules['selenium.webdriver'].ChromeOptions()</arg>
<arg>sys, selenium.webdriver</arg>
<doc>Evaluates the given expression in Python and returns the result.</doc>
<status status="PASS" start="2025-04-29T14:08:10.466789" elapsed="0.000233"/>
</kw>
<kw name="Call Method" owner="BuiltIn">
<arg>${chrome_options}</arg>
<arg>add_experimental_option</arg>
<arg>prefs</arg>
<arg>${browser_prefs}</arg>
<doc>Calls the named method of the given object with the provided arguments.</doc>
<status status="PASS" start="2025-04-29T14:08:10.467111" elapsed="0.000128"/>
</kw>
<kw name="Open Browser" owner="SeleniumLibrary">
<msg time="2025-04-29T14:08:10.467790" level="INFO">Opening browser 'chrome' to base url 'http://localhost:3000'.</msg>
<arg>${app.url}</arg>
<arg>chrome</arg>
<arg>options=${chrome_options}</arg>
<doc>Opens a new browser instance to the optional ``url``.</doc>
<status status="PASS" start="2025-04-29T14:08:10.467341" elapsed="0.778823"/>
</kw>
<kw name="Click Element" owner="SeleniumLibrary">
<msg time="2025-04-29T14:08:11.246908" level="INFO">Clicking element 'xpath=//button[contains(text(), 'Text Editor')]'.</msg>
<arg>${selectors.header.text_editor_button}</arg>
<doc>Click the element identified by ``locator``.</doc>
<status status="PASS" start="2025-04-29T14:08:11.246402" elapsed="0.101360"/>
</kw>
<kw name="Wait Until Page Contains Element" owner="SeleniumLibrary">
<arg>${selectors.text_editor.filename_input}</arg>
<arg>${timeouts.page_load}</arg>
<doc>Waits until the element ``locator`` appears on the current page.</doc>
<status status="PASS" start="2025-04-29T14:08:11.347966" elapsed="0.007963"/>
</kw>
<kw name="Log" owner="BuiltIn">
<msg time="2025-04-29T14:08:11.356270" level="INFO">Opened Text Editor</msg>
<arg>Opened Text Editor</arg>
<doc>Logs the given message with the given level.</doc>
<status status="PASS" start="2025-04-29T14:08:11.356121" elapsed="0.000266"/>
</kw>
<status status="PASS" start="2025-04-29T14:08:10.466020" elapsed="0.890450"/>
</kw>
<kw name="Create And Save Document" owner="text_editor_keywords">
<kw name="Set File Name" owner="text_editor_keywords">
<kw name="Input Text" owner="SeleniumLibrary">
<msg time="2025-04-29T14:08:11.357786" level="INFO">Typing text 'multiple_saves.txt' into text field 'css=input[type='text']'.</msg>
<arg>${selectors.text_editor.filename_input}</arg>
<arg>${filename}</arg>
<doc>Types the given ``text`` into the text field identified by ``locator``.</doc>
<status status="PASS" start="2025-04-29T14:08:11.357380" elapsed="0.086087"/>
</kw>
<arg>${filename}</arg>
<status status="PASS" start="2025-04-29T14:08:11.357155" elapsed="0.086439"/>
</kw>
<kw name="Set Content" owner="text_editor_keywords">
<kw name="Input Text" owner="SeleniumLibrary">
<msg time="2025-04-29T14:08:11.444601" level="INFO">Typing text 'First save' into text field 'css=textarea'.</msg>
<arg>${selectors.text_editor.content_textarea}</arg>
<arg>${content}</arg>
<doc>Types the given ``text`` into the text field identified by ``locator``.</doc>
<status status="PASS" start="2025-04-29T14:08:11.444076" elapsed="0.051849"/>
</kw>
<arg>${content}</arg>
<status status="PASS" start="2025-04-29T14:08:11.443766" elapsed="0.052349"/>
</kw>
<kw name="Save Document" owner="text_editor_keywords">
<kw name="Get Editor Content" owner="text_editor_keywords">
<kw name="Get Value" owner="SeleniumLibrary">
<msg time="2025-04-29T14:08:11.506949" level="INFO">${content} = First save</msg>
<var>${content}</var>
<arg>${selectors.text_editor.content_textarea}</arg>
<doc>Returns the value attribute of the element identified by ``locator``.</doc>
<status status="PASS" start="2025-04-29T14:08:11.496868" elapsed="0.010129"/>
</kw>
<return>
<value>${content}</value>
<status status="PASS" start="2025-04-29T14:08:11.507082" elapsed="0.000055"/>
</return>
<msg time="2025-04-29T14:08:11.507264" level="INFO">${content} = First save</msg>
<var>${content}</var>
<status status="PASS" start="2025-04-29T14:08:11.496671" elapsed="0.010615"/>
</kw>
<kw name="Get File Name" owner="text_editor_keywords">
<kw name="Get Value" owner="SeleniumLibrary">
<msg time="2025-04-29T14:08:11.517350" level="INFO">${filename} = multiple_saves.txt</msg>
<var>${filename}</var>
<arg>${selectors.text_editor.filename_input}</arg>
<doc>Returns the value attribute of the element identified by ``locator``.</doc>
<status status="PASS" start="2025-04-29T14:08:11.507675" elapsed="0.009747"/>
</kw>
<return>
<value>${filename}</value>
<status status="PASS" start="2025-04-29T14:08:11.517564" elapsed="0.000071"/>
</return>
<msg time="2025-04-29T14:08:11.517868" level="INFO">${filename} = multiple_saves.txt</msg>
<var>${filename}</var>
<status status="PASS" start="2025-04-29T14:08:11.507442" elapsed="0.010464"/>
</kw>
<kw name="Click Button" owner="SeleniumLibrary">
<msg time="2025-04-29T14:08:11.518766" level="INFO">Clicking button 'xpath=//button[contains(., 'Save')]'.</msg>
<arg>${selectors.text_editor.save_button}</arg>
<doc>Clicks the button identified by ``locator``.</doc>
<status status="PASS" start="2025-04-29T14:08:11.518141" elapsed="0.049318"/>
</kw>
<kw name="Wait Until Element Is Visible" owner="SeleniumLibrary">
<arg>${selectors.text_editor.save_success_message}</arg>
<arg>${timeouts.element_visible}</arg>
<doc>Waits until the element ``locator`` is visible.</doc>
<status status="PASS" start="2025-04-29T14:08:11.567782" elapsed="0.022428"/>
</kw>
<kw name="Wait Until Created" owner="OperatingSystem">
<msg time="2025-04-29T14:08:11.590705" level="INFO" html="true">'&lt;a href="file:///home/nguyenvh/Sync/3a/stage_stet/projet_dho/robot-report-generator/test_downloads/multiple_saves.txt"&gt;/home/nguyenvh/Sync/3a/stage_stet/projet_dho/robot-report-generator/test_downloads/multiple_saves.txt&lt;/a&gt;' was created.</msg>
<arg>${DOWNLOAD_DIR}/${filename}</arg>
<arg>timeout=5s</arg>
<doc>Waits until the given file or directory is created.</doc>
<status status="PASS" start="2025-04-29T14:08:11.590401" elapsed="0.000375"/>
</kw>
<kw name="Log" owner="BuiltIn">
<msg time="2025-04-29T14:08:11.591057" level="INFO">File downloaded to /home/nguyenvh/Sync/3a/stage_stet/projet_dho/robot-report-generator/test_downloads/multiple_saves.txt</msg>
<arg>File downloaded to ${DOWNLOAD_DIR}/${filename}</arg>
<doc>Logs the given message with the given level.</doc>
<status status="PASS" start="2025-04-29T14:08:11.590905" elapsed="0.000189"/>
</kw>
<doc>Saves the document and verifies the download was triggered</doc>
<status status="PASS" start="2025-04-29T14:08:11.496360" elapsed="0.094798"/>
</kw>
<arg>multiple_saves.txt</arg>
<arg>First save</arg>
<status status="PASS" start="2025-04-29T14:08:11.356687" elapsed="0.234519"/>
</kw>
<kw name="Verify Content Is" owner="text_editor_keywords">
<kw name="Get Editor Content" owner="text_editor_keywords">
<kw name="Get Value" owner="SeleniumLibrary">
<msg time="2025-04-29T14:08:11.612170" level="INFO">${content} = First save</msg>
<var>${content}</var>
<arg>${selectors.text_editor.content_textarea}</arg>
<doc>Returns the value attribute of the element identified by ``locator``.</doc>
<status status="PASS" start="2025-04-29T14:08:11.591841" elapsed="0.020376"/>
</kw>
<return>
<value>${content}</value>
<status status="PASS" start="2025-04-29T14:08:11.612311" elapsed="0.000063"/>
</return>
<msg time="2025-04-29T14:08:11.612520" level="INFO">${actual} = First save</msg>
<var>${actual}</var>
<status status="PASS" start="2025-04-29T14:08:11.591639" elapsed="0.020905"/>
</kw>
<kw name="Should Be Equal" owner="BuiltIn">
<arg>${actual}</arg>
<arg>${expected}</arg>
<doc>Fails if the given objects are unequal.</doc>
<status status="PASS" start="2025-04-29T14:08:11.612689" elapsed="0.000228"/>
</kw>
<arg>First save</arg>
<status status="PASS" start="2025-04-29T14:08:11.591386" elapsed="0.021599"/>
</kw>
<kw name="Set Content" owner="text_editor_keywords">
<kw name="Input Text" owner="SeleniumLibrary">
<msg time="2025-04-29T14:08:11.613831" level="INFO">Typing text 'Second save' into text field 'css=textarea'.</msg>
<arg>${selectors.text_editor.content_textarea}</arg>
<arg>${content}</arg>
<doc>Types the given ``text`` into the text field identified by ``locator``.</doc>
<status status="PASS" start="2025-04-29T14:08:11.613399" elapsed="0.074412"/>
</kw>
<arg>Second save</arg>
<status status="PASS" start="2025-04-29T14:08:11.613170" elapsed="0.074850"/>
</kw>
<kw name="Save Document" owner="text_editor_keywords">
<kw name="Get Editor Content" owner="text_editor_keywords">
<kw name="Get Value" owner="SeleniumLibrary">
<msg time="2025-04-29T14:08:11.698550" level="INFO">${content} = Second save</msg>
<var>${content}</var>
<arg>${selectors.text_editor.content_textarea}</arg>
<doc>Returns the value attribute of the element identified by ``locator``.</doc>
<status status="PASS" start="2025-04-29T14:08:11.689423" elapsed="0.009197"/>
</kw>
<return>
<value>${content}</value>
<status status="PASS" start="2025-04-29T14:08:11.698938" elapsed="0.000099"/>
</return>
<msg time="2025-04-29T14:08:11.699320" level="INFO">${content} = Second save</msg>
<var>${content}</var>
<status status="PASS" start="2025-04-29T14:08:11.688882" elapsed="0.010492"/>
</kw>
<kw name="Get File Name" owner="text_editor_keywords">
<kw name="Get Value" owner="SeleniumLibrary">
<msg time="2025-04-29T14:08:11.709925" level="INFO">${filename} = multiple_saves.txt</msg>
<var>${filename}</var>
<arg>${selectors.text_editor.filename_input}</arg>
<doc>Returns the value attribute of the element identified by ``locator``.</doc>
<status status="PASS" start="2025-04-29T14:08:11.699998" elapsed="0.009972"/>
</kw>
<return>
<value>${filename}</value>
<status status="PASS" start="2025-04-29T14:08:11.710055" elapsed="0.000050"/>
</return>
<msg time="2025-04-29T14:08:11.710239" level="INFO">${filename} = multiple_saves.txt</msg>
<var>${filename}</var>
<status status="PASS" start="2025-04-29T14:08:11.699662" elapsed="0.010601"/>
</kw>
<kw name="Click Button" owner="SeleniumLibrary">
<msg time="2025-04-29T14:08:11.711072" level="INFO">Clicking button 'xpath=//button[contains(., 'Save')]'.</msg>
<arg>${selectors.text_editor.save_button}</arg>
<doc>Clicks the button identified by ``locator``.</doc>
<status status="PASS" start="2025-04-29T14:08:11.710489" elapsed="0.068541"/>
</kw>
<kw name="Wait Until Element Is Visible" owner="SeleniumLibrary">
<arg>${selectors.text_editor.save_success_message}</arg>
<arg>${timeouts.element_visible}</arg>
<doc>Waits until the element ``locator`` is visible.</doc>
<status status="PASS" start="2025-04-29T14:08:11.779226" elapsed="0.015421"/>
</kw>
<kw name="Wait Until Created" owner="OperatingSystem">
<msg time="2025-04-29T14:08:11.795160" level="INFO" html="true">'&lt;a href="file:///home/nguyenvh/Sync/3a/stage_stet/projet_dho/robot-report-generator/test_downloads/multiple_saves.txt"&gt;/home/nguyenvh/Sync/3a/stage_stet/projet_dho/robot-report-generator/test_downloads/multiple_saves.txt&lt;/a&gt;' was created.</msg>
<arg>${DOWNLOAD_DIR}/${filename}</arg>
<arg>timeout=5s</arg>
<doc>Waits until the given file or directory is created.</doc>
<status status="PASS" start="2025-04-29T14:08:11.794857" elapsed="0.000362"/>
</kw>
<kw name="Log" owner="BuiltIn">
<msg time="2025-04-29T14:08:11.795524" level="INFO">File downloaded to /home/nguyenvh/Sync/3a/stage_stet/projet_dho/robot-report-generator/test_downloads/multiple_saves.txt</msg>
<arg>File downloaded to ${DOWNLOAD_DIR}/${filename}</arg>
<doc>Logs the given message with the given level.</doc>
<status status="PASS" start="2025-04-29T14:08:11.795347" elapsed="0.000236"/>
</kw>
<doc>Saves the document and verifies the download was triggered</doc>
<status status="PASS" start="2025-04-29T14:08:11.688416" elapsed="0.107258"/>
</kw>
<kw name="Verify Content Is" owner="text_editor_keywords">
<kw name="Get Editor Content" owner="text_editor_keywords">
<kw name="Get Value" owner="SeleniumLibrary">
<msg time="2025-04-29T14:08:11.808597" level="INFO">${content} = Second save</msg>
<var>${content}</var>
<arg>${selectors.text_editor.content_textarea}</arg>
<doc>Returns the value attribute of the element identified by ``locator``.</doc>
<status status="PASS" start="2025-04-29T14:08:11.796535" elapsed="0.012114"/>
</kw>
<return>
<value>${content}</value>
<status status="PASS" start="2025-04-29T14:08:11.808752" elapsed="0.000054"/>
</return>
<msg time="2025-04-29T14:08:11.808945" level="INFO">${actual} = Second save</msg>
<var>${actual}</var>
<status status="PASS" start="2025-04-29T14:08:11.796273" elapsed="0.012695"/>
</kw>
<kw name="Should Be Equal" owner="BuiltIn">
<arg>${actual}</arg>
<arg>${expected}</arg>
<doc>Fails if the given objects are unequal.</doc>
<status status="PASS" start="2025-04-29T14:08:11.809094" elapsed="0.000196"/>
</kw>
<arg>Second save</arg>
<status status="PASS" start="2025-04-29T14:08:11.795912" elapsed="0.013443"/>
</kw>
<kw name="Set Content" owner="text_editor_keywords">
<kw name="Input Text" owner="SeleniumLibrary">
<msg time="2025-04-29T14:08:11.810151" level="INFO">Typing text 'Third save' into text field 'css=textarea'.</msg>
<arg>${selectors.text_editor.content_textarea}</arg>
<arg>${content}</arg>
<doc>Types the given ``text`` into the text field identified by ``locator``.</doc>
<status status="PASS" start="2025-04-29T14:08:11.809747" elapsed="0.055491"/>
</kw>
<arg>Third save</arg>
<status status="PASS" start="2025-04-29T14:08:11.809519" elapsed="0.055849"/>
</kw>
<kw name="Save Document" owner="text_editor_keywords">
<kw name="Get Editor Content" owner="text_editor_keywords">
<kw name="Get Value" owner="SeleniumLibrary">
<msg time="2025-04-29T14:08:11.875224" level="INFO">${content} = Third save</msg>
<var>${content}</var>
<arg>${selectors.text_editor.content_textarea}</arg>
<doc>Returns the value attribute of the element identified by ``locator``.</doc>
<status status="PASS" start="2025-04-29T14:08:11.866280" elapsed="0.008988"/>
</kw>
<return>
<value>${content}</value>
<status status="PASS" start="2025-04-29T14:08:11.875359" elapsed="0.000056"/>
</return>
<msg time="2025-04-29T14:08:11.875553" level="INFO">${content} = Third save</msg>
<var>${content}</var>
<status status="PASS" start="2025-04-29T14:08:11.866074" elapsed="0.009503"/>
</kw>
<kw name="Get File Name" owner="text_editor_keywords">
<kw name="Get Value" owner="SeleniumLibrary">
<msg time="2025-04-29T14:08:11.886026" level="INFO">${filename} = multiple_saves.txt</msg>
<var>${filename}</var>
<arg>${selectors.text_editor.filename_input}</arg>
<doc>Returns the value attribute of the element identified by ``locator``.</doc>
<status status="PASS" start="2025-04-29T14:08:11.876064" elapsed="0.010012"/>
</kw>
<return>
<value>${filename}</value>
<status status="PASS" start="2025-04-29T14:08:11.886163" elapsed="0.000055"/>
</return>
<msg time="2025-04-29T14:08:11.886359" level="INFO">${filename} = multiple_saves.txt</msg>
<var>${filename}</var>
<status status="PASS" start="2025-04-29T14:08:11.875753" elapsed="0.010751"/>
</kw>
<kw name="Click Button" owner="SeleniumLibrary">
<msg time="2025-04-29T14:08:11.887465" level="INFO">Clicking button 'xpath=//button[contains(., 'Save')]'.</msg>
<arg>${selectors.text_editor.save_button}</arg>
<doc>Clicks the button identified by ``locator``.</doc>
<status status="PASS" start="2025-04-29T14:08:11.886769" elapsed="0.041376"/>
</kw>
<kw name="Wait Until Element Is Visible" owner="SeleniumLibrary">
<arg>${selectors.text_editor.save_success_message}</arg>
<arg>${timeouts.element_visible}</arg>
<doc>Waits until the element ``locator`` is visible.</doc>
<status status="PASS" start="2025-04-29T14:08:11.928417" elapsed="0.008913"/>
</kw>
<kw name="Wait Until Created" owner="OperatingSystem">
<msg time="2025-04-29T14:08:11.937850" level="INFO" html="true">'&lt;a href="file:///home/nguyenvh/Sync/3a/stage_stet/projet_dho/robot-report-generator/test_downloads/multiple_saves.txt"&gt;/home/nguyenvh/Sync/3a/stage_stet/projet_dho/robot-report-generator/test_downloads/multiple_saves.txt&lt;/a&gt;' was created.</msg>
<arg>${DOWNLOAD_DIR}/${filename}</arg>
<arg>timeout=5s</arg>
<doc>Waits until the given file or directory is created.</doc>
<status status="PASS" start="2025-04-29T14:08:11.937537" elapsed="0.000367"/>
</kw>
<kw name="Log" owner="BuiltIn">
<msg time="2025-04-29T14:08:11.938161" level="INFO">File downloaded to /home/nguyenvh/Sync/3a/stage_stet/projet_dho/robot-report-generator/test_downloads/multiple_saves.txt</msg>
<arg>File downloaded to ${DOWNLOAD_DIR}/${filename}</arg>
<doc>Logs the given message with the given level.</doc>
<status status="PASS" start="2025-04-29T14:08:11.938021" elapsed="0.000177"/>
</kw>
<doc>Saves the document and verifies the download was triggered</doc>
<status status="PASS" start="2025-04-29T14:08:11.865692" elapsed="0.072568"/>
</kw>
<kw name="Verify Content Is" owner="text_editor_keywords">
<kw name="Get Editor Content" owner="text_editor_keywords">
<kw name="Get Value" owner="SeleniumLibrary">
<msg time="2025-04-29T14:08:11.944967" level="INFO">${content} = Third save</msg>
<var>${content}</var>
<arg>${selectors.text_editor.content_textarea}</arg>
<doc>Returns the value attribute of the element identified by ``locator``.</doc>
<status status="PASS" start="2025-04-29T14:08:11.939031" elapsed="0.005993"/>
</kw>
<return>
<value>${content}</value>
<status status="PASS" start="2025-04-29T14:08:11.945131" elapsed="0.000054"/>
</return>
<msg time="2025-04-29T14:08:11.945326" level="INFO">${actual} = Third save</msg>
<var>${actual}</var>
<status status="PASS" start="2025-04-29T14:08:11.938855" elapsed="0.006494"/>
</kw>
<kw name="Should Be Equal" owner="BuiltIn">
<arg>${actual}</arg>
<arg>${expected}</arg>
<doc>Fails if the given objects are unequal.</doc>
<status status="PASS" start="2025-04-29T14:08:11.945475" elapsed="0.000212"/>
</kw>
<arg>Third save</arg>
<status status="PASS" start="2025-04-29T14:08:11.938420" elapsed="0.007371"/>
</kw>
<kw name="Close Text Editor Application" owner="text_editor_keywords" type="TEARDOWN">
<kw name="Close Browser" owner="SeleniumLibrary">
<doc>Closes the current browser.</doc>
<status status="PASS" start="2025-04-29T14:08:11.946352" elapsed="0.055668"/>
</kw>
<status status="PASS" start="2025-04-29T14:08:11.946114" elapsed="0.056094"/>
</kw>
<doc>Test saving document multiple times</doc>
<status status="PASS" start="2025-04-29T14:08:10.465514" elapsed="1.536788"/>
</test>
<status status="PASS" start="2025-04-29T14:07:47.185222" elapsed="24.817421"/>
</suite>
<status status="PASS" start="2025-04-29T14:07:20.460110" elapsed="51.543143"/>
</suite>
<statistics>
<total>
<stat pass="40" fail="0" skip="0">All Tests</stat>
</total>
<tag>
</tag>
<suite>
<stat name="Todo Tests &amp; Check Application &amp; Text Editor Tests" id="s1" pass="40" fail="0" skip="0">Todo Tests &amp; Check Application &amp; Text Editor Tests</stat>
<stat name="Todo Tests" id="s1-s1" pass="19" fail="0" skip="0">Todo Tests &amp; Check Application &amp; Text Editor Tests.Todo Tests</stat>
<stat name="Check Application" id="s1-s2" pass="1" fail="0" skip="0">Todo Tests &amp; Check Application &amp; Text Editor Tests.Check Application</stat>
<stat name="Text Editor Tests" id="s1-s3" pass="20" fail="0" skip="0">Todo Tests &amp; Check Application &amp; Text Editor Tests.Text Editor Tests</stat>
</suite>
</statistics>
<errors>
</errors>
</robot>
