<?xml version="1.0" encoding="UTF-8"?>
<robot generator="Robot 7.2.2 (Python 3.10.12 on linux)" generated="2025-04-29T16:05:29.567665" rpa="false" schemaversion="5">
<suite id="s1" name="Calculator Tests" source="/home/nguyenvh/Sync/3a/stage_stet/projet_dho/robot-report-generator/tests/calculator_tests.robot">
<test id="s1-t1" name="Basic Arithmetic Operations" line="7">
<kw name="Open Calculator" owner="calculator_keywords" type="SETUP">
<kw name="Open Browser" owner="SeleniumLibrary">
<msg time="2025-04-29T16:05:29.694920" level="INFO">Opening browser 'chrome' to base url 'http://localhost:3000'.</msg>
<arg>${app.url}</arg>
<arg>chrome</arg>
<doc>Opens a new browser instance to the optional ``url``.</doc>
<status status="PASS" start="2025-04-29T16:05:29.694470" elapsed="0.816735"/>
</kw>
<kw name="Click Element" owner="SeleniumLibrary">
<msg time="2025-04-29T16:05:30.512835" level="INFO">Clicking element 'xpath=//button[contains(text(), 'Calculator')]'.</msg>
<arg>${selectors.header.calculator_button}</arg>
<doc>Click the element identified by ``locator``.</doc>
<status status="PASS" start="2025-04-29T16:05:30.511554" elapsed="0.094293"/>
</kw>
<kw name="Wait Until Page Contains Element" owner="SeleniumLibrary">
<arg>${selectors.calculator.calculator}</arg>
<doc>Waits until the element ``locator`` appears on the current page.</doc>
<status status="PASS" start="2025-04-29T16:05:30.606044" elapsed="0.007660"/>
</kw>
<kw name="Log" owner="BuiltIn">
<msg time="2025-04-29T16:05:30.614057" level="INFO">Opened calculator application</msg>
<arg>Opened calculator application</arg>
<doc>Logs the given message with the given level.</doc>
<status status="PASS" start="2025-04-29T16:05:30.613908" elapsed="0.000194"/>
</kw>
<status status="PASS" start="2025-04-29T16:05:29.693815" elapsed="0.920365"/>
</kw>
<kw name="Test Basic Operation">
<kw name="Click Clear" owner="calculator_keywords">
<kw name="Click Element" owner="SeleniumLibrary">
<msg time="2025-04-29T16:05:30.615232" level="INFO">Clicking element 'css=[data-testid='clear-button']'.</msg>
<arg>${selectors.calculator.clear_button}</arg>
<doc>Click the element identified by ``locator``.</doc>
<status status="PASS" start="2025-04-29T16:05:30.614857" elapsed="0.033410"/>
</kw>
<kw name="Log" owner="BuiltIn">
<msg time="2025-04-29T16:05:30.648610" level="INFO">Clicked clear button</msg>
<arg>Clicked clear button</arg>
<doc>Logs the given message with the given level.</doc>
<status status="PASS" start="2025-04-29T16:05:30.648459" elapsed="0.000197"/>
</kw>
<status status="PASS" start="2025-04-29T16:05:30.614658" elapsed="0.034073"/>
</kw>
<kw name="Perform Calculation" owner="calculator_keywords">
<kw name="Click Number" owner="calculator_keywords">
<kw name="Split String To Characters" owner="String">
<msg time="2025-04-29T16:05:30.649594" level="INFO">${digits} = ['2']</msg>
<var>${digits}</var>
<arg>${number}</arg>
<doc>Splits the given ``string`` to characters.</doc>
<status status="PASS" start="2025-04-29T16:05:30.649457" elapsed="0.000163"/>
</kw>
<for flavor="IN">
<iter>
<kw name="Format String" owner="String">
<msg time="2025-04-29T16:05:30.650274" level="INFO">${button_locator} = css=[data-testid='number-2']</msg>
<var>${button_locator}</var>
<arg>${selectors.calculator.number_button}</arg>
<arg>${digit}</arg>
<doc>Formats a ``template`` using the given ``positional`` and ``named`` arguments.</doc>
<status status="PASS" start="2025-04-29T16:05:30.649894" elapsed="0.000405"/>
</kw>
<kw name="Click Element" owner="SeleniumLibrary">
<msg time="2025-04-29T16:05:30.650551" level="INFO">Clicking element 'css=[data-testid='number-2']'.</msg>
<arg>${button_locator}</arg>
<doc>Click the element identified by ``locator``.</doc>
<status status="PASS" start="2025-04-29T16:05:30.650399" elapsed="0.032401"/>
</kw>
<var name="${digit}">2</var>
<status status="PASS" start="2025-04-29T16:05:30.649809" elapsed="0.033084"/>
</iter>
<var>${digit}</var>
<value>@{digits}</value>
<status status="PASS" start="2025-04-29T16:05:30.649682" elapsed="0.033258"/>
</for>
<kw name="Log" owner="BuiltIn">
<msg time="2025-04-29T16:05:30.683301" level="INFO">Clicked number: 2</msg>
<arg>Clicked number: ${number}</arg>
<doc>Logs the given message with the given level.</doc>
<status status="PASS" start="2025-04-29T16:05:30.683096" elapsed="0.000262"/>
</kw>
<arg>${num1}</arg>
<status status="PASS" start="2025-04-29T16:05:30.649233" elapsed="0.034196"/>
</kw>
<kw name="Click Operator" owner="calculator_keywords">
<kw name="Create Dictionary" owner="BuiltIn">
<msg time="2025-04-29T16:05:30.684010" level="INFO">${operator_map} = {'+': 'add', '-': 'subtract', '*': 'multiply', '/': 'divide'}</msg>
<var>${operator_map}</var>
<arg>+=add</arg>
<arg>-=subtract</arg>
<arg>*=multiply</arg>
<arg>/=divide</arg>
<doc>Creates and returns a dictionary based on the given ``items``.</doc>
<status status="PASS" start="2025-04-29T16:05:30.683830" elapsed="0.000206"/>
</kw>
<kw name="Get From Dictionary" owner="Collections">
<msg time="2025-04-29T16:05:30.684382" level="INFO">${operator_key} = add</msg>
<var>${operator_key}</var>
<arg>${operator_map}</arg>
<arg>${operator}</arg>
<doc>Returns a value from the given ``dictionary`` based on the given ``key``.</doc>
<status status="PASS" start="2025-04-29T16:05:30.684130" elapsed="0.000275"/>
</kw>
<kw name="Format String" owner="String">
<msg time="2025-04-29T16:05:30.684862" level="INFO">${button_locator} = css=[data-testid='operator-add']</msg>
<var>${button_locator}</var>
<arg>${selectors.calculator.operator_button}</arg>
<arg>${operator_key}</arg>
<doc>Formats a ``template`` using the given ``positional`` and ``named`` arguments.</doc>
<status status="PASS" start="2025-04-29T16:05:30.684493" elapsed="0.000394"/>
</kw>
<kw name="Click Element" owner="SeleniumLibrary">
<msg time="2025-04-29T16:05:30.685141" level="INFO">Clicking element 'css=[data-testid='operator-add']'.</msg>
<arg>${button_locator}</arg>
<doc>Click the element identified by ``locator``.</doc>
<status status="PASS" start="2025-04-29T16:05:30.684985" elapsed="0.030832"/>
</kw>
<kw name="Log" owner="BuiltIn">
<msg time="2025-04-29T16:05:30.716204" level="INFO">Clicked operator: +</msg>
<arg>Clicked operator: ${operator}</arg>
<doc>Logs the given message with the given level.</doc>
<status status="PASS" start="2025-04-29T16:05:30.716010" elapsed="0.000241"/>
</kw>
<arg>${operator}</arg>
<status status="PASS" start="2025-04-29T16:05:30.683573" elapsed="0.032745"/>
</kw>
<kw name="Click Number" owner="calculator_keywords">
<kw name="Split String To Characters" owner="String">
<msg time="2025-04-29T16:05:30.716903" level="INFO">${digits} = ['3']</msg>
<var>${digits}</var>
<arg>${number}</arg>
<doc>Splits the given ``string`` to characters.</doc>
<status status="PASS" start="2025-04-29T16:05:30.716759" elapsed="0.000169"/>
</kw>
<for flavor="IN">
<iter>
<kw name="Format String" owner="String">
<msg time="2025-04-29T16:05:30.717560" level="INFO">${button_locator} = css=[data-testid='number-3']</msg>
<var>${button_locator}</var>
<arg>${selectors.calculator.number_button}</arg>
<arg>${digit}</arg>
<doc>Formats a ``template`` using the given ``positional`` and ``named`` arguments.</doc>
<status status="PASS" start="2025-04-29T16:05:30.717176" elapsed="0.000409"/>
</kw>
<kw name="Click Element" owner="SeleniumLibrary">
<msg time="2025-04-29T16:05:30.717869" level="INFO">Clicking element 'css=[data-testid='number-3']'.</msg>
<arg>${button_locator}</arg>
<doc>Click the element identified by ``locator``.</doc>
<status status="PASS" start="2025-04-29T16:05:30.717684" elapsed="0.031956"/>
</kw>
<var name="${digit}">3</var>
<status status="PASS" start="2025-04-29T16:05:30.717099" elapsed="0.032636"/>
</iter>
<var>${digit}</var>
<value>@{digits}</value>
<status status="PASS" start="2025-04-29T16:05:30.716986" elapsed="0.032796"/>
</for>
<kw name="Log" owner="BuiltIn">
<msg time="2025-04-29T16:05:30.750129" level="INFO">Clicked number: 3</msg>
<arg>Clicked number: ${number}</arg>
<doc>Logs the given message with the given level.</doc>
<status status="PASS" start="2025-04-29T16:05:30.749929" elapsed="0.000246"/>
</kw>
<arg>${num2}</arg>
<status status="PASS" start="2025-04-29T16:05:30.716487" elapsed="0.033755"/>
</kw>
<kw name="Click Equals" owner="calculator_keywords">
<kw name="Click Element" owner="SeleniumLibrary">
<msg time="2025-04-29T16:05:30.751080" level="INFO">Clicking element 'css=[data-testid='equals-button']'.</msg>
<arg>${selectors.calculator.equals_button}</arg>
<doc>Click the element identified by ``locator``.</doc>
<status status="PASS" start="2025-04-29T16:05:30.750682" elapsed="0.040600"/>
</kw>
<kw name="Log" owner="BuiltIn">
<msg time="2025-04-29T16:05:30.791772" level="INFO">Clicked equals button</msg>
<arg>Clicked equals button</arg>
<doc>Logs the given message with the given level.</doc>
<status status="PASS" start="2025-04-29T16:05:30.791579" elapsed="0.000244"/>
</kw>
<status status="PASS" start="2025-04-29T16:05:30.750456" elapsed="0.041440"/>
</kw>
<kw name="Log" owner="BuiltIn">
<msg time="2025-04-29T16:05:30.792162" level="INFO">Performed calculation: 2 + 3</msg>
<arg>Performed calculation: ${num1} ${operator} ${num2}</arg>
<doc>Logs the given message with the given level.</doc>
<status status="PASS" start="2025-04-29T16:05:30.791990" elapsed="0.000217"/>
</kw>
<arg>${num1}</arg>
<arg>${operator}</arg>
<arg>${num2}</arg>
<status status="PASS" start="2025-04-29T16:05:30.648871" elapsed="0.143401"/>
</kw>
<kw name="Verify Calculator State" owner="calculator_keywords">
<kw name="Verify Display Shows" owner="calculator_keywords">
<kw name="Wait Until Page Contains Element" owner="SeleniumLibrary">
<arg>${selectors.calculator.display}</arg>
<doc>Waits until the element ``locator`` appears on the current page.</doc>
<status status="PASS" start="2025-04-29T16:05:30.793177" elapsed="0.006953"/>
</kw>
<kw name="Get Text" owner="SeleniumLibrary">
<msg time="2025-04-29T16:05:30.813346" level="INFO">${actual_value} = 5</msg>
<var>${actual_value}</var>
<arg>${selectors.calculator.display}</arg>
<doc>Returns the text value of the element identified by ``locator``.</doc>
<status status="PASS" start="2025-04-29T16:05:30.800308" elapsed="0.013087"/>
</kw>
<kw name="Should Be Equal As Strings" owner="BuiltIn">
<arg>${actual_value}</arg>
<arg>${expected_value}</arg>
<doc>Fails if objects are unequal after converting them to strings.</doc>
<status status="PASS" start="2025-04-29T16:05:30.813565" elapsed="0.000259"/>
</kw>
<kw name="Log" owner="BuiltIn">
<msg time="2025-04-29T16:05:30.814060" level="INFO">Verified display shows: 5</msg>
<arg>Verified display shows: ${expected_value}</arg>
<doc>Logs the given message with the given level.</doc>
<status status="PASS" start="2025-04-29T16:05:30.813937" elapsed="0.000162"/>
</kw>
<arg>${expected_display}</arg>
<status status="PASS" start="2025-04-29T16:05:30.792952" elapsed="0.021207"/>
</kw>
<kw name="Run Keyword If" owner="BuiltIn">
<arg>'${expected_equation}' != '${EMPTY}'</arg>
<arg>Verify Equation Shows</arg>
<arg>${expected_equation}</arg>
<doc>Runs the given keyword with the given arguments, if ``condition`` is true.</doc>
<status status="PASS" start="2025-04-29T16:05:30.814248" elapsed="0.000382"/>
</kw>
<kw name="Log" owner="BuiltIn">
<msg time="2025-04-29T16:05:30.814870" level="INFO">Verified calculator state - Display: 5, Equation: </msg>
<arg>Verified calculator state - Display: ${expected_display}, Equation: ${expected_equation}</arg>
<doc>Logs the given message with the given level.</doc>
<status status="PASS" start="2025-04-29T16:05:30.814739" elapsed="0.000167"/>
</kw>
<arg>${expected}</arg>
<status status="PASS" start="2025-04-29T16:05:30.792407" elapsed="0.022554"/>
</kw>
<arg>2</arg>
<arg>+</arg>
<arg>3</arg>
<arg>5</arg>
<status status="PASS" start="2025-04-29T16:05:30.614376" elapsed="0.200634"/>
</kw>
<kw name="Test Basic Operation">
<kw name="Click Clear" owner="calculator_keywords">
<kw name="Click Element" owner="SeleniumLibrary">
<msg time="2025-04-29T16:05:30.815950" level="INFO">Clicking element 'css=[data-testid='clear-button']'.</msg>
<arg>${selectors.calculator.clear_button}</arg>
<doc>Click the element identified by ``locator``.</doc>
<status status="PASS" start="2025-04-29T16:05:30.815588" elapsed="0.032002"/>
</kw>
<kw name="Log" owner="BuiltIn">
<msg time="2025-04-29T16:05:30.847953" level="INFO">Clicked clear button</msg>
<arg>Clicked clear button</arg>
<doc>Logs the given message with the given level.</doc>
<status status="PASS" start="2025-04-29T16:05:30.847799" elapsed="0.000205"/>
</kw>
<status status="PASS" start="2025-04-29T16:05:30.815421" elapsed="0.032670"/>
</kw>
<kw name="Perform Calculation" owner="calculator_keywords">
<kw name="Click Number" owner="calculator_keywords">
<kw name="Split String To Characters" owner="String">
<msg time="2025-04-29T16:05:30.849094" level="INFO">${digits} = ['8']</msg>
<var>${digits}</var>
<arg>${number}</arg>
<doc>Splits the given ``string`` to characters.</doc>
<status status="PASS" start="2025-04-29T16:05:30.848947" elapsed="0.000174"/>
</kw>
<for flavor="IN">
<iter>
<kw name="Format String" owner="String">
<msg time="2025-04-29T16:05:30.849744" level="INFO">${button_locator} = css=[data-testid='number-8']</msg>
<var>${button_locator}</var>
<arg>${selectors.calculator.number_button}</arg>
<arg>${digit}</arg>
<doc>Formats a ``template`` using the given ``positional`` and ``named`` arguments.</doc>
<status status="PASS" start="2025-04-29T16:05:30.849368" elapsed="0.000402"/>
</kw>
<kw name="Click Element" owner="SeleniumLibrary">
<msg time="2025-04-29T16:05:30.850024" level="INFO">Clicking element 'css=[data-testid='number-8']'.</msg>
<arg>${button_locator}</arg>
<doc>Click the element identified by ``locator``.</doc>
<status status="PASS" start="2025-04-29T16:05:30.849868" elapsed="0.037468"/>
</kw>
<var name="${digit}">8</var>
<status status="PASS" start="2025-04-29T16:05:30.849292" elapsed="0.038138"/>
</iter>
<var>${digit}</var>
<value>@{digits}</value>
<status status="PASS" start="2025-04-29T16:05:30.849179" elapsed="0.038297"/>
</for>
<kw name="Log" owner="BuiltIn">
<msg time="2025-04-29T16:05:30.887901" level="INFO">Clicked number: 8</msg>
<arg>Clicked number: ${number}</arg>
<doc>Logs the given message with the given level.</doc>
<status status="PASS" start="2025-04-29T16:05:30.887651" elapsed="0.000302"/>
</kw>
<arg>${num1}</arg>
<status status="PASS" start="2025-04-29T16:05:30.848606" elapsed="0.039419"/>
</kw>
<kw name="Click Operator" owner="calculator_keywords">
<kw name="Create Dictionary" owner="BuiltIn">
<msg time="2025-04-29T16:05:30.888612" level="INFO">${operator_map} = {'+': 'add', '-': 'subtract', '*': 'multiply', '/': 'divide'}</msg>
<var>${operator_map}</var>
<arg>+=add</arg>
<arg>-=subtract</arg>
<arg>*=multiply</arg>
<arg>/=divide</arg>
<doc>Creates and returns a dictionary based on the given ``items``.</doc>
<status status="PASS" start="2025-04-29T16:05:30.888429" elapsed="0.000209"/>
</kw>
<kw name="Get From Dictionary" owner="Collections">
<msg time="2025-04-29T16:05:30.888899" level="INFO">${operator_key} = subtract</msg>
<var>${operator_key}</var>
<arg>${operator_map}</arg>
<arg>${operator}</arg>
<doc>Returns a value from the given ``dictionary`` based on the given ``key``.</doc>
<status status="PASS" start="2025-04-29T16:05:30.888740" elapsed="0.000182"/>
</kw>
<kw name="Format String" owner="String">
<msg time="2025-04-29T16:05:30.889391" level="INFO">${button_locator} = css=[data-testid='operator-subtract']</msg>
<var>${button_locator}</var>
<arg>${selectors.calculator.operator_button}</arg>
<arg>${operator_key}</arg>
<doc>Formats a ``template`` using the given ``positional`` and ``named`` arguments.</doc>
<status status="PASS" start="2025-04-29T16:05:30.889009" elapsed="0.000407"/>
</kw>
<kw name="Click Element" owner="SeleniumLibrary">
<msg time="2025-04-29T16:05:30.889675" level="INFO">Clicking element 'css=[data-testid='operator-subtract']'.</msg>
<arg>${button_locator}</arg>
<doc>Click the element identified by ``locator``.</doc>
<status status="PASS" start="2025-04-29T16:05:30.889512" elapsed="0.036913"/>
</kw>
<kw name="Log" owner="BuiltIn">
<msg time="2025-04-29T16:05:30.926861" level="INFO">Clicked operator: -</msg>
<arg>Clicked operator: ${operator}</arg>
<doc>Logs the given message with the given level.</doc>
<status status="PASS" start="2025-04-29T16:05:30.926631" elapsed="0.000280"/>
</kw>
<arg>${operator}</arg>
<status status="PASS" start="2025-04-29T16:05:30.888176" elapsed="0.038873"/>
</kw>
<kw name="Click Number" owner="calculator_keywords">
<kw name="Split String To Characters" owner="String">
<msg time="2025-04-29T16:05:30.927623" level="INFO">${digits} = ['3']</msg>
<var>${digits}</var>
<arg>${number}</arg>
<doc>Splits the given ``string`` to characters.</doc>
<status status="PASS" start="2025-04-29T16:05:30.927485" elapsed="0.000163"/>
</kw>
<for flavor="IN">
<iter>
<kw name="Format String" owner="String">
<msg time="2025-04-29T16:05:30.928330" level="INFO">${button_locator} = css=[data-testid='number-3']</msg>
<var>${button_locator}</var>
<arg>${selectors.calculator.number_button}</arg>
<arg>${digit}</arg>
<doc>Formats a ``template`` using the given ``positional`` and ``named`` arguments.</doc>
<status status="PASS" start="2025-04-29T16:05:30.927918" elapsed="0.000442"/>
</kw>
<kw name="Click Element" owner="SeleniumLibrary">
<msg time="2025-04-29T16:05:30.928649" level="INFO">Clicking element 'css=[data-testid='number-3']'.</msg>
<arg>${button_locator}</arg>
<doc>Click the element identified by ``locator``.</doc>
<status status="PASS" start="2025-04-29T16:05:30.928471" elapsed="0.030660"/>
</kw>
<var name="${digit}">3</var>
<status status="PASS" start="2025-04-29T16:05:30.927831" elapsed="0.031416"/>
</iter>
<var>${digit}</var>
<value>@{digits}</value>
<status status="PASS" start="2025-04-29T16:05:30.927704" elapsed="0.031607"/>
</for>
<kw name="Log" owner="BuiltIn">
<msg time="2025-04-29T16:05:30.959797" level="INFO">Clicked number: 3</msg>
<arg>Clicked number: ${number}</arg>
<doc>Logs the given message with the given level.</doc>
<status status="PASS" start="2025-04-29T16:05:30.959516" elapsed="0.000349"/>
</kw>
<arg>${num2}</arg>
<status status="PASS" start="2025-04-29T16:05:30.927231" elapsed="0.032730"/>
</kw>
<kw name="Click Equals" owner="calculator_keywords">
<kw name="Click Element" owner="SeleniumLibrary">
<msg time="2025-04-29T16:05:30.960896" level="INFO">Clicking element 'css=[data-testid='equals-button']'.</msg>
<arg>${selectors.calculator.equals_button}</arg>
<doc>Click the element identified by ``locator``.</doc>
<status status="PASS" start="2025-04-29T16:05:30.960447" elapsed="0.032863"/>
</kw>
<kw name="Log" owner="BuiltIn">
<msg time="2025-04-29T16:05:30.993849" level="INFO">Clicked equals button</msg>
<arg>Clicked equals button</arg>
<doc>Logs the given message with the given level.</doc>
<status status="PASS" start="2025-04-29T16:05:30.993591" elapsed="0.000342"/>
</kw>
<status status="PASS" start="2025-04-29T16:05:30.960150" elapsed="0.033895"/>
</kw>
<kw name="Log" owner="BuiltIn">
<msg time="2025-04-29T16:05:30.994450" level="INFO">Performed calculation: 8 - 3</msg>
<arg>Performed calculation: ${num1} ${operator} ${num2}</arg>
<doc>Logs the given message with the given level.</doc>
<status status="PASS" start="2025-04-29T16:05:30.994191" elapsed="0.000324"/>
</kw>
<arg>${num1}</arg>
<arg>${operator}</arg>
<arg>${num2}</arg>
<status status="PASS" start="2025-04-29T16:05:30.848243" elapsed="0.146355"/>
</kw>
<kw name="Verify Calculator State" owner="calculator_keywords">
<kw name="Verify Display Shows" owner="calculator_keywords">
<kw name="Wait Until Page Contains Element" owner="SeleniumLibrary">
<arg>${selectors.calculator.display}</arg>
<doc>Waits until the element ``locator`` appears on the current page.</doc>
<status status="PASS" start="2025-04-29T16:05:30.995643" elapsed="0.004215"/>
</kw>
<kw name="Get Text" owner="SeleniumLibrary">
<msg time="2025-04-29T16:05:31.008674" level="INFO">${actual_value} = 5</msg>
<var>${actual_value}</var>
<arg>${selectors.calculator.display}</arg>
<doc>Returns the text value of the element identified by ``locator``.</doc>
<status status="PASS" start="2025-04-29T16:05:31.000022" elapsed="0.008722"/>
</kw>
<kw name="Should Be Equal As Strings" owner="BuiltIn">
<arg>${actual_value}</arg>
<arg>${expected_value}</arg>
<doc>Fails if objects are unequal after converting them to strings.</doc>
<status status="PASS" start="2025-04-29T16:05:31.008911" elapsed="0.000237"/>
</kw>
<kw name="Log" owner="BuiltIn">
<msg time="2025-04-29T16:05:31.009382" level="INFO">Verified display shows: 5</msg>
<arg>Verified display shows: ${expected_value}</arg>
<doc>Logs the given message with the given level.</doc>
<status status="PASS" start="2025-04-29T16:05:31.009257" elapsed="0.000164"/>
</kw>
<arg>${expected_display}</arg>
<status status="PASS" start="2025-04-29T16:05:30.995408" elapsed="0.014074"/>
</kw>
<kw name="Run Keyword If" owner="BuiltIn">
<arg>'${expected_equation}' != '${EMPTY}'</arg>
<arg>Verify Equation Shows</arg>
<arg>${expected_equation}</arg>
<doc>Runs the given keyword with the given arguments, if ``condition`` is true.</doc>
<status status="PASS" start="2025-04-29T16:05:31.009572" elapsed="0.000387"/>
</kw>
<kw name="Log" owner="BuiltIn">
<msg time="2025-04-29T16:05:31.010201" level="INFO">Verified calculator state - Display: 5, Equation: </msg>
<arg>Verified calculator state - Display: ${expected_display}, Equation: ${expected_equation}</arg>
<doc>Logs the given message with the given level.</doc>
<status status="PASS" start="2025-04-29T16:05:31.010062" elapsed="0.000177"/>
</kw>
<arg>${expected}</arg>
<status status="PASS" start="2025-04-29T16:05:30.994788" elapsed="0.015507"/>
</kw>
<arg>8</arg>
<arg>-</arg>
<arg>3</arg>
<arg>5</arg>
<status status="PASS" start="2025-04-29T16:05:30.815170" elapsed="0.195173"/>
</kw>
<kw name="Test Basic Operation">
<kw name="Click Clear" owner="calculator_keywords">
<kw name="Click Element" owner="SeleniumLibrary">
<msg time="2025-04-29T16:05:31.011415" level="INFO">Clicking element 'css=[data-testid='clear-button']'.</msg>
<arg>${selectors.calculator.clear_button}</arg>
<doc>Click the element identified by ``locator``.</doc>
<status status="PASS" start="2025-04-29T16:05:31.010938" elapsed="0.028301"/>
</kw>
<kw name="Log" owner="BuiltIn">
<msg time="2025-04-29T16:05:31.039649" level="INFO">Clicked clear button</msg>
<arg>Clicked clear button</arg>
<doc>Logs the given message with the given level.</doc>
<status status="PASS" start="2025-04-29T16:05:31.039480" elapsed="0.000217"/>
</kw>
<status status="PASS" start="2025-04-29T16:05:31.010764" elapsed="0.029014"/>
</kw>
<kw name="Perform Calculation" owner="calculator_keywords">
<kw name="Click Number" owner="calculator_keywords">
<kw name="Split String To Characters" owner="String">
<msg time="2025-04-29T16:05:31.040641" level="INFO">${digits} = ['4']</msg>
<var>${digits}</var>
<arg>${number}</arg>
<doc>Splits the given ``string`` to characters.</doc>
<status status="PASS" start="2025-04-29T16:05:31.040502" elapsed="0.000166"/>
</kw>
<for flavor="IN">
<iter>
<kw name="Format String" owner="String">
<msg time="2025-04-29T16:05:31.041351" level="INFO">${button_locator} = css=[data-testid='number-4']</msg>
<var>${button_locator}</var>
<arg>${selectors.calculator.number_button}</arg>
<arg>${digit}</arg>
<doc>Formats a ``template`` using the given ``positional`` and ``named`` arguments.</doc>
<status status="PASS" start="2025-04-29T16:05:31.040963" elapsed="0.000414"/>
</kw>
<kw name="Click Element" owner="SeleniumLibrary">
<msg time="2025-04-29T16:05:31.041653" level="INFO">Clicking element 'css=[data-testid='number-4']'.</msg>
<arg>${button_locator}</arg>
<doc>Click the element identified by ``locator``.</doc>
<status status="PASS" start="2025-04-29T16:05:31.041480" elapsed="0.036809"/>
</kw>
<var name="${digit}">4</var>
<status status="PASS" start="2025-04-29T16:05:31.040881" elapsed="0.037518"/>
</iter>
<var>${digit}</var>
<value>@{digits}</value>
<status status="PASS" start="2025-04-29T16:05:31.040743" elapsed="0.037700"/>
</for>
<kw name="Log" owner="BuiltIn">
<msg time="2025-04-29T16:05:31.078856" level="INFO">Clicked number: 4</msg>
<arg>Clicked number: ${number}</arg>
<doc>Logs the given message with the given level.</doc>
<status status="PASS" start="2025-04-29T16:05:31.078643" elapsed="0.000262"/>
</kw>
<arg>${num1}</arg>
<status status="PASS" start="2025-04-29T16:05:31.040285" elapsed="0.038688"/>
</kw>
<kw name="Click Operator" owner="calculator_keywords">
<kw name="Create Dictionary" owner="BuiltIn">
<msg time="2025-04-29T16:05:31.079652" level="INFO">${operator_map} = {'+': 'add', '-': 'subtract', '*': 'multiply', '/': 'divide'}</msg>
<var>${operator_map}</var>
<arg>+=add</arg>
<arg>-=subtract</arg>
<arg>*=multiply</arg>
<arg>/=divide</arg>
<doc>Creates and returns a dictionary based on the given ``items``.</doc>
<status status="PASS" start="2025-04-29T16:05:31.079464" elapsed="0.000217"/>
</kw>
<kw name="Get From Dictionary" owner="Collections">
<msg time="2025-04-29T16:05:31.079956" level="INFO">${operator_key} = multiply</msg>
<var>${operator_key}</var>
<arg>${operator_map}</arg>
<arg>${operator}</arg>
<doc>Returns a value from the given ``dictionary`` based on the given ``key``.</doc>
<status status="PASS" start="2025-04-29T16:05:31.079787" elapsed="0.000193"/>
</kw>
<kw name="Format String" owner="String">
<msg time="2025-04-29T16:05:31.080445" level="INFO">${button_locator} = css=[data-testid='operator-multiply']</msg>
<var>${button_locator}</var>
<arg>${selectors.calculator.operator_button}</arg>
<arg>${operator_key}</arg>
<doc>Formats a ``template`` using the given ``positional`` and ``named`` arguments.</doc>
<status status="PASS" start="2025-04-29T16:05:31.080068" elapsed="0.000401"/>
</kw>
<kw name="Click Element" owner="SeleniumLibrary">
<msg time="2025-04-29T16:05:31.080732" level="INFO">Clicking element 'css=[data-testid='operator-multiply']'.</msg>
<arg>${button_locator}</arg>
<doc>Click the element identified by ``locator``.</doc>
<status status="PASS" start="2025-04-29T16:05:31.080565" elapsed="0.035484"/>
</kw>
<kw name="Log" owner="BuiltIn">
<msg time="2025-04-29T16:05:31.116440" level="INFO">Clicked operator: *</msg>
<arg>Clicked operator: ${operator}</arg>
<doc>Logs the given message with the given level.</doc>
<status status="PASS" start="2025-04-29T16:05:31.116242" elapsed="0.000245"/>
</kw>
<arg>${operator}</arg>
<status status="PASS" start="2025-04-29T16:05:31.079190" elapsed="0.037366"/>
</kw>
<kw name="Click Number" owner="calculator_keywords">
<kw name="Split String To Characters" owner="String">
<msg time="2025-04-29T16:05:31.117123" level="INFO">${digits} = ['3']</msg>
<var>${digits}</var>
<arg>${number}</arg>
<doc>Splits the given ``string`` to characters.</doc>
<status status="PASS" start="2025-04-29T16:05:31.116973" elapsed="0.000177"/>
</kw>
<for flavor="IN">
<iter>
<kw name="Format String" owner="String">
<msg time="2025-04-29T16:05:31.117793" level="INFO">${button_locator} = css=[data-testid='number-3']</msg>
<var>${button_locator}</var>
<arg>${selectors.calculator.number_button}</arg>
<arg>${digit}</arg>
<doc>Formats a ``template`` using the given ``positional`` and ``named`` arguments.</doc>
<status status="PASS" start="2025-04-29T16:05:31.117399" elapsed="0.000422"/>
</kw>
<kw name="Click Element" owner="SeleniumLibrary">
<msg time="2025-04-29T16:05:31.118109" level="INFO">Clicking element 'css=[data-testid='number-3']'.</msg>
<arg>${button_locator}</arg>
<doc>Click the element identified by ``locator``.</doc>
<status status="PASS" start="2025-04-29T16:05:31.117940" elapsed="0.028784"/>
</kw>
<var name="${digit}">3</var>
<status status="PASS" start="2025-04-29T16:05:31.117323" elapsed="0.029494"/>
</iter>
<var>${digit}</var>
<value>@{digits}</value>
<status status="PASS" start="2025-04-29T16:05:31.117208" elapsed="0.029655"/>
</for>
<kw name="Log" owner="BuiltIn">
<msg time="2025-04-29T16:05:31.147245" level="INFO">Clicked number: 3</msg>
<arg>Clicked number: ${number}</arg>
<doc>Logs the given message with the given level.</doc>
<status status="PASS" start="2025-04-29T16:05:31.147010" elapsed="0.000303"/>
</kw>
<arg>${num2}</arg>
<status status="PASS" start="2025-04-29T16:05:31.116722" elapsed="0.030666"/>
</kw>
<kw name="Click Equals" owner="calculator_keywords">
<kw name="Click Element" owner="SeleniumLibrary">
<msg time="2025-04-29T16:05:31.148130" level="INFO">Clicking element 'css=[data-testid='equals-button']'.</msg>
<arg>${selectors.calculator.equals_button}</arg>
<doc>Click the element identified by ``locator``.</doc>
<status status="PASS" start="2025-04-29T16:05:31.147738" elapsed="0.031394"/>
</kw>
<kw name="Log" owner="BuiltIn">
<msg time="2025-04-29T16:05:31.179487" level="INFO">Clicked equals button</msg>
<arg>Clicked equals button</arg>
<doc>Logs the given message with the given level.</doc>
<status status="PASS" start="2025-04-29T16:05:31.179336" elapsed="0.000196"/>
</kw>
<status status="PASS" start="2025-04-29T16:05:31.147523" elapsed="0.032075"/>
</kw>
<kw name="Log" owner="BuiltIn">
<msg time="2025-04-29T16:05:31.179868" level="INFO">Performed calculation: 4 * 3</msg>
<arg>Performed calculation: ${num1} ${operator} ${num2}</arg>
<doc>Logs the given message with the given level.</doc>
<status status="PASS" start="2025-04-29T16:05:31.179685" elapsed="0.000220"/>
</kw>
<arg>${num1}</arg>
<arg>${operator}</arg>
<arg>${num2}</arg>
<status status="PASS" start="2025-04-29T16:05:31.039923" elapsed="0.140037"/>
</kw>
<kw name="Verify Calculator State" owner="calculator_keywords">
<kw name="Verify Display Shows" owner="calculator_keywords">
<kw name="Wait Until Page Contains Element" owner="SeleniumLibrary">
<arg>${selectors.calculator.display}</arg>
<doc>Waits until the element ``locator`` appears on the current page.</doc>
<status status="PASS" start="2025-04-29T16:05:31.180833" elapsed="0.004545"/>
</kw>
<kw name="Get Text" owner="SeleniumLibrary">
<msg time="2025-04-29T16:05:31.196160" level="INFO">${actual_value} = 12</msg>
<var>${actual_value}</var>
<arg>${selectors.calculator.display}</arg>
<doc>Returns the text value of the element identified by ``locator``.</doc>
<status status="PASS" start="2025-04-29T16:05:31.185552" elapsed="0.010681"/>
</kw>
<kw name="Should Be Equal As Strings" owner="BuiltIn">
<arg>${actual_value}</arg>
<arg>${expected_value}</arg>
<doc>Fails if objects are unequal after converting them to strings.</doc>
<status status="PASS" start="2025-04-29T16:05:31.196478" elapsed="0.000377"/>
</kw>
<kw name="Log" owner="BuiltIn">
<msg time="2025-04-29T16:05:31.197188" level="INFO">Verified display shows: 12</msg>
<arg>Verified display shows: ${expected_value}</arg>
<doc>Logs the given message with the given level.</doc>
<status status="PASS" start="2025-04-29T16:05:31.197010" elapsed="0.000231"/>
</kw>
<arg>${expected_display}</arg>
<status status="PASS" start="2025-04-29T16:05:31.180603" elapsed="0.016704"/>
</kw>
<kw name="Run Keyword If" owner="BuiltIn">
<arg>'${expected_equation}' != '${EMPTY}'</arg>
<arg>Verify Equation Shows</arg>
<arg>${expected_equation}</arg>
<doc>Runs the given keyword with the given arguments, if ``condition`` is true.</doc>
<status status="PASS" start="2025-04-29T16:05:31.197400" elapsed="0.000383"/>
</kw>
<kw name="Log" owner="BuiltIn">
<msg time="2025-04-29T16:05:31.198006" level="INFO">Verified calculator state - Display: 12, Equation: </msg>
<arg>Verified calculator state - Display: ${expected_display}, Equation: ${expected_equation}</arg>
<doc>Logs the given message with the given level.</doc>
<status status="PASS" start="2025-04-29T16:05:31.197878" elapsed="0.000166"/>
</kw>
<arg>${expected}</arg>
<status status="PASS" start="2025-04-29T16:05:31.180086" elapsed="0.018011"/>
</kw>
<arg>4</arg>
<arg>*</arg>
<arg>3</arg>
<arg>12</arg>
<status status="PASS" start="2025-04-29T16:05:31.010504" elapsed="0.187640"/>
</kw>
<kw name="Test Basic Operation">
<kw name="Click Clear" owner="calculator_keywords">
<kw name="Click Element" owner="SeleniumLibrary">
<msg time="2025-04-29T16:05:31.199097" level="INFO">Clicking element 'css=[data-testid='clear-button']'.</msg>
<arg>${selectors.calculator.clear_button}</arg>
<doc>Click the element identified by ``locator``.</doc>
<status status="PASS" start="2025-04-29T16:05:31.198732" elapsed="0.030330"/>
</kw>
<kw name="Log" owner="BuiltIn">
<msg time="2025-04-29T16:05:31.229401" level="INFO">Clicked clear button</msg>
<arg>Clicked clear button</arg>
<doc>Logs the given message with the given level.</doc>
<status status="PASS" start="2025-04-29T16:05:31.229254" elapsed="0.000190"/>
</kw>
<status status="PASS" start="2025-04-29T16:05:31.198558" elapsed="0.031018"/>
</kw>
<kw name="Perform Calculation" owner="calculator_keywords">
<kw name="Click Number" owner="calculator_keywords">
<kw name="Split String To Characters" owner="String">
<msg time="2025-04-29T16:05:31.230439" level="INFO">${digits} = ['1', '5']</msg>
<var>${digits}</var>
<arg>${number}</arg>
<doc>Splits the given ``string`` to characters.</doc>
<status status="PASS" start="2025-04-29T16:05:31.230306" elapsed="0.000162"/>
</kw>
<for flavor="IN">
<iter>
<kw name="Format String" owner="String">
<msg time="2025-04-29T16:05:31.231160" level="INFO">${button_locator} = css=[data-testid='number-1']</msg>
<var>${button_locator}</var>
<arg>${selectors.calculator.number_button}</arg>
<arg>${digit}</arg>
<doc>Formats a ``template`` using the given ``positional`` and ``named`` arguments.</doc>
<status status="PASS" start="2025-04-29T16:05:31.230771" elapsed="0.000417"/>
</kw>
<kw name="Click Element" owner="SeleniumLibrary">
<msg time="2025-04-29T16:05:31.231452" level="INFO">Clicking element 'css=[data-testid='number-1']'.</msg>
<arg>${button_locator}</arg>
<doc>Click the element identified by ``locator``.</doc>
<status status="PASS" start="2025-04-29T16:05:31.231292" elapsed="0.045687"/>
</kw>
<var name="${digit}">1</var>
<status status="PASS" start="2025-04-29T16:05:31.230682" elapsed="0.046387"/>
</iter>
<iter>
<kw name="Format String" owner="String">
<msg time="2025-04-29T16:05:31.277785" level="INFO">${button_locator} = css=[data-testid='number-5']</msg>
<var>${button_locator}</var>
<arg>${selectors.calculator.number_button}</arg>
<arg>${digit}</arg>
<doc>Formats a ``template`` using the given ``positional`` and ``named`` arguments.</doc>
<status status="PASS" start="2025-04-29T16:05:31.277331" elapsed="0.000486"/>
</kw>
<kw name="Click Element" owner="SeleniumLibrary">
<msg time="2025-04-29T16:05:31.278132" level="INFO">Clicking element 'css=[data-testid='number-5']'.</msg>
<arg>${button_locator}</arg>
<doc>Click the element identified by ``locator``.</doc>
<status status="PASS" start="2025-04-29T16:05:31.277937" elapsed="0.032394"/>
</kw>
<var name="${digit}">5</var>
<status status="PASS" start="2025-04-29T16:05:31.277205" elapsed="0.033217"/>
</iter>
<var>${digit}</var>
<value>@{digits}</value>
<status status="PASS" start="2025-04-29T16:05:31.230524" elapsed="0.079944"/>
</for>
<kw name="Log" owner="BuiltIn">
<msg time="2025-04-29T16:05:31.310824" level="INFO">Clicked number: 15</msg>
<arg>Clicked number: ${number}</arg>
<doc>Logs the given message with the given level.</doc>
<status status="PASS" start="2025-04-29T16:05:31.310614" elapsed="0.000258"/>
</kw>
<arg>${num1}</arg>
<status status="PASS" start="2025-04-29T16:05:31.230093" elapsed="0.080849"/>
</kw>
<kw name="Click Operator" owner="calculator_keywords">
<kw name="Create Dictionary" owner="BuiltIn">
<msg time="2025-04-29T16:05:31.311522" level="INFO">${operator_map} = {'+': 'add', '-': 'subtract', '*': 'multiply', '/': 'divide'}</msg>
<var>${operator_map}</var>
<arg>+=add</arg>
<arg>-=subtract</arg>
<arg>*=multiply</arg>
<arg>/=divide</arg>
<doc>Creates and returns a dictionary based on the given ``items``.</doc>
<status status="PASS" start="2025-04-29T16:05:31.311333" elapsed="0.000216"/>
</kw>
<kw name="Get From Dictionary" owner="Collections">
<msg time="2025-04-29T16:05:31.311819" level="INFO">${operator_key} = divide</msg>
<var>${operator_key}</var>
<arg>${operator_map}</arg>
<arg>${operator}</arg>
<doc>Returns a value from the given ``dictionary`` based on the given ``key``.</doc>
<status status="PASS" start="2025-04-29T16:05:31.311650" elapsed="0.000193"/>
</kw>
<kw name="Format String" owner="String">
<msg time="2025-04-29T16:05:31.312307" level="INFO">${button_locator} = css=[data-testid='operator-divide']</msg>
<var>${button_locator}</var>
<arg>${selectors.calculator.operator_button}</arg>
<arg>${operator_key}</arg>
<doc>Formats a ``template`` using the given ``positional`` and ``named`` arguments.</doc>
<status status="PASS" start="2025-04-29T16:05:31.311932" elapsed="0.000401"/>
</kw>
<kw name="Click Element" owner="SeleniumLibrary">
<msg time="2025-04-29T16:05:31.312581" level="INFO">Clicking element 'css=[data-testid='operator-divide']'.</msg>
<arg>${button_locator}</arg>
<doc>Click the element identified by ``locator``.</doc>
<status status="PASS" start="2025-04-29T16:05:31.312428" elapsed="0.047852"/>
</kw>
<kw name="Log" owner="BuiltIn">
<msg time="2025-04-29T16:05:31.360867" level="INFO">Clicked operator: /</msg>
<arg>Clicked operator: ${operator}</arg>
<doc>Logs the given message with the given level.</doc>
<status status="PASS" start="2025-04-29T16:05:31.360572" elapsed="0.000374"/>
</kw>
<arg>${operator}</arg>
<status status="PASS" start="2025-04-29T16:05:31.311085" elapsed="0.049970"/>
</kw>
<kw name="Click Number" owner="calculator_keywords">
<kw name="Split String To Characters" owner="String">
<msg time="2025-04-29T16:05:31.361908" level="INFO">${digits} = ['3']</msg>
<var>${digits}</var>
<arg>${number}</arg>
<doc>Splits the given ``string`` to characters.</doc>
<status status="PASS" start="2025-04-29T16:05:31.361681" elapsed="0.000263"/>
</kw>
<for flavor="IN">
<iter>
<kw name="Format String" owner="String">
<msg time="2025-04-29T16:05:31.362661" level="INFO">${button_locator} = css=[data-testid='number-3']</msg>
<var>${button_locator}</var>
<arg>${selectors.calculator.number_button}</arg>
<arg>${digit}</arg>
<doc>Formats a ``template`` using the given ``positional`` and ``named`` arguments.</doc>
<status status="PASS" start="2025-04-29T16:05:31.362259" elapsed="0.000429"/>
</kw>
<kw name="Click Element" owner="SeleniumLibrary">
<msg time="2025-04-29T16:05:31.363101" level="INFO">Clicking element 'css=[data-testid='number-3']'.</msg>
<arg>${button_locator}</arg>
<doc>Click the element identified by ``locator``.</doc>
<status status="PASS" start="2025-04-29T16:05:31.362797" elapsed="0.025581"/>
</kw>
<var name="${digit}">3</var>
<status status="PASS" start="2025-04-29T16:05:31.362172" elapsed="0.026321"/>
</iter>
<var>${digit}</var>
<value>@{digits}</value>
<status status="PASS" start="2025-04-29T16:05:31.362031" elapsed="0.026514"/>
</for>
<kw name="Log" owner="BuiltIn">
<msg time="2025-04-29T16:05:31.388933" level="INFO">Clicked number: 3</msg>
<arg>Clicked number: ${number}</arg>
<doc>Logs the given message with the given level.</doc>
<status status="PASS" start="2025-04-29T16:05:31.388700" elapsed="0.000296"/>
</kw>
<arg>${num2}</arg>
<status status="PASS" start="2025-04-29T16:05:31.361307" elapsed="0.027771"/>
</kw>
<kw name="Click Equals" owner="calculator_keywords">
<kw name="Click Element" owner="SeleniumLibrary">
<msg time="2025-04-29T16:05:31.390207" level="INFO">Clicking element 'css=[data-testid='equals-button']'.</msg>
<arg>${selectors.calculator.equals_button}</arg>
<doc>Click the element identified by ``locator``.</doc>
<status status="PASS" start="2025-04-29T16:05:31.389595" elapsed="0.027205"/>
</kw>
<kw name="Log" owner="BuiltIn">
<msg time="2025-04-29T16:05:31.417330" level="INFO">Clicked equals button</msg>
<arg>Clicked equals button</arg>
<doc>Logs the given message with the given level.</doc>
<status status="PASS" start="2025-04-29T16:05:31.417081" elapsed="0.000323"/>
</kw>
<status status="PASS" start="2025-04-29T16:05:31.389255" elapsed="0.028253"/>
</kw>
<kw name="Log" owner="BuiltIn">
<msg time="2025-04-29T16:05:31.417916" level="INFO">Performed calculation: 15 / 3</msg>
<arg>Performed calculation: ${num1} ${operator} ${num2}</arg>
<doc>Logs the given message with the given level.</doc>
<status status="PASS" start="2025-04-29T16:05:31.417649" elapsed="0.000326"/>
</kw>
<arg>${num1}</arg>
<arg>${operator}</arg>
<arg>${num2}</arg>
<status status="PASS" start="2025-04-29T16:05:31.229733" elapsed="0.188325"/>
</kw>
<kw name="Verify Calculator State" owner="calculator_keywords">
<kw name="Verify Display Shows" owner="calculator_keywords">
<kw name="Wait Until Page Contains Element" owner="SeleniumLibrary">
<arg>${selectors.calculator.display}</arg>
<doc>Waits until the element ``locator`` appears on the current page.</doc>
<status status="PASS" start="2025-04-29T16:05:31.419409" elapsed="0.005024"/>
</kw>
<kw name="Get Text" owner="SeleniumLibrary">
<msg time="2025-04-29T16:05:31.434584" level="INFO">${actual_value} = 5</msg>
<var>${actual_value}</var>
<arg>${selectors.calculator.display}</arg>
<doc>Returns the text value of the element identified by ``locator``.</doc>
<status status="PASS" start="2025-04-29T16:05:31.424809" elapsed="0.009840"/>
</kw>
<kw name="Should Be Equal As Strings" owner="BuiltIn">
<arg>${actual_value}</arg>
<arg>${expected_value}</arg>
<doc>Fails if objects are unequal after converting them to strings.</doc>
<status status="PASS" start="2025-04-29T16:05:31.434890" elapsed="0.000330"/>
</kw>
<kw name="Log" owner="BuiltIn">
<msg time="2025-04-29T16:05:31.435556" level="INFO">Verified display shows: 5</msg>
<arg>Verified display shows: ${expected_value}</arg>
<doc>Logs the given message with the given level.</doc>
<status status="PASS" start="2025-04-29T16:05:31.435392" elapsed="0.000220"/>
</kw>
<arg>${expected_display}</arg>
<status status="PASS" start="2025-04-29T16:05:31.419075" elapsed="0.016624"/>
</kw>
<kw name="Run Keyword If" owner="BuiltIn">
<arg>'${expected_equation}' != '${EMPTY}'</arg>
<arg>Verify Equation Shows</arg>
<arg>${expected_equation}</arg>
<doc>Runs the given keyword with the given arguments, if ``condition`` is true.</doc>
<status status="PASS" start="2025-04-29T16:05:31.435829" elapsed="0.000502"/>
</kw>
<kw name="Log" owner="BuiltIn">
<msg time="2025-04-29T16:05:31.436656" level="INFO">Verified calculator state - Display: 5, Equation: </msg>
<arg>Verified calculator state - Display: ${expected_display}, Equation: ${expected_equation}</arg>
<doc>Logs the given message with the given level.</doc>
<status status="PASS" start="2025-04-29T16:05:31.436465" elapsed="0.000256"/>
</kw>
<arg>${expected}</arg>
<status status="PASS" start="2025-04-29T16:05:31.418250" elapsed="0.018557"/>
</kw>
<arg>15</arg>
<arg>/</arg>
<arg>3</arg>
<arg>5</arg>
<status status="PASS" start="2025-04-29T16:05:31.198304" elapsed="0.238572"/>
</kw>
<kw name="Close Browser" owner="SeleniumLibrary" type="TEARDOWN">
<doc>Closes the current browser.</doc>
<status status="PASS" start="2025-04-29T16:05:31.437130" elapsed="0.055657"/>
</kw>
<status status="PASS" start="2025-04-29T16:05:29.693241" elapsed="1.799694"/>
</test>
<test id="s1-t2" name="Clear Function" line="14">
<kw name="Open Calculator" owner="calculator_keywords" type="SETUP">
<kw name="Open Browser" owner="SeleniumLibrary">
<msg time="2025-04-29T16:05:31.494274" level="INFO">Opening browser 'chrome' to base url 'http://localhost:3000'.</msg>
<arg>${app.url}</arg>
<arg>chrome</arg>
<doc>Opens a new browser instance to the optional ``url``.</doc>
<status status="PASS" start="2025-04-29T16:05:31.493808" elapsed="0.800151"/>
</kw>
<kw name="Click Element" owner="SeleniumLibrary">
<msg time="2025-04-29T16:05:32.294902" level="INFO">Clicking element 'xpath=//button[contains(text(), 'Calculator')]'.</msg>
<arg>${selectors.header.calculator_button}</arg>
<doc>Click the element identified by ``locator``.</doc>
<status status="PASS" start="2025-04-29T16:05:32.294243" elapsed="0.103804"/>
</kw>
<kw name="Wait Until Page Contains Element" owner="SeleniumLibrary">
<arg>${selectors.calculator.calculator}</arg>
<doc>Waits until the element ``locator`` appears on the current page.</doc>
<status status="PASS" start="2025-04-29T16:05:32.398243" elapsed="0.006482"/>
</kw>
<kw name="Log" owner="BuiltIn">
<msg time="2025-04-29T16:05:32.405202" level="INFO">Opened calculator application</msg>
<arg>Opened calculator application</arg>
<doc>Logs the given message with the given level.</doc>
<status status="PASS" start="2025-04-29T16:05:32.404941" elapsed="0.000341"/>
</kw>
<status status="PASS" start="2025-04-29T16:05:31.493513" elapsed="0.911900"/>
</kw>
<kw name="Click Number" owner="calculator_keywords">
<kw name="Split String To Characters" owner="String">
<msg time="2025-04-29T16:05:32.406613" level="INFO">${digits} = ['1']</msg>
<var>${digits}</var>
<arg>${number}</arg>
<doc>Splits the given ``string`` to characters.</doc>
<status status="PASS" start="2025-04-29T16:05:32.406354" elapsed="0.000304"/>
</kw>
<for flavor="IN">
<iter>
<kw name="Format String" owner="String">
<msg time="2025-04-29T16:05:32.407518" level="INFO">${button_locator} = css=[data-testid='number-1']</msg>
<var>${button_locator}</var>
<arg>${selectors.calculator.number_button}</arg>
<arg>${digit}</arg>
<doc>Formats a ``template`` using the given ``positional`` and ``named`` arguments.</doc>
<status status="PASS" start="2025-04-29T16:05:32.407083" elapsed="0.000466"/>
</kw>
<kw name="Click Element" owner="SeleniumLibrary">
<msg time="2025-04-29T16:05:32.408049" level="INFO">Clicking element 'css=[data-testid='number-1']'.</msg>
<arg>${button_locator}</arg>
<doc>Click the element identified by ``locator``.</doc>
<status status="PASS" start="2025-04-29T16:05:32.407683" elapsed="0.035652"/>
</kw>
<var name="${digit}">1</var>
<status status="PASS" start="2025-04-29T16:05:32.406952" elapsed="0.036476"/>
</iter>
<var>${digit}</var>
<value>@{digits}</value>
<status status="PASS" start="2025-04-29T16:05:32.406783" elapsed="0.036691"/>
</for>
<kw name="Log" owner="BuiltIn">
<msg time="2025-04-29T16:05:32.443892" level="INFO">Clicked number: 1</msg>
<arg>Clicked number: ${number}</arg>
<doc>Logs the given message with the given level.</doc>
<status status="PASS" start="2025-04-29T16:05:32.443652" elapsed="0.000292"/>
</kw>
<arg>1</arg>
<status status="PASS" start="2025-04-29T16:05:32.405886" elapsed="0.038131"/>
</kw>
<kw name="Click Number" owner="calculator_keywords">
<kw name="Split String To Characters" owner="String">
<msg time="2025-04-29T16:05:32.444617" level="INFO">${digits} = ['2']</msg>
<var>${digits}</var>
<arg>${number}</arg>
<doc>Splits the given ``string`` to characters.</doc>
<status status="PASS" start="2025-04-29T16:05:32.444473" elapsed="0.000178"/>
</kw>
<for flavor="IN">
<iter>
<kw name="Format String" owner="String">
<msg time="2025-04-29T16:05:32.445363" level="INFO">${button_locator} = css=[data-testid='number-2']</msg>
<var>${button_locator}</var>
<arg>${selectors.calculator.number_button}</arg>
<arg>${digit}</arg>
<doc>Formats a ``template`` using the given ``positional`` and ``named`` arguments.</doc>
<status status="PASS" start="2025-04-29T16:05:32.444951" elapsed="0.000439"/>
</kw>
<kw name="Click Element" owner="SeleniumLibrary">
<msg time="2025-04-29T16:05:32.445645" level="INFO">Clicking element 'css=[data-testid='number-2']'.</msg>
<arg>${button_locator}</arg>
<doc>Click the element identified by ``locator``.</doc>
<status status="PASS" start="2025-04-29T16:05:32.445489" elapsed="0.032800"/>
</kw>
<var name="${digit}">2</var>
<status status="PASS" start="2025-04-29T16:05:32.444869" elapsed="0.033553"/>
</iter>
<var>${digit}</var>
<value>@{digits}</value>
<status status="PASS" start="2025-04-29T16:05:32.444737" elapsed="0.033744"/>
</for>
<kw name="Log" owner="BuiltIn">
<msg time="2025-04-29T16:05:32.478843" level="INFO">Clicked number: 2</msg>
<arg>Clicked number: ${number}</arg>
<doc>Logs the given message with the given level.</doc>
<status status="PASS" start="2025-04-29T16:05:32.478635" elapsed="0.000255"/>
</kw>
<arg>2</arg>
<status status="PASS" start="2025-04-29T16:05:32.444233" elapsed="0.034726"/>
</kw>
<kw name="Click Number" owner="calculator_keywords">
<kw name="Split String To Characters" owner="String">
<msg time="2025-04-29T16:05:32.479518" level="INFO">${digits} = ['3']</msg>
<var>${digits}</var>
<arg>${number}</arg>
<doc>Splits the given ``string`` to characters.</doc>
<status status="PASS" start="2025-04-29T16:05:32.479384" elapsed="0.000158"/>
</kw>
<for flavor="IN">
<iter>
<kw name="Format String" owner="String">
<msg time="2025-04-29T16:05:32.480166" level="INFO">${button_locator} = css=[data-testid='number-3']</msg>
<var>${button_locator}</var>
<arg>${selectors.calculator.number_button}</arg>
<arg>${digit}</arg>
<doc>Formats a ``template`` using the given ``positional`` and ``named`` arguments.</doc>
<status status="PASS" start="2025-04-29T16:05:32.479786" elapsed="0.000407"/>
</kw>
<kw name="Click Element" owner="SeleniumLibrary">
<msg time="2025-04-29T16:05:32.480532" level="INFO">Clicking element 'css=[data-testid='number-3']'.</msg>
<arg>${button_locator}</arg>
<doc>Click the element identified by ``locator``.</doc>
<status status="PASS" start="2025-04-29T16:05:32.480347" elapsed="0.040069"/>
</kw>
<var name="${digit}">3</var>
<status status="PASS" start="2025-04-29T16:05:32.479702" elapsed="0.040806"/>
</iter>
<var>${digit}</var>
<value>@{digits}</value>
<status status="PASS" start="2025-04-29T16:05:32.479593" elapsed="0.040962"/>
</for>
<kw name="Log" owner="BuiltIn">
<msg time="2025-04-29T16:05:32.520920" level="INFO">Clicked number: 3</msg>
<arg>Clicked number: ${number}</arg>
<doc>Logs the given message with the given level.</doc>
<status status="PASS" start="2025-04-29T16:05:32.520723" elapsed="0.000244"/>
</kw>
<arg>3</arg>
<status status="PASS" start="2025-04-29T16:05:32.479159" elapsed="0.041875"/>
</kw>
<kw name="Verify Calculator State" owner="calculator_keywords">
<kw name="Verify Display Shows" owner="calculator_keywords">
<kw name="Wait Until Page Contains Element" owner="SeleniumLibrary">
<arg>${selectors.calculator.display}</arg>
<doc>Waits until the element ``locator`` appears on the current page.</doc>
<status status="PASS" start="2025-04-29T16:05:32.522217" elapsed="0.008444"/>
</kw>
<kw name="Get Text" owner="SeleniumLibrary">
<msg time="2025-04-29T16:05:32.544035" level="INFO">${actual_value} = 123</msg>
<var>${actual_value}</var>
<arg>${selectors.calculator.display}</arg>
<doc>Returns the text value of the element identified by ``locator``.</doc>
<status status="PASS" start="2025-04-29T16:05:32.530871" elapsed="0.013213"/>
</kw>
<kw name="Should Be Equal As Strings" owner="BuiltIn">
<arg>${actual_value}</arg>
<arg>${expected_value}</arg>
<doc>Fails if objects are unequal after converting them to strings.</doc>
<status status="PASS" start="2025-04-29T16:05:32.544249" elapsed="0.000238"/>
</kw>
<kw name="Log" owner="BuiltIn">
<msg time="2025-04-29T16:05:32.544705" level="INFO">Verified display shows: 123</msg>
<arg>Verified display shows: ${expected_value}</arg>
<doc>Logs the given message with the given level.</doc>
<status status="PASS" start="2025-04-29T16:05:32.544592" elapsed="0.000186"/>
</kw>
<arg>${expected_display}</arg>
<status status="PASS" start="2025-04-29T16:05:32.521818" elapsed="0.023023"/>
</kw>
<kw name="Run Keyword If" owner="BuiltIn">
<arg>'${expected_equation}' != '${EMPTY}'</arg>
<arg>Verify Equation Shows</arg>
<arg>${expected_equation}</arg>
<doc>Runs the given keyword with the given arguments, if ``condition`` is true.</doc>
<status status="PASS" start="2025-04-29T16:05:32.544955" elapsed="0.000382"/>
</kw>
<kw name="Log" owner="BuiltIn">
<msg time="2025-04-29T16:05:32.545567" level="INFO">Verified calculator state - Display: 123, Equation: </msg>
<arg>Verified calculator state - Display: ${expected_display}, Equation: ${expected_equation}</arg>
<doc>Logs the given message with the given level.</doc>
<status status="PASS" start="2025-04-29T16:05:32.545439" elapsed="0.000164"/>
</kw>
<arg>123</arg>
<status status="PASS" start="2025-04-29T16:05:32.521229" elapsed="0.024430"/>
</kw>
<kw name="Click Clear" owner="calculator_keywords">
<kw name="Click Element" owner="SeleniumLibrary">
<msg time="2025-04-29T16:05:32.546372" level="INFO">Clicking element 'css=[data-testid='clear-button']'.</msg>
<arg>${selectors.calculator.clear_button}</arg>
<doc>Click the element identified by ``locator``.</doc>
<status status="PASS" start="2025-04-29T16:05:32.546021" elapsed="0.050153"/>
</kw>
<kw name="Log" owner="BuiltIn">
<msg time="2025-04-29T16:05:32.596514" level="INFO">Clicked clear button</msg>
<arg>Clicked clear button</arg>
<doc>Logs the given message with the given level.</doc>
<status status="PASS" start="2025-04-29T16:05:32.596369" elapsed="0.000189"/>
</kw>
<status status="PASS" start="2025-04-29T16:05:32.545832" elapsed="0.050791"/>
</kw>
<kw name="Verify Calculator State" owner="calculator_keywords">
<kw name="Verify Display Shows" owner="calculator_keywords">
<kw name="Wait Until Page Contains Element" owner="SeleniumLibrary">
<arg>${selectors.calculator.display}</arg>
<doc>Waits until the element ``locator`` appears on the current page.</doc>
<status status="PASS" start="2025-04-29T16:05:32.597542" elapsed="0.005132"/>
</kw>
<kw name="Get Text" owner="SeleniumLibrary">
<msg time="2025-04-29T16:05:32.614468" level="INFO">${actual_value} = 0</msg>
<var>${actual_value}</var>
<arg>${selectors.calculator.display}</arg>
<doc>Returns the text value of the element identified by ``locator``.</doc>
<status status="PASS" start="2025-04-29T16:05:32.602940" elapsed="0.011575"/>
</kw>
<kw name="Should Be Equal As Strings" owner="BuiltIn">
<arg>${actual_value}</arg>
<arg>${expected_value}</arg>
<doc>Fails if objects are unequal after converting them to strings.</doc>
<status status="PASS" start="2025-04-29T16:05:32.614677" elapsed="0.000239"/>
</kw>
<kw name="Log" owner="BuiltIn">
<msg time="2025-04-29T16:05:32.615139" level="INFO">Verified display shows: 0</msg>
<arg>Verified display shows: ${expected_value}</arg>
<doc>Logs the given message with the given level.</doc>
<status status="PASS" start="2025-04-29T16:05:32.615023" elapsed="0.000153"/>
</kw>
<arg>${expected_display}</arg>
<status status="PASS" start="2025-04-29T16:05:32.597318" elapsed="0.017917"/>
</kw>
<kw name="Run Keyword If" owner="BuiltIn">
<arg>'${expected_equation}' != '${EMPTY}'</arg>
<arg>Verify Equation Shows</arg>
<arg>${expected_equation}</arg>
<doc>Runs the given keyword with the given arguments, if ``condition`` is true.</doc>
<status status="PASS" start="2025-04-29T16:05:32.615323" elapsed="0.000375"/>
</kw>
<kw name="Log" owner="BuiltIn">
<msg time="2025-04-29T16:05:32.615935" level="INFO">Verified calculator state - Display: 0, Equation: </msg>
<arg>Verified calculator state - Display: ${expected_display}, Equation: ${expected_equation}</arg>
<doc>Logs the given message with the given level.</doc>
<status status="PASS" start="2025-04-29T16:05:32.615802" elapsed="0.000170"/>
</kw>
<arg>0</arg>
<status status="PASS" start="2025-04-29T16:05:32.596807" elapsed="0.019219"/>
</kw>
<kw name="Close Browser" owner="SeleniumLibrary" type="TEARDOWN">
<doc>Closes the current browser.</doc>
<status status="PASS" start="2025-04-29T16:05:32.616213" elapsed="0.055347"/>
</kw>
<status status="PASS" start="2025-04-29T16:05:31.493192" elapsed="1.178589"/>
</test>
<test id="s1-t3" name="Complex Calculations" line="22">
<kw name="Open Calculator" owner="calculator_keywords" type="SETUP">
<kw name="Open Browser" owner="SeleniumLibrary">
<msg time="2025-04-29T16:05:32.674039" level="INFO">Opening browser 'chrome' to base url 'http://localhost:3000'.</msg>
<arg>${app.url}</arg>
<arg>chrome</arg>
<doc>Opens a new browser instance to the optional ``url``.</doc>
<status status="PASS" start="2025-04-29T16:05:32.673258" elapsed="0.802604"/>
</kw>
<kw name="Click Element" owner="SeleniumLibrary">
<msg time="2025-04-29T16:05:33.477020" level="INFO">Clicking element 'xpath=//button[contains(text(), 'Calculator')]'.</msg>
<arg>${selectors.header.calculator_button}</arg>
<doc>Click the element identified by ``locator``.</doc>
<status status="PASS" start="2025-04-29T16:05:33.476171" elapsed="0.100243"/>
</kw>
<kw name="Wait Until Page Contains Element" owner="SeleniumLibrary">
<arg>${selectors.calculator.calculator}</arg>
<doc>Waits until the element ``locator`` appears on the current page.</doc>
<status status="PASS" start="2025-04-29T16:05:33.576647" elapsed="0.007236"/>
</kw>
<kw name="Log" owner="BuiltIn">
<msg time="2025-04-29T16:05:33.584217" level="INFO">Opened calculator application</msg>
<arg>Opened calculator application</arg>
<doc>Logs the given message with the given level.</doc>
<status status="PASS" start="2025-04-29T16:05:33.584071" elapsed="0.000191"/>
</kw>
<status status="PASS" start="2025-04-29T16:05:32.672828" elapsed="0.911500"/>
</kw>
<kw name="Test Complex Calculation">
<kw name="Click Clear" owner="calculator_keywords">
<kw name="Click Element" owner="SeleniumLibrary">
<msg time="2025-04-29T16:05:33.585457" level="INFO">Clicking element 'css=[data-testid='clear-button']'.</msg>
<arg>${selectors.calculator.clear_button}</arg>
<doc>Click the element identified by ``locator``.</doc>
<status status="PASS" start="2025-04-29T16:05:33.584999" elapsed="0.041696"/>
</kw>
<kw name="Log" owner="BuiltIn">
<msg time="2025-04-29T16:05:33.627047" level="INFO">Clicked clear button</msg>
<arg>Clicked clear button</arg>
<doc>Logs the given message with the given level.</doc>
<status status="PASS" start="2025-04-29T16:05:33.626898" elapsed="0.000195"/>
</kw>
<status status="PASS" start="2025-04-29T16:05:33.584814" elapsed="0.042347"/>
</kw>
<kw name="Perform Complex Calculation" owner="calculator_keywords">
<kw name="Set Variable" owner="BuiltIn">
<msg time="2025-04-29T16:05:33.627776" level="INFO">${step_count} = 0</msg>
<var>${step_count}</var>
<arg>0</arg>
<doc>Returns the given values which can then be assigned to a variables.</doc>
<status status="PASS" start="2025-04-29T16:05:33.627650" elapsed="0.000152"/>
</kw>
<for flavor="IN">
<iter>
<kw name="Run Keyword If" owner="BuiltIn">
<kw name="Click Number" owner="calculator_keywords">
<kw name="Split String To Characters" owner="String">
<msg time="2025-04-29T16:05:33.628737" level="INFO">${digits} = ['1', '0']</msg>
<var>${digits}</var>
<arg>${number}</arg>
<doc>Splits the given ``string`` to characters.</doc>
<status status="PASS" start="2025-04-29T16:05:33.628607" elapsed="0.000155"/>
</kw>
<for flavor="IN">
<iter>
<kw name="Format String" owner="String">
<msg time="2025-04-29T16:05:33.629457" level="INFO">${button_locator} = css=[data-testid='number-1']</msg>
<var>${button_locator}</var>
<arg>${selectors.calculator.number_button}</arg>
<arg>${digit}</arg>
<doc>Formats a ``template`` using the given ``positional`` and ``named`` arguments.</doc>
<status status="PASS" start="2025-04-29T16:05:33.628981" elapsed="0.000504"/>
</kw>
<kw name="Click Element" owner="SeleniumLibrary">
<msg time="2025-04-29T16:05:33.629752" level="INFO">Clicking element 'css=[data-testid='number-1']'.</msg>
<arg>${button_locator}</arg>
<doc>Click the element identified by ``locator``.</doc>
<status status="PASS" start="2025-04-29T16:05:33.629589" elapsed="0.037715"/>
</kw>
<var name="${digit}">1</var>
<status status="PASS" start="2025-04-29T16:05:33.628911" elapsed="0.038525"/>
</iter>
<iter>
<kw name="Format String" owner="String">
<msg time="2025-04-29T16:05:33.668607" level="INFO">${button_locator} = css=[data-testid='number-0']</msg>
<var>${button_locator}</var>
<arg>${selectors.calculator.number_button}</arg>
<arg>${digit}</arg>
<doc>Formats a ``template`` using the given ``positional`` and ``named`` arguments.</doc>
<status status="PASS" start="2025-04-29T16:05:33.667865" elapsed="0.000792"/>
</kw>
<kw name="Click Element" owner="SeleniumLibrary">
<msg time="2025-04-29T16:05:33.669117" level="INFO">Clicking element 'css=[data-testid='number-0']'.</msg>
<arg>${button_locator}</arg>
<doc>Click the element identified by ``locator``.</doc>
<status status="PASS" start="2025-04-29T16:05:33.668859" elapsed="0.039836"/>
</kw>
<var name="${digit}">0</var>
<status status="PASS" start="2025-04-29T16:05:33.667647" elapsed="0.041175"/>
</iter>
<var>${digit}</var>
<value>@{digits}</value>
<status status="PASS" start="2025-04-29T16:05:33.628812" elapsed="0.080078"/>
</for>
<kw name="Log" owner="BuiltIn">
<msg time="2025-04-29T16:05:33.709376" level="INFO">Clicked number: 10</msg>
<arg>Clicked number: ${number}</arg>
<doc>Logs the given message with the given level.</doc>
<status status="PASS" start="2025-04-29T16:05:33.709101" elapsed="0.000346"/>
</kw>
<arg>${step}</arg>
<status status="PASS" start="2025-04-29T16:05:33.628394" elapsed="0.081151"/>
</kw>
<arg>'${step}' in ['+', '-', '*', '/']</arg>
<arg>Click Operator</arg>
<arg>${step}</arg>
<arg>ELSE IF</arg>
<arg>'${step}' == '='</arg>
<arg>Click Equals</arg>
<arg>ELSE IF</arg>
<arg>'${step}' == '.'</arg>
<arg>Click Decimal</arg>
<arg>ELSE</arg>
<arg>Click Number</arg>
<arg>${step}</arg>
<doc>Runs the given keyword with the given arguments, if ``condition`` is true.</doc>
<status status="PASS" start="2025-04-29T16:05:33.628054" elapsed="0.081559"/>
</kw>
<kw name="Evaluate" owner="BuiltIn">
<msg time="2025-04-29T16:05:33.710078" level="INFO">${step_count} = 1</msg>
<var>${step_count}</var>
<arg>${step_count} + 1</arg>
<doc>Evaluates the given expression in Python and returns the result.</doc>
<status status="PASS" start="2025-04-29T16:05:33.709805" elapsed="0.000311"/>
</kw>
<var name="${step}">10</var>
<status status="PASS" start="2025-04-29T16:05:33.627971" elapsed="0.082201"/>
</iter>
<iter>
<kw name="Run Keyword If" owner="BuiltIn">
<kw name="Click Operator" owner="calculator_keywords">
<kw name="Create Dictionary" owner="BuiltIn">
<msg time="2025-04-29T16:05:33.711411" level="INFO">${operator_map} = {'+': 'add', '-': 'subtract', '*': 'multiply', '/': 'divide'}</msg>
<var>${operator_map}</var>
<arg>+=add</arg>
<arg>-=subtract</arg>
<arg>*=multiply</arg>
<arg>/=divide</arg>
<doc>Creates and returns a dictionary based on the given ``items``.</doc>
<status status="PASS" start="2025-04-29T16:05:33.711154" elapsed="0.000298"/>
</kw>
<kw name="Get From Dictionary" owner="Collections">
<msg time="2025-04-29T16:05:33.711839" level="INFO">${operator_key} = add</msg>
<var>${operator_key}</var>
<arg>${operator_map}</arg>
<arg>${operator}</arg>
<doc>Returns a value from the given ``dictionary`` based on the given ``key``.</doc>
<status status="PASS" start="2025-04-29T16:05:33.711600" elapsed="0.000271"/>
</kw>
<kw name="Format String" owner="String">
<msg time="2025-04-29T16:05:33.712527" level="INFO">${button_locator} = css=[data-testid='operator-add']</msg>
<var>${button_locator}</var>
<arg>${selectors.calculator.operator_button}</arg>
<arg>${operator_key}</arg>
<doc>Formats a ``template`` using the given ``positional`` and ``named`` arguments.</doc>
<status status="PASS" start="2025-04-29T16:05:33.712001" elapsed="0.000564"/>
</kw>
<kw name="Click Element" owner="SeleniumLibrary">
<msg time="2025-04-29T16:05:33.712949" level="INFO">Clicking element 'css=[data-testid='operator-add']'.</msg>
<arg>${button_locator}</arg>
<doc>Click the element identified by ``locator``.</doc>
<status status="PASS" start="2025-04-29T16:05:33.712720" elapsed="0.036775"/>
</kw>
<kw name="Log" owner="BuiltIn">
<msg time="2025-04-29T16:05:33.749901" level="INFO">Clicked operator: +</msg>
<arg>Clicked operator: ${operator}</arg>
<doc>Logs the given message with the given level.</doc>
<status status="PASS" start="2025-04-29T16:05:33.749686" elapsed="0.000264"/>
</kw>
<arg>${step}</arg>
<status status="PASS" start="2025-04-29T16:05:33.710794" elapsed="0.039229"/>
</kw>
<arg>'${step}' in ['+', '-', '*', '/']</arg>
<arg>Click Operator</arg>
<arg>${step}</arg>
<arg>ELSE IF</arg>
<arg>'${step}' == '='</arg>
<arg>Click Equals</arg>
<arg>ELSE IF</arg>
<arg>'${step}' == '.'</arg>
<arg>Click Decimal</arg>
<arg>ELSE</arg>
<arg>Click Number</arg>
<arg>${step}</arg>
<doc>Runs the given keyword with the given arguments, if ``condition`` is true.</doc>
<status status="PASS" start="2025-04-29T16:05:33.710424" elapsed="0.039647"/>
</kw>
<kw name="Evaluate" owner="BuiltIn">
<msg time="2025-04-29T16:05:33.750394" level="INFO">${step_count} = 2</msg>
<var>${step_count}</var>
<arg>${step_count} + 1</arg>
<doc>Evaluates the given expression in Python and returns the result.</doc>
<status status="PASS" start="2025-04-29T16:05:33.750195" elapsed="0.000225"/>
</kw>
<var name="${step}">+</var>
<status status="PASS" start="2025-04-29T16:05:33.710305" elapsed="0.040155"/>
</iter>
<iter>
<kw name="Run Keyword If" owner="BuiltIn">
<kw name="Click Number" owner="calculator_keywords">
<kw name="Split String To Characters" owner="String">
<msg time="2025-04-29T16:05:33.751345" level="INFO">${digits} = ['5']</msg>
<var>${digits}</var>
<arg>${number}</arg>
<doc>Splits the given ``string`` to characters.</doc>
<status status="PASS" start="2025-04-29T16:05:33.751221" elapsed="0.000148"/>
</kw>
<for flavor="IN">
<iter>
<kw name="Format String" owner="String">
<msg time="2025-04-29T16:05:33.751956" level="INFO">${button_locator} = css=[data-testid='number-5']</msg>
<var>${button_locator}</var>
<arg>${selectors.calculator.number_button}</arg>
<arg>${digit}</arg>
<doc>Formats a ``template`` using the given ``positional`` and ``named`` arguments.</doc>
<status status="PASS" start="2025-04-29T16:05:33.751596" elapsed="0.000451"/>
</kw>
<kw name="Click Element" owner="SeleniumLibrary">
<msg time="2025-04-29T16:05:33.752334" level="INFO">Clicking element 'css=[data-testid='number-5']'.</msg>
<arg>${button_locator}</arg>
<doc>Click the element identified by ``locator``.</doc>
<status status="PASS" start="2025-04-29T16:05:33.752167" elapsed="0.036019"/>
</kw>
<var name="${digit}">5</var>
<status status="PASS" start="2025-04-29T16:05:33.751527" elapsed="0.036820"/>
</iter>
<var>${digit}</var>
<value>@{digits}</value>
<status status="PASS" start="2025-04-29T16:05:33.751422" elapsed="0.036996"/>
</for>
<kw name="Log" owner="BuiltIn">
<msg time="2025-04-29T16:05:33.788988" level="INFO">Clicked number: 5</msg>
<arg>Clicked number: ${number}</arg>
<doc>Logs the given message with the given level.</doc>
<status status="PASS" start="2025-04-29T16:05:33.788648" elapsed="0.000427"/>
</kw>
<arg>${step}</arg>
<status status="PASS" start="2025-04-29T16:05:33.750995" elapsed="0.038203"/>
</kw>
<arg>'${step}' in ['+', '-', '*', '/']</arg>
<arg>Click Operator</arg>
<arg>${step}</arg>
<arg>ELSE IF</arg>
<arg>'${step}' == '='</arg>
<arg>Click Equals</arg>
<arg>ELSE IF</arg>
<arg>'${step}' == '.'</arg>
<arg>Click Decimal</arg>
<arg>ELSE</arg>
<arg>Click Number</arg>
<arg>${step}</arg>
<doc>Runs the given keyword with the given arguments, if ``condition`` is true.</doc>
<status status="PASS" start="2025-04-29T16:05:33.750641" elapsed="0.038631"/>
</kw>
<kw name="Evaluate" owner="BuiltIn">
<msg time="2025-04-29T16:05:33.789846" level="INFO">${step_count} = 3</msg>
<var>${step_count}</var>
<arg>${step_count} + 1</arg>
<doc>Evaluates the given expression in Python and returns the result.</doc>
<status status="PASS" start="2025-04-29T16:05:33.789459" elapsed="0.000434"/>
</kw>
<var name="${step}">5</var>
<status status="PASS" start="2025-04-29T16:05:33.750555" elapsed="0.039398"/>
</iter>
<iter>
<kw name="Run Keyword If" owner="BuiltIn">
<kw name="Click Operator" owner="calculator_keywords">
<kw name="Create Dictionary" owner="BuiltIn">
<msg time="2025-04-29T16:05:33.791362" level="INFO">${operator_map} = {'+': 'add', '-': 'subtract', '*': 'multiply', '/': 'divide'}</msg>
<var>${operator_map}</var>
<arg>+=add</arg>
<arg>-=subtract</arg>
<arg>*=multiply</arg>
<arg>/=divide</arg>
<doc>Creates and returns a dictionary based on the given ``items``.</doc>
<status status="PASS" start="2025-04-29T16:05:33.791086" elapsed="0.000309"/>
</kw>
<kw name="Get From Dictionary" owner="Collections">
<msg time="2025-04-29T16:05:33.791742" level="INFO">${operator_key} = multiply</msg>
<var>${operator_key}</var>
<arg>${operator_map}</arg>
<arg>${operator}</arg>
<doc>Returns a value from the given ``dictionary`` based on the given ``key``.</doc>
<status status="PASS" start="2025-04-29T16:05:33.791523" elapsed="0.000258"/>
</kw>
<kw name="Format String" owner="String">
<msg time="2025-04-29T16:05:33.792533" level="INFO">${button_locator} = css=[data-testid='operator-multiply']</msg>
<var>${button_locator}</var>
<arg>${selectors.calculator.operator_button}</arg>
<arg>${operator_key}</arg>
<doc>Formats a ``template`` using the given ``positional`` and ``named`` arguments.</doc>
<status status="PASS" start="2025-04-29T16:05:33.791945" elapsed="0.000625"/>
</kw>
<kw name="Click Element" owner="SeleniumLibrary">
<msg time="2025-04-29T16:05:33.792965" level="INFO">Clicking element 'css=[data-testid='operator-multiply']'.</msg>
<arg>${button_locator}</arg>
<doc>Click the element identified by ``locator``.</doc>
<status status="PASS" start="2025-04-29T16:05:33.792730" elapsed="0.038485"/>
</kw>
<kw name="Log" owner="BuiltIn">
<msg time="2025-04-29T16:05:33.831600" level="INFO">Clicked operator: *</msg>
<arg>Clicked operator: ${operator}</arg>
<doc>Logs the given message with the given level.</doc>
<status status="PASS" start="2025-04-29T16:05:33.831407" elapsed="0.000240"/>
</kw>
<arg>${step}</arg>
<status status="PASS" start="2025-04-29T16:05:33.790619" elapsed="0.041106"/>
</kw>
<arg>'${step}' in ['+', '-', '*', '/']</arg>
<arg>Click Operator</arg>
<arg>${step}</arg>
<arg>ELSE IF</arg>
<arg>'${step}' == '='</arg>
<arg>Click Equals</arg>
<arg>ELSE IF</arg>
<arg>'${step}' == '.'</arg>
<arg>Click Decimal</arg>
<arg>ELSE</arg>
<arg>Click Number</arg>
<arg>${step}</arg>
<doc>Runs the given keyword with the given arguments, if ``condition`` is true.</doc>
<status status="PASS" start="2025-04-29T16:05:33.790176" elapsed="0.041596"/>
</kw>
<kw name="Evaluate" owner="BuiltIn">
<msg time="2025-04-29T16:05:33.832090" level="INFO">${step_count} = 4</msg>
<var>${step_count}</var>
<arg>${step_count} + 1</arg>
<doc>Evaluates the given expression in Python and returns the result.</doc>
<status status="PASS" start="2025-04-29T16:05:33.831896" elapsed="0.000221"/>
</kw>
<var name="${step}">*</var>
<status status="PASS" start="2025-04-29T16:05:33.790065" elapsed="0.042091"/>
</iter>
<iter>
<kw name="Run Keyword If" owner="BuiltIn">
<kw name="Click Number" owner="calculator_keywords">
<kw name="Split String To Characters" owner="String">
<msg time="2025-04-29T16:05:33.833030" level="INFO">${digits} = ['2']</msg>
<var>${digits}</var>
<arg>${number}</arg>
<doc>Splits the given ``string`` to characters.</doc>
<status status="PASS" start="2025-04-29T16:05:33.832899" elapsed="0.000156"/>
</kw>
<for flavor="IN">
<iter>
<kw name="Format String" owner="String">
<msg time="2025-04-29T16:05:33.833803" level="INFO">${button_locator} = css=[data-testid='number-2']</msg>
<var>${button_locator}</var>
<arg>${selectors.calculator.number_button}</arg>
<arg>${digit}</arg>
<doc>Formats a ``template`` using the given ``positional`` and ``named`` arguments.</doc>
<status status="PASS" start="2025-04-29T16:05:33.833291" elapsed="0.000538"/>
</kw>
<kw name="Click Element" owner="SeleniumLibrary">
<msg time="2025-04-29T16:05:33.834088" level="INFO">Clicking element 'css=[data-testid='number-2']'.</msg>
<arg>${button_locator}</arg>
<doc>Click the element identified by ``locator``.</doc>
<status status="PASS" start="2025-04-29T16:05:33.833930" elapsed="0.033847"/>
</kw>
<var name="${digit}">2</var>
<status status="PASS" start="2025-04-29T16:05:33.833219" elapsed="0.034647"/>
</iter>
<var>${digit}</var>
<value>@{digits}</value>
<status status="PASS" start="2025-04-29T16:05:33.833111" elapsed="0.034800"/>
</for>
<kw name="Log" owner="BuiltIn">
<msg time="2025-04-29T16:05:33.868257" level="INFO">Clicked number: 2</msg>
<arg>Clicked number: ${number}</arg>
<doc>Logs the given message with the given level.</doc>
<status status="PASS" start="2025-04-29T16:05:33.868060" elapsed="0.000244"/>
</kw>
<arg>${step}</arg>
<status status="PASS" start="2025-04-29T16:05:33.832655" elapsed="0.035713"/>
</kw>
<arg>'${step}' in ['+', '-', '*', '/']</arg>
<arg>Click Operator</arg>
<arg>${step}</arg>
<arg>ELSE IF</arg>
<arg>'${step}' == '='</arg>
<arg>Click Equals</arg>
<arg>ELSE IF</arg>
<arg>'${step}' == '.'</arg>
<arg>Click Decimal</arg>
<arg>ELSE</arg>
<arg>Click Number</arg>
<arg>${step}</arg>
<doc>Runs the given keyword with the given arguments, if ``condition`` is true.</doc>
<status status="PASS" start="2025-04-29T16:05:33.832333" elapsed="0.036080"/>
</kw>
<kw name="Evaluate" owner="BuiltIn">
<msg time="2025-04-29T16:05:33.868730" level="INFO">${step_count} = 5</msg>
<var>${step_count}</var>
<arg>${step_count} + 1</arg>
<doc>Evaluates the given expression in Python and returns the result.</doc>
<status status="PASS" start="2025-04-29T16:05:33.868531" elapsed="0.000226"/>
</kw>
<var name="${step}">2</var>
<status status="PASS" start="2025-04-29T16:05:33.832249" elapsed="0.036550"/>
</iter>
<iter>
<kw name="Run Keyword If" owner="BuiltIn">
<kw name="Click Equals" owner="calculator_keywords">
<kw name="Click Element" owner="SeleniumLibrary">
<msg time="2025-04-29T16:05:33.869836" level="INFO">Clicking element 'css=[data-testid='equals-button']'.</msg>
<arg>${selectors.calculator.equals_button}</arg>
<doc>Click the element identified by ``locator``.</doc>
<status status="PASS" start="2025-04-29T16:05:33.869468" elapsed="0.042559"/>
</kw>
<kw name="Log" owner="BuiltIn">
<msg time="2025-04-29T16:05:33.912368" level="INFO">Clicked equals button</msg>
<arg>Clicked equals button</arg>
<doc>Logs the given message with the given level.</doc>
<status status="PASS" start="2025-04-29T16:05:33.912218" elapsed="0.000195"/>
</kw>
<status status="PASS" start="2025-04-29T16:05:33.869268" elapsed="0.043214"/>
</kw>
<arg>'${step}' in ['+', '-', '*', '/']</arg>
<arg>Click Operator</arg>
<arg>${step}</arg>
<arg>ELSE IF</arg>
<arg>'${step}' == '='</arg>
<arg>Click Equals</arg>
<arg>ELSE IF</arg>
<arg>'${step}' == '.'</arg>
<arg>Click Decimal</arg>
<arg>ELSE</arg>
<arg>Click Number</arg>
<arg>${step}</arg>
<doc>Runs the given keyword with the given arguments, if ``condition`` is true.</doc>
<status status="PASS" start="2025-04-29T16:05:33.868975" elapsed="0.043549"/>
</kw>
<kw name="Evaluate" owner="BuiltIn">
<msg time="2025-04-29T16:05:33.912845" level="INFO">${step_count} = 6</msg>
<var>${step_count}</var>
<arg>${step_count} + 1</arg>
<doc>Evaluates the given expression in Python and returns the result.</doc>
<status status="PASS" start="2025-04-29T16:05:33.912637" elapsed="0.000235"/>
</kw>
<var name="${step}">=</var>
<status status="PASS" start="2025-04-29T16:05:33.868889" elapsed="0.044022"/>
</iter>
<var>${step}</var>
<value>@{steps}</value>
<status status="PASS" start="2025-04-29T16:05:33.627858" elapsed="0.285092"/>
</for>
<kw name="Log" owner="BuiltIn">
<msg time="2025-04-29T16:05:33.913157" level="INFO">Performed complex calculation: ['10', '+', '5', '*', '2', '=']</msg>
<arg>Performed complex calculation: @{steps}</arg>
<doc>Logs the given message with the given level.</doc>
<status status="PASS" start="2025-04-29T16:05:33.913044" elapsed="0.000149"/>
</kw>
<arg>${num1}</arg>
<arg>${operator1}</arg>
<arg>${num2}</arg>
<arg>${operator2}</arg>
<arg>${num3}</arg>
<arg>=</arg>
<status status="PASS" start="2025-04-29T16:05:33.627321" elapsed="0.285924"/>
</kw>
<kw name="Verify Calculator State" owner="calculator_keywords">
<kw name="Verify Display Shows" owner="calculator_keywords">
<kw name="Wait Until Page Contains Element" owner="SeleniumLibrary">
<arg>${selectors.calculator.display}</arg>
<doc>Waits until the element ``locator`` appears on the current page.</doc>
<status status="PASS" start="2025-04-29T16:05:33.914089" elapsed="0.009658"/>
</kw>
<kw name="Get Text" owner="SeleniumLibrary">
<msg time="2025-04-29T16:05:33.938992" level="INFO">${actual_value} = 20</msg>
<var>${actual_value}</var>
<arg>${selectors.calculator.display}</arg>
<doc>Returns the text value of the element identified by ``locator``.</doc>
<status status="PASS" start="2025-04-29T16:05:33.924094" elapsed="0.014987"/>
</kw>
<kw name="Should Be Equal As Strings" owner="BuiltIn">
<arg>${actual_value}</arg>
<arg>${expected_value}</arg>
<doc>Fails if objects are unequal after converting them to strings.</doc>
<status status="PASS" start="2025-04-29T16:05:33.939363" elapsed="0.000388"/>
</kw>
<kw name="Log" owner="BuiltIn">
<msg time="2025-04-29T16:05:33.940097" level="INFO">Verified display shows: 20</msg>
<arg>Verified display shows: ${expected_value}</arg>
<doc>Logs the given message with the given level.</doc>
<status status="PASS" start="2025-04-29T16:05:33.939934" elapsed="0.000211"/>
</kw>
<arg>${expected_display}</arg>
<status status="PASS" start="2025-04-29T16:05:33.913876" elapsed="0.026336"/>
</kw>
<kw name="Run Keyword If" owner="BuiltIn">
<arg>'${expected_equation}' != '${EMPTY}'</arg>
<arg>Verify Equation Shows</arg>
<arg>${expected_equation}</arg>
<doc>Runs the given keyword with the given arguments, if ``condition`` is true.</doc>
<status status="PASS" start="2025-04-29T16:05:33.940349" elapsed="0.000508"/>
</kw>
<kw name="Log" owner="BuiltIn">
<msg time="2025-04-29T16:05:33.941142" level="INFO">Verified calculator state - Display: 20, Equation: </msg>
<arg>Verified calculator state - Display: ${expected_display}, Equation: ${expected_equation}</arg>
<doc>Logs the given message with the given level.</doc>
<status status="PASS" start="2025-04-29T16:05:33.940988" elapsed="0.000194"/>
</kw>
<arg>${expected}</arg>
<status status="PASS" start="2025-04-29T16:05:33.913370" elapsed="0.027874"/>
</kw>
<arg>10</arg>
<arg>+</arg>
<arg>5</arg>
<arg>*</arg>
<arg>2</arg>
<arg>20</arg>
<status status="PASS" start="2025-04-29T16:05:33.584510" elapsed="0.356785"/>
</kw>
<kw name="Test Complex Calculation">
<kw name="Click Clear" owner="calculator_keywords">
<kw name="Click Element" owner="SeleniumLibrary">
<msg time="2025-04-29T16:05:33.942456" level="INFO">Clicking element 'css=[data-testid='clear-button']'.</msg>
<arg>${selectors.calculator.clear_button}</arg>
<doc>Click the element identified by ``locator``.</doc>
<status status="PASS" start="2025-04-29T16:05:33.942097" elapsed="0.028297"/>
</kw>
<kw name="Log" owner="BuiltIn">
<msg time="2025-04-29T16:05:33.970855" level="INFO">Clicked clear button</msg>
<arg>Clicked clear button</arg>
<doc>Logs the given message with the given level.</doc>
<status status="PASS" start="2025-04-29T16:05:33.970641" elapsed="0.000264"/>
</kw>
<status status="PASS" start="2025-04-29T16:05:33.941911" elapsed="0.029066"/>
</kw>
<kw name="Perform Complex Calculation" owner="calculator_keywords">
<kw name="Set Variable" owner="BuiltIn">
<msg time="2025-04-29T16:05:33.972220" level="INFO">${step_count} = 0</msg>
<var>${step_count}</var>
<arg>0</arg>
<doc>Returns the given values which can then be assigned to a variables.</doc>
<status status="PASS" start="2025-04-29T16:05:33.971943" elapsed="0.000325"/>
</kw>
<for flavor="IN">
<iter>
<kw name="Run Keyword If" owner="BuiltIn">
<kw name="Click Number" owner="calculator_keywords">
<kw name="Split String To Characters" owner="String">
<msg time="2025-04-29T16:05:33.974156" level="INFO">${digits} = ['2', '0']</msg>
<var>${digits}</var>
<arg>${number}</arg>
<doc>Splits the given ``string`` to characters.</doc>
<status status="PASS" start="2025-04-29T16:05:33.973943" elapsed="0.000250"/>
</kw>
<for flavor="IN">
<iter>
<kw name="Format String" owner="String">
[...]
<kw name="Set Variable" owner="BuiltIn">
<msg time="2025-04-29T16:05:53.185897" level="INFO">${step_count} = 0</msg>
<var>${step_count}</var>
<arg>0</arg>
<doc>Returns the given values which can then be assigned to a variables.</doc>
<status status="PASS" start="2025-04-29T16:05:53.185786" elapsed="0.000139"/>
</kw>
<for flavor="IN">
<iter>
<kw name="Run Keyword If" owner="BuiltIn">
<kw name="Click Number" owner="calculator_keywords">
<kw name="Split String To Characters" owner="String">
<msg time="2025-04-29T16:05:53.186856" level="INFO">${digits} = ['5']</msg>
<var>${digits}</var>
<arg>${number}</arg>
<doc>Splits the given ``string`` to characters.</doc>
<status status="PASS" start="2025-04-29T16:05:53.186730" elapsed="0.000149"/>
</kw>
<for flavor="IN">
<iter>
<kw name="Format String" owner="String">
<msg time="2025-04-29T16:05:53.187584" level="INFO">${button_locator} = css=[data-testid='number-5']</msg>
<var>${button_locator}</var>
<arg>${selectors.calculator.number_button}</arg>
<arg>${digit}</arg>
<doc>Formats a ``template`` using the given ``positional`` and ``named`` arguments.</doc>
<status status="PASS" start="2025-04-29T16:05:53.187108" elapsed="0.000499"/>
</kw>
<kw name="Click Element" owner="SeleniumLibrary">
<msg time="2025-04-29T16:05:53.187857" level="INFO">Clicking element 'css=[data-testid='number-5']'.</msg>
<arg>${button_locator}</arg>
<doc>Click the element identified by ``locator``.</doc>
<status status="PASS" start="2025-04-29T16:05:53.187701" elapsed="0.034038"/>
</kw>
<var name="${digit}">5</var>
<status status="PASS" start="2025-04-29T16:05:53.187035" elapsed="0.034834"/>
</iter>
<var>${digit}</var>
<value>@{digits}</value>
<status status="PASS" start="2025-04-29T16:05:53.186930" elapsed="0.035017"/>
</for>
<kw name="Log" owner="BuiltIn">
<msg time="2025-04-29T16:05:53.222503" level="INFO">Clicked number: 5</msg>
<arg>Clicked number: ${number}</arg>
<doc>Logs the given message with the given level.</doc>
<status status="PASS" start="2025-04-29T16:05:53.222180" elapsed="0.000401"/>
</kw>
<arg>${step}</arg>
<status status="PASS" start="2025-04-29T16:05:53.186501" elapsed="0.036194"/>
</kw>
<arg>'${step}' in ['+', '-', '*', '/']</arg>
<arg>Click Operator</arg>
<arg>${step}</arg>
<arg>ELSE IF</arg>
<arg>'${step}' == '='</arg>
<arg>Click Equals</arg>
<arg>ELSE IF</arg>
<arg>'${step}' == '.'</arg>
<arg>Click Decimal</arg>
<arg>ELSE</arg>
<arg>Click Number</arg>
<arg>${step}</arg>
<doc>Runs the given keyword with the given arguments, if ``condition`` is true.</doc>
<status status="PASS" start="2025-04-29T16:05:53.186173" elapsed="0.036611"/>
</kw>
<kw name="Evaluate" owner="BuiltIn">
<msg time="2025-04-29T16:05:53.223247" level="INFO">${step_count} = 1</msg>
<var>${step_count}</var>
<arg>${step_count} + 1</arg>
<doc>Evaluates the given expression in Python and returns the result.</doc>
<status status="PASS" start="2025-04-29T16:05:53.222960" elapsed="0.000327"/>
</kw>
<var name="${step}">5</var>
<status status="PASS" start="2025-04-29T16:05:53.186092" elapsed="0.037255"/>
</iter>
<iter>
<kw name="Run Keyword If" owner="BuiltIn">
<kw name="Click Operator" owner="calculator_keywords">
<kw name="Create Dictionary" owner="BuiltIn">
<msg time="2025-04-29T16:05:53.224627" level="INFO">${operator_map} = {'+': 'add', '-': 'subtract', '*': 'multiply', '/': 'divide'}</msg>
<var>${operator_map}</var>
<arg>+=add</arg>
<arg>-=subtract</arg>
<arg>*=multiply</arg>
<arg>/=divide</arg>
<doc>Creates and returns a dictionary based on the given ``items``.</doc>
<status status="PASS" start="2025-04-29T16:05:53.224394" elapsed="0.000279"/>
</kw>
<kw name="Get From Dictionary" owner="Collections">
<msg time="2025-04-29T16:05:53.225071" level="INFO">${operator_key} = multiply</msg>
<var>${operator_key}</var>
<arg>${operator_map}</arg>
<arg>${operator}</arg>
<doc>Returns a value from the given ``dictionary`` based on the given ``key``.</doc>
<status status="PASS" start="2025-04-29T16:05:53.224869" elapsed="0.000234"/>
</kw>
<kw name="Format String" owner="String">
<msg time="2025-04-29T16:05:53.225623" level="INFO">${button_locator} = css=[data-testid='operator-multiply']</msg>
<var>${button_locator}</var>
<arg>${selectors.calculator.operator_button}</arg>
<arg>${operator_key}</arg>
<doc>Formats a ``template`` using the given ``positional`` and ``named`` arguments.</doc>
<status status="PASS" start="2025-04-29T16:05:53.225221" elapsed="0.000433"/>
</kw>
<kw name="Click Element" owner="SeleniumLibrary">
<msg time="2025-04-29T16:05:53.226043" level="INFO">Clicking element 'css=[data-testid='operator-multiply']'.</msg>
<arg>${button_locator}</arg>
<doc>Click the element identified by ``locator``.</doc>
<status status="PASS" start="2025-04-29T16:05:53.225804" elapsed="0.047617"/>
</kw>
<kw name="Log" owner="BuiltIn">
<msg time="2025-04-29T16:05:53.273969" level="INFO">Clicked operator: *</msg>
<arg>Clicked operator: ${operator}</arg>
<doc>Logs the given message with the given level.</doc>
<status status="PASS" start="2025-04-29T16:05:53.273686" elapsed="0.000371"/>
</kw>
<arg>${step}</arg>
<status status="PASS" start="2025-04-29T16:05:53.224065" elapsed="0.050095"/>
</kw>
<arg>'${step}' in ['+', '-', '*', '/']</arg>
<arg>Click Operator</arg>
<arg>${step}</arg>
<arg>ELSE IF</arg>
<arg>'${step}' == '='</arg>
<arg>Click Equals</arg>
<arg>ELSE IF</arg>
<arg>'${step}' == '.'</arg>
<arg>Click Decimal</arg>
<arg>ELSE</arg>
<arg>Click Number</arg>
<arg>${step}</arg>
<doc>Runs the given keyword with the given arguments, if ``condition`` is true.</doc>
<status status="PASS" start="2025-04-29T16:05:53.223641" elapsed="0.050588"/>
</kw>
<kw name="Evaluate" owner="BuiltIn">
<msg time="2025-04-29T16:05:53.274694" level="INFO">${step_count} = 2</msg>
<var>${step_count}</var>
<arg>${step_count} + 1</arg>
<doc>Evaluates the given expression in Python and returns the result.</doc>
<status status="PASS" start="2025-04-29T16:05:53.274388" elapsed="0.000371"/>
</kw>
<var name="${step}">*</var>
<status status="PASS" start="2025-04-29T16:05:53.223500" elapsed="0.051322"/>
</iter>
<iter>
<kw name="Run Keyword If" owner="BuiltIn">
<kw name="Click Number" owner="calculator_keywords">
<kw name="Split String To Characters" owner="String">
<msg time="2025-04-29T16:05:53.276172" level="INFO">${digits} = ['3']</msg>
<var>${digits}</var>
<arg>${number}</arg>
<doc>Splits the given ``string`` to characters.</doc>
<status status="PASS" start="2025-04-29T16:05:53.275971" elapsed="0.000231"/>
</kw>
<for flavor="IN">
<iter>
<kw name="Format String" owner="String">
<msg time="2025-04-29T16:05:53.276929" level="INFO">${button_locator} = css=[data-testid='number-3']</msg>
<var>${button_locator}</var>
<arg>${selectors.calculator.number_button}</arg>
<arg>${digit}</arg>
<doc>Formats a ``template`` using the given ``positional`` and ``named`` arguments.</doc>
<status status="PASS" start="2025-04-29T16:05:53.276494" elapsed="0.000468"/>
</kw>
<kw name="Click Element" owner="SeleniumLibrary">
<msg time="2025-04-29T16:05:53.277649" level="INFO">Clicking element 'css=[data-testid='number-3']'.</msg>
<arg>${button_locator}</arg>
<doc>Click the element identified by ``locator``.</doc>
<status status="PASS" start="2025-04-29T16:05:53.277075" elapsed="0.031358"/>
</kw>
<var name="${digit}">3</var>
<status status="PASS" start="2025-04-29T16:05:53.276392" elapsed="0.032131"/>
</iter>
<var>${digit}</var>
<value>@{digits}</value>
<status status="PASS" start="2025-04-29T16:05:53.276266" elapsed="0.032364"/>
</for>
<kw name="Log" owner="BuiltIn">
<msg time="2025-04-29T16:05:53.309029" level="INFO">Clicked number: 3</msg>
<arg>Clicked number: ${number}</arg>
<doc>Logs the given message with the given level.</doc>
<status status="PASS" start="2025-04-29T16:05:53.308827" elapsed="0.000249"/>
</kw>
<arg>${step}</arg>
<status status="PASS" start="2025-04-29T16:05:53.275606" elapsed="0.033535"/>
</kw>
<arg>'${step}' in ['+', '-', '*', '/']</arg>
<arg>Click Operator</arg>
<arg>${step}</arg>
<arg>ELSE IF</arg>
<arg>'${step}' == '='</arg>
<arg>Click Equals</arg>
<arg>ELSE IF</arg>
<arg>'${step}' == '.'</arg>
<arg>Click Decimal</arg>
<arg>ELSE</arg>
<arg>Click Number</arg>
<arg>${step}</arg>
<doc>Runs the given keyword with the given arguments, if ``condition`` is true.</doc>
<status status="PASS" start="2025-04-29T16:05:53.275106" elapsed="0.034080"/>
</kw>
<kw name="Evaluate" owner="BuiltIn">
<msg time="2025-04-29T16:05:53.309540" level="INFO">${step_count} = 3</msg>
<var>${step_count}</var>
<arg>${step_count} + 1</arg>
<doc>Evaluates the given expression in Python and returns the result.</doc>
<status status="PASS" start="2025-04-29T16:05:53.309312" elapsed="0.000256"/>
</kw>
<var name="${step}">3</var>
<status status="PASS" start="2025-04-29T16:05:53.274965" elapsed="0.034644"/>
</iter>
<iter>
<kw name="Run Keyword If" owner="BuiltIn">
<kw name="Click Operator" owner="calculator_keywords">
<kw name="Create Dictionary" owner="BuiltIn">
<msg time="2025-04-29T16:05:53.310659" level="INFO">${operator_map} = {'+': 'add', '-': 'subtract', '*': 'multiply', '/': 'divide'}</msg>
<var>${operator_map}</var>
<arg>+=add</arg>
<arg>-=subtract</arg>
<arg>*=multiply</arg>
<arg>/=divide</arg>
<doc>Creates and returns a dictionary based on the given ``items``.</doc>
<status status="PASS" start="2025-04-29T16:05:53.310436" elapsed="0.000263"/>
</kw>
<kw name="Get From Dictionary" owner="Collections">
<msg time="2025-04-29T16:05:53.311102" level="INFO">${operator_key} = subtract</msg>
<var>${operator_key}</var>
<arg>${operator_map}</arg>
<arg>${operator}</arg>
<doc>Returns a value from the given ``dictionary`` based on the given ``key``.</doc>
<status status="PASS" start="2025-04-29T16:05:53.310862" elapsed="0.000269"/>
</kw>
<kw name="Format String" owner="String">
<msg time="2025-04-29T16:05:53.311608" level="INFO">${button_locator} = css=[data-testid='operator-subtract']</msg>
<var>${button_locator}</var>
<arg>${selectors.calculator.operator_button}</arg>
<arg>${operator_key}</arg>
<doc>Formats a ``template`` using the given ``positional`` and ``named`` arguments.</doc>
<status status="PASS" start="2025-04-29T16:05:53.311230" elapsed="0.000401"/>
</kw>
<kw name="Click Element" owner="SeleniumLibrary">
<msg time="2025-04-29T16:05:53.311902" level="INFO">Clicking element 'css=[data-testid='operator-subtract']'.</msg>
<arg>${button_locator}</arg>
<doc>Click the element identified by ``locator``.</doc>
<status status="PASS" start="2025-04-29T16:05:53.311743" elapsed="0.042011"/>
</kw>
<kw name="Log" owner="BuiltIn">
<msg time="2025-04-29T16:05:53.354161" level="INFO">Clicked operator: -</msg>
<arg>Clicked operator: ${operator}</arg>
<doc>Logs the given message with the given level.</doc>
<status status="PASS" start="2025-04-29T16:05:53.353961" elapsed="0.000245"/>
</kw>
<arg>${step}</arg>
<status status="PASS" start="2025-04-29T16:05:53.310092" elapsed="0.044181"/>
</kw>
<arg>'${step}' in ['+', '-', '*', '/']</arg>
<arg>Click Operator</arg>
<arg>${step}</arg>
<arg>ELSE IF</arg>
<arg>'${step}' == '='</arg>
<arg>Click Equals</arg>
<arg>ELSE IF</arg>
<arg>'${step}' == '.'</arg>
<arg>Click Decimal</arg>
<arg>ELSE</arg>
<arg>Click Number</arg>
<arg>${step}</arg>
<doc>Runs the given keyword with the given arguments, if ``condition`` is true.</doc>
<status status="PASS" start="2025-04-29T16:05:53.309807" elapsed="0.044511"/>
</kw>
<kw name="Evaluate" owner="BuiltIn">
<msg time="2025-04-29T16:05:53.354625" level="INFO">${step_count} = 4</msg>
<var>${step_count}</var>
<arg>${step_count} + 1</arg>
<doc>Evaluates the given expression in Python and returns the result.</doc>
<status status="PASS" start="2025-04-29T16:05:53.354438" elapsed="0.000213"/>
</kw>
<var name="${step}">-</var>
<status status="PASS" start="2025-04-29T16:05:53.309708" elapsed="0.044984"/>
</iter>
<iter>
<kw name="Run Keyword If" owner="BuiltIn">
<kw name="Click Number" owner="calculator_keywords">
<kw name="Split String To Characters" owner="String">
<msg time="2025-04-29T16:05:53.355573" level="INFO">${digits} = ['2']</msg>
<var>${digits}</var>
<arg>${number}</arg>
<doc>Splits the given ``string`` to characters.</doc>
<status status="PASS" start="2025-04-29T16:05:53.355443" elapsed="0.000155"/>
</kw>
<for flavor="IN">
<iter>
<kw name="Format String" owner="String">
<msg time="2025-04-29T16:05:53.356995" level="INFO">${button_locator} = css=[data-testid='number-2']</msg>
<var>${button_locator}</var>
<arg>${selectors.calculator.number_button}</arg>
<arg>${digit}</arg>
<doc>Formats a ``template`` using the given ``positional`` and ``named`` arguments.</doc>
<status status="PASS" start="2025-04-29T16:05:53.355842" elapsed="0.001181"/>
</kw>
<kw name="Click Element" owner="SeleniumLibrary">
<msg time="2025-04-29T16:05:53.357282" level="INFO">Clicking element 'css=[data-testid='number-2']'.</msg>
<arg>${button_locator}</arg>
<doc>Click the element identified by ``locator``.</doc>
<status status="PASS" start="2025-04-29T16:05:53.357128" elapsed="0.031521"/>
</kw>
<var name="${digit}">2</var>
<status status="PASS" start="2025-04-29T16:05:53.355767" elapsed="0.032979"/>
</iter>
<var>${digit}</var>
<value>@{digits}</value>
<status status="PASS" start="2025-04-29T16:05:53.355651" elapsed="0.033143"/>
</for>
<kw name="Log" owner="BuiltIn">
<msg time="2025-04-29T16:05:53.389139" level="INFO">Clicked number: 2</msg>
<arg>Clicked number: ${number}</arg>
<doc>Logs the given message with the given level.</doc>
<status status="PASS" start="2025-04-29T16:05:53.388941" elapsed="0.000243"/>
</kw>
<arg>${step}</arg>
<status status="PASS" start="2025-04-29T16:05:53.355211" elapsed="0.034039"/>
</kw>
<arg>'${step}' in ['+', '-', '*', '/']</arg>
<arg>Click Operator</arg>
<arg>${step}</arg>
<arg>ELSE IF</arg>
<arg>'${step}' == '='</arg>
<arg>Click Equals</arg>
<arg>ELSE IF</arg>
<arg>'${step}' == '.'</arg>
<arg>Click Decimal</arg>
<arg>ELSE</arg>
<arg>Click Number</arg>
<arg>${step}</arg>
<doc>Runs the given keyword with the given arguments, if ``condition`` is true.</doc>
<status status="PASS" start="2025-04-29T16:05:53.354886" elapsed="0.034409"/>
</kw>
<kw name="Evaluate" owner="BuiltIn">
<msg time="2025-04-29T16:05:53.389595" level="INFO">${step_count} = 5</msg>
<var>${step_count}</var>
<arg>${step_count} + 1</arg>
<doc>Evaluates the given expression in Python and returns the result.</doc>
<status status="PASS" start="2025-04-29T16:05:53.389411" elapsed="0.000209"/>
</kw>
<var name="${step}">2</var>
<status status="PASS" start="2025-04-29T16:05:53.354800" elapsed="0.034858"/>
</iter>
<iter>
<kw name="Run Keyword If" owner="BuiltIn">
<kw name="Click Equals" owner="calculator_keywords">
<kw name="Click Element" owner="SeleniumLibrary">
<msg time="2025-04-29T16:05:53.390675" level="INFO">Clicking element 'css=[data-testid='equals-button']'.</msg>
<arg>${selectors.calculator.equals_button}</arg>
<doc>Click the element identified by ``locator``.</doc>
<status status="PASS" start="2025-04-29T16:05:53.390311" elapsed="0.032856"/>
</kw>
<kw name="Log" owner="BuiltIn">
<msg time="2025-04-29T16:05:53.423499" level="INFO">Clicked equals button</msg>
<arg>Clicked equals button</arg>
<doc>Logs the given message with the given level.</doc>
<status status="PASS" start="2025-04-29T16:05:53.423355" elapsed="0.000186"/>
</kw>
<status status="PASS" start="2025-04-29T16:05:53.390122" elapsed="0.033486"/>
</kw>
<arg>'${step}' in ['+', '-', '*', '/']</arg>
<arg>Click Operator</arg>
<arg>${step}</arg>
<arg>ELSE IF</arg>
<arg>'${step}' == '='</arg>
<arg>Click Equals</arg>
<arg>ELSE IF</arg>
<arg>'${step}' == '.'</arg>
<arg>Click Decimal</arg>
<arg>ELSE</arg>
<arg>Click Number</arg>
<arg>${step}</arg>
<doc>Runs the given keyword with the given arguments, if ``condition`` is true.</doc>
<status status="PASS" start="2025-04-29T16:05:53.389841" elapsed="0.033810"/>
</kw>
<kw name="Evaluate" owner="BuiltIn">
<msg time="2025-04-29T16:05:53.424141" level="INFO">${step_count} = 6</msg>
<var>${step_count}</var>
<arg>${step_count} + 1</arg>
<doc>Evaluates the given expression in Python and returns the result.</doc>
<status status="PASS" start="2025-04-29T16:05:53.423891" elapsed="0.000277"/>
</kw>
<var name="${step}">=</var>
<status status="PASS" start="2025-04-29T16:05:53.389756" elapsed="0.034453"/>
</iter>
<var>${step}</var>
<value>@{steps}</value>
<status status="PASS" start="2025-04-29T16:05:53.185980" elapsed="0.238268"/>
</for>
<kw name="Log" owner="BuiltIn">
<msg time="2025-04-29T16:05:53.424498" level="INFO">Performed complex calculation: ['5', '*', '3', '-', '2', '=']</msg>
<arg>Performed complex calculation: @{steps}</arg>
<doc>Logs the given message with the given level.</doc>
<status status="PASS" start="2025-04-29T16:05:53.424354" elapsed="0.000182"/>
</kw>
<arg>${num1}</arg>
<arg>${operator1}</arg>
<arg>${num2}</arg>
<arg>${operator2}</arg>
<arg>${num3}</arg>
<arg>=</arg>
<status status="PASS" start="2025-04-29T16:05:53.185442" elapsed="0.239175"/>
</kw>
<kw name="Verify Calculator State" owner="calculator_keywords">
<kw name="Verify Display Shows" owner="calculator_keywords">
<kw name="Wait Until Page Contains Element" owner="SeleniumLibrary">
<arg>${selectors.calculator.display}</arg>
<doc>Waits until the element ``locator`` appears on the current page.</doc>
<status status="PASS" start="2025-04-29T16:05:53.425567" elapsed="0.005053"/>
</kw>
<kw name="Get Text" owner="SeleniumLibrary">
<msg time="2025-04-29T16:05:53.441572" level="INFO">${actual_value} = 13</msg>
<var>${actual_value}</var>
<arg>${selectors.calculator.display}</arg>
<doc>Returns the text value of the element identified by ``locator``.</doc>
<status status="PASS" start="2025-04-29T16:05:53.430857" elapsed="0.010762"/>
</kw>
<kw name="Should Be Equal As Strings" owner="BuiltIn">
<arg>${actual_value}</arg>
<arg>${expected_value}</arg>
<doc>Fails if objects are unequal after converting them to strings.</doc>
<status status="PASS" start="2025-04-29T16:05:53.441799" elapsed="0.000286"/>
</kw>
<kw name="Log" owner="BuiltIn">
<msg time="2025-04-29T16:05:53.442436" level="INFO">Verified display shows: 13</msg>
<arg>Verified display shows: ${expected_value}</arg>
<doc>Logs the given message with the given level.</doc>
<status status="PASS" start="2025-04-29T16:05:53.442263" elapsed="0.000218"/>
</kw>
<arg>${expected_display}</arg>
<status status="PASS" start="2025-04-29T16:05:53.425280" elapsed="0.017843"/>
</kw>
<kw name="Run Keyword If" owner="BuiltIn">
<arg>'${expected_equation}' != '${EMPTY}'</arg>
<arg>Verify Equation Shows</arg>
<arg>${expected_equation}</arg>
<doc>Runs the given keyword with the given arguments, if ``condition`` is true.</doc>
<status status="PASS" start="2025-04-29T16:05:53.443298" elapsed="0.000658"/>
</kw>
<kw name="Log" owner="BuiltIn">
<msg time="2025-04-29T16:05:53.444456" level="INFO">Verified calculator state - Display: 13, Equation: </msg>
<arg>Verified calculator state - Display: ${expected_display}, Equation: ${expected_equation}</arg>
<doc>Logs the given message with the given level.</doc>
<status status="PASS" start="2025-04-29T16:05:53.444171" elapsed="0.000355"/>
</kw>
<arg>${expected}</arg>
<status status="PASS" start="2025-04-29T16:05:53.424757" elapsed="0.019879"/>
</kw>
<arg>5</arg>
<arg>*</arg>
<arg>3</arg>
<arg>-</arg>
<arg>2</arg>
<arg>13</arg>
<status status="PASS" start="2025-04-29T16:05:53.152679" elapsed="0.292031"/>
</kw>
<kw name="Close Browser" owner="SeleniumLibrary" type="TEARDOWN">
<doc>Closes the current browser.</doc>
<status status="PASS" start="2025-04-29T16:05:53.447786" elapsed="0.063593"/>
</kw>
<status status="PASS" start="2025-04-29T16:05:51.317762" elapsed="2.193778"/>
</test>
<status status="PASS" start="2025-04-29T16:05:29.568530" elapsed="23.943660"/>
</suite>
<statistics>
<total>
<stat pass="13" fail="0" skip="0">All Tests</stat>
</total>
<tag>
</tag>
<suite>
<stat name="Calculator Tests" id="s1" pass="13" fail="0" skip="0">Calculator Tests</stat>
</suite>
</statistics>
<errors>
</errors>
</robot>
