<?xml version="1.0" encoding="UTF-8"?>
<robot generator="Robot 7.2.2 (Python 3.10.12 on linux)" generated="2025-04-24T11:50:36.961517" rpa="false" schemaversion="5">
<suite id="s1" name="Calculator Tests &amp; Note Management &amp; Text Editor Tests &amp; Todo Tests">
<suite id="s1-s1" name="Calculator Tests" source="/home/nguyenvh/Sync/3a/stage_stet/projet_dho/mock-interface/tests/calculator_tests.robot">
<test id="s1-s1-t1" name="Basic Addition" line="6">
<kw name="Open Calculator" owner="calculator_keywords">
<kw name="Open Browser" owner="SeleniumLibrary">
<msg time="2025-04-24T11:50:37.081009" level="INFO">Opening browser 'firefox' to base url 'http://localhost:3000'.</msg>
<arg>${app.url}</arg>
<arg>firefox</arg>
<doc>Opens a new browser instance to the optional ``url``.</doc>
<status status="PASS" start="2025-04-24T11:50:37.080556" elapsed="2.594327"/>
</kw>
<kw name="Wait Until Element Is Visible" owner="SeleniumLibrary">
<msg time="2025-04-24T11:50:44.829964" level="INFO" html="true">&lt;/td&gt;&lt;/tr&gt;&lt;tr&gt;&lt;td colspan="3"&gt;&lt;a href="selenium-screenshot-1.png"&gt;&lt;img src="selenium-screenshot-1.png" width="800px"&gt;&lt;/a&gt;</msg>
<msg time="2025-04-24T11:50:44.830163" level="FAIL">Element 'css=.font-mono.text-3xl' not visible after 5 seconds.</msg>
<arg>${CALCULATOR_DISPLAY}</arg>
<doc>Waits until the element ``locator`` is visible.</doc>
<status status="FAIL" start="2025-04-24T11:50:39.675343" elapsed="5.155259">Element 'css=.font-mono.text-3xl' not visible after 5 seconds.</status>
</kw>
<status status="FAIL" start="2025-04-24T11:50:37.080018" elapsed="7.750765">Element 'css=.font-mono.text-3xl' not visible after 5 seconds.</status>
</kw>
<kw name="Perform Calculation" owner="calculator_keywords">
<arg>2</arg>
<arg>+</arg>
<arg>3</arg>
<status status="NOT RUN" start="2025-04-24T11:50:44.831128" elapsed="0.000072"/>
</kw>
<kw name="Verify Display Shows" owner="calculator_keywords">
<arg>5</arg>
<status status="NOT RUN" start="2025-04-24T11:50:44.831406" elapsed="0.000032"/>
</kw>
<kw name="Close Browser" owner="SeleniumLibrary" type="TEARDOWN">
<doc>Closes the current browser.</doc>
<status status="PASS" start="2025-04-24T11:50:44.831708" elapsed="0.680078"/>
</kw>
<status status="FAIL" start="2025-04-24T11:50:37.079426" elapsed="8.432504">Element 'css=.font-mono.text-3xl' not visible after 5 seconds.</status>
</test>
<test id="s1-s1-t2" name="Basic Subtraction" line="12">
<kw name="Open Calculator" owner="calculator_keywords">
<kw name="Open Browser" owner="SeleniumLibrary">
<msg time="2025-04-24T11:50:45.513285" level="INFO">Opening browser 'firefox' to base url 'http://localhost:3000'.</msg>
<arg>${app.url}</arg>
<arg>firefox</arg>
<doc>Opens a new browser instance to the optional ``url``.</doc>
<status status="PASS" start="2025-04-24T11:50:45.512823" elapsed="2.506136"/>
</kw>
<kw name="Wait Until Element Is Visible" owner="SeleniumLibrary">
<msg time="2025-04-24T11:50:53.172858" level="INFO" html="true">&lt;/td&gt;&lt;/tr&gt;&lt;tr&gt;&lt;td colspan="3"&gt;&lt;a href="selenium-screenshot-2.png"&gt;&lt;img src="selenium-screenshot-2.png" width="800px"&gt;&lt;/a&gt;</msg>
<msg time="2025-04-24T11:50:53.173052" level="FAIL">Element 'css=.font-mono.text-3xl' not visible after 5 seconds.</msg>
<arg>${CALCULATOR_DISPLAY}</arg>
<doc>Waits until the element ``locator`` is visible.</doc>
<status status="FAIL" start="2025-04-24T11:50:48.019260" elapsed="5.153917">Element 'css=.font-mono.text-3xl' not visible after 5 seconds.</status>
</kw>
<status status="FAIL" start="2025-04-24T11:50:45.512566" elapsed="7.660744">Element 'css=.font-mono.text-3xl' not visible after 5 seconds.</status>
</kw>
<kw name="Perform Calculation" owner="calculator_keywords">
<arg>8</arg>
<arg>-</arg>
<arg>3</arg>
<status status="NOT RUN" start="2025-04-24T11:50:53.173541" elapsed="0.000040"/>
</kw>
<kw name="Verify Display Shows" owner="calculator_keywords">
<arg>5</arg>
<status status="NOT RUN" start="2025-04-24T11:50:53.173721" elapsed="0.000026"/>
</kw>
<kw name="Close Browser" owner="SeleniumLibrary" type="TEARDOWN">
<doc>Closes the current browser.</doc>
<status status="PASS" start="2025-04-24T11:50:53.173982" elapsed="0.686087"/>
</kw>
<status status="FAIL" start="2025-04-24T11:50:45.512213" elapsed="8.348099">Element 'css=.font-mono.text-3xl' not visible after 5 seconds.</status>
</test>
<test id="s1-s1-t3" name="Basic Multiplication" line="18">
<kw name="Open Calculator" owner="calculator_keywords">
<kw name="Open Browser" owner="SeleniumLibrary">
<msg time="2025-04-24T11:50:53.862190" level="INFO">Opening browser 'firefox' to base url 'http://localhost:3000'.</msg>
<arg>${app.url}</arg>
<arg>firefox</arg>
<doc>Opens a new browser instance to the optional ``url``.</doc>
<status status="PASS" start="2025-04-24T11:50:53.861485" elapsed="2.598780"/>
</kw>
<kw name="Wait Until Element Is Visible" owner="SeleniumLibrary">
<msg time="2025-04-24T11:51:01.609632" level="INFO" html="true">&lt;/td&gt;&lt;/tr&gt;&lt;tr&gt;&lt;td colspan="3"&gt;&lt;a href="selenium-screenshot-3.png"&gt;&lt;img src="selenium-screenshot-3.png" width="800px"&gt;&lt;/a&gt;</msg>
<msg time="2025-04-24T11:51:01.609782" level="FAIL">Element 'css=.font-mono.text-3xl' not visible after 5 seconds.</msg>
<arg>${CALCULATOR_DISPLAY}</arg>
<doc>Waits until the element ``locator`` is visible.</doc>
<status status="FAIL" start="2025-04-24T11:50:56.460470" elapsed="5.149432">Element 'css=.font-mono.text-3xl' not visible after 5 seconds.</status>
</kw>
<status status="FAIL" start="2025-04-24T11:50:53.861148" elapsed="7.748892">Element 'css=.font-mono.text-3xl' not visible after 5 seconds.</status>
</kw>
<kw name="Perform Calculation" owner="calculator_keywords">
<arg>4</arg>
<arg>*</arg>
<arg>3</arg>
<status status="NOT RUN" start="2025-04-24T11:51:01.610258" elapsed="0.000039"/>
</kw>
<kw name="Verify Display Shows" owner="calculator_keywords">
<arg>12</arg>
<status status="NOT RUN" start="2025-04-24T11:51:01.610423" elapsed="0.000024"/>
</kw>
<kw name="Close Browser" owner="SeleniumLibrary" type="TEARDOWN">
<doc>Closes the current browser.</doc>
<status status="PASS" start="2025-04-24T11:51:01.610649" elapsed="0.762625"/>
</kw>
<status status="FAIL" start="2025-04-24T11:50:53.860671" elapsed="8.512773">Element 'css=.font-mono.text-3xl' not visible after 5 seconds.</status>
</test>
<test id="s1-s1-t4" name="Basic Division" line="24">
<kw name="Open Calculator" owner="calculator_keywords">
<kw name="Open Browser" owner="SeleniumLibrary">
<msg time="2025-04-24T11:51:02.375504" level="INFO">Opening browser 'firefox' to base url 'http://localhost:3000'.</msg>
<arg>${app.url}</arg>
<arg>firefox</arg>
<doc>Opens a new browser instance to the optional ``url``.</doc>
<status status="PASS" start="2025-04-24T11:51:02.374746" elapsed="2.509111"/>
</kw>
<kw name="Wait Until Element Is Visible" owner="SeleniumLibrary">
<msg time="2025-04-24T11:51:09.921417" level="INFO" html="true">&lt;/td&gt;&lt;/tr&gt;&lt;tr&gt;&lt;td colspan="3"&gt;&lt;a href="selenium-screenshot-4.png"&gt;&lt;img src="selenium-screenshot-4.png" width="800px"&gt;&lt;/a&gt;</msg>
<msg time="2025-04-24T11:51:09.921575" level="FAIL">Element 'css=.font-mono.text-3xl' not visible after 5 seconds.</msg>
<arg>${CALCULATOR_DISPLAY}</arg>
<doc>Waits until the element ``locator`` is visible.</doc>
<status status="FAIL" start="2025-04-24T11:51:04.884224" elapsed="5.037468">Element 'css=.font-mono.text-3xl' not visible after 5 seconds.</status>
</kw>
<status status="FAIL" start="2025-04-24T11:51:02.374371" elapsed="7.547450">Element 'css=.font-mono.text-3xl' not visible after 5 seconds.</status>
</kw>
<kw name="Perform Calculation" owner="calculator_keywords">
<arg>15</arg>
<arg>/</arg>
<arg>3</arg>
<status status="NOT RUN" start="2025-04-24T11:51:09.922052" elapsed="0.000040"/>
</kw>
<kw name="Verify Display Shows" owner="calculator_keywords">
<arg>5</arg>
<status status="NOT RUN" start="2025-04-24T11:51:09.922223" elapsed="0.000026"/>
</kw>
<kw name="Close Browser" owner="SeleniumLibrary" type="TEARDOWN">
<doc>Closes the current browser.</doc>
<status status="PASS" start="2025-04-24T11:51:09.922453" elapsed="0.657994"/>
</kw>
<status status="FAIL" start="2025-04-24T11:51:02.373829" elapsed="8.206853">Element 'css=.font-mono.text-3xl' not visible after 5 seconds.</status>
</test>
<test id="s1-s1-t5" name="Clear Function" line="30">
<kw name="Open Calculator" owner="calculator_keywords">
<kw name="Open Browser" owner="SeleniumLibrary">
<msg time="2025-04-24T11:51:10.582106" level="INFO">Opening browser 'firefox' to base url 'http://localhost:3000'.</msg>
<arg>${app.url}</arg>
<arg>firefox</arg>
<doc>Opens a new browser instance to the optional ``url``.</doc>
<status status="PASS" start="2025-04-24T11:51:10.581615" elapsed="2.657944"/>
</kw>
<kw name="Wait Until Element Is Visible" owner="SeleniumLibrary">
<msg time="2025-04-24T11:51:18.403866" level="INFO" html="true">&lt;/td&gt;&lt;/tr&gt;&lt;tr&gt;&lt;td colspan="3"&gt;&lt;a href="selenium-screenshot-5.png"&gt;&lt;img src="selenium-screenshot-5.png" width="800px"&gt;&lt;/a&gt;</msg>
<msg time="2025-04-24T11:51:18.404024" level="FAIL">Element 'css=.font-mono.text-3xl' not visible after 5 seconds.</msg>
<arg>${CALCULATOR_DISPLAY}</arg>
<doc>Waits until the element ``locator`` is visible.</doc>
<status status="FAIL" start="2025-04-24T11:51:13.239877" elapsed="5.164266">Element 'css=.font-mono.text-3xl' not visible after 5 seconds.</status>
</kw>
<status status="FAIL" start="2025-04-24T11:51:10.581360" elapsed="7.822916">Element 'css=.font-mono.text-3xl' not visible after 5 seconds.</status>
</kw>
<kw name="Click Number" owner="calculator_keywords">
<arg>1</arg>
<status status="NOT RUN" start="2025-04-24T11:51:18.404493" elapsed="0.000037"/>
</kw>
<kw name="Click Number" owner="calculator_keywords">
<arg>2</arg>
<status status="NOT RUN" start="2025-04-24T11:51:18.404644" elapsed="0.000024"/>
</kw>
<kw name="Click Number" owner="calculator_keywords">
<arg>3</arg>
<status status="NOT RUN" start="2025-04-24T11:51:18.404774" elapsed="0.000022"/>
</kw>
<kw name="Click Clear" owner="calculator_keywords">
<status status="NOT RUN" start="2025-04-24T11:51:18.404892" elapsed="0.000029"/>
</kw>
<kw name="Verify Display Shows" owner="calculator_keywords">
<arg>0</arg>
<status status="NOT RUN" start="2025-04-24T11:51:18.405017" elapsed="0.000022"/>
</kw>
<kw name="Close Browser" owner="SeleniumLibrary" type="TEARDOWN">
<doc>Closes the current browser.</doc>
<status status="PASS" start="2025-04-24T11:51:18.405274" elapsed="0.656701"/>
</kw>
<status status="FAIL" start="2025-04-24T11:51:10.580996" elapsed="8.481141">Element 'css=.font-mono.text-3xl' not visible after 5 seconds.</status>
</test>
<test id="s1-s1-t6" name="Complex Calculation" line="39">
<kw name="Open Calculator" owner="calculator_keywords">
<kw name="Open Browser" owner="SeleniumLibrary">
<msg time="2025-04-24T11:51:19.063713" level="INFO">Opening browser 'firefox' to base url 'http://localhost:3000'.</msg>
<arg>${app.url}</arg>
<arg>firefox</arg>
<doc>Opens a new browser instance to the optional ``url``.</doc>
<status status="PASS" start="2025-04-24T11:51:19.063215" elapsed="2.689724"/>
</kw>
<kw name="Wait Until Element Is Visible" owner="SeleniumLibrary">
<msg time="2025-04-24T11:51:26.978583" level="INFO" html="true">&lt;/td&gt;&lt;/tr&gt;&lt;tr&gt;&lt;td colspan="3"&gt;&lt;a href="selenium-screenshot-6.png"&gt;&lt;img src="selenium-screenshot-6.png" width="800px"&gt;&lt;/a&gt;</msg>
<msg time="2025-04-24T11:51:26.978741" level="FAIL">Element 'css=.font-mono.text-3xl' not visible after 5 seconds.</msg>
<arg>${CALCULATOR_DISPLAY}</arg>
<doc>Waits until the element ``locator`` is visible.</doc>
<status status="FAIL" start="2025-04-24T11:51:21.753261" elapsed="5.225598">Element 'css=.font-mono.text-3xl' not visible after 5 seconds.</status>
</kw>
<status status="FAIL" start="2025-04-24T11:51:19.062859" elapsed="7.916140">Element 'css=.font-mono.text-3xl' not visible after 5 seconds.</status>
</kw>
<kw name="Click Number" owner="calculator_keywords">
<arg>1</arg>
<status status="NOT RUN" start="2025-04-24T11:51:26.979211" elapsed="0.000037"/>
</kw>
<kw name="Click Number" owner="calculator_keywords">
<arg>0</arg>
<status status="NOT RUN" start="2025-04-24T11:51:26.979362" elapsed="0.000024"/>
</kw>
<kw name="Click Operator" owner="calculator_keywords">
<arg>+</arg>
<status status="NOT RUN" start="2025-04-24T11:51:26.979486" elapsed="0.000022"/>
</kw>
<kw name="Click Number" owner="calculator_keywords">
<arg>5</arg>
<status status="NOT RUN" start="2025-04-24T11:51:26.979611" elapsed="0.000174"/>
</kw>
<kw name="Click Operator" owner="calculator_keywords">
<arg>*</arg>
<status status="NOT RUN" start="2025-04-24T11:51:26.979898" elapsed="0.000028"/>
</kw>
<kw name="Click Number" owner="calculator_keywords">
<arg>2</arg>
<status status="NOT RUN" start="2025-04-24T11:51:26.980023" elapsed="0.000022"/>
</kw>
<kw name="Click Equals" owner="calculator_keywords">
<status status="NOT RUN" start="2025-04-24T11:51:26.980139" elapsed="0.000021"/>
</kw>
<kw name="Verify Display Shows" owner="calculator_keywords">
<arg>30</arg>
<status status="NOT RUN" start="2025-04-24T11:51:26.980254" elapsed="0.000021"/>
</kw>
<kw name="Close Browser" owner="SeleniumLibrary" type="TEARDOWN">
<doc>Closes the current browser.</doc>
<status status="PASS" start="2025-04-24T11:51:26.980489" elapsed="0.669786"/>
</kw>
<status status="FAIL" start="2025-04-24T11:51:19.062430" elapsed="8.588015">Element 'css=.font-mono.text-3xl' not visible after 5 seconds.</status>
</test>
<test id="s1-s1-t7" name="Error Handling" line="51">
<kw name="Open Calculator" owner="calculator_keywords">
<kw name="Open Browser" owner="SeleniumLibrary">
<msg time="2025-04-24T11:51:27.652238" level="INFO">Opening browser 'firefox' to base url 'http://localhost:3000'.</msg>
<arg>${app.url}</arg>
<arg>firefox</arg>
<doc>Opens a new browser instance to the optional ``url``.</doc>
<status status="PASS" start="2025-04-24T11:51:27.651566" elapsed="2.516704"/>
</kw>
<kw name="Wait Until Element Is Visible" owner="SeleniumLibrary">
<msg time="2025-04-24T11:51:35.304206" level="INFO" html="true">&lt;/td&gt;&lt;/tr&gt;&lt;tr&gt;&lt;td colspan="3"&gt;&lt;a href="selenium-screenshot-7.png"&gt;&lt;img src="selenium-screenshot-7.png" width="800px"&gt;&lt;/a&gt;</msg>
<msg time="2025-04-24T11:51:35.304348" level="FAIL">Element 'css=.font-mono.text-3xl' not visible after 5 seconds.</msg>
<arg>${CALCULATOR_DISPLAY}</arg>
<doc>Waits until the element ``locator`` is visible.</doc>
<status status="FAIL" start="2025-04-24T11:51:30.168511" elapsed="5.135946">Element 'css=.font-mono.text-3xl' not visible after 5 seconds.</status>
</kw>
<status status="FAIL" start="2025-04-24T11:51:27.651209" elapsed="7.653374">Element 'css=.font-mono.text-3xl' not visible after 5 seconds.</status>
</kw>
<kw name="Click Number" owner="calculator_keywords">
<arg>1</arg>
<status status="NOT RUN" start="2025-04-24T11:51:35.304786" elapsed="0.000038"/>
</kw>
<kw name="Click Operator" owner="calculator_keywords">
<arg>/</arg>
<status status="NOT RUN" start="2025-04-24T11:51:35.304947" elapsed="0.000025"/>
</kw>
<kw name="Click Number" owner="calculator_keywords">
<arg>0</arg>
<status status="NOT RUN" start="2025-04-24T11:51:35.305068" elapsed="0.000028"/>
</kw>
<kw name="Click Equals" owner="calculator_keywords">
<status status="NOT RUN" start="2025-04-24T11:51:35.305191" elapsed="0.000021"/>
</kw>
<kw name="Verify Display Shows" owner="calculator_keywords">
<arg>Error</arg>
<status status="NOT RUN" start="2025-04-24T11:51:35.305303" elapsed="0.000021"/>
</kw>
<kw name="Close Browser" owner="SeleniumLibrary" type="TEARDOWN">
<doc>Closes the current browser.</doc>
<status status="PASS" start="2025-04-24T11:51:35.305520" elapsed="0.692926"/>
</kw>
<status status="FAIL" start="2025-04-24T11:51:27.650743" elapsed="8.347953">Element 'css=.font-mono.text-3xl' not visible after 5 seconds.</status>
</test>
<test id="s1-s1-t8" name="Decimal Numbers" line="60">
<kw name="Open Calculator" owner="calculator_keywords">
<kw name="Open Browser" owner="SeleniumLibrary">
<msg time="2025-04-24T11:51:36.001308" level="INFO">Opening browser 'firefox' to base url 'http://localhost:3000'.</msg>
<arg>${app.url}</arg>
<arg>firefox</arg>
<doc>Opens a new browser instance to the optional ``url``.</doc>
<status status="PASS" start="2025-04-24T11:51:36.000327" elapsed="2.464451"/>
</kw>
<kw name="Wait Until Element Is Visible" owner="SeleniumLibrary">
<msg time="2025-04-24T11:51:43.626205" level="INFO" html="true">&lt;/td&gt;&lt;/tr&gt;&lt;tr&gt;&lt;td colspan="3"&gt;&lt;a href="selenium-screenshot-8.png"&gt;&lt;img src="selenium-screenshot-8.png" width="800px"&gt;&lt;/a&gt;</msg>
<msg time="2025-04-24T11:51:43.626378" level="FAIL">Element 'css=.font-mono.text-3xl' not visible after 5 seconds.</msg>
<arg>${CALCULATOR_DISPLAY}</arg>
<doc>Waits until the element ``locator`` is visible.</doc>
<status status="FAIL" start="2025-04-24T11:51:38.465056" elapsed="5.161441">Element 'css=.font-mono.text-3xl' not visible after 5 seconds.</status>
</kw>
<status status="FAIL" start="2025-04-24T11:51:35.999772" elapsed="7.626881">Element 'css=.font-mono.text-3xl' not visible after 5 seconds.</status>
</kw>
<kw name="Click Number" owner="calculator_keywords">
<arg>1</arg>
<status status="NOT RUN" start="2025-04-24T11:51:43.626866" elapsed="0.000045"/>
</kw>
<kw name="Click Number" owner="calculator_keywords">
<arg>.</arg>
<status status="NOT RUN" start="2025-04-24T11:51:43.627037" elapsed="0.000025"/>
</kw>
<kw name="Click Number" owner="calculator_keywords">
<arg>5</arg>
<status status="NOT RUN" start="2025-04-24T11:51:43.627159" elapsed="0.000166"/>
</kw>
<kw name="Click Operator" owner="calculator_keywords">
<arg>*</arg>
<status status="NOT RUN" start="2025-04-24T11:51:43.627460" elapsed="0.000025"/>
</kw>
<kw name="Click Number" owner="calculator_keywords">
<arg>2</arg>
<status status="NOT RUN" start="2025-04-24T11:51:43.627581" elapsed="0.000022"/>
</kw>
<kw name="Click Equals" owner="calculator_keywords">
<status status="NOT RUN" start="2025-04-24T11:51:43.627700" elapsed="0.000021"/>
</kw>
<kw name="Verify Display Shows" owner="calculator_keywords">
<arg>3</arg>
<status status="NOT RUN" start="2025-04-24T11:51:43.627815" elapsed="0.000021"/>
</kw>
<kw name="Close Browser" owner="SeleniumLibrary" type="TEARDOWN">
<doc>Closes the current browser.</doc>
<status status="PASS" start="2025-04-24T11:51:43.628040" elapsed="0.663729"/>
</kw>
<status status="FAIL" start="2025-04-24T11:51:35.999131" elapsed="8.292906">Element 'css=.font-mono.text-3xl' not visible after 5 seconds.</status>
</test>
<status status="FAIL" start="2025-04-24T11:50:36.976223" elapsed="67.316490"/>
</suite>
<suite id="s1-s2" name="Note Management" source="/home/nguyenvh/Sync/3a/stage_stet/projet_dho/mock-interface/tests/note_management.robot">
<test id="s1-s2-t1" name="Basic Note Creation" line="6">
<kw name="Open App In Browser" owner="note_keywords">
<kw name="Log" owner="BuiltIn">
<msg time="2025-04-24T11:51:44.309639" level="INFO">Opening browser to URL: http://localhost:3000</msg>
<arg>Opening browser to URL: ${app.url}</arg>
<doc>Logs the given message with the given level.</doc>
<status status="PASS" start="2025-04-24T11:51:44.309218" elapsed="0.000482"/>
</kw>
<kw name="Open Browser" owner="SeleniumLibrary">
<msg time="2025-04-24T11:51:44.310246" level="INFO">Opening browser 'firefox' to base url 'http://localhost:3000'.</msg>
<arg>${app.url}</arg>
<arg>firefox</arg>
<doc>Opens a new browser instance to the optional ``url``.</doc>
<status status="PASS" start="2025-04-24T11:51:44.309839" elapsed="2.488253"/>
</kw>
<kw name="Set Selenium Timeout" owner="SeleniumLibrary">
<arg>${timeouts.selenium_timeout}</arg>
<doc>Sets the timeout that is used by various keywords.</doc>
<status status="PASS" start="2025-04-24T11:51:46.798406" elapsed="0.007942"/>
</kw>
<kw name="Get Title" owner="SeleniumLibrary">
<msg time="2025-04-24T11:51:46.808006" level="INFO">${title} = Todo App</msg>
<var>${title}</var>
<doc>Returns the title of the current page.</doc>
<status status="PASS" start="2025-04-24T11:51:46.806562" elapsed="0.001490"/>
</kw>
<kw name="Log" owner="BuiltIn">
<msg time="2025-04-24T11:51:46.808395" level="INFO">Page title: Todo App</msg>
<arg>Page title: ${title}</arg>
<doc>Logs the given message with the given level.</doc>
<status status="PASS" start="2025-04-24T11:51:46.808216" elapsed="0.000222"/>
</kw>
<kw name="Run Keyword And Return Status" owner="BuiltIn">
<kw name="Page Should Contain Element" owner="SeleniumLibrary">
<msg time="2025-04-24T11:51:46.896156" level="INFO" html="true">&lt;/td&gt;&lt;/tr&gt;&lt;tr&gt;&lt;td colspan="3"&gt;&lt;a href="selenium-screenshot-9.png"&gt;&lt;img src="selenium-screenshot-9.png" width="800px"&gt;&lt;/a&gt;</msg>
<msg time="2025-04-24T11:51:46.896297" level="FAIL">Page should have contained element 'css=input[placeholder='Note title']' but did not.</msg>
<arg>${selectors.note_title_input}</arg>
<doc>Verifies that element ``locator`` is found on the current page.</doc>
<status status="FAIL" start="2025-04-24T11:51:46.808693" elapsed="0.087908">Page should have contained element 'css=input[placeholder='Note title']' but did not.</status>
</kw>
<msg time="2025-04-24T11:51:46.896733" level="INFO">${element_present} = False</msg>
<var>${element_present}</var>
<arg>Page Should Contain Element</arg>
<arg>${selectors.note_title_input}</arg>
<doc>Runs the given keyword with given arguments and returns the status as a Boolean value.</doc>
<status status="PASS" start="2025-04-24T11:51:46.808548" elapsed="0.088209"/>
</kw>
<kw name="Log" owner="BuiltIn">
<msg time="2025-04-24T11:51:46.897325" level="INFO">Element present: False</msg>
<arg>Element present: ${element_present}</arg>
<doc>Logs the given message with the given level.</doc>
<status status="PASS" start="2025-04-24T11:51:46.896950" elapsed="0.000478"/>
</kw>
<kw name="Run Keyword If" owner="BuiltIn">
<kw name="Log Source" owner="SeleniumLibrary">
<msg time="2025-04-24T11:51:46.905498" level="INFO">&lt;html lang="en"&gt;&lt;head&gt;&lt;meta charset="utf-8"&gt;&lt;meta name="viewport" content="width=device-width, initial-scale=1"&gt;&lt;link rel="stylesheet" href="/_next/static/chunks/app_globals_73c37791.css" data-precedence="next_static/chunks/app_globals_73c37791.css"&gt;&lt;link rel="preload" as="script" fetchpriority="low" href="/_next/static/chunks/%5Bturbopack%5D_browser_dev_hmr-client_hmr-client_ts_fd44f5a4._.js"&gt;&lt;script src="/_next/static/chunks/node_modules_next_dist_compiled_2ce9398a._.js" async=""&gt;&lt;/script&gt;&lt;script src="/_next/static/chunks/node_modules_next_dist_client_8f19e6fb._.js" async=""&gt;&lt;/script&gt;&lt;script src="/_next/static/chunks/node_modules_next_dist_2ecbf5fa._.js" async=""&gt;&lt;/script&gt;&lt;script src="/_next/static/chunks/node_modules_%40swc_helpers_cjs_00636ac3._.js" async=""&gt;&lt;/script&gt;&lt;script src="/_next/static/chunks/_e69f0d32._.js" async=""&gt;&lt;/script&gt;&lt;script src="/_next/static/chunks/_93808211._.js" async=""&gt;&lt;/script&gt;&lt;script src="/_next/static/chunks/node_modules_next_dist_1a6ee436._.js" async=""&gt;&lt;/script&gt;&lt;script src="/_next/static/chunks/app_layout_tsx_c0237562._.js" async=""&gt;&lt;/script&gt;&lt;script src="/_next/static/chunks/_95cc09a3._.js" async=""&gt;&lt;/script&gt;&lt;script src="/_next/static/chunks/app_page_tsx_98a7fc26._.js" async=""&gt;&lt;/script&gt;&lt;title&gt;Todo App&lt;/title&gt;&lt;meta name="description" content="A todo application with intentional flaws for testing"&gt;&lt;script&gt;document.querySelectorAll('body link[rel="icon"], body link[rel="apple-touch-icon"]').forEach(el =&gt; document.head.appendChild(el))&lt;/script&gt;&lt;script src="/_next/static/chunks/node_modules_next_dist_build_polyfills_polyfill-nomodule.js" nomodule=""&gt;&lt;/script&gt;&lt;style&gt;@font-face{font-family:'__nextjs-Geist';font-style:normal;font-weight:400 600;font-display:swap;src:url(/__nextjs_font/geist-latin-ext.woff2) format('woff2');unicode-range:U+0100-02BA,U+02BD-02C5,U+02C7-02CC,U+02CE-02D7,U+02DD-02FF,U+0304,U+0308,U+0329,U+1D00-1DBF,U+1E00-1E9F,U+1EF2-1EFF,U+2020,U+20A0-20AB,U+20AD-20C0,U+2113,U+2C60-2C7F,U+A720-A7FF}@font-face{font-family:'__nextjs-Geist Mono';font-style:normal;font-weight:400 600;font-display:swap;src:url(/__nextjs_font/geist-mono-latin-ext.woff2) format('woff2');unicode-range:U+0100-02BA,U+02BD-02C5,U+02C7-02CC,U+02CE-02D7,U+02DD-02FF,U+0304,U+0308,U+0329,U+1D00-1DBF,U+1E00-1E9F,U+1EF2-1EFF,U+2020,U+20A0-20AB,U+20AD-20C0,U+2113,U+2C60-2C7F,U+A720-A7FF}@font-face{font-family:'__nextjs-Geist';font-style:normal;font-weight:400 600;font-display:swap;src:url(/__nextjs_font/geist-latin.woff2) format('woff2');unicode-range:U+0000-00FF,U+0131,U+0152-0153,U+02BB-02BC,U+02C6,U+02DA,U+02DC,U+0304,U+0308,U+0329,U+2000-206F,U+20AC,U+2122,U+2191,U+2193,U+2212,U+2215,U+FEFF,U+FFFD}@font-face{font-family:'__nextjs-Geist Mono';font-style:normal;font-weight:400 600;font-display:swap;src:url(/__nextjs_font/geist-mono-latin.woff2) format('woff2');unicode-range:U+0000-00FF,U+0131,U+0152-0153,U+02BB-02BC,U+02C6,U+02DA,U+02DC,U+0304,U+0308,U+0329,U+2000-206F,U+20AC,U+2122,U+2191,U+2193,U+2212,U+2215,U+FEFF,U+FFFD}&lt;/style&gt;&lt;/head&gt;&lt;body class="min-h-screen bg-gray-50"&gt;&lt;div class="container mx-auto px-4 py-8"&gt;&lt;div class="max-w-2xl mx-auto"&gt;&lt;div class="text-center mb-8"&gt;&lt;h1 class="text-3xl font-bold text-gray-900 mb-2"&gt;Productivity Tools&lt;/h1&gt;&lt;p class="text-gray-600"&gt;A collection of useful tools to boost your productivity&lt;/p&gt;&lt;/div&gt;&lt;div class="bg-white rounded-xl shadow-lg overflow-hidden"&gt;&lt;div class="border-b border-gray-200"&gt;&lt;nav class="flex -mb-px"&gt;&lt;button class="flex-1 py-4 px-6 text-center border-b-2 font-medium text-sm border-blue-500 text-blue-600"&gt;Todo List&lt;/button&gt;&lt;button class="flex-1 py-4 px-6 text-center border-b-2 font-medium text-sm border-transparent text-gray-500 hover:text-gray-700 hover:border-gray-300"&gt;Text Editor&lt;/button&gt;&lt;button class="flex-1 py-4 px-6 text-center border-b-2 font-medium text-sm border-transparent text-gray-500 hover:text-gray-700 hover:border-gray-300"&gt;Calculator&lt;/button&gt;&lt;button class="flex-1 py-4 px-6 text-center border-b-2 font-medium text-sm border-transparent text-gray-500 hover:text-gray-700 hover:border-gray-300"&gt;Notes&lt;/button&gt;&lt;/nav&gt;&lt;/div&gt;&lt;div class="p-6"&gt;&lt;div class="transition-all duration-300 ease-in-out"&gt;&lt;div class="max-w-md mx-auto"&gt;&lt;h1 class="text-2xl font-bold mb-4" data-testid="todo-header"&gt;Todo List&lt;/h1&gt;&lt;div class="flex mb-4"&gt;&lt;input type="text" class="flex-1 p-2 border rounded-l focus:outline-none focus:ring-2 focus:ring-blue-500" placeholder="Add a new todo" data-testid="todo-input" value=""&gt;&lt;button class="px-4 py-2 bg-blue-500 text-white rounded-r hover:bg-blue-600 focus:outline-none focus:ring-2 focus:ring-blue-500" data-testid="add-todo-button"&gt;Add&lt;/button&gt;&lt;/div&gt;&lt;ul class="space-y-2"&gt;&lt;/ul&gt;&lt;/div&gt;&lt;/div&gt;&lt;/div&gt;&lt;/div&gt;&lt;/div&gt;&lt;!--$--&gt;&lt;!--/$--&gt;&lt;!--$--&gt;&lt;!--/$--&gt;&lt;/div&gt;&lt;script src="/_next/static/chunks/%5Bturbopack%5D_browser_dev_hmr-client_hmr-client_ts_fd44f5a4._.js" async=""&gt;&lt;/script&gt;&lt;script&gt;(self.__next_f=self.__next_f||[]).push([0])&lt;/script&gt;&lt;script&gt;self.__next_f.push([1,"3:\"$Sreact.fragment\"\n5:I[\"[project]/node_modules/next/dist/client/components/layout-router.js [app-client] (ecmascript)\",[\"/_next/static/chunks/node_modules_next_dist_1a6ee436._.js\",\"/_next/static/chunks/app_layout_tsx_c0237562._.js\"],\"default\"]\n6:I[\"[project]/node_modules/next/dist/client/components/render-from-template-context.js [app-client] (ecmascript)\",[\"/_next/static/chunks/node_modules_next_dist_1a6ee436._.js\",\"/_next/static/chunks/app_layout_tsx_c0237562._.js\"],\"default\"]\nb:I[\"[project]/node_modules/next/dist/client/components/client-page.js [app-client] (ecmascript)\",[\"/_next/static/chunks/node_modules_next_dist_1a6ee436._.js\",\"/_next/static/chunks/app_layout_tsx_c0237562._.js\"],\"ClientPageRoot\"]\nc:I[\"[project]/app/page.tsx [app-client] (ecmascript)\",[\"/_next/static/chunks/node_modules_next_dist_1a6ee436._.js\",\"/_next/static/chunks/app_layout_tsx_c0237562._.js\",\"/_next/static/chunks/_95cc09a3._.js\",\"/_next/static/chunks/app_page_tsx_98a7fc26._.js\"],\"default\"]\n10:I[\"[project]/node_modules/next/dist/client/components/metadata/metadata-boundary.js [app-client] (ecmascript)\",[\"/_next/static/chunks/node_modules_next_dist_1a6ee436._.js\",\"/_next/static/chunks/app_layout_tsx_c0237562._.js\"],\"MetadataBoundary\"]\n13:I[\"[project]/node_modules/next/dist/client/components/metadata/metadata-boundary.js [app-client] (ecmascript)\",[\"/_next/static/chunks/node_modules_next_dist_1a6ee436._.js\",\"/_next/static/chunks/app_layout_tsx_c0237562._.js\"],\"OutletBoundary\"]\n1a:I[\"[project]/node_modules/next/dist/client/components/metadata/async-metadata.js [app-client] (ecmascript)\",[\"/_next/static/chunks/node_modules_next_dist_1a6ee436._.js\",\"/_next/static/chunks/app_layout_tsx_c0237562._.js\"],\"AsyncMetadataOutlet\"]\n20:I[\"[project]/node_modules/next/dist/client/components/metadata/metadata-boundary.js [app-client] (ecmascript)\",[\"/_next/static/chunks/node_modules_next_dist_1a6ee436._.js\",\"/_next/static/chunks/app_layout_tsx_c0237562._.js\"],\"ViewportBoundary\"]\n26:I[\"[project]/node_modules/next/dist/client/components/error-boundary.js"])&lt;/script&gt;&lt;script&gt;self.__next_f.push([1," [app-client] (ecmascript)\",[\"/_next/static/chunks/node_modules_next_dist_1a6ee436._.js\",\"/_next/static/chunks/app_layout_tsx_c0237562._.js\"],\"default\"]\n27:\"$Sreact.suspense\"\n28:I[\"[project]/node_modules/next/dist/client/components/metadata/async-metadata.js [app-client] (ecmascript)\",[\"/_next/static/chunks/node_modules_next_dist_1a6ee436._.js\",\"/_next/static/chunks/app_layout_tsx_c0237562._.js\"],\"AsyncMetadata\"]\n:HL[\"/_next/static/chunks/app_globals_73c37791.css\",\"style\"]\n2:{\"name\":\"Preloads\",\"env\":\"Server\",\"key\":null,\"owner\":null,\"stack\":[],\"props\":{\"preloadCallbacks\":[\"$E(()=\u003e{ctx.componentMod.preloadStyle(fullHref,ctx.renderOpts.crossOrigin,ctx.nonce)})\"]}}\n1:D\"$2\"\n1:null\n7:{\"name\":\"RootLayout\",\"env\":\"Server\",\"key\":null,\"owner\":null,\"stack\":[],\"props\":{\"children\":[\"$\",\"$L5\",null,{\"parallelRouterKey\":\"children\",\"error\":\"$undefined\",\"errorStyles\":\"$undefined\",\"errorScripts\":\"$undefined\",\"template\":[\"$\",\"$3\",null,{\"children\":[\"$\",\"$L6\",null,{},null,[],1]},null,[],0],\"templateStyles\":\"$undefined\",\"templateScripts\":\"$undefined\",\"notFound\":\"$Y\",\"forbidden\":\"$undefined\",\"unauthorized\":\"$undefined\"},null,[],1],\"params\":\"$Y\"}}\n4:D\"$7\"\n9:{\"name\":\"NotFound\",\"env\":\"Server\",\"key\":null,\"owner\":null,\"stack\":[],\"props\":{}}\n8:D\"$9\"\na:{\"name\":\"HTTPAccessErrorFallback\",\"env\":\"Server\",\"key\":null,\"owner\":\"$9\",\"stack\":[],\"props\":{\"status\":404,\"message\":\"This page could not be found.\"}}\n8:D\"$a\"\n8:[[\"$\",\"title\",null,{\"children\":\"404: This page could not be found.\"},\"$a\",[],1],[\"$\",\"div\",null,{\"style\":{\"fontFamily\":\"system-ui,\\\"Segoe UI\\\",Roboto,Helvetica,Arial,sans-serif,\\\"Apple Color Emoji\\\",\\\"Segoe UI Emoji\\\"\",\"height\":\"100vh\",\"textAlign\":\"center\",\"display\":\"flex\",\"flexDirection\":\"column\",\"alignItems\":\"center\",\"justifyContent\":\"center\"},\"children\":[\"$\",\"div\",null,{\"children\":[[\"$\",\"style\",null,{\"dangerouslySetInnerHTML\":{\"__html\":\"body{color:#000;background:#fff;margin:0}.next-error-h1{border-right:1px solid rgba(0,0,0,.3)}@media (prefers-color-scheme:dark){body{color:#fff;background:#000}.next-error-h1{border-right:1px solid rgba"])&lt;/script&gt;&lt;script&gt;self.__next_f.push([1,"(255,255,255,.3)}}\"}},\"$a\",[],1],[\"$\",\"h1\",null,{\"className\":\"next-error-h1\",\"style\":{\"display\":\"inline-block\",\"margin\":\"0 20px 0 0\",\"padding\":\"0 23px 0 0\",\"fontSize\":24,\"fontWeight\":500,\"verticalAlign\":\"top\",\"lineHeight\":\"49px\"},\"children\":404},\"$a\",[],1],[\"$\",\"div\",null,{\"style\":{\"display\":\"inline-block\"},\"children\":[\"$\",\"h2\",null,{\"style\":{\"fontSize\":14,\"fontWeight\":400,\"lineHeight\":\"49px\",\"margin\":0},\"children\":\"This page could not be found.\"},\"$a\",[],1]},\"$a\",[],1]]},\"$a\",[],1]},\"$a\",[],1]]\n4:[\"$\",\"html\",null,{\"lang\":\"en\",\"children\":[\"$\",\"body\",null,{\"className\":\"min-h-screen bg-gray-50\",\"children\":[\"$\",\"div\",null,{\"className\":\"container mx-auto px-4 py-8\",\"children\":[\"$\",\"$L5\",null,{\"parallelRouterKey\":\"children\",\"error\":\"$undefined\",\"errorStyles\":\"$undefined\",\"errorScripts\":\"$undefined\",\"template\":[\"$\",\"$L6\",null,{},null,[],1],\"templateStyles\":\"$undefined\",\"templateScripts\":\"$undefined\",\"notFound\":[\"$8\",[]],\"forbidden\":\"$undefined\",\"unauthorized\":\"$undefined\"},null,[],1]},\"$7\",[[\"RootLayout\",\"/home/nguyenvh/Sync/3a/stage_stet/projet_dho/mock-interface/.next/server/chunks/ssr/_f04daa50._.js\",24,274]],1]},\"$7\",[[\"RootLayout\",\"/home/nguyenvh/Sync/3a/stage_stet/projet_dho/mock-interface/.next/server/chunks/ssr/_f04daa50._.js\",22,270]],1]},\"$7\",[[\"RootLayout\",\"/home/nguyenvh/Sync/3a/stage_stet/projet_dho/mock-interface/.next/server/chunks/ssr/_f04daa50._.js\",20,263]],1]\ne:{\"name\":\"\",\"env\":\"Server\",\"key\":null,\"owner\":null,\"stack\":[],\"props\":{}}\nd:D\"$e\"\nf:{\"name\":\"MetadataTree\",\"env\":\"Server\",\"key\":null,\"owner\":null,\"stack\":[],\"props\":{}}\nd:D\"$f\"\n12:{\"name\":\"__next_metadata_boundary__\",\"env\":\"Server\",\"key\":null,\"owner\":\"$f\",\"stack\":[],\"props\":{}}\n11:D\"$12\"\nd:[\"$\",\"$L10\",null,{\"children\":\"$L11\"},\"$f\",[],1]\n15:{\"name\":\"__next_outlet_boundary__\",\"env\":\"Server\",\"key\":null,\"owner\":null,\"stack\":[],\"props\":{\"ready\":\"$E(async function getViewportReady() {\\n        await viewport();\\n        return undefined;\\n    })\"}}\n14:D\"$15\"\n17:{\"name\":\"__next_outlet_boundary__\",\"env\":\"Server\",\"key\":null,\"owner\":null,\"stack\":[],\"prop"])&lt;/script&gt;&lt;script&gt;self.__next_f.push([1,"s\":{\"ready\":\"$E(async function getMetadataReady() {\\n        // Only warm up metadata() call when it's blocking metadata,\\n        // otherwise it will be fully managed by AsyncMetadata component.\\n        if (!serveStreamingMetadata) {\\n            await metadata();\\n        }\\n        return undefined;\\n    })\"}}\n16:D\"$17\"\n19:{\"name\":\"StreamingMetadataOutlet\",\"env\":\"Server\",\"key\":null,\"owner\":null,\"stack\":[],\"props\":{}}\n18:D\"$19\"\n18:[\"$\",\"$L1a\",null,{\"promise\":\"$@1b\"},\"$19\",[],1]\n1d:{\"name\":\"NonIndex\",\"env\":\"Server\",\"key\":null,\"owner\":null,\"stack\":[],\"props\":{\"pagePath\":\"/\",\"statusCode\":200,\"isPossibleServerAction\":false}}\n1c:D\"$1d\"\n1c:null\n1f:{\"name\":\"ViewportTree\",\"env\":\"Server\",\"key\":\"vCx1ByVnUdPzKjs3OVWUL\",\"owner\":null,\"stack\":[],\"props\":{}}\n1e:D\"$1f\"\n22:{\"name\":\"__next_viewport_boundary__\",\"env\":\"Server\",\"key\":null,\"owner\":\"$1f\",\"stack\":[],\"props\":{}}\n21:D\"$22\"\n1e:[\"$\",\"$3\",\"vCx1ByVnUdPzKjs3OVWUL\",{\"children\":[[\"$\",\"$L20\",null,{\"children\":\"$L21\"},\"$1f\",[],1],null]},null,null,0]\n24:{\"name\":\"\",\"env\":\"Server\",\"key\":null,\"owner\":null,\"stack\":[],\"props\":{}}\n23:D\"$24\"\n23:null\n25:[]\n0:{\"P\":\"$1\",\"b\":\"development\",\"p\":\"\",\"c\":[\"\",\"\"],\"i\":false,\"f\":[[[\"\",{\"children\":[\"__PAGE__\",{}]},\"$undefined\",\"$undefined\",true],[\"\",[\"$\",\"$3\",\"c\",{\"children\":[[[\"$\",\"link\",\"0\",{\"rel\":\"stylesheet\",\"href\":\"/_next/static/chunks/app_globals_73c37791.css\",\"precedence\":\"next_static/chunks/app_globals_73c37791.css\",\"crossOrigin\":\"$undefined\",\"nonce\":\"$undefined\"},null,[],0],[\"$\",\"script\",\"script-0\",{\"src\":\"/_next/static/chunks/node_modules_next_dist_1a6ee436._.js\",\"async\":true,\"nonce\":\"$undefined\"},null,[],0],[\"$\",\"script\",\"script-1\",{\"src\":\"/_next/static/chunks/app_layout_tsx_c0237562._.js\",\"async\":true,\"nonce\":\"$undefined\"},null,[],0]],\"$4\"]},null,[],0],{\"children\":[\"__PAGE__\",[\"$\",\"$3\",\"c\",{\"children\":[[\"$\",\"$Lb\",null,{\"Component\":\"$c\",\"searchParams\":{},\"params\":{}},null,[],1],\"$d\",[[\"$\",\"script\",\"script-0\",{\"src\":\"/_next/static/chunks/_95cc09a3._.js\",\"async\":true,\"nonce\":\"$undefined\"},null,[],0],[\"$\",\"script\",\"script-1\",{\"src\":\"/_next/"])&lt;/script&gt;&lt;script&gt;self.__next_f.push([1,"static/chunks/app_page_tsx_98a7fc26._.js\",\"async\":true,\"nonce\":\"$undefined\"},null,[],0]],[\"$\",\"$L13\",null,{\"children\":[\"$L14\",\"$L16\",\"$18\"]},null,[],1]]},null,[],0],{},null,false]},null,false],[\"$\",\"$3\",\"h\",{\"children\":[\"$1c\",\"$1e\",\"$23\"]},null,[],0],false]],\"m\":\"$W25\",\"G\":[\"$26\",\"$undefined\"],\"s\":false,\"S\":false}\n11:[\"$\",\"$27\",null,{\"fallback\":null,\"children\":[\"$\",\"$L28\",null,{\"promise\":\"$@29\"},\"$12\",[],1]},\"$12\",[],1]\n16:null\n21:[[\"$\",\"meta\",\"0\",{\"charSet\":\"utf-8\"},\"$15\",[],0],[\"$\",\"meta\",\"1\",{\"name\":\"viewport\",\"content\":\"width=device-width, initial-scale=1\"},\"$15\",[],0]]\n14:null\n29:{\"metadata\":[[\"$\",\"title\",\"0\",{\"children\":\"Todo App\"},\"$12\",[],0],[\"$\",\"meta\",\"1\",{\"name\":\"description\",\"content\":\"A todo application with intentional flaws for testing\"},\"$12\",[],0]],\"error\":null,\"digest\":\"$undefined\"}\n1b:{\"metadata\":\"$29:metadata\",\"error\":null,\"digest\":\"$undefined\"}\n"])&lt;/script&gt;&lt;next-route-announcer style="position: absolute;"&gt;&lt;/next-route-announcer&gt;&lt;nextjs-portal&gt;&lt;/nextjs-portal&gt;&lt;script src="/_next/static/chunks/%5Bturbopack%5D_browser_dev_hmr-client_hmr-client_ts_61dcf9ba._.js"&gt;&lt;/script&gt;&lt;script src="/_next/static/chunks/%5Bturbopack%5D_browser_dev_hmr-client_hmr-client_ts_66796270._.js"&gt;&lt;/script&gt;&lt;/body&gt;&lt;/html&gt;</msg>
<doc>Logs and returns the HTML source of the current page or frame.</doc>
<status status="PASS" start="2025-04-24T11:51:46.898236" elapsed="0.007858"/>
</kw>
<arg>not ${element_present}</arg>
<arg>Log Source</arg>
<doc>Runs the given keyword with the given arguments, if ``condition`` is true.</doc>
<status status="PASS" start="2025-04-24T11:51:46.897702" elapsed="0.008608"/>
</kw>
<kw name="Wait Until Page Contains Element" owner="SeleniumLibrary">
<msg time="2025-04-24T11:52:17.005254" level="INFO" html="true">&lt;/td&gt;&lt;/tr&gt;&lt;tr&gt;&lt;td colspan="3"&gt;&lt;a href="selenium-screenshot-10.png"&gt;&lt;img src="selenium-screenshot-10.png" width="800px"&gt;&lt;/a&gt;</msg>
<msg time="2025-04-24T11:52:17.005399" level="FAIL">Element 'css=input[placeholder='Note title']' did not appear in 30 seconds.</msg>
<arg>${selectors.note_title_input}</arg>
<arg>${timeouts.selenium_timeout}</arg>
<doc>Waits until the element ``locator`` appears on the current page.</doc>
<status status="FAIL" start="2025-04-24T11:51:46.906649" elapsed="30.098863">Element 'css=input[placeholder='Note title']' did not appear in 30 seconds.</status>
</kw>
<status status="FAIL" start="2025-04-24T11:51:44.308895" elapsed="32.696748">Element 'css=input[placeholder='Note title']' did not appear in 30 seconds.</status>
</kw>
<kw name="Add Note" owner="note_keywords">
<arg>${test_data.initial_note.title}</arg>
<arg>${test_data.initial_note.content}</arg>
<status status="NOT RUN" start="2025-04-24T11:52:17.005859" elapsed="0.000040"/>
</kw>
<kw name="Close Browser and Stop App" owner="note_keywords" type="TEARDOWN">
<kw name="Close Browser" owner="SeleniumLibrary">
<doc>Closes the current browser.</doc>
<status status="PASS" start="2025-04-24T11:52:17.006510" elapsed="0.668428"/>
</kw>
<status status="PASS" start="2025-04-24T11:52:17.006130" elapsed="0.668964"/>
</kw>
<status status="FAIL" start="2025-04-24T11:51:44.308428" elapsed="33.366788">Element 'css=input[placeholder='Note title']' did not appear in 30 seconds.</status>
</test>
<test id="s1-s2-t2" name="Basic Note Editing" line="11">
<kw name="Open App In Browser" owner="note_keywords">
<kw name="Log" owner="BuiltIn">
<msg time="2025-04-24T11:52:17.676975" level="INFO">Opening browser to URL: http://localhost:3000</msg>
<arg>Opening browser to URL: ${app.url}</arg>
<doc>Logs the given message with the given level.</doc>
<status status="PASS" start="2025-04-24T11:52:17.676422" elapsed="0.000642"/>
</kw>
<kw name="Open Browser" owner="SeleniumLibrary">
<msg time="2025-04-24T11:52:17.677581" level="INFO">Opening browser 'firefox' to base url 'http://localhost:3000'.</msg>
<arg>${app.url}</arg>
<arg>firefox</arg>
<doc>Opens a new browser instance to the optional ``url``.</doc>
<status status="PASS" start="2025-04-24T11:52:17.677196" elapsed="2.430424"/>
</kw>
<kw name="Set Selenium Timeout" owner="SeleniumLibrary">
<arg>${timeouts.selenium_timeout}</arg>
<doc>Sets the timeout that is used by various keywords.</doc>
<status status="PASS" start="2025-04-24T11:52:20.107852" elapsed="0.001910"/>
</kw>
<kw name="Get Title" owner="SeleniumLibrary">
<msg time="2025-04-24T11:52:20.111279" level="INFO">${title} = Todo App</msg>
<var>${title}</var>
<doc>Returns the title of the current page.</doc>
<status status="PASS" start="2025-04-24T11:52:20.109949" elapsed="0.001381"/>
</kw>
<kw name="Log" owner="BuiltIn">
<msg time="2025-04-24T11:52:20.111715" level="INFO">Page title: Todo App</msg>
<arg>Page title: ${title}</arg>
<doc>Logs the given message with the given level.</doc>
<status status="PASS" start="2025-04-24T11:52:20.111496" elapsed="0.000294"/>
</kw>
<kw name="Run Keyword And Return Status" owner="BuiltIn">
<kw name="Page Should Contain Element" owner="SeleniumLibrary">
<msg time="2025-04-24T11:52:20.226210" level="INFO" html="true">&lt;/td&gt;&lt;/tr&gt;&lt;tr&gt;&lt;td colspan="3"&gt;&lt;a href="selenium-screenshot-11.png"&gt;&lt;img src="selenium-screenshot-11.png" width="800px"&gt;&lt;/a&gt;</msg>
<msg time="2025-04-24T11:52:20.226359" level="FAIL">Page should have contained element 'css=input[placeholder='Note title']' but did not.</msg>
<arg>${selectors.note_title_input}</arg>
<doc>Verifies that element ``locator`` is found on the current page.</doc>
<status status="FAIL" start="2025-04-24T11:52:20.112200" elapsed="0.114281">Page should have contained element 'css=input[placeholder='Note title']' but did not.</status>
</kw>
<msg time="2025-04-24T11:52:20.226609" level="INFO">${element_present} = False</msg>
<var>${element_present}</var>
<arg>Page Should Contain Element</arg>
<arg>${selectors.note_title_input}</arg>
<doc>Runs the given keyword with given arguments and returns the status as a Boolean value.</doc>
<status status="PASS" start="2025-04-24T11:52:20.111984" elapsed="0.114648"/>
</kw>
<kw name="Log" owner="BuiltIn">
<msg time="2025-04-24T11:52:20.226949" level="INFO">Element present: False</msg>
<arg>Element present: ${element_present}</arg>
<doc>Logs the given message with the given level.</doc>
<status status="PASS" start="2025-04-24T11:52:20.226772" elapsed="0.000221"/>
</kw>
<kw name="Run Keyword If" owner="BuiltIn">
<kw name="Log Source" owner="SeleniumLibrary">
<msg time="2025-04-24T11:52:20.230236" level="INFO">&lt;html lang="en"&gt;&lt;head&gt;&lt;meta charset="utf-8"&gt;&lt;meta name="viewport" content="width=device-width, initial-scale=1"&gt;&lt;link rel="stylesheet" href="/_next/static/chunks/app_globals_73c37791.css" data-precedence="next_static/chunks/app_globals_73c37791.css"&gt;&lt;link rel="preload" as="script" fetchpriority="low" href="/_next/static/chunks/%5Bturbopack%5D_browser_dev_hmr-client_hmr-client_ts_fd44f5a4._.js"&gt;&lt;script src="/_next/static/chunks/node_modules_next_dist_compiled_2ce9398a._.js" async=""&gt;&lt;/script&gt;&lt;script src="/_next/static/chunks/node_modules_next_dist_client_8f19e6fb._.js" async=""&gt;&lt;/script&gt;&lt;script src="/_next/static/chunks/node_modules_next_dist_2ecbf5fa._.js" async=""&gt;&lt;/script&gt;&lt;script src="/_next/static/chunks/node_modules_%40swc_helpers_cjs_00636ac3._.js" async=""&gt;&lt;/script&gt;&lt;script src="/_next/static/chunks/_e69f0d32._.js" async=""&gt;&lt;/script&gt;&lt;script src="/_next/static/chunks/_93808211._.js" async=""&gt;&lt;/script&gt;&lt;script src="/_next/static/chunks/node_modules_next_dist_1a6ee436._.js" async=""&gt;&lt;/script&gt;&lt;script src="/_next/static/chunks/app_layout_tsx_c0237562._.js" async=""&gt;&lt;/script&gt;&lt;script src="/_next/static/chunks/_95cc09a3._.js" async=""&gt;&lt;/script&gt;&lt;script src="/_next/static/chunks/app_page_tsx_98a7fc26._.js" async=""&gt;&lt;/script&gt;&lt;title&gt;Todo App&lt;/title&gt;&lt;meta name="description" content="A todo application with intentional flaws for testing"&gt;&lt;script&gt;document.querySelectorAll('body link[rel="icon"], body link[rel="apple-touch-icon"]').forEach(el =&gt; document.head.appendChild(el))&lt;/script&gt;&lt;script src="/_next/static/chunks/node_modules_next_dist_build_polyfills_polyfill-nomodule.js" nomodule=""&gt;&lt;/script&gt;&lt;style&gt;@font-face{font-family:'__nextjs-Geist';font-style:normal;font-weight:400 600;font-display:swap;src:url(/__nextjs_font/geist-latin-ext.woff2) format('woff2');unicode-range:U+0100-02BA,U+02BD-02C5,U+02C7-02CC,U+02CE-02D7,U+02DD-02FF,U+0304,U+0308,U+0329,U+1D00-1DBF,U+1E00-1E9F,U+1EF2-1EFF,U+2020,U+20A0-20AB,U+20AD-20C0,U+2113,U+2C60-2C7F,U+A720-A7FF}@font-face{font-family:'__nextjs-Geist Mono';font-style:normal;font-weight:400 600;font-display:swap;src:url(/__nextjs_font/geist-mono-latin-ext.woff2) format('woff2');unicode-range:U+0100-02BA,U+02BD-02C5,U+02C7-02CC,U+02CE-02D7,U+02DD-02FF,U+0304,U+0308,U+0329,U+1D00-1DBF,U+1E00-1E9F,U+1EF2-1EFF,U+2020,U+20A0-20AB,U+20AD-20C0,U+2113,U+2C60-2C7F,U+A720-A7FF}@font-face{font-family:'__nextjs-Geist';font-style:normal;font-weight:400 600;font-display:swap;src:url(/__nextjs_font/geist-latin.woff2) format('woff2');unicode-range:U+0000-00FF,U+0131,U+0152-0153,U+02BB-02BC,U+02C6,U+02DA,U+02DC,U+0304,U+0308,U+0329,U+2000-206F,U+20AC,U+2122,U+2191,U+2193,U+2212,U+2215,U+FEFF,U+FFFD}@font-face{font-family:'__nextjs-Geist Mono';font-style:normal;font-weight:400 600;font-display:swap;src:url(/__nextjs_font/geist-mono-latin.woff2) format('woff2');unicode-range:U+0000-00FF,U+0131,U+0152-0153,U+02BB-02BC,U+02C6,U+02DA,U+02DC,U+0304,U+0308,U+0329,U+2000-206F,U+20AC,U+2122,U+2191,U+2193,U+2212,U+2215,U+FEFF,U+FFFD}&lt;/style&gt;&lt;/head&gt;&lt;body class="min-h-screen bg-gray-50"&gt;&lt;div class="container mx-auto px-4 py-8"&gt;&lt;div class="max-w-2xl mx-auto"&gt;&lt;div class="text-center mb-8"&gt;&lt;h1 class="text-3xl font-bold text-gray-900 mb-2"&gt;Productivity Tools&lt;/h1&gt;&lt;p class="text-gray-600"&gt;A collection of useful tools to boost your productivity&lt;/p&gt;&lt;/div&gt;&lt;div class="bg-white rounded-xl shadow-lg overflow-hidden"&gt;&lt;div class="border-b border-gray-200"&gt;&lt;nav class="flex -mb-px"&gt;&lt;button class="flex-1 py-4 px-6 text-center border-b-2 font-medium text-sm border-blue-500 text-blue-600"&gt;Todo List&lt;/button&gt;&lt;button class="flex-1 py-4 px-6 text-center border-b-2 font-medium text-sm border-transparent text-gray-500 hover:text-gray-700 hover:border-gray-300"&gt;Text Editor&lt;/button&gt;&lt;button class="flex-1 py-4 px-6 text-center border-b-2 font-medium text-sm border-transparent text-gray-500 hover:text-gray-700 hover:border-gray-300"&gt;Calculator&lt;/button&gt;&lt;button class="flex-1 py-4 px-6 text-center border-b-2 font-medium text-sm border-transparent text-gray-500 hover:text-gray-700 hover:border-gray-300"&gt;Notes&lt;/button&gt;&lt;/nav&gt;&lt;/div&gt;&lt;div class="p-6"&gt;&lt;div class="transition-all duration-300 ease-in-out"&gt;&lt;div class="max-w-md mx-auto"&gt;&lt;h1 class="text-2xl font-bold mb-4" data-testid="todo-header"&gt;Todo List&lt;/h1&gt;&lt;div class="flex mb-4"&gt;&lt;input type="text" class="flex-1 p-2 border rounded-l focus:outline-none focus:ring-2 focus:ring-blue-500" placeholder="Add a new todo" data-testid="todo-input" value=""&gt;&lt;button class="px-4 py-2 bg-blue-500 text-white rounded-r hover:bg-blue-600 focus:outline-none focus:ring-2 focus:ring-blue-500" data-testid="add-todo-button"&gt;Add&lt;/button&gt;&lt;/div&gt;&lt;ul class="space-y-2"&gt;&lt;/ul&gt;&lt;/div&gt;&lt;/div&gt;&lt;/div&gt;&lt;/div&gt;&lt;/div&gt;&lt;!--$--&gt;&lt;!--/$--&gt;&lt;!--$--&gt;&lt;!--/$--&gt;&lt;/div&gt;&lt;script src="/_next/static/chunks/%5Bturbopack%5D_browser_dev_hmr-client_hmr-client_ts_fd44f5a4._.js" async=""&gt;&lt;/script&gt;&lt;script&gt;(self.__next_f=self.__next_f||[]).push([0])&lt;/script&gt;&lt;script&gt;self.__next_f.push([1,"3:\"$Sreact.fragment\"\n5:I[\"[project]/node_modules/next/dist/client/components/layout-router.js [app-client] (ecmascript)\",[\"/_next/static/chunks/node_modules_next_dist_1a6ee436._.js\",\"/_next/static/chunks/app_layout_tsx_c0237562._.js\"],\"default\"]\n6:I[\"[project]/node_modules/next/dist/client/components/render-from-template-context.js [app-client] (ecmascript)\",[\"/_next/static/chunks/node_modules_next_dist_1a6ee436._.js\",\"/_next/static/chunks/app_layout_tsx_c0237562._.js\"],\"default\"]\nb:I[\"[project]/node_modules/next/dist/client/components/client-page.js [app-client] (ecmascript)\",[\"/_next/static/chunks/node_modules_next_dist_1a6ee436._.js\",\"/_next/static/chunks/app_layout_tsx_c0237562._.js\"],\"ClientPageRoot\"]\nc:I[\"[project]/app/page.tsx [app-client] (ecmascript)\",[\"/_next/static/chunks/node_modules_next_dist_1a6ee436._.js\",\"/_next/static/chunks/app_layout_tsx_c0237562._.js\",\"/_next/static/chunks/_95cc09a3._.js\",\"/_next/static/chunks/app_page_tsx_98a7fc26._.js\"],\"default\"]\n10:I[\"[project]/node_modules/next/dist/client/components/metadata/metadata-boundary.js [app-client] (ecmascript)\",[\"/_next/static/chunks/node_modules_next_dist_1a6ee436._.js\",\"/_next/static/chunks/app_layout_tsx_c0237562._.js\"],\"MetadataBoundary\"]\n13:I[\"[project]/node_modules/next/dist/client/components/metadata/metadata-boundary.js [app-client] (ecmascript)\",[\"/_next/static/chunks/node_modules_next_dist_1a6ee436._.js\",\"/_next/static/chunks/app_layout_tsx_c0237562._.js\"],\"OutletBoundary\"]\n1a:I[\"[project]/node_modules/next/dist/client/components/metadata/async-metadata.js [app-client] (ecmascript)\",[\"/_next/static/chunks/node_modules_next_dist_1a6ee436._.js\",\"/_next/static/chunks/app_layout_tsx_c0237562._.js\"],\"AsyncMetadataOutlet\"]\n20:I[\"[project]/node_modules/next/dist/client/components/metadata/metadata-boundary.js [app-client] (ecmascript)\",[\"/_next/static/chunks/node_modules_next_dist_1a6ee436._.js\",\"/_next/static/chunks/app_layout_tsx_c0237562._.js\"],\"ViewportBoundary\"]\n26:I[\"[project]/node_modules/next/dist/client/components/error-boundary.js"])&lt;/script&gt;&lt;script&gt;self.__next_f.push([1," [app-client] (ecmascript)\",[\"/_next/static/chunks/node_modules_next_dist_1a6ee436._.js\",\"/_next/static/chunks/app_layout_tsx_c0237562._.js\"],\"default\"]\n27:\"$Sreact.suspense\"\n28:I[\"[project]/node_modules/next/dist/client/components/metadata/async-metadata.js [app-client] (ecmascript)\",[\"/_next/static/chunks/node_modules_next_dist_1a6ee436._.js\",\"/_next/static/chunks/app_layout_tsx_c0237562._.js\"],\"AsyncMetadata\"]\n:HL[\"/_next/static/chunks/app_globals_73c37791.css\",\"style\"]\n2:{\"name\":\"Preloads\",\"env\":\"Server\",\"key\":null,\"owner\":null,\"stack\":[],\"props\":{\"preloadCallbacks\":[\"$E(()=\u003e{ctx.componentMod.preloadStyle(fullHref,ctx.renderOpts.crossOrigin,ctx.nonce)})\"]}}\n1:D\"$2\"\n1:null\n7:{\"name\":\"RootLayout\",\"env\":\"Server\",\"key\":null,\"owner\":null,\"stack\":[],\"props\":{\"children\":[\"$\",\"$L5\",null,{\"parallelRouterKey\":\"children\",\"error\":\"$undefined\",\"errorStyles\":\"$undefined\",\"errorScripts\":\"$undefined\",\"template\":[\"$\",\"$3\",null,{\"children\":[\"$\",\"$L6\",null,{},null,[],1]},null,[],0],\"templateStyles\":\"$undefined\",\"templateScripts\":\"$undefined\",\"notFound\":\"$Y\",\"forbidden\":\"$undefined\",\"unauthorized\":\"$undefined\"},null,[],1],\"params\":\"$Y\"}}\n4:D\"$7\"\n9:{\"name\":\"NotFound\",\"env\":\"Server\",\"key\":null,\"owner\":null,\"stack\":[],\"props\":{}}\n8:D\"$9\"\na:{\"name\":\"HTTPAccessErrorFallback\",\"env\":\"Server\",\"key\":null,\"owner\":\"$9\",\"stack\":[],\"props\":{\"status\":404,\"message\":\"This page could not be found.\"}}\n8:D\"$a\"\n8:[[\"$\",\"title\",null,{\"children\":\"404: This page could not be found.\"},\"$a\",[],1],[\"$\",\"div\",null,{\"style\":{\"fontFamily\":\"system-ui,\\\"Segoe UI\\\",Roboto,Helvetica,Arial,sans-serif,\\\"Apple Color Emoji\\\",\\\"Segoe UI Emoji\\\"\",\"height\":\"100vh\",\"textAlign\":\"center\",\"display\":\"flex\",\"flexDirection\":\"column\",\"alignItems\":\"center\",\"justifyContent\":\"center\"},\"children\":[\"$\",\"div\",null,{\"children\":[[\"$\",\"style\",null,{\"dangerouslySetInnerHTML\":{\"__html\":\"body{color:#000;background:#fff;margin:0}.next-error-h1{border-right:1px solid rgba(0,0,0,.3)}@media (prefers-color-scheme:dark){body{color:#fff;background:#000}.next-error-h1{border-right:1px solid rgba"])&lt;/script&gt;&lt;script&gt;self.__next_f.push([1,"(255,255,255,.3)}}\"}},\"$a\",[],1],[\"$\",\"h1\",null,{\"className\":\"next-error-h1\",\"style\":{\"display\":\"inline-block\",\"margin\":\"0 20px 0 0\",\"padding\":\"0 23px 0 0\",\"fontSize\":24,\"fontWeight\":500,\"verticalAlign\":\"top\",\"lineHeight\":\"49px\"},\"children\":404},\"$a\",[],1],[\"$\",\"div\",null,{\"style\":{\"display\":\"inline-block\"},\"children\":[\"$\",\"h2\",null,{\"style\":{\"fontSize\":14,\"fontWeight\":400,\"lineHeight\":\"49px\",\"margin\":0},\"children\":\"This page could not be found.\"},\"$a\",[],1]},\"$a\",[],1]]},\"$a\",[],1]},\"$a\",[],1]]\n4:[\"$\",\"html\",null,{\"lang\":\"en\",\"children\":[\"$\",\"body\",null,{\"className\":\"min-h-screen bg-gray-50\",\"children\":[\"$\",\"div\",null,{\"className\":\"container mx-auto px-4 py-8\",\"children\":[\"$\",\"$L5\",null,{\"parallelRouterKey\":\"children\",\"error\":\"$undefined\",\"errorStyles\":\"$undefined\",\"errorScripts\":\"$undefined\",\"template\":[\"$\",\"$L6\",null,{},null,[],1],\"templateStyles\":\"$undefined\",\"templateScripts\":\"$undefined\",\"notFound\":[\"$8\",[]],\"forbidden\":\"$undefined\",\"unauthorized\":\"$undefined\"},null,[],1]},\"$7\",[[\"RootLayout\",\"/home/nguyenvh/Sync/3a/stage_stet/projet_dho/mock-interface/.next/server/chunks/ssr/_f04daa50._.js\",24,274]],1]},\"$7\",[[\"RootLayout\",\"/home/nguyenvh/Sync/3a/stage_stet/projet_dho/mock-interface/.next/server/chunks/ssr/_f04daa50._.js\",22,270]],1]},\"$7\",[[\"RootLayout\",\"/home/nguyenvh/Sync/3a/stage_stet/projet_dho/mock-interface/.next/server/chunks/ssr/_f04daa50._.js\",20,263]],1]\ne:{\"name\":\"\",\"env\":\"Server\",\"key\":null,\"owner\":null,\"stack\":[],\"props\":{}}\nd:D\"$e\"\nf:{\"name\":\"MetadataTree\",\"env\":\"Server\",\"key\":null,\"owner\":null,\"stack\":[],\"props\":{}}\nd:D\"$f\"\n12:{\"name\":\"__next_metadata_boundary__\",\"env\":\"Server\",\"key\":null,\"owner\":\"$f\",\"stack\":[],\"props\":{}}\n11:D\"$12\"\nd:[\"$\",\"$L10\",null,{\"children\":\"$L11\"},\"$f\",[],1]\n15:{\"name\":\"__next_outlet_boundary__\",\"env\":\"Server\",\"key\":null,\"owner\":null,\"stack\":[],\"props\":{\"ready\":\"$E(async function getViewportReady() {\\n        await viewport();\\n        return undefined;\\n    })\"}}\n14:D\"$15\"\n17:{\"name\":\"__next_outlet_boundary__\",\"env\":\"Server\",\"key\":null,\"owner\":null,\"stack\":[],\"prop"])&lt;/script&gt;&lt;script&gt;self.__next_f.push([1,"s\":{\"ready\":\"$E(async function getMetadataReady() {\\n        // Only warm up metadata() call when it's blocking metadata,\\n        // otherwise it will be fully managed by AsyncMetadata component.\\n        if (!serveStreamingMetadata) {\\n            await metadata();\\n        }\\n        return undefined;\\n    })\"}}\n16:D\"$17\"\n19:{\"name\":\"StreamingMetadataOutlet\",\"env\":\"Server\",\"key\":null,\"owner\":null,\"stack\":[],\"props\":{}}\n18:D\"$19\"\n18:[\"$\",\"$L1a\",null,{\"promise\":\"$@1b\"},\"$19\",[],1]\n1d:{\"name\":\"NonIndex\",\"env\":\"Server\",\"key\":null,\"owner\":null,\"stack\":[],\"props\":{\"pagePath\":\"/\",\"statusCode\":200,\"isPossibleServerAction\":false}}\n1c:D\"$1d\"\n1c:null\n1f:{\"name\":\"ViewportTree\",\"env\":\"Server\",\"key\":\"NWkc8eTgzOxX4LQlSPF7i\",\"owner\":null,\"stack\":[],\"props\":{}}\n1e:D\"$1f\"\n22:{\"name\":\"__next_viewport_boundary__\",\"env\":\"Server\",\"key\":null,\"owner\":\"$1f\",\"stack\":[],\"props\":{}}\n21:D\"$22\"\n1e:[\"$\",\"$3\",\"NWkc8eTgzOxX4LQlSPF7i\",{\"children\":[[\"$\",\"$L20\",null,{\"children\":\"$L21\"},\"$1f\",[],1],null]},null,null,0]\n24:{\"name\":\"\",\"env\":\"Server\",\"key\":null,\"owner\":null,\"stack\":[],\"props\":{}}\n23:D\"$24\"\n23:null\n25:[]\n0:{\"P\":\"$1\",\"b\":\"development\",\"p\":\"\",\"c\":[\"\",\"\"],\"i\":false,\"f\":[[[\"\",{\"children\":[\"__PAGE__\",{}]},\"$undefined\",\"$undefined\",true],[\"\",[\"$\",\"$3\",\"c\",{\"children\":[[[\"$\",\"link\",\"0\",{\"rel\":\"stylesheet\",\"href\":\"/_next/static/chunks/app_globals_73c37791.css\",\"precedence\":\"next_static/chunks/app_globals_73c37791.css\",\"crossOrigin\":\"$undefined\",\"nonce\":\"$undefined\"},null,[],0],[\"$\",\"script\",\"script-0\",{\"src\":\"/_next/static/chunks/node_modules_next_dist_1a6ee436._.js\",\"async\":true,\"nonce\":\"$undefined\"},null,[],0],[\"$\",\"script\",\"script-1\",{\"src\":\"/_next/static/chunks/app_layout_tsx_c0237562._.js\",\"async\":true,\"nonce\":\"$undefined\"},null,[],0]],\"$4\"]},null,[],0],{\"children\":[\"__PAGE__\",[\"$\",\"$3\",\"c\",{\"children\":[[\"$\",\"$Lb\",null,{\"Component\":\"$c\",\"searchParams\":{},\"params\":{}},null,[],1],\"$d\",[[\"$\",\"script\",\"script-0\",{\"src\":\"/_next/static/chunks/_95cc09a3._.js\",\"async\":true,\"nonce\":\"$undefined\"},null,[],0],[\"$\",\"script\",\"script-1\",{\"src\":\"/_next/"])&lt;/script&gt;&lt;script&gt;self.__next_f.push([1,"static/chunks/app_page_tsx_98a7fc26._.js\",\"async\":true,\"nonce\":\"$undefined\"},null,[],0]],[\"$\",\"$L13\",null,{\"children\":[\"$L14\",\"$L16\",\"$18\"]},null,[],1]]},null,[],0],{},null,false]},null,false],[\"$\",\"$3\",\"h\",{\"children\":[\"$1c\",\"$1e\",\"$23\"]},null,[],0],false]],\"m\":\"$W25\",\"G\":[\"$26\",\"$undefined\"],\"s\":false,\"S\":false}\n11:[\"$\",\"$27\",null,{\"fallback\":null,\"children\":[\"$\",\"$L28\",null,{\"promise\":\"$@29\"},\"$12\",[],1]},\"$12\",[],1]\n16:null\n21:[[\"$\",\"meta\",\"0\",{\"charSet\":\"utf-8\"},\"$15\",[],0],[\"$\",\"meta\",\"1\",{\"name\":\"viewport\",\"content\":\"width=device-width, initial-scale=1\"},\"$15\",[],0]]\n14:null\n29:{\"metadata\":[[\"$\",\"title\",\"0\",{\"children\":\"Todo App\"},\"$12\",[],0],[\"$\",\"meta\",\"1\",{\"name\":\"description\",\"content\":\"A todo application with intentional flaws for testing\"},\"$12\",[],0]],\"error\":null,\"digest\":\"$undefined\"}\n1b:{\"metadata\":\"$29:metadata\",\"error\":null,\"digest\":\"$undefined\"}\n"])&lt;/script&gt;&lt;next-route-announcer style="position: absolute;"&gt;&lt;/next-route-announcer&gt;&lt;nextjs-portal&gt;&lt;/nextjs-portal&gt;&lt;script src="/_next/static/chunks/%5Bturbopack%5D_browser_dev_hmr-client_hmr-client_ts_61dcf9ba._.js"&gt;&lt;/script&gt;&lt;script src="/_next/static/chunks/%5Bturbopack%5D_browser_dev_hmr-client_hmr-client_ts_66796270._.js"&gt;&lt;/script&gt;&lt;/body&gt;&lt;/html&gt;</msg>
<doc>Logs and returns the HTML source of the current page or frame.</doc>
<status status="PASS" start="2025-04-24T11:52:20.227313" elapsed="0.003148"/>
</kw>
<arg>not ${element_present}</arg>
<arg>Log Source</arg>
<doc>Runs the given keyword with the given arguments, if ``condition`` is true.</doc>
<status status="PASS" start="2025-04-24T11:52:20.227101" elapsed="0.003445"/>
</kw>
<kw name="Wait Until Page Contains Element" owner="SeleniumLibrary">
<msg time="2025-04-24T11:52:50.299556" level="INFO" html="true">&lt;/td&gt;&lt;/tr&gt;&lt;tr&gt;&lt;td colspan="3"&gt;&lt;a href="selenium-screenshot-12.png"&gt;&lt;img src="selenium-screenshot-12.png" width="800px"&gt;&lt;/a&gt;</msg>
<msg time="2025-04-24T11:52:50.299750" level="FAIL">Element 'css=input[placeholder='Note title']' did not appear in 30 seconds.</msg>
<arg>${selectors.note_title_input}</arg>
<arg>${timeouts.selenium_timeout}</arg>
<doc>Waits until the element ``locator`` appears on the current page.</doc>
<status status="FAIL" start="2025-04-24T11:52:20.230694" elapsed="30.069225">Element 'css=input[placeholder='Note title']' did not appear in 30 seconds.</status>
</kw>
<status status="FAIL" start="2025-04-24T11:52:17.676081" elapsed="32.623985">Element 'css=input[placeholder='Note title']' did not appear in 30 seconds.</status>
</kw>
<kw name="Add Note" owner="note_keywords">
<arg>${test_data.initial_note.title}</arg>
<arg>${test_data.initial_note.content}</arg>
<status status="NOT RUN" start="2025-04-24T11:52:50.300289" elapsed="0.000038"/>
</kw>
<kw name="Edit Note" owner="note_keywords">
<arg>${test_data.initial_note.title}</arg>
<arg>${test_data.updated_note.title}</arg>
<arg>${test_data.updated_note.content}</arg>
<status status="NOT RUN" start="2025-04-24T11:52:50.300456" elapsed="0.000025"/>
</kw>
<kw name="Close Browser and Stop App" owner="note_keywords" type="TEARDOWN">
<kw name="Close Browser" owner="SeleniumLibrary">
<doc>Closes the current browser.</doc>
<status status="PASS" start="2025-04-24T11:52:50.300937" elapsed="0.713162"/>
</kw>
<status status="PASS" start="2025-04-24T11:52:50.300697" elapsed="0.713631"/>
</kw>
<status status="FAIL" start="2025-04-24T11:52:17.675565" elapsed="33.338955">Element 'css=input[placeholder='Note title']' did not appear in 30 seconds.</status>
</test>
<test id="s1-s2-t3" name="Basic Note Deletion" line="17">
<kw name="Open App In Browser" owner="note_keywords">
<kw name="Log" owner="BuiltIn">
<msg time="2025-04-24T11:52:51.016537" level="INFO">Opening browser to URL: http://localhost:3000</msg>
<arg>Opening browser to URL: ${app.url}</arg>
<doc>Logs the given message with the given level.</doc>
<status status="PASS" start="2025-04-24T11:52:51.015890" elapsed="0.000740"/>
</kw>
<kw name="Open Browser" owner="SeleniumLibrary">
<msg time="2025-04-24T11:52:51.017556" level="INFO">Opening browser 'firefox' to base url 'http://localhost:3000'.</msg>
<arg>${app.url}</arg>
<arg>firefox</arg>
<doc>Opens a new browser instance to the optional ``url``.</doc>
<status status="PASS" start="2025-04-24T11:52:51.016854" elapsed="2.477777"/>
</kw>
<kw name="Set Selenium Timeout" owner="SeleniumLibrary">
<arg>${timeouts.selenium_timeout}</arg>
<doc>Sets the timeout that is used by various keywords.</doc>
<status status="PASS" start="2025-04-24T11:52:53.494869" elapsed="0.003064"/>
</kw>
<kw name="Get Title" owner="SeleniumLibrary">
<msg time="2025-04-24T11:52:53.499605" level="INFO">${title} = Todo App</msg>
<var>${title}</var>
<doc>Returns the title of the current page.</doc>
<status status="PASS" start="2025-04-24T11:52:53.498171" elapsed="0.001485"/>
</kw>
<kw name="Log" owner="BuiltIn">
<msg time="2025-04-24T11:52:53.500042" level="INFO">Page title: Todo App</msg>
<arg>Page title: ${title}</arg>
<doc>Logs the given message with the given level.</doc>
<status status="PASS" start="2025-04-24T11:52:53.499836" elapsed="0.000252"/>
</kw>
<kw name="Run Keyword And Return Status" owner="BuiltIn">
<kw name="Page Should Contain Element" owner="SeleniumLibrary">
<msg time="2025-04-24T11:52:53.606240" level="INFO" html="true">&lt;/td&gt;&lt;/tr&gt;&lt;tr&gt;&lt;td colspan="3"&gt;&lt;a href="selenium-screenshot-13.png"&gt;&lt;img src="selenium-screenshot-13.png" width="800px"&gt;&lt;/a&gt;</msg>
<msg time="2025-04-24T11:52:53.606406" level="FAIL">Page should have contained element 'css=input[placeholder='Note title']' but did not.</msg>
<arg>${selectors.note_title_input}</arg>
<doc>Verifies that element ``locator`` is found on the current page.</doc>
<status status="FAIL" start="2025-04-24T11:52:53.500359" elapsed="0.106180">Page should have contained element 'css=input[placeholder='Note title']' but did not.</status>
</kw>
<msg time="2025-04-24T11:52:53.606674" level="INFO">${element_present} = False</msg>
<var>${element_present}</var>
<arg>Page Should Contain Element</arg>
<arg>${selectors.note_title_input}</arg>
<doc>Runs the given keyword with given arguments and returns the status as a Boolean value.</doc>
<status status="PASS" start="2025-04-24T11:52:53.500219" elapsed="0.106483"/>
</kw>
<kw name="Log" owner="BuiltIn">
<msg time="2025-04-24T11:52:53.607101" level="INFO">Element present: False</msg>
<arg>Element present: ${element_present}</arg>
<doc>Logs the given message with the given level.</doc>
<status status="PASS" start="2025-04-24T11:52:53.606884" elapsed="0.000264"/>
</kw>
<kw name="Run Keyword If" owner="BuiltIn">
<kw name="Log Source" owner="SeleniumLibrary">
<msg time="2025-04-24T11:52:53.610188" level="INFO">&lt;html lang="en"&gt;&lt;head&gt;&lt;meta charset="utf-8"&gt;&lt;meta name="viewport" content="width=device-width, initial-scale=1"&gt;&lt;link rel="stylesheet" href="/_next/static/chunks/app_globals_73c37791.css" data-precedence="next_static/chunks/app_globals_73c37791.css"&gt;&lt;link rel="preload" as="script" fetchpriority="low" href="/_next/static/chunks/%5Bturbopack%5D_browser_dev_hmr-client_hmr-client_ts_fd44f5a4._.js"&gt;&lt;script src="/_next/static/chunks/node_modules_next_dist_compiled_2ce9398a._.js" async=""&gt;&lt;/script&gt;&lt;script src="/_next/static/chunks/node_modules_next_dist_client_8f19e6fb._.js" async=""&gt;&lt;/script&gt;&lt;script src="/_next/static/chunks/node_modules_next_dist_2ecbf5fa._.js" async=""&gt;&lt;/script&gt;&lt;script src="/_next/static/chunks/node_modules_%40swc_helpers_cjs_00636ac3._.js" async=""&gt;&lt;/script&gt;&lt;script src="/_next/static/chunks/_e69f0d32._.js" async=""&gt;&lt;/script&gt;&lt;script src="/_next/static/chunks/_93808211._.js" async=""&gt;&lt;/script&gt;&lt;script src="/_next/static/chunks/node_modules_next_dist_1a6ee436._.js" async=""&gt;&lt;/script&gt;&lt;script src="/_next/static/chunks/app_layout_tsx_c0237562._.js" async=""&gt;&lt;/script&gt;&lt;script src="/_next/static/chunks/_95cc09a3._.js" async=""&gt;&lt;/script&gt;&lt;script src="/_next/static/chunks/app_page_tsx_98a7fc26._.js" async=""&gt;&lt;/script&gt;&lt;title&gt;Todo App&lt;/title&gt;&lt;meta name="description" content="A todo application with intentional flaws for testing"&gt;&lt;script&gt;document.querySelectorAll('body link[rel="icon"], body link[rel="apple-touch-icon"]').forEach(el =&gt; document.head.appendChild(el))&lt;/script&gt;&lt;script src="/_next/static/chunks/node_modules_next_dist_build_polyfills_polyfill-nomodule.js" nomodule=""&gt;&lt;/script&gt;&lt;style&gt;@font-face{font-family:'__nextjs-Geist';font-style:normal;font-weight:400 600;font-display:swap;src:url(/__nextjs_font/geist-latin-ext.woff2) format('woff2');unicode-range:U+0100-02BA,U+02BD-02C5,U+02C7-02CC,U+02CE-02D7,U+02DD-02FF,U+0304,U+0308,U+0329,U+1D00-1DBF,U+1E00-1E9F,U+1EF2-1EFF,U+2020,U+20A0-20AB,U+20AD-20C0,U+2113,U+2C60-2C7F,U+A720-A7FF}@font-face{font-family:'__nextjs-Geist Mono';font-style:normal;font-weight:400 600;font-display:swap;src:url(/__nextjs_font/geist-mono-latin-ext.woff2) format('woff2');unicode-range:U+0100-02BA,U+02BD-02C5,U+02C7-02CC,U+02CE-02D7,U+02DD-02FF,U+0304,U+0308,U+0329,U+1D00-1DBF,U+1E00-1E9F,U+1EF2-1EFF,U+2020,U+20A0-20AB,U+20AD-20C0,U+2113,U+2C60-2C7F,U+A720-A7FF}@font-face{font-family:'__nextjs-Geist';font-style:normal;font-weight:400 600;font-display:swap;src:url(/__nextjs_font/geist-latin.woff2) format('woff2');unicode-range:U+0000-00FF,U+0131,U+0152-0153,U+02BB-02BC,U+02C6,U+02DA,U+02DC,U+0304,U+0308,U+0329,U+2000-206F,U+20AC,U+2122,U+2191,U+2193,U+2212,U+2215,U+FEFF,U+FFFD}@font-face{font-family:'__nextjs-Geist Mono';font-style:normal;font-weight:400 600;font-display:swap;src:url(/__nextjs_font/geist-mono-latin.woff2) format('woff2');unicode-range:U+0000-00FF,U+0131,U+0152-0153,U+02BB-02BC,U+02C6,U+02DA,U+02DC,U+0304,U+0308,U+0329,U+2000-206F,U+20AC,U+2122,U+2191,U+2193,U+2212,U+2215,U+FEFF,U+FFFD}&lt;/style&gt;&lt;/head&gt;&lt;body class="min-h-screen bg-gray-50"&gt;&lt;div class="container mx-auto px-4 py-8"&gt;&lt;div class="max-w-2xl mx-auto"&gt;&lt;div class="text-center mb-8"&gt;&lt;h1 class="text-3xl font-bold text-gray-900 mb-2"&gt;Productivity Tools&lt;/h1&gt;&lt;p class="text-gray-600"&gt;A collection of useful tools to boost your productivity&lt;/p&gt;&lt;/div&gt;&lt;div class="bg-white rounded-xl shadow-lg overflow-hidden"&gt;&lt;div class="border-b border-gray-200"&gt;&lt;nav class="flex -mb-px"&gt;&lt;button class="flex-1 py-4 px-6 text-center border-b-2 font-medium text-sm border-blue-500 text-blue-600"&gt;Todo List&lt;/button&gt;&lt;button class="flex-1 py-4 px-6 text-center border-b-2 font-medium text-sm border-transparent text-gray-500 hover:text-gray-700 hover:border-gray-300"&gt;Text Editor&lt;/button&gt;&lt;button class="flex-1 py-4 px-6 text-center border-b-2 font-medium text-sm border-transparent text-gray-500 hover:text-gray-700 hover:border-gray-300"&gt;Calculator&lt;/button&gt;&lt;button class="flex-1 py-4 px-6 text-center border-b-2 font-medium text-sm border-transparent text-gray-500 hover:text-gray-700 hover:border-gray-300"&gt;Notes&lt;/button&gt;&lt;/nav&gt;&lt;/div&gt;&lt;div class="p-6"&gt;&lt;div class="transition-all duration-300 ease-in-out"&gt;&lt;div class="max-w-md mx-auto"&gt;&lt;h1 class="text-2xl font-bold mb-4" data-testid="todo-header"&gt;Todo List&lt;/h1&gt;&lt;div class="flex mb-4"&gt;&lt;input type="text" class="flex-1 p-2 border rounded-l focus:outline-none focus:ring-2 focus:ring-blue-500" placeholder="Add a new todo" data-testid="todo-input" value=""&gt;&lt;button class="px-4 py-2 bg-blue-500 text-white rounded-r hover:bg-blue-600 focus:outline-none focus:ring-2 focus:ring-blue-500" data-testid="add-todo-button"&gt;Add&lt;/button&gt;&lt;/div&gt;&lt;ul class="space-y-2"&gt;&lt;/ul&gt;&lt;/div&gt;&lt;/div&gt;&lt;/div&gt;&lt;/div&gt;&lt;/div&gt;&lt;!--$--&gt;&lt;!--/$--&gt;&lt;!--$--&gt;&lt;!--/$--&gt;&lt;/div&gt;&lt;script src="/_next/static/chunks/%5Bturbopack%5D_browser_dev_hmr-client_hmr-client_ts_fd44f5a4._.js" async=""&gt;&lt;/script&gt;&lt;script&gt;(self.__next_f=self.__next_f||[]).push([0])&lt;/script&gt;&lt;script&gt;self.__next_f.push([1,"3:\"$Sreact.fragment\"\n5:I[\"[project]/node_modules/next/dist/client/components/layout-router.js [app-client] (ecmascript)\",[\"/_next/static/chunks/node_modules_next_dist_1a6ee436._.js\",\"/_next/static/chunks/app_layout_tsx_c0237562._.js\"],\"default\"]\n6:I[\"[project]/node_modules/next/dist/client/components/render-from-template-context.js [app-client] (ecmascript)\",[\"/_next/static/chunks/node_modules_next_dist_1a6ee436._.js\",\"/_next/static/chunks/app_layout_tsx_c0237562._.js\"],\"default\"]\nb:I[\"[project]/node_modules/next/dist/client/components/client-page.js [app-client] (ecmascript)\",[\"/_next/static/chunks/node_modules_next_dist_1a6ee436._.js\",\"/_next/static/chunks/app_layout_tsx_c0237562._.js\"],\"ClientPageRoot\"]\nc:I[\"[project]/app/page.tsx [app-client] (ecmascript)\",[\"/_next/static/chunks/node_modules_next_dist_1a6ee436._.js\",\"/_next/static/chunks/app_layout_tsx_c0237562._.js\",\"/_next/static/chunks/_95cc09a3._.js\",\"/_next/static/chunks/app_page_tsx_98a7fc26._.js\"],\"default\"]\n10:I[\"[project]/node_modules/next/dist/client/components/metadata/metadata-boundary.js [app-client] (ecmascript)\",[\"/_next/static/chunks/node_modules_next_dist_1a6ee436._.js\",\"/_next/static/chunks/app_layout_tsx_c0237562._.js\"],\"MetadataBoundary\"]\n13:I[\"[project]/node_modules/next/dist/client/components/metadata/metadata-boundary.js [app-client] (ecmascript)\",[\"/_next/static/chunks/node_modules_next_dist_1a6ee436._.js\",\"/_next/static/chunks/app_layout_tsx_c0237562._.js\"],\"OutletBoundary\"]\n1a:I[\"[project]/node_modules/next/dist/client/components/metadata/async-metadata.js [app-client] (ecmascript)\",[\"/_next/static/chunks/node_modules_next_dist_1a6ee436._.js\",\"/_next/static/chunks/app_layout_tsx_c0237562._.js\"],\"AsyncMetadataOutlet\"]\n20:I[\"[project]/node_modules/next/dist/client/components/metadata/metadata-boundary.js [app-client] (ecmascript)\",[\"/_next/static/chunks/node_modules_next_dist_1a6ee436._.js\",\"/_next/static/chunks/app_layout_tsx_c0237562._.js\"],\"ViewportBoundary\"]\n26:I[\"[project]/node_modules/next/dist/client/components/error-boundary.js"])&lt;/script&gt;&lt;script&gt;self.__next_f.push([1," [app-client] (ecmascript)\",[\"/_next/static/chunks/node_modules_next_dist_1a6ee436._.js\",\"/_next/static/chunks/app_layout_tsx_c0237562._.js\"],\"default\"]\n27:\"$Sreact.suspense\"\n28:I[\"[project]/node_modules/next/dist/client/components/metadata/async-metadata.js [app-client] (ecmascript)\",[\"/_next/static/chunks/node_modules_next_dist_1a6ee436._.js\",\"/_next/static/chunks/app_layout_tsx_c0237562._.js\"],\"AsyncMetadata\"]\n:HL[\"/_next/static/chunks/app_globals_73c37791.css\",\"style\"]\n2:{\"name\":\"Preloads\",\"env\":\"Server\",\"key\":null,\"owner\":null,\"stack\":[],\"props\":{\"preloadCallbacks\":[\"$E(()=\u003e{ctx.componentMod.preloadStyle(fullHref,ctx.renderOpts.crossOrigin,ctx.nonce)})\"]}}\n1:D\"$2\"\n1:null\n7:{\"name\":\"RootLayout\",\"env\":\"Server\",\"key\":null,\"owner\":null,\"stack\":[],\"props\":{\"children\":[\"$\",\"$L5\",null,{\"parallelRouterKey\":\"children\",\"error\":\"$undefined\",\"errorStyles\":\"$undefined\",\"errorScripts\":\"$undefined\",\"template\":[\"$\",\"$3\",null,{\"children\":[\"$\",\"$L6\",null,{},null,[],1]},null,[],0],\"templateStyles\":\"$undefined\",\"templateScripts\":\"$undefined\",\"notFound\":\"$Y\",\"forbidden\":\"$undefined\",\"unauthorized\":\"$undefined\"},null,[],1],\"params\":\"$Y\"}}\n4:D\"$7\"\n9:{\"name\":\"NotFound\",\"env\":\"Server\",\"key\":null,\"owner\":null,\"stack\":[],\"props\":{}}\n8:D\"$9\"\na:{\"name\":\"HTTPAccessErrorFallback\",\"env\":\"Server\",\"key\":null,\"owner\":\"$9\",\"stack\":[],\"props\":{\"status\":404,\"message\":\"This page could not be found.\"}}\n8:D\"$a\"\n8:[[\"$\",\"title\",null,{\"children\":\"404: This page could not be found.\"},\"$a\",[],1],[\"$\",\"div\",null,{\"style\":{\"fontFamily\":\"system-ui,\\\"Segoe UI\\\",Roboto,Helvetica,Arial,sans-serif,\\\"Apple Color Emoji\\\",\\\"Segoe UI Emoji\\\"\",\"height\":\"100vh\",\"textAlign\":\"center\",\"display\":\"flex\",\"flexDirection\":\"column\",\"alignItems\":\"center\",\"justifyContent\":\"center\"},\"children\":[\"$\",\"div\",null,{\"children\":[[\"$\",\"style\",null,{\"dangerouslySetInnerHTML\":{\"__html\":\"body{color:#000;background:#fff;margin:0}.next-error-h1{border-right:1px solid rgba(0,0,0,.3)}@media (prefers-color-scheme:dark){body{color:#fff;background:#000}.next-error-h1{border-right:1px solid rgba"])&lt;/script&gt;&lt;script&gt;self.__next_f.push([1,"(255,255,255,.3)}}\"}},\"$a\",[],1],[\"$\",\"h1\",null,{\"className\":\"next-error-h1\",\"style\":{\"display\":\"inline-block\",\"margin\":\"0 20px 0 0\",\"padding\":\"0 23px 0 0\",\"fontSize\":24,\"fontWeight\":500,\"verticalAlign\":\"top\",\"lineHeight\":\"49px\"},\"children\":404},\"$a\",[],1],[\"$\",\"div\",null,{\"style\":{\"display\":\"inline-block\"},\"children\":[\"$\",\"h2\",null,{\"style\":{\"fontSize\":14,\"fontWeight\":400,\"lineHeight\":\"49px\",\"margin\":0},\"children\":\"This page could not be found.\"},\"$a\",[],1]},\"$a\",[],1]]},\"$a\",[],1]},\"$a\",[],1]]\n4:[\"$\",\"html\",null,{\"lang\":\"en\",\"children\":[\"$\",\"body\",null,{\"className\":\"min-h-screen bg-gray-50\",\"children\":[\"$\",\"div\",null,{\"className\":\"container mx-auto px-4 py-8\",\"children\":[\"$\",\"$L5\",null,{\"parallelRouterKey\":\"children\",\"error\":\"$undefined\",\"errorStyles\":\"$undefined\",\"errorScripts\":\"$undefined\",\"template\":[\"$\",\"$L6\",null,{},null,[],1],\"templateStyles\":\"$undefined\",\"templateScripts\":\"$undefined\",\"notFound\":[\"$8\",[]],\"forbidden\":\"$undefined\",\"unauthorized\":\"$undefined\"},null,[],1]},\"$7\",[[\"RootLayout\",\"/home/nguyenvh/Sync/3a/stage_stet/projet_dho/mock-interface/.next/server/chunks/ssr/_f04daa50._.js\",24,274]],1]},\"$7\",[[\"RootLayout\",\"/home/nguyenvh/Sync/3a/stage_stet/projet_dho/mock-interface/.next/server/chunks/ssr/_f04daa50._.js\",22,270]],1]},\"$7\",[[\"RootLayout\",\"/home/nguyenvh/Sync/3a/stage_stet/projet_dho/mock-interface/.next/server/chunks/ssr/_f04daa50._.js\",20,263]],1]\ne:{\"name\":\"\",\"env\":\"Server\",\"key\":null,\"owner\":null,\"stack\":[],\"props\":{}}\nd:D\"$e\"\nf:{\"name\":\"MetadataTree\",\"env\":\"Server\",\"key\":null,\"owner\":null,\"stack\":[],\"props\":{}}\nd:D\"$f\"\n12:{\"name\":\"__next_metadata_boundary__\",\"env\":\"Server\",\"key\":null,\"owner\":\"$f\",\"stack\":[],\"props\":{}}\n11:D\"$12\"\nd:[\"$\",\"$L10\",null,{\"children\":\"$L11\"},\"$f\",[],1]\n15:{\"name\":\"__next_outlet_boundary__\",\"env\":\"Server\",\"key\":null,\"owner\":null,\"stack\":[],\"props\":{\"ready\":\"$E(async function getViewportReady() {\\n        await viewport();\\n        return undefined;\\n    })\"}}\n14:D\"$15\"\n17:{\"name\":\"__next_outlet_boundary__\",\"env\":\"Server\",\"key\":null,\"owner\":null,\"stack\":[],\"prop"])&lt;/script&gt;&lt;script&gt;self.__next_f.push([1,"s\":{\"ready\":\"$E(async function getMetadataReady() {\\n        // Only warm up metadata() call when it's blocking metadata,\\n        // otherwise it will be fully managed by AsyncMetadata component.\\n        if (!serveStreamingMetadata) {\\n            await metadata();\\n        }\\n        return undefined;\\n    })\"}}\n16:D\"$17\"\n19:{\"name\":\"StreamingMetadataOutlet\",\"env\":\"Server\",\"key\":null,\"owner\":null,\"stack\":[],\"props\":{}}\n18:D\"$19\"\n18:[\"$\",\"$L1a\",null,{\"promise\":\"$@1b\"},\"$19\",[],1]\n1d:{\"name\":\"NonIndex\",\"env\":\"Server\",\"key\":null,\"owner\":null,\"stack\":[],\"props\":{\"pagePath\":\"/\",\"statusCode\":200,\"isPossibleServerAction\":false}}\n1c:D\"$1d\"\n1c:null\n1f:{\"name\":\"ViewportTree\",\"env\":\"Server\",\"key\":\"zVqZfF4pTQF_SxrDeN-7c\",\"owner\":null,\"stack\":[],\"props\":{}}\n1e:D\"$1f\"\n22:{\"name\":\"__next_viewport_boundary__\",\"env\":\"Server\",\"key\":null,\"owner\":\"$1f\",\"stack\":[],\"props\":{}}\n21:D\"$22\"\n1e:[\"$\",\"$3\",\"zVqZfF4pTQF_SxrDeN-7c\",{\"children\":[[\"$\",\"$L20\",null,{\"children\":\"$L21\"},\"$1f\",[],1],null]},null,null,0]\n24:{\"name\":\"\",\"env\":\"Server\",\"key\":null,\"owner\":null,\"stack\":[],\"props\":{}}\n23:D\"$24\"\n23:null\n25:[]\n0:{\"P\":\"$1\",\"b\":\"development\",\"p\":\"\",\"c\":[\"\",\"\"],\"i\":false,\"f\":[[[\"\",{\"children\":[\"__PAGE__\",{}]},\"$undefined\",\"$undefined\",true],[\"\",[\"$\",\"$3\",\"c\",{\"children\":[[[\"$\",\"link\",\"0\",{\"rel\":\"stylesheet\",\"href\":\"/_next/static/chunks/app_globals_73c37791.css\",\"precedence\":\"next_static/chunks/app_globals_73c37791.css\",\"crossOrigin\":\"$undefined\",\"nonce\":\"$undefined\"},null,[],0],[\"$\",\"script\",\"script-0\",{\"src\":\"/_next/static/chunks/node_modules_next_dist_1a6ee436._.js\",\"async\":true,\"nonce\":\"$undefined\"},null,[],0],[\"$\",\"script\",\"script-1\",{\"src\":\"/_next/static/chunks/app_layout_tsx_c0237562._.js\",\"async\":true,\"nonce\":\"$undefined\"},null,[],0]],\"$4\"]},null,[],0],{\"children\":[\"__PAGE__\",[\"$\",\"$3\",\"c\",{\"children\":[[\"$\",\"$Lb\",null,{\"Component\":\"$c\",\"searchParams\":{},\"params\":{}},null,[],1],\"$d\",[[\"$\",\"script\",\"script-0\",{\"src\":\"/_next/static/chunks/_95cc09a
[...]
</kw>
<kw name="Toggle Todo" owner="todo_keywords">
<arg>Code review</arg>
<status status="NOT RUN" start="2025-04-24T11:59:20.733569" elapsed="0.000021"/>
</kw>
<kw name="Verify Todo Does Not Exist" owner="todo_keywords">
<arg>Client call</arg>
<status status="NOT RUN" start="2025-04-24T11:59:20.733693" elapsed="0.000022"/>
</kw>
<kw name="Verify Todo Does Not Exist" owner="todo_keywords">
<arg>Team sync</arg>
<status status="NOT RUN" start="2025-04-24T11:59:20.733815" elapsed="0.000021"/>
</kw>
<kw name="Close Todo Application" owner="todo_keywords" type="TEARDOWN">
<kw name="Close Browser" owner="SeleniumLibrary">
<doc>Closes the current browser.</doc>
<status status="PASS" start="2025-04-24T11:59:20.734306" elapsed="0.665077"/>
</kw>
<status status="PASS" start="2025-04-24T11:59:20.734065" elapsed="0.665539"/>
</kw>
<doc>Test complex workflow - will generate various failures</doc>
<status status="FAIL" start="2025-04-24T11:59:17.384697" elapsed="4.015070">No keyword with name 'Replace String' found.</status>
</test>
<test id="s1-s4-t7" name="Add Single Todo" line="80">
<kw name="Open Todo Application" owner="todo_keywords" type="SETUP">
<kw name="Open Browser" owner="SeleniumLibrary">
<msg time="2025-04-24T11:59:21.401548" level="INFO">Opening browser 'firefox' to base url 'http://localhost:3000'.</msg>
<arg>${app.url}</arg>
<arg>firefox</arg>
<doc>Opens a new browser instance to the optional ``url``.</doc>
<status status="PASS" start="2025-04-24T11:59:21.400853" elapsed="2.529220"/>
</kw>
<kw name="Wait Until Element Is Visible" owner="SeleniumLibrary">
<arg>${TODO_HEADER}</arg>
<doc>Waits until the element ``locator`` is visible.</doc>
<status status="PASS" start="2025-04-24T11:59:23.930415" elapsed="0.041932"/>
</kw>
<status status="PASS" start="2025-04-24T11:59:21.400509" elapsed="2.572034"/>
</kw>
<kw name="Open Todo List">
<msg time="2025-04-24T11:59:23.975115" level="FAIL">No keyword with name 'Open Todo List' found.</msg>
<status status="FAIL" start="2025-04-24T11:59:23.975010" elapsed="0.000183">No keyword with name 'Open Todo List' found.</status>
</kw>
<kw name="Add Todo Item">
<arg>Buy groceries</arg>
<status status="NOT RUN" start="2025-04-24T11:59:23.975487" elapsed="0.000048"/>
</kw>
<kw name="Verify Todo Item Exists">
<arg>Buy groceries</arg>
<status status="NOT RUN" start="2025-04-24T11:59:23.975705" elapsed="0.000035"/>
</kw>
<kw name="Close Browser" owner="SeleniumLibrary" type="TEARDOWN">
<doc>Closes the current browser.</doc>
<status status="PASS" start="2025-04-24T11:59:23.976101" elapsed="0.673628"/>
</kw>
<status status="FAIL" start="2025-04-24T11:59:21.400109" elapsed="3.249869">No keyword with name 'Open Todo List' found.</status>
</test>
<test id="s1-s4-t8" name="Add Multiple Todos" line="86">
<kw name="Open Todo Application" owner="todo_keywords" type="SETUP">
<kw name="Open Browser" owner="SeleniumLibrary">
<msg time="2025-04-24T11:59:24.651842" level="INFO">Opening browser 'firefox' to base url 'http://localhost:3000'.</msg>
<arg>${app.url}</arg>
<arg>firefox</arg>
<doc>Opens a new browser instance to the optional ``url``.</doc>
<status status="PASS" start="2025-04-24T11:59:24.651413" elapsed="2.500808"/>
</kw>
<kw name="Wait Until Element Is Visible" owner="SeleniumLibrary">
<arg>${TODO_HEADER}</arg>
<doc>Waits until the element ``locator`` is visible.</doc>
<status status="PASS" start="2025-04-24T11:59:27.152425" elapsed="0.055431"/>
</kw>
<status status="PASS" start="2025-04-24T11:59:24.651049" elapsed="2.556950"/>
</kw>
<kw name="Open Todo List">
<msg time="2025-04-24T11:59:27.209512" level="FAIL">No keyword with name 'Open Todo List' found.</msg>
<status status="FAIL" start="2025-04-24T11:59:27.209425" elapsed="0.000144">No keyword with name 'Open Todo List' found.</status>
</kw>
<kw name="Add Todo Item">
<arg>First task</arg>
<status status="NOT RUN" start="2025-04-24T11:59:27.209774" elapsed="0.000035"/>
</kw>
<kw name="Add Todo Item">
<arg>Second task</arg>
<status status="NOT RUN" start="2025-04-24T11:59:27.209920" elapsed="0.000023"/>
</kw>
<kw name="Add Todo Item">
<arg>Third task</arg>
<status status="NOT RUN" start="2025-04-24T11:59:27.210035" elapsed="0.000020"/>
</kw>
<kw name="Get Todo Count" owner="todo_keywords">
<var>${count}</var>
<status status="NOT RUN" start="2025-04-24T11:59:27.210213" elapsed="0.000029"/>
</kw>
<kw name="Should Be Equal As Numbers" owner="BuiltIn">
<arg>${count}</arg>
<arg>3</arg>
<doc>Fails if objects are unequal after converting them to real numbers.</doc>
<status status="NOT RUN" start="2025-04-24T11:59:27.210359" elapsed="0.000027"/>
</kw>
<kw name="Close Browser" owner="SeleniumLibrary" type="TEARDOWN">
<doc>Closes the current browser.</doc>
<status status="PASS" start="2025-04-24T11:59:27.210684" elapsed="0.675110"/>
</kw>
<status status="FAIL" start="2025-04-24T11:59:24.650427" elapsed="3.235663">No keyword with name 'Open Todo List' found.</status>
</test>
<test id="s1-s4-t9" name="Complete Todo" line="95">
<kw name="Open Todo Application" owner="todo_keywords" type="SETUP">
<kw name="Open Browser" owner="SeleniumLibrary">
<msg time="2025-04-24T11:59:27.888588" level="INFO">Opening browser 'firefox' to base url 'http://localhost:3000'.</msg>
<arg>${app.url}</arg>
<arg>firefox</arg>
<doc>Opens a new browser instance to the optional ``url``.</doc>
<status status="PASS" start="2025-04-24T11:59:27.887729" elapsed="2.507832"/>
</kw>
<kw name="Wait Until Element Is Visible" owner="SeleniumLibrary">
<arg>${TODO_HEADER}</arg>
<doc>Waits until the element ``locator`` is visible.</doc>
<status status="PASS" start="2025-04-24T11:59:30.395793" elapsed="0.104931"/>
</kw>
<status status="PASS" start="2025-04-24T11:59:27.887271" elapsed="2.613584"/>
</kw>
<kw name="Open Todo List">
<msg time="2025-04-24T11:59:30.502474" level="FAIL">No keyword with name 'Open Todo List' found.</msg>
<status status="FAIL" start="2025-04-24T11:59:30.502391" elapsed="0.000140">No keyword with name 'Open Todo List' found.</status>
</kw>
<kw name="Add Todo Item">
<arg>Complete this task</arg>
<status status="NOT RUN" start="2025-04-24T11:59:30.502786" elapsed="0.000053"/>
</kw>
<kw name="Verify Todo Item Is Not Completed">
<arg>Complete this task</arg>
<status status="NOT RUN" start="2025-04-24T11:59:30.503111" elapsed="0.000046"/>
</kw>
<kw name="Toggle Todo Item">
<arg>Complete this task</arg>
<status status="NOT RUN" start="2025-04-24T11:59:30.503315" elapsed="0.000033"/>
</kw>
<kw name="Verify Todo Item Is Completed">
<arg>Complete this task</arg>
<status status="NOT RUN" start="2025-04-24T11:59:30.503495" elapsed="0.000032"/>
</kw>
<kw name="Close Browser" owner="SeleniumLibrary" type="TEARDOWN">
<doc>Closes the current browser.</doc>
<status status="PASS" start="2025-04-24T11:59:30.503900" elapsed="0.794871"/>
</kw>
<status status="FAIL" start="2025-04-24T11:59:27.886617" elapsed="3.412429">No keyword with name 'Open Todo List' found.</status>
</test>
<test id="s1-s4-t10" name="Delete Todo" line="103">
<kw name="Open Todo Application" owner="todo_keywords" type="SETUP">
<kw name="Open Browser" owner="SeleniumLibrary">
<msg time="2025-04-24T11:59:31.301966" level="INFO">Opening browser 'firefox' to base url 'http://localhost:3000'.</msg>
<arg>${app.url}</arg>
<arg>firefox</arg>
<doc>Opens a new browser instance to the optional ``url``.</doc>
<status status="PASS" start="2025-04-24T11:59:31.300939" elapsed="2.682496"/>
</kw>
<kw name="Wait Until Element Is Visible" owner="SeleniumLibrary">
<arg>${TODO_HEADER}</arg>
<doc>Waits until the element ``locator`` is visible.</doc>
<status status="PASS" start="2025-04-24T11:59:33.983636" elapsed="0.046075"/>
</kw>
<status status="PASS" start="2025-04-24T11:59:31.300402" elapsed="2.729513"/>
</kw>
<kw name="Open Todo List">
<msg time="2025-04-24T11:59:34.031834" level="FAIL">No keyword with name 'Open Todo List' found.</msg>
<status status="FAIL" start="2025-04-24T11:59:34.031763" elapsed="0.000121">No keyword with name 'Open Todo List' found.</status>
</kw>
<kw name="Add Todo Item">
<arg>Task to delete</arg>
<status status="NOT RUN" start="2025-04-24T11:59:34.032092" elapsed="0.000030"/>
</kw>
<kw name="Verify Todo Item Exists">
<arg>Task to delete</arg>
<status status="NOT RUN" start="2025-04-24T11:59:34.032224" elapsed="0.000024"/>
</kw>
<kw name="Delete Todo Item">
<arg>Task to delete</arg>
<status status="NOT RUN" start="2025-04-24T11:59:34.032347" elapsed="0.000019"/>
</kw>
<kw name="Verify Todo Item Does Not Exist">
<arg>Task to delete</arg>
<status status="NOT RUN" start="2025-04-24T11:59:34.032461" elapsed="0.000020"/>
</kw>
<kw name="Close Browser" owner="SeleniumLibrary" type="TEARDOWN">
<doc>Closes the current browser.</doc>
<status status="PASS" start="2025-04-24T11:59:34.032706" elapsed="0.677581"/>
</kw>
<status status="FAIL" start="2025-04-24T11:59:31.299676" elapsed="3.410860">No keyword with name 'Open Todo List' found.</status>
</test>
<test id="s1-s4-t11" name="Toggle Multiple Todos" line="111">
<kw name="Open Todo Application" owner="todo_keywords" type="SETUP">
<kw name="Open Browser" owner="SeleniumLibrary">
<msg time="2025-04-24T11:59:34.713653" level="INFO">Opening browser 'firefox' to base url 'http://localhost:3000'.</msg>
<arg>${app.url}</arg>
<arg>firefox</arg>
<doc>Opens a new browser instance to the optional ``url``.</doc>
<status status="PASS" start="2025-04-24T11:59:34.712302" elapsed="2.559908"/>
</kw>
<kw name="Wait Until Element Is Visible" owner="SeleniumLibrary">
<arg>${TODO_HEADER}</arg>
<doc>Waits until the element ``locator`` is visible.</doc>
<status status="PASS" start="2025-04-24T11:59:37.272502" elapsed="0.120255"/>
</kw>
<status status="PASS" start="2025-04-24T11:59:34.711740" elapsed="2.681141"/>
</kw>
<kw name="Open Todo List">
<msg time="2025-04-24T11:59:37.394299" level="FAIL">No keyword with name 'Open Todo List' found.</msg>
<status status="FAIL" start="2025-04-24T11:59:37.394241" elapsed="0.000104">No keyword with name 'Open Todo List' found.</status>
</kw>
<kw name="Add Todo Item">
<arg>Task 1</arg>
<status status="NOT RUN" start="2025-04-24T11:59:37.394489" elapsed="0.000025"/>
</kw>
<kw name="Add Todo Item">
<arg>Task 2</arg>
<status status="NOT RUN" start="2025-04-24T11:59:37.394607" elapsed="0.000020"/>
</kw>
<kw name="Toggle Todo Item">
<arg>Task 1</arg>
<status status="NOT RUN" start="2025-04-24T11:59:37.394713" elapsed="0.000024"/>
</kw>
<kw name="Toggle Todo Item">
<arg>Task 2</arg>
<status status="NOT RUN" start="2025-04-24T11:59:37.394859" elapsed="0.000030"/>
</kw>
<kw name="Verify Todo Item Is Completed">
<arg>Task 1</arg>
<status status="NOT RUN" start="2025-04-24T11:59:37.395035" elapsed="0.000033"/>
</kw>
<kw name="Verify Todo Item Is Completed">
<arg>Task 2</arg>
<status status="NOT RUN" start="2025-04-24T11:59:37.395195" elapsed="0.000031"/>
</kw>
<kw name="Close Browser" owner="SeleniumLibrary" type="TEARDOWN">
<doc>Closes the current browser.</doc>
<status status="PASS" start="2025-04-24T11:59:37.395478" elapsed="0.818007"/>
</kw>
<status status="FAIL" start="2025-04-24T11:59:34.711062" elapsed="3.502685">No keyword with name 'Open Todo List' found.</status>
</test>
<test id="s1-s4-t12" name="Complete And Uncomplete Todo" line="121">
<kw name="Open Todo Application" owner="todo_keywords" type="SETUP">
<kw name="Open Browser" owner="SeleniumLibrary">
<msg time="2025-04-24T11:59:38.216064" level="INFO">Opening browser 'firefox' to base url 'http://localhost:3000'.</msg>
<arg>${app.url}</arg>
<arg>firefox</arg>
<doc>Opens a new browser instance to the optional ``url``.</doc>
<status status="PASS" start="2025-04-24T11:59:38.215273" elapsed="2.665181"/>
</kw>
<kw name="Wait Until Element Is Visible" owner="SeleniumLibrary">
<arg>${TODO_HEADER}</arg>
<doc>Waits until the element ``locator`` is visible.</doc>
<status status="PASS" start="2025-04-24T11:59:40.880705" elapsed="0.073635"/>
</kw>
<status status="PASS" start="2025-04-24T11:59:38.214834" elapsed="2.739644"/>
</kw>
<kw name="Open Todo List">
<msg time="2025-04-24T11:59:40.956608" level="FAIL">No keyword with name 'Open Todo List' found.</msg>
<status status="FAIL" start="2025-04-24T11:59:40.956520" elapsed="0.000146">No keyword with name 'Open Todo List' found.</status>
</kw>
<kw name="Add Todo Item">
<arg>Toggle task</arg>
<status status="NOT RUN" start="2025-04-24T11:59:40.956883" elapsed="0.000052"/>
</kw>
<kw name="Toggle Todo Item">
<arg>Toggle task</arg>
<status status="NOT RUN" start="2025-04-24T11:59:40.957058" elapsed="0.000023"/>
</kw>
<kw name="Verify Todo Item Is Completed">
<arg>Toggle task</arg>
<status status="NOT RUN" start="2025-04-24T11:59:40.957189" elapsed="0.000029"/>
</kw>
<kw name="Toggle Todo Item">
<arg>Toggle task</arg>
<status status="NOT RUN" start="2025-04-24T11:59:40.957331" elapsed="0.000022"/>
</kw>
<kw name="Verify Todo Item Is Not Completed">
<arg>Toggle task</arg>
<status status="NOT RUN" start="2025-04-24T11:59:40.957439" elapsed="0.000020"/>
</kw>
<kw name="Close Browser" owner="SeleniumLibrary" type="TEARDOWN">
<doc>Closes the current browser.</doc>
<status status="PASS" start="2025-04-24T11:59:40.957726" elapsed="0.691394"/>
</kw>
<status status="FAIL" start="2025-04-24T11:59:38.214252" elapsed="3.435081">No keyword with name 'Open Todo List' found.</status>
</test>
<test id="s1-s4-t13" name="Add And Delete Multiple Todos" line="130">
<kw name="Open Todo Application" owner="todo_keywords" type="SETUP">
<kw name="Open Browser" owner="SeleniumLibrary">
<msg time="2025-04-24T11:59:41.650858" level="INFO">Opening browser 'firefox' to base url 'http://localhost:3000'.</msg>
<arg>${app.url}</arg>
<arg>firefox</arg>
<doc>Opens a new browser instance to the optional ``url``.</doc>
<status status="PASS" start="2025-04-24T11:59:41.650377" elapsed="2.634853"/>
</kw>
<kw name="Wait Until Element Is Visible" owner="SeleniumLibrary">
<arg>${TODO_HEADER}</arg>
<doc>Waits until the element ``locator`` is visible.</doc>
<status status="PASS" start="2025-04-24T11:59:44.285461" elapsed="0.135073"/>
</kw>
<status status="PASS" start="2025-04-24T11:59:41.650071" elapsed="2.770594"/>
</kw>
<kw name="Open Todo List">
<msg time="2025-04-24T11:59:44.422152" level="FAIL">No keyword with name 'Open Todo List' found.</msg>
<status status="FAIL" start="2025-04-24T11:59:44.422082" elapsed="0.000120">No keyword with name 'Open Todo List' found.</status>
</kw>
<kw name="Add Todo Item">
<arg>Task 1</arg>
<status status="NOT RUN" start="2025-04-24T11:59:44.422440" elapsed="0.000033"/>
</kw>
<kw name="Add Todo Item">
<arg>Task 2</arg>
<status status="NOT RUN" start="2025-04-24T11:59:44.422592" elapsed="0.000023"/>
</kw>
<kw name="Add Todo Item">
<arg>Task 3</arg>
<status status="NOT RUN" start="2025-04-24T11:59:44.422717" elapsed="0.000021"/>
</kw>
<kw name="Delete Todo Item">
<arg>Task 2</arg>
<status status="NOT RUN" start="2025-04-24T11:59:44.422837" elapsed="0.000023"/>
</kw>
<kw name="Verify Todo Item Exists">
<arg>Task 1</arg>
<status status="NOT RUN" start="2025-04-24T11:59:44.422963" elapsed="0.000025"/>
</kw>
<kw name="Verify Todo Item Does Not Exist">
<arg>Task 2</arg>
<status status="NOT RUN" start="2025-04-24T11:59:44.423085" elapsed="0.000020"/>
</kw>
<kw name="Verify Todo Item Exists">
<arg>Task 3</arg>
<status status="NOT RUN" start="2025-04-24T11:59:44.423194" elapsed="0.000019"/>
</kw>
<kw name="Close Browser" owner="SeleniumLibrary" type="TEARDOWN">
<doc>Closes the current browser.</doc>
<status status="PASS" start="2025-04-24T11:59:44.423467" elapsed="0.698120"/>
</kw>
<status status="FAIL" start="2025-04-24T11:59:41.649649" elapsed="3.472157">No keyword with name 'Open Todo List' found.</status>
</test>
<test id="s1-s4-t14" name="Todo With Special Characters" line="141">
<kw name="Open Todo Application" owner="todo_keywords" type="SETUP">
<kw name="Open Browser" owner="SeleniumLibrary">
<msg time="2025-04-24T11:59:45.123597" level="INFO">Opening browser 'firefox' to base url 'http://localhost:3000'.</msg>
<arg>${app.url}</arg>
<arg>firefox</arg>
<doc>Opens a new browser instance to the optional ``url``.</doc>
<status status="PASS" start="2025-04-24T11:59:45.123160" elapsed="2.550374"/>
</kw>
<kw name="Wait Until Element Is Visible" owner="SeleniumLibrary">
<arg>${TODO_HEADER}</arg>
<doc>Waits until the element ``locator`` is visible.</doc>
<status status="PASS" start="2025-04-24T11:59:47.673739" elapsed="0.111596"/>
</kw>
<status status="PASS" start="2025-04-24T11:59:45.122823" elapsed="2.662643"/>
</kw>
<kw name="Open Todo List">
<msg time="2025-04-24T11:59:47.787254" level="FAIL">No keyword with name 'Open Todo List' found.</msg>
<status status="FAIL" start="2025-04-24T11:59:47.787176" elapsed="0.000140">No keyword with name 'Open Todo List' found.</status>
</kw>
<kw name="Add Todo Item">
<arg>Special chars: !@#$%^&amp;*()</arg>
<status status="NOT RUN" start="2025-04-24T11:59:47.787520" elapsed="0.000034"/>
</kw>
<kw name="Verify Todo Item Exists">
<arg>Special chars: !@#$%^&amp;*()</arg>
<status status="NOT RUN" start="2025-04-24T11:59:47.787663" elapsed="0.000023"/>
</kw>
<kw name="Close Browser" owner="SeleniumLibrary" type="TEARDOWN">
<doc>Closes the current browser.</doc>
<status status="PASS" start="2025-04-24T11:59:47.787948" elapsed="0.800272"/>
</kw>
<status status="FAIL" start="2025-04-24T11:59:45.122272" elapsed="3.466138">No keyword with name 'Open Todo List' found.</status>
</test>
<status status="FAIL" start="2025-04-24T11:58:57.789056" elapsed="50.799813"/>
</suite>
<status status="FAIL" start="2025-04-24T11:50:36.962709" elapsed="551.627013"/>
</suite>
<statistics>
<total>
<stat pass="0" fail="35" skip="0">All Tests</stat>
</total>
<tag>
</tag>
<suite>
<stat name="Calculator Tests &amp; Note Management &amp; Text Editor Tests &amp; Todo Tests" id="s1" pass="0" fail="35" skip="0">Calculator Tests &amp; Note Management &amp; Text Editor Tests &amp; Todo Tests</stat>
<stat name="Calculator Tests" id="s1-s1" pass="0" fail="8" skip="0">Calculator Tests &amp; Note Management &amp; Text Editor Tests &amp; Todo Tests.Calculator Tests</stat>
<stat name="Note Management" id="s1-s2" pass="0" fail="5" skip="0">Calculator Tests &amp; Note Management &amp; Text Editor Tests &amp; Todo Tests.Note Management</stat>
<stat name="Text Editor Tests" id="s1-s3" pass="0" fail="8" skip="0">Calculator Tests &amp; Note Management &amp; Text Editor Tests &amp; Todo Tests.Text Editor Tests</stat>
<stat name="Todo Tests" id="s1-s4" pass="0" fail="14" skip="0">Calculator Tests &amp; Note Management &amp; Text Editor Tests &amp; Todo Tests.Todo Tests</stat>
</suite>
</statistics>
<errors>
<msg time="2025-04-24T11:50:36.978480" level="WARN">Error in file '/home/nguyenvh/Sync/3a/stage_stet/projet_dho/mock-interface/resources/keywords/calculator_keywords.resource' on line 33: The '[Return]' setting is deprecated. Use the 'RETURN' statement instead.</msg>
<msg time="2025-04-24T11:50:36.978582" level="WARN">Error in file '/home/nguyenvh/Sync/3a/stage_stet/projet_dho/mock-interface/resources/keywords/calculator_keywords.resource' on line 37: The '[Return]' setting is deprecated. Use the 'RETURN' statement instead.</msg>
<msg time="2025-04-24T11:54:31.243230" level="WARN">Error in file '/home/nguyenvh/Sync/3a/stage_stet/projet_dho/mock-interface/resources/keywords/text_editor_keywords.resource' on line 24: The '[Return]' setting is deprecated. Use the 'RETURN' statement instead.</msg>
<msg time="2025-04-24T11:54:31.243323" level="WARN">Error in file '/home/nguyenvh/Sync/3a/stage_stet/projet_dho/mock-interface/resources/keywords/text_editor_keywords.resource' on line 28: The '[Return]' setting is deprecated. Use the 'RETURN' statement instead.</msg>
<msg time="2025-04-24T11:58:57.792707" level="WARN">Error in file '/home/nguyenvh/Sync/3a/stage_stet/projet_dho/mock-interface/resources/keywords/todo_keywords.resource' on line 71: The '[Return]' setting is deprecated. Use the 'RETURN' statement instead.</msg>
</errors>
</robot>
