<?xml version="1.0" encoding="UTF-8"?>
<robot generator="Robot 7.2.2 (Python 3.10.12 on linux)" generated="2025-04-29T16:34:03.662566" rpa="false" schemaversion="5">
<suite id="s1" name="Note Tests" source="/home/nguyenvh/Sync/3a/stage_stet/projet_dho/robot-report-generator/tests/note_tests.robot">
<test id="s1-t1" name="Create And Save Note" line="7">
<kw name="Open Notes App" owner="note_keywords" type="SETUP">
<kw name="Open Notes" owner="note_keywords">
<kw name="Open Browser" owner="SeleniumLibrary">
<msg time="2025-04-29T16:34:03.795798" level="INFO">Opening browser 'chrome' to base url 'http://localhost:3000'.</msg>
<arg>${app.url}</arg>
<arg>chrome</arg>
<doc>Opens a new browser instance to the optional ``url``.</doc>
<status status="PASS" start="2025-04-29T16:34:03.795343" elapsed="0.977744"/>
</kw>
<kw name="Click Element" owner="SeleniumLibrary">
<msg time="2025-04-29T16:34:04.774630" level="INFO">Clicking element 'xpath=//button[contains(text(), 'Notes')]'.</msg>
<arg>${selectors.header.notes_button}</arg>
<doc>Click the element identified by ``locator``.</doc>
<status status="PASS" start="2025-04-29T16:34:04.773476" elapsed="0.108303"/>
</kw>
<kw name="Wait Until Element Is Visible" owner="SeleniumLibrary">
<arg>${selectors.notes.notes_app}</arg>
<doc>Waits until the element ``locator`` is visible.</doc>
<status status="PASS" start="2025-04-29T16:34:04.882027" elapsed="0.015033"/>
</kw>
<status status="PASS" start="2025-04-29T16:34:03.794769" elapsed="1.102421"/>
</kw>
<kw name="Clear All Notes" owner="note_keywords">
<kw name="Get Note Count" owner="note_keywords">
<kw name="Get Element Count" owner="SeleniumLibrary">
<msg time="2025-04-29T16:34:04.904949" level="INFO">${count} = 2</msg>
<var>${count}</var>
<arg>${selectors.notes.note_item}</arg>
<doc>Returns the number of elements matching ``locator``.</doc>
<status status="PASS" start="2025-04-29T16:34:04.897881" elapsed="0.007123"/>
</kw>
<return>
<value>${count}</value>
<status status="PASS" start="2025-04-29T16:34:04.905099" elapsed="0.000073"/>
</return>
<msg time="2025-04-29T16:34:04.905341" level="INFO">${count} = 2</msg>
<var>${count}</var>
<status status="PASS" start="2025-04-29T16:34:04.897685" elapsed="0.007688"/>
</kw>
<for flavor="IN RANGE">
<iter>
<kw name="Click Element" owner="SeleniumLibrary">
<msg time="2025-04-29T16:34:04.906347" level="INFO">Clicking element 'css=[data-testid^='delete-note-button-']'.</msg>
<msg time="2025-04-29T16:34:04.976456" level="INFO" html="true">&lt;/td&gt;&lt;/tr&gt;&lt;tr&gt;&lt;td colspan="3"&gt;&lt;a href="selenium-screenshot-1.png"&gt;&lt;img src="selenium-screenshot-1.png" width="800px"&gt;&lt;/a&gt;</msg>
<msg time="2025-04-29T16:34:04.976639" level="FAIL">Element with locator 'css=[data-testid^='delete-note-button-']' not found.</msg>
<arg>${selectors.notes.delete_note_button}</arg>
<doc>Click the element identified by ``locator``.</doc>
<status status="FAIL" start="2025-04-29T16:34:04.905762" elapsed="0.071463">Element with locator 'css=[data-testid^='delete-note-button-']' not found.</status>
</kw>
<kw name="Sleep" owner="BuiltIn">
<arg>1s</arg>
<doc>Pauses the test executed for the given time.</doc>
<status status="NOT RUN" start="2025-04-29T16:34:04.977458" elapsed="0.000046"/>
</kw>
<var name="${i}">0</var>
<status status="FAIL" start="2025-04-29T16:34:04.905635" elapsed="0.071931">Element with locator 'css=[data-testid^='delete-note-button-']' not found.</status>
</iter>
<var>${i}</var>
<value>${count}</value>
<status status="FAIL" start="2025-04-29T16:34:04.905463" elapsed="0.072167">Element with locator 'css=[data-testid^='delete-note-button-']' not found.</status>
</for>
<kw name="Verify Note Count" owner="note_keywords">
<arg>0</arg>
<status status="NOT RUN" start="2025-04-29T16:34:04.977789" elapsed="0.000029"/>
</kw>
<status status="FAIL" start="2025-04-29T16:34:04.897411" elapsed="0.080491">Element with locator 'css=[data-testid^='delete-note-button-']' not found.</status>
</kw>
<status status="FAIL" start="2025-04-29T16:34:03.794496" elapsed="1.183472">Element with locator 'css=[data-testid^='delete-note-button-']' not found.</status>
</kw>
<kw name="Close Browser" owner="SeleniumLibrary" type="TEARDOWN">
<doc>Closes the current browser.</doc>
<status status="PASS" start="2025-04-29T16:34:04.978350" elapsed="0.057062"/>
</kw>
<doc>Test creating and saving a new note</doc>
<status status="FAIL" start="2025-04-29T16:34:03.793872" elapsed="1.241696">Setup failed:
Element with locator 'css=[data-testid^='delete-note-button-']' not found.</status>
</test>
<test id="s1-t2" name="Edit Existing Note" line="14">
<kw name="Open Notes App" owner="note_keywords" type="SETUP">
<kw name="Open Notes" owner="note_keywords">
<kw name="Open Browser" owner="SeleniumLibrary">
<msg time="2025-04-29T16:34:05.037580" level="INFO">Opening browser 'chrome' to base url 'http://localhost:3000'.</msg>
<arg>${app.url}</arg>
<arg>chrome</arg>
<doc>Opens a new browser instance to the optional ``url``.</doc>
<status status="PASS" start="2025-04-29T16:34:05.036884" elapsed="0.797621"/>
</kw>
<kw name="Click Element" owner="SeleniumLibrary">
<msg time="2025-04-29T16:34:05.835204" level="INFO">Clicking element 'xpath=//button[contains(text(), 'Notes')]'.</msg>
<arg>${selectors.header.notes_button}</arg>
<doc>Click the element identified by ``locator``.</doc>
<status status="PASS" start="2025-04-29T16:34:05.834726" elapsed="0.100260"/>
</kw>
<kw name="Wait Until Element Is Visible" owner="SeleniumLibrary">
<arg>${selectors.notes.notes_app}</arg>
<doc>Waits until the element ``locator`` is visible.</doc>
<status status="PASS" start="2025-04-29T16:34:05.935186" elapsed="0.012884"/>
</kw>
<status status="PASS" start="2025-04-29T16:34:05.036641" elapsed="0.911550"/>
</kw>
<kw name="Clear All Notes" owner="note_keywords">
<kw name="Get Note Count" owner="note_keywords">
<kw name="Get Element Count" owner="SeleniumLibrary">
<msg time="2025-04-29T16:34:05.956607" level="INFO">${count} = 2</msg>
<var>${count}</var>
<arg>${selectors.notes.note_item}</arg>
<doc>Returns the number of elements matching ``locator``.</doc>
<status status="PASS" start="2025-04-29T16:34:05.948881" elapsed="0.007794"/>
</kw>
<return>
<value>${count}</value>
<status status="PASS" start="2025-04-29T16:34:05.956775" elapsed="0.000075"/>
</return>
<msg time="2025-04-29T16:34:05.957036" level="INFO">${count} = 2</msg>
<var>${count}</var>
<status status="PASS" start="2025-04-29T16:34:05.948693" elapsed="0.008370"/>
</kw>
<for flavor="IN RANGE">
<iter>
<kw name="Click Element" owner="SeleniumLibrary">
<msg time="2025-04-29T16:34:05.957911" level="INFO">Clicking element 'css=[data-testid^='delete-note-button-']'.</msg>
<msg time="2025-04-29T16:34:06.043660" level="INFO" html="true">&lt;/td&gt;&lt;/tr&gt;&lt;tr&gt;&lt;td colspan="3"&gt;&lt;a href="selenium-screenshot-2.png"&gt;&lt;img src="selenium-screenshot-2.png" width="800px"&gt;&lt;/a&gt;</msg>
<msg time="2025-04-29T16:34:06.043885" level="FAIL">Element with locator 'css=[data-testid^='delete-note-button-']' not found.</msg>
<arg>${selectors.notes.delete_note_button}</arg>
<doc>Click the element identified by ``locator``.</doc>
<status status="FAIL" start="2025-04-29T16:34:05.957444" elapsed="0.086637">Element with locator 'css=[data-testid^='delete-note-button-']' not found.</status>
</kw>
<kw name="Sleep" owner="BuiltIn">
<arg>1s</arg>
<doc>Pauses the test executed for the given time.</doc>
<status status="NOT RUN" start="2025-04-29T16:34:06.044371" elapsed="0.000056"/>
</kw>
<var name="${i}">0</var>
<status status="FAIL" start="2025-04-29T16:34:05.957292" elapsed="0.087219">Element with locator 'css=[data-testid^='delete-note-button-']' not found.</status>
</iter>
<var>${i}</var>
<value>${count}</value>
<status status="FAIL" start="2025-04-29T16:34:05.957128" elapsed="0.087468">Element with locator 'css=[data-testid^='delete-note-button-']' not found.</status>
</for>
<kw name="Verify Note Count" owner="note_keywords">
<arg>0</arg>
<status status="NOT RUN" start="2025-04-29T16:34:06.044840" elapsed="0.000051"/>
</kw>
<status status="FAIL" start="2025-04-29T16:34:05.948413" elapsed="0.096577">Element with locator 'css=[data-testid^='delete-note-button-']' not found.</status>
</kw>
<status status="FAIL" start="2025-04-29T16:34:05.036332" elapsed="1.008791">Element with locator 'css=[data-testid^='delete-note-button-']' not found.</status>
</kw>
<kw name="Close Browser" owner="SeleniumLibrary" type="TEARDOWN">
<doc>Closes the current browser.</doc>
<status status="PASS" start="2025-04-29T16:34:06.045395" elapsed="0.055778"/>
</kw>
<doc>Test editing an existing note</doc>
<status status="FAIL" start="2025-04-29T16:34:05.035867" elapsed="1.065503">Setup failed:
Element with locator 'css=[data-testid^='delete-note-button-']' not found.</status>
</test>
<test id="s1-t3" name="Delete Note" line="21">
<kw name="Open Notes App" owner="note_keywords" type="SETUP">
<kw name="Open Notes" owner="note_keywords">
<kw name="Open Browser" owner="SeleniumLibrary">
<msg time="2025-04-29T16:34:06.102843" level="INFO">Opening browser 'chrome' to base url 'http://localhost:3000'.</msg>
<arg>${app.url}</arg>
<arg>chrome</arg>
<doc>Opens a new browser instance to the optional ``url``.</doc>
<status status="PASS" start="2025-04-29T16:34:06.102420" elapsed="0.839886"/>
</kw>
<kw name="Click Element" owner="SeleniumLibrary">
<msg time="2025-04-29T16:34:06.943537" level="INFO">Clicking element 'xpath=//button[contains(text(), 'Notes')]'.</msg>
<arg>${selectors.header.notes_button}</arg>
<doc>Click the element identified by ``locator``.</doc>
<status status="PASS" start="2025-04-29T16:34:06.942649" elapsed="0.101563"/>
</kw>
<kw name="Wait Until Element Is Visible" owner="SeleniumLibrary">
<arg>${selectors.notes.notes_app}</arg>
<doc>Waits until the element ``locator`` is visible.</doc>
<status status="PASS" start="2025-04-29T16:34:07.044468" elapsed="0.012762"/>
</kw>
<status status="PASS" start="2025-04-29T16:34:06.102211" elapsed="0.955152"/>
</kw>
<kw name="Clear All Notes" owner="note_keywords">
<kw name="Get Note Count" owner="note_keywords">
<kw name="Get Element Count" owner="SeleniumLibrary">
<msg time="2025-04-29T16:34:07.065251" level="INFO">${count} = 2</msg>
<var>${count}</var>
<arg>${selectors.notes.note_item}</arg>
<doc>Returns the number of elements matching ``locator``.</doc>
<status status="PASS" start="2025-04-29T16:34:07.058060" elapsed="0.007251"/>
</kw>
<return>
<value>${count}</value>
<status status="PASS" start="2025-04-29T16:34:07.065392" elapsed="0.000055"/>
</return>
<msg time="2025-04-29T16:34:07.065581" level="INFO">${count} = 2</msg>
<var>${count}</var>
<status status="PASS" start="2025-04-29T16:34:07.057855" elapsed="0.007749"/>
</kw>
<for flavor="IN RANGE">
<iter>
<kw name="Click Element" owner="SeleniumLibrary">
<msg time="2025-04-29T16:34:07.066329" level="INFO">Clicking element 'css=[data-testid^='delete-note-button-']'.</msg>
<msg time="2025-04-29T16:34:07.138290" level="INFO" html="true">&lt;/td&gt;&lt;/tr&gt;&lt;tr&gt;&lt;td colspan="3"&gt;&lt;a href="selenium-screenshot-3.png"&gt;&lt;img src="selenium-screenshot-3.png" width="800px"&gt;&lt;/a&gt;</msg>
<msg time="2025-04-29T16:34:07.138512" level="FAIL">Element with locator 'css=[data-testid^='delete-note-button-']' not found.</msg>
<arg>${selectors.notes.delete_note_button}</arg>
<doc>Click the element identified by ``locator``.</doc>
<status status="FAIL" start="2025-04-29T16:34:07.065891" elapsed="0.072838">Element with locator 'css=[data-testid^='delete-note-button-']' not found.</status>
</kw>
<kw name="Sleep" owner="BuiltIn">
<arg>1s</arg>
<doc>Pauses the test executed for the given time.</doc>
<status status="NOT RUN" start="2025-04-29T16:34:07.139004" elapsed="0.000063"/>
</kw>
<var name="${i}">0</var>
<status status="FAIL" start="2025-04-29T16:34:07.065778" elapsed="0.073361">Element with locator 'css=[data-testid^='delete-note-button-']' not found.</status>
</iter>
<var>${i}</var>
<value>${count}</value>
<status status="FAIL" start="2025-04-29T16:34:07.065656" elapsed="0.073547">Element with locator 'css=[data-testid^='delete-note-button-']' not found.</status>
</for>
<kw name="Verify Note Count" owner="note_keywords">
<arg>0</arg>
<status status="NOT RUN" start="2025-04-29T16:34:07.139386" elapsed="0.000031"/>
</kw>
<status status="FAIL" start="2025-04-29T16:34:07.057573" elapsed="0.081925">Element with locator 'css=[data-testid^='delete-note-button-']' not found.</status>
</kw>
<status status="FAIL" start="2025-04-29T16:34:06.101964" elapsed="1.037610">Element with locator 'css=[data-testid^='delete-note-button-']' not found.</status>
</kw>
<kw name="Close Browser" owner="SeleniumLibrary" type="TEARDOWN">
<doc>Closes the current browser.</doc>
<status status="PASS" start="2025-04-29T16:34:07.139828" elapsed="0.057247"/>
</kw>
<doc>Test deleting a note</doc>
<status status="FAIL" start="2025-04-29T16:34:06.101643" elapsed="1.095614">Setup failed:
Element with locator 'css=[data-testid^='delete-note-button-']' not found.</status>
</test>
<test id="s1-t4" name="Multiple Notes" line="28">
<kw name="Open Notes App" owner="note_keywords" type="SETUP">
<kw name="Open Notes" owner="note_keywords">
<kw name="Open Browser" owner="SeleniumLibrary">
<msg time="2025-04-29T16:34:07.199605" level="INFO">Opening browser 'chrome' to base url 'http://localhost:3000'.</msg>
<arg>${app.url}</arg>
<arg>chrome</arg>
<doc>Opens a new browser instance to the optional ``url``.</doc>
<status status="PASS" start="2025-04-29T16:34:07.198739" elapsed="0.805807"/>
</kw>
<kw name="Click Element" owner="SeleniumLibrary">
<msg time="2025-04-29T16:34:08.005304" level="INFO">Clicking element 'xpath=//button[contains(text(), 'Notes')]'.</msg>
<arg>${selectors.header.notes_button}</arg>
<doc>Click the element identified by ``locator``.</doc>
<status status="PASS" start="2025-04-29T16:34:08.004765" elapsed="0.101199"/>
</kw>
<kw name="Wait Until Element Is Visible" owner="SeleniumLibrary">
<arg>${selectors.notes.notes_app}</arg>
<doc>Waits until the element ``locator`` is visible.</doc>
<status status="PASS" start="2025-04-29T16:34:08.106195" elapsed="0.012902"/>
</kw>
<status status="PASS" start="2025-04-29T16:34:07.198407" elapsed="0.920845"/>
</kw>
<kw name="Clear All Notes" owner="note_keywords">
<kw name="Get Note Count" owner="note_keywords">
<kw name="Get Element Count" owner="SeleniumLibrary">
<msg time="2025-04-29T16:34:08.127932" level="INFO">${count} = 2</msg>
<var>${count}</var>
<arg>${selectors.notes.note_item}</arg>
<doc>Returns the number of elements matching ``locator``.</doc>
<status status="PASS" start="2025-04-29T16:34:08.119962" elapsed="0.008026"/>
</kw>
<return>
<value>${count}</value>
<status status="PASS" start="2025-04-29T16:34:08.128071" elapsed="0.000055"/>
</return>
<msg time="2025-04-29T16:34:08.128265" level="INFO">${count} = 2</msg>
<var>${count}</var>
<status status="PASS" start="2025-04-29T16:34:08.119759" elapsed="0.008538"/>
</kw>
<for flavor="IN RANGE">
<iter>
<kw name="Click Element" owner="SeleniumLibrary">
<msg time="2025-04-29T16:34:08.129016" level="INFO">Clicking element 'css=[data-testid^='delete-note-button-']'.</msg>
<msg time="2025-04-29T16:34:08.206594" level="INFO" html="true">&lt;/td&gt;&lt;/tr&gt;&lt;tr&gt;&lt;td colspan="3"&gt;&lt;a href="selenium-screenshot-4.png"&gt;&lt;img src="selenium-screenshot-4.png" width="800px"&gt;&lt;/a&gt;</msg>
<msg time="2025-04-29T16:34:08.206744" level="FAIL">Element with locator 'css=[data-testid^='delete-note-button-']' not found.</msg>
<arg>${selectors.notes.delete_note_button}</arg>
<doc>Click the element identified by ``locator``.</doc>
<status status="FAIL" start="2025-04-29T16:34:08.128592" elapsed="0.078290">Element with locator 'css=[data-testid^='delete-note-button-']' not found.</status>
</kw>
<kw name="Sleep" owner="BuiltIn">
<arg>1s</arg>
<doc>Pauses the test executed for the given time.</doc>
<status status="NOT RUN" start="2025-04-29T16:34:08.207133" elapsed="0.000045"/>
</kw>
<var name="${i}">0</var>
<status status="FAIL" start="2025-04-29T16:34:08.128480" elapsed="0.078787">Element with locator 'css=[data-testid^='delete-note-button-']' not found.</status>
</iter>
<var>${i}</var>
<value>${count}</value>
<status status="FAIL" start="2025-04-29T16:34:08.128352" elapsed="0.079009">Element with locator 'css=[data-testid^='delete-note-button-']' not found.</status>
</for>
<kw name="Verify Note Count" owner="note_keywords">
<arg>0</arg>
<status status="NOT RUN" start="2025-04-29T16:34:08.207639" elapsed="0.000041"/>
</kw>
<status status="FAIL" start="2025-04-29T16:34:08.119486" elapsed="0.088280">Element with locator 'css=[data-testid^='delete-note-button-']' not found.</status>
</kw>
<status status="FAIL" start="2025-04-29T16:34:07.198020" elapsed="1.009813">Element with locator 'css=[data-testid^='delete-note-button-']' not found.</status>
</kw>
<kw name="Close Browser" owner="SeleniumLibrary" type="TEARDOWN">
<doc>Closes the current browser.</doc>
<status status="PASS" start="2025-04-29T16:34:08.208062" elapsed="0.057914"/>
</kw>
<doc>Test creating and managing multiple notes</doc>
<status status="FAIL" start="2025-04-29T16:34:07.197575" elapsed="1.068553">Setup failed:
Element with locator 'css=[data-testid^='delete-note-button-']' not found.</status>
</test>
<test id="s1-t5" name="Note With Special Characters" line="39">
<kw name="Open Notes App" owner="note_keywords" type="SETUP">
<kw name="Open Notes" owner="note_keywords">
<kw name="Open Browser" owner="SeleniumLibrary">
<msg time="2025-04-29T16:34:08.267938" level="INFO">Opening browser 'chrome' to base url 'http://localhost:3000'.</msg>
<arg>${app.url}</arg>
<arg>chrome</arg>
<doc>Opens a new browser instance to the optional ``url``.</doc>
<status status="PASS" start="2025-04-29T16:34:08.267276" elapsed="0.816593"/>
</kw>
<kw name="Click Element" owner="SeleniumLibrary">
<msg time="2025-04-29T16:34:09.084562" level="INFO">Clicking element 'xpath=//button[contains(text(), 'Notes')]'.</msg>
<arg>${selectors.header.notes_button}</arg>
<doc>Click the element identified by ``locator``.</doc>
<status status="PASS" start="2025-04-29T16:34:09.084068" elapsed="0.105812"/>
</kw>
<kw name="Wait Until Element Is Visible" owner="SeleniumLibrary">
<arg>${selectors.notes.notes_app}</arg>
<doc>Waits until the element ``locator`` is visible.</doc>
<status status="PASS" start="2025-04-29T16:34:09.190078" elapsed="0.012249"/>
</kw>
<status status="PASS" start="2025-04-29T16:34:08.267046" elapsed="0.935408"/>
</kw>
<kw name="Clear All Notes" owner="note_keywords">
<kw name="Get Note Count" owner="note_keywords">
<kw name="Get Element Count" owner="SeleniumLibrary">
<msg time="2025-04-29T16:34:09.211071" level="INFO">${count} = 2</msg>
<var>${count}</var>
<arg>${selectors.notes.note_item}</arg>
<doc>Returns the number of elements matching ``locator``.</doc>
<status status="PASS" start="2025-04-29T16:34:09.203480" elapsed="0.007640"/>
</kw>
<return>
<value>${count}</value>
<status status="PASS" start="2025-04-29T16:34:09.211202" elapsed="0.000052"/>
</return>
<msg time="2025-04-29T16:34:09.211394" level="INFO">${count} = 2</msg>
<var>${count}</var>
<status status="PASS" start="2025-04-29T16:34:09.202988" elapsed="0.008429"/>
</kw>
<for flavor="IN RANGE">
<iter>
<kw name="Click Element" owner="SeleniumLibrary">
<msg time="2025-04-29T16:34:09.212132" level="INFO">Clicking element 'css=[data-testid^='delete-note-button-']'.</msg>
<msg time="2025-04-29T16:34:09.271157" level="INFO" html="true">&lt;/td&gt;&lt;/tr&gt;&lt;tr&gt;&lt;td colspan="3"&gt;&lt;a href="selenium-screenshot-5.png"&gt;&lt;img src="selenium-screenshot-5.png" width="800px"&gt;&lt;/a&gt;</msg>
<msg time="2025-04-29T16:34:09.271364" level="FAIL">Element with locator 'css=[data-testid^='delete-note-button-']' not found.</msg>
<arg>${selectors.notes.delete_note_button}</arg>
<doc>Click the element identified by ``locator``.</doc>
<status status="FAIL" start="2025-04-29T16:34:09.211705" elapsed="0.059835">Element with locator 'css=[data-testid^='delete-note-button-']' not found.</status>
</kw>
<kw name="Sleep" owner="BuiltIn">
<arg>1s</arg>
<doc>Pauses the test executed for the given time.</doc>
<status status="NOT RUN" start="2025-04-29T16:34:09.271763" elapsed="0.000037"/>
</kw>
<var name="${i}">0</var>
<status status="FAIL" start="2025-04-29T16:34:09.211594" elapsed="0.060261">Element with locator 'css=[data-testid^='delete-note-button-']' not found.</status>
</iter>
<var>${i}</var>
<value>${count}</value>
<status status="FAIL" start="2025-04-29T16:34:09.211471" elapsed="0.060443">Element with locator 'css=[data-testid^='delete-note-button-']' not found.</status>
</for>
<kw name="Verify Note Count" owner="note_keywords">
<arg>0</arg>
<status status="NOT RUN" start="2025-04-29T16:34:09.272116" elapsed="0.000037"/>
</kw>
<status status="FAIL" start="2025-04-29T16:34:09.202680" elapsed="0.069560">Element with locator 'css=[data-testid^='delete-note-button-']' not found.</status>
</kw>
<status status="FAIL" start="2025-04-29T16:34:08.266782" elapsed="1.005534">Element with locator 'css=[data-testid^='delete-note-button-']' not found.</status>
</kw>
<kw name="Close Browser" owner="SeleniumLibrary" type="TEARDOWN">
<doc>Closes the current browser.</doc>
<status status="PASS" start="2025-04-29T16:34:09.272547" elapsed="0.055727"/>
</kw>
<doc>Test creating a note with special characters</doc>
<status status="FAIL" start="2025-04-29T16:34:08.266395" elapsed="1.062101">Setup failed:
Element with locator 'css=[data-testid^='delete-note-button-']' not found.</status>
</test>
<test id="s1-t6" name="Long Note Content" line="45">
<kw name="Open Notes App" owner="note_keywords" type="SETUP">
<kw name="Open Notes" owner="note_keywords">
<kw name="Open Browser" owner="SeleniumLibrary">
<msg time="2025-04-29T16:34:09.330199" level="INFO">Opening browser 'chrome' to base url 'http://localhost:3000'.</msg>
<arg>${app.url}</arg>
<arg>chrome</arg>
<doc>Opens a new browser instance to the optional ``url``.</doc>
<status status="PASS" start="2025-04-29T16:34:09.329770" elapsed="0.827395"/>
</kw>
<kw name="Click Element" owner="SeleniumLibrary">
<msg time="2025-04-29T16:34:10.158256" level="INFO">Clicking element 'xpath=//button[contains(text(), 'Notes')]'.</msg>
<arg>${selectors.header.notes_button}</arg>
<doc>Click the element identified by ``locator``.</doc>
<status status="PASS" start="2025-04-29T16:34:10.157482" elapsed="0.106542"/>
</kw>
<kw name="Wait Until Element Is Visible" owner="SeleniumLibrary">
<arg>${selectors.notes.notes_app}</arg>
<doc>Waits until the element ``locator`` is visible.</doc>
<status status="PASS" start="2025-04-29T16:34:10.264218" elapsed="0.013730"/>
</kw>
<status status="PASS" start="2025-04-29T16:34:09.329567" elapsed="0.948507"/>
</kw>
<kw name="Clear All Notes" owner="note_keywords">
<kw name="Get Note Count" owner="note_keywords">
<kw name="Get Element Count" owner="SeleniumLibrary">
<msg time="2025-04-29T16:34:10.285695" level="INFO">${count} = 2</msg>
<var>${count}</var>
<arg>${selectors.notes.note_item}</arg>
<doc>Returns the number of elements matching ``locator``.</doc>
<status status="PASS" start="2025-04-29T16:34:10.278760" elapsed="0.006983"/>
</kw>
<return>
<value>${count}</value>
<status status="PASS" start="2025-04-29T16:34:10.285846" elapsed="0.000068"/>
</return>
<msg time="2025-04-29T16:34:10.286053" level="INFO">${count} = 2</msg>
<var>${count}</var>
<status status="PASS" start="2025-04-29T16:34:10.278574" elapsed="0.007504"/>
</kw>
<for flavor="IN RANGE">
<iter>
<kw name="Click Element" owner="SeleniumLibrary">
<msg time="2025-04-29T16:34:10.287029" level="INFO">Clicking element 'css=[data-testid^='delete-note-button-']'.</msg>
<msg time="2025-04-29T16:34:10.356729" level="INFO" html="true">&lt;/td&gt;&lt;/tr&gt;&lt;tr&gt;&lt;td colspan="3"&gt;&lt;a href="selenium-screenshot-6.png"&gt;&lt;img src="selenium-screenshot-6.png" width="800px"&gt;&lt;/a&gt;</msg>
<msg time="2025-04-29T16:34:10.357009" level="FAIL">Element with locator 'css=[data-testid^='delete-note-button-']' not found.</msg>
<arg>${selectors.notes.delete_note_button}</arg>
<doc>Click the element identified by ``locator``.</doc>
<status status="FAIL" start="2025-04-29T16:34:10.286438" elapsed="0.070848">Element with locator 'css=[data-testid^='delete-note-button-']' not found.</status>
</kw>
<kw name="Sleep" owner="BuiltIn">
<arg>1s</arg>
<doc>Pauses the test executed for the given time.</doc>
<status status="NOT RUN" start="2025-04-29T16:34:10.357493" elapsed="0.000036"/>
</kw>
<var name="${i}">0</var>
<status status="FAIL" start="2025-04-29T16:34:10.286311" elapsed="0.071336">Element with locator 'css=[data-testid^='delete-note-button-']' not found.</status>
</iter>
<var>${i}</var>
<value>${count}</value>
<status status="FAIL" start="2025-04-29T16:34:10.286146" elapsed="0.071583">Element with locator 'css=[data-testid^='delete-note-button-']' not found.</status>
</for>
<kw name="Verify Note Count" owner="note_keywords">
<arg>0</arg>
<status status="NOT RUN" start="2025-04-29T16:34:10.357909" elapsed="0.000037"/>
</kw>
<status status="FAIL" start="2025-04-29T16:34:10.278293" elapsed="0.079738">Element with locator 'css=[data-testid^='delete-note-button-']' not found.</status>
</kw>
<status status="FAIL" start="2025-04-29T16:34:09.329272" elapsed="1.028826">Element with locator 'css=[data-testid^='delete-note-button-']' not found.</status>
</kw>
<kw name="Close Browser" owner="SeleniumLibrary" type="TEARDOWN">
<doc>Closes the current browser.</doc>
<status status="PASS" start="2025-04-29T16:34:10.358339" elapsed="0.055773"/>
</kw>
<doc>Test creating a note with long content</doc>
<status status="FAIL" start="2025-04-29T16:34:09.328847" elapsed="1.085474">Setup failed:
Element with locator 'css=[data-testid^='delete-note-button-']' not found.</status>
</test>
<test id="s1-t7" name="Empty Note Title" line="52">
<kw name="Open Notes App" owner="note_keywords" type="SETUP">
<kw name="Open Notes" owner="note_keywords">
<kw name="Open Browser" owner="SeleniumLibrary">
<msg time="2025-04-29T16:34:10.416125" level="INFO">Opening browser 'chrome' to base url 'http://localhost:3000'.</msg>
<arg>${app.url}</arg>
<arg>chrome</arg>
<doc>Opens a new browser instance to the optional ``url``.</doc>
<status status="PASS" start="2025-04-29T16:34:10.415679" elapsed="0.758438"/>
</kw>
<kw name="Click Element" owner="SeleniumLibrary">
<msg time="2025-04-29T16:34:11.175255" level="INFO">Clicking element 'xpath=//button[contains(text(), 'Notes')]'.</msg>
<arg>${selectors.header.notes_button}</arg>
<doc>Click the element identified by ``locator``.</doc>
<status status="PASS" start="2025-04-29T16:34:11.174449" elapsed="0.248498"/>
</kw>
<kw name="Wait Until Element Is Visible" owner="SeleniumLibrary">
<arg>${selectors.notes.notes_app}</arg>
<doc>Waits until the element ``locator`` is visible.</doc>
<status status="PASS" start="2025-04-29T16:34:11.423176" elapsed="0.014462"/>
</kw>
<status status="PASS" start="2025-04-29T16:34:10.415452" elapsed="1.022351"/>
</kw>
<kw name="Clear All Notes" owner="note_keywords">
<kw name="Get Note Count" owner="note_keywords">
<kw name="Get Element Count" owner="SeleniumLibrary">
<msg time="2025-04-29T16:34:11.446882" level="INFO">${count} = 2</msg>
<var>${count}</var>
<arg>${selectors.notes.note_item}</arg>
<doc>Returns the number of elements matching ``locator``.</doc>
<status status="PASS" start="2025-04-29T16:34:11.438725" elapsed="0.008217"/>
</kw>
<return>
<value>${count}</value>
<status status="PASS" start="2025-04-29T16:34:11.447038" elapsed="0.000054"/>
</return>
<msg time="2025-04-29T16:34:11.447232" level="INFO">${count} = 2</msg>
<var>${count}</var>
<status status="PASS" start="2025-04-29T16:34:11.438489" elapsed="0.008774"/>
</kw>
<for flavor="IN RANGE">
<iter>
<kw name="Click Element" owner="SeleniumLibrary">
<msg time="2025-04-29T16:34:11.448002" level="INFO">Clicking element 'css=[data-testid^='delete-note-button-']'.</msg>
<msg time="2025-04-29T16:34:11.505654" level="INFO" html="true">&lt;/td&gt;&lt;/tr&gt;&lt;tr&gt;&lt;td colspan="3"&gt;&lt;a href="selenium-screenshot-7.png"&gt;&lt;img src="selenium-screenshot-7.png" width="800px"&gt;&lt;/a&gt;</msg>
<msg time="2025-04-29T16:34:11.505879" level="FAIL">Element with locator 'css=[data-testid^='delete-note-button-']' not found.</msg>
<arg>${selectors.notes.delete_note_button}</arg>
<doc>Click the element identified by ``locator``.</doc>
<status status="FAIL" start="2025-04-29T16:34:11.447576" elapsed="0.058514">Element with locator 'css=[data-testid^='delete-note-button-']' not found.</status>
</kw>
<kw name="Sleep" owner="BuiltIn">
<arg>1s</arg>
<doc>Pauses the test executed for the given time.</doc>
<status status="NOT RUN" start="2025-04-29T16:34:11.506385" elapsed="0.000063"/>
</kw>
<var name="${i}">0</var>
<status status="FAIL" start="2025-04-29T16:34:11.447458" elapsed="0.059080">Element with locator 'css=[data-testid^='delete-note-button-']' not found.</status>
</iter>
<var>${i}</var>
<value>${count}</value>
<status status="FAIL" start="2025-04-29T16:34:11.447327" elapsed="0.059308">Element with locator 'css=[data-testid^='delete-note-button-']' not found.</status>
</for>
<kw name="Verify Note Count" owner="note_keywords">
<arg>0</arg>
<status status="NOT RUN" start="2025-04-29T16:34:11.506923" elapsed="0.000067"/>
</kw>
<status status="FAIL" start="2025-04-29T16:34:11.438093" elapsed="0.069148">Element with locator 'css=[data-testid^='delete-note-button-']' not found.</status>
</kw>
<status status="FAIL" start="2025-04-29T16:34:10.415018" elapsed="1.092326">Element with locator 'css=[data-testid^='delete-note-button-']' not found.</status>
</kw>
<kw name="Close Browser" owner="SeleniumLibrary" type="TEARDOWN">
<doc>Closes the current browser.</doc>
<status status="PASS" start="2025-04-29T16:34:11.507679" elapsed="0.057170"/>
</kw>
<doc>Test creating a note with empty title</doc>
<status status="FAIL" start="2025-04-29T16:34:10.414624" elapsed="1.150372">Setup failed:
Element with locator 'css=[data-testid^='delete-note-button-']' not found.</status>
</test>
<test id="s1-t8" name="Empty Note Content" line="58">
<kw name="Open Notes App" owner="note_keywords" type="SETUP">
<kw name="Open Notes" owner="note_keywords">
<kw name="Open Browser" owner="SeleniumLibrary">
<msg time="2025-04-29T16:34:11.566691" level="INFO">Opening browser 'chrome' to base url 'http://localhost:3000'.</msg>
<arg>${app.url}</arg>
<arg>chrome</arg>
<doc>Opens a new browser instance to the optional ``url``.</doc>
<status status="PASS" start="2025-04-29T16:34:11.566224" elapsed="0.896142"/>
</kw>
<kw name="Click Element" owner="SeleniumLibrary">
<msg time="2025-04-29T16:34:12.463606" level="INFO">Clicking element 'xpath=//button[contains(text(), 'Notes')]'.</msg>
<arg>${selectors.header.notes_button}</arg>
<doc>Click the element identified by ``locator``.</doc>
<status status="PASS" start="2025-04-29T16:34:12.462721" elapsed="0.159889"/>
</kw>
<kw name="Wait Until Element Is Visible" owner="SeleniumLibrary">
<arg>${selectors.notes.notes_app}</arg>
<doc>Waits until the element ``locator`` is visible.</doc>
<status status="PASS" start="2025-04-29T16:34:12.622867" elapsed="0.015580"/>
</kw>
<status status="PASS" start="2025-04-29T16:34:11.565836" elapsed="1.072766"/>
</kw>
<kw name="Clear All Notes" owner="note_keywords">
<kw name="Get Note Count" owner="note_keywords">
<kw name="Get Element Count" owner="SeleniumLibrary">
<msg time="2025-04-29T16:34:12.647654" level="INFO">${count} = 2</msg>
<var>${count}</var>
<arg>${selectors.notes.note_item}</arg>
<doc>Returns the number of elements matching ``locator``.</doc>
<status status="PASS" start="2025-04-29T16:34:12.639323" elapsed="0.008389"/>
</kw>
<return>
<value>${count}</value>
<status status="PASS" start="2025-04-29T16:34:12.647810" elapsed="0.000063"/>
</return>
<msg time="2025-04-29T16:34:12.648019" level="INFO">${count} = 2</msg>
<var>${count}</var>
<status status="PASS" start="2025-04-29T16:34:12.639124" elapsed="0.008920"/>
</kw>
<for flavor="IN RANGE">
<iter>
<kw name="Click Element" owner="SeleniumLibrary">
<msg time="2025-04-29T16:34:12.648875" level="INFO">Clicking element 'css=[data-testid^='delete-note-button-']'.</msg>
<msg time="2025-04-29T16:34:12.759008" level="INFO" html="true">&lt;/td&gt;&lt;/tr&gt;&lt;tr&gt;&lt;td colspan="3"&gt;&lt;a href="selenium-screenshot-8.png"&gt;&lt;img src="selenium-screenshot-8.png" width="800px"&gt;&lt;/a&gt;</msg>
<msg time="2025-04-29T16:34:12.759231" level="FAIL">Element with locator 'css=[data-testid^='delete-note-button-']' not found.</msg>
<arg>${selectors.notes.delete_note_button}</arg>
<doc>Click the element identified by ``locator``.</doc>
<status status="FAIL" start="2025-04-29T16:34:12.648428" elapsed="0.110996">Element with locator 'css=[data-testid^='delete-note-button-']' not found.</status>
</kw>
<kw name="Sleep" owner="BuiltIn">
<arg>1s</arg>
<doc>Pauses the test executed for the given time.</doc>
<status status="NOT RUN" start="2025-04-29T16:34:12.759824" elapsed="0.000071"/>
</kw>
<var name="${i}">0</var>
<status status="FAIL" start="2025-04-29T16:34:12.648267" elapsed="0.111739">Element with locator 'css=[data-testid^='delete-note-button-']' not found.</status>
</iter>
<var>${i}</var>
<value>${count}</value>
<status status="FAIL" start="2025-04-29T16:34:12.648104" elapsed="0.112005">Element with locator 'css=[data-testid^='delete-note-button-']' not found.</status>
</for>
<kw name="Verify Note Count" owner="note_keywords">
<arg>0</arg>
<status status="NOT RUN" start="2025-04-29T16:34:12.760317" elapsed="0.000040"/>
</kw>
<status status="FAIL" start="2025-04-29T16:34:12.638837" elapsed="0.121619">Element with locator 'css=[data-testid^='delete-note-button-']' not found.</status>
</kw>
<status status="FAIL" start="2025-04-29T16:34:11.565582" elapsed="1.194946">Element with locator 'css=[data-testid^='delete-note-button-']' not found.</status>
</kw>
<kw name="Close Browser" owner="SeleniumLibrary" type="TEARDOWN">
<doc>Closes the current browser.</doc>
<status status="PASS" start="2025-04-29T16:34:12.760777" elapsed="0.057987"/>
</kw>
<doc>Test creating a note with empty content</doc>
<status status="FAIL" start="2025-04-29T16:34:11.565238" elapsed="1.253692">Setup failed:
Element with locator 'css=[data-testid^='delete-note-button-']' not found.</status>
</test>
<test id="s1-t9" name="Note With Line Breaks" line="64">
<kw name="Open Notes App" owner="note_keywords" type="SETUP">
<kw name="Open Notes" owner="note_keywords">
<kw name="Open Browser" owner="SeleniumLibrary">
<msg time="2025-04-29T16:34:12.820625" level="INFO">Opening browser 'chrome' to base url 'http://localhost:3000'.</msg>
<arg>${app.url}</arg>
<arg>chrome</arg>
<doc>Opens a new browser instance to the optional ``url``.</doc>
<status status="PASS" start="2025-04-29T16:34:12.820106" elapsed="0.868760"/>
</kw>
<kw name="Click Element" owner="SeleniumLibrary">
<msg time="2025-04-29T16:34:13.690070" level="INFO">Clicking element 'xpath=//button[contains(text(), 'Notes')]'.</msg>
<arg>${selectors.header.notes_button}</arg>
<doc>Click the element identified by ``locator``.</doc>
<status status="PASS" start="2025-04-29T16:34:13.689221" elapsed="0.107301"/>
</kw>
<kw name="Wait Until Element Is Visible" owner="SeleniumLibrary">
<arg>${selectors.notes.notes_app}</arg>
<doc>Waits until the element ``locator`` is visible.</doc>
<status status="PASS" start="2025-04-29T16:34:13.796720" elapsed="0.015056"/>
</kw>
<status status="PASS" start="2025-04-29T16:34:12.819910" elapsed="0.991985"/>
</kw>
<kw name="Clear All Notes" owner="note_keywords">
<kw name="Get Note Count" owner="note_keywords">
<kw name="Get Element Count" owner="SeleniumLibrary">
<msg time="2025-04-29T16:34:13.819950" level="INFO">${count} = 2</msg>
<var>${count}</var>
<arg>${selectors.notes.note_item}</arg>
<doc>Returns the number of elements matching ``locator``.</doc>
<status status="PASS" start="2025-04-29T16:34:13.812582" elapsed="0.007441"/>
</kw>
<return>
<value>${count}</value>
<status status="PASS" start="2025-04-29T16:34:13.820143" elapsed="0.000080"/>
</return>
<msg time="2025-04-29T16:34:13.820410" level="INFO">${count} = 2</msg>
<var>${count}</var>
<status status="PASS" start="2025-04-29T16:34:13.812386" elapsed="0.008051"/>
</kw>
<for flavor="IN RANGE">
<iter>
<kw name="Click Element" owner="SeleniumLibrary">
<msg time="2025-04-29T16:34:13.821228" level="INFO">Clicking element 'css=[data-testid^='delete-note-button-']'.</msg>
<msg time="2025-04-29T16:34:13.889417" level="INFO" html="true">&lt;/td&gt;&lt;/tr&gt;&lt;tr&gt;&lt;td colspan="3"&gt;&lt;a href="selenium-screenshot-9.png"&gt;&lt;img src="selenium-screenshot-9.png" width="800px"&gt;&lt;/a&gt;</msg>
<msg time="2025-04-29T16:34:13.889569" level="FAIL">Element with locator 'css=[data-testid^='delete-note-button-']' not found.</msg>
<arg>${selectors.notes.delete_note_button}</arg>
<doc>Click the element identified by ``locator``.</doc>
<status status="FAIL" start="2025-04-29T16:34:13.820758" elapsed="0.068939">Element with locator 'css=[data-testid^='delete-note-button-']' not found.</status>
</kw>
<kw name="Sleep" owner="BuiltIn">
<arg>1s</arg>
<doc>Pauses the test executed for the given time.</doc>
<status status="NOT RUN" start="2025-04-29T16:34:13.889881" elapsed="0.000039"/>
</kw>
<var name="${i}">0</var>
<status status="FAIL" start="2025-04-29T16:34:13.820631" elapsed="0.069344">Element with locator 'css=[data-testid^='delete-note-button-']' not found.</status>
</iter>
<var>${i}</var>
<value>${count}</value>
<status status="FAIL" start="2025-04-29T16:34:13.820497" elapsed="0.069539">Element with locator 'css=[data-testid^='delete-note-button-']' not found.</status>
</for>
<kw name="Verify Note Count" owner="note_keywords">
<arg>0</arg>
<status status="NOT RUN" start="2025-04-29T16:34:13.890198" elapsed="0.000031"/>
</kw>
<status status="FAIL" start="2025-04-29T16:34:13.812096" elapsed="0.078225">Element with locator 'css=[data-testid^='delete-note-button-']' not found.</status>
</kw>
<status status="FAIL" start="2025-04-29T16:34:12.819630" elapsed="1.070759">Element with locator 'css=[data-testid^='delete-note-button-']' not found.</status>
</kw>
<kw name="Close Browser" owner="SeleniumLibrary" type="TEARDOWN">
<doc>Closes the current browser.</doc>
<status status="PASS" start="2025-04-29T16:34:13.890634" elapsed="0.056987"/>
</kw>
<doc>Test creating a note with line breaks</doc>
<status status="FAIL" start="2025-04-29T16:34:12.819210" elapsed="1.128573">Setup failed:
Element with locator 'css=[data-testid^='delete-note-button-']' not found.</status>
</test>
<test id="s1-t10" name="Note With Unicode Characters" line="71">
<kw name="Open Notes App" owner="note_keywords" type="SETUP">
<kw name="Open Notes" owner="note_keywords">
<kw name="Open Browser" owner="SeleniumLibrary">
<msg time="2025-04-29T16:34:13.949457" level="INFO">Opening browser 'chrome' to base url 'http://localhost:3000'.</msg>
<arg>${app.url}</arg>
<arg>chrome</arg>
<doc>Opens a new browser instance to the optional ``url``.</doc>
<status status="PASS" start="2025-04-29T16:34:13.948987" elapsed="0.862268"/>
</kw>
<kw name="Click Element" owner="SeleniumLibrary">
<msg time="2025-04-29T16:34:14.811948" level="INFO">Clicking element 'xpath=//button[contains(text(), 'Notes')]'.</msg>
<arg>${selectors.header.notes_button}</arg>
<doc>Click the element identified by ``locator``.</doc>
<status status="PASS" start="2025-04-29T16:34:14.811466" elapsed="0.128646"/>
</kw>
<kw name="Wait Until Element Is Visible" owner="SeleniumLibrary">
<arg>${selectors.notes.notes_app}</arg>
<doc>Waits until the element ``locator`` is visible.</doc>
<status status="PASS" start="2025-04-29T16:34:14.940329" elapsed="0.015323"/>
</kw>
<status status="PASS" start="2025-04-29T16:34:13.948742" elapsed="1.007052"/>
</kw>
<kw name="Clear All Notes" owner="note_keywords">
<kw name="Get Note Count" owner="note_keywords">
<kw name="Get Element Count" owner="SeleniumLibrary">
<msg time="2025-04-29T16:34:14.964405" level="INFO">${count} = 2</msg>
<var>${count}</var>
<arg>${selectors.notes.note_item}</arg>
<doc>Returns the number of elements matching ``locator``.</doc>
<status status="PASS" start="2025-04-29T16:34:14.956546" elapsed="0.007910"/>
</kw>
<return>
<value>${count}</value>
<status status="PASS" start="2025-04-29T16:34:14.964540" elapsed="0.000053"/>
</return>
<msg time="2025-04-29T16:34:14.964724" level="INFO">${count} = 2</msg>
<var>${count}</var>
<status status="PASS" start="2025-04-29T16:34:14.956329" elapsed="0.008418"/>
</kw>
<for flavor="IN RANGE">
<iter>
<kw name="Click Element" owner="SeleniumLibrary">
<msg time="2025-04-29T16:34:14.965501" level="INFO">Clicking element 'css=[data-testid^='delete-note-button-']'.</msg>
<msg time="2025-04-29T16:34:15.052157" level="INFO" html="true">&lt;/td&gt;&lt;/tr&gt;&lt;tr&gt;&lt;td colspan="3"&gt;&lt;a href="selenium-screenshot-10.png"&gt;&lt;img src="selenium-screenshot-10.png" width="800px"&gt;&lt;/a&gt;</msg>
<msg time="2025-04-29T16:34:15.052852" level="FAIL">Element with locator 'css=[data-testid^='delete-note-button-']' not found.</msg>
<arg>${selectors.notes.delete_note_button}</arg>
<doc>Click the element identified by ``locator``.</doc>
<status status="FAIL" start="2025-04-29T16:34:14.965044" elapsed="0.088004">Element with locator 'css=[data-testid^='delete-note-button-']' not found.</status>
</kw>
<kw name="Sleep" owner="BuiltIn">
<arg>1s</arg>
<doc>Pauses the test executed for the given time.</doc>
<status status="NOT RUN" start="2025-04-29T16:34:15.053285" elapsed="0.000041"/>
</kw>
<var name="${i}">0</var>
<status status="FAIL" start="2025-04-29T16:34:14.964929" elapsed="0.088455">Element with locator 'css=[data-testid^='delete-note-button-']' not found.</status>
</iter>
<var>${i}</var>
<value>${count}</value>
<status status="FAIL" start="2025-04-29T16:34:14.964802" elapsed="0.088645">Element with locator 'css=[data-testid^='delete-note-button-']' not found.</status>
</for>
<kw name="Verify Note Count" owner="note_keywords">
<arg>0</arg>
<status status="NOT RUN" start="2025-04-29T16:34:15.053615" elapsed="0.000036"/>
</kw>
<status status="FAIL" start="2025-04-29T16:34:14.956014" elapsed="0.097737">Element with locator 'css=[data-testid^='delete-note-button-']' not found.</status>
</kw>
<status status="FAIL" start="2025-04-29T16:34:13.948481" elapsed="1.105339">Element with locator 'css=[data-testid^='delete-note-button-']' not found.</status>
</kw>
<kw name="Close Browser" owner="SeleniumLibrary" type="TEARDOWN">
<doc>Closes the current browser.</doc>
<status status="PASS" start="2025-04-29T16:34:15.054062" elapsed="0.058100"/>
</kw>
<doc>Test creating a note with Unicode characters</doc>
<status status="FAIL" start="2025-04-29T16:34:13.948057" elapsed="1.164274">Setup failed:
Element with locator 'css=[data-testid^='delete-note-button-']' not found.</status>
</test>
<status status="FAIL" start="2025-04-29T16:34:03.663238" elapsed="11.449654"/>
</suite>
<statistics>
<total>
<stat pass="0" fail="10" skip="0">All Tests</stat>
</total>
<tag>
</tag>
<suite>
<stat name="Note Tests" id="s1" pass="0" fail="10" skip="0">Note Tests</stat>
</suite>
</statistics>
<errors>
</errors>
</robot>
