<?xml version="1.0" encoding="UTF-8"?>
<robot generator="Robot 7.2.2 (Python 3.10.12 on linux)" generated="2025-04-29T10:34:54.985057" rpa="false" schemaversion="5">
<suite id="s1" name="Check Application" source="/home/nguyenvh/Sync/3a/stage_stet/projet_dho/robot-report-generator/tests/check_application.robot">
<test id="s1-t1" name="Check Application Is Running" line="7">
<kw name="Open Browser" owner="SeleniumLibrary">
<msg time="2025-04-29T10:34:55.103540" level="INFO">Opening browser 'chrome' to base url 'http://localhost:3000'.</msg>
<arg>${app.url}</arg>
<arg>chrome</arg>
<doc>Opens a new browser instance to the optional ``url``.</doc>
<status status="PASS" start="2025-04-29T10:34:55.102767" elapsed="0.700995"/>
</kw>
<kw name="Page Should Contain" owner="SeleniumLibrary">
<msg time="2025-04-29T10:34:55.857969" level="INFO">Current page contains text 'Text Editor'.</msg>
<arg>Text Editor</arg>
<doc>Verifies that current page contains ``text``.</doc>
<status status="PASS" start="2025-04-29T10:34:55.804020" elapsed="0.054131"/>
</kw>
<kw name="Page Should Contain Element" owner="SeleniumLibrary">
<msg time="2025-04-29T10:34:55.935949" level="INFO" html="true">&lt;/td&gt;&lt;/tr&gt;&lt;tr&gt;&lt;td colspan="3"&gt;&lt;a href="selenium-screenshot-1.png"&gt;&lt;img src="selenium-screenshot-1.png" width="800px"&gt;&lt;/a&gt;</msg>
<msg time="2025-04-29T10:34:55.936116" level="FAIL">Page should have contained element 'css=input[placeholder='Enter file name']' but did not.</msg>
<arg>${selectors.text_editor.filename_input}</arg>
<doc>Verifies that element ``locator`` is found on the current page.</doc>
<status status="FAIL" start="2025-04-29T10:34:55.858492" elapsed="0.078098">Page should have contained element 'css=input[placeholder='Enter file name']' but did not.</status>
</kw>
<kw name="Page Should Contain Element" owner="SeleniumLibrary">
<arg>${selectors.text_editor.content_textarea}</arg>
<doc>Verifies that element ``locator`` is found on the current page.</doc>
<status status="NOT RUN" start="2025-04-29T10:34:55.936850" elapsed="0.000042"/>
</kw>
<kw name="Page Should Contain Element" owner="SeleniumLibrary">
<arg>${selectors.text_editor.save_button}</arg>
<doc>Verifies that element ``locator`` is found on the current page.</doc>
<status status="NOT RUN" start="2025-04-29T10:34:55.937027" elapsed="0.000024"/>
</kw>
<kw name="Page Should Contain Element" owner="SeleniumLibrary">
<arg>${selectors.text_editor.delete_button}</arg>
<doc>Verifies that element ``locator`` is found on the current page.</doc>
<status status="NOT RUN" start="2025-04-29T10:34:55.937156" elapsed="0.000022"/>
</kw>
<kw name="Close Browser" owner="SeleniumLibrary" type="TEARDOWN">
<doc>Closes the current browser.</doc>
<status status="PASS" start="2025-04-29T10:34:55.937415" elapsed="0.055691"/>
</kw>
<doc>Verify that the application is running and accessible</doc>
<status status="FAIL" start="2025-04-29T10:34:55.101523" elapsed="0.891735">Page should have contained element 'css=input[placeholder='Enter file name']' but did not.</status>
</test>
<status status="FAIL" start="2025-04-29T10:34:54.985852" elapsed="1.007836"/>
</suite>
<statistics>
<total>
<stat pass="0" fail="1" skip="0">All Tests</stat>
</total>
<tag>
</tag>
<suite>
<stat name="Check Application" id="s1" pass="0" fail="1" skip="0">Check Application</stat>
</suite>
</statistics>
<errors>
</errors>
</robot>
