<?xml version="1.0" encoding="UTF-8"?>
<robot generator="Robot 7.2.2 (Python 3.10.12 on linux)" generated="2025-04-29T11:48:29.240663" rpa="false" schemaversion="5">
<suite id="s1" name="Text Editor Tests" source="/home/nguyenvh/Sync/3a/stage_stet/projet_dho/robot-report-generator/tests/text_editor_tests.robot">
<test id="s1-t1" name="Create And Save New Document" line="9">
<kw name="Open Text Editor" owner="text_editor_keywords" type="SETUP">
<kw name="Open Browser" owner="SeleniumLibrary">
<msg time="2025-04-29T11:48:29.364108" level="INFO">Opening browser 'chrome' to base url 'http://localhost:3000'.</msg>
<arg>${app.url}</arg>
<arg>chrome</arg>
<doc>Opens a new browser instance to the optional ``url``.</doc>
<status status="PASS" start="2025-04-29T11:48:29.363651" elapsed="0.713273"/>
</kw>
<kw name="Click Element" owner="SeleniumLibrary">
<msg time="2025-04-29T11:48:30.077795" level="INFO">Clicking element 'xpath=//button[contains(text(), 'Text Editor')]'.</msg>
<arg>${selectors.header.text_editor_button}</arg>
<doc>Click the element identified by ``locator``.</doc>
<status status="PASS" start="2025-04-29T11:48:30.077133" elapsed="0.104579"/>
</kw>
<kw name="Wait Until Page Contains Element" owner="SeleniumLibrary">
<arg>${selectors.text_editor.filename_input}</arg>
<arg>${timeouts.page_load}</arg>
<doc>Waits until the element ``locator`` appears on the current page.</doc>
<status status="PASS" start="2025-04-29T11:48:30.181923" elapsed="0.007916"/>
</kw>
<kw name="Log" owner="BuiltIn">
<msg time="2025-04-29T11:48:30.190382" level="INFO">Opened Text Editor</msg>
<arg>Opened Text Editor</arg>
<doc>Logs the given message with the given level.</doc>
<status status="PASS" start="2025-04-29T11:48:30.190137" elapsed="0.000312"/>
</kw>
<status status="PASS" start="2025-04-29T11:48:29.362977" elapsed="0.827552"/>
</kw>
<kw name="Create And Save Document" owner="text_editor_keywords">
<kw name="Set File Name" owner="text_editor_keywords">
<kw name="Input Text" owner="SeleniumLibrary">
<msg time="2025-04-29T11:48:30.192257" level="INFO">Typing text 'test_document.txt' into text field 'css=input[type='text']'.</msg>
<arg>${selectors.text_editor.filename_input}</arg>
<arg>${filename}</arg>
<doc>Types the given ``text`` into the text field identified by ``locator``.</doc>
<status status="PASS" start="2025-04-29T11:48:30.191883" elapsed="0.094177"/>
</kw>
<arg>${filename}</arg>
<status status="PASS" start="2025-04-29T11:48:30.191604" elapsed="0.094660"/>
</kw>
<kw name="Set Content" owner="text_editor_keywords">
<kw name="Input Text" owner="SeleniumLibrary">
<msg time="2025-04-29T11:48:30.287399" level="INFO">Typing text 'This is a test document content' into text field 'css=textarea'.</msg>
<arg>${selectors.text_editor.content_textarea}</arg>
<arg>${content}</arg>
<doc>Types the given ``text`` into the text field identified by ``locator``.</doc>
<status status="PASS" start="2025-04-29T11:48:30.286933" elapsed="0.089911"/>
</kw>
<arg>${content}</arg>
<status status="PASS" start="2025-04-29T11:48:30.286521" elapsed="0.090452"/>
</kw>
<kw name="Save Document" owner="text_editor_keywords">
<kw name="Get Editor Content" owner="text_editor_keywords">
<kw name="Get Value" owner="SeleniumLibrary">
<msg time="2025-04-29T11:48:30.387322" level="INFO">${content} = This is a test document content</msg>
<var>${content}</var>
<arg>${selectors.text_editor.content_textarea}</arg>
<doc>Returns the value attribute of the element identified by ``locator``.</doc>
<status status="PASS" start="2025-04-29T11:48:30.377671" elapsed="0.009711"/>
</kw>
<return>
<value>${content}</value>
<status status="PASS" start="2025-04-29T11:48:30.387485" elapsed="0.000070"/>
</return>
<msg time="2025-04-29T11:48:30.387709" level="INFO">${content} = This is a test document content</msg>
<var>${content}</var>
<status status="PASS" start="2025-04-29T11:48:30.377463" elapsed="0.010282"/>
</kw>
<kw name="Get File Name" owner="text_editor_keywords">
<kw name="Get Value" owner="SeleniumLibrary">
<msg time="2025-04-29T11:48:30.396830" level="INFO">${filename} = test_document.txt</msg>
<var>${filename}</var>
<arg>${selectors.text_editor.filename_input}</arg>
<doc>Returns the value attribute of the element identified by ``locator``.</doc>
<status status="PASS" start="2025-04-29T11:48:30.388193" elapsed="0.008689"/>
</kw>
<return>
<value>${filename}</value>
<status status="PASS" start="2025-04-29T11:48:30.396965" elapsed="0.000052"/>
</return>
<msg time="2025-04-29T11:48:30.397150" level="INFO">${filename} = test_document.txt</msg>
<var>${filename}</var>
<status status="PASS" start="2025-04-29T11:48:30.387918" elapsed="0.009255"/>
</kw>
<kw name="Click Button" owner="SeleniumLibrary">
<msg time="2025-04-29T11:48:30.397799" level="INFO">Clicking button 'xpath=//button[contains(., 'Save')]'.</msg>
<arg>${selectors.text_editor.save_button}</arg>
<doc>Clicks the button identified by ``locator``.</doc>
<status status="PASS" start="2025-04-29T11:48:30.397302" elapsed="0.056627"/>
</kw>
<kw name="Wait Until Element Is Visible" owner="SeleniumLibrary">
<arg>${selectors.text_editor.save_success_message}</arg>
<arg>${timeouts.element_visible}</arg>
<doc>Waits until the element ``locator`` is visible.</doc>
<status status="PASS" start="2025-04-29T11:48:30.454228" elapsed="0.024831"/>
</kw>
<kw name="Sleep" owner="BuiltIn">
<msg time="2025-04-29T11:48:32.479927" level="INFO">Slept 2 seconds.</msg>
<arg>2s</arg>
<doc>Pauses the test executed for the given time.</doc>
<status status="PASS" start="2025-04-29T11:48:30.479349" elapsed="2.000813"/>
</kw>
<doc>Saves the document and verifies the download was triggered</doc>
<status status="PASS" start="2025-04-29T11:48:30.377172" elapsed="2.103200"/>
</kw>
<arg>${test_data.text_editor.test_document.filename}</arg>
<arg>${test_data.text_editor.test_document.content}</arg>
<status status="PASS" start="2025-04-29T11:48:30.190770" elapsed="2.289729"/>
</kw>
<kw name="Verify File Name Is" owner="text_editor_keywords">
<kw name="Get File Name" owner="text_editor_keywords">
<kw name="Get Value" owner="SeleniumLibrary">
<msg time="2025-04-29T11:48:32.495637" level="INFO">${filename} = test_document.txt</msg>
<var>${filename}</var>
<arg>${selectors.text_editor.filename_input}</arg>
<doc>Returns the value attribute of the element identified by ``locator``.</doc>
<status status="PASS" start="2025-04-29T11:48:32.482803" elapsed="0.012882"/>
</kw>
<return>
<value>${filename}</value>
<status status="PASS" start="2025-04-29T11:48:32.495774" elapsed="0.000049"/>
</return>
<msg time="2025-04-29T11:48:32.495959" level="INFO">${actual} = test_document.txt</msg>
<var>${actual}</var>
<status status="PASS" start="2025-04-29T11:48:32.482276" elapsed="0.013707"/>
</kw>
<kw name="Should Be Equal" owner="BuiltIn">
<arg>${actual}</arg>
<arg>${expected}</arg>
<doc>Fails if the given objects are unequal.</doc>
<status status="PASS" start="2025-04-29T11:48:32.496111" elapsed="0.000202"/>
</kw>
<arg>${test_data.text_editor.test_document.filename}</arg>
<status status="PASS" start="2025-04-29T11:48:32.480959" elapsed="0.015416"/>
</kw>
<kw name="Verify Content Is" owner="text_editor_keywords">
<kw name="Get Editor Content" owner="text_editor_keywords">
<kw name="Get Value" owner="SeleniumLibrary">
<msg time="2025-04-29T11:48:32.503727" level="INFO">${content} = This is a test document content</msg>
<var>${content}</var>
<arg>${selectors.text_editor.content_textarea}</arg>
<doc>Returns the value attribute of the element identified by ``locator``.</doc>
<status status="PASS" start="2025-04-29T11:48:32.497203" elapsed="0.006570"/>
</kw>
<return>
<value>${content}</value>
<status status="PASS" start="2025-04-29T11:48:32.503852" elapsed="0.000045"/>
</return>
<msg time="2025-04-29T11:48:32.504023" level="INFO">${actual} = This is a test document content</msg>
<var>${actual}</var>
<status status="PASS" start="2025-04-29T11:48:32.497027" elapsed="0.007019"/>
</kw>
<kw name="Should Be Equal" owner="BuiltIn">
<arg>${actual}</arg>
<arg>${expected}</arg>
<doc>Fails if the given objects are unequal.</doc>
<status status="PASS" start="2025-04-29T11:48:32.504162" elapsed="0.000190"/>
</kw>
<arg>${test_data.text_editor.test_document.content}</arg>
<status status="PASS" start="2025-04-29T11:48:32.496541" elapsed="0.007870"/>
</kw>
<kw name="Close Text Editor Application" owner="text_editor_keywords" type="TEARDOWN">
<kw name="Close Browser" owner="SeleniumLibrary">
<doc>Closes the current browser.</doc>
<status status="PASS" start="2025-04-29T11:48:32.504973" elapsed="0.056656"/>
</kw>
<status status="PASS" start="2025-04-29T11:48:32.504725" elapsed="0.057041"/>
</kw>
<doc>Test creating and saving a new document</doc>
<status status="PASS" start="2025-04-29T11:48:29.362300" elapsed="3.199566"/>
</test>
<test id="s1-t2" name="Edit Existing Document" line="15">
<kw name="Open Text Editor" owner="text_editor_keywords" type="SETUP">
<kw name="Open Browser" owner="SeleniumLibrary">
<msg time="2025-04-29T11:48:32.563184" level="INFO">Opening browser 'chrome' to base url 'http://localhost:3000'.</msg>
<arg>${app.url}</arg>
<arg>chrome</arg>
<doc>Opens a new browser instance to the optional ``url``.</doc>
<status status="PASS" start="2025-04-29T11:48:32.562732" elapsed="0.714006"/>
</kw>
<kw name="Click Element" owner="SeleniumLibrary">
<msg time="2025-04-29T11:48:33.277806" level="INFO">Clicking element 'xpath=//button[contains(text(), 'Text Editor')]'.</msg>
<arg>${selectors.header.text_editor_button}</arg>
<doc>Click the element identified by ``locator``.</doc>
<status status="PASS" start="2025-04-29T11:48:33.277040" elapsed="0.104508"/>
</kw>
<kw name="Wait Until Page Contains Element" owner="SeleniumLibrary">
<arg>${selectors.text_editor.filename_input}</arg>
<arg>${timeouts.page_load}</arg>
<doc>Waits until the element ``locator`` appears on the current page.</doc>
<status status="PASS" start="2025-04-29T11:48:33.381755" elapsed="0.008874"/>
</kw>
<kw name="Log" owner="BuiltIn">
<msg time="2025-04-29T11:48:33.391019" level="INFO">Opened Text Editor</msg>
<arg>Opened Text Editor</arg>
<doc>Logs the given message with the given level.</doc>
<status status="PASS" start="2025-04-29T11:48:33.390844" elapsed="0.000228"/>
</kw>
<status status="PASS" start="2025-04-29T11:48:32.562459" elapsed="0.828686"/>
</kw>
<kw name="Create And Save Document" owner="text_editor_keywords">
<kw name="Set File Name" owner="text_editor_keywords">
<kw name="Input Text" owner="SeleniumLibrary">
<msg time="2025-04-29T11:48:33.392865" level="INFO">Typing text 'editable_document.txt' into text field 'css=input[type='text']'.</msg>
<arg>${selectors.text_editor.filename_input}</arg>
<arg>${filename}</arg>
<doc>Types the given ``text`` into the text field identified by ``locator``.</doc>
<status status="PASS" start="2025-04-29T11:48:33.392444" elapsed="0.084660"/>
</kw>
<arg>${filename}</arg>
<status status="PASS" start="2025-04-29T11:48:33.392161" elapsed="0.085068"/>
</kw>
<kw name="Set Content" owner="text_editor_keywords">
<kw name="Input Text" owner="SeleniumLibrary">
<msg time="2025-04-29T11:48:33.478217" level="INFO">Typing text 'Initial content' into text field 'css=textarea'.</msg>
<arg>${selectors.text_editor.content_textarea}</arg>
<arg>${content}</arg>
<doc>Types the given ``text`` into the text field identified by ``locator``.</doc>
<status status="PASS" start="2025-04-29T11:48:33.477747" elapsed="0.057659"/>
</kw>
<arg>${content}</arg>
<status status="PASS" start="2025-04-29T11:48:33.477397" elapsed="0.058137"/>
</kw>
<kw name="Save Document" owner="text_editor_keywords">
<kw name="Get Editor Content" owner="text_editor_keywords">
<kw name="Get Value" owner="SeleniumLibrary">
<msg time="2025-04-29T11:48:33.544931" level="INFO">${content} = Initial content</msg>
<var>${content}</var>
<arg>${selectors.text_editor.content_textarea}</arg>
<doc>Returns the value attribute of the element identified by ``locator``.</doc>
<status status="PASS" start="2025-04-29T11:48:33.536199" elapsed="0.008781"/>
</kw>
<return>
<value>${content}</value>
<status status="PASS" start="2025-04-29T11:48:33.545062" elapsed="0.000050"/>
</return>
<msg time="2025-04-29T11:48:33.545242" level="INFO">${content} = Initial content</msg>
<var>${content}</var>
<status status="PASS" start="2025-04-29T11:48:33.536015" elapsed="0.009250"/>
</kw>
<kw name="Get File Name" owner="text_editor_keywords">
<kw name="Get Value" owner="SeleniumLibrary">
<msg time="2025-04-29T11:48:33.554048" level="INFO">${filename} = editable_document.txt</msg>
<var>${filename}</var>
<arg>${selectors.text_editor.filename_input}</arg>
<doc>Returns the value attribute of the element identified by ``locator``.</doc>
<status status="PASS" start="2025-04-29T11:48:33.545676" elapsed="0.008422"/>
</kw>
<return>
<value>${filename}</value>
<status status="PASS" start="2025-04-29T11:48:33.554180" elapsed="0.000049"/>
</return>
<msg time="2025-04-29T11:48:33.554363" level="INFO">${filename} = editable_document.txt</msg>
<var>${filename}</var>
<status status="PASS" start="2025-04-29T11:48:33.545423" elapsed="0.008964"/>
</kw>
<kw name="Click Button" owner="SeleniumLibrary">
<msg time="2025-04-29T11:48:33.554949" level="INFO">Clicking button 'xpath=//button[contains(., 'Save')]'.</msg>
<arg>${selectors.text_editor.save_button}</arg>
<doc>Clicks the button identified by ``locator``.</doc>
<status status="PASS" start="2025-04-29T11:48:33.554510" elapsed="0.046852"/>
</kw>
<kw name="Wait Until Element Is Visible" owner="SeleniumLibrary">
<arg>${selectors.text_editor.save_success_message}</arg>
<arg>${timeouts.element_visible}</arg>
<doc>Waits until the element ``locator`` is visible.</doc>
<status status="PASS" start="2025-04-29T11:48:33.601602" elapsed="0.024021"/>
</kw>
<kw name="Sleep" owner="BuiltIn">
<msg time="2025-04-29T11:48:35.626149" level="INFO">Slept 2 seconds.</msg>
<arg>2s</arg>
<doc>Pauses the test executed for the given time.</doc>
<status status="PASS" start="2025-04-29T11:48:33.625826" elapsed="2.000461"/>
</kw>
<doc>Saves the document and verifies the download was triggered</doc>
<status status="PASS" start="2025-04-29T11:48:33.535734" elapsed="2.090652"/>
</kw>
<arg>${test_data.text_editor.editable_document.filename}</arg>
<arg>${test_data.text_editor.editable_document.initial_content}</arg>
<status status="PASS" start="2025-04-29T11:48:33.391386" elapsed="2.235055"/>
</kw>
<kw name="Set Content" owner="text_editor_keywords">
<kw name="Input Text" owner="SeleniumLibrary">
<msg time="2025-04-29T11:48:35.627637" level="INFO">Typing text 'Updated content' into text field 'css=textarea'.</msg>
<arg>${selectors.text_editor.content_textarea}</arg>
<arg>${content}</arg>
<doc>Types the given ``text`` into the text field identified by ``locator``.</doc>
<status status="PASS" start="2025-04-29T11:48:35.627244" elapsed="0.056100"/>
</kw>
<arg>${test_data.text_editor.editable_document.updated_content}</arg>
<status status="PASS" start="2025-04-29T11:48:35.626662" elapsed="0.056845"/>
</kw>
<kw name="Save Document" owner="text_editor_keywords">
<kw name="Get Editor Content" owner="text_editor_keywords">
<kw name="Get Value" owner="SeleniumLibrary">
<msg time="2025-04-29T11:48:35.691677" level="INFO">${content} = Updated content</msg>
<var>${content}</var>
<arg>${selectors.text_editor.content_textarea}</arg>
<doc>Returns the value attribute of the element identified by ``locator``.</doc>
<status status="PASS" start="2025-04-29T11:48:35.684243" elapsed="0.007493"/>
</kw>
<return>
<value>${content}</value>
<status status="PASS" start="2025-04-29T11:48:35.691821" elapsed="0.000050"/>
</return>
<msg time="2025-04-29T11:48:35.692006" level="INFO">${content} = Updated content</msg>
<var>${content}</var>
<status status="PASS" start="2025-04-29T11:48:35.684040" elapsed="0.007990"/>
</kw>
<kw name="Get File Name" owner="text_editor_keywords">
<kw name="Get Value" owner="SeleniumLibrary">
<msg time="2025-04-29T11:48:35.700101" level="INFO">${filename} = editable_document.txt</msg>
<var>${filename}</var>
<arg>${selectors.text_editor.filename_input}</arg>
<doc>Returns the value attribute of the element identified by ``locator``.</doc>
<status status="PASS" start="2025-04-29T11:48:35.692413" elapsed="0.007749"/>
</kw>
<return>
<value>${filename}</value>
<status status="PASS" start="2025-04-29T11:48:35.700257" elapsed="0.000062"/>
</return>
<msg time="2025-04-29T11:48:35.700576" level="INFO">${filename} = editable_document.txt</msg>
<var>${filename}</var>
<status status="PASS" start="2025-04-29T11:48:35.692187" elapsed="0.008419"/>
</kw>
<kw name="Click Button" owner="SeleniumLibrary">
<msg time="2025-04-29T11:48:35.701180" level="INFO">Clicking button 'xpath=//button[contains(., 'Save')]'.</msg>
<arg>${selectors.text_editor.save_button}</arg>
<doc>Clicks the button identified by ``locator``.</doc>
<status status="PASS" start="2025-04-29T11:48:35.700759" elapsed="0.048674"/>
</kw>
<kw name="Wait Until Element Is Visible" owner="SeleniumLibrary">
<arg>${selectors.text_editor.save_success_message}</arg>
<arg>${timeouts.element_visible}</arg>
<doc>Waits until the element ``locator`` is visible.</doc>
<status status="PASS" start="2025-04-29T11:48:35.749702" elapsed="0.019981"/>
</kw>
<kw name="Sleep" owner="BuiltIn">
<msg time="2025-04-29T11:48:37.770342" level="INFO">Slept 2 seconds.</msg>
<arg>2s</arg>
<doc>Pauses the test executed for the given time.</doc>
<status status="PASS" start="2025-04-29T11:48:35.770001" elapsed="2.000467"/>
</kw>
<doc>Saves the document and verifies the download was triggered</doc>
<status status="PASS" start="2025-04-29T11:48:35.683758" elapsed="2.086809"/>
</kw>
<kw name="Verify Content Is" owner="text_editor_keywords">
<kw name="Get Editor Content" owner="text_editor_keywords">
<kw name="Get Value" owner="SeleniumLibrary">
<msg time="2025-04-29T11:48:37.779756" level="INFO">${content} = Updated content</msg>
<var>${content}</var>
<arg>${selectors.text_editor.content_textarea}</arg>
<doc>Returns the value attribute of the element identified by ``locator``.</doc>
<status status="PASS" start="2025-04-29T11:48:37.771541" elapsed="0.008264"/>
</kw>
<return>
<value>${content}</value>
<status status="PASS" start="2025-04-29T11:48:37.779887" elapsed="0.000047"/>
</return>
<msg time="2025-04-29T11:48:37.780063" level="INFO">${actual} = Updated content</msg>
<var>${actual}</var>
<status status="PASS" start="2025-04-29T11:48:37.771348" elapsed="0.008739"/>
</kw>
<kw name="Should Be Equal" owner="BuiltIn">
<arg>${actual}</arg>
<arg>${expected}</arg>
<doc>Fails if the given objects are unequal.</doc>
<status status="PASS" start="2025-04-29T11:48:37.780209" elapsed="0.000651"/>
</kw>
<arg>${test_data.text_editor.editable_document.updated_content}</arg>
<status status="PASS" start="2025-04-29T11:48:37.770789" elapsed="0.010131"/>
</kw>
<kw name="Close Text Editor Application" owner="text_editor_keywords" type="TEARDOWN">
<kw name="Close Browser" owner="SeleniumLibrary">
<doc>Closes the current browser.</doc>
<status status="PASS" start="2025-04-29T11:48:37.781398" elapsed="0.056237"/>
</kw>
<status status="PASS" start="2025-04-29T11:48:37.781158" elapsed="0.057013"/>
</kw>
<doc>Test editing an existing document</doc>
<status status="PASS" start="2025-04-29T11:48:32.562113" elapsed="5.276156"/>
</test>
<test id="s1-t3" name="Clear Editor Content" line="22">
<kw name="Open Text Editor" owner="text_editor_keywords" type="SETUP">
<kw name="Open Browser" owner="SeleniumLibrary">
<msg time="2025-04-29T11:48:37.839730" level="INFO">Opening browser 'chrome' to base url 'http://localhost:3000'.</msg>
<arg>${app.url}</arg>
<arg>chrome</arg>
<doc>Opens a new browser instance to the optional ``url``.</doc>
<status status="PASS" start="2025-04-29T11:48:37.839213" elapsed="0.717989"/>
</kw>
<kw name="Click Element" owner="SeleniumLibrary">
<msg time="2025-04-29T11:48:38.557893" level="INFO">Clicking element 'xpath=//button[contains(text(), 'Text Editor')]'.</msg>
<arg>${selectors.header.text_editor_button}</arg>
<doc>Click the element identified by ``locator``.</doc>
<status status="PASS" start="2025-04-29T11:48:38.557400" elapsed="0.111413"/>
</kw>
<kw name="Wait Until Page Contains Element" owner="SeleniumLibrary">
<arg>${selectors.text_editor.filename_input}</arg>
<arg>${timeouts.page_load}</arg>
<doc>Waits until the element ``locator`` appears on the current page.</doc>
<status status="PASS" start="2025-04-29T11:48:38.669101" elapsed="0.008905"/>
</kw>
<kw name="Log" owner="BuiltIn">
<msg time="2025-04-29T11:48:38.678497" level="INFO">Opened Text Editor</msg>
<arg>Opened Text Editor</arg>
<doc>Logs the given message with the given level.</doc>
<status status="PASS" start="2025-04-29T11:48:38.678241" elapsed="0.000328"/>
</kw>
<status status="PASS" start="2025-04-29T11:48:37.838898" elapsed="0.839771"/>
</kw>
<kw name="Set Content" owner="text_editor_keywords">
<kw name="Input Text" owner="SeleniumLibrary">
<msg time="2025-04-29T11:48:38.680504" level="INFO">Typing text 'Some test content' into text field 'css=textarea'.</msg>
<arg>${selectors.text_editor.content_textarea}</arg>
<arg>${content}</arg>
<doc>Types the given ``text`` into the text field identified by ``locator``.</doc>
<status status="PASS" start="2025-04-29T11:48:38.679904" elapsed="0.086746"/>
</kw>
<arg>Some test content</arg>
<status status="PASS" start="2025-04-29T11:48:38.678973" elapsed="0.087893"/>
</kw>
<kw name="Clear Editor" owner="text_editor_keywords">
<kw name="Click Button" owner="SeleniumLibrary">
<msg time="2025-04-29T11:48:38.768554" level="INFO">Clicking button 'xpath=//button[contains(., 'Clear')]'.</msg>
<arg>${selectors.text_editor.clear_button}</arg>
<doc>Clicks the button identified by ``locator``.</doc>
<status status="PASS" start="2025-04-29T11:48:38.767679" elapsed="0.052253"/>
</kw>
<kw name="Wait Until Element Is Visible" owner="SeleniumLibrary">
<arg>${selectors.text_editor.clear_success_message}</arg>
<arg>${timeouts.element_visible}</arg>
<doc>Waits until the element ``locator`` is visible.</doc>
<status status="PASS" start="2025-04-29T11:48:38.820215" elapsed="0.015567"/>
</kw>
<doc>Clears the editor content</doc>
<status status="PASS" start="2025-04-29T11:48:38.767242" elapsed="0.068674"/>
</kw>
<kw name="Verify Editor Is Cleared" owner="text_editor_keywords">
<kw name="Get Editor Content" owner="text_editor_keywords">
<kw name="Get Value" owner="SeleniumLibrary">
<msg time="2025-04-29T11:48:38.847000" level="INFO">${content} = </msg>
<var>${content}</var>
<arg>${selectors.text_editor.content_textarea}</arg>
<doc>Returns the value attribute of the element identified by ``locator``.</doc>
<status status="PASS" start="2025-04-29T11:48:38.836613" elapsed="0.010466"/>
</kw>
<return>
<value>${content}</value>
<status status="PASS" start="2025-04-29T11:48:38.847215" elapsed="0.000078"/>
</return>
<msg time="2025-04-29T11:48:38.847520" level="INFO">${content} = </msg>
<var>${content}</var>
<status status="PASS" start="2025-04-29T11:48:38.836428" elapsed="0.011128"/>
</kw>
<kw name="Should Be Empty" owner="BuiltIn">
<msg time="2025-04-29T11:48:38.847972" level="INFO">Length is 0.</msg>
<arg>${content}</arg>
<arg>Editor content should be empty</arg>
<doc>Verifies that the given item is empty.</doc>
<status status="PASS" start="2025-04-29T11:48:38.847735" elapsed="0.000288"/>
</kw>
<kw name="Element Should Be Visible" owner="SeleniumLibrary">
<msg time="2025-04-29T11:48:38.861146" level="INFO">Element 'xpath=//div[contains(., 'Editor content cleared')]' is displayed.</msg>
<arg>${selectors.text_editor.clear_success_message}</arg>
<doc>Verifies that the element identified by ``locator`` is visible.</doc>
<status status="PASS" start="2025-04-29T11:48:38.848140" elapsed="0.013114"/>
</kw>
<status status="PASS" start="2025-04-29T11:48:38.836152" elapsed="0.025199"/>
</kw>
<kw name="Close Text Editor Application" owner="text_editor_keywords" type="TEARDOWN">
<kw name="Close Browser" owner="SeleniumLibrary">
<doc>Closes the current browser.</doc>
<status status="PASS" start="2025-04-29T11:48:38.862018" elapsed="0.057765"/>
</kw>
<status status="PASS" start="2025-04-29T11:48:38.861653" elapsed="0.058269"/>
</kw>
<doc>Test clearing the editor content</doc>
<status status="PASS" start="2025-04-29T11:48:37.838513" elapsed="1.081501"/>
</test>
<test id="s1-t4" name="Clear Empty Editor" line="28">
<kw name="Open Text Editor" owner="text_editor_keywords" type="SETUP">
<kw name="Open Browser" owner="SeleniumLibrary">
<msg time="2025-04-29T11:48:38.921303" level="INFO">Opening browser 'chrome' to base url 'http://localhost:3000'.</msg>
<arg>${app.url}</arg>
<arg>chrome</arg>
<doc>Opens a new browser instance to the optional ``url``.</doc>
<status status="PASS" start="2025-04-29T11:48:38.920868" elapsed="0.786264"/>
</kw>
<kw name="Click Element" owner="SeleniumLibrary">
<msg time="2025-04-29T11:48:39.708158" level="INFO">Clicking element 'xpath=//button[contains(text(), 'Text Editor')]'.</msg>
<arg>${selectors.header.text_editor_button}</arg>
<doc>Click the element identified by ``locator``.</doc>
<status status="PASS" start="2025-04-29T11:48:39.707355" elapsed="0.116235"/>
</kw>
<kw name="Wait Until Page Contains Element" owner="SeleniumLibrary">
<arg>${selectors.text_editor.filename_input}</arg>
<arg>${timeouts.page_load}</arg>
<doc>Waits until the element ``locator`` appears on the current page.</doc>
<status status="PASS" start="2025-04-29T11:48:39.823987" elapsed="0.007960"/>
</kw>
<kw name="Log" owner="BuiltIn">
<msg time="2025-04-29T11:48:39.832298" level="INFO">Opened Text Editor</msg>
<arg>Opened Text Editor</arg>
<doc>Logs the given message with the given level.</doc>
<status status="PASS" start="2025-04-29T11:48:39.832145" elapsed="0.000201"/>
</kw>
<status status="PASS" start="2025-04-29T11:48:38.920598" elapsed="0.911814"/>
</kw>
<kw name="Clear Editor" owner="text_editor_keywords">
<kw name="Click Button" owner="SeleniumLibrary">
<msg time="2025-04-29T11:48:39.833253" level="INFO">Clicking button 'xpath=//button[contains(., 'Clear')]'.</msg>
<arg>${selectors.text_editor.clear_button}</arg>
<doc>Clicks the button identified by ``locator``.</doc>
<status status="PASS" start="2025-04-29T11:48:39.832854" elapsed="0.050170"/>
</kw>
<kw name="Wait Until Element Is Visible" owner="SeleniumLibrary">
<arg>${selectors.text_editor.clear_success_message}</arg>
<arg>${timeouts.element_visible}</arg>
<doc>Waits until the element ``locator`` is visible.</doc>
<status status="PASS" start="2025-04-29T11:48:39.883223" elapsed="0.015119"/>
</kw>
<doc>Clears the editor content</doc>
<status status="PASS" start="2025-04-29T11:48:39.832624" elapsed="0.065898"/>
</kw>
<kw name="Verify Editor Is Cleared" owner="text_editor_keywords">
<kw name="Get Editor Content" owner="text_editor_keywords">
<kw name="Get Value" owner="SeleniumLibrary">
<msg time="2025-04-29T11:48:39.911183" level="INFO">${content} = </msg>
<var>${content}</var>
<arg>${selectors.text_editor.content_textarea}</arg>
<doc>Returns the value attribute of the element identified by ``locator``.</doc>
<status status="PASS" start="2025-04-29T11:48:39.899366" elapsed="0.011876"/>
</kw>
<return>
<value>${content}</value>
<status status="PASS" start="2025-04-29T11:48:39.911350" elapsed="0.000071"/>
</return>
<msg time="2025-04-29T11:48:39.911582" level="INFO">${content} = </msg>
<var>${content}</var>
<status status="PASS" start="2025-04-29T11:48:39.899158" elapsed="0.012450"/>
</kw>
<kw name="Should Be Empty" owner="BuiltIn">
<msg time="2025-04-29T11:48:39.911957" level="INFO">Length is 0.</msg>
<arg>${content}</arg>
<arg>Editor content should be empty</arg>
<doc>Verifies that the given item is empty.</doc>
<status status="PASS" start="2025-04-29T11:48:39.911758" elapsed="0.000244"/>
</kw>
<kw name="Element Should Be Visible" owner="SeleniumLibrary">
<msg time="2025-04-29T11:48:39.921873" level="INFO">Element 'xpath=//div[contains(., 'Editor content cleared')]' is displayed.</msg>
<arg>${selectors.text_editor.clear_success_message}</arg>
<doc>Verifies that the element identified by ``locator`` is visible.</doc>
<status status="PASS" start="2025-04-29T11:48:39.912109" elapsed="0.009880"/>
</kw>
<status status="PASS" start="2025-04-29T11:48:39.898851" elapsed="0.023241"/>
</kw>
<kw name="Close Text Editor Application" owner="text_editor_keywords" type="TEARDOWN">
<kw name="Close Browser" owner="SeleniumLibrary">
<doc>Closes the current browser.</doc>
<status status="PASS" start="2025-04-29T11:48:39.922937" elapsed="0.056053"/>
</kw>
<status status="PASS" start="2025-04-29T11:48:39.922475" elapsed="0.056704"/>
</kw>
<doc>Test clearing an empty editor</doc>
<status status="PASS" start="2025-04-29T11:48:38.920251" elapsed="1.059069"/>
</test>
<test id="s1-t5" name="Clear And Save Document" line="33">
<kw name="Open Text Editor" owner="text_editor_keywords" type="SETUP">
<kw name="Open Browser" owner="SeleniumLibrary">
<msg time="2025-04-29T11:48:39.981413" level="INFO">Opening browser 'chrome' to base url 'http://localhost:3000'.</msg>
<arg>${app.url}</arg>
<arg>chrome</arg>
<doc>Opens a new browser instance to the optional ``url``.</doc>
<status status="PASS" start="2025-04-29T11:48:39.980743" elapsed="0.750777"/>
</kw>
<kw name="Click Element" owner="SeleniumLibrary">
<msg time="2025-04-29T11:48:40.732344" level="INFO">Clicking element 'xpath=//button[contains(text(), 'Text Editor')]'.</msg>
<arg>${selectors.header.text_editor_button}</arg>
<doc>Click the element identified by ``locator``.</doc>
<status status="PASS" start="2025-04-29T11:48:40.731768" elapsed="0.107565"/>
</kw>
<kw name="Wait Until Page Contains Element" owner="SeleniumLibrary">
<arg>${selectors.text_editor.filename_input}</arg>
<arg>${timeouts.page_load}</arg>
<doc>Waits until the element ``locator`` appears on the current page.</doc>
<status status="PASS" start="2025-04-29T11:48:40.839605" elapsed="0.008431"/>
</kw>
<kw name="Log" owner="BuiltIn">
<msg time="2025-04-29T11:48:40.848382" level="INFO">Opened Text Editor</msg>
<arg>Opened Text Editor</arg>
<doc>Logs the given message with the given level.</doc>
<status status="PASS" start="2025-04-29T11:48:40.848231" elapsed="0.000199"/>
</kw>
<status status="PASS" start="2025-04-29T11:48:39.980323" elapsed="0.868177"/>
</kw>
<kw name="Set Content" owner="text_editor_keywords">
<kw name="Input Text" owner="SeleniumLibrary">
<msg time="2025-04-29T11:48:40.849353" level="INFO">Typing text 'Initial content' into text field 'css=textarea'.</msg>
<arg>${selectors.text_editor.content_textarea}</arg>
<arg>${content}</arg>
<doc>Types the given ``text`` into the text field identified by ``locator``.</doc>
<status status="PASS" start="2025-04-29T11:48:40.848942" elapsed="0.071551"/>
</kw>
<arg>Initial content</arg>
<status status="PASS" start="2025-04-29T11:48:40.848688" elapsed="0.072013"/>
</kw>
<kw name="Clear Editor" owner="text_editor_keywords">
<kw name="Click Button" owner="SeleniumLibrary">
<msg time="2025-04-29T11:48:40.922163" level="INFO">Clicking button 'xpath=//button[contains(., 'Clear')]'.</msg>
<arg>${selectors.text_editor.clear_button}</arg>
<doc>Clicks the button identified by ``locator``.</doc>
<status status="PASS" start="2025-04-29T11:48:40.921513" elapsed="0.050962"/>
</kw>
<kw name="Wait Until Element Is Visible" owner="SeleniumLibrary">
<arg>${selectors.text_editor.clear_success_message}</arg>
<arg>${timeouts.element_visible}</arg>
<doc>Waits until the element ``locator`` is visible.</doc>
<status status="PASS" start="2025-04-29T11:48:40.972886" elapsed="0.014948"/>
</kw>
<doc>Clears the editor content</doc>
<status status="PASS" start="2025-04-29T11:48:40.921072" elapsed="0.066885"/>
</kw>
<kw name="Verify Editor Is Cleared" owner="text_editor_keywords">
<kw name="Get Editor Content" owner="text_editor_keywords">
<kw name="Get Value" owner="SeleniumLibrary">
<msg time="2025-04-29T11:48:40.997758" level="INFO">${content} = </msg>
<var>${content}</var>
<arg>${selectors.text_editor.content_textarea}</arg>
<doc>Returns the value attribute of the element identified by ``locator``.</doc>
<status status="PASS" start="2025-04-29T11:48:40.988666" elapsed="0.009142"/>
</kw>
<return>
<value>${content}</value>
<status status="PASS" start="2025-04-29T11:48:40.997890" elapsed="0.000050"/>
</return>
<msg time="2025-04-29T11:48:40.998067" level="INFO">${content} = </msg>
<var>${content}</var>
<status status="PASS" start="2025-04-29T11:48:40.988476" elapsed="0.009614"/>
</kw>
<kw name="Should Be Empty" owner="BuiltIn">
<msg time="2025-04-29T11:48:40.998378" level="INFO">Length is 0.</msg>
<arg>${content}</arg>
<arg>Editor content should be empty</arg>
<doc>Verifies that the given item is empty.</doc>
<status status="PASS" start="2025-04-29T11:48:40.998208" elapsed="0.000212"/>
</kw>
<kw name="Element Should Be Visible" owner="SeleniumLibrary">
<msg time="2025-04-29T11:48:41.008475" level="INFO">Element 'xpath=//div[contains(., 'Editor content cleared')]' is displayed.</msg>
<arg>${selectors.text_editor.clear_success_message}</arg>
<doc>Verifies that the element identified by ``locator`` is visible.</doc>
<status status="PASS" start="2025-04-29T11:48:40.998606" elapsed="0.010009"/>
</kw>
<status status="PASS" start="2025-04-29T11:48:40.988195" elapsed="0.020580"/>
</kw>
<kw name="Save Document" owner="text_editor_keywords">
<kw name="Get Editor Content" owner="text_editor_keywords">
<kw name="Get Value" owner="SeleniumLibrary">
<msg time="2025-04-29T11:48:41.022928" level="INFO">${content} = </msg>
<var>${content}</var>
<arg>${selectors.text_editor.content_textarea}</arg>
<doc>Returns the value attribute of the element identified by ``locator``.</doc>
<status status="PASS" start="2025-04-29T11:48:41.009783" elapsed="0.013229"/>
</kw>
<return>
<value>${content}</value>
<status status="PASS" start="2025-04-29T11:48:41.023152" elapsed="0.000082"/>
</return>
<msg time="2025-04-29T11:48:41.023468" level="INFO">${content} = </msg>
<var>${content}</var>
<status status="PASS" start="2025-04-29T11:48:41.009381" elapsed="0.014128"/>
</kw>
<kw name="Get File Name" owner="text_editor_keywords">
<kw name="Get Value" owner="SeleniumLibrary">
<msg time="2025-04-29T11:48:41.032775" level="INFO">${filename} = untitled.txt</msg>
<var>${filename}</var>
<arg>${selectors.text_editor.filename_input}</arg>
<doc>Returns the value attribute of the element identified by ``locator``.</doc>
<status status="PASS" start="2025-04-29T11:48:41.024297" elapsed="0.008526"/>
</kw>
<return>
<value>${filename}</value>
<status status="PASS" start="2025-04-29T11:48:41.032907" elapsed="0.000049"/>
</return>
<msg time="2025-04-29T11:48:41.033093" level="INFO">${filename} = untitled.txt</msg>
<var>${filename}</var>
<status status="PASS" start="2025-04-29T11:48:41.023830" elapsed="0.009287"/>
</kw>
<kw name="Click Button" owner="SeleniumLibrary">
<msg time="2025-04-29T11:48:41.033662" level="INFO">Clicking button 'xpath=//button[contains(., 'Save')]'.</msg>
<arg>${selectors.text_editor.save_button}</arg>
<doc>Clicks the button identified by ``locator``.</doc>
<status status="PASS" start="2025-04-29T11:48:41.033239" elapsed="0.047886"/>
</kw>
<kw name="Wait Until Element Is Visible" owner="SeleniumLibrary">
<arg>${selectors.text_editor.save_success_message}</arg>
<arg>${timeouts.element_visible}</arg>
<doc>Waits until the element ``locator`` is visible.</doc>
<status status="PASS" start="2025-04-29T11:48:41.081340" elapsed="0.023753"/>
</kw>
<kw name="Sleep" owner="BuiltIn">
<msg time="2025-04-29T11:48:43.105869" level="INFO">Slept 2 seconds.</msg>
<arg>2s</arg>
<doc>Pauses the test executed for the given time.</doc>
<status status="PASS" start="2025-04-29T11:48:41.105375" elapsed="2.000847"/>
</kw>
<doc>Saves the document and verifies the download was triggered</doc>
<status status="PASS" start="2025-04-29T11:48:41.009061" elapsed="2.097552"/>
</kw>
<kw name="Verify Content Is" owner="text_editor_keywords">
<kw name="Get Editor Content" owner="text_editor_keywords">
<kw name="Get Value" owner="SeleniumLibrary">
<msg time="2025-04-29T11:48:43.117336" level="INFO">${content} = </msg>
<var>${content}</var>
<arg>${selectors.text_editor.content_textarea}</arg>
<doc>Returns the value attribute of the element identified by ``locator``.</doc>
<status status="PASS" start="2025-04-29T11:48:43.108628" elapsed="0.008755"/>
</kw>
<return>
<value>${content}</value>
<status status="PASS" start="2025-04-29T11:48:43.117467" elapsed="0.000048"/>
</return>
<msg time="2025-04-29T11:48:43.117649" level="INFO">${actual} = </msg>
<var>${actual}</var>
<status status="PASS" start="2025-04-29T11:48:43.108275" elapsed="0.009397"/>
</kw>
<kw name="Should Be Equal" owner="BuiltIn">
<arg>${actual}</arg>
<arg>${expected}</arg>
<doc>Fails if the given objects are unequal.</doc>
<status status="PASS" start="2025-04-29T11:48:43.117807" elapsed="0.000205"/>
</kw>
<arg>${EMPTY}</arg>
<status status="PASS" start="2025-04-29T11:48:43.107543" elapsed="0.010529"/>
</kw>
<kw name="Close Text Editor Application" owner="text_editor_keywords" type="TEARDOWN">
<kw name="Close Browser" owner="SeleniumLibrary">
<doc>Closes the current browser.</doc>
<status status="PASS" start="2025-04-29T11:48:43.118515" elapsed="0.056135"/>
</kw>
<status status="PASS" start="2025-04-29T11:48:43.118295" elapsed="0.056549"/>
</kw>
<doc>Test clearing and then saving a document</doc>
<status status="PASS" start="2025-04-29T11:48:39.979696" elapsed="3.195258"/>
</test>
<test id="s1-t6" name="Save Document With Special Characters" line="41">
<kw name="Open Text Editor" owner="text_editor_keywords" type="SETUP">
<kw name="Open Browser" owner="SeleniumLibrary">
<msg time="2025-04-29T11:48:43.176312" level="INFO">Opening browser 'chrome' to base url 'http://localhost:3000'.</msg>
<arg>${app.url}</arg>
<arg>chrome</arg>
<doc>Opens a new browser instance to the optional ``url``.</doc>
<status status="PASS" start="2025-04-29T11:48:43.175876" elapsed="0.780551"/>
</kw>
<kw name="Click Element" owner="SeleniumLibrary">
<msg time="2025-04-29T11:48:43.957743" level="INFO">Clicking element 'xpath=//button[contains(text(), 'Text Editor')]'.</msg>
<arg>${selectors.header.text_editor_button}</arg>
<doc>Click the element identified by ``locator``.</doc>
<status status="PASS" start="2025-04-29T11:48:43.956769" elapsed="0.112406"/>
</kw>
<kw name="Wait Until Page Contains Element" owner="SeleniumLibrary">
<arg>${selectors.text_editor.filename_input}</arg>
<arg>${timeouts.page_load}</arg>
<doc>Waits until the element ``locator`` appears on the current page.</doc>
<status status="PASS" start="2025-04-29T11:48:44.069374" elapsed="0.008614"/>
</kw>
<kw name="Log" owner="BuiltIn">
<msg time="2025-04-29T11:48:44.078403" level="INFO">Opened Text Editor</msg>
<arg>Opened Text Editor</arg>
<doc>Logs the given message with the given level.</doc>
<status status="PASS" start="2025-04-29T11:48:44.078224" elapsed="0.000230"/>
</kw>
<status status="PASS" start="2025-04-29T11:48:43.175600" elapsed="0.902922"/>
</kw>
<kw name="Set Variable" owner="BuiltIn">
<msg time="2025-04-29T11:48:44.078888" level="INFO">${special_content} = Content with special chars: !@#$%^&amp;*()_+</msg>
<var>${special_content}</var>
<arg>Content with special chars: !@#$%^&amp;*()_+</arg>
<doc>Returns the given values which can then be assigned to a variables.</doc>
<status status="PASS" start="2025-04-29T11:48:44.078678" elapsed="0.000236"/>
</kw>
<kw name="Create And Save Document" owner="text_editor_keywords">
<kw name="Set File Name" owner="text_editor_keywords">
<kw name="Input Text" owner="SeleniumLibrary">
<msg time="2025-04-29T11:48:44.080233" level="INFO">Typing text 'special_chars.txt' into text field 'css=input[type='text']'.</msg>
<arg>${selectors.text_editor.filename_input}</arg>
<arg>${filename}</arg>
<doc>Types the given ``text`` into the text field identified by ``locator``.</doc>
<status status="PASS" start="2025-04-29T11:48:44.079813" elapsed="0.088388"/>
</kw>
<arg>${filename}</arg>
<status status="PASS" start="2025-04-29T11:48:44.079383" elapsed="0.088950"/>
</kw>
<kw name="Set Content" owner="text_editor_keywords">
<kw name="Input Text" owner="SeleniumLibrary">
<msg time="2025-04-29T11:48:44.169343" level="INFO">Typing text 'Content with special chars: !@#$%^&amp;*()_+' into text field 'css=textarea'.</msg>
<arg>${selectors.text_editor.content_textarea}</arg>
<arg>${content}</arg>
<doc>Types the given ``text`` into the text field identified by ``locator``.</doc>
<status status="PASS" start="2025-04-29T11:48:44.168855" elapsed="0.097637"/>
</kw>
<arg>${content}</arg>
<status status="PASS" start="2025-04-29T11:48:44.168520" elapsed="0.098102"/>
</kw>
<kw name="Save Document" owner="text_editor_keywords">
<kw name="Get Editor Content" owner="text_editor_keywords">
<kw name="Get Value" owner="SeleniumLibrary">
<msg time="2025-04-29T11:48:44.277858" level="INFO">${content} = Content with special chars: !@#$%^&amp;*()_+</msg>
<var>${content}</var>
<arg>${selectors.text_editor.content_textarea}</arg>
<doc>Returns the value attribute of the element identified by ``locator``.</doc>
<status status="PASS" start="2025-04-29T11:48:44.267295" elapsed="0.010678"/>
</kw>
<return>
<value>${content}</value>
<status status="PASS" start="2025-04-29T11:48:44.278074" elapsed="0.000059"/>
</return>
<msg time="2025-04-29T11:48:44.278294" level="INFO">${content} = Content with special chars: !@#$%^&amp;*()_+</msg>
<var>${content}</var>
<status status="PASS" start="2025-04-29T11:48:44.267101" elapsed="0.011221"/>
</kw>
<kw name="Get File Name" owner="text_editor_keywords">
<kw name="Get Value" owner="SeleniumLibrary">
<msg time="2025-04-29T11:48:44.285872" level="INFO">${filename} = special_chars.txt</msg>
<var>${filename}</var>
<arg>${selectors.text_editor.filename_input}</arg>
<doc>Returns the value attribute of the element identified by ``locator``.</doc>
<status status="PASS" start="2025-04-29T11:48:44.278780" elapsed="0.007138"/>
</kw>
<return>
<value>${filename}</value>
<status status="PASS" start="2025-04-29T11:48:44.285994" elapsed="0.000047"/>
</return>
<msg time="2025-04-29T11:48:44.286172" level="INFO">${filename} = special_chars.txt</msg>
<var>${filename}</var>
<status status="PASS" start="2025-04-29T11:48:44.278496" elapsed="0.007701"/>
</kw>
<kw name="Click Button" owner="SeleniumLibrary">
<msg time="2025-04-29T11:48:44.286730" level="INFO">Clicking button 'xpath=//button[contains(., 'Save')]'.</msg>
<arg>${selectors.text_editor.save_button}</arg>
<doc>Clicks the button identified by ``locator``.</doc>
<status status="PASS" start="2025-04-29T11:48:44.286317" elapsed="0.057980"/>
</kw>
<kw name="Wait Until Element Is Visible" owner="SeleniumLibrary">
<arg>${selectors.text_editor.save_success_message}</arg>
<arg>${timeouts.element_visible}</arg>
<doc>Waits until the element ``locator`` is visible.</doc>
<status status="PASS" start="2025-04-29T11:48:44.344617" elapsed="0.026754"/>
</kw>
<kw name="Sleep" owner="BuiltIn">
<msg time="2025-04-29T11:48:46.371867" level="INFO">Slept 2 seconds.</msg>
<arg>2s</arg>
<doc>Pauses the test executed for the given time.</doc>
<status status="PASS" start="2025-04-29T11:48:44.371562" elapsed="2.000524"/>
</kw>
<doc>Saves the document and verifies the download was triggered</doc>
<status status="PASS" start="2025-04-29T11:48:44.266821" elapsed="2.105411"/>
</kw>
<arg>special_chars.txt</arg>
<arg>${special_content}</arg>
<status status="PASS" start="2025-04-29T11:48:44.079068" elapsed="2.293223"/>
</kw>
<kw name="Verify Content Is" owner="text_editor_keywords">
<kw name="Get Editor Content" owner="text_editor_keywords">
<kw name="Get Value" owner="SeleniumLibrary">
<msg time="2025-04-29T11:48:46.381952" level="INFO">${content} = Content with special chars: !@#$%^&amp;*()_+</msg>
<var>${content}</var>
<arg>${selectors.text_editor.content_textarea}</arg>
<doc>Returns the value attribute of the element identified by ``locator``.</doc>
<status status="PASS" start="2025-04-29T11:48:46.373323" elapsed="0.008680"/>
</kw>
<return>
<value>${content}</value>
<status status="PASS" start="2025-04-29T11:48:46.382088" elapsed="0.000069"/>
</return>
<msg time="2025-04-29T11:48:46.382325" level="INFO">${actual} = Content with special chars: !@#$%^&amp;*()_+</msg>
<var>${actual}</var>
<status status="PASS" start="2025-04-29T11:48:46.373040" elapsed="0.009313"/>
</kw>
<kw name="Should Be Equal" owner="BuiltIn">
<arg>${actual}</arg>
<arg>${expected}</arg>
<doc>Fails if the given objects are unequal.</doc>
<status status="PASS" start="2025-04-29T11:48:46.382499" elapsed="0.000291"/>
</kw>
<arg>${special_content}</arg>
<status status="PASS" start="2025-04-29T11:48:46.372558" elapsed="0.010344"/>
</kw>
<kw name="Close Text Editor Application" owner="text_editor_keywords" type="TEARDOWN">
<kw name="Close Browser" owner="SeleniumLibrary">
<doc>Closes the current browser.</doc>
<status status="PASS" start="2025-04-29T11:48:46.383425" elapsed="0.055355"/>
</kw>
<status status="PASS" start="2025-04-29T11:48:46.383188" elapsed="0.055737"/>
</kw>
<doc>Test saving document with special characters</doc>
<status status="PASS" start="2025-04-29T11:48:43.175215" elapsed="3.263820"/>
</test>
<test id="s1-t7" name="Save Document With Long Content" line="47">
<kw name="Open Text Editor" owner="text_editor_keywords" type="SETUP">
<kw name="Open Browser" owner="SeleniumLibrary">
<msg time="2025-04-29T11:48:46.440550" level="INFO">Opening browser 'chrome' to base url 'http://localhost:3000'.</msg>
<arg>${app.url}</arg>
<arg>chrome</arg>
<doc>Opens a new browser instance to the optional ``url``.</doc>
<status status="PASS" start="2025-04-29T11:48:46.440101" elapsed="0.746338"/>
</kw>
<kw name="Click Element" owner="SeleniumLibrary">
<msg time="2025-04-29T11:48:47.187136" level="INFO">Clicking element 'xpath=//button[contains(text(), 'Text Editor')]'.</msg>
<arg>${selectors.header.text_editor_button}</arg>
<doc>Click the element identified by ``locator``.</doc>
<status status="PASS" start="2025-04-29T11:48:47.186642" elapsed="0.107548"/>
</kw>
<kw name="Wait Until Page Contains Element" owner="SeleniumLibrary">
<arg>${selectors.text_editor.filename_input}</arg>
<arg>${timeouts.page_load}</arg>
<doc>Waits until the element ``locator`` appears on the current page.</doc>
<status status="PASS" start="2025-04-29T11:48:47.294416" elapsed="0.007474"/>
</kw>
<kw name="Log" owner="BuiltIn">
<msg time="2025-04-29T11:48:47.302229" level="INFO">Opened Text Editor</msg>
<arg>Opened Text Editor</arg>
<doc>Logs the given message with the given level.</doc>
<status status="PASS" start="2025-04-29T11:48:47.302084" elapsed="0.000189"/>
</kw>
<status status="PASS" start="2025-04-29T11:48:46.439816" elapsed="0.862521"/>
</kw>
<kw name="Set Variable" owner="BuiltIn">
<msg time="2025-04-29T11:48:47.302621" level="INFO">${long_content} = This is a very long content that spans multiple lines.
Line 2
Line 3
Line 4
Line 5</msg>
<var>${long_content}</var>
<arg>This is a very long content that spans multiple lines.\nLine 2\nLine 3\nLine 4\nLine 5</arg>
<doc>Returns the given values which can then be assigned to a variables.</doc>
<status status="PASS" start="2025-04-29T11:48:47.302480" elapsed="0.000165"/>
</kw>
<kw name="Create And Save Document" owner="text_editor_keywords">
<kw name="Set File Name" owner="text_editor_keywords">
<kw name="Input Text" owner="SeleniumLibrary">
<msg time="2025-04-29T11:48:47.303672" level="INFO">Typing text 'long_content.txt' into text field 'css=input[type='text']'.</msg>
<arg>${selectors.text_editor.filename_input}</arg>
<arg>${filename}</arg>
<doc>Types the given ``text`` into the text field identified by ``locator``.</doc>
<status status="PASS" start="2025-04-29T11:48:47.303273" elapsed="0.083121"/>
</kw>
<arg>${filename}</arg>
<status status="PASS" start="2025-04-29T11:48:47.303073" elapsed="0.083465"/>
</kw>
<kw name="Set Content" owner="text_editor_keywords">
<kw name="Input Text" owner="SeleniumLibrary">
<msg time="2025-04-29T11:48:47.387599" level="INFO">Typing text 'This is a very long content that spans multiple lines.
Line 2
Line 3
Line 4
Line 5' into text field 'css=textarea'.</msg>
<arg>${selectors.text_editor.content_textarea}</arg>
<arg>${content}</arg>
<doc>Types the given ``text`` into the text field identified by ``locator``.</doc>
<status status="PASS" start="2025-04-29T11:48:47.387111" elapsed="0.155389"/>
</kw>
<arg>${content}</arg>
<status status="PASS" start="2025-04-29T11:48:47.386762" elapsed="0.156037"/>
</kw>
<kw name="Save Document" owner="text_editor_keywords">
<kw name="Get Editor Content" owner="text_editor_keywords">
<kw name="Get Value" owner="SeleniumLibrary">
<msg time="2025-04-29T11:48:47.552786" level="INFO">${content} = This is a very long content that spans multiple lines.
Line 2
Line 3
Line 4
Line 5</msg>
<var>${content}</var>
<arg>${selectors.text_editor.content_textarea}</arg>
<doc>Returns the value attribute of the element identified by ``locator``.</doc>
<status status="PASS" start="2025-04-29T11:48:47.543493" elapsed="0.009343"/>
</kw>
<return>
<value>${content}</value>
<status status="PASS" start="2025-04-29T11:48:47.552918" elapsed="0.000050"/>
</return>
<msg time="2025-04-29T11:48:47.553197" level="INFO">${content} = This is a very long content that spans multiple lines.
Line 2
Line 3
Line 4
Line 5</msg>
<var>${content}</var>
<status status="PASS" start="2025-04-29T11:48:47.543301" elapsed="0.009925"/>
</kw>
<kw name="Get File Name" owner="text_editor_keywords">
<kw name="Get Value" owner="SeleniumLibrary">
<msg time="2025-04-29T11:48:47.564149" level="INFO">${filename} = long_content.txt</msg>
<var>${filename}</var>
<arg>${selectors.text_editor.filename_input}</arg>
<doc>Returns the value attribute of the element identified by ``locator``.</doc>
<status status="PASS" start="2025-04-29T11:48:47.553652" elapsed="0.010568"/>
</kw>
<return>
<value>${filename}</value>
<status status="PASS" start="2025-04-29T11:48:47.564345" elapsed="0.000073"/>
</return>
<msg time="2025-04-29T11:48:47.564622" level="INFO">${filename} = long_content.txt</msg>
<var>${filename}</var>
<status status="PASS" start="2025-04-29T11:48:47.553401" elapsed="0.011259"/>
</kw>
<kw name="Click Button" owner="SeleniumLibrary">
<msg time="2025-04-29T11:48:47.565541" level="INFO">Clicking button 'xpath=//button[contains(., 'Save')]'.</msg>
<arg>${selectors.text_editor.save_button}</arg>
<doc>Clicks the button identified by ``locator``.</doc>
<status status="PASS" start="2025-04-29T11:48:47.564868" elapsed="0.064338"/>
</kw>
<kw name="Wait Until Element Is Visible" owner="SeleniumLibrary">
<arg>${selectors.text_editor.save_success_message}</arg>
<arg>${timeouts.element_visible}</arg>
<doc>Waits until the element ``locator`` is visible.</doc>
<status status="PASS" start="2025-04-29T11:48:47.629511" elapsed="0.028191"/>
</kw>
<kw name="Sleep" owner="BuiltIn">
<msg time="2025-04-29T11:48:49.658539" level="INFO">Slept 2 seconds.</msg>
<arg>2s</arg>
<doc>Pauses the test executed for the given time.</doc>
<status status="PASS" start="2025-04-29T11:48:47.658030" elapsed="2.000821"/>
</kw>
<doc>Saves the document and verifies the download was triggered</doc>
<status status="PASS" start="2025-04-29T11:48:47.543017" elapsed="2.116124"/>
</kw>
<arg>long_content.txt</arg>
<arg>${long_content}</arg>
<status status="PASS" start="2025-04-29T11:48:47.302808" elapsed="2.356540"/>
</kw>
<kw name="Verify Content Is" owner="text_editor_keywords">
<kw name="Get Editor Content" owner="text_editor_keywords">
<kw name="Get Value" owner="SeleniumLibrary">
<msg time="2025-04-29T11:48:49.679783" level="INFO">${content} = This is a very long content that spans multiple lines.
Line 2
Line 3
Line 4
Line 5</msg>
<var>${content}</var>
<arg>${selectors.text_editor.content_textarea}</arg>
<doc>Returns the value attribute of the element identified by ``locator``.</doc>
<status status="PASS" start="2025-04-29T11:48:49.661375" elapsed="0.018458"/>
</kw>
<return>
<value>${content}</value>
<status status="PASS" start="2025-04-29T11:48:49.679915" elapsed="0.000051"/>
</return>
<msg time="2025-04-29T11:48:49.680101" level="INFO">${actual} = This is a very long content that spans multiple lines.
Line 2
Line 3
Line 4
Line 5</msg>
<var>${actual}</var>
<status status="PASS" start="2025-04-29T11:48:49.660823" elapsed="0.019301"/>
</kw>
<kw name="Should Be Equal" owner="BuiltIn">
<arg>${actual}</arg>
<arg>${expected}</arg>
<doc>Fails if the given objects are unequal.</doc>
<status status="PASS" start="2025-04-29T11:48:49.680247" elapsed="0.000206"/>
</kw>
<arg>${long_content}</arg>
<status status="PASS" start="2025-04-29T11:48:49.659962" elapsed="0.020553"/>
</kw>
<kw name="Close Text Editor Application" owner="text_editor_keywords" type="TEARDOWN">
<kw name="Close Browser" owner="SeleniumLibrary">
<doc>Closes the current browser.</doc>
<status status="PASS" start="2025-04-29T11:48:49.680977" elapsed="0.055753"/>
</kw>
<status status="PASS" start="2025-04-29T11:48:49.680749" elapsed="0.056108"/>
</kw>
<doc>Test saving document with long content</doc>
<status status="PASS" start="2025-04-29T11:48:46.439339" elapsed="3.297607"/>
</test>
<test id="s1-t8" name="Save Document With Empty Content" line="53">
<kw name="Open Text Editor" owner="text_editor_keywords" type="SETUP">
<kw name="Open Browser" owner="SeleniumLibrary">
<msg time="2025-04-29T11:48:49.738178" level="INFO">Opening browser 'chrome' to base url 'http://localhost:3000'.</msg>
<arg>${app.url}</arg>
<arg>chrome</arg>
<doc>Opens a new browser instance to the optional ``url``.</doc>
<status status="PASS" start="2025-04-29T11:48:49.737755" elapsed="0.761437"/>
</kw>
<kw name="Click Element" owner="SeleniumLibrary">
<msg time="2025-04-29T11:48:50.499959" level="INFO">Clicking element 'xpath=//button[contains(text(), 'Text Editor')]'.</msg>
<arg>${selectors.header.text_editor_button}</arg>
<doc>Click the element identified by ``locator``.</doc>
<status status="PASS" start="2025-04-29T11:48:50.499446" elapsed="0.105621"/>
</kw>
<kw name="Wait Until Page Contains Element" owner="SeleniumLibrary">
<arg>${selectors.text_editor.filename_input}</arg>
<arg>${timeouts.page_load}</arg>
<doc>Waits until the element ``locator`` appears on the current page.</doc>
<status status="PASS" start="2025-04-29T11:48:50.605275" elapsed="0.007635"/>
</kw>
<kw name="Log" owner="BuiltIn">
<msg time="2025-04-29T11:48:50.613263" level="INFO">Opened Text Editor</msg>
<arg>Opened Text Editor</arg>
<doc>Logs the given message with the given level.</doc>
<status status="PASS" start="2025-04-29T11:48:50.613100" elapsed="0.000213"/>
</kw>
<status status="PASS" start="2025-04-29T11:48:49.737502" elapsed="0.875884"/>
</kw>
<kw name="Create And Save Document" owner="text_editor_keywords">
<kw name="Set File Name" owner="text_editor_keywords">
<kw name="Input Text" owner="SeleniumLibrary">
<msg time="2025-04-29T11:48:50.614781" level="INFO">Typing text 'empty_content.txt' into text field 'css=input[type='text']'.</msg>
<arg>${selectors.text_editor.filename_input}</arg>
<arg>${filename}</arg>
<doc>Types the given ``text`` into the text field identified by ``locator``.</doc>
<status status="PASS" start="2025-04-29T11:48:50.614384" elapsed="0.090277"/>
</kw>
<arg>${filename}</arg>
<status status="PASS" start="2025-04-29T11:48:50.614150" elapsed="0.090657"/>
</kw>
<kw name="Set Content" owner="text_editor_keywords">
<kw name="Input Text" owner="SeleniumLibrary">
<msg time="2025-04-29T11:48:50.705820" level="INFO">Typing text '' into text field 'css=textarea'.</msg>
<arg>${selectors.text_editor.content_textarea}</arg>
<arg>${content}</arg>
<doc>Types the given ``text`` into the text field identified by ``locator``.</doc>
<status status="PASS" start="2025-04-29T11:48:50.705362" elapsed="0.040103"/>
</kw>
<arg>${content}</arg>
<status status="PASS" start="2025-04-29T11:48:50.705002" elapsed="0.040610"/>
</kw>
<kw name="Save Document" owner="text_editor_keywords">
<kw name="Get Editor Content" owner="text_editor_keywords">
<kw name="Get Value" owner="SeleniumLibrary">
<msg time="2025-04-29T11:48:50.757339" level="INFO">${content} = </msg>
<var>${content}</var>
<arg>${selectors.text_editor.content_textarea}</arg>
<doc>Returns the value attribute of the element identified by ``locator``.</doc>
<status status="PASS" start="2025-04-29T11:48:50.746495" elapsed="0.010909"/>
</kw>
<return>
<value>${content}</value>
<status status="PASS" start="2025-04-29T11:48:50.757658" elapsed="0.000264"/>
</return>
<msg time="2025-04-29T11:48:50.758077" level="INFO">${content} = </msg>
<var>${content}</var>
<status status="PASS" start="2025-04-29T11:48:50.746225" elapsed="0.011877"/>
</kw>
<kw name="Get File Name" owner="text_editor_keywords">
<kw name="Get Value" owner="SeleniumLibrary">
<msg time="2025-04-29T11:48:50.767000" level="INFO">${filename} = empty_content.txt</msg>
<var>${filename}</var>
<arg>${selectors.text_editor.filename_input}</arg>
<doc>Returns the value attribute of the element identified by ``locator``.</doc>
<status status="PASS" start="2025-04-29T11:48:50.758514" elapsed="0.008535"/>
</kw>
<return>
<value>${filename}</value>
<status status="PASS" start="2025-04-29T11:48:50.767131" elapsed="0.000051"/>
</return>
<msg time="2025-04-29T11:48:50.767314" level="INFO">${filename} = empty_content.txt</msg>
<var>${filename}</var>
<status status="PASS" start="2025-04-29T11:48:50.758280" elapsed="0.009120"/>
</kw>
<kw name="Click Button" owner="SeleniumLibrary">
<msg time="2025-04-29T11:48:50.767980" level="INFO">Clicking button 'xpath=//button[contains(., 'Save')]'.</msg>
<arg>${selectors.text_editor.save_button}</arg>
<doc>Clicks the button identified by ``locator``.</doc>
<status status="PASS" start="2025-04-29T11:48:50.767547" elapsed="0.055345"/>
</kw>
<kw name="Wait Until Element Is Visible" owner="SeleniumLibrary">
<arg>${selectors.text_editor.save_success_message}</arg>
<arg>${timeouts.element_visible}</arg>
<doc>Waits until the element ``locator`` is visible.</doc>
<status status="PASS" start="2025-04-29T11:48:50.823191" elapsed="0.028955"/>
</kw>
<kw name="Sleep" owner="BuiltIn">
<msg time="2025-04-29T11:48:52.852907" level="INFO">Slept 2 seconds.</msg>
<arg>2s</arg>
<doc>Pauses the test executed for the given time.</doc>
<status status="PASS" start="2025-04-29T11:48:50.852412" elapsed="2.000732"/>
</kw>
<doc>Saves the document and verifies the download was triggered</doc>
<status status="PASS" start="2025-04-29T11:48:50.745863" elapsed="2.107488"/>
</kw>
<arg>empty_content.txt</arg>
<arg>${EMPTY}</arg>
<status status="PASS" start="2025-04-29T11:48:50.613597" elapsed="2.239875"/>
</kw>
<kw name="Verify Content Is" owner="text_editor_keywords">
<kw name="Get Editor Content" owner="text_editor_keywords">
<kw name="Get Value" owner="SeleniumLibrary">
<msg time="2025-04-29T11:48:52.873736" level="INFO">${content} = </msg>
<var>${content}</var>
<arg>${selectors.text_editor.content_textarea}</arg>
<doc>Returns the value attribute of the element identified by ``locator``.</doc>
<status status="PASS" start="2025-04-29T11:48:52.855884" elapsed="0.017909"/>
</kw>
<return>
<value>${content}</value>
<status status="PASS" start="2025-04-29T11:48:52.873883" elapsed="0.000054"/>
</return>
<msg time="2025-04-29T11:48:52.874081" level="INFO">${actual} = </msg>
<var>${actual}</var>
<status status="PASS" start="2025-04-29T11:48:52.855202" elapsed="0.018910"/>
</kw>
<kw name="Should Be Equal" owner="BuiltIn">
<arg>${actual}</arg>
<arg>${expected}</arg>
<doc>Fails if the given objects are unequal.</doc>
<status status="PASS" start="2025-04-29T11:48:52.874274" elapsed="0.000264"/>
</kw>
<arg>${EMPTY}</arg>
<status status="PASS" start="2025-04-29T11:48:52.853934" elapsed="0.020678"/>
</kw>
<kw name="Close Text Editor Application" owner="text_editor_keywords" type="TEARDOWN">
<kw name="Close Browser" owner="SeleniumLibrary">
<doc>Closes the current browser.</doc>
<status status="PASS" start="2025-04-29T11:48:52.875120" elapsed="0.059151"/>
</kw>
<status status="PASS" start="2025-04-29T11:48:52.874891" elapsed="0.059541"/>
</kw>
<doc>Test saving document with empty content</doc>
<status status="PASS" start="2025-04-29T11:48:49.737167" elapsed="3.197387"/>
</test>
<test id="s1-t9" name="Save Document With Whitespace" line="58">
<kw name="Open Text Editor" owner="text_editor_keywords" type="SETUP">
<kw name="Open Browser" owner="SeleniumLibrary">
<msg time="2025-04-29T11:48:52.936360" level="INFO">Opening browser 'chrome' to base url 'http://localhost:3000'.</msg>
<arg>${app.url}</arg>
<arg>chrome</arg>
<doc>Opens a new browser instance to the optional ``url``.</doc>
<status status="PASS" start="2025-04-29T11:48:52.935766" elapsed="0.743724"/>
</kw>
<kw name="Click Element" owner="SeleniumLibrary">
<msg time="2025-04-29T11:48:53.680636" level="INFO">Clicking element 'xpath=//button[contains(text(), 'Text Editor')]'.</msg>
<arg>${selectors.header.text_editor_button}</arg>
<doc>Click the element identified by ``locator``.</doc>
<status status="PASS" start="2025-04-29T11:48:53.679828" elapsed="0.107527"/>
</kw>
<kw name="Wait Until Page Contains Element" owner="SeleniumLibrary">
<arg>${selectors.text_editor.filename_input}</arg>
<arg>${timeouts.page_load}</arg>
<doc>Waits until the element ``locator`` appears on the current page.</doc>
<status status="PASS" start="2025-04-29T11:48:53.787552" elapsed="0.007588"/>
</kw>
<kw name="Log" owner="BuiltIn">
<msg time="2025-04-29T11:48:53.795503" level="INFO">Opened Text Editor</msg>
<arg>Opened Text Editor</arg>
<doc>Logs the given message with the given level.</doc>
<status status="PASS" start="2025-04-29T11:48:53.795342" elapsed="0.000211"/>
</kw>
<status status="PASS" start="2025-04-29T11:48:52.935365" elapsed="0.860257"/>
</kw>
<kw name="Set Variable" owner="BuiltIn">
<msg time="2025-04-29T11:48:53.795953" level="INFO">${whitespace_content} = Content with multiple spaces</msg>
<var>${whitespace_content}</var>
<arg>Content with multiple spaces</arg>
<doc>Returns the given values which can then be assigned to a variables.</doc>
<status status="PASS" start="2025-04-29T11:48:53.795801" elapsed="0.000178"/>
</kw>
<kw name="Create And Save Document" owner="text_editor_keywords">
<kw name="Set File Name" owner="text_editor_keywords">
<kw name="Input Text" owner="SeleniumLibrary">
<msg time="2025-04-29T11:48:53.797075" level="INFO">Typing text 'whitespace.txt' into text field 'css=input[type='text']'.</msg>
<arg>${selectors.text_editor.filename_input}</arg>
<arg>${filename}</arg>
<doc>Types the given ``text`` into the text field identified by ``locator``.</doc>
<status status="PASS" start="2025-04-29T11:48:53.796604" elapsed="0.074028"/>
</kw>
<arg>${filename}</arg>
<status status="PASS" start="2025-04-29T11:48:53.796398" elapsed="0.074368"/>
</kw>
<kw name="Set Content" owner="text_editor_keywords">
<kw name="Input Text" owner="SeleniumLibrary">
<msg time="2025-04-29T11:48:53.871756" level="INFO">Typing text 'Content with multiple spaces' into text field 'css=textarea'.</msg>
<arg>${selectors.text_editor.content_textarea}</arg>
<arg>${content}</arg>
<doc>Types the given ``text`` into the text field identified by ``locator``.</doc>
<status status="PASS" start="2025-04-29T11:48:53.871281" elapsed="0.077842"/>
</kw>
<arg>${content}</arg>
<status status="PASS" start="2025-04-29T11:48:53.870930" elapsed="0.078312"/>
</kw>
<kw name="Save Document" owner="text_editor_keywords">
<kw name="Get Editor Content" owner="text_editor_keywords">
<kw name="Get Value" owner="SeleniumLibrary">
<msg time="2025-04-29T11:48:53.959235" level="INFO">${content} = Content with multiple spaces</msg>
<var>${content}</var>
<arg>${selectors.text_editor.content_textarea}</arg>
<doc>Returns the value attribute of the element identified by ``locator``.</doc>
<status status="PASS" start="2025-04-29T11:48:53.949959" elapsed="0.009327"/>
</kw>
<return>
<value>${content}</value>
<status status="PASS" start="2025-04-29T11:48:53.959373" elapsed="0.000056"/>
</return>
<msg time="2025-04-29T11:48:53.959569" level="INFO">${content} = Content with multiple spaces</msg>
<var>${content}</var>
<status status="PASS" start="2025-04-29T11:48:53.949753" elapsed="0.009841"/>
</kw>
<kw name="Get File Name" owner="text_editor_keywords">
<kw name="Get Value" owner="SeleniumLibrary">
<msg time="2025-04-29T11:48:53.969349" level="INFO">${filename} = whitespace.txt</msg>
<var>${filename}</var>
<arg>${selectors.text_editor.filename_input}</arg>
<doc>Returns the value attribute of the element identified by ``locator``.</doc>
<status status="PASS" start="2025-04-29T11:48:53.960013" elapsed="0.009396"/>
</kw>
<return>
<value>${filename}</value>
<status status="PASS" start="2025-04-29T11:48:53.969503" elapsed="0.000051"/>
</return>
<msg time="2025-04-29T11:48:53.969690" level="INFO">${filename} = whitespace.txt</msg>
<var>${filename}</var>
<status status="PASS" start="2025-04-29T11:48:53.959771" elapsed="0.009950"/>
</kw>
<kw name="Click Button" owner="SeleniumLibrary">
<msg time="2025-04-29T11:48:53.970288" level="INFO">Clicking button 'xpath=//button[contains(., 'Save')]'.</msg>
<arg>${selectors.text_editor.save_button}</arg>
<doc>Clicks the button identified by ``locator``.</doc>
<status status="PASS" start="2025-04-29T11:48:53.969862" elapsed="0.047282"/>
</kw>
<kw name="Wait Until Element Is Visible" owner="SeleniumLibrary">
<arg>${selectors.text_editor.save_success_message}</arg>
<arg>${timeouts.element_visible}</arg>
<doc>Waits until the element ``locator`` is visible.</doc>
<status status="PASS" start="2025-04-29T11:48:54.017540" elapsed="0.020428"/>
</kw>
<kw name="Sleep" owner="BuiltIn">
<msg time="2025-04-29T11:48:56.038861" level="INFO">Slept 2 seconds.</msg>
<arg>2s</arg>
<doc>Pauses the test executed for the given time.</doc>
<status status="PASS" start="2025-04-29T11:48:54.038333" elapsed="2.000872"/>
</kw>
<doc>Saves the document and verifies the download was triggered</doc>
<status status="PASS" start="2025-04-29T11:48:53.949452" elapsed="2.090077"/>
</kw>
<arg>whitespace.txt</arg>
<arg>${whitespace_content}</arg>
<status status="PASS" start="2025-04-29T11:48:53.796131" elapsed="2.243552"/>
</kw>
<kw name="Verify Content Is" owner="text_editor_keywords">
<kw name="Get Editor Content" owner="text_editor_keywords">
<kw name="Get Value" owner="SeleniumLibrary">
<msg time="2025-04-29T11:48:56.059693" level="INFO">${content} = Content with multiple spaces</msg>
<var>${content}</var>
<arg>${selectors.text_editor.content_textarea}</arg>
<doc>Returns the value attribute of the element identified by ``locator``.</doc>
<status status="PASS" start="2025-04-29T11:48:56.041692" elapsed="0.018062"/>
</kw>
<return>
<value>${content}</value>
<status status="PASS" start="2025-04-29T11:48:56.059839" elapsed="0.000049"/>
</return>
<msg time="2025-04-29T11:48:56.060022" level="INFO">${actual} = Content with multiple spaces</msg>
<var>${actual}</var>
<status status="PASS" start="2025-04-29T11:48:56.041175" elapsed="0.018870"/>
</kw>
<kw name="Should Be Equal" owner="BuiltIn">
<arg>${actual}</arg>
<arg>${expected}</arg>
<doc>Fails if the given objects are unequal.</doc>
<status status="PASS" start="2025-04-29T11:48:56.060172" elapsed="0.000201"/>
</kw>
<arg>${whitespace_content}</arg>
<status status="PASS" start="2025-04-29T11:48:56.040296" elapsed="0.020140"/>
</kw>
<kw name="Close Text Editor Application" owner="text_editor_keywords" type="TEARDOWN">
<kw name="Close Browser" owner="SeleniumLibrary">
<doc>Closes the current browser.</doc>
<status status="PASS" start="2025-04-29T11:48:56.060891" elapsed="0.055834"/>
</kw>
<status status="PASS" start="2025-04-29T11:48:56.060665" elapsed="0.056230"/>
</kw>
<doc>Test saving document with whitespace</doc>
<status status="PASS" start="2025-04-29T11:48:52.934876" elapsed="3.182149"/>
</test>
<test id="s1-t10" name="Save Document With Line Breaks" line="64">
<kw name="Open Text Editor" owner="text_editor_keywords" type="SETUP">
<kw name="Open Browser" owner="SeleniumLibrary">
<msg time="2025-04-29T11:48:56.118260" level="INFO">Opening browser 'chrome' to base url 'http://localhost:3000'.</msg>
<arg>${app.url}</arg>
<arg>chrome</arg>
<doc>Opens a new browser instance to the optional ``url``.</doc>
<status status="PASS" start="2025-04-29T11:48:56.117842" elapsed="0.724353"/>
</kw>
<kw name="Click Element" owner="SeleniumLibrary">
<msg time="2025-04-29T11:48:56.842999" level="INFO">Clicking element 'xpath=//button[contains(text(), 'Text Editor')]'.</msg>
<arg>${selectors.header.text_editor_button}</arg>
<doc>Click the element identified by ``locator``.</doc>
<status status="PASS" start="2025-04-29T11:48:56.842437" elapsed="0.103684"/>
</kw>
<kw name="Wait Until Page Contains Element" owner="SeleniumLibrary">
<arg>${selectors.text_editor.filename_input}</arg>
<arg>${timeouts.page_load}</arg>
<doc>Waits until the element ``locator`` appears on the current page.</doc>
<status status="PASS" start="2025-04-29T11:48:56.946310" elapsed="0.008053"/>
</kw>
<kw name="Log" owner="BuiltIn">
<msg time="2025-04-29T11:48:56.954703" level="INFO">Opened Text Editor</msg>
<arg>Opened Text Editor</arg>
<doc>Logs the given message with the given level.</doc>
<status status="PASS" start="2025-04-29T11:48:56.954556" elapsed="0.000210"/>
</kw>
<status status="PASS" start="2025-04-29T11:48:56.117588" elapsed="0.837245"/>
</kw>
<kw name="Set Variable" owner="BuiltIn">
<msg time="2025-04-29T11:48:56.955133" level="INFO">${line_break_content} = First line
Second line
Third line</msg>
<var>${line_break_content}</var>
<arg>First line\nSecond line\nThird line</arg>
<doc>Returns the given values which can then be assigned to a variables.</doc>
<status status="PASS" start="2025-04-29T11:48:56.954987" elapsed="0.000172"/>
</kw>
<kw name="Create And Save Document" owner="text_editor_keywords">
<kw name="Set File Name" owner="text_editor_keywords">
<kw name="Input Text" owner="SeleniumLibrary">
<msg time="2025-04-29T11:48:56.956646" level="INFO">Typing text 'line_breaks.txt' into text field 'css=input[type='text']'.</msg>
<arg>${selectors.text_editor.filename_input}</arg>
<arg>${filename}</arg>
<doc>Types the given ``text`` into the text field identified by ``locator``.</doc>
<status status="PASS" start="2025-04-29T11:48:56.955966" elapsed="0.076428"/>
</kw>
<arg>${filename}</arg>
<status status="PASS" start="2025-04-29T11:48:56.955653" elapsed="0.076864"/>
</kw>
<kw name="Set Content" owner="text_editor_keywords">
<kw name="Input Text" owner="SeleniumLibrary">
<msg time="2025-04-29T11:48:57.033476" level="INFO">Typing text 'First line
Second line
Third line' into text field 'css=textarea'.</msg>
<arg>${selectors.text_editor.content_textarea}</arg>
<arg>${content}</arg>
<doc>Types the given ``text`` into the text field identified by ``locator``.</doc>
<status status="PASS" start="2025-04-29T11:48:57.033037" elapsed="0.085755"/>
</kw>
<arg>${content}</arg>
<status status="PASS" start="2025-04-29T11:48:57.032700" elapsed="0.086233"/>
</kw>
<kw name="Save Document" owner="text_editor_keywords">
<kw name="Get Editor Content" owner="text_editor_keywords">
<kw name="Get Value" owner="SeleniumLibrary">
<msg time="2025-04-29T11:48:57.128858" level="INFO">${content} = First line
Second line
Third line</msg>
<var>${content}</var>
<arg>${selectors.text_editor.content_textarea}</arg>
<doc>Returns the value attribute of the element identified by ``locator``.</doc>
<status status="PASS" start="2025-04-29T11:48:57.119626" elapsed="0.009283"/>
</kw>
<return>
<value>${content}</value>
<status status="PASS" start="2025-04-29T11:48:57.128994" elapsed="0.000056"/>
</return>
<msg time="2025-04-29T11:48:57.129186" level="INFO">${content} = First line
Second line
Third line</msg>
<var>${content}</var>
<status status="PASS" start="2025-04-29T11:48:57.119427" elapsed="0.009786"/>
</kw>
<kw name="Get File Name" owner="text_editor_keywords">
<kw name="Get Value" owner="SeleniumLibrary">
<msg time="2025-04-29T11:48:57.137774" level="INFO">${filename} = line_breaks.txt</msg>
<var>${filename}</var>
<arg>${selectors.text_editor.filename_input}</arg>
<doc>Returns the value attribute of the element identified by ``locator``.</doc>
<status status="PASS" start="2025-04-29T11:48:57.129630" elapsed="0.008195"/>
</kw>
<return>
<value>${filename}</value>
<status status="PASS" start="2025-04-29T11:48:57.137909" elapsed="0.000050"/>
</return>
<msg time="2025-04-29T11:48:57.138090" level="INFO">${filename} = line_breaks.txt</msg>
<var>${filename}</var>
<status status="PASS" start="2025-04-29T11:48:57.129391" elapsed="0.008723"/>
</kw>
<kw name="Click Button" owner="SeleniumLibrary">
<msg time="2025-04-29T11:48:57.138644" level="INFO">Clicking button 'xpath=//button[contains(., 'Save')]'.</msg>
<arg>${selectors.text_editor.save_button}</arg>
<doc>Clicks the button identified by ``locator``.</doc>
<status status="PASS" start="2025-04-29T11:48:57.138236" elapsed="0.047332"/>
</kw>
<kw name="Wait Until Element Is Visible" owner="SeleniumLibrary">
<arg>${selectors.text_editor.save_success_message}</arg>
<arg>${timeouts.element_visible}</arg>
<doc>Waits until the element ``locator`` is visible.</doc>
<status status="PASS" start="2025-04-29T11:48:57.185801" elapsed="0.019765"/>
</kw>
<kw name="Sleep" owner="BuiltIn">
<msg time="2025-04-29T11:48:59.206474" level="INFO">Slept 2 seconds.</msg>
<arg>2s</arg>
<doc>Pauses the test executed for the given time.</doc>
<status status="PASS" start="2025-04-29T11:48:57.205865" elapsed="2.000871"/>
</kw>
<doc>Saves the document and verifies the download was triggered</doc>
<status status="PASS" start="2025-04-29T11:48:57.119126" elapsed="2.087840"/>
</kw>
<arg>line_breaks.txt</arg>
<arg>${line_break_content}</arg>
<status status="PASS" start="2025-04-29T11:48:56.955310" elapsed="2.251793"/>
</kw>
<kw name="Verify Content Is" owner="text_editor_keywords">
<kw name="Get Editor Content" owner="text_editor_keywords">
<kw name="Get Value" owner="SeleniumLibrary">
<msg time="2025-04-29T11:48:59.242019" level="INFO">${content} = First line
Second line
Third line</msg>
<var>${content}</var>
<arg>${selectors.text_editor.content_textarea}</arg>
<doc>Returns the value attribute of the element identified by ``locator``.</doc>
<status status="PASS" start="2025-04-29T11:48:59.209312" elapsed="0.032767"/>
</kw>
<return>
<value>${content}</value>
<status status="PASS" start="2025-04-29T11:48:59.242174" elapsed="0.000051"/>
</return>
<msg time="2025-04-29T11:48:59.242355" level="INFO">${actual} = First line
Second line
Third line</msg>
<var>${actual}</var>
<status status="PASS" start="2025-04-29T11:48:59.208777" elapsed="0.033602"/>
</kw>
<kw name="Should Be Equal" owner="BuiltIn">
<arg>${actual}</arg>
<arg>${expected}</arg>
<doc>Fails if the given objects are unequal.</doc>
<status status="PASS" start="2025-04-29T11:48:59.242505" elapsed="0.000205"/>
</kw>
<arg>${line_break_content}</arg>
<status status="PASS" start="2025-04-29T11:48:59.207850" elapsed="0.034934"/>
</kw>
<kw name="Close Text Editor Application" owner="text_editor_keywords" type="TEARDOWN">
<kw name="Close Browser" owner="SeleniumLibrary">
<doc>Closes the current browser.</doc>
<status status="PASS" start="2025-04-29T11:48:59.243228" elapsed="0.059235"/>
</kw>
<status status="PASS" start="2025-04-29T11:48:59.243012" elapsed="0.059595"/>
</kw>
<doc>Test saving document with line breaks</doc>
<status status="PASS" start="2025-04-29T11:48:56.117245" elapsed="3.185462"/>
</test>
<test id="s1-t11" name="Save Document With Unicode Characters" line="70">
<kw name="Open Text Editor" owner="text_editor_keywords" type="SETUP">
<kw name="Open Browser" owner="SeleniumLibrary">
<msg time="2025-04-29T11:48:59.304240" level="INFO">Opening browser 'chrome' to base url 'http://localhost:3000'.</msg>
<arg>${app.url}</arg>
<arg>chrome</arg>
<doc>Opens a new browser instance to the optional ``url``.</doc>
<status status="PASS" start="2025-04-29T11:48:59.303662" elapsed="0.725989"/>
</kw>
<kw name="Click Element" owner="SeleniumLibrary">
<msg time="2025-04-29T11:49:00.030673" level="INFO">Clicking element 'xpath=//button[contains(text(), 'Text Editor')]'.</msg>
<arg>${selectors.header.text_editor_button}</arg>
<doc>Click the element identified by ``locator``.</doc>
<status status="PASS" start="2025-04-29T11:49:00.029908" elapsed="0.104777"/>
</kw>
<kw name="Wait Until Page Contains Element" owner="SeleniumLibrary">
<arg>${selectors.text_editor.filename_input}</arg>
<arg>${timeouts.page_load}</arg>
<doc>Waits until the element ``locator`` appears on the current page.</doc>
<status status="PASS" start="2025-04-29T11:49:00.134981" elapsed="0.007949"/>
</kw>
<kw name="Log" owner="BuiltIn">
<msg time="2025-04-29T11:49:00.143280" level="INFO">Opened Text Editor</msg>
<arg>Opened Text Editor</arg>
<doc>Logs the given message with the given level.</doc>
<status status="PASS" start="2025-04-29T11:49:00.143128" elapsed="0.000205"/>
</kw>
<status status="PASS" start="2025-04-29T11:48:59.303384" elapsed="0.840017"/>
</kw>
<kw name="Set Variable" owner="BuiltIn">
<msg time="2025-04-29T11:49:00.143699" level="INFO">${unicode_content} = Unicode characters: éèêëñüß</msg>
<var>${unicode_content}</var>
<arg>Unicode characters: éèêëñüß</arg>
<doc>Returns the given values which can then be assigned to a variables.</doc>
<status status="PASS" start="2025-04-29T11:49:00.143558" elapsed="0.000175"/>
</kw>
<kw name="Create And Save Document" owner="text_editor_keywords">
<kw name="Set File Name" owner="text_editor_keywords">
<kw name="Input Text" owner="SeleniumLibrary">
<msg time="2025-04-29T11:49:00.144795" level="INFO">Typing text 'unicode.txt' into text field 'css=input[type='text']'.</msg>
<arg>${selectors.text_editor.filename_input}</arg>
<arg>${filename}</arg>
<doc>Types the given ``text`` into the text field identified by ``locator``.</doc>
<status status="PASS" start="2025-04-29T11:49:00.144377" elapsed="0.076810"/>
</kw>
<arg>${filename}</arg>
<status status="PASS" start="2025-04-29T11:49:00.144166" elapsed="0.077146"/>
</kw>
<kw name="Set Content" owner="text_editor_keywords">
<kw name="Input Text" owner="SeleniumLibrary">
<msg time="2025-04-29T11:49:00.222332" level="INFO">Typing text 'Unicode characters: éèêëñüß' into text field 'css=textarea'.</msg>
<arg>${selectors.text_editor.content_textarea}</arg>
<arg>${content}</arg>
<doc>Types the given ``text`` into the text field identified by ``locator``.</doc>
<status status="PASS" start="2025-04-29T11:49:00.221829" elapsed="0.076262"/>
</kw>
<arg>${content}</arg>
<status status="PASS" start="2025-04-29T11:49:00.221477" elapsed="0.076764"/>
</kw>
<kw name="Save Document" owner="text_editor_keywords">
<kw name="Get Editor Content" owner="text_editor_keywords">
<kw name="Get Value" owner="SeleniumLibrary">
<msg time="2025-04-29T11:49:00.307325" level="INFO">${content} = Unicode characters: éèêëñüß</msg>
<var>${content}</var>
<arg>${selectors.text_editor.content_textarea}</arg>
<doc>Returns the value attribute of the element identified by ``locator``.</doc>
<status status="PASS" start="2025-04-29T11:49:00.298946" elapsed="0.008456"/>
</kw>
<return>
<value>${content}</value>
<status status="PASS" start="2025-04-29T11:49:00.307537" elapsed="0.000091"/>
</return>
<msg time="2025-04-29T11:49:00.307840" level="INFO">${content} = Unicode characters: éèêëñüß</msg>
<var>${content}</var>
<status status="PASS" start="2025-04-29T11:49:00.298742" elapsed="0.009130"/>
</kw>
<kw name="Get File Name" owner="text_editor_keywords">
<kw name="Get Value" owner="SeleniumLibrary">
<msg time="2025-04-29T11:49:00.316736" level="INFO">${filename} = unicode.txt</msg>
<var>${filename}</var>
<arg>${selectors.text_editor.filename_input}</arg>
<doc>Returns the value attribute of the element identified by ``locator``.</doc>
<status status="PASS" start="2025-04-29T11:49:00.308321" elapsed="0.008463"/>
</kw>
<return>
<value>${filename}</value>
<status status="PASS" start="2025-04-29T11:49:00.316868" elapsed="0.000050"/>
</return>
[...]
<value>${content}</value>
<status status="PASS" start="2025-04-29T11:49:25.618369" elapsed="0.000050"/>
</return>
<msg time="2025-04-29T11:49:25.618548" level="INFO">${content} = name,age,email
John,30,john@example.com</msg>
<var>${content}</var>
<status status="PASS" start="2025-04-29T11:49:25.609635" elapsed="0.008936"/>
</kw>
<kw name="Get File Name" owner="text_editor_keywords">
<kw name="Get Value" owner="SeleniumLibrary">
<msg time="2025-04-29T11:49:25.628493" level="INFO">${filename} = data.csv</msg>
<var>${filename}</var>
<arg>${selectors.text_editor.filename_input}</arg>
<doc>Returns the value attribute of the element identified by ``locator``.</doc>
<status status="PASS" start="2025-04-29T11:49:25.618967" elapsed="0.009584"/>
</kw>
<return>
<value>${filename}</value>
<status status="PASS" start="2025-04-29T11:49:25.628648" elapsed="0.000062"/>
</return>
<msg time="2025-04-29T11:49:25.628875" level="INFO">${filename} = data.csv</msg>
<var>${filename}</var>
<status status="PASS" start="2025-04-29T11:49:25.618735" elapsed="0.010165"/>
</kw>
<kw name="Click Button" owner="SeleniumLibrary">
<msg time="2025-04-29T11:49:25.629625" level="INFO">Clicking button 'xpath=//button[contains(., 'Save')]'.</msg>
<arg>${selectors.text_editor.save_button}</arg>
<doc>Clicks the button identified by ``locator``.</doc>
<status status="PASS" start="2025-04-29T11:49:25.629040" elapsed="0.049706"/>
</kw>
<kw name="Wait Until Element Is Visible" owner="SeleniumLibrary">
<arg>${selectors.text_editor.save_success_message}</arg>
<arg>${timeouts.element_visible}</arg>
<doc>Waits until the element ``locator`` is visible.</doc>
<status status="PASS" start="2025-04-29T11:49:25.679027" elapsed="0.020569"/>
</kw>
<kw name="Sleep" owner="BuiltIn">
<msg time="2025-04-29T11:49:27.700402" level="INFO">Slept 2 seconds.</msg>
<arg>2s</arg>
<doc>Pauses the test executed for the given time.</doc>
<status status="PASS" start="2025-04-29T11:49:25.699823" elapsed="2.000818"/>
</kw>
<doc>Saves the document and verifies the download was triggered</doc>
<status status="PASS" start="2025-04-29T11:49:25.609354" elapsed="2.091527"/>
</kw>
<arg>data.csv</arg>
<arg>${csv_content}</arg>
<status status="PASS" start="2025-04-29T11:49:25.434963" elapsed="2.266050"/>
</kw>
<kw name="Verify Content Is" owner="text_editor_keywords">
<kw name="Get Editor Content" owner="text_editor_keywords">
<kw name="Get Value" owner="SeleniumLibrary">
<msg time="2025-04-29T11:49:27.720966" level="INFO">${content} = name,age,email
John,30,john@example.com</msg>
<var>${content}</var>
<arg>${selectors.text_editor.content_textarea}</arg>
<doc>Returns the value attribute of the element identified by ``locator``.</doc>
<status status="PASS" start="2025-04-29T11:49:27.702739" elapsed="0.018273"/>
</kw>
<return>
<value>${content}</value>
<status status="PASS" start="2025-04-29T11:49:27.721094" elapsed="0.000051"/>
</return>
<msg time="2025-04-29T11:49:27.721277" level="INFO">${actual} = name,age,email
John,30,john@example.com</msg>
<var>${actual}</var>
<status status="PASS" start="2025-04-29T11:49:27.702243" elapsed="0.019057"/>
</kw>
<kw name="Should Be Equal" owner="BuiltIn">
<arg>${actual}</arg>
<arg>${expected}</arg>
<doc>Fails if the given objects are unequal.</doc>
<status status="PASS" start="2025-04-29T11:49:27.721422" elapsed="0.000202"/>
</kw>
<arg>${csv_content}</arg>
<status status="PASS" start="2025-04-29T11:49:27.701474" elapsed="0.020210"/>
</kw>
<kw name="Close Text Editor Application" owner="text_editor_keywords" type="TEARDOWN">
<kw name="Close Browser" owner="SeleniumLibrary">
<doc>Closes the current browser.</doc>
<status status="PASS" start="2025-04-29T11:49:27.722131" elapsed="0.056443"/>
</kw>
<status status="PASS" start="2025-04-29T11:49:27.721917" elapsed="0.056778"/>
</kw>
<doc>Test saving document with CSV content</doc>
<status status="PASS" start="2025-04-29T11:49:24.595651" elapsed="3.183137"/>
</test>
<test id="s1-t20" name="Save Document With Multiple Saves" line="128">
<kw name="Open Text Editor" owner="text_editor_keywords" type="SETUP">
<kw name="Open Browser" owner="SeleniumLibrary">
<msg time="2025-04-29T11:49:27.780066" level="INFO">Opening browser 'chrome' to base url 'http://localhost:3000'.</msg>
<arg>${app.url}</arg>
<arg>chrome</arg>
<doc>Opens a new browser instance to the optional ``url``.</doc>
<status status="PASS" start="2025-04-29T11:49:27.779604" elapsed="0.725325"/>
</kw>
<kw name="Click Element" owner="SeleniumLibrary">
<msg time="2025-04-29T11:49:28.505616" level="INFO">Clicking element 'xpath=//button[contains(text(), 'Text Editor')]'.</msg>
<arg>${selectors.header.text_editor_button}</arg>
<doc>Click the element identified by ``locator``.</doc>
<status status="PASS" start="2025-04-29T11:49:28.505123" elapsed="0.102644"/>
</kw>
<kw name="Wait Until Page Contains Element" owner="SeleniumLibrary">
<arg>${selectors.text_editor.filename_input}</arg>
<arg>${timeouts.page_load}</arg>
<doc>Waits until the element ``locator`` appears on the current page.</doc>
<status status="PASS" start="2025-04-29T11:49:28.607989" elapsed="0.008566"/>
</kw>
<kw name="Log" owner="BuiltIn">
<msg time="2025-04-29T11:49:28.616924" level="INFO">Opened Text Editor</msg>
<arg>Opened Text Editor</arg>
<doc>Logs the given message with the given level.</doc>
<status status="PASS" start="2025-04-29T11:49:28.616752" elapsed="0.000224"/>
</kw>
<status status="PASS" start="2025-04-29T11:49:27.779358" elapsed="0.837688"/>
</kw>
<kw name="Create And Save Document" owner="text_editor_keywords">
<kw name="Set File Name" owner="text_editor_keywords">
<kw name="Input Text" owner="SeleniumLibrary">
<msg time="2025-04-29T11:49:28.618115" level="INFO">Typing text 'multiple_saves.txt' into text field 'css=input[type='text']'.</msg>
<arg>${selectors.text_editor.filename_input}</arg>
<arg>${filename}</arg>
<doc>Types the given ``text`` into the text field identified by ``locator``.</doc>
<status status="PASS" start="2025-04-29T11:49:28.617726" elapsed="0.080535"/>
</kw>
<arg>${filename}</arg>
<status status="PASS" start="2025-04-29T11:49:28.617503" elapsed="0.080915"/>
</kw>
<kw name="Set Content" owner="text_editor_keywords">
<kw name="Input Text" owner="SeleniumLibrary">
<msg time="2025-04-29T11:49:28.699487" level="INFO">Typing text 'First save' into text field 'css=textarea'.</msg>
<arg>${selectors.text_editor.content_textarea}</arg>
<arg>${content}</arg>
<doc>Types the given ``text`` into the text field identified by ``locator``.</doc>
<status status="PASS" start="2025-04-29T11:49:28.698978" elapsed="0.054656"/>
</kw>
<arg>${content}</arg>
<status status="PASS" start="2025-04-29T11:49:28.698612" elapsed="0.055161"/>
</kw>
<kw name="Save Document" owner="text_editor_keywords">
<kw name="Get Editor Content" owner="text_editor_keywords">
<kw name="Get Value" owner="SeleniumLibrary">
<msg time="2025-04-29T11:49:28.763950" level="INFO">${content} = First save</msg>
<var>${content}</var>
<arg>${selectors.text_editor.content_textarea}</arg>
<doc>Returns the value attribute of the element identified by ``locator``.</doc>
<status status="PASS" start="2025-04-29T11:49:28.754496" elapsed="0.009588"/>
</kw>
<return>
<value>${content}</value>
<status status="PASS" start="2025-04-29T11:49:28.764209" elapsed="0.000065"/>
</return>
<msg time="2025-04-29T11:49:28.764430" level="INFO">${content} = First save</msg>
<var>${content}</var>
<status status="PASS" start="2025-04-29T11:49:28.754303" elapsed="0.010151"/>
</kw>
<kw name="Get File Name" owner="text_editor_keywords">
<kw name="Get Value" owner="SeleniumLibrary">
<msg time="2025-04-29T11:49:28.772113" level="INFO">${filename} = multiple_saves.txt</msg>
<var>${filename}</var>
<arg>${selectors.text_editor.filename_input}</arg>
<doc>Returns the value attribute of the element identified by ``locator``.</doc>
<status status="PASS" start="2025-04-29T11:49:28.764899" elapsed="0.007271"/>
</kw>
<return>
<value>${filename}</value>
<status status="PASS" start="2025-04-29T11:49:28.772301" elapsed="0.000077"/>
</return>
<msg time="2025-04-29T11:49:28.772608" level="INFO">${filename} = multiple_saves.txt</msg>
<var>${filename}</var>
<status status="PASS" start="2025-04-29T11:49:28.764628" elapsed="0.008026"/>
</kw>
<kw name="Click Button" owner="SeleniumLibrary">
<msg time="2025-04-29T11:49:28.773597" level="INFO">Clicking button 'xpath=//button[contains(., 'Save')]'.</msg>
<arg>${selectors.text_editor.save_button}</arg>
<doc>Clicks the button identified by ``locator``.</doc>
<status status="PASS" start="2025-04-29T11:49:28.772863" elapsed="0.056590"/>
</kw>
<kw name="Wait Until Element Is Visible" owner="SeleniumLibrary">
<arg>${selectors.text_editor.save_success_message}</arg>
<arg>${timeouts.element_visible}</arg>
<doc>Waits until the element ``locator`` is visible.</doc>
<status status="PASS" start="2025-04-29T11:49:28.829782" elapsed="0.024067"/>
</kw>
<kw name="Sleep" owner="BuiltIn">
<msg time="2025-04-29T11:49:30.854522" level="INFO">Slept 2 seconds.</msg>
<arg>2s</arg>
<doc>Pauses the test executed for the given time.</doc>
<status status="PASS" start="2025-04-29T11:49:28.854037" elapsed="2.000755"/>
</kw>
<doc>Saves the document and verifies the download was triggered</doc>
<status status="PASS" start="2025-04-29T11:49:28.754017" elapsed="2.100996"/>
</kw>
<arg>multiple_saves.txt</arg>
<arg>First save</arg>
<status status="PASS" start="2025-04-29T11:49:28.617243" elapsed="2.237904"/>
</kw>
<kw name="Verify Content Is" owner="text_editor_keywords">
<kw name="Get Editor Content" owner="text_editor_keywords">
<kw name="Get Value" owner="SeleniumLibrary">
<msg time="2025-04-29T11:49:30.878051" level="INFO">${content} = First save</msg>
<var>${content}</var>
<arg>${selectors.text_editor.content_textarea}</arg>
<doc>Returns the value attribute of the element identified by ``locator``.</doc>
<status status="PASS" start="2025-04-29T11:49:30.856807" elapsed="0.021321"/>
</kw>
<return>
<value>${content}</value>
<status status="PASS" start="2025-04-29T11:49:30.878261" elapsed="0.000080"/>
</return>
<msg time="2025-04-29T11:49:30.878517" level="INFO">${actual} = First save</msg>
<var>${actual}</var>
<status status="PASS" start="2025-04-29T11:49:30.856307" elapsed="0.022233"/>
</kw>
<kw name="Should Be Equal" owner="BuiltIn">
<arg>${actual}</arg>
<arg>${expected}</arg>
<doc>Fails if the given objects are unequal.</doc>
<status status="PASS" start="2025-04-29T11:49:30.878667" elapsed="0.000219"/>
</kw>
<arg>First save</arg>
<status status="PASS" start="2025-04-29T11:49:30.855607" elapsed="0.023343"/>
</kw>
<kw name="Set Content" owner="text_editor_keywords">
<kw name="Input Text" owner="SeleniumLibrary">
<msg time="2025-04-29T11:49:30.879731" level="INFO">Typing text 'Second save' into text field 'css=textarea'.</msg>
<arg>${selectors.text_editor.content_textarea}</arg>
<arg>${content}</arg>
<doc>Types the given ``text`` into the text field identified by ``locator``.</doc>
<status status="PASS" start="2025-04-29T11:49:30.879333" elapsed="0.050216"/>
</kw>
<arg>Second save</arg>
<status status="PASS" start="2025-04-29T11:49:30.879113" elapsed="0.050561"/>
</kw>
<kw name="Save Document" owner="text_editor_keywords">
<kw name="Get Editor Content" owner="text_editor_keywords">
<kw name="Get Value" owner="SeleniumLibrary">
<msg time="2025-04-29T11:49:30.937488" level="INFO">${content} = Second save</msg>
<var>${content}</var>
<arg>${selectors.text_editor.content_textarea}</arg>
<doc>Returns the value attribute of the element identified by ``locator``.</doc>
<status status="PASS" start="2025-04-29T11:49:30.930384" elapsed="0.007151"/>
</kw>
<return>
<value>${content}</value>
<status status="PASS" start="2025-04-29T11:49:30.937616" elapsed="0.000048"/>
</return>
<msg time="2025-04-29T11:49:30.937814" level="INFO">${content} = Second save</msg>
<var>${content}</var>
<status status="PASS" start="2025-04-29T11:49:30.930198" elapsed="0.007641"/>
</kw>
<kw name="Get File Name" owner="text_editor_keywords">
<kw name="Get Value" owner="SeleniumLibrary">
<msg time="2025-04-29T11:49:30.945169" level="INFO">${filename} = multiple_saves.txt</msg>
<var>${filename}</var>
<arg>${selectors.text_editor.filename_input}</arg>
<doc>Returns the value attribute of the element identified by ``locator``.</doc>
<status status="PASS" start="2025-04-29T11:49:30.938237" elapsed="0.006979"/>
</kw>
<return>
<value>${filename}</value>
<status status="PASS" start="2025-04-29T11:49:30.945297" elapsed="0.000049"/>
</return>
<msg time="2025-04-29T11:49:30.945473" level="INFO">${filename} = multiple_saves.txt</msg>
<var>${filename}</var>
<status status="PASS" start="2025-04-29T11:49:30.938003" elapsed="0.007494"/>
</kw>
<kw name="Click Button" owner="SeleniumLibrary">
<msg time="2025-04-29T11:49:30.946038" level="INFO">Clicking button 'xpath=//button[contains(., 'Save')]'.</msg>
<arg>${selectors.text_editor.save_button}</arg>
<doc>Clicks the button identified by ``locator``.</doc>
<status status="PASS" start="2025-04-29T11:49:30.945618" elapsed="0.042674"/>
</kw>
<kw name="Wait Until Element Is Visible" owner="SeleniumLibrary">
<arg>${selectors.text_editor.save_success_message}</arg>
<arg>${timeouts.element_visible}</arg>
<doc>Waits until the element ``locator`` is visible.</doc>
<status status="PASS" start="2025-04-29T11:49:30.988539" elapsed="0.010592"/>
</kw>
<kw name="Sleep" owner="BuiltIn">
<msg time="2025-04-29T11:49:32.999734" level="INFO">Slept 2 seconds.</msg>
<arg>2s</arg>
<doc>Pauses the test executed for the given time.</doc>
<status status="PASS" start="2025-04-29T11:49:30.999359" elapsed="2.000622"/>
</kw>
<doc>Saves the document and verifies the download was triggered</doc>
<status status="PASS" start="2025-04-29T11:49:30.929921" elapsed="2.070268"/>
</kw>
<kw name="Verify Content Is" owner="text_editor_keywords">
<kw name="Get Editor Content" owner="text_editor_keywords">
<kw name="Get Value" owner="SeleniumLibrary">
<msg time="2025-04-29T11:49:33.021386" level="INFO">${content} = Second save</msg>
<var>${content}</var>
<arg>${selectors.text_editor.content_textarea}</arg>
<doc>Returns the value attribute of the element identified by ``locator``.</doc>
<status status="PASS" start="2025-04-29T11:49:33.001949" elapsed="0.019535"/>
</kw>
<return>
<value>${content}</value>
<status status="PASS" start="2025-04-29T11:49:33.021657" elapsed="0.000121"/>
</return>
<msg time="2025-04-29T11:49:33.022090" level="INFO">${actual} = Second save</msg>
<var>${actual}</var>
<status status="PASS" start="2025-04-29T11:49:33.001433" elapsed="0.020717"/>
</kw>
<kw name="Should Be Equal" owner="BuiltIn">
<arg>${actual}</arg>
<arg>${expected}</arg>
<doc>Fails if the given objects are unequal.</doc>
<status status="PASS" start="2025-04-29T11:49:33.022427" elapsed="0.000493"/>
</kw>
<arg>Second save</arg>
<status status="PASS" start="2025-04-29T11:49:33.000671" elapsed="0.022466"/>
</kw>
<kw name="Set Content" owner="text_editor_keywords">
<kw name="Input Text" owner="SeleniumLibrary">
<msg time="2025-04-29T11:49:33.025816" level="INFO">Typing text 'Third save' into text field 'css=textarea'.</msg>
<arg>${selectors.text_editor.content_textarea}</arg>
<arg>${content}</arg>
<doc>Types the given ``text`` into the text field identified by ``locator``.</doc>
<status status="PASS" start="2025-04-29T11:49:33.024672" elapsed="0.056517"/>
</kw>
<arg>Third save</arg>
<status status="PASS" start="2025-04-29T11:49:33.023568" elapsed="0.057747"/>
</kw>
<kw name="Save Document" owner="text_editor_keywords">
<kw name="Get Editor Content" owner="text_editor_keywords">
<kw name="Get Value" owner="SeleniumLibrary">
<msg time="2025-04-29T11:49:33.090035" level="INFO">${content} = Third save</msg>
<var>${content}</var>
<arg>${selectors.text_editor.content_textarea}</arg>
<doc>Returns the value attribute of the element identified by ``locator``.</doc>
<status status="PASS" start="2025-04-29T11:49:33.082250" elapsed="0.007838"/>
</kw>
<return>
<value>${content}</value>
<status status="PASS" start="2025-04-29T11:49:33.090180" elapsed="0.000056"/>
</return>
<msg time="2025-04-29T11:49:33.090381" level="INFO">${content} = Third save</msg>
<var>${content}</var>
<status status="PASS" start="2025-04-29T11:49:33.082011" elapsed="0.008393"/>
</kw>
<kw name="Get File Name" owner="text_editor_keywords">
<kw name="Get Value" owner="SeleniumLibrary">
<msg time="2025-04-29T11:49:33.101278" level="INFO">${filename} = multiple_saves.txt</msg>
<var>${filename}</var>
<arg>${selectors.text_editor.filename_input}</arg>
<doc>Returns the value attribute of the element identified by ``locator``.</doc>
<status status="PASS" start="2025-04-29T11:49:33.090951" elapsed="0.010403"/>
</kw>
<return>
<value>${filename}</value>
<status status="PASS" start="2025-04-29T11:49:33.101483" elapsed="0.000083"/>
</return>
<msg time="2025-04-29T11:49:33.101801" level="INFO">${filename} = multiple_saves.txt</msg>
<var>${filename}</var>
<status status="PASS" start="2025-04-29T11:49:33.090637" elapsed="0.011205"/>
</kw>
<kw name="Click Button" owner="SeleniumLibrary">
<msg time="2025-04-29T11:49:33.102700" level="INFO">Clicking button 'xpath=//button[contains(., 'Save')]'.</msg>
<arg>${selectors.text_editor.save_button}</arg>
<doc>Clicks the button identified by ``locator``.</doc>
<status status="PASS" start="2025-04-29T11:49:33.102060" elapsed="0.042287"/>
</kw>
<kw name="Wait Until Element Is Visible" owner="SeleniumLibrary">
<arg>${selectors.text_editor.save_success_message}</arg>
<arg>${timeouts.element_visible}</arg>
<doc>Waits until the element ``locator`` is visible.</doc>
<status status="PASS" start="2025-04-29T11:49:33.144689" elapsed="0.014199"/>
</kw>
<kw name="Sleep" owner="BuiltIn">
<msg time="2025-04-29T11:49:35.159620" level="INFO">Slept 2 seconds.</msg>
<arg>2s</arg>
<doc>Pauses the test executed for the given time.</doc>
<status status="PASS" start="2025-04-29T11:49:33.159177" elapsed="2.000704"/>
</kw>
<doc>Saves the document and verifies the download was triggered</doc>
<status status="PASS" start="2025-04-29T11:49:33.081628" elapsed="2.078480"/>
</kw>
<kw name="Verify Content Is" owner="text_editor_keywords">
<kw name="Get Editor Content" owner="text_editor_keywords">
<kw name="Get Value" owner="SeleniumLibrary">
<msg time="2025-04-29T11:49:35.179034" level="INFO">${content} = Third save</msg>
<var>${content}</var>
<arg>${selectors.text_editor.content_textarea}</arg>
<doc>Returns the value attribute of the element identified by ``locator``.</doc>
<status status="PASS" start="2025-04-29T11:49:35.161875" elapsed="0.017209"/>
</kw>
<return>
<value>${content}</value>
<status status="PASS" start="2025-04-29T11:49:35.179172" elapsed="0.000054"/>
</return>
<msg time="2025-04-29T11:49:35.179366" level="INFO">${actual} = Third save</msg>
<var>${actual}</var>
<status status="PASS" start="2025-04-29T11:49:35.161365" elapsed="0.018024"/>
</kw>
<kw name="Should Be Equal" owner="BuiltIn">
<arg>${actual}</arg>
<arg>${expected}</arg>
<doc>Fails if the given objects are unequal.</doc>
<status status="PASS" start="2025-04-29T11:49:35.179521" elapsed="0.000229"/>
</kw>
<arg>Third save</arg>
<status status="PASS" start="2025-04-29T11:49:35.160598" elapsed="0.019217"/>
</kw>
<kw name="Close Text Editor Application" owner="text_editor_keywords" type="TEARDOWN">
<kw name="Close Browser" owner="SeleniumLibrary">
<doc>Closes the current browser.</doc>
<status status="PASS" start="2025-04-29T11:49:35.180291" elapsed="0.056034"/>
</kw>
<status status="PASS" start="2025-04-29T11:49:35.180071" elapsed="0.056375"/>
</kw>
<doc>Test saving document multiple times</doc>
<status status="PASS" start="2025-04-29T11:49:27.779014" elapsed="7.457531"/>
</test>
<status status="PASS" start="2025-04-29T11:48:29.241595" elapsed="65.995407"/>
</suite>
<statistics>
<total>
<stat pass="20" fail="0" skip="0">All Tests</stat>
</total>
<tag>
</tag>
<suite>
<stat name="Text Editor Tests" id="s1" pass="20" fail="0" skip="0">Text Editor Tests</stat>
</suite>
</statistics>
<errors>
</errors>
</robot>
